[2023-12-20T22:38:29.413+0000] {processor.py:161} INFO - Started process (PID=67) to work on /home/airflow/.local/lib/python3.8/site-packages/airflow/example_dags/example_subdag_operator.py
[2023-12-20T22:38:29.417+0000] {processor.py:830} INFO - Processing file /home/airflow/.local/lib/python3.8/site-packages/airflow/example_dags/example_subdag_operator.py for tasks to queue
[2023-12-20T22:38:29.423+0000] {logging_mixin.py:188} INFO - [2023-12-20T22:38:29.422+0000] {dagbag.py:538} INFO - Filling up the DagBag from /home/airflow/.local/lib/python3.8/site-packages/airflow/example_dags/example_subdag_operator.py
[2023-12-20T22:38:29.478+0000] {processor.py:840} INFO - DAG(s) 'example_subdag_operator.section-1', 'example_subdag_operator.section-2', 'example_subdag_operator' retrieved from /home/airflow/.local/lib/python3.8/site-packages/airflow/example_dags/example_subdag_operator.py
[2023-12-20T22:38:29.609+0000] {logging_mixin.py:188} INFO - [2023-12-20T22:38:29.608+0000] {dag.py:3033} INFO - Sync 3 DAGs
[2023-12-20T22:38:29.630+0000] {logging_mixin.py:188} INFO - [2023-12-20T22:38:29.630+0000] {dag.py:3820} INFO - Setting next_dagrun for example_subdag_operator to 2022-01-01T00:00:00+00:00, run_after=2022-01-01T00:00:00+00:00
[2023-12-20T22:38:29.634+0000] {logging_mixin.py:188} INFO - [2023-12-20T22:38:29.633+0000] {dag.py:3820} INFO - Setting next_dagrun for example_subdag_operator.section-1 to None, run_after=None
[2023-12-20T22:38:29.635+0000] {logging_mixin.py:188} INFO - [2023-12-20T22:38:29.635+0000] {dag.py:3820} INFO - Setting next_dagrun for example_subdag_operator.section-2 to None, run_after=None
[2023-12-20T22:38:29.645+0000] {logging_mixin.py:188} INFO - [2023-12-20T22:38:29.645+0000] {dag.py:3033} INFO - Sync 2 DAGs
[2023-12-20T22:38:29.650+0000] {logging_mixin.py:188} INFO - [2023-12-20T22:38:29.650+0000] {dag.py:3820} INFO - Setting next_dagrun for example_subdag_operator.section-1 to None, run_after=None
[2023-12-20T22:38:29.651+0000] {logging_mixin.py:188} INFO - [2023-12-20T22:38:29.651+0000] {dag.py:3820} INFO - Setting next_dagrun for example_subdag_operator.section-2 to None, run_after=None
[2023-12-20T22:38:29.662+0000] {processor.py:183} INFO - Processing /home/airflow/.local/lib/python3.8/site-packages/airflow/example_dags/example_subdag_operator.py took 0.264 seconds
[2023-12-20T22:39:00.030+0000] {processor.py:161} INFO - Started process (PID=122) to work on /home/airflow/.local/lib/python3.8/site-packages/airflow/example_dags/example_subdag_operator.py
[2023-12-20T22:39:00.031+0000] {processor.py:830} INFO - Processing file /home/airflow/.local/lib/python3.8/site-packages/airflow/example_dags/example_subdag_operator.py for tasks to queue
[2023-12-20T22:39:00.034+0000] {logging_mixin.py:188} INFO - [2023-12-20T22:39:00.033+0000] {dagbag.py:538} INFO - Filling up the DagBag from /home/airflow/.local/lib/python3.8/site-packages/airflow/example_dags/example_subdag_operator.py
[2023-12-20T22:39:00.062+0000] {processor.py:840} INFO - DAG(s) 'example_subdag_operator.section-1', 'example_subdag_operator.section-2', 'example_subdag_operator' retrieved from /home/airflow/.local/lib/python3.8/site-packages/airflow/example_dags/example_subdag_operator.py
[2023-12-20T22:39:00.076+0000] {logging_mixin.py:188} INFO - [2023-12-20T22:39:00.076+0000] {dag.py:3033} INFO - Sync 3 DAGs
[2023-12-20T22:39:00.094+0000] {logging_mixin.py:188} INFO - [2023-12-20T22:39:00.094+0000] {dag.py:3820} INFO - Setting next_dagrun for example_subdag_operator to 2022-01-01T00:00:00+00:00, run_after=2022-01-01T00:00:00+00:00
[2023-12-20T22:39:00.097+0000] {logging_mixin.py:188} INFO - [2023-12-20T22:39:00.097+0000] {dag.py:3820} INFO - Setting next_dagrun for example_subdag_operator.section-1 to None, run_after=None
[2023-12-20T22:39:00.099+0000] {logging_mixin.py:188} INFO - [2023-12-20T22:39:00.099+0000] {dag.py:3820} INFO - Setting next_dagrun for example_subdag_operator.section-2 to None, run_after=None
[2023-12-20T22:39:00.105+0000] {logging_mixin.py:188} INFO - [2023-12-20T22:39:00.105+0000] {dag.py:3033} INFO - Sync 2 DAGs
[2023-12-20T22:39:00.109+0000] {logging_mixin.py:188} INFO - [2023-12-20T22:39:00.109+0000] {dag.py:3820} INFO - Setting next_dagrun for example_subdag_operator.section-1 to None, run_after=None
[2023-12-20T22:39:00.110+0000] {logging_mixin.py:188} INFO - [2023-12-20T22:39:00.110+0000] {dag.py:3820} INFO - Setting next_dagrun for example_subdag_operator.section-2 to None, run_after=None
[2023-12-20T22:39:00.117+0000] {processor.py:183} INFO - Processing /home/airflow/.local/lib/python3.8/site-packages/airflow/example_dags/example_subdag_operator.py took 0.092 seconds
[2023-12-20T22:39:30.528+0000] {processor.py:161} INFO - Started process (PID=177) to work on /home/airflow/.local/lib/python3.8/site-packages/airflow/example_dags/example_subdag_operator.py
[2023-12-20T22:39:30.529+0000] {processor.py:830} INFO - Processing file /home/airflow/.local/lib/python3.8/site-packages/airflow/example_dags/example_subdag_operator.py for tasks to queue
[2023-12-20T22:39:30.532+0000] {logging_mixin.py:188} INFO - [2023-12-20T22:39:30.531+0000] {dagbag.py:538} INFO - Filling up the DagBag from /home/airflow/.local/lib/python3.8/site-packages/airflow/example_dags/example_subdag_operator.py
[2023-12-20T22:39:30.556+0000] {processor.py:840} INFO - DAG(s) 'example_subdag_operator.section-1', 'example_subdag_operator.section-2', 'example_subdag_operator' retrieved from /home/airflow/.local/lib/python3.8/site-packages/airflow/example_dags/example_subdag_operator.py
[2023-12-20T22:39:30.570+0000] {logging_mixin.py:188} INFO - [2023-12-20T22:39:30.570+0000] {dag.py:3033} INFO - Sync 3 DAGs
[2023-12-20T22:39:30.589+0000] {logging_mixin.py:188} INFO - [2023-12-20T22:39:30.589+0000] {dag.py:3820} INFO - Setting next_dagrun for example_subdag_operator to 2022-01-01T00:00:00+00:00, run_after=2022-01-01T00:00:00+00:00
[2023-12-20T22:39:30.593+0000] {logging_mixin.py:188} INFO - [2023-12-20T22:39:30.592+0000] {dag.py:3820} INFO - Setting next_dagrun for example_subdag_operator.section-1 to None, run_after=None
[2023-12-20T22:39:30.594+0000] {logging_mixin.py:188} INFO - [2023-12-20T22:39:30.594+0000] {dag.py:3820} INFO - Setting next_dagrun for example_subdag_operator.section-2 to None, run_after=None
[2023-12-20T22:39:30.600+0000] {logging_mixin.py:188} INFO - [2023-12-20T22:39:30.600+0000] {dag.py:3033} INFO - Sync 2 DAGs
[2023-12-20T22:39:30.605+0000] {logging_mixin.py:188} INFO - [2023-12-20T22:39:30.605+0000] {dag.py:3820} INFO - Setting next_dagrun for example_subdag_operator.section-1 to None, run_after=None
[2023-12-20T22:39:30.606+0000] {logging_mixin.py:188} INFO - [2023-12-20T22:39:30.606+0000] {dag.py:3820} INFO - Setting next_dagrun for example_subdag_operator.section-2 to None, run_after=None
[2023-12-20T22:39:30.615+0000] {processor.py:183} INFO - Processing /home/airflow/.local/lib/python3.8/site-packages/airflow/example_dags/example_subdag_operator.py took 0.091 seconds
[2023-12-20T22:40:00.984+0000] {processor.py:161} INFO - Started process (PID=233) to work on /home/airflow/.local/lib/python3.8/site-packages/airflow/example_dags/example_subdag_operator.py
[2023-12-20T22:40:00.985+0000] {processor.py:830} INFO - Processing file /home/airflow/.local/lib/python3.8/site-packages/airflow/example_dags/example_subdag_operator.py for tasks to queue
[2023-12-20T22:40:00.988+0000] {logging_mixin.py:188} INFO - [2023-12-20T22:40:00.988+0000] {dagbag.py:538} INFO - Filling up the DagBag from /home/airflow/.local/lib/python3.8/site-packages/airflow/example_dags/example_subdag_operator.py
[2023-12-20T22:40:01.016+0000] {processor.py:840} INFO - DAG(s) 'example_subdag_operator.section-1', 'example_subdag_operator.section-2', 'example_subdag_operator' retrieved from /home/airflow/.local/lib/python3.8/site-packages/airflow/example_dags/example_subdag_operator.py
[2023-12-20T22:40:01.032+0000] {logging_mixin.py:188} INFO - [2023-12-20T22:40:01.032+0000] {dag.py:3033} INFO - Sync 3 DAGs
[2023-12-20T22:40:01.050+0000] {logging_mixin.py:188} INFO - [2023-12-20T22:40:01.050+0000] {dag.py:3820} INFO - Setting next_dagrun for example_subdag_operator to 2022-01-01T00:00:00+00:00, run_after=2022-01-01T00:00:00+00:00
[2023-12-20T22:40:01.054+0000] {logging_mixin.py:188} INFO - [2023-12-20T22:40:01.054+0000] {dag.py:3820} INFO - Setting next_dagrun for example_subdag_operator.section-1 to None, run_after=None
[2023-12-20T22:40:01.056+0000] {logging_mixin.py:188} INFO - [2023-12-20T22:40:01.056+0000] {dag.py:3820} INFO - Setting next_dagrun for example_subdag_operator.section-2 to None, run_after=None
[2023-12-20T22:40:01.061+0000] {logging_mixin.py:188} INFO - [2023-12-20T22:40:01.061+0000] {dag.py:3033} INFO - Sync 2 DAGs
[2023-12-20T22:40:01.065+0000] {logging_mixin.py:188} INFO - [2023-12-20T22:40:01.065+0000] {dag.py:3820} INFO - Setting next_dagrun for example_subdag_operator.section-1 to None, run_after=None
[2023-12-20T22:40:01.066+0000] {logging_mixin.py:188} INFO - [2023-12-20T22:40:01.066+0000] {dag.py:3820} INFO - Setting next_dagrun for example_subdag_operator.section-2 to None, run_after=None
[2023-12-20T22:40:01.075+0000] {processor.py:183} INFO - Processing /home/airflow/.local/lib/python3.8/site-packages/airflow/example_dags/example_subdag_operator.py took 0.095 seconds
[2023-12-20T22:40:31.474+0000] {processor.py:161} INFO - Started process (PID=288) to work on /home/airflow/.local/lib/python3.8/site-packages/airflow/example_dags/example_subdag_operator.py
[2023-12-20T22:40:31.476+0000] {processor.py:830} INFO - Processing file /home/airflow/.local/lib/python3.8/site-packages/airflow/example_dags/example_subdag_operator.py for tasks to queue
[2023-12-20T22:40:31.479+0000] {logging_mixin.py:188} INFO - [2023-12-20T22:40:31.479+0000] {dagbag.py:538} INFO - Filling up the DagBag from /home/airflow/.local/lib/python3.8/site-packages/airflow/example_dags/example_subdag_operator.py
[2023-12-20T22:40:31.507+0000] {processor.py:840} INFO - DAG(s) 'example_subdag_operator.section-1', 'example_subdag_operator.section-2', 'example_subdag_operator' retrieved from /home/airflow/.local/lib/python3.8/site-packages/airflow/example_dags/example_subdag_operator.py
[2023-12-20T22:40:31.523+0000] {logging_mixin.py:188} INFO - [2023-12-20T22:40:31.523+0000] {dag.py:3033} INFO - Sync 3 DAGs
[2023-12-20T22:40:31.542+0000] {logging_mixin.py:188} INFO - [2023-12-20T22:40:31.541+0000] {dag.py:3820} INFO - Setting next_dagrun for example_subdag_operator to 2022-01-01T00:00:00+00:00, run_after=2022-01-01T00:00:00+00:00
[2023-12-20T22:40:31.545+0000] {logging_mixin.py:188} INFO - [2023-12-20T22:40:31.545+0000] {dag.py:3820} INFO - Setting next_dagrun for example_subdag_operator.section-1 to None, run_after=None
[2023-12-20T22:40:31.547+0000] {logging_mixin.py:188} INFO - [2023-12-20T22:40:31.547+0000] {dag.py:3820} INFO - Setting next_dagrun for example_subdag_operator.section-2 to None, run_after=None
[2023-12-20T22:40:31.554+0000] {logging_mixin.py:188} INFO - [2023-12-20T22:40:31.554+0000] {dag.py:3033} INFO - Sync 2 DAGs
[2023-12-20T22:40:31.568+0000] {logging_mixin.py:188} INFO - [2023-12-20T22:40:31.568+0000] {dag.py:3820} INFO - Setting next_dagrun for example_subdag_operator.section-1 to None, run_after=None
[2023-12-20T22:40:31.569+0000] {logging_mixin.py:188} INFO - [2023-12-20T22:40:31.569+0000] {dag.py:3820} INFO - Setting next_dagrun for example_subdag_operator.section-2 to None, run_after=None
[2023-12-20T22:40:31.578+0000] {processor.py:183} INFO - Processing /home/airflow/.local/lib/python3.8/site-packages/airflow/example_dags/example_subdag_operator.py took 0.108 seconds
[2023-12-20T22:41:01.626+0000] {processor.py:161} INFO - Started process (PID=343) to work on /home/airflow/.local/lib/python3.8/site-packages/airflow/example_dags/example_subdag_operator.py
[2023-12-20T22:41:01.628+0000] {processor.py:830} INFO - Processing file /home/airflow/.local/lib/python3.8/site-packages/airflow/example_dags/example_subdag_operator.py for tasks to queue
[2023-12-20T22:41:01.631+0000] {logging_mixin.py:188} INFO - [2023-12-20T22:41:01.631+0000] {dagbag.py:538} INFO - Filling up the DagBag from /home/airflow/.local/lib/python3.8/site-packages/airflow/example_dags/example_subdag_operator.py
[2023-12-20T22:41:01.660+0000] {processor.py:840} INFO - DAG(s) 'example_subdag_operator.section-1', 'example_subdag_operator.section-2', 'example_subdag_operator' retrieved from /home/airflow/.local/lib/python3.8/site-packages/airflow/example_dags/example_subdag_operator.py
[2023-12-20T22:41:01.675+0000] {logging_mixin.py:188} INFO - [2023-12-20T22:41:01.675+0000] {dag.py:3033} INFO - Sync 3 DAGs
[2023-12-20T22:41:01.693+0000] {logging_mixin.py:188} INFO - [2023-12-20T22:41:01.693+0000] {dag.py:3820} INFO - Setting next_dagrun for example_subdag_operator to 2022-01-01T00:00:00+00:00, run_after=2022-01-01T00:00:00+00:00
[2023-12-20T22:41:01.696+0000] {logging_mixin.py:188} INFO - [2023-12-20T22:41:01.696+0000] {dag.py:3820} INFO - Setting next_dagrun for example_subdag_operator.section-1 to None, run_after=None
[2023-12-20T22:41:01.698+0000] {logging_mixin.py:188} INFO - [2023-12-20T22:41:01.697+0000] {dag.py:3820} INFO - Setting next_dagrun for example_subdag_operator.section-2 to None, run_after=None
[2023-12-20T22:41:01.703+0000] {logging_mixin.py:188} INFO - [2023-12-20T22:41:01.703+0000] {dag.py:3033} INFO - Sync 2 DAGs
[2023-12-20T22:41:01.707+0000] {logging_mixin.py:188} INFO - [2023-12-20T22:41:01.707+0000] {dag.py:3820} INFO - Setting next_dagrun for example_subdag_operator.section-1 to None, run_after=None
[2023-12-20T22:41:01.708+0000] {logging_mixin.py:188} INFO - [2023-12-20T22:41:01.708+0000] {dag.py:3820} INFO - Setting next_dagrun for example_subdag_operator.section-2 to None, run_after=None
[2023-12-20T22:41:01.716+0000] {processor.py:183} INFO - Processing /home/airflow/.local/lib/python3.8/site-packages/airflow/example_dags/example_subdag_operator.py took 0.094 seconds
[2023-12-20T22:41:32.008+0000] {processor.py:161} INFO - Started process (PID=397) to work on /home/airflow/.local/lib/python3.8/site-packages/airflow/example_dags/example_subdag_operator.py
[2023-12-20T22:41:32.010+0000] {processor.py:830} INFO - Processing file /home/airflow/.local/lib/python3.8/site-packages/airflow/example_dags/example_subdag_operator.py for tasks to queue
[2023-12-20T22:41:32.013+0000] {logging_mixin.py:188} INFO - [2023-12-20T22:41:32.013+0000] {dagbag.py:538} INFO - Filling up the DagBag from /home/airflow/.local/lib/python3.8/site-packages/airflow/example_dags/example_subdag_operator.py
[2023-12-20T22:41:32.038+0000] {processor.py:840} INFO - DAG(s) 'example_subdag_operator.section-1', 'example_subdag_operator.section-2', 'example_subdag_operator' retrieved from /home/airflow/.local/lib/python3.8/site-packages/airflow/example_dags/example_subdag_operator.py
[2023-12-20T22:41:32.050+0000] {logging_mixin.py:188} INFO - [2023-12-20T22:41:32.050+0000] {dag.py:3033} INFO - Sync 3 DAGs
[2023-12-20T22:41:32.067+0000] {logging_mixin.py:188} INFO - [2023-12-20T22:41:32.067+0000] {dag.py:3820} INFO - Setting next_dagrun for example_subdag_operator to 2022-01-01T00:00:00+00:00, run_after=2022-01-01T00:00:00+00:00
[2023-12-20T22:41:32.071+0000] {logging_mixin.py:188} INFO - [2023-12-20T22:41:32.071+0000] {dag.py:3820} INFO - Setting next_dagrun for example_subdag_operator.section-1 to None, run_after=None
[2023-12-20T22:41:32.072+0000] {logging_mixin.py:188} INFO - [2023-12-20T22:41:32.072+0000] {dag.py:3820} INFO - Setting next_dagrun for example_subdag_operator.section-2 to None, run_after=None
[2023-12-20T22:41:32.078+0000] {logging_mixin.py:188} INFO - [2023-12-20T22:41:32.077+0000] {dag.py:3033} INFO - Sync 2 DAGs
[2023-12-20T22:41:32.082+0000] {logging_mixin.py:188} INFO - [2023-12-20T22:41:32.082+0000] {dag.py:3820} INFO - Setting next_dagrun for example_subdag_operator.section-1 to None, run_after=None
[2023-12-20T22:41:32.083+0000] {logging_mixin.py:188} INFO - [2023-12-20T22:41:32.082+0000] {dag.py:3820} INFO - Setting next_dagrun for example_subdag_operator.section-2 to None, run_after=None
[2023-12-20T22:41:32.091+0000] {processor.py:183} INFO - Processing /home/airflow/.local/lib/python3.8/site-packages/airflow/example_dags/example_subdag_operator.py took 0.087 seconds
[2023-12-20T22:42:02.381+0000] {processor.py:161} INFO - Started process (PID=452) to work on /home/airflow/.local/lib/python3.8/site-packages/airflow/example_dags/example_subdag_operator.py
[2023-12-20T22:42:02.385+0000] {processor.py:830} INFO - Processing file /home/airflow/.local/lib/python3.8/site-packages/airflow/example_dags/example_subdag_operator.py for tasks to queue
[2023-12-20T22:42:02.391+0000] {logging_mixin.py:188} INFO - [2023-12-20T22:42:02.390+0000] {dagbag.py:538} INFO - Filling up the DagBag from /home/airflow/.local/lib/python3.8/site-packages/airflow/example_dags/example_subdag_operator.py
[2023-12-20T22:42:02.438+0000] {processor.py:840} INFO - DAG(s) 'example_subdag_operator.section-1', 'example_subdag_operator.section-2', 'example_subdag_operator' retrieved from /home/airflow/.local/lib/python3.8/site-packages/airflow/example_dags/example_subdag_operator.py
[2023-12-20T22:42:02.461+0000] {logging_mixin.py:188} INFO - [2023-12-20T22:42:02.460+0000] {dag.py:3033} INFO - Sync 3 DAGs
[2023-12-20T22:42:02.493+0000] {logging_mixin.py:188} INFO - [2023-12-20T22:42:02.493+0000] {dag.py:3820} INFO - Setting next_dagrun for example_subdag_operator to 2022-01-01T00:00:00+00:00, run_after=2022-01-01T00:00:00+00:00
[2023-12-20T22:42:02.498+0000] {logging_mixin.py:188} INFO - [2023-12-20T22:42:02.498+0000] {dag.py:3820} INFO - Setting next_dagrun for example_subdag_operator.section-1 to None, run_after=None
[2023-12-20T22:42:02.500+0000] {logging_mixin.py:188} INFO - [2023-12-20T22:42:02.500+0000] {dag.py:3820} INFO - Setting next_dagrun for example_subdag_operator.section-2 to None, run_after=None
[2023-12-20T22:42:02.508+0000] {logging_mixin.py:188} INFO - [2023-12-20T22:42:02.508+0000] {dag.py:3033} INFO - Sync 2 DAGs
[2023-12-20T22:42:02.514+0000] {logging_mixin.py:188} INFO - [2023-12-20T22:42:02.513+0000] {dag.py:3820} INFO - Setting next_dagrun for example_subdag_operator.section-1 to None, run_after=None
[2023-12-20T22:42:02.520+0000] {logging_mixin.py:188} INFO - [2023-12-20T22:42:02.520+0000] {dag.py:3820} INFO - Setting next_dagrun for example_subdag_operator.section-2 to None, run_after=None
[2023-12-20T22:42:02.536+0000] {processor.py:183} INFO - Processing /home/airflow/.local/lib/python3.8/site-packages/airflow/example_dags/example_subdag_operator.py took 0.165 seconds
[2023-12-20T22:42:33.340+0000] {processor.py:161} INFO - Started process (PID=507) to work on /home/airflow/.local/lib/python3.8/site-packages/airflow/example_dags/example_subdag_operator.py
[2023-12-20T22:42:33.341+0000] {processor.py:830} INFO - Processing file /home/airflow/.local/lib/python3.8/site-packages/airflow/example_dags/example_subdag_operator.py for tasks to queue
[2023-12-20T22:42:33.344+0000] {logging_mixin.py:188} INFO - [2023-12-20T22:42:33.343+0000] {dagbag.py:538} INFO - Filling up the DagBag from /home/airflow/.local/lib/python3.8/site-packages/airflow/example_dags/example_subdag_operator.py
[2023-12-20T22:42:33.370+0000] {processor.py:840} INFO - DAG(s) 'example_subdag_operator.section-1', 'example_subdag_operator.section-2', 'example_subdag_operator' retrieved from /home/airflow/.local/lib/python3.8/site-packages/airflow/example_dags/example_subdag_operator.py
[2023-12-20T22:42:33.384+0000] {logging_mixin.py:188} INFO - [2023-12-20T22:42:33.384+0000] {dag.py:3033} INFO - Sync 3 DAGs
[2023-12-20T22:42:33.402+0000] {logging_mixin.py:188} INFO - [2023-12-20T22:42:33.402+0000] {dag.py:3820} INFO - Setting next_dagrun for example_subdag_operator to 2022-01-01T00:00:00+00:00, run_after=2022-01-01T00:00:00+00:00
[2023-12-20T22:42:33.405+0000] {logging_mixin.py:188} INFO - [2023-12-20T22:42:33.405+0000] {dag.py:3820} INFO - Setting next_dagrun for example_subdag_operator.section-1 to None, run_after=None
[2023-12-20T22:42:33.406+0000] {logging_mixin.py:188} INFO - [2023-12-20T22:42:33.406+0000] {dag.py:3820} INFO - Setting next_dagrun for example_subdag_operator.section-2 to None, run_after=None
[2023-12-20T22:42:33.412+0000] {logging_mixin.py:188} INFO - [2023-12-20T22:42:33.412+0000] {dag.py:3033} INFO - Sync 2 DAGs
[2023-12-20T22:42:33.416+0000] {logging_mixin.py:188} INFO - [2023-12-20T22:42:33.416+0000] {dag.py:3820} INFO - Setting next_dagrun for example_subdag_operator.section-1 to None, run_after=None
[2023-12-20T22:42:33.417+0000] {logging_mixin.py:188} INFO - [2023-12-20T22:42:33.417+0000] {dag.py:3820} INFO - Setting next_dagrun for example_subdag_operator.section-2 to None, run_after=None
[2023-12-20T22:42:33.424+0000] {processor.py:183} INFO - Processing /home/airflow/.local/lib/python3.8/site-packages/airflow/example_dags/example_subdag_operator.py took 0.088 seconds
[2023-12-20T22:43:04.330+0000] {processor.py:161} INFO - Started process (PID=561) to work on /home/airflow/.local/lib/python3.8/site-packages/airflow/example_dags/example_subdag_operator.py
[2023-12-20T22:43:04.331+0000] {processor.py:830} INFO - Processing file /home/airflow/.local/lib/python3.8/site-packages/airflow/example_dags/example_subdag_operator.py for tasks to queue
[2023-12-20T22:43:04.334+0000] {logging_mixin.py:188} INFO - [2023-12-20T22:43:04.333+0000] {dagbag.py:538} INFO - Filling up the DagBag from /home/airflow/.local/lib/python3.8/site-packages/airflow/example_dags/example_subdag_operator.py
[2023-12-20T22:43:04.359+0000] {processor.py:840} INFO - DAG(s) 'example_subdag_operator.section-1', 'example_subdag_operator.section-2', 'example_subdag_operator' retrieved from /home/airflow/.local/lib/python3.8/site-packages/airflow/example_dags/example_subdag_operator.py
[2023-12-20T22:43:04.373+0000] {logging_mixin.py:188} INFO - [2023-12-20T22:43:04.373+0000] {dag.py:3033} INFO - Sync 3 DAGs
[2023-12-20T22:43:04.396+0000] {logging_mixin.py:188} INFO - [2023-12-20T22:43:04.396+0000] {dag.py:3820} INFO - Setting next_dagrun for example_subdag_operator to 2022-01-01T00:00:00+00:00, run_after=2022-01-01T00:00:00+00:00
[2023-12-20T22:43:04.400+0000] {logging_mixin.py:188} INFO - [2023-12-20T22:43:04.400+0000] {dag.py:3820} INFO - Setting next_dagrun for example_subdag_operator.section-1 to None, run_after=None
[2023-12-20T22:43:04.402+0000] {logging_mixin.py:188} INFO - [2023-12-20T22:43:04.401+0000] {dag.py:3820} INFO - Setting next_dagrun for example_subdag_operator.section-2 to None, run_after=None
[2023-12-20T22:43:04.409+0000] {logging_mixin.py:188} INFO - [2023-12-20T22:43:04.409+0000] {dag.py:3033} INFO - Sync 2 DAGs
[2023-12-20T22:43:04.413+0000] {logging_mixin.py:188} INFO - [2023-12-20T22:43:04.413+0000] {dag.py:3820} INFO - Setting next_dagrun for example_subdag_operator.section-1 to None, run_after=None
[2023-12-20T22:43:04.414+0000] {logging_mixin.py:188} INFO - [2023-12-20T22:43:04.414+0000] {dag.py:3820} INFO - Setting next_dagrun for example_subdag_operator.section-2 to None, run_after=None
[2023-12-20T22:43:04.426+0000] {processor.py:183} INFO - Processing /home/airflow/.local/lib/python3.8/site-packages/airflow/example_dags/example_subdag_operator.py took 0.101 seconds
[2023-12-20T22:43:34.865+0000] {processor.py:161} INFO - Started process (PID=616) to work on /home/airflow/.local/lib/python3.8/site-packages/airflow/example_dags/example_subdag_operator.py
[2023-12-20T22:43:34.867+0000] {processor.py:830} INFO - Processing file /home/airflow/.local/lib/python3.8/site-packages/airflow/example_dags/example_subdag_operator.py for tasks to queue
[2023-12-20T22:43:34.871+0000] {logging_mixin.py:188} INFO - [2023-12-20T22:43:34.870+0000] {dagbag.py:538} INFO - Filling up the DagBag from /home/airflow/.local/lib/python3.8/site-packages/airflow/example_dags/example_subdag_operator.py
[2023-12-20T22:43:34.911+0000] {processor.py:840} INFO - DAG(s) 'example_subdag_operator.section-1', 'example_subdag_operator.section-2', 'example_subdag_operator' retrieved from /home/airflow/.local/lib/python3.8/site-packages/airflow/example_dags/example_subdag_operator.py
[2023-12-20T22:43:34.935+0000] {logging_mixin.py:188} INFO - [2023-12-20T22:43:34.934+0000] {dag.py:3033} INFO - Sync 3 DAGs
[2023-12-20T22:43:34.962+0000] {logging_mixin.py:188} INFO - [2023-12-20T22:43:34.961+0000] {dag.py:3820} INFO - Setting next_dagrun for example_subdag_operator to 2022-01-01T00:00:00+00:00, run_after=2022-01-01T00:00:00+00:00
[2023-12-20T22:43:34.966+0000] {logging_mixin.py:188} INFO - [2023-12-20T22:43:34.966+0000] {dag.py:3820} INFO - Setting next_dagrun for example_subdag_operator.section-1 to None, run_after=None
[2023-12-20T22:43:34.968+0000] {logging_mixin.py:188} INFO - [2023-12-20T22:43:34.968+0000] {dag.py:3820} INFO - Setting next_dagrun for example_subdag_operator.section-2 to None, run_after=None
[2023-12-20T22:43:34.976+0000] {logging_mixin.py:188} INFO - [2023-12-20T22:43:34.976+0000] {dag.py:3033} INFO - Sync 2 DAGs
[2023-12-20T22:43:34.980+0000] {logging_mixin.py:188} INFO - [2023-12-20T22:43:34.980+0000] {dag.py:3820} INFO - Setting next_dagrun for example_subdag_operator.section-1 to None, run_after=None
[2023-12-20T22:43:34.981+0000] {logging_mixin.py:188} INFO - [2023-12-20T22:43:34.981+0000] {dag.py:3820} INFO - Setting next_dagrun for example_subdag_operator.section-2 to None, run_after=None
[2023-12-20T22:43:34.991+0000] {processor.py:183} INFO - Processing /home/airflow/.local/lib/python3.8/site-packages/airflow/example_dags/example_subdag_operator.py took 0.131 seconds
[2023-12-20T22:44:05.049+0000] {processor.py:161} INFO - Started process (PID=670) to work on /home/airflow/.local/lib/python3.8/site-packages/airflow/example_dags/example_subdag_operator.py
[2023-12-20T22:44:05.050+0000] {processor.py:830} INFO - Processing file /home/airflow/.local/lib/python3.8/site-packages/airflow/example_dags/example_subdag_operator.py for tasks to queue
[2023-12-20T22:44:05.053+0000] {logging_mixin.py:188} INFO - [2023-12-20T22:44:05.053+0000] {dagbag.py:538} INFO - Filling up the DagBag from /home/airflow/.local/lib/python3.8/site-packages/airflow/example_dags/example_subdag_operator.py
[2023-12-20T22:44:05.077+0000] {processor.py:840} INFO - DAG(s) 'example_subdag_operator.section-1', 'example_subdag_operator.section-2', 'example_subdag_operator' retrieved from /home/airflow/.local/lib/python3.8/site-packages/airflow/example_dags/example_subdag_operator.py
[2023-12-20T22:44:05.089+0000] {logging_mixin.py:188} INFO - [2023-12-20T22:44:05.089+0000] {dag.py:3033} INFO - Sync 3 DAGs
[2023-12-20T22:44:05.106+0000] {logging_mixin.py:188} INFO - [2023-12-20T22:44:05.106+0000] {dag.py:3820} INFO - Setting next_dagrun for example_subdag_operator to 2022-01-01T00:00:00+00:00, run_after=2022-01-01T00:00:00+00:00
[2023-12-20T22:44:05.109+0000] {logging_mixin.py:188} INFO - [2023-12-20T22:44:05.109+0000] {dag.py:3820} INFO - Setting next_dagrun for example_subdag_operator.section-1 to None, run_after=None
[2023-12-20T22:44:05.110+0000] {logging_mixin.py:188} INFO - [2023-12-20T22:44:05.110+0000] {dag.py:3820} INFO - Setting next_dagrun for example_subdag_operator.section-2 to None, run_after=None
[2023-12-20T22:44:05.115+0000] {logging_mixin.py:188} INFO - [2023-12-20T22:44:05.115+0000] {dag.py:3033} INFO - Sync 2 DAGs
[2023-12-20T22:44:05.119+0000] {logging_mixin.py:188} INFO - [2023-12-20T22:44:05.119+0000] {dag.py:3820} INFO - Setting next_dagrun for example_subdag_operator.section-1 to None, run_after=None
[2023-12-20T22:44:05.120+0000] {logging_mixin.py:188} INFO - [2023-12-20T22:44:05.120+0000] {dag.py:3820} INFO - Setting next_dagrun for example_subdag_operator.section-2 to None, run_after=None
[2023-12-20T22:44:05.127+0000] {processor.py:183} INFO - Processing /home/airflow/.local/lib/python3.8/site-packages/airflow/example_dags/example_subdag_operator.py took 0.081 seconds
[2023-12-20T22:44:35.473+0000] {processor.py:161} INFO - Started process (PID=725) to work on /home/airflow/.local/lib/python3.8/site-packages/airflow/example_dags/example_subdag_operator.py
[2023-12-20T22:44:35.475+0000] {processor.py:830} INFO - Processing file /home/airflow/.local/lib/python3.8/site-packages/airflow/example_dags/example_subdag_operator.py for tasks to queue
[2023-12-20T22:44:35.477+0000] {logging_mixin.py:188} INFO - [2023-12-20T22:44:35.477+0000] {dagbag.py:538} INFO - Filling up the DagBag from /home/airflow/.local/lib/python3.8/site-packages/airflow/example_dags/example_subdag_operator.py
[2023-12-20T22:44:35.501+0000] {processor.py:840} INFO - DAG(s) 'example_subdag_operator.section-1', 'example_subdag_operator.section-2', 'example_subdag_operator' retrieved from /home/airflow/.local/lib/python3.8/site-packages/airflow/example_dags/example_subdag_operator.py
[2023-12-20T22:44:35.514+0000] {logging_mixin.py:188} INFO - [2023-12-20T22:44:35.514+0000] {dag.py:3033} INFO - Sync 3 DAGs
[2023-12-20T22:44:35.531+0000] {logging_mixin.py:188} INFO - [2023-12-20T22:44:35.530+0000] {dag.py:3820} INFO - Setting next_dagrun for example_subdag_operator to 2022-01-01T00:00:00+00:00, run_after=2022-01-01T00:00:00+00:00
[2023-12-20T22:44:35.534+0000] {logging_mixin.py:188} INFO - [2023-12-20T22:44:35.534+0000] {dag.py:3820} INFO - Setting next_dagrun for example_subdag_operator.section-1 to None, run_after=None
[2023-12-20T22:44:35.535+0000] {logging_mixin.py:188} INFO - [2023-12-20T22:44:35.535+0000] {dag.py:3820} INFO - Setting next_dagrun for example_subdag_operator.section-2 to None, run_after=None
[2023-12-20T22:44:35.540+0000] {logging_mixin.py:188} INFO - [2023-12-20T22:44:35.540+0000] {dag.py:3033} INFO - Sync 2 DAGs
[2023-12-20T22:44:35.544+0000] {logging_mixin.py:188} INFO - [2023-12-20T22:44:35.544+0000] {dag.py:3820} INFO - Setting next_dagrun for example_subdag_operator.section-1 to None, run_after=None
[2023-12-20T22:44:35.545+0000] {logging_mixin.py:188} INFO - [2023-12-20T22:44:35.545+0000] {dag.py:3820} INFO - Setting next_dagrun for example_subdag_operator.section-2 to None, run_after=None
[2023-12-20T22:44:35.552+0000] {processor.py:183} INFO - Processing /home/airflow/.local/lib/python3.8/site-packages/airflow/example_dags/example_subdag_operator.py took 0.082 seconds
[2023-12-20T22:45:06.259+0000] {processor.py:161} INFO - Started process (PID=780) to work on /home/airflow/.local/lib/python3.8/site-packages/airflow/example_dags/example_subdag_operator.py
[2023-12-20T22:45:06.260+0000] {processor.py:830} INFO - Processing file /home/airflow/.local/lib/python3.8/site-packages/airflow/example_dags/example_subdag_operator.py for tasks to queue
[2023-12-20T22:45:06.263+0000] {logging_mixin.py:188} INFO - [2023-12-20T22:45:06.262+0000] {dagbag.py:538} INFO - Filling up the DagBag from /home/airflow/.local/lib/python3.8/site-packages/airflow/example_dags/example_subdag_operator.py
[2023-12-20T22:45:06.286+0000] {processor.py:840} INFO - DAG(s) 'example_subdag_operator.section-1', 'example_subdag_operator.section-2', 'example_subdag_operator' retrieved from /home/airflow/.local/lib/python3.8/site-packages/airflow/example_dags/example_subdag_operator.py
[2023-12-20T22:45:06.299+0000] {logging_mixin.py:188} INFO - [2023-12-20T22:45:06.299+0000] {dag.py:3033} INFO - Sync 3 DAGs
[2023-12-20T22:45:06.317+0000] {logging_mixin.py:188} INFO - [2023-12-20T22:45:06.317+0000] {dag.py:3820} INFO - Setting next_dagrun for example_subdag_operator to 2022-01-01T00:00:00+00:00, run_after=2022-01-01T00:00:00+00:00
[2023-12-20T22:45:06.320+0000] {logging_mixin.py:188} INFO - [2023-12-20T22:45:06.320+0000] {dag.py:3820} INFO - Setting next_dagrun for example_subdag_operator.section-1 to None, run_after=None
[2023-12-20T22:45:06.321+0000] {logging_mixin.py:188} INFO - [2023-12-20T22:45:06.321+0000] {dag.py:3820} INFO - Setting next_dagrun for example_subdag_operator.section-2 to None, run_after=None
[2023-12-20T22:45:06.326+0000] {logging_mixin.py:188} INFO - [2023-12-20T22:45:06.326+0000] {dag.py:3033} INFO - Sync 2 DAGs
[2023-12-20T22:45:06.331+0000] {logging_mixin.py:188} INFO - [2023-12-20T22:45:06.331+0000] {dag.py:3820} INFO - Setting next_dagrun for example_subdag_operator.section-1 to None, run_after=None
[2023-12-20T22:45:06.332+0000] {logging_mixin.py:188} INFO - [2023-12-20T22:45:06.331+0000] {dag.py:3820} INFO - Setting next_dagrun for example_subdag_operator.section-2 to None, run_after=None
[2023-12-20T22:45:06.339+0000] {processor.py:183} INFO - Processing /home/airflow/.local/lib/python3.8/site-packages/airflow/example_dags/example_subdag_operator.py took 0.084 seconds
[2023-12-20T22:45:36.604+0000] {processor.py:161} INFO - Started process (PID=836) to work on /home/airflow/.local/lib/python3.8/site-packages/airflow/example_dags/example_subdag_operator.py
[2023-12-20T22:45:36.605+0000] {processor.py:830} INFO - Processing file /home/airflow/.local/lib/python3.8/site-packages/airflow/example_dags/example_subdag_operator.py for tasks to queue
[2023-12-20T22:45:36.608+0000] {logging_mixin.py:188} INFO - [2023-12-20T22:45:36.608+0000] {dagbag.py:538} INFO - Filling up the DagBag from /home/airflow/.local/lib/python3.8/site-packages/airflow/example_dags/example_subdag_operator.py
[2023-12-20T22:45:36.632+0000] {processor.py:840} INFO - DAG(s) 'example_subdag_operator.section-1', 'example_subdag_operator.section-2', 'example_subdag_operator' retrieved from /home/airflow/.local/lib/python3.8/site-packages/airflow/example_dags/example_subdag_operator.py
[2023-12-20T22:45:36.644+0000] {logging_mixin.py:188} INFO - [2023-12-20T22:45:36.644+0000] {dag.py:3033} INFO - Sync 3 DAGs
[2023-12-20T22:45:36.661+0000] {logging_mixin.py:188} INFO - [2023-12-20T22:45:36.661+0000] {dag.py:3820} INFO - Setting next_dagrun for example_subdag_operator to 2022-01-01T00:00:00+00:00, run_after=2022-01-01T00:00:00+00:00
[2023-12-20T22:45:36.664+0000] {logging_mixin.py:188} INFO - [2023-12-20T22:45:36.664+0000] {dag.py:3820} INFO - Setting next_dagrun for example_subdag_operator.section-1 to None, run_after=None
[2023-12-20T22:45:36.665+0000] {logging_mixin.py:188} INFO - [2023-12-20T22:45:36.665+0000] {dag.py:3820} INFO - Setting next_dagrun for example_subdag_operator.section-2 to None, run_after=None
[2023-12-20T22:45:36.670+0000] {logging_mixin.py:188} INFO - [2023-12-20T22:45:36.670+0000] {dag.py:3033} INFO - Sync 2 DAGs
[2023-12-20T22:45:36.674+0000] {logging_mixin.py:188} INFO - [2023-12-20T22:45:36.674+0000] {dag.py:3820} INFO - Setting next_dagrun for example_subdag_operator.section-1 to None, run_after=None
[2023-12-20T22:45:36.675+0000] {logging_mixin.py:188} INFO - [2023-12-20T22:45:36.675+0000] {dag.py:3820} INFO - Setting next_dagrun for example_subdag_operator.section-2 to None, run_after=None
[2023-12-20T22:45:36.682+0000] {processor.py:183} INFO - Processing /home/airflow/.local/lib/python3.8/site-packages/airflow/example_dags/example_subdag_operator.py took 0.081 seconds
[2023-12-20T22:46:07.255+0000] {processor.py:161} INFO - Started process (PID=891) to work on /home/airflow/.local/lib/python3.8/site-packages/airflow/example_dags/example_subdag_operator.py
[2023-12-20T22:46:07.256+0000] {processor.py:830} INFO - Processing file /home/airflow/.local/lib/python3.8/site-packages/airflow/example_dags/example_subdag_operator.py for tasks to queue
[2023-12-20T22:46:07.259+0000] {logging_mixin.py:188} INFO - [2023-12-20T22:46:07.258+0000] {dagbag.py:538} INFO - Filling up the DagBag from /home/airflow/.local/lib/python3.8/site-packages/airflow/example_dags/example_subdag_operator.py
[2023-12-20T22:46:07.283+0000] {processor.py:840} INFO - DAG(s) 'example_subdag_operator.section-1', 'example_subdag_operator.section-2', 'example_subdag_operator' retrieved from /home/airflow/.local/lib/python3.8/site-packages/airflow/example_dags/example_subdag_operator.py
[2023-12-20T22:46:07.296+0000] {logging_mixin.py:188} INFO - [2023-12-20T22:46:07.296+0000] {dag.py:3033} INFO - Sync 3 DAGs
[2023-12-20T22:46:07.313+0000] {logging_mixin.py:188} INFO - [2023-12-20T22:46:07.313+0000] {dag.py:3820} INFO - Setting next_dagrun for example_subdag_operator to 2022-01-01T00:00:00+00:00, run_after=2022-01-01T00:00:00+00:00
[2023-12-20T22:46:07.316+0000] {logging_mixin.py:188} INFO - [2023-12-20T22:46:07.316+0000] {dag.py:3820} INFO - Setting next_dagrun for example_subdag_operator.section-1 to None, run_after=None
[2023-12-20T22:46:07.318+0000] {logging_mixin.py:188} INFO - [2023-12-20T22:46:07.318+0000] {dag.py:3820} INFO - Setting next_dagrun for example_subdag_operator.section-2 to None, run_after=None
[2023-12-20T22:46:07.323+0000] {logging_mixin.py:188} INFO - [2023-12-20T22:46:07.323+0000] {dag.py:3033} INFO - Sync 2 DAGs
[2023-12-20T22:46:07.327+0000] {logging_mixin.py:188} INFO - [2023-12-20T22:46:07.326+0000] {dag.py:3820} INFO - Setting next_dagrun for example_subdag_operator.section-1 to None, run_after=None
[2023-12-20T22:46:07.328+0000] {logging_mixin.py:188} INFO - [2023-12-20T22:46:07.328+0000] {dag.py:3820} INFO - Setting next_dagrun for example_subdag_operator.section-2 to None, run_after=None
[2023-12-20T22:46:07.335+0000] {processor.py:183} INFO - Processing /home/airflow/.local/lib/python3.8/site-packages/airflow/example_dags/example_subdag_operator.py took 0.084 seconds
[2023-12-20T22:46:38.197+0000] {processor.py:161} INFO - Started process (PID=946) to work on /home/airflow/.local/lib/python3.8/site-packages/airflow/example_dags/example_subdag_operator.py
[2023-12-20T22:46:38.198+0000] {processor.py:830} INFO - Processing file /home/airflow/.local/lib/python3.8/site-packages/airflow/example_dags/example_subdag_operator.py for tasks to queue
[2023-12-20T22:46:38.201+0000] {logging_mixin.py:188} INFO - [2023-12-20T22:46:38.200+0000] {dagbag.py:538} INFO - Filling up the DagBag from /home/airflow/.local/lib/python3.8/site-packages/airflow/example_dags/example_subdag_operator.py
[2023-12-20T22:46:38.226+0000] {processor.py:840} INFO - DAG(s) 'example_subdag_operator.section-1', 'example_subdag_operator.section-2', 'example_subdag_operator' retrieved from /home/airflow/.local/lib/python3.8/site-packages/airflow/example_dags/example_subdag_operator.py
[2023-12-20T22:46:38.238+0000] {logging_mixin.py:188} INFO - [2023-12-20T22:46:38.238+0000] {dag.py:3033} INFO - Sync 3 DAGs
[2023-12-20T22:46:38.255+0000] {logging_mixin.py:188} INFO - [2023-12-20T22:46:38.255+0000] {dag.py:3820} INFO - Setting next_dagrun for example_subdag_operator to 2022-01-01T00:00:00+00:00, run_after=2022-01-01T00:00:00+00:00
[2023-12-20T22:46:38.258+0000] {logging_mixin.py:188} INFO - [2023-12-20T22:46:38.258+0000] {dag.py:3820} INFO - Setting next_dagrun for example_subdag_operator.section-1 to None, run_after=None
[2023-12-20T22:46:38.260+0000] {logging_mixin.py:188} INFO - [2023-12-20T22:46:38.260+0000] {dag.py:3820} INFO - Setting next_dagrun for example_subdag_operator.section-2 to None, run_after=None
[2023-12-20T22:46:38.265+0000] {logging_mixin.py:188} INFO - [2023-12-20T22:46:38.265+0000] {dag.py:3033} INFO - Sync 2 DAGs
[2023-12-20T22:46:38.269+0000] {logging_mixin.py:188} INFO - [2023-12-20T22:46:38.269+0000] {dag.py:3820} INFO - Setting next_dagrun for example_subdag_operator.section-1 to None, run_after=None
[2023-12-20T22:46:38.270+0000] {logging_mixin.py:188} INFO - [2023-12-20T22:46:38.270+0000] {dag.py:3820} INFO - Setting next_dagrun for example_subdag_operator.section-2 to None, run_after=None
[2023-12-20T22:46:38.277+0000] {processor.py:183} INFO - Processing /home/airflow/.local/lib/python3.8/site-packages/airflow/example_dags/example_subdag_operator.py took 0.083 seconds
[2023-12-20T22:47:08.939+0000] {processor.py:161} INFO - Started process (PID=1001) to work on /home/airflow/.local/lib/python3.8/site-packages/airflow/example_dags/example_subdag_operator.py
[2023-12-20T22:47:08.941+0000] {processor.py:830} INFO - Processing file /home/airflow/.local/lib/python3.8/site-packages/airflow/example_dags/example_subdag_operator.py for tasks to queue
[2023-12-20T22:47:08.943+0000] {logging_mixin.py:188} INFO - [2023-12-20T22:47:08.943+0000] {dagbag.py:538} INFO - Filling up the DagBag from /home/airflow/.local/lib/python3.8/site-packages/airflow/example_dags/example_subdag_operator.py
[2023-12-20T22:47:08.967+0000] {processor.py:840} INFO - DAG(s) 'example_subdag_operator.section-1', 'example_subdag_operator.section-2', 'example_subdag_operator' retrieved from /home/airflow/.local/lib/python3.8/site-packages/airflow/example_dags/example_subdag_operator.py
[2023-12-20T22:47:08.981+0000] {logging_mixin.py:188} INFO - [2023-12-20T22:47:08.981+0000] {dag.py:3033} INFO - Sync 3 DAGs
[2023-12-20T22:47:08.997+0000] {logging_mixin.py:188} INFO - [2023-12-20T22:47:08.997+0000] {dag.py:3820} INFO - Setting next_dagrun for example_subdag_operator to 2022-01-01T00:00:00+00:00, run_after=2022-01-01T00:00:00+00:00
[2023-12-20T22:47:09.000+0000] {logging_mixin.py:188} INFO - [2023-12-20T22:47:09.000+0000] {dag.py:3820} INFO - Setting next_dagrun for example_subdag_operator.section-1 to None, run_after=None
[2023-12-20T22:47:09.002+0000] {logging_mixin.py:188} INFO - [2023-12-20T22:47:09.002+0000] {dag.py:3820} INFO - Setting next_dagrun for example_subdag_operator.section-2 to None, run_after=None
[2023-12-20T22:47:09.008+0000] {logging_mixin.py:188} INFO - [2023-12-20T22:47:09.007+0000] {dag.py:3033} INFO - Sync 2 DAGs
[2023-12-20T22:47:09.011+0000] {logging_mixin.py:188} INFO - [2023-12-20T22:47:09.011+0000] {dag.py:3820} INFO - Setting next_dagrun for example_subdag_operator.section-1 to None, run_after=None
[2023-12-20T22:47:09.012+0000] {logging_mixin.py:188} INFO - [2023-12-20T22:47:09.012+0000] {dag.py:3820} INFO - Setting next_dagrun for example_subdag_operator.section-2 to None, run_after=None
[2023-12-20T22:47:09.019+0000] {processor.py:183} INFO - Processing /home/airflow/.local/lib/python3.8/site-packages/airflow/example_dags/example_subdag_operator.py took 0.084 seconds
[2023-12-20T22:47:39.424+0000] {processor.py:161} INFO - Started process (PID=1056) to work on /home/airflow/.local/lib/python3.8/site-packages/airflow/example_dags/example_subdag_operator.py
[2023-12-20T22:47:39.425+0000] {processor.py:830} INFO - Processing file /home/airflow/.local/lib/python3.8/site-packages/airflow/example_dags/example_subdag_operator.py for tasks to queue
[2023-12-20T22:47:39.428+0000] {logging_mixin.py:188} INFO - [2023-12-20T22:47:39.428+0000] {dagbag.py:538} INFO - Filling up the DagBag from /home/airflow/.local/lib/python3.8/site-packages/airflow/example_dags/example_subdag_operator.py
[2023-12-20T22:47:39.452+0000] {processor.py:840} INFO - DAG(s) 'example_subdag_operator.section-1', 'example_subdag_operator.section-2', 'example_subdag_operator' retrieved from /home/airflow/.local/lib/python3.8/site-packages/airflow/example_dags/example_subdag_operator.py
[2023-12-20T22:47:39.465+0000] {logging_mixin.py:188} INFO - [2023-12-20T22:47:39.465+0000] {dag.py:3033} INFO - Sync 3 DAGs
[2023-12-20T22:47:39.519+0000] {logging_mixin.py:188} INFO - [2023-12-20T22:47:39.519+0000] {dag.py:3820} INFO - Setting next_dagrun for example_subdag_operator to 2022-01-01T00:00:00+00:00, run_after=2022-01-01T00:00:00+00:00
[2023-12-20T22:47:39.524+0000] {logging_mixin.py:188} INFO - [2023-12-20T22:47:39.524+0000] {dag.py:3820} INFO - Setting next_dagrun for example_subdag_operator.section-1 to None, run_after=None
[2023-12-20T22:47:39.528+0000] {logging_mixin.py:188} INFO - [2023-12-20T22:47:39.528+0000] {dag.py:3820} INFO - Setting next_dagrun for example_subdag_operator.section-2 to None, run_after=None
[2023-12-20T22:47:39.541+0000] {logging_mixin.py:188} INFO - [2023-12-20T22:47:39.541+0000] {dag.py:3033} INFO - Sync 2 DAGs
[2023-12-20T22:47:39.546+0000] {logging_mixin.py:188} INFO - [2023-12-20T22:47:39.546+0000] {dag.py:3820} INFO - Setting next_dagrun for example_subdag_operator.section-1 to None, run_after=None
[2023-12-20T22:47:39.547+0000] {logging_mixin.py:188} INFO - [2023-12-20T22:47:39.547+0000] {dag.py:3820} INFO - Setting next_dagrun for example_subdag_operator.section-2 to None, run_after=None
[2023-12-20T22:47:39.554+0000] {processor.py:183} INFO - Processing /home/airflow/.local/lib/python3.8/site-packages/airflow/example_dags/example_subdag_operator.py took 0.135 seconds
[2023-12-20T22:48:10.329+0000] {processor.py:161} INFO - Started process (PID=1110) to work on /home/airflow/.local/lib/python3.8/site-packages/airflow/example_dags/example_subdag_operator.py
[2023-12-20T22:48:10.330+0000] {processor.py:830} INFO - Processing file /home/airflow/.local/lib/python3.8/site-packages/airflow/example_dags/example_subdag_operator.py for tasks to queue
[2023-12-20T22:48:10.332+0000] {logging_mixin.py:188} INFO - [2023-12-20T22:48:10.332+0000] {dagbag.py:538} INFO - Filling up the DagBag from /home/airflow/.local/lib/python3.8/site-packages/airflow/example_dags/example_subdag_operator.py
[2023-12-20T22:48:10.356+0000] {processor.py:840} INFO - DAG(s) 'example_subdag_operator.section-1', 'example_subdag_operator.section-2', 'example_subdag_operator' retrieved from /home/airflow/.local/lib/python3.8/site-packages/airflow/example_dags/example_subdag_operator.py
[2023-12-20T22:48:10.369+0000] {logging_mixin.py:188} INFO - [2023-12-20T22:48:10.369+0000] {dag.py:3033} INFO - Sync 3 DAGs
[2023-12-20T22:48:10.386+0000] {logging_mixin.py:188} INFO - [2023-12-20T22:48:10.386+0000] {dag.py:3820} INFO - Setting next_dagrun for example_subdag_operator to 2022-01-01T00:00:00+00:00, run_after=2022-01-01T00:00:00+00:00
[2023-12-20T22:48:10.389+0000] {logging_mixin.py:188} INFO - [2023-12-20T22:48:10.389+0000] {dag.py:3820} INFO - Setting next_dagrun for example_subdag_operator.section-1 to None, run_after=None
[2023-12-20T22:48:10.391+0000] {logging_mixin.py:188} INFO - [2023-12-20T22:48:10.391+0000] {dag.py:3820} INFO - Setting next_dagrun for example_subdag_operator.section-2 to None, run_after=None
[2023-12-20T22:48:10.396+0000] {logging_mixin.py:188} INFO - [2023-12-20T22:48:10.396+0000] {dag.py:3033} INFO - Sync 2 DAGs
[2023-12-20T22:48:10.400+0000] {logging_mixin.py:188} INFO - [2023-12-20T22:48:10.400+0000] {dag.py:3820} INFO - Setting next_dagrun for example_subdag_operator.section-1 to None, run_after=None
[2023-12-20T22:48:10.400+0000] {logging_mixin.py:188} INFO - [2023-12-20T22:48:10.400+0000] {dag.py:3820} INFO - Setting next_dagrun for example_subdag_operator.section-2 to None, run_after=None
[2023-12-20T22:48:10.407+0000] {processor.py:183} INFO - Processing /home/airflow/.local/lib/python3.8/site-packages/airflow/example_dags/example_subdag_operator.py took 0.082 seconds
[2023-12-20T22:48:40.700+0000] {processor.py:161} INFO - Started process (PID=1165) to work on /home/airflow/.local/lib/python3.8/site-packages/airflow/example_dags/example_subdag_operator.py
[2023-12-20T22:48:40.705+0000] {processor.py:830} INFO - Processing file /home/airflow/.local/lib/python3.8/site-packages/airflow/example_dags/example_subdag_operator.py for tasks to queue
[2023-12-20T22:48:40.710+0000] {logging_mixin.py:188} INFO - [2023-12-20T22:48:40.709+0000] {dagbag.py:538} INFO - Filling up the DagBag from /home/airflow/.local/lib/python3.8/site-packages/airflow/example_dags/example_subdag_operator.py
[2023-12-20T22:48:40.739+0000] {processor.py:840} INFO - DAG(s) 'example_subdag_operator.section-1', 'example_subdag_operator.section-2', 'example_subdag_operator' retrieved from /home/airflow/.local/lib/python3.8/site-packages/airflow/example_dags/example_subdag_operator.py
[2023-12-20T22:48:40.754+0000] {logging_mixin.py:188} INFO - [2023-12-20T22:48:40.753+0000] {dag.py:3033} INFO - Sync 3 DAGs
[2023-12-20T22:48:40.773+0000] {logging_mixin.py:188} INFO - [2023-12-20T22:48:40.773+0000] {dag.py:3820} INFO - Setting next_dagrun for example_subdag_operator to 2022-01-01T00:00:00+00:00, run_after=2022-01-01T00:00:00+00:00
[2023-12-20T22:48:40.776+0000] {logging_mixin.py:188} INFO - [2023-12-20T22:48:40.776+0000] {dag.py:3820} INFO - Setting next_dagrun for example_subdag_operator.section-1 to None, run_after=None
[2023-12-20T22:48:40.778+0000] {logging_mixin.py:188} INFO - [2023-12-20T22:48:40.778+0000] {dag.py:3820} INFO - Setting next_dagrun for example_subdag_operator.section-2 to None, run_after=None
[2023-12-20T22:48:40.784+0000] {logging_mixin.py:188} INFO - [2023-12-20T22:48:40.783+0000] {dag.py:3033} INFO - Sync 2 DAGs
[2023-12-20T22:48:40.788+0000] {logging_mixin.py:188} INFO - [2023-12-20T22:48:40.788+0000] {dag.py:3820} INFO - Setting next_dagrun for example_subdag_operator.section-1 to None, run_after=None
[2023-12-20T22:48:40.788+0000] {logging_mixin.py:188} INFO - [2023-12-20T22:48:40.788+0000] {dag.py:3820} INFO - Setting next_dagrun for example_subdag_operator.section-2 to None, run_after=None
[2023-12-20T22:48:40.796+0000] {processor.py:183} INFO - Processing /home/airflow/.local/lib/python3.8/site-packages/airflow/example_dags/example_subdag_operator.py took 0.107 seconds
[2023-12-20T22:49:11.727+0000] {processor.py:161} INFO - Started process (PID=1219) to work on /home/airflow/.local/lib/python3.8/site-packages/airflow/example_dags/example_subdag_operator.py
[2023-12-20T22:49:11.732+0000] {processor.py:830} INFO - Processing file /home/airflow/.local/lib/python3.8/site-packages/airflow/example_dags/example_subdag_operator.py for tasks to queue
[2023-12-20T22:49:11.738+0000] {logging_mixin.py:188} INFO - [2023-12-20T22:49:11.738+0000] {dagbag.py:538} INFO - Filling up the DagBag from /home/airflow/.local/lib/python3.8/site-packages/airflow/example_dags/example_subdag_operator.py
[2023-12-20T22:49:11.778+0000] {processor.py:840} INFO - DAG(s) 'example_subdag_operator.section-1', 'example_subdag_operator.section-2', 'example_subdag_operator' retrieved from /home/airflow/.local/lib/python3.8/site-packages/airflow/example_dags/example_subdag_operator.py
[2023-12-20T22:49:11.798+0000] {logging_mixin.py:188} INFO - [2023-12-20T22:49:11.798+0000] {dag.py:3033} INFO - Sync 3 DAGs
[2023-12-20T22:49:11.823+0000] {logging_mixin.py:188} INFO - [2023-12-20T22:49:11.823+0000] {dag.py:3820} INFO - Setting next_dagrun for example_subdag_operator to 2022-01-01T00:00:00+00:00, run_after=2022-01-01T00:00:00+00:00
[2023-12-20T22:49:11.828+0000] {logging_mixin.py:188} INFO - [2023-12-20T22:49:11.828+0000] {dag.py:3820} INFO - Setting next_dagrun for example_subdag_operator.section-1 to None, run_after=None
[2023-12-20T22:49:11.830+0000] {logging_mixin.py:188} INFO - [2023-12-20T22:49:11.830+0000] {dag.py:3820} INFO - Setting next_dagrun for example_subdag_operator.section-2 to None, run_after=None
[2023-12-20T22:49:11.840+0000] {logging_mixin.py:188} INFO - [2023-12-20T22:49:11.840+0000] {dag.py:3033} INFO - Sync 2 DAGs
[2023-12-20T22:49:11.845+0000] {logging_mixin.py:188} INFO - [2023-12-20T22:49:11.845+0000] {dag.py:3820} INFO - Setting next_dagrun for example_subdag_operator.section-1 to None, run_after=None
[2023-12-20T22:49:11.846+0000] {logging_mixin.py:188} INFO - [2023-12-20T22:49:11.846+0000] {dag.py:3820} INFO - Setting next_dagrun for example_subdag_operator.section-2 to None, run_after=None
[2023-12-20T22:49:11.867+0000] {processor.py:183} INFO - Processing /home/airflow/.local/lib/python3.8/site-packages/airflow/example_dags/example_subdag_operator.py took 0.150 seconds
[2023-12-20T22:49:41.913+0000] {processor.py:161} INFO - Started process (PID=1273) to work on /home/airflow/.local/lib/python3.8/site-packages/airflow/example_dags/example_subdag_operator.py
[2023-12-20T22:49:41.914+0000] {processor.py:830} INFO - Processing file /home/airflow/.local/lib/python3.8/site-packages/airflow/example_dags/example_subdag_operator.py for tasks to queue
[2023-12-20T22:49:41.917+0000] {logging_mixin.py:188} INFO - [2023-12-20T22:49:41.916+0000] {dagbag.py:538} INFO - Filling up the DagBag from /home/airflow/.local/lib/python3.8/site-packages/airflow/example_dags/example_subdag_operator.py
[2023-12-20T22:49:41.942+0000] {processor.py:840} INFO - DAG(s) 'example_subdag_operator.section-1', 'example_subdag_operator.section-2', 'example_subdag_operator' retrieved from /home/airflow/.local/lib/python3.8/site-packages/airflow/example_dags/example_subdag_operator.py
[2023-12-20T22:49:41.954+0000] {logging_mixin.py:188} INFO - [2023-12-20T22:49:41.954+0000] {dag.py:3033} INFO - Sync 3 DAGs
[2023-12-20T22:49:41.971+0000] {logging_mixin.py:188} INFO - [2023-12-20T22:49:41.971+0000] {dag.py:3820} INFO - Setting next_dagrun for example_subdag_operator to 2022-01-01T00:00:00+00:00, run_after=2022-01-01T00:00:00+00:00
[2023-12-20T22:49:41.974+0000] {logging_mixin.py:188} INFO - [2023-12-20T22:49:41.974+0000] {dag.py:3820} INFO - Setting next_dagrun for example_subdag_operator.section-1 to None, run_after=None
[2023-12-20T22:49:41.975+0000] {logging_mixin.py:188} INFO - [2023-12-20T22:49:41.975+0000] {dag.py:3820} INFO - Setting next_dagrun for example_subdag_operator.section-2 to None, run_after=None
[2023-12-20T22:49:41.980+0000] {logging_mixin.py:188} INFO - [2023-12-20T22:49:41.980+0000] {dag.py:3033} INFO - Sync 2 DAGs
[2023-12-20T22:49:41.984+0000] {logging_mixin.py:188} INFO - [2023-12-20T22:49:41.984+0000] {dag.py:3820} INFO - Setting next_dagrun for example_subdag_operator.section-1 to None, run_after=None
[2023-12-20T22:49:41.985+0000] {logging_mixin.py:188} INFO - [2023-12-20T22:49:41.985+0000] {dag.py:3820} INFO - Setting next_dagrun for example_subdag_operator.section-2 to None, run_after=None
[2023-12-20T22:49:41.992+0000] {processor.py:183} INFO - Processing /home/airflow/.local/lib/python3.8/site-packages/airflow/example_dags/example_subdag_operator.py took 0.083 seconds
[2023-12-20T22:50:12.258+0000] {processor.py:161} INFO - Started process (PID=1328) to work on /home/airflow/.local/lib/python3.8/site-packages/airflow/example_dags/example_subdag_operator.py
[2023-12-20T22:50:12.259+0000] {processor.py:830} INFO - Processing file /home/airflow/.local/lib/python3.8/site-packages/airflow/example_dags/example_subdag_operator.py for tasks to queue
[2023-12-20T22:50:12.262+0000] {logging_mixin.py:188} INFO - [2023-12-20T22:50:12.261+0000] {dagbag.py:538} INFO - Filling up the DagBag from /home/airflow/.local/lib/python3.8/site-packages/airflow/example_dags/example_subdag_operator.py
[2023-12-20T22:50:12.285+0000] {processor.py:840} INFO - DAG(s) 'example_subdag_operator.section-1', 'example_subdag_operator.section-2', 'example_subdag_operator' retrieved from /home/airflow/.local/lib/python3.8/site-packages/airflow/example_dags/example_subdag_operator.py
[2023-12-20T22:50:12.298+0000] {logging_mixin.py:188} INFO - [2023-12-20T22:50:12.298+0000] {dag.py:3033} INFO - Sync 3 DAGs
[2023-12-20T22:50:12.314+0000] {logging_mixin.py:188} INFO - [2023-12-20T22:50:12.314+0000] {dag.py:3820} INFO - Setting next_dagrun for example_subdag_operator to 2022-01-01T00:00:00+00:00, run_after=2022-01-01T00:00:00+00:00
[2023-12-20T22:50:12.317+0000] {logging_mixin.py:188} INFO - [2023-12-20T22:50:12.317+0000] {dag.py:3820} INFO - Setting next_dagrun for example_subdag_operator.section-1 to None, run_after=None
[2023-12-20T22:50:12.318+0000] {logging_mixin.py:188} INFO - [2023-12-20T22:50:12.318+0000] {dag.py:3820} INFO - Setting next_dagrun for example_subdag_operator.section-2 to None, run_after=None
[2023-12-20T22:50:12.323+0000] {logging_mixin.py:188} INFO - [2023-12-20T22:50:12.323+0000] {dag.py:3033} INFO - Sync 2 DAGs
[2023-12-20T22:50:12.327+0000] {logging_mixin.py:188} INFO - [2023-12-20T22:50:12.326+0000] {dag.py:3820} INFO - Setting next_dagrun for example_subdag_operator.section-1 to None, run_after=None
[2023-12-20T22:50:12.327+0000] {logging_mixin.py:188} INFO - [2023-12-20T22:50:12.327+0000] {dag.py:3820} INFO - Setting next_dagrun for example_subdag_operator.section-2 to None, run_after=None
[2023-12-20T22:50:12.335+0000] {processor.py:183} INFO - Processing /home/airflow/.local/lib/python3.8/site-packages/airflow/example_dags/example_subdag_operator.py took 0.080 seconds
[2023-12-20T22:50:42.442+0000] {processor.py:161} INFO - Started process (PID=1383) to work on /home/airflow/.local/lib/python3.8/site-packages/airflow/example_dags/example_subdag_operator.py
[2023-12-20T22:50:42.443+0000] {processor.py:830} INFO - Processing file /home/airflow/.local/lib/python3.8/site-packages/airflow/example_dags/example_subdag_operator.py for tasks to queue
[2023-12-20T22:50:42.446+0000] {logging_mixin.py:188} INFO - [2023-12-20T22:50:42.446+0000] {dagbag.py:538} INFO - Filling up the DagBag from /home/airflow/.local/lib/python3.8/site-packages/airflow/example_dags/example_subdag_operator.py
[2023-12-20T22:50:42.474+0000] {processor.py:840} INFO - DAG(s) 'example_subdag_operator.section-1', 'example_subdag_operator.section-2', 'example_subdag_operator' retrieved from /home/airflow/.local/lib/python3.8/site-packages/airflow/example_dags/example_subdag_operator.py
[2023-12-20T22:50:42.487+0000] {logging_mixin.py:188} INFO - [2023-12-20T22:50:42.487+0000] {dag.py:3033} INFO - Sync 3 DAGs
[2023-12-20T22:50:42.504+0000] {logging_mixin.py:188} INFO - [2023-12-20T22:50:42.504+0000] {dag.py:3820} INFO - Setting next_dagrun for example_subdag_operator to 2022-01-01T00:00:00+00:00, run_after=2022-01-01T00:00:00+00:00
[2023-12-20T22:50:42.507+0000] {logging_mixin.py:188} INFO - [2023-12-20T22:50:42.507+0000] {dag.py:3820} INFO - Setting next_dagrun for example_subdag_operator.section-1 to None, run_after=None
[2023-12-20T22:50:42.508+0000] {logging_mixin.py:188} INFO - [2023-12-20T22:50:42.508+0000] {dag.py:3820} INFO - Setting next_dagrun for example_subdag_operator.section-2 to None, run_after=None
[2023-12-20T22:50:42.513+0000] {logging_mixin.py:188} INFO - [2023-12-20T22:50:42.513+0000] {dag.py:3033} INFO - Sync 2 DAGs
[2023-12-20T22:50:42.517+0000] {logging_mixin.py:188} INFO - [2023-12-20T22:50:42.517+0000] {dag.py:3820} INFO - Setting next_dagrun for example_subdag_operator.section-1 to None, run_after=None
[2023-12-20T22:50:42.518+0000] {logging_mixin.py:188} INFO - [2023-12-20T22:50:42.518+0000] {dag.py:3820} INFO - Setting next_dagrun for example_subdag_operator.section-2 to None, run_after=None
[2023-12-20T22:50:42.525+0000] {processor.py:183} INFO - Processing /home/airflow/.local/lib/python3.8/site-packages/airflow/example_dags/example_subdag_operator.py took 0.087 seconds
[2023-12-20T22:51:12.615+0000] {processor.py:161} INFO - Started process (PID=1438) to work on /home/airflow/.local/lib/python3.8/site-packages/airflow/example_dags/example_subdag_operator.py
[2023-12-20T22:51:12.617+0000] {processor.py:830} INFO - Processing file /home/airflow/.local/lib/python3.8/site-packages/airflow/example_dags/example_subdag_operator.py for tasks to queue
[2023-12-20T22:51:12.619+0000] {logging_mixin.py:188} INFO - [2023-12-20T22:51:12.619+0000] {dagbag.py:538} INFO - Filling up the DagBag from /home/airflow/.local/lib/python3.8/site-packages/airflow/example_dags/example_subdag_operator.py
[2023-12-20T22:51:12.643+0000] {processor.py:840} INFO - DAG(s) 'example_subdag_operator.section-1', 'example_subdag_operator.section-2', 'example_subdag_operator' retrieved from /home/airflow/.local/lib/python3.8/site-packages/airflow/example_dags/example_subdag_operator.py
[2023-12-20T22:51:12.655+0000] {logging_mixin.py:188} INFO - [2023-12-20T22:51:12.655+0000] {dag.py:3033} INFO - Sync 3 DAGs
[2023-12-20T22:51:12.672+0000] {logging_mixin.py:188} INFO - [2023-12-20T22:51:12.671+0000] {dag.py:3820} INFO - Setting next_dagrun for example_subdag_operator to 2022-01-01T00:00:00+00:00, run_after=2022-01-01T00:00:00+00:00
[2023-12-20T22:51:12.674+0000] {logging_mixin.py:188} INFO - [2023-12-20T22:51:12.674+0000] {dag.py:3820} INFO - Setting next_dagrun for example_subdag_operator.section-1 to None, run_after=None
[2023-12-20T22:51:12.676+0000] {logging_mixin.py:188} INFO - [2023-12-20T22:51:12.676+0000] {dag.py:3820} INFO - Setting next_dagrun for example_subdag_operator.section-2 to None, run_after=None
[2023-12-20T22:51:12.681+0000] {logging_mixin.py:188} INFO - [2023-12-20T22:51:12.681+0000] {dag.py:3033} INFO - Sync 2 DAGs
[2023-12-20T22:51:12.684+0000] {logging_mixin.py:188} INFO - [2023-12-20T22:51:12.684+0000] {dag.py:3820} INFO - Setting next_dagrun for example_subdag_operator.section-1 to None, run_after=None
[2023-12-20T22:51:12.685+0000] {logging_mixin.py:188} INFO - [2023-12-20T22:51:12.685+0000] {dag.py:3820} INFO - Setting next_dagrun for example_subdag_operator.section-2 to None, run_after=None
[2023-12-20T22:51:12.692+0000] {processor.py:183} INFO - Processing /home/airflow/.local/lib/python3.8/site-packages/airflow/example_dags/example_subdag_operator.py took 0.081 seconds
[2023-12-20T22:51:43.346+0000] {processor.py:161} INFO - Started process (PID=1493) to work on /home/airflow/.local/lib/python3.8/site-packages/airflow/example_dags/example_subdag_operator.py
[2023-12-20T22:51:43.354+0000] {processor.py:830} INFO - Processing file /home/airflow/.local/lib/python3.8/site-packages/airflow/example_dags/example_subdag_operator.py for tasks to queue
[2023-12-20T22:51:43.360+0000] {logging_mixin.py:188} INFO - [2023-12-20T22:51:43.359+0000] {dagbag.py:538} INFO - Filling up the DagBag from /home/airflow/.local/lib/python3.8/site-packages/airflow/example_dags/example_subdag_operator.py
[2023-12-20T22:51:43.397+0000] {processor.py:840} INFO - DAG(s) 'example_subdag_operator.section-1', 'example_subdag_operator.section-2', 'example_subdag_operator' retrieved from /home/airflow/.local/lib/python3.8/site-packages/airflow/example_dags/example_subdag_operator.py
[2023-12-20T22:51:43.415+0000] {logging_mixin.py:188} INFO - [2023-12-20T22:51:43.414+0000] {dag.py:3033} INFO - Sync 3 DAGs
[2023-12-20T22:51:43.452+0000] {logging_mixin.py:188} INFO - [2023-12-20T22:51:43.451+0000] {dag.py:3820} INFO - Setting next_dagrun for example_subdag_operator to 2022-01-01T00:00:00+00:00, run_after=2022-01-01T00:00:00+00:00
[2023-12-20T22:51:43.455+0000] {logging_mixin.py:188} INFO - [2023-12-20T22:51:43.455+0000] {dag.py:3820} INFO - Setting next_dagrun for example_subdag_operator.section-1 to None, run_after=None
[2023-12-20T22:51:43.457+0000] {logging_mixin.py:188} INFO - [2023-12-20T22:51:43.457+0000] {dag.py:3820} INFO - Setting next_dagrun for example_subdag_operator.section-2 to None, run_after=None
[2023-12-20T22:51:43.465+0000] {logging_mixin.py:188} INFO - [2023-12-20T22:51:43.464+0000] {dag.py:3033} INFO - Sync 2 DAGs
[2023-12-20T22:51:43.469+0000] {logging_mixin.py:188} INFO - [2023-12-20T22:51:43.469+0000] {dag.py:3820} INFO - Setting next_dagrun for example_subdag_operator.section-1 to None, run_after=None
[2023-12-20T22:51:43.470+0000] {logging_mixin.py:188} INFO - [2023-12-20T22:51:43.470+0000] {dag.py:3820} INFO - Setting next_dagrun for example_subdag_operator.section-2 to None, run_after=None
[2023-12-20T22:51:43.480+0000] {processor.py:183} INFO - Processing /home/airflow/.local/lib/python3.8/site-packages/airflow/example_dags/example_subdag_operator.py took 0.141 seconds
[2023-12-20T22:52:13.561+0000] {processor.py:161} INFO - Started process (PID=1548) to work on /home/airflow/.local/lib/python3.8/site-packages/airflow/example_dags/example_subdag_operator.py
[2023-12-20T22:52:13.562+0000] {processor.py:830} INFO - Processing file /home/airflow/.local/lib/python3.8/site-packages/airflow/example_dags/example_subdag_operator.py for tasks to queue
[2023-12-20T22:52:13.565+0000] {logging_mixin.py:188} INFO - [2023-12-20T22:52:13.565+0000] {dagbag.py:538} INFO - Filling up the DagBag from /home/airflow/.local/lib/python3.8/site-packages/airflow/example_dags/example_subdag_operator.py
[2023-12-20T22:52:13.590+0000] {processor.py:840} INFO - DAG(s) 'example_subdag_operator.section-1', 'example_subdag_operator.section-2', 'example_subdag_operator' retrieved from /home/airflow/.local/lib/python3.8/site-packages/airflow/example_dags/example_subdag_operator.py
[2023-12-20T22:52:13.602+0000] {logging_mixin.py:188} INFO - [2023-12-20T22:52:13.602+0000] {dag.py:3033} INFO - Sync 3 DAGs
[2023-12-20T22:52:13.619+0000] {logging_mixin.py:188} INFO - [2023-12-20T22:52:13.619+0000] {dag.py:3820} INFO - Setting next_dagrun for example_subdag_operator to 2022-01-01T00:00:00+00:00, run_after=2022-01-01T00:00:00+00:00
[2023-12-20T22:52:13.622+0000] {logging_mixin.py:188} INFO - [2023-12-20T22:52:13.622+0000] {dag.py:3820} INFO - Setting next_dagrun for example_subdag_operator.section-1 to None, run_after=None
[2023-12-20T22:52:13.623+0000] {logging_mixin.py:188} INFO - [2023-12-20T22:52:13.623+0000] {dag.py:3820} INFO - Setting next_dagrun for example_subdag_operator.section-2 to None, run_after=None
[2023-12-20T22:52:13.629+0000] {logging_mixin.py:188} INFO - [2023-12-20T22:52:13.629+0000] {dag.py:3033} INFO - Sync 2 DAGs
[2023-12-20T22:52:13.633+0000] {logging_mixin.py:188} INFO - [2023-12-20T22:52:13.633+0000] {dag.py:3820} INFO - Setting next_dagrun for example_subdag_operator.section-1 to None, run_after=None
[2023-12-20T22:52:13.634+0000] {logging_mixin.py:188} INFO - [2023-12-20T22:52:13.634+0000] {dag.py:3820} INFO - Setting next_dagrun for example_subdag_operator.section-2 to None, run_after=None
[2023-12-20T22:52:13.641+0000] {processor.py:183} INFO - Processing /home/airflow/.local/lib/python3.8/site-packages/airflow/example_dags/example_subdag_operator.py took 0.084 seconds
[2023-12-20T22:52:43.968+0000] {processor.py:161} INFO - Started process (PID=1603) to work on /home/airflow/.local/lib/python3.8/site-packages/airflow/example_dags/example_subdag_operator.py
[2023-12-20T22:52:43.970+0000] {processor.py:830} INFO - Processing file /home/airflow/.local/lib/python3.8/site-packages/airflow/example_dags/example_subdag_operator.py for tasks to queue
[2023-12-20T22:52:43.973+0000] {logging_mixin.py:188} INFO - [2023-12-20T22:52:43.972+0000] {dagbag.py:538} INFO - Filling up the DagBag from /home/airflow/.local/lib/python3.8/site-packages/airflow/example_dags/example_subdag_operator.py
[2023-12-20T22:52:43.998+0000] {processor.py:840} INFO - DAG(s) 'example_subdag_operator.section-1', 'example_subdag_operator.section-2', 'example_subdag_operator' retrieved from /home/airflow/.local/lib/python3.8/site-packages/airflow/example_dags/example_subdag_operator.py
[2023-12-20T22:52:44.013+0000] {logging_mixin.py:188} INFO - [2023-12-20T22:52:44.012+0000] {dag.py:3033} INFO - Sync 3 DAGs
[2023-12-20T22:52:44.033+0000] {logging_mixin.py:188} INFO - [2023-12-20T22:52:44.033+0000] {dag.py:3820} INFO - Setting next_dagrun for example_subdag_operator to 2022-01-01T00:00:00+00:00, run_after=2022-01-01T00:00:00+00:00
[2023-12-20T22:52:44.036+0000] {logging_mixin.py:188} INFO - [2023-12-20T22:52:44.036+0000] {dag.py:3820} INFO - Setting next_dagrun for example_subdag_operator.section-1 to None, run_after=None
[2023-12-20T22:52:44.037+0000] {logging_mixin.py:188} INFO - [2023-12-20T22:52:44.037+0000] {dag.py:3820} INFO - Setting next_dagrun for example_subdag_operator.section-2 to None, run_after=None
[2023-12-20T22:52:44.043+0000] {logging_mixin.py:188} INFO - [2023-12-20T22:52:44.043+0000] {dag.py:3033} INFO - Sync 2 DAGs
[2023-12-20T22:52:44.047+0000] {logging_mixin.py:188} INFO - [2023-12-20T22:52:44.047+0000] {dag.py:3820} INFO - Setting next_dagrun for example_subdag_operator.section-1 to None, run_after=None
[2023-12-20T22:52:44.048+0000] {logging_mixin.py:188} INFO - [2023-12-20T22:52:44.047+0000] {dag.py:3820} INFO - Setting next_dagrun for example_subdag_operator.section-2 to None, run_after=None
[2023-12-20T22:52:44.055+0000] {processor.py:183} INFO - Processing /home/airflow/.local/lib/python3.8/site-packages/airflow/example_dags/example_subdag_operator.py took 0.091 seconds
[2023-12-20T22:53:14.174+0000] {processor.py:161} INFO - Started process (PID=1659) to work on /home/airflow/.local/lib/python3.8/site-packages/airflow/example_dags/example_subdag_operator.py
[2023-12-20T22:53:14.175+0000] {processor.py:830} INFO - Processing file /home/airflow/.local/lib/python3.8/site-packages/airflow/example_dags/example_subdag_operator.py for tasks to queue
[2023-12-20T22:53:14.179+0000] {logging_mixin.py:188} INFO - [2023-12-20T22:53:14.178+0000] {dagbag.py:538} INFO - Filling up the DagBag from /home/airflow/.local/lib/python3.8/site-packages/airflow/example_dags/example_subdag_operator.py
[2023-12-20T22:53:14.203+0000] {processor.py:840} INFO - DAG(s) 'example_subdag_operator.section-1', 'example_subdag_operator.section-2', 'example_subdag_operator' retrieved from /home/airflow/.local/lib/python3.8/site-packages/airflow/example_dags/example_subdag_operator.py
[2023-12-20T22:53:14.215+0000] {logging_mixin.py:188} INFO - [2023-12-20T22:53:14.215+0000] {dag.py:3033} INFO - Sync 3 DAGs
[2023-12-20T22:53:14.231+0000] {logging_mixin.py:188} INFO - [2023-12-20T22:53:14.231+0000] {dag.py:3820} INFO - Setting next_dagrun for example_subdag_operator to 2022-01-01T00:00:00+00:00, run_after=2022-01-01T00:00:00+00:00
[2023-12-20T22:53:14.234+0000] {logging_mixin.py:188} INFO - [2023-12-20T22:53:14.234+0000] {dag.py:3820} INFO - Setting next_dagrun for example_subdag_operator.section-1 to None, run_after=None
[2023-12-20T22:53:14.235+0000] {logging_mixin.py:188} INFO - [2023-12-20T22:53:14.235+0000] {dag.py:3820} INFO - Setting next_dagrun for example_subdag_operator.section-2 to None, run_after=None
[2023-12-20T22:53:14.241+0000] {logging_mixin.py:188} INFO - [2023-12-20T22:53:14.241+0000] {dag.py:3033} INFO - Sync 2 DAGs
[2023-12-20T22:53:14.245+0000] {logging_mixin.py:188} INFO - [2023-12-20T22:53:14.245+0000] {dag.py:3820} INFO - Setting next_dagrun for example_subdag_operator.section-1 to None, run_after=None
[2023-12-20T22:53:14.246+0000] {logging_mixin.py:188} INFO - [2023-12-20T22:53:14.246+0000] {dag.py:3820} INFO - Setting next_dagrun for example_subdag_operator.section-2 to None, run_after=None
[2023-12-20T22:53:14.253+0000] {processor.py:183} INFO - Processing /home/airflow/.local/lib/python3.8/site-packages/airflow/example_dags/example_subdag_operator.py took 0.083 seconds
[2023-12-20T22:53:45.248+0000] {processor.py:161} INFO - Started process (PID=1715) to work on /home/airflow/.local/lib/python3.8/site-packages/airflow/example_dags/example_subdag_operator.py
[2023-12-20T22:53:45.261+0000] {processor.py:830} INFO - Processing file /home/airflow/.local/lib/python3.8/site-packages/airflow/example_dags/example_subdag_operator.py for tasks to queue
[2023-12-20T22:53:45.265+0000] {logging_mixin.py:188} INFO - [2023-12-20T22:53:45.265+0000] {dagbag.py:538} INFO - Filling up the DagBag from /home/airflow/.local/lib/python3.8/site-packages/airflow/example_dags/example_subdag_operator.py
[2023-12-20T22:53:45.390+0000] {processor.py:840} INFO - DAG(s) 'example_subdag_operator.section-1', 'example_subdag_operator.section-2', 'example_subdag_operator' retrieved from /home/airflow/.local/lib/python3.8/site-packages/airflow/example_dags/example_subdag_operator.py
[2023-12-20T22:53:45.441+0000] {logging_mixin.py:188} INFO - [2023-12-20T22:53:45.441+0000] {dag.py:3033} INFO - Sync 3 DAGs
[2023-12-20T22:53:45.521+0000] {logging_mixin.py:188} INFO - [2023-12-20T22:53:45.521+0000] {dag.py:3820} INFO - Setting next_dagrun for example_subdag_operator to 2022-01-01T00:00:00+00:00, run_after=2022-01-01T00:00:00+00:00
[2023-12-20T22:53:45.532+0000] {logging_mixin.py:188} INFO - [2023-12-20T22:53:45.532+0000] {dag.py:3820} INFO - Setting next_dagrun for example_subdag_operator.section-1 to None, run_after=None
[2023-12-20T22:53:45.538+0000] {logging_mixin.py:188} INFO - [2023-12-20T22:53:45.537+0000] {dag.py:3820} INFO - Setting next_dagrun for example_subdag_operator.section-2 to None, run_after=None
[2023-12-20T22:53:45.571+0000] {logging_mixin.py:188} INFO - [2023-12-20T22:53:45.568+0000] {dag.py:3033} INFO - Sync 2 DAGs
[2023-12-20T22:53:45.591+0000] {logging_mixin.py:188} INFO - [2023-12-20T22:53:45.591+0000] {dag.py:3820} INFO - Setting next_dagrun for example_subdag_operator.section-1 to None, run_after=None
[2023-12-20T22:53:45.593+0000] {logging_mixin.py:188} INFO - [2023-12-20T22:53:45.592+0000] {dag.py:3820} INFO - Setting next_dagrun for example_subdag_operator.section-2 to None, run_after=None
[2023-12-20T22:53:45.607+0000] {processor.py:183} INFO - Processing /home/airflow/.local/lib/python3.8/site-packages/airflow/example_dags/example_subdag_operator.py took 0.365 seconds
[2023-12-20T22:54:38.196+0000] {processor.py:161} INFO - Started process (PID=1775) to work on /home/airflow/.local/lib/python3.8/site-packages/airflow/example_dags/example_subdag_operator.py
[2023-12-20T22:54:38.203+0000] {processor.py:830} INFO - Processing file /home/airflow/.local/lib/python3.8/site-packages/airflow/example_dags/example_subdag_operator.py for tasks to queue
[2023-12-20T22:54:38.215+0000] {logging_mixin.py:188} INFO - [2023-12-20T22:54:38.214+0000] {dagbag.py:538} INFO - Filling up the DagBag from /home/airflow/.local/lib/python3.8/site-packages/airflow/example_dags/example_subdag_operator.py
[2023-12-20T22:54:38.344+0000] {processor.py:840} INFO - DAG(s) 'example_subdag_operator.section-1', 'example_subdag_operator.section-2', 'example_subdag_operator' retrieved from /home/airflow/.local/lib/python3.8/site-packages/airflow/example_dags/example_subdag_operator.py
[2023-12-20T22:54:38.472+0000] {logging_mixin.py:188} INFO - [2023-12-20T22:54:38.471+0000] {dag.py:3033} INFO - Sync 3 DAGs
[2023-12-20T22:54:38.572+0000] {logging_mixin.py:188} INFO - [2023-12-20T22:54:38.572+0000] {dag.py:3820} INFO - Setting next_dagrun for example_subdag_operator to 2022-01-01T00:00:00+00:00, run_after=2022-01-01T00:00:00+00:00
[2023-12-20T22:54:38.582+0000] {logging_mixin.py:188} INFO - [2023-12-20T22:54:38.582+0000] {dag.py:3820} INFO - Setting next_dagrun for example_subdag_operator.section-1 to None, run_after=None
[2023-12-20T22:54:38.587+0000] {logging_mixin.py:188} INFO - [2023-12-20T22:54:38.587+0000] {dag.py:3820} INFO - Setting next_dagrun for example_subdag_operator.section-2 to None, run_after=None
[2023-12-20T22:54:38.603+0000] {logging_mixin.py:188} INFO - [2023-12-20T22:54:38.603+0000] {dag.py:3033} INFO - Sync 2 DAGs
[2023-12-20T22:54:38.615+0000] {logging_mixin.py:188} INFO - [2023-12-20T22:54:38.614+0000] {dag.py:3820} INFO - Setting next_dagrun for example_subdag_operator.section-1 to None, run_after=None
[2023-12-20T22:54:38.616+0000] {logging_mixin.py:188} INFO - [2023-12-20T22:54:38.616+0000] {dag.py:3820} INFO - Setting next_dagrun for example_subdag_operator.section-2 to None, run_after=None
[2023-12-20T22:54:38.657+0000] {processor.py:183} INFO - Processing /home/airflow/.local/lib/python3.8/site-packages/airflow/example_dags/example_subdag_operator.py took 0.481 seconds
[2023-12-20T22:55:51.937+0000] {processor.py:161} INFO - Started process (PID=1846) to work on /home/airflow/.local/lib/python3.8/site-packages/airflow/example_dags/example_subdag_operator.py
[2023-12-20T22:55:51.948+0000] {processor.py:830} INFO - Processing file /home/airflow/.local/lib/python3.8/site-packages/airflow/example_dags/example_subdag_operator.py for tasks to queue
[2023-12-20T22:55:51.977+0000] {logging_mixin.py:188} INFO - [2023-12-20T22:55:51.975+0000] {dagbag.py:538} INFO - Filling up the DagBag from /home/airflow/.local/lib/python3.8/site-packages/airflow/example_dags/example_subdag_operator.py
[2023-12-20T22:55:52.397+0000] {processor.py:840} INFO - DAG(s) 'example_subdag_operator.section-1', 'example_subdag_operator.section-2', 'example_subdag_operator' retrieved from /home/airflow/.local/lib/python3.8/site-packages/airflow/example_dags/example_subdag_operator.py
[2023-12-20T22:55:52.579+0000] {logging_mixin.py:188} INFO - [2023-12-20T22:55:52.578+0000] {dag.py:3033} INFO - Sync 3 DAGs
[2023-12-20T22:55:52.833+0000] {logging_mixin.py:188} INFO - [2023-12-20T22:55:52.831+0000] {dag.py:3820} INFO - Setting next_dagrun for example_subdag_operator to 2022-01-01T00:00:00+00:00, run_after=2022-01-01T00:00:00+00:00
[2023-12-20T22:55:52.876+0000] {logging_mixin.py:188} INFO - [2023-12-20T22:55:52.876+0000] {dag.py:3820} INFO - Setting next_dagrun for example_subdag_operator.section-1 to None, run_after=None
[2023-12-20T22:55:52.891+0000] {logging_mixin.py:188} INFO - [2023-12-20T22:55:52.890+0000] {dag.py:3820} INFO - Setting next_dagrun for example_subdag_operator.section-2 to None, run_after=None
[2023-12-20T22:55:52.974+0000] {logging_mixin.py:188} INFO - [2023-12-20T22:55:52.966+0000] {dag.py:3033} INFO - Sync 2 DAGs
[2023-12-20T22:55:52.996+0000] {logging_mixin.py:188} INFO - [2023-12-20T22:55:52.996+0000] {dag.py:3820} INFO - Setting next_dagrun for example_subdag_operator.section-1 to None, run_after=None
[2023-12-20T22:55:52.998+0000] {logging_mixin.py:188} INFO - [2023-12-20T22:55:52.998+0000] {dag.py:3820} INFO - Setting next_dagrun for example_subdag_operator.section-2 to None, run_after=None
[2023-12-20T22:55:53.066+0000] {processor.py:183} INFO - Processing /home/airflow/.local/lib/python3.8/site-packages/airflow/example_dags/example_subdag_operator.py took 1.174 seconds
[2023-12-20T22:56:23.453+0000] {processor.py:161} INFO - Started process (PID=1915) to work on /home/airflow/.local/lib/python3.8/site-packages/airflow/example_dags/example_subdag_operator.py
[2023-12-20T22:56:23.459+0000] {processor.py:830} INFO - Processing file /home/airflow/.local/lib/python3.8/site-packages/airflow/example_dags/example_subdag_operator.py for tasks to queue
[2023-12-20T22:56:23.473+0000] {logging_mixin.py:188} INFO - [2023-12-20T22:56:23.470+0000] {dagbag.py:538} INFO - Filling up the DagBag from /home/airflow/.local/lib/python3.8/site-packages/airflow/example_dags/example_subdag_operator.py
[2023-12-20T22:56:23.576+0000] {processor.py:840} INFO - DAG(s) 'example_subdag_operator.section-1', 'example_subdag_operator.section-2', 'example_subdag_operator' retrieved from /home/airflow/.local/lib/python3.8/site-packages/airflow/example_dags/example_subdag_operator.py
[2023-12-20T22:56:23.634+0000] {logging_mixin.py:188} INFO - [2023-12-20T22:56:23.634+0000] {dag.py:3033} INFO - Sync 3 DAGs
[2023-12-20T22:56:26.317+0000] {logging_mixin.py:188} INFO - [2023-12-20T22:56:26.310+0000] {dag.py:3820} INFO - Setting next_dagrun for example_subdag_operator to 2022-01-01T00:00:00+00:00, run_after=2022-01-01T00:00:00+00:00
[2023-12-20T22:56:26.482+0000] {logging_mixin.py:188} INFO - [2023-12-20T22:56:26.480+0000] {dag.py:3820} INFO - Setting next_dagrun for example_subdag_operator.section-1 to None, run_after=None
[2023-12-20T22:56:26.526+0000] {logging_mixin.py:188} INFO - [2023-12-20T22:56:26.525+0000] {dag.py:3820} INFO - Setting next_dagrun for example_subdag_operator.section-2 to None, run_after=None
[2023-12-20T22:56:26.622+0000] {logging_mixin.py:188} INFO - [2023-12-20T22:56:26.621+0000] {dag.py:3033} INFO - Sync 2 DAGs
[2023-12-20T22:56:26.669+0000] {logging_mixin.py:188} INFO - [2023-12-20T22:56:26.668+0000] {dag.py:3820} INFO - Setting next_dagrun for example_subdag_operator.section-1 to None, run_after=None
[2023-12-20T22:56:26.673+0000] {logging_mixin.py:188} INFO - [2023-12-20T22:56:26.672+0000] {dag.py:3820} INFO - Setting next_dagrun for example_subdag_operator.section-2 to None, run_after=None
[2023-12-20T22:56:26.816+0000] {processor.py:183} INFO - Processing /home/airflow/.local/lib/python3.8/site-packages/airflow/example_dags/example_subdag_operator.py took 3.386 seconds
[2023-12-20T22:57:01.601+0000] {processor.py:161} INFO - Started process (PID=1971) to work on /home/airflow/.local/lib/python3.8/site-packages/airflow/example_dags/example_subdag_operator.py
[2023-12-20T22:57:01.610+0000] {processor.py:830} INFO - Processing file /home/airflow/.local/lib/python3.8/site-packages/airflow/example_dags/example_subdag_operator.py for tasks to queue
[2023-12-20T22:57:01.632+0000] {logging_mixin.py:188} INFO - [2023-12-20T22:57:01.631+0000] {dagbag.py:538} INFO - Filling up the DagBag from /home/airflow/.local/lib/python3.8/site-packages/airflow/example_dags/example_subdag_operator.py
[2023-12-20T22:57:01.925+0000] {processor.py:840} INFO - DAG(s) 'example_subdag_operator.section-1', 'example_subdag_operator.section-2', 'example_subdag_operator' retrieved from /home/airflow/.local/lib/python3.8/site-packages/airflow/example_dags/example_subdag_operator.py
[2023-12-20T22:57:02.067+0000] {logging_mixin.py:188} INFO - [2023-12-20T22:57:02.066+0000] {dag.py:3033} INFO - Sync 3 DAGs
[2023-12-20T22:57:02.171+0000] {logging_mixin.py:188} INFO - [2023-12-20T22:57:02.171+0000] {dag.py:3820} INFO - Setting next_dagrun for example_subdag_operator to 2022-01-01T00:00:00+00:00, run_after=2022-01-01T00:00:00+00:00
[2023-12-20T22:57:03.960+0000] {logging_mixin.py:188} INFO - [2023-12-20T22:57:03.959+0000] {dag.py:3820} INFO - Setting next_dagrun for example_subdag_operator.section-1 to None, run_after=None
[2023-12-20T22:57:03.970+0000] {logging_mixin.py:188} INFO - [2023-12-20T22:57:03.969+0000] {dag.py:3820} INFO - Setting next_dagrun for example_subdag_operator.section-2 to None, run_after=None
[2023-12-20T22:57:04.002+0000] {logging_mixin.py:188} INFO - [2023-12-20T22:57:04.002+0000] {dag.py:3033} INFO - Sync 2 DAGs
[2023-12-20T22:57:04.041+0000] {logging_mixin.py:188} INFO - [2023-12-20T22:57:04.038+0000] {dag.py:3820} INFO - Setting next_dagrun for example_subdag_operator.section-1 to None, run_after=None
[2023-12-20T22:57:04.045+0000] {logging_mixin.py:188} INFO - [2023-12-20T22:57:04.045+0000] {dag.py:3820} INFO - Setting next_dagrun for example_subdag_operator.section-2 to None, run_after=None
[2023-12-20T22:57:04.108+0000] {processor.py:183} INFO - Processing /home/airflow/.local/lib/python3.8/site-packages/airflow/example_dags/example_subdag_operator.py took 2.572 seconds
[2023-12-20T22:58:28.948+0000] {processor.py:161} INFO - Started process (PID=2024) to work on /home/airflow/.local/lib/python3.8/site-packages/airflow/example_dags/example_subdag_operator.py
[2023-12-20T22:58:28.969+0000] {processor.py:830} INFO - Processing file /home/airflow/.local/lib/python3.8/site-packages/airflow/example_dags/example_subdag_operator.py for tasks to queue
[2023-12-20T22:58:29.022+0000] {logging_mixin.py:188} INFO - [2023-12-20T22:58:29.013+0000] {dagbag.py:538} INFO - Filling up the DagBag from /home/airflow/.local/lib/python3.8/site-packages/airflow/example_dags/example_subdag_operator.py
[2023-12-20T22:58:29.715+0000] {processor.py:840} INFO - DAG(s) 'example_subdag_operator.section-1', 'example_subdag_operator.section-2', 'example_subdag_operator' retrieved from /home/airflow/.local/lib/python3.8/site-packages/airflow/example_dags/example_subdag_operator.py
[2023-12-20T22:58:30.311+0000] {logging_mixin.py:188} INFO - [2023-12-20T22:58:30.290+0000] {dag.py:3033} INFO - Sync 3 DAGs
[2023-12-20T22:58:30.814+0000] {logging_mixin.py:188} INFO - [2023-12-20T22:58:30.773+0000] {dag.py:3820} INFO - Setting next_dagrun for example_subdag_operator to 2022-01-01T00:00:00+00:00, run_after=2022-01-01T00:00:00+00:00
[2023-12-20T22:58:31.007+0000] {logging_mixin.py:188} INFO - [2023-12-20T22:58:31.006+0000] {dag.py:3820} INFO - Setting next_dagrun for example_subdag_operator.section-1 to None, run_after=None
[2023-12-20T22:58:31.024+0000] {logging_mixin.py:188} INFO - [2023-12-20T22:58:31.020+0000] {dag.py:3820} INFO - Setting next_dagrun for example_subdag_operator.section-2 to None, run_after=None
[2023-12-20T22:58:31.485+0000] {logging_mixin.py:188} INFO - [2023-12-20T22:58:31.438+0000] {dag.py:3033} INFO - Sync 2 DAGs
[2023-12-20T22:58:43.975+0000] {logging_mixin.py:188} INFO - [2023-12-20T22:58:43.970+0000] {dag.py:3820} INFO - Setting next_dagrun for example_subdag_operator.section-1 to None, run_after=None
[2023-12-20T22:58:43.992+0000] {logging_mixin.py:188} INFO - [2023-12-20T22:58:43.991+0000] {dag.py:3820} INFO - Setting next_dagrun for example_subdag_operator.section-2 to None, run_after=None
[2023-12-20T22:58:44.172+0000] {processor.py:183} INFO - Processing /home/airflow/.local/lib/python3.8/site-packages/airflow/example_dags/example_subdag_operator.py took 15.302 seconds
[2023-12-20T23:00:28.071+0000] {processor.py:161} INFO - Started process (PID=2092) to work on /home/airflow/.local/lib/python3.8/site-packages/airflow/example_dags/example_subdag_operator.py
[2023-12-20T23:00:28.079+0000] {processor.py:830} INFO - Processing file /home/airflow/.local/lib/python3.8/site-packages/airflow/example_dags/example_subdag_operator.py for tasks to queue
[2023-12-20T23:00:28.106+0000] {logging_mixin.py:188} INFO - [2023-12-20T23:00:28.099+0000] {dagbag.py:538} INFO - Filling up the DagBag from /home/airflow/.local/lib/python3.8/site-packages/airflow/example_dags/example_subdag_operator.py
[2023-12-20T23:00:28.348+0000] {processor.py:840} INFO - DAG(s) 'example_subdag_operator.section-1', 'example_subdag_operator.section-2', 'example_subdag_operator' retrieved from /home/airflow/.local/lib/python3.8/site-packages/airflow/example_dags/example_subdag_operator.py
[2023-12-20T23:00:28.611+0000] {logging_mixin.py:188} INFO - [2023-12-20T23:00:28.610+0000] {dag.py:3033} INFO - Sync 3 DAGs
[2023-12-20T23:00:33.185+0000] {logging_mixin.py:188} INFO - [2023-12-20T23:00:33.183+0000] {dag.py:3820} INFO - Setting next_dagrun for example_subdag_operator to 2022-01-01T00:00:00+00:00, run_after=2022-01-01T00:00:00+00:00
[2023-12-20T23:00:33.259+0000] {logging_mixin.py:188} INFO - [2023-12-20T23:00:33.259+0000] {dag.py:3820} INFO - Setting next_dagrun for example_subdag_operator.section-1 to None, run_after=None
[2023-12-20T23:00:33.276+0000] {logging_mixin.py:188} INFO - [2023-12-20T23:00:33.275+0000] {dag.py:3820} INFO - Setting next_dagrun for example_subdag_operator.section-2 to None, run_after=None
[2023-12-20T23:00:33.513+0000] {logging_mixin.py:188} INFO - [2023-12-20T23:00:33.512+0000] {dag.py:3033} INFO - Sync 2 DAGs
[2023-12-20T23:00:33.645+0000] {logging_mixin.py:188} INFO - [2023-12-20T23:00:33.644+0000] {dag.py:3820} INFO - Setting next_dagrun for example_subdag_operator.section-1 to None, run_after=None
[2023-12-20T23:00:33.663+0000] {logging_mixin.py:188} INFO - [2023-12-20T23:00:33.662+0000] {dag.py:3820} INFO - Setting next_dagrun for example_subdag_operator.section-2 to None, run_after=None
[2023-12-20T23:00:33.819+0000] {processor.py:183} INFO - Processing /home/airflow/.local/lib/python3.8/site-packages/airflow/example_dags/example_subdag_operator.py took 5.811 seconds
[2023-12-20T23:02:05.121+0000] {processor.py:161} INFO - Started process (PID=2178) to work on /home/airflow/.local/lib/python3.8/site-packages/airflow/example_dags/example_subdag_operator.py
[2023-12-20T23:02:05.126+0000] {processor.py:830} INFO - Processing file /home/airflow/.local/lib/python3.8/site-packages/airflow/example_dags/example_subdag_operator.py for tasks to queue
[2023-12-20T23:02:05.153+0000] {logging_mixin.py:188} INFO - [2023-12-20T23:02:05.151+0000] {dagbag.py:538} INFO - Filling up the DagBag from /home/airflow/.local/lib/python3.8/site-packages/airflow/example_dags/example_subdag_operator.py
[2023-12-20T23:02:05.296+0000] {processor.py:840} INFO - DAG(s) 'example_subdag_operator.section-1', 'example_subdag_operator.section-2', 'example_subdag_operator' retrieved from /home/airflow/.local/lib/python3.8/site-packages/airflow/example_dags/example_subdag_operator.py
[2023-12-20T23:02:05.347+0000] {logging_mixin.py:188} INFO - [2023-12-20T23:02:05.346+0000] {dag.py:3033} INFO - Sync 3 DAGs
[2023-12-20T23:02:06.909+0000] {logging_mixin.py:188} INFO - [2023-12-20T23:02:06.908+0000] {dag.py:3820} INFO - Setting next_dagrun for example_subdag_operator to 2022-01-01T00:00:00+00:00, run_after=2022-01-01T00:00:00+00:00
[2023-12-20T23:02:06.959+0000] {logging_mixin.py:188} INFO - [2023-12-20T23:02:06.959+0000] {dag.py:3820} INFO - Setting next_dagrun for example_subdag_operator.section-1 to None, run_after=None
[2023-12-20T23:02:06.963+0000] {logging_mixin.py:188} INFO - [2023-12-20T23:02:06.963+0000] {dag.py:3820} INFO - Setting next_dagrun for example_subdag_operator.section-2 to None, run_after=None
[2023-12-20T23:02:06.982+0000] {logging_mixin.py:188} INFO - [2023-12-20T23:02:06.982+0000] {dag.py:3033} INFO - Sync 2 DAGs
[2023-12-20T23:02:06.996+0000] {logging_mixin.py:188} INFO - [2023-12-20T23:02:06.996+0000] {dag.py:3820} INFO - Setting next_dagrun for example_subdag_operator.section-1 to None, run_after=None
[2023-12-20T23:02:06.998+0000] {logging_mixin.py:188} INFO - [2023-12-20T23:02:06.998+0000] {dag.py:3820} INFO - Setting next_dagrun for example_subdag_operator.section-2 to None, run_after=None
[2023-12-20T23:02:07.037+0000] {processor.py:183} INFO - Processing /home/airflow/.local/lib/python3.8/site-packages/airflow/example_dags/example_subdag_operator.py took 1.938 seconds
[2023-12-20T23:03:07.001+0000] {processor.py:161} INFO - Started process (PID=2247) to work on /home/airflow/.local/lib/python3.8/site-packages/airflow/example_dags/example_subdag_operator.py
[2023-12-20T23:03:07.010+0000] {processor.py:830} INFO - Processing file /home/airflow/.local/lib/python3.8/site-packages/airflow/example_dags/example_subdag_operator.py for tasks to queue
[2023-12-20T23:03:07.036+0000] {logging_mixin.py:188} INFO - [2023-12-20T23:03:07.033+0000] {dagbag.py:538} INFO - Filling up the DagBag from /home/airflow/.local/lib/python3.8/site-packages/airflow/example_dags/example_subdag_operator.py
[2023-12-20T23:03:07.182+0000] {processor.py:840} INFO - DAG(s) 'example_subdag_operator.section-1', 'example_subdag_operator.section-2', 'example_subdag_operator' retrieved from /home/airflow/.local/lib/python3.8/site-packages/airflow/example_dags/example_subdag_operator.py
[2023-12-20T23:03:07.403+0000] {logging_mixin.py:188} INFO - [2023-12-20T23:03:07.402+0000] {dag.py:3033} INFO - Sync 3 DAGs
[2023-12-20T23:03:07.530+0000] {logging_mixin.py:188} INFO - [2023-12-20T23:03:07.529+0000] {dag.py:3820} INFO - Setting next_dagrun for example_subdag_operator to 2022-01-01T00:00:00+00:00, run_after=2022-01-01T00:00:00+00:00
[2023-12-20T23:03:07.548+0000] {logging_mixin.py:188} INFO - [2023-12-20T23:03:07.548+0000] {dag.py:3820} INFO - Setting next_dagrun for example_subdag_operator.section-1 to None, run_after=None
[2023-12-20T23:03:07.582+0000] {logging_mixin.py:188} INFO - [2023-12-20T23:03:07.582+0000] {dag.py:3820} INFO - Setting next_dagrun for example_subdag_operator.section-2 to None, run_after=None
[2023-12-20T23:03:07.639+0000] {logging_mixin.py:188} INFO - [2023-12-20T23:03:07.639+0000] {dag.py:3033} INFO - Sync 2 DAGs
[2023-12-20T23:03:07.682+0000] {logging_mixin.py:188} INFO - [2023-12-20T23:03:07.680+0000] {dag.py:3820} INFO - Setting next_dagrun for example_subdag_operator.section-1 to None, run_after=None
[2023-12-20T23:03:07.693+0000] {logging_mixin.py:188} INFO - [2023-12-20T23:03:07.692+0000] {dag.py:3820} INFO - Setting next_dagrun for example_subdag_operator.section-2 to None, run_after=None
[2023-12-20T23:03:07.829+0000] {processor.py:183} INFO - Processing /home/airflow/.local/lib/python3.8/site-packages/airflow/example_dags/example_subdag_operator.py took 0.849 seconds
[2023-12-20T23:06:11.681+0000] {processor.py:161} INFO - Started process (PID=2336) to work on /home/airflow/.local/lib/python3.8/site-packages/airflow/example_dags/example_subdag_operator.py
[2023-12-20T23:06:11.715+0000] {processor.py:830} INFO - Processing file /home/airflow/.local/lib/python3.8/site-packages/airflow/example_dags/example_subdag_operator.py for tasks to queue
[2023-12-20T23:06:11.803+0000] {logging_mixin.py:188} INFO - [2023-12-20T23:06:11.773+0000] {dagbag.py:538} INFO - Filling up the DagBag from /home/airflow/.local/lib/python3.8/site-packages/airflow/example_dags/example_subdag_operator.py
[2023-12-20T23:06:12.608+0000] {processor.py:840} INFO - DAG(s) 'example_subdag_operator.section-1', 'example_subdag_operator.section-2', 'example_subdag_operator' retrieved from /home/airflow/.local/lib/python3.8/site-packages/airflow/example_dags/example_subdag_operator.py
[2023-12-20T23:06:13.125+0000] {logging_mixin.py:188} INFO - [2023-12-20T23:06:13.108+0000] {dag.py:3033} INFO - Sync 3 DAGs
