[2023-12-20T22:38:20.644+0000] {processor.py:161} INFO - Started process (PID=52) to work on /home/airflow/.local/lib/python3.8/site-packages/airflow/example_dags/example_time_delta_sensor_async.py
[2023-12-20T22:38:20.653+0000] {processor.py:830} INFO - Processing file /home/airflow/.local/lib/python3.8/site-packages/airflow/example_dags/example_time_delta_sensor_async.py for tasks to queue
[2023-12-20T22:38:20.680+0000] {logging_mixin.py:188} INFO - [2023-12-20T22:38:20.678+0000] {dagbag.py:538} INFO - Filling up the DagBag from /home/airflow/.local/lib/python3.8/site-packages/airflow/example_dags/example_time_delta_sensor_async.py
[2023-12-20T22:38:20.772+0000] {processor.py:840} INFO - DAG(s) 'example_time_delta_sensor_async' retrieved from /home/airflow/.local/lib/python3.8/site-packages/airflow/example_dags/example_time_delta_sensor_async.py
[2023-12-20T22:38:21.226+0000] {logging_mixin.py:188} INFO - [2023-12-20T22:38:21.226+0000] {dag.py:3033} INFO - Sync 1 DAGs
[2023-12-20T22:38:21.263+0000] {logging_mixin.py:188} INFO - [2023-12-20T22:38:21.262+0000] {dag.py:3820} INFO - Setting next_dagrun for example_time_delta_sensor_async to None, run_after=None
[2023-12-20T22:38:21.305+0000] {processor.py:183} INFO - Processing /home/airflow/.local/lib/python3.8/site-packages/airflow/example_dags/example_time_delta_sensor_async.py took 0.679 seconds
[2023-12-20T22:38:52.058+0000] {processor.py:161} INFO - Started process (PID=107) to work on /home/airflow/.local/lib/python3.8/site-packages/airflow/example_dags/example_time_delta_sensor_async.py
[2023-12-20T22:38:52.061+0000] {processor.py:830} INFO - Processing file /home/airflow/.local/lib/python3.8/site-packages/airflow/example_dags/example_time_delta_sensor_async.py for tasks to queue
[2023-12-20T22:38:52.091+0000] {logging_mixin.py:188} INFO - [2023-12-20T22:38:52.087+0000] {dagbag.py:538} INFO - Filling up the DagBag from /home/airflow/.local/lib/python3.8/site-packages/airflow/example_dags/example_time_delta_sensor_async.py
[2023-12-20T22:38:52.104+0000] {processor.py:840} INFO - DAG(s) 'example_time_delta_sensor_async' retrieved from /home/airflow/.local/lib/python3.8/site-packages/airflow/example_dags/example_time_delta_sensor_async.py
[2023-12-20T22:38:52.138+0000] {logging_mixin.py:188} INFO - [2023-12-20T22:38:52.138+0000] {dag.py:3033} INFO - Sync 1 DAGs
[2023-12-20T22:38:52.155+0000] {logging_mixin.py:188} INFO - [2023-12-20T22:38:52.155+0000] {dag.py:3820} INFO - Setting next_dagrun for example_time_delta_sensor_async to None, run_after=None
[2023-12-20T22:38:52.176+0000] {processor.py:183} INFO - Processing /home/airflow/.local/lib/python3.8/site-packages/airflow/example_dags/example_time_delta_sensor_async.py took 0.125 seconds
[2023-12-20T22:39:22.618+0000] {processor.py:161} INFO - Started process (PID=162) to work on /home/airflow/.local/lib/python3.8/site-packages/airflow/example_dags/example_time_delta_sensor_async.py
[2023-12-20T22:39:22.620+0000] {processor.py:830} INFO - Processing file /home/airflow/.local/lib/python3.8/site-packages/airflow/example_dags/example_time_delta_sensor_async.py for tasks to queue
[2023-12-20T22:39:22.623+0000] {logging_mixin.py:188} INFO - [2023-12-20T22:39:22.622+0000] {dagbag.py:538} INFO - Filling up the DagBag from /home/airflow/.local/lib/python3.8/site-packages/airflow/example_dags/example_time_delta_sensor_async.py
[2023-12-20T22:39:22.629+0000] {processor.py:840} INFO - DAG(s) 'example_time_delta_sensor_async' retrieved from /home/airflow/.local/lib/python3.8/site-packages/airflow/example_dags/example_time_delta_sensor_async.py
[2023-12-20T22:39:22.653+0000] {logging_mixin.py:188} INFO - [2023-12-20T22:39:22.653+0000] {dag.py:3033} INFO - Sync 1 DAGs
[2023-12-20T22:39:22.664+0000] {logging_mixin.py:188} INFO - [2023-12-20T22:39:22.664+0000] {dag.py:3820} INFO - Setting next_dagrun for example_time_delta_sensor_async to None, run_after=None
[2023-12-20T22:39:22.677+0000] {processor.py:183} INFO - Processing /home/airflow/.local/lib/python3.8/site-packages/airflow/example_dags/example_time_delta_sensor_async.py took 0.063 seconds
[2023-12-20T22:39:53.478+0000] {processor.py:161} INFO - Started process (PID=218) to work on /home/airflow/.local/lib/python3.8/site-packages/airflow/example_dags/example_time_delta_sensor_async.py
[2023-12-20T22:39:53.480+0000] {processor.py:830} INFO - Processing file /home/airflow/.local/lib/python3.8/site-packages/airflow/example_dags/example_time_delta_sensor_async.py for tasks to queue
[2023-12-20T22:39:53.483+0000] {logging_mixin.py:188} INFO - [2023-12-20T22:39:53.482+0000] {dagbag.py:538} INFO - Filling up the DagBag from /home/airflow/.local/lib/python3.8/site-packages/airflow/example_dags/example_time_delta_sensor_async.py
[2023-12-20T22:39:53.489+0000] {processor.py:840} INFO - DAG(s) 'example_time_delta_sensor_async' retrieved from /home/airflow/.local/lib/python3.8/site-packages/airflow/example_dags/example_time_delta_sensor_async.py
[2023-12-20T22:39:53.514+0000] {logging_mixin.py:188} INFO - [2023-12-20T22:39:53.514+0000] {dag.py:3033} INFO - Sync 1 DAGs
[2023-12-20T22:39:53.525+0000] {logging_mixin.py:188} INFO - [2023-12-20T22:39:53.525+0000] {dag.py:3820} INFO - Setting next_dagrun for example_time_delta_sensor_async to None, run_after=None
[2023-12-20T22:39:53.540+0000] {processor.py:183} INFO - Processing /home/airflow/.local/lib/python3.8/site-packages/airflow/example_dags/example_time_delta_sensor_async.py took 0.066 seconds
[2023-12-20T22:40:24.060+0000] {processor.py:161} INFO - Started process (PID=273) to work on /home/airflow/.local/lib/python3.8/site-packages/airflow/example_dags/example_time_delta_sensor_async.py
[2023-12-20T22:40:24.062+0000] {processor.py:830} INFO - Processing file /home/airflow/.local/lib/python3.8/site-packages/airflow/example_dags/example_time_delta_sensor_async.py for tasks to queue
[2023-12-20T22:40:24.065+0000] {logging_mixin.py:188} INFO - [2023-12-20T22:40:24.065+0000] {dagbag.py:538} INFO - Filling up the DagBag from /home/airflow/.local/lib/python3.8/site-packages/airflow/example_dags/example_time_delta_sensor_async.py
[2023-12-20T22:40:24.071+0000] {processor.py:840} INFO - DAG(s) 'example_time_delta_sensor_async' retrieved from /home/airflow/.local/lib/python3.8/site-packages/airflow/example_dags/example_time_delta_sensor_async.py
[2023-12-20T22:40:24.095+0000] {logging_mixin.py:188} INFO - [2023-12-20T22:40:24.095+0000] {dag.py:3033} INFO - Sync 1 DAGs
[2023-12-20T22:40:24.107+0000] {logging_mixin.py:188} INFO - [2023-12-20T22:40:24.107+0000] {dag.py:3820} INFO - Setting next_dagrun for example_time_delta_sensor_async to None, run_after=None
[2023-12-20T22:40:24.121+0000] {processor.py:183} INFO - Processing /home/airflow/.local/lib/python3.8/site-packages/airflow/example_dags/example_time_delta_sensor_async.py took 0.064 seconds
[2023-12-20T22:40:54.184+0000] {processor.py:161} INFO - Started process (PID=328) to work on /home/airflow/.local/lib/python3.8/site-packages/airflow/example_dags/example_time_delta_sensor_async.py
[2023-12-20T22:40:54.186+0000] {processor.py:830} INFO - Processing file /home/airflow/.local/lib/python3.8/site-packages/airflow/example_dags/example_time_delta_sensor_async.py for tasks to queue
[2023-12-20T22:40:54.189+0000] {logging_mixin.py:188} INFO - [2023-12-20T22:40:54.189+0000] {dagbag.py:538} INFO - Filling up the DagBag from /home/airflow/.local/lib/python3.8/site-packages/airflow/example_dags/example_time_delta_sensor_async.py
[2023-12-20T22:40:54.196+0000] {processor.py:840} INFO - DAG(s) 'example_time_delta_sensor_async' retrieved from /home/airflow/.local/lib/python3.8/site-packages/airflow/example_dags/example_time_delta_sensor_async.py
[2023-12-20T22:40:54.221+0000] {logging_mixin.py:188} INFO - [2023-12-20T22:40:54.221+0000] {dag.py:3033} INFO - Sync 1 DAGs
[2023-12-20T22:40:54.232+0000] {logging_mixin.py:188} INFO - [2023-12-20T22:40:54.232+0000] {dag.py:3820} INFO - Setting next_dagrun for example_time_delta_sensor_async to None, run_after=None
[2023-12-20T22:40:54.245+0000] {processor.py:183} INFO - Processing /home/airflow/.local/lib/python3.8/site-packages/airflow/example_dags/example_time_delta_sensor_async.py took 0.067 seconds
[2023-12-20T22:41:24.541+0000] {processor.py:161} INFO - Started process (PID=382) to work on /home/airflow/.local/lib/python3.8/site-packages/airflow/example_dags/example_time_delta_sensor_async.py
[2023-12-20T22:41:24.543+0000] {processor.py:830} INFO - Processing file /home/airflow/.local/lib/python3.8/site-packages/airflow/example_dags/example_time_delta_sensor_async.py for tasks to queue
[2023-12-20T22:41:24.545+0000] {logging_mixin.py:188} INFO - [2023-12-20T22:41:24.545+0000] {dagbag.py:538} INFO - Filling up the DagBag from /home/airflow/.local/lib/python3.8/site-packages/airflow/example_dags/example_time_delta_sensor_async.py
[2023-12-20T22:41:24.552+0000] {processor.py:840} INFO - DAG(s) 'example_time_delta_sensor_async' retrieved from /home/airflow/.local/lib/python3.8/site-packages/airflow/example_dags/example_time_delta_sensor_async.py
[2023-12-20T22:41:24.574+0000] {logging_mixin.py:188} INFO - [2023-12-20T22:41:24.574+0000] {dag.py:3033} INFO - Sync 1 DAGs
[2023-12-20T22:41:24.585+0000] {logging_mixin.py:188} INFO - [2023-12-20T22:41:24.585+0000] {dag.py:3820} INFO - Setting next_dagrun for example_time_delta_sensor_async to None, run_after=None
[2023-12-20T22:41:24.598+0000] {processor.py:183} INFO - Processing /home/airflow/.local/lib/python3.8/site-packages/airflow/example_dags/example_time_delta_sensor_async.py took 0.061 seconds
[2023-12-20T22:41:54.867+0000] {processor.py:161} INFO - Started process (PID=437) to work on /home/airflow/.local/lib/python3.8/site-packages/airflow/example_dags/example_time_delta_sensor_async.py
[2023-12-20T22:41:54.869+0000] {processor.py:830} INFO - Processing file /home/airflow/.local/lib/python3.8/site-packages/airflow/example_dags/example_time_delta_sensor_async.py for tasks to queue
[2023-12-20T22:41:54.872+0000] {logging_mixin.py:188} INFO - [2023-12-20T22:41:54.871+0000] {dagbag.py:538} INFO - Filling up the DagBag from /home/airflow/.local/lib/python3.8/site-packages/airflow/example_dags/example_time_delta_sensor_async.py
[2023-12-20T22:41:54.878+0000] {processor.py:840} INFO - DAG(s) 'example_time_delta_sensor_async' retrieved from /home/airflow/.local/lib/python3.8/site-packages/airflow/example_dags/example_time_delta_sensor_async.py
[2023-12-20T22:41:54.903+0000] {logging_mixin.py:188} INFO - [2023-12-20T22:41:54.903+0000] {dag.py:3033} INFO - Sync 1 DAGs
[2023-12-20T22:41:54.914+0000] {logging_mixin.py:188} INFO - [2023-12-20T22:41:54.914+0000] {dag.py:3820} INFO - Setting next_dagrun for example_time_delta_sensor_async to None, run_after=None
[2023-12-20T22:41:54.929+0000] {processor.py:183} INFO - Processing /home/airflow/.local/lib/python3.8/site-packages/airflow/example_dags/example_time_delta_sensor_async.py took 0.066 seconds
[2023-12-20T22:42:25.106+0000] {processor.py:161} INFO - Started process (PID=492) to work on /home/airflow/.local/lib/python3.8/site-packages/airflow/example_dags/example_time_delta_sensor_async.py
[2023-12-20T22:42:25.108+0000] {processor.py:830} INFO - Processing file /home/airflow/.local/lib/python3.8/site-packages/airflow/example_dags/example_time_delta_sensor_async.py for tasks to queue
[2023-12-20T22:42:25.112+0000] {logging_mixin.py:188} INFO - [2023-12-20T22:42:25.112+0000] {dagbag.py:538} INFO - Filling up the DagBag from /home/airflow/.local/lib/python3.8/site-packages/airflow/example_dags/example_time_delta_sensor_async.py
[2023-12-20T22:42:25.119+0000] {processor.py:840} INFO - DAG(s) 'example_time_delta_sensor_async' retrieved from /home/airflow/.local/lib/python3.8/site-packages/airflow/example_dags/example_time_delta_sensor_async.py
[2023-12-20T22:42:25.147+0000] {logging_mixin.py:188} INFO - [2023-12-20T22:42:25.147+0000] {dag.py:3033} INFO - Sync 1 DAGs
[2023-12-20T22:42:25.158+0000] {logging_mixin.py:188} INFO - [2023-12-20T22:42:25.158+0000] {dag.py:3820} INFO - Setting next_dagrun for example_time_delta_sensor_async to None, run_after=None
[2023-12-20T22:42:25.173+0000] {processor.py:183} INFO - Processing /home/airflow/.local/lib/python3.8/site-packages/airflow/example_dags/example_time_delta_sensor_async.py took 0.074 seconds
[2023-12-20T22:42:55.415+0000] {processor.py:161} INFO - Started process (PID=546) to work on /home/airflow/.local/lib/python3.8/site-packages/airflow/example_dags/example_time_delta_sensor_async.py
[2023-12-20T22:42:55.417+0000] {processor.py:830} INFO - Processing file /home/airflow/.local/lib/python3.8/site-packages/airflow/example_dags/example_time_delta_sensor_async.py for tasks to queue
[2023-12-20T22:42:55.421+0000] {logging_mixin.py:188} INFO - [2023-12-20T22:42:55.420+0000] {dagbag.py:538} INFO - Filling up the DagBag from /home/airflow/.local/lib/python3.8/site-packages/airflow/example_dags/example_time_delta_sensor_async.py
[2023-12-20T22:42:55.427+0000] {processor.py:840} INFO - DAG(s) 'example_time_delta_sensor_async' retrieved from /home/airflow/.local/lib/python3.8/site-packages/airflow/example_dags/example_time_delta_sensor_async.py
[2023-12-20T22:42:55.451+0000] {logging_mixin.py:188} INFO - [2023-12-20T22:42:55.451+0000] {dag.py:3033} INFO - Sync 1 DAGs
[2023-12-20T22:42:55.461+0000] {logging_mixin.py:188} INFO - [2023-12-20T22:42:55.461+0000] {dag.py:3820} INFO - Setting next_dagrun for example_time_delta_sensor_async to None, run_after=None
[2023-12-20T22:42:55.474+0000] {processor.py:183} INFO - Processing /home/airflow/.local/lib/python3.8/site-packages/airflow/example_dags/example_time_delta_sensor_async.py took 0.065 seconds
[2023-12-20T22:43:25.878+0000] {processor.py:161} INFO - Started process (PID=601) to work on /home/airflow/.local/lib/python3.8/site-packages/airflow/example_dags/example_time_delta_sensor_async.py
[2023-12-20T22:43:25.880+0000] {processor.py:830} INFO - Processing file /home/airflow/.local/lib/python3.8/site-packages/airflow/example_dags/example_time_delta_sensor_async.py for tasks to queue
[2023-12-20T22:43:25.882+0000] {logging_mixin.py:188} INFO - [2023-12-20T22:43:25.882+0000] {dagbag.py:538} INFO - Filling up the DagBag from /home/airflow/.local/lib/python3.8/site-packages/airflow/example_dags/example_time_delta_sensor_async.py
[2023-12-20T22:43:25.888+0000] {processor.py:840} INFO - DAG(s) 'example_time_delta_sensor_async' retrieved from /home/airflow/.local/lib/python3.8/site-packages/airflow/example_dags/example_time_delta_sensor_async.py
[2023-12-20T22:43:25.911+0000] {logging_mixin.py:188} INFO - [2023-12-20T22:43:25.911+0000] {dag.py:3033} INFO - Sync 1 DAGs
[2023-12-20T22:43:25.921+0000] {logging_mixin.py:188} INFO - [2023-12-20T22:43:25.921+0000] {dag.py:3820} INFO - Setting next_dagrun for example_time_delta_sensor_async to None, run_after=None
[2023-12-20T22:43:25.934+0000] {processor.py:183} INFO - Processing /home/airflow/.local/lib/python3.8/site-packages/airflow/example_dags/example_time_delta_sensor_async.py took 0.060 seconds
[2023-12-20T22:43:56.318+0000] {processor.py:161} INFO - Started process (PID=656) to work on /home/airflow/.local/lib/python3.8/site-packages/airflow/example_dags/example_time_delta_sensor_async.py
[2023-12-20T22:43:56.319+0000] {processor.py:830} INFO - Processing file /home/airflow/.local/lib/python3.8/site-packages/airflow/example_dags/example_time_delta_sensor_async.py for tasks to queue
[2023-12-20T22:43:56.322+0000] {logging_mixin.py:188} INFO - [2023-12-20T22:43:56.322+0000] {dagbag.py:538} INFO - Filling up the DagBag from /home/airflow/.local/lib/python3.8/site-packages/airflow/example_dags/example_time_delta_sensor_async.py
[2023-12-20T22:43:56.329+0000] {processor.py:840} INFO - DAG(s) 'example_time_delta_sensor_async' retrieved from /home/airflow/.local/lib/python3.8/site-packages/airflow/example_dags/example_time_delta_sensor_async.py
[2023-12-20T22:43:56.354+0000] {logging_mixin.py:188} INFO - [2023-12-20T22:43:56.354+0000] {dag.py:3033} INFO - Sync 1 DAGs
[2023-12-20T22:43:56.365+0000] {logging_mixin.py:188} INFO - [2023-12-20T22:43:56.365+0000] {dag.py:3820} INFO - Setting next_dagrun for example_time_delta_sensor_async to None, run_after=None
[2023-12-20T22:43:56.378+0000] {processor.py:183} INFO - Processing /home/airflow/.local/lib/python3.8/site-packages/airflow/example_dags/example_time_delta_sensor_async.py took 0.065 seconds
[2023-12-20T22:44:26.642+0000] {processor.py:161} INFO - Started process (PID=711) to work on /home/airflow/.local/lib/python3.8/site-packages/airflow/example_dags/example_time_delta_sensor_async.py
[2023-12-20T22:44:26.644+0000] {processor.py:830} INFO - Processing file /home/airflow/.local/lib/python3.8/site-packages/airflow/example_dags/example_time_delta_sensor_async.py for tasks to queue
[2023-12-20T22:44:26.646+0000] {logging_mixin.py:188} INFO - [2023-12-20T22:44:26.646+0000] {dagbag.py:538} INFO - Filling up the DagBag from /home/airflow/.local/lib/python3.8/site-packages/airflow/example_dags/example_time_delta_sensor_async.py
[2023-12-20T22:44:26.652+0000] {processor.py:840} INFO - DAG(s) 'example_time_delta_sensor_async' retrieved from /home/airflow/.local/lib/python3.8/site-packages/airflow/example_dags/example_time_delta_sensor_async.py
[2023-12-20T22:44:26.677+0000] {logging_mixin.py:188} INFO - [2023-12-20T22:44:26.676+0000] {dag.py:3033} INFO - Sync 1 DAGs
[2023-12-20T22:44:26.688+0000] {logging_mixin.py:188} INFO - [2023-12-20T22:44:26.688+0000] {dag.py:3820} INFO - Setting next_dagrun for example_time_delta_sensor_async to None, run_after=None
[2023-12-20T22:44:26.702+0000] {processor.py:183} INFO - Processing /home/airflow/.local/lib/python3.8/site-packages/airflow/example_dags/example_time_delta_sensor_async.py took 0.064 seconds
[2023-12-20T22:44:57.453+0000] {processor.py:161} INFO - Started process (PID=766) to work on /home/airflow/.local/lib/python3.8/site-packages/airflow/example_dags/example_time_delta_sensor_async.py
[2023-12-20T22:44:57.455+0000] {processor.py:830} INFO - Processing file /home/airflow/.local/lib/python3.8/site-packages/airflow/example_dags/example_time_delta_sensor_async.py for tasks to queue
[2023-12-20T22:44:57.459+0000] {logging_mixin.py:188} INFO - [2023-12-20T22:44:57.458+0000] {dagbag.py:538} INFO - Filling up the DagBag from /home/airflow/.local/lib/python3.8/site-packages/airflow/example_dags/example_time_delta_sensor_async.py
[2023-12-20T22:44:57.465+0000] {processor.py:840} INFO - DAG(s) 'example_time_delta_sensor_async' retrieved from /home/airflow/.local/lib/python3.8/site-packages/airflow/example_dags/example_time_delta_sensor_async.py
[2023-12-20T22:44:57.491+0000] {logging_mixin.py:188} INFO - [2023-12-20T22:44:57.490+0000] {dag.py:3033} INFO - Sync 1 DAGs
[2023-12-20T22:44:57.502+0000] {logging_mixin.py:188} INFO - [2023-12-20T22:44:57.502+0000] {dag.py:3820} INFO - Setting next_dagrun for example_time_delta_sensor_async to None, run_after=None
[2023-12-20T22:44:57.516+0000] {processor.py:183} INFO - Processing /home/airflow/.local/lib/python3.8/site-packages/airflow/example_dags/example_time_delta_sensor_async.py took 0.067 seconds
[2023-12-20T22:45:27.821+0000] {processor.py:161} INFO - Started process (PID=822) to work on /home/airflow/.local/lib/python3.8/site-packages/airflow/example_dags/example_time_delta_sensor_async.py
[2023-12-20T22:45:27.823+0000] {processor.py:830} INFO - Processing file /home/airflow/.local/lib/python3.8/site-packages/airflow/example_dags/example_time_delta_sensor_async.py for tasks to queue
[2023-12-20T22:45:27.828+0000] {logging_mixin.py:188} INFO - [2023-12-20T22:45:27.827+0000] {dagbag.py:538} INFO - Filling up the DagBag from /home/airflow/.local/lib/python3.8/site-packages/airflow/example_dags/example_time_delta_sensor_async.py
[2023-12-20T22:45:27.833+0000] {processor.py:840} INFO - DAG(s) 'example_time_delta_sensor_async' retrieved from /home/airflow/.local/lib/python3.8/site-packages/airflow/example_dags/example_time_delta_sensor_async.py
[2023-12-20T22:45:27.857+0000] {logging_mixin.py:188} INFO - [2023-12-20T22:45:27.856+0000] {dag.py:3033} INFO - Sync 1 DAGs
[2023-12-20T22:45:27.868+0000] {logging_mixin.py:188} INFO - [2023-12-20T22:45:27.868+0000] {dag.py:3820} INFO - Setting next_dagrun for example_time_delta_sensor_async to None, run_after=None
[2023-12-20T22:45:27.882+0000] {processor.py:183} INFO - Processing /home/airflow/.local/lib/python3.8/site-packages/airflow/example_dags/example_time_delta_sensor_async.py took 0.065 seconds
[2023-12-20T22:45:58.398+0000] {processor.py:161} INFO - Started process (PID=877) to work on /home/airflow/.local/lib/python3.8/site-packages/airflow/example_dags/example_time_delta_sensor_async.py
[2023-12-20T22:45:58.400+0000] {processor.py:830} INFO - Processing file /home/airflow/.local/lib/python3.8/site-packages/airflow/example_dags/example_time_delta_sensor_async.py for tasks to queue
[2023-12-20T22:45:58.405+0000] {logging_mixin.py:188} INFO - [2023-12-20T22:45:58.405+0000] {dagbag.py:538} INFO - Filling up the DagBag from /home/airflow/.local/lib/python3.8/site-packages/airflow/example_dags/example_time_delta_sensor_async.py
[2023-12-20T22:45:58.416+0000] {processor.py:840} INFO - DAG(s) 'example_time_delta_sensor_async' retrieved from /home/airflow/.local/lib/python3.8/site-packages/airflow/example_dags/example_time_delta_sensor_async.py
[2023-12-20T22:45:58.471+0000] {logging_mixin.py:188} INFO - [2023-12-20T22:45:58.471+0000] {dag.py:3033} INFO - Sync 1 DAGs
[2023-12-20T22:45:58.497+0000] {logging_mixin.py:188} INFO - [2023-12-20T22:45:58.497+0000] {dag.py:3820} INFO - Setting next_dagrun for example_time_delta_sensor_async to None, run_after=None
[2023-12-20T22:45:58.532+0000] {processor.py:183} INFO - Processing /home/airflow/.local/lib/python3.8/site-packages/airflow/example_dags/example_time_delta_sensor_async.py took 0.141 seconds
[2023-12-20T22:46:29.327+0000] {processor.py:161} INFO - Started process (PID=932) to work on /home/airflow/.local/lib/python3.8/site-packages/airflow/example_dags/example_time_delta_sensor_async.py
[2023-12-20T22:46:29.329+0000] {processor.py:830} INFO - Processing file /home/airflow/.local/lib/python3.8/site-packages/airflow/example_dags/example_time_delta_sensor_async.py for tasks to queue
[2023-12-20T22:46:29.333+0000] {logging_mixin.py:188} INFO - [2023-12-20T22:46:29.332+0000] {dagbag.py:538} INFO - Filling up the DagBag from /home/airflow/.local/lib/python3.8/site-packages/airflow/example_dags/example_time_delta_sensor_async.py
[2023-12-20T22:46:29.341+0000] {processor.py:840} INFO - DAG(s) 'example_time_delta_sensor_async' retrieved from /home/airflow/.local/lib/python3.8/site-packages/airflow/example_dags/example_time_delta_sensor_async.py
[2023-12-20T22:46:29.370+0000] {logging_mixin.py:188} INFO - [2023-12-20T22:46:29.369+0000] {dag.py:3033} INFO - Sync 1 DAGs
[2023-12-20T22:46:29.384+0000] {logging_mixin.py:188} INFO - [2023-12-20T22:46:29.384+0000] {dag.py:3820} INFO - Setting next_dagrun for example_time_delta_sensor_async to None, run_after=None
[2023-12-20T22:46:29.402+0000] {processor.py:183} INFO - Processing /home/airflow/.local/lib/python3.8/site-packages/airflow/example_dags/example_time_delta_sensor_async.py took 0.081 seconds
[2023-12-20T22:47:00.169+0000] {processor.py:161} INFO - Started process (PID=987) to work on /home/airflow/.local/lib/python3.8/site-packages/airflow/example_dags/example_time_delta_sensor_async.py
[2023-12-20T22:47:00.171+0000] {processor.py:830} INFO - Processing file /home/airflow/.local/lib/python3.8/site-packages/airflow/example_dags/example_time_delta_sensor_async.py for tasks to queue
[2023-12-20T22:47:00.175+0000] {logging_mixin.py:188} INFO - [2023-12-20T22:47:00.175+0000] {dagbag.py:538} INFO - Filling up the DagBag from /home/airflow/.local/lib/python3.8/site-packages/airflow/example_dags/example_time_delta_sensor_async.py
[2023-12-20T22:47:00.183+0000] {processor.py:840} INFO - DAG(s) 'example_time_delta_sensor_async' retrieved from /home/airflow/.local/lib/python3.8/site-packages/airflow/example_dags/example_time_delta_sensor_async.py
[2023-12-20T22:47:00.210+0000] {logging_mixin.py:188} INFO - [2023-12-20T22:47:00.210+0000] {dag.py:3033} INFO - Sync 1 DAGs
[2023-12-20T22:47:00.222+0000] {logging_mixin.py:188} INFO - [2023-12-20T22:47:00.222+0000] {dag.py:3820} INFO - Setting next_dagrun for example_time_delta_sensor_async to None, run_after=None
[2023-12-20T22:47:00.239+0000] {processor.py:183} INFO - Processing /home/airflow/.local/lib/python3.8/site-packages/airflow/example_dags/example_time_delta_sensor_async.py took 0.074 seconds
[2023-12-20T22:47:30.550+0000] {processor.py:161} INFO - Started process (PID=1042) to work on /home/airflow/.local/lib/python3.8/site-packages/airflow/example_dags/example_time_delta_sensor_async.py
[2023-12-20T22:47:30.552+0000] {processor.py:830} INFO - Processing file /home/airflow/.local/lib/python3.8/site-packages/airflow/example_dags/example_time_delta_sensor_async.py for tasks to queue
[2023-12-20T22:47:30.554+0000] {logging_mixin.py:188} INFO - [2023-12-20T22:47:30.554+0000] {dagbag.py:538} INFO - Filling up the DagBag from /home/airflow/.local/lib/python3.8/site-packages/airflow/example_dags/example_time_delta_sensor_async.py
[2023-12-20T22:47:30.560+0000] {processor.py:840} INFO - DAG(s) 'example_time_delta_sensor_async' retrieved from /home/airflow/.local/lib/python3.8/site-packages/airflow/example_dags/example_time_delta_sensor_async.py
[2023-12-20T22:47:30.582+0000] {logging_mixin.py:188} INFO - [2023-12-20T22:47:30.581+0000] {dag.py:3033} INFO - Sync 1 DAGs
[2023-12-20T22:47:30.592+0000] {logging_mixin.py:188} INFO - [2023-12-20T22:47:30.592+0000] {dag.py:3820} INFO - Setting next_dagrun for example_time_delta_sensor_async to None, run_after=None
[2023-12-20T22:47:30.605+0000] {processor.py:183} INFO - Processing /home/airflow/.local/lib/python3.8/site-packages/airflow/example_dags/example_time_delta_sensor_async.py took 0.059 seconds
[2023-12-20T22:48:01.265+0000] {processor.py:161} INFO - Started process (PID=1096) to work on /home/airflow/.local/lib/python3.8/site-packages/airflow/example_dags/example_time_delta_sensor_async.py
[2023-12-20T22:48:01.267+0000] {processor.py:830} INFO - Processing file /home/airflow/.local/lib/python3.8/site-packages/airflow/example_dags/example_time_delta_sensor_async.py for tasks to queue
[2023-12-20T22:48:01.270+0000] {logging_mixin.py:188} INFO - [2023-12-20T22:48:01.269+0000] {dagbag.py:538} INFO - Filling up the DagBag from /home/airflow/.local/lib/python3.8/site-packages/airflow/example_dags/example_time_delta_sensor_async.py
[2023-12-20T22:48:01.275+0000] {processor.py:840} INFO - DAG(s) 'example_time_delta_sensor_async' retrieved from /home/airflow/.local/lib/python3.8/site-packages/airflow/example_dags/example_time_delta_sensor_async.py
[2023-12-20T22:48:01.298+0000] {logging_mixin.py:188} INFO - [2023-12-20T22:48:01.298+0000] {dag.py:3033} INFO - Sync 1 DAGs
[2023-12-20T22:48:01.309+0000] {logging_mixin.py:188} INFO - [2023-12-20T22:48:01.309+0000] {dag.py:3820} INFO - Setting next_dagrun for example_time_delta_sensor_async to None, run_after=None
[2023-12-20T22:48:01.324+0000] {processor.py:183} INFO - Processing /home/airflow/.local/lib/python3.8/site-packages/airflow/example_dags/example_time_delta_sensor_async.py took 0.063 seconds
[2023-12-20T22:48:31.617+0000] {processor.py:161} INFO - Started process (PID=1151) to work on /home/airflow/.local/lib/python3.8/site-packages/airflow/example_dags/example_time_delta_sensor_async.py
[2023-12-20T22:48:31.619+0000] {processor.py:830} INFO - Processing file /home/airflow/.local/lib/python3.8/site-packages/airflow/example_dags/example_time_delta_sensor_async.py for tasks to queue
[2023-12-20T22:48:31.621+0000] {logging_mixin.py:188} INFO - [2023-12-20T22:48:31.621+0000] {dagbag.py:538} INFO - Filling up the DagBag from /home/airflow/.local/lib/python3.8/site-packages/airflow/example_dags/example_time_delta_sensor_async.py
[2023-12-20T22:48:31.627+0000] {processor.py:840} INFO - DAG(s) 'example_time_delta_sensor_async' retrieved from /home/airflow/.local/lib/python3.8/site-packages/airflow/example_dags/example_time_delta_sensor_async.py
[2023-12-20T22:48:31.653+0000] {logging_mixin.py:188} INFO - [2023-12-20T22:48:31.653+0000] {dag.py:3033} INFO - Sync 1 DAGs
[2023-12-20T22:48:31.665+0000] {logging_mixin.py:188} INFO - [2023-12-20T22:48:31.665+0000] {dag.py:3820} INFO - Setting next_dagrun for example_time_delta_sensor_async to None, run_after=None
[2023-12-20T22:48:31.679+0000] {processor.py:183} INFO - Processing /home/airflow/.local/lib/python3.8/site-packages/airflow/example_dags/example_time_delta_sensor_async.py took 0.066 seconds
[2023-12-20T22:49:02.057+0000] {processor.py:161} INFO - Started process (PID=1203) to work on /home/airflow/.local/lib/python3.8/site-packages/airflow/example_dags/example_time_delta_sensor_async.py
[2023-12-20T22:49:02.059+0000] {processor.py:830} INFO - Processing file /home/airflow/.local/lib/python3.8/site-packages/airflow/example_dags/example_time_delta_sensor_async.py for tasks to queue
[2023-12-20T22:49:02.064+0000] {logging_mixin.py:188} INFO - [2023-12-20T22:49:02.063+0000] {dagbag.py:538} INFO - Filling up the DagBag from /home/airflow/.local/lib/python3.8/site-packages/airflow/example_dags/example_time_delta_sensor_async.py
[2023-12-20T22:49:02.070+0000] {processor.py:840} INFO - DAG(s) 'example_time_delta_sensor_async' retrieved from /home/airflow/.local/lib/python3.8/site-packages/airflow/example_dags/example_time_delta_sensor_async.py
[2023-12-20T22:49:02.096+0000] {logging_mixin.py:188} INFO - [2023-12-20T22:49:02.096+0000] {dag.py:3033} INFO - Sync 1 DAGs
[2023-12-20T22:49:02.111+0000] {logging_mixin.py:188} INFO - [2023-12-20T22:49:02.111+0000] {dag.py:3820} INFO - Setting next_dagrun for example_time_delta_sensor_async to None, run_after=None
[2023-12-20T22:49:02.126+0000] {processor.py:183} INFO - Processing /home/airflow/.local/lib/python3.8/site-packages/airflow/example_dags/example_time_delta_sensor_async.py took 0.076 seconds
[2023-12-20T22:49:32.252+0000] {processor.py:161} INFO - Started process (PID=1257) to work on /home/airflow/.local/lib/python3.8/site-packages/airflow/example_dags/example_time_delta_sensor_async.py
[2023-12-20T22:49:32.254+0000] {processor.py:830} INFO - Processing file /home/airflow/.local/lib/python3.8/site-packages/airflow/example_dags/example_time_delta_sensor_async.py for tasks to queue
[2023-12-20T22:49:32.257+0000] {logging_mixin.py:188} INFO - [2023-12-20T22:49:32.257+0000] {dagbag.py:538} INFO - Filling up the DagBag from /home/airflow/.local/lib/python3.8/site-packages/airflow/example_dags/example_time_delta_sensor_async.py
[2023-12-20T22:49:32.263+0000] {processor.py:840} INFO - DAG(s) 'example_time_delta_sensor_async' retrieved from /home/airflow/.local/lib/python3.8/site-packages/airflow/example_dags/example_time_delta_sensor_async.py
[2023-12-20T22:49:32.289+0000] {logging_mixin.py:188} INFO - [2023-12-20T22:49:32.289+0000] {dag.py:3033} INFO - Sync 1 DAGs
[2023-12-20T22:49:32.301+0000] {logging_mixin.py:188} INFO - [2023-12-20T22:49:32.301+0000] {dag.py:3820} INFO - Setting next_dagrun for example_time_delta_sensor_async to None, run_after=None
[2023-12-20T22:49:32.315+0000] {processor.py:183} INFO - Processing /home/airflow/.local/lib/python3.8/site-packages/airflow/example_dags/example_time_delta_sensor_async.py took 0.068 seconds
[2023-12-20T22:50:02.528+0000] {processor.py:161} INFO - Started process (PID=1312) to work on /home/airflow/.local/lib/python3.8/site-packages/airflow/example_dags/example_time_delta_sensor_async.py
[2023-12-20T22:50:02.529+0000] {processor.py:830} INFO - Processing file /home/airflow/.local/lib/python3.8/site-packages/airflow/example_dags/example_time_delta_sensor_async.py for tasks to queue
[2023-12-20T22:50:02.532+0000] {logging_mixin.py:188} INFO - [2023-12-20T22:50:02.532+0000] {dagbag.py:538} INFO - Filling up the DagBag from /home/airflow/.local/lib/python3.8/site-packages/airflow/example_dags/example_time_delta_sensor_async.py
[2023-12-20T22:50:02.538+0000] {processor.py:840} INFO - DAG(s) 'example_time_delta_sensor_async' retrieved from /home/airflow/.local/lib/python3.8/site-packages/airflow/example_dags/example_time_delta_sensor_async.py
[2023-12-20T22:50:02.560+0000] {logging_mixin.py:188} INFO - [2023-12-20T22:50:02.560+0000] {dag.py:3033} INFO - Sync 1 DAGs
[2023-12-20T22:50:02.570+0000] {logging_mixin.py:188} INFO - [2023-12-20T22:50:02.570+0000] {dag.py:3820} INFO - Setting next_dagrun for example_time_delta_sensor_async to None, run_after=None
[2023-12-20T22:50:02.583+0000] {processor.py:183} INFO - Processing /home/airflow/.local/lib/python3.8/site-packages/airflow/example_dags/example_time_delta_sensor_async.py took 0.059 seconds
[2023-12-20T22:50:32.885+0000] {processor.py:161} INFO - Started process (PID=1367) to work on /home/airflow/.local/lib/python3.8/site-packages/airflow/example_dags/example_time_delta_sensor_async.py
[2023-12-20T22:50:32.887+0000] {processor.py:830} INFO - Processing file /home/airflow/.local/lib/python3.8/site-packages/airflow/example_dags/example_time_delta_sensor_async.py for tasks to queue
[2023-12-20T22:50:32.891+0000] {logging_mixin.py:188} INFO - [2023-12-20T22:50:32.890+0000] {dagbag.py:538} INFO - Filling up the DagBag from /home/airflow/.local/lib/python3.8/site-packages/airflow/example_dags/example_time_delta_sensor_async.py
[2023-12-20T22:50:32.897+0000] {processor.py:840} INFO - DAG(s) 'example_time_delta_sensor_async' retrieved from /home/airflow/.local/lib/python3.8/site-packages/airflow/example_dags/example_time_delta_sensor_async.py
[2023-12-20T22:50:32.921+0000] {logging_mixin.py:188} INFO - [2023-12-20T22:50:32.920+0000] {dag.py:3033} INFO - Sync 1 DAGs
[2023-12-20T22:50:32.935+0000] {logging_mixin.py:188} INFO - [2023-12-20T22:50:32.935+0000] {dag.py:3820} INFO - Setting next_dagrun for example_time_delta_sensor_async to None, run_after=None
[2023-12-20T22:50:32.954+0000] {processor.py:183} INFO - Processing /home/airflow/.local/lib/python3.8/site-packages/airflow/example_dags/example_time_delta_sensor_async.py took 0.075 seconds
[2023-12-20T22:51:03.130+0000] {processor.py:161} INFO - Started process (PID=1422) to work on /home/airflow/.local/lib/python3.8/site-packages/airflow/example_dags/example_time_delta_sensor_async.py
[2023-12-20T22:51:03.131+0000] {processor.py:830} INFO - Processing file /home/airflow/.local/lib/python3.8/site-packages/airflow/example_dags/example_time_delta_sensor_async.py for tasks to queue
[2023-12-20T22:51:03.134+0000] {logging_mixin.py:188} INFO - [2023-12-20T22:51:03.134+0000] {dagbag.py:538} INFO - Filling up the DagBag from /home/airflow/.local/lib/python3.8/site-packages/airflow/example_dags/example_time_delta_sensor_async.py
[2023-12-20T22:51:03.141+0000] {processor.py:840} INFO - DAG(s) 'example_time_delta_sensor_async' retrieved from /home/airflow/.local/lib/python3.8/site-packages/airflow/example_dags/example_time_delta_sensor_async.py
[2023-12-20T22:51:03.168+0000] {logging_mixin.py:188} INFO - [2023-12-20T22:51:03.168+0000] {dag.py:3033} INFO - Sync 1 DAGs
[2023-12-20T22:51:03.180+0000] {logging_mixin.py:188} INFO - [2023-12-20T22:51:03.180+0000] {dag.py:3820} INFO - Setting next_dagrun for example_time_delta_sensor_async to None, run_after=None
[2023-12-20T22:51:03.194+0000] {processor.py:183} INFO - Processing /home/airflow/.local/lib/python3.8/site-packages/airflow/example_dags/example_time_delta_sensor_async.py took 0.070 seconds
[2023-12-20T22:51:33.229+0000] {processor.py:161} INFO - Started process (PID=1477) to work on /home/airflow/.local/lib/python3.8/site-packages/airflow/example_dags/example_time_delta_sensor_async.py
[2023-12-20T22:51:33.230+0000] {processor.py:830} INFO - Processing file /home/airflow/.local/lib/python3.8/site-packages/airflow/example_dags/example_time_delta_sensor_async.py for tasks to queue
[2023-12-20T22:51:33.233+0000] {logging_mixin.py:188} INFO - [2023-12-20T22:51:33.233+0000] {dagbag.py:538} INFO - Filling up the DagBag from /home/airflow/.local/lib/python3.8/site-packages/airflow/example_dags/example_time_delta_sensor_async.py
[2023-12-20T22:51:33.238+0000] {processor.py:840} INFO - DAG(s) 'example_time_delta_sensor_async' retrieved from /home/airflow/.local/lib/python3.8/site-packages/airflow/example_dags/example_time_delta_sensor_async.py
[2023-12-20T22:51:33.260+0000] {logging_mixin.py:188} INFO - [2023-12-20T22:51:33.260+0000] {dag.py:3033} INFO - Sync 1 DAGs
[2023-12-20T22:51:33.270+0000] {logging_mixin.py:188} INFO - [2023-12-20T22:51:33.270+0000] {dag.py:3820} INFO - Setting next_dagrun for example_time_delta_sensor_async to None, run_after=None
[2023-12-20T22:51:33.282+0000] {processor.py:183} INFO - Processing /home/airflow/.local/lib/python3.8/site-packages/airflow/example_dags/example_time_delta_sensor_async.py took 0.057 seconds
[2023-12-20T22:52:04.187+0000] {processor.py:161} INFO - Started process (PID=1532) to work on /home/airflow/.local/lib/python3.8/site-packages/airflow/example_dags/example_time_delta_sensor_async.py
[2023-12-20T22:52:04.188+0000] {processor.py:830} INFO - Processing file /home/airflow/.local/lib/python3.8/site-packages/airflow/example_dags/example_time_delta_sensor_async.py for tasks to queue
[2023-12-20T22:52:04.191+0000] {logging_mixin.py:188} INFO - [2023-12-20T22:52:04.191+0000] {dagbag.py:538} INFO - Filling up the DagBag from /home/airflow/.local/lib/python3.8/site-packages/airflow/example_dags/example_time_delta_sensor_async.py
[2023-12-20T22:52:04.197+0000] {processor.py:840} INFO - DAG(s) 'example_time_delta_sensor_async' retrieved from /home/airflow/.local/lib/python3.8/site-packages/airflow/example_dags/example_time_delta_sensor_async.py
[2023-12-20T22:52:04.218+0000] {logging_mixin.py:188} INFO - [2023-12-20T22:52:04.217+0000] {dag.py:3033} INFO - Sync 1 DAGs
[2023-12-20T22:52:04.228+0000] {logging_mixin.py:188} INFO - [2023-12-20T22:52:04.228+0000] {dag.py:3820} INFO - Setting next_dagrun for example_time_delta_sensor_async to None, run_after=None
[2023-12-20T22:52:04.240+0000] {processor.py:183} INFO - Processing /home/airflow/.local/lib/python3.8/site-packages/airflow/example_dags/example_time_delta_sensor_async.py took 0.057 seconds
[2023-12-20T22:52:34.537+0000] {processor.py:161} INFO - Started process (PID=1587) to work on /home/airflow/.local/lib/python3.8/site-packages/airflow/example_dags/example_time_delta_sensor_async.py
[2023-12-20T22:52:34.538+0000] {processor.py:830} INFO - Processing file /home/airflow/.local/lib/python3.8/site-packages/airflow/example_dags/example_time_delta_sensor_async.py for tasks to queue
[2023-12-20T22:52:34.541+0000] {logging_mixin.py:188} INFO - [2023-12-20T22:52:34.540+0000] {dagbag.py:538} INFO - Filling up the DagBag from /home/airflow/.local/lib/python3.8/site-packages/airflow/example_dags/example_time_delta_sensor_async.py
[2023-12-20T22:52:34.546+0000] {processor.py:840} INFO - DAG(s) 'example_time_delta_sensor_async' retrieved from /home/airflow/.local/lib/python3.8/site-packages/airflow/example_dags/example_time_delta_sensor_async.py
[2023-12-20T22:52:34.566+0000] {logging_mixin.py:188} INFO - [2023-12-20T22:52:34.566+0000] {dag.py:3033} INFO - Sync 1 DAGs
[2023-12-20T22:52:34.576+0000] {logging_mixin.py:188} INFO - [2023-12-20T22:52:34.576+0000] {dag.py:3820} INFO - Setting next_dagrun for example_time_delta_sensor_async to None, run_after=None
[2023-12-20T22:52:34.589+0000] {processor.py:183} INFO - Processing /home/airflow/.local/lib/python3.8/site-packages/airflow/example_dags/example_time_delta_sensor_async.py took 0.055 seconds
[2023-12-20T22:53:05.704+0000] {processor.py:161} INFO - Started process (PID=1642) to work on /home/airflow/.local/lib/python3.8/site-packages/airflow/example_dags/example_time_delta_sensor_async.py
[2023-12-20T22:53:05.706+0000] {processor.py:830} INFO - Processing file /home/airflow/.local/lib/python3.8/site-packages/airflow/example_dags/example_time_delta_sensor_async.py for tasks to queue
[2023-12-20T22:53:05.709+0000] {logging_mixin.py:188} INFO - [2023-12-20T22:53:05.708+0000] {dagbag.py:538} INFO - Filling up the DagBag from /home/airflow/.local/lib/python3.8/site-packages/airflow/example_dags/example_time_delta_sensor_async.py
[2023-12-20T22:53:05.715+0000] {processor.py:840} INFO - DAG(s) 'example_time_delta_sensor_async' retrieved from /home/airflow/.local/lib/python3.8/site-packages/airflow/example_dags/example_time_delta_sensor_async.py
[2023-12-20T22:53:05.739+0000] {logging_mixin.py:188} INFO - [2023-12-20T22:53:05.739+0000] {dag.py:3033} INFO - Sync 1 DAGs
[2023-12-20T22:53:05.752+0000] {logging_mixin.py:188} INFO - [2023-12-20T22:53:05.752+0000] {dag.py:3820} INFO - Setting next_dagrun for example_time_delta_sensor_async to None, run_after=None
[2023-12-20T22:53:05.769+0000] {processor.py:183} INFO - Processing /home/airflow/.local/lib/python3.8/site-packages/airflow/example_dags/example_time_delta_sensor_async.py took 0.069 seconds
[2023-12-20T22:53:36.235+0000] {processor.py:161} INFO - Started process (PID=1698) to work on /home/airflow/.local/lib/python3.8/site-packages/airflow/example_dags/example_time_delta_sensor_async.py
[2023-12-20T22:53:36.237+0000] {processor.py:830} INFO - Processing file /home/airflow/.local/lib/python3.8/site-packages/airflow/example_dags/example_time_delta_sensor_async.py for tasks to queue
[2023-12-20T22:53:36.240+0000] {logging_mixin.py:188} INFO - [2023-12-20T22:53:36.240+0000] {dagbag.py:538} INFO - Filling up the DagBag from /home/airflow/.local/lib/python3.8/site-packages/airflow/example_dags/example_time_delta_sensor_async.py
[2023-12-20T22:53:36.246+0000] {processor.py:840} INFO - DAG(s) 'example_time_delta_sensor_async' retrieved from /home/airflow/.local/lib/python3.8/site-packages/airflow/example_dags/example_time_delta_sensor_async.py
[2023-12-20T22:53:36.269+0000] {logging_mixin.py:188} INFO - [2023-12-20T22:53:36.269+0000] {dag.py:3033} INFO - Sync 1 DAGs
[2023-12-20T22:53:36.279+0000] {logging_mixin.py:188} INFO - [2023-12-20T22:53:36.279+0000] {dag.py:3820} INFO - Setting next_dagrun for example_time_delta_sensor_async to None, run_after=None
[2023-12-20T22:53:36.298+0000] {processor.py:183} INFO - Processing /home/airflow/.local/lib/python3.8/site-packages/airflow/example_dags/example_time_delta_sensor_async.py took 0.068 seconds
[2023-12-20T22:54:09.146+0000] {processor.py:161} INFO - Started process (PID=1754) to work on /home/airflow/.local/lib/python3.8/site-packages/airflow/example_dags/example_time_delta_sensor_async.py
[2023-12-20T22:54:09.150+0000] {processor.py:830} INFO - Processing file /home/airflow/.local/lib/python3.8/site-packages/airflow/example_dags/example_time_delta_sensor_async.py for tasks to queue
[2023-12-20T22:54:09.163+0000] {logging_mixin.py:188} INFO - [2023-12-20T22:54:09.162+0000] {dagbag.py:538} INFO - Filling up the DagBag from /home/airflow/.local/lib/python3.8/site-packages/airflow/example_dags/example_time_delta_sensor_async.py
[2023-12-20T22:54:09.193+0000] {processor.py:840} INFO - DAG(s) 'example_time_delta_sensor_async' retrieved from /home/airflow/.local/lib/python3.8/site-packages/airflow/example_dags/example_time_delta_sensor_async.py
[2023-12-20T22:54:09.314+0000] {logging_mixin.py:188} INFO - [2023-12-20T22:54:09.313+0000] {dag.py:3033} INFO - Sync 1 DAGs
[2023-12-20T22:54:09.392+0000] {logging_mixin.py:188} INFO - [2023-12-20T22:54:09.392+0000] {dag.py:3820} INFO - Setting next_dagrun for example_time_delta_sensor_async to None, run_after=None
[2023-12-20T22:54:09.607+0000] {processor.py:183} INFO - Processing /home/airflow/.local/lib/python3.8/site-packages/airflow/example_dags/example_time_delta_sensor_async.py took 0.497 seconds
[2023-12-20T22:54:58.874+0000] {processor.py:161} INFO - Started process (PID=1803) to work on /home/airflow/.local/lib/python3.8/site-packages/airflow/example_dags/example_time_delta_sensor_async.py
[2023-12-20T22:54:58.879+0000] {processor.py:830} INFO - Processing file /home/airflow/.local/lib/python3.8/site-packages/airflow/example_dags/example_time_delta_sensor_async.py for tasks to queue
[2023-12-20T22:54:58.908+0000] {logging_mixin.py:188} INFO - [2023-12-20T22:54:58.907+0000] {dagbag.py:538} INFO - Filling up the DagBag from /home/airflow/.local/lib/python3.8/site-packages/airflow/example_dags/example_time_delta_sensor_async.py
[2023-12-20T22:54:59.003+0000] {processor.py:840} INFO - DAG(s) 'example_time_delta_sensor_async' retrieved from /home/airflow/.local/lib/python3.8/site-packages/airflow/example_dags/example_time_delta_sensor_async.py
[2023-12-20T22:54:59.231+0000] {logging_mixin.py:188} INFO - [2023-12-20T22:54:59.230+0000] {dag.py:3033} INFO - Sync 1 DAGs
[2023-12-20T22:54:59.426+0000] {logging_mixin.py:188} INFO - [2023-12-20T22:54:59.426+0000] {dag.py:3820} INFO - Setting next_dagrun for example_time_delta_sensor_async to None, run_after=None
[2023-12-20T22:54:59.670+0000] {processor.py:183} INFO - Processing /home/airflow/.local/lib/python3.8/site-packages/airflow/example_dags/example_time_delta_sensor_async.py took 0.817 seconds
[2023-12-20T22:56:01.141+0000] {processor.py:161} INFO - Started process (PID=1871) to work on /home/airflow/.local/lib/python3.8/site-packages/airflow/example_dags/example_time_delta_sensor_async.py
[2023-12-20T22:56:01.151+0000] {processor.py:830} INFO - Processing file /home/airflow/.local/lib/python3.8/site-packages/airflow/example_dags/example_time_delta_sensor_async.py for tasks to queue
[2023-12-20T22:56:01.189+0000] {logging_mixin.py:188} INFO - [2023-12-20T22:56:01.186+0000] {dagbag.py:538} INFO - Filling up the DagBag from /home/airflow/.local/lib/python3.8/site-packages/airflow/example_dags/example_time_delta_sensor_async.py
[2023-12-20T22:56:01.231+0000] {processor.py:840} INFO - DAG(s) 'example_time_delta_sensor_async' retrieved from /home/airflow/.local/lib/python3.8/site-packages/airflow/example_dags/example_time_delta_sensor_async.py
[2023-12-20T22:56:01.424+0000] {logging_mixin.py:188} INFO - [2023-12-20T22:56:01.424+0000] {dag.py:3033} INFO - Sync 1 DAGs
[2023-12-20T22:56:01.481+0000] {logging_mixin.py:188} INFO - [2023-12-20T22:56:01.480+0000] {dag.py:3820} INFO - Setting next_dagrun for example_time_delta_sensor_async to None, run_after=None
[2023-12-20T22:56:01.541+0000] {processor.py:183} INFO - Processing /home/airflow/.local/lib/python3.8/site-packages/airflow/example_dags/example_time_delta_sensor_async.py took 0.445 seconds
[2023-12-20T22:56:43.327+0000] {processor.py:161} INFO - Started process (PID=1935) to work on /home/airflow/.local/lib/python3.8/site-packages/airflow/example_dags/example_time_delta_sensor_async.py
[2023-12-20T22:56:43.330+0000] {processor.py:830} INFO - Processing file /home/airflow/.local/lib/python3.8/site-packages/airflow/example_dags/example_time_delta_sensor_async.py for tasks to queue
[2023-12-20T22:56:43.338+0000] {logging_mixin.py:188} INFO - [2023-12-20T22:56:43.337+0000] {dagbag.py:538} INFO - Filling up the DagBag from /home/airflow/.local/lib/python3.8/site-packages/airflow/example_dags/example_time_delta_sensor_async.py
[2023-12-20T22:56:43.356+0000] {processor.py:840} INFO - DAG(s) 'example_time_delta_sensor_async' retrieved from /home/airflow/.local/lib/python3.8/site-packages/airflow/example_dags/example_time_delta_sensor_async.py
[2023-12-20T22:56:43.479+0000] {logging_mixin.py:188} INFO - [2023-12-20T22:56:43.479+0000] {dag.py:3033} INFO - Sync 1 DAGs
[2023-12-20T22:56:43.531+0000] {logging_mixin.py:188} INFO - [2023-12-20T22:56:43.530+0000] {dag.py:3820} INFO - Setting next_dagrun for example_time_delta_sensor_async to None, run_after=None
[2023-12-20T22:56:43.579+0000] {processor.py:183} INFO - Processing /home/airflow/.local/lib/python3.8/site-packages/airflow/example_dags/example_time_delta_sensor_async.py took 0.263 seconds
[2023-12-20T22:57:50.032+0000] {processor.py:161} INFO - Started process (PID=1997) to work on /home/airflow/.local/lib/python3.8/site-packages/airflow/example_dags/example_time_delta_sensor_async.py
[2023-12-20T22:57:50.067+0000] {processor.py:830} INFO - Processing file /home/airflow/.local/lib/python3.8/site-packages/airflow/example_dags/example_time_delta_sensor_async.py for tasks to queue
[2023-12-20T22:57:50.172+0000] {logging_mixin.py:188} INFO - [2023-12-20T22:57:50.168+0000] {dagbag.py:538} INFO - Filling up the DagBag from /home/airflow/.local/lib/python3.8/site-packages/airflow/example_dags/example_time_delta_sensor_async.py
[2023-12-20T22:57:50.239+0000] {processor.py:840} INFO - DAG(s) 'example_time_delta_sensor_async' retrieved from /home/airflow/.local/lib/python3.8/site-packages/airflow/example_dags/example_time_delta_sensor_async.py
[2023-12-20T22:57:50.483+0000] {logging_mixin.py:188} INFO - [2023-12-20T22:57:50.482+0000] {dag.py:3033} INFO - Sync 1 DAGs
[2023-12-20T22:57:57.489+0000] {logging_mixin.py:188} INFO - [2023-12-20T22:57:57.488+0000] {dag.py:3820} INFO - Setting next_dagrun for example_time_delta_sensor_async to None, run_after=None
[2023-12-20T22:57:57.618+0000] {processor.py:183} INFO - Processing /home/airflow/.local/lib/python3.8/site-packages/airflow/example_dags/example_time_delta_sensor_async.py took 7.661 seconds
[2023-12-20T22:59:56.163+0000] {processor.py:161} INFO - Started process (PID=2064) to work on /home/airflow/.local/lib/python3.8/site-packages/airflow/example_dags/example_time_delta_sensor_async.py
[2023-12-20T22:59:56.169+0000] {processor.py:830} INFO - Processing file /home/airflow/.local/lib/python3.8/site-packages/airflow/example_dags/example_time_delta_sensor_async.py for tasks to queue
[2023-12-20T22:59:56.202+0000] {logging_mixin.py:188} INFO - [2023-12-20T22:59:56.201+0000] {dagbag.py:538} INFO - Filling up the DagBag from /home/airflow/.local/lib/python3.8/site-packages/airflow/example_dags/example_time_delta_sensor_async.py
[2023-12-20T22:59:56.220+0000] {processor.py:840} INFO - DAG(s) 'example_time_delta_sensor_async' retrieved from /home/airflow/.local/lib/python3.8/site-packages/airflow/example_dags/example_time_delta_sensor_async.py
[2023-12-20T22:59:56.327+0000] {logging_mixin.py:188} INFO - [2023-12-20T22:59:56.327+0000] {dag.py:3033} INFO - Sync 1 DAGs
[2023-12-20T22:59:56.372+0000] {logging_mixin.py:188} INFO - [2023-12-20T22:59:56.372+0000] {dag.py:3820} INFO - Setting next_dagrun for example_time_delta_sensor_async to None, run_after=None
[2023-12-20T22:59:56.468+0000] {processor.py:183} INFO - Processing /home/airflow/.local/lib/python3.8/site-packages/airflow/example_dags/example_time_delta_sensor_async.py took 0.329 seconds
[2023-12-20T23:01:14.710+0000] {processor.py:161} INFO - Started process (PID=2124) to work on /home/airflow/.local/lib/python3.8/site-packages/airflow/example_dags/example_time_delta_sensor_async.py
[2023-12-20T23:01:14.721+0000] {processor.py:830} INFO - Processing file /home/airflow/.local/lib/python3.8/site-packages/airflow/example_dags/example_time_delta_sensor_async.py for tasks to queue
[2023-12-20T23:01:14.777+0000] {logging_mixin.py:188} INFO - [2023-12-20T23:01:14.775+0000] {dagbag.py:538} INFO - Filling up the DagBag from /home/airflow/.local/lib/python3.8/site-packages/airflow/example_dags/example_time_delta_sensor_async.py
[2023-12-20T23:01:14.859+0000] {processor.py:840} INFO - DAG(s) 'example_time_delta_sensor_async' retrieved from /home/airflow/.local/lib/python3.8/site-packages/airflow/example_dags/example_time_delta_sensor_async.py
[2023-12-20T23:01:18.942+0000] {logging_mixin.py:188} INFO - [2023-12-20T23:01:18.941+0000] {dag.py:3033} INFO - Sync 1 DAGs
[2023-12-20T23:01:19.012+0000] {logging_mixin.py:188} INFO - [2023-12-20T23:01:19.011+0000] {dag.py:3820} INFO - Setting next_dagrun for example_time_delta_sensor_async to None, run_after=None
[2023-12-20T23:01:19.170+0000] {processor.py:183} INFO - Processing /home/airflow/.local/lib/python3.8/site-packages/airflow/example_dags/example_time_delta_sensor_async.py took 4.546 seconds
[2023-12-20T23:02:27.237+0000] {processor.py:161} INFO - Started process (PID=2200) to work on /home/airflow/.local/lib/python3.8/site-packages/airflow/example_dags/example_time_delta_sensor_async.py
[2023-12-20T23:02:27.240+0000] {processor.py:830} INFO - Processing file /home/airflow/.local/lib/python3.8/site-packages/airflow/example_dags/example_time_delta_sensor_async.py for tasks to queue
[2023-12-20T23:02:27.264+0000] {logging_mixin.py:188} INFO - [2023-12-20T23:02:27.263+0000] {dagbag.py:538} INFO - Filling up the DagBag from /home/airflow/.local/lib/python3.8/site-packages/airflow/example_dags/example_time_delta_sensor_async.py
[2023-12-20T23:02:27.293+0000] {processor.py:840} INFO - DAG(s) 'example_time_delta_sensor_async' retrieved from /home/airflow/.local/lib/python3.8/site-packages/airflow/example_dags/example_time_delta_sensor_async.py
[2023-12-20T23:02:27.440+0000] {logging_mixin.py:188} INFO - [2023-12-20T23:02:27.440+0000] {dag.py:3033} INFO - Sync 1 DAGs
[2023-12-20T23:02:28.582+0000] {logging_mixin.py:188} INFO - [2023-12-20T23:02:28.582+0000] {dag.py:3820} INFO - Setting next_dagrun for example_time_delta_sensor_async to None, run_after=None
[2023-12-20T23:02:28.650+0000] {processor.py:183} INFO - Processing /home/airflow/.local/lib/python3.8/site-packages/airflow/example_dags/example_time_delta_sensor_async.py took 1.436 seconds
[2023-12-20T23:03:24.806+0000] {processor.py:161} INFO - Started process (PID=2262) to work on /home/airflow/.local/lib/python3.8/site-packages/airflow/example_dags/example_time_delta_sensor_async.py
[2023-12-20T23:03:24.817+0000] {processor.py:830} INFO - Processing file /home/airflow/.local/lib/python3.8/site-packages/airflow/example_dags/example_time_delta_sensor_async.py for tasks to queue
[2023-12-20T23:03:24.848+0000] {logging_mixin.py:188} INFO - [2023-12-20T23:03:24.846+0000] {dagbag.py:538} INFO - Filling up the DagBag from /home/airflow/.local/lib/python3.8/site-packages/airflow/example_dags/example_time_delta_sensor_async.py
[2023-12-20T23:03:24.981+0000] {processor.py:840} INFO - DAG(s) 'example_time_delta_sensor_async' retrieved from /home/airflow/.local/lib/python3.8/site-packages/airflow/example_dags/example_time_delta_sensor_async.py
[2023-12-20T23:03:25.114+0000] {logging_mixin.py:188} INFO - [2023-12-20T23:03:25.113+0000] {dag.py:3033} INFO - Sync 1 DAGs
[2023-12-20T23:03:25.211+0000] {logging_mixin.py:188} INFO - [2023-12-20T23:03:25.211+0000] {dag.py:3820} INFO - Setting next_dagrun for example_time_delta_sensor_async to None, run_after=None
[2023-12-20T23:03:25.265+0000] {processor.py:183} INFO - Processing /home/airflow/.local/lib/python3.8/site-packages/airflow/example_dags/example_time_delta_sensor_async.py took 0.517 seconds
[2023-12-20T23:05:45.547+0000] {processor.py:161} INFO - Started process (PID=2315) to work on /home/airflow/.local/lib/python3.8/site-packages/airflow/example_dags/example_time_delta_sensor_async.py
[2023-12-20T23:05:45.635+0000] {processor.py:830} INFO - Processing file /home/airflow/.local/lib/python3.8/site-packages/airflow/example_dags/example_time_delta_sensor_async.py for tasks to queue
[2023-12-20T23:05:45.783+0000] {logging_mixin.py:188} INFO - [2023-12-20T23:05:45.772+0000] {dagbag.py:538} INFO - Filling up the DagBag from /home/airflow/.local/lib/python3.8/site-packages/airflow/example_dags/example_time_delta_sensor_async.py
[2023-12-20T23:05:45.975+0000] {processor.py:840} INFO - DAG(s) 'example_time_delta_sensor_async' retrieved from /home/airflow/.local/lib/python3.8/site-packages/airflow/example_dags/example_time_delta_sensor_async.py
[2023-12-20T23:05:46.581+0000] {logging_mixin.py:188} INFO - [2023-12-20T23:05:46.580+0000] {dag.py:3033} INFO - Sync 1 DAGs
[2023-12-20T23:05:46.910+0000] {logging_mixin.py:188} INFO - [2023-12-20T23:05:46.909+0000] {dag.py:3820} INFO - Setting next_dagrun for example_time_delta_sensor_async to None, run_after=None
[2023-12-20T23:05:47.324+0000] {processor.py:183} INFO - Processing /home/airflow/.local/lib/python3.8/site-packages/airflow/example_dags/example_time_delta_sensor_async.py took 2.089 seconds
