[2023-12-20T22:38:09.910+0000] {processor.py:161} INFO - Started process (PID=36) to work on /home/airflow/.local/lib/python3.8/site-packages/airflow/example_dags/example_bash_operator.py
[2023-12-20T22:38:09.921+0000] {processor.py:830} INFO - Processing file /home/airflow/.local/lib/python3.8/site-packages/airflow/example_dags/example_bash_operator.py for tasks to queue
[2023-12-20T22:38:09.932+0000] {logging_mixin.py:188} INFO - [2023-12-20T22:38:09.932+0000] {dagbag.py:538} INFO - Filling up the DagBag from /home/airflow/.local/lib/python3.8/site-packages/airflow/example_dags/example_bash_operator.py
[2023-12-20T22:38:09.995+0000] {processor.py:840} INFO - DAG(s) 'example_bash_operator' retrieved from /home/airflow/.local/lib/python3.8/site-packages/airflow/example_dags/example_bash_operator.py
[2023-12-20T22:38:10.517+0000] {logging_mixin.py:188} INFO - [2023-12-20T22:38:10.517+0000] {dag.py:3033} INFO - Sync 1 DAGs
[2023-12-20T22:38:10.551+0000] {logging_mixin.py:188} INFO - [2023-12-20T22:38:10.551+0000] {dag.py:3820} INFO - Setting next_dagrun for example_bash_operator to 2023-12-19T00:00:00+00:00, run_after=2023-12-20T00:00:00+00:00
[2023-12-20T22:38:10.577+0000] {processor.py:183} INFO - Processing /home/airflow/.local/lib/python3.8/site-packages/airflow/example_dags/example_bash_operator.py took 0.673 seconds
[2023-12-20T22:38:41.460+0000] {processor.py:161} INFO - Started process (PID=91) to work on /home/airflow/.local/lib/python3.8/site-packages/airflow/example_dags/example_bash_operator.py
[2023-12-20T22:38:41.463+0000] {processor.py:830} INFO - Processing file /home/airflow/.local/lib/python3.8/site-packages/airflow/example_dags/example_bash_operator.py for tasks to queue
[2023-12-20T22:38:41.468+0000] {logging_mixin.py:188} INFO - [2023-12-20T22:38:41.467+0000] {dagbag.py:538} INFO - Filling up the DagBag from /home/airflow/.local/lib/python3.8/site-packages/airflow/example_dags/example_bash_operator.py
[2023-12-20T22:38:41.489+0000] {processor.py:840} INFO - DAG(s) 'example_bash_operator' retrieved from /home/airflow/.local/lib/python3.8/site-packages/airflow/example_dags/example_bash_operator.py
[2023-12-20T22:38:41.537+0000] {logging_mixin.py:188} INFO - [2023-12-20T22:38:41.537+0000] {dag.py:3033} INFO - Sync 1 DAGs
[2023-12-20T22:38:41.566+0000] {logging_mixin.py:188} INFO - [2023-12-20T22:38:41.566+0000] {dag.py:3820} INFO - Setting next_dagrun for example_bash_operator to 2023-12-19T00:00:00+00:00, run_after=2023-12-20T00:00:00+00:00
[2023-12-20T22:38:41.586+0000] {processor.py:183} INFO - Processing /home/airflow/.local/lib/python3.8/site-packages/airflow/example_dags/example_bash_operator.py took 0.138 seconds
[2023-12-20T22:39:11.981+0000] {processor.py:161} INFO - Started process (PID=146) to work on /home/airflow/.local/lib/python3.8/site-packages/airflow/example_dags/example_bash_operator.py
[2023-12-20T22:39:11.984+0000] {processor.py:830} INFO - Processing file /home/airflow/.local/lib/python3.8/site-packages/airflow/example_dags/example_bash_operator.py for tasks to queue
[2023-12-20T22:39:11.987+0000] {logging_mixin.py:188} INFO - [2023-12-20T22:39:11.987+0000] {dagbag.py:538} INFO - Filling up the DagBag from /home/airflow/.local/lib/python3.8/site-packages/airflow/example_dags/example_bash_operator.py
[2023-12-20T22:39:11.999+0000] {processor.py:840} INFO - DAG(s) 'example_bash_operator' retrieved from /home/airflow/.local/lib/python3.8/site-packages/airflow/example_dags/example_bash_operator.py
[2023-12-20T22:39:12.028+0000] {logging_mixin.py:188} INFO - [2023-12-20T22:39:12.028+0000] {dag.py:3033} INFO - Sync 1 DAGs
[2023-12-20T22:39:12.047+0000] {logging_mixin.py:188} INFO - [2023-12-20T22:39:12.047+0000] {dag.py:3820} INFO - Setting next_dagrun for example_bash_operator to 2023-12-19T00:00:00+00:00, run_after=2023-12-20T00:00:00+00:00
[2023-12-20T22:39:12.061+0000] {processor.py:183} INFO - Processing /home/airflow/.local/lib/python3.8/site-packages/airflow/example_dags/example_bash_operator.py took 0.086 seconds
[2023-12-20T22:39:42.830+0000] {processor.py:161} INFO - Started process (PID=201) to work on /home/airflow/.local/lib/python3.8/site-packages/airflow/example_dags/example_bash_operator.py
[2023-12-20T22:39:42.832+0000] {processor.py:830} INFO - Processing file /home/airflow/.local/lib/python3.8/site-packages/airflow/example_dags/example_bash_operator.py for tasks to queue
[2023-12-20T22:39:42.835+0000] {logging_mixin.py:188} INFO - [2023-12-20T22:39:42.835+0000] {dagbag.py:538} INFO - Filling up the DagBag from /home/airflow/.local/lib/python3.8/site-packages/airflow/example_dags/example_bash_operator.py
[2023-12-20T22:39:42.848+0000] {processor.py:840} INFO - DAG(s) 'example_bash_operator' retrieved from /home/airflow/.local/lib/python3.8/site-packages/airflow/example_dags/example_bash_operator.py
[2023-12-20T22:39:42.879+0000] {logging_mixin.py:188} INFO - [2023-12-20T22:39:42.878+0000] {dag.py:3033} INFO - Sync 1 DAGs
[2023-12-20T22:39:42.900+0000] {logging_mixin.py:188} INFO - [2023-12-20T22:39:42.899+0000] {dag.py:3820} INFO - Setting next_dagrun for example_bash_operator to 2023-12-19T00:00:00+00:00, run_after=2023-12-20T00:00:00+00:00
[2023-12-20T22:39:42.920+0000] {processor.py:183} INFO - Processing /home/airflow/.local/lib/python3.8/site-packages/airflow/example_dags/example_bash_operator.py took 0.095 seconds
[2023-12-20T22:40:13.239+0000] {processor.py:161} INFO - Started process (PID=263) to work on /home/airflow/.local/lib/python3.8/site-packages/airflow/example_dags/example_bash_operator.py
[2023-12-20T22:40:13.241+0000] {processor.py:830} INFO - Processing file /home/airflow/.local/lib/python3.8/site-packages/airflow/example_dags/example_bash_operator.py for tasks to queue
[2023-12-20T22:40:13.244+0000] {logging_mixin.py:188} INFO - [2023-12-20T22:40:13.244+0000] {dagbag.py:538} INFO - Filling up the DagBag from /home/airflow/.local/lib/python3.8/site-packages/airflow/example_dags/example_bash_operator.py
[2023-12-20T22:40:13.256+0000] {processor.py:840} INFO - DAG(s) 'example_bash_operator' retrieved from /home/airflow/.local/lib/python3.8/site-packages/airflow/example_dags/example_bash_operator.py
[2023-12-20T22:40:13.284+0000] {logging_mixin.py:188} INFO - [2023-12-20T22:40:13.284+0000] {dag.py:3033} INFO - Sync 1 DAGs
[2023-12-20T22:40:13.303+0000] {logging_mixin.py:188} INFO - [2023-12-20T22:40:13.303+0000] {dag.py:3820} INFO - Setting next_dagrun for example_bash_operator to 2023-12-19T00:00:00+00:00, run_after=2023-12-20T00:00:00+00:00
[2023-12-20T22:40:13.322+0000] {processor.py:183} INFO - Processing /home/airflow/.local/lib/python3.8/site-packages/airflow/example_dags/example_bash_operator.py took 0.088 seconds
[2023-12-20T22:40:43.602+0000] {processor.py:161} INFO - Started process (PID=318) to work on /home/airflow/.local/lib/python3.8/site-packages/airflow/example_dags/example_bash_operator.py
[2023-12-20T22:40:43.605+0000] {processor.py:830} INFO - Processing file /home/airflow/.local/lib/python3.8/site-packages/airflow/example_dags/example_bash_operator.py for tasks to queue
[2023-12-20T22:40:43.609+0000] {logging_mixin.py:188} INFO - [2023-12-20T22:40:43.608+0000] {dagbag.py:538} INFO - Filling up the DagBag from /home/airflow/.local/lib/python3.8/site-packages/airflow/example_dags/example_bash_operator.py
[2023-12-20T22:40:43.621+0000] {processor.py:840} INFO - DAG(s) 'example_bash_operator' retrieved from /home/airflow/.local/lib/python3.8/site-packages/airflow/example_dags/example_bash_operator.py
[2023-12-20T22:40:43.650+0000] {logging_mixin.py:188} INFO - [2023-12-20T22:40:43.650+0000] {dag.py:3033} INFO - Sync 1 DAGs
[2023-12-20T22:40:43.670+0000] {logging_mixin.py:188} INFO - [2023-12-20T22:40:43.669+0000] {dag.py:3820} INFO - Setting next_dagrun for example_bash_operator to 2023-12-19T00:00:00+00:00, run_after=2023-12-20T00:00:00+00:00
[2023-12-20T22:40:43.684+0000] {processor.py:183} INFO - Processing /home/airflow/.local/lib/python3.8/site-packages/airflow/example_dags/example_bash_operator.py took 0.087 seconds
[2023-12-20T22:41:13.771+0000] {processor.py:161} INFO - Started process (PID=372) to work on /home/airflow/.local/lib/python3.8/site-packages/airflow/example_dags/example_bash_operator.py
[2023-12-20T22:41:13.773+0000] {processor.py:830} INFO - Processing file /home/airflow/.local/lib/python3.8/site-packages/airflow/example_dags/example_bash_operator.py for tasks to queue
[2023-12-20T22:41:13.777+0000] {logging_mixin.py:188} INFO - [2023-12-20T22:41:13.776+0000] {dagbag.py:538} INFO - Filling up the DagBag from /home/airflow/.local/lib/python3.8/site-packages/airflow/example_dags/example_bash_operator.py
[2023-12-20T22:41:13.796+0000] {processor.py:840} INFO - DAG(s) 'example_bash_operator' retrieved from /home/airflow/.local/lib/python3.8/site-packages/airflow/example_dags/example_bash_operator.py
[2023-12-20T22:41:13.836+0000] {logging_mixin.py:188} INFO - [2023-12-20T22:41:13.836+0000] {dag.py:3033} INFO - Sync 1 DAGs
[2023-12-20T22:41:13.862+0000] {logging_mixin.py:188} INFO - [2023-12-20T22:41:13.862+0000] {dag.py:3820} INFO - Setting next_dagrun for example_bash_operator to 2023-12-19T00:00:00+00:00, run_after=2023-12-20T00:00:00+00:00
[2023-12-20T22:41:13.881+0000] {processor.py:183} INFO - Processing /home/airflow/.local/lib/python3.8/site-packages/airflow/example_dags/example_bash_operator.py took 0.115 seconds
[2023-12-20T22:41:45.044+0000] {processor.py:161} INFO - Started process (PID=427) to work on /home/airflow/.local/lib/python3.8/site-packages/airflow/example_dags/example_bash_operator.py
[2023-12-20T22:41:45.046+0000] {processor.py:830} INFO - Processing file /home/airflow/.local/lib/python3.8/site-packages/airflow/example_dags/example_bash_operator.py for tasks to queue
[2023-12-20T22:41:45.049+0000] {logging_mixin.py:188} INFO - [2023-12-20T22:41:45.049+0000] {dagbag.py:538} INFO - Filling up the DagBag from /home/airflow/.local/lib/python3.8/site-packages/airflow/example_dags/example_bash_operator.py
[2023-12-20T22:41:45.063+0000] {processor.py:840} INFO - DAG(s) 'example_bash_operator' retrieved from /home/airflow/.local/lib/python3.8/site-packages/airflow/example_dags/example_bash_operator.py
[2023-12-20T22:41:45.097+0000] {logging_mixin.py:188} INFO - [2023-12-20T22:41:45.097+0000] {dag.py:3033} INFO - Sync 1 DAGs
[2023-12-20T22:41:45.116+0000] {logging_mixin.py:188} INFO - [2023-12-20T22:41:45.116+0000] {dag.py:3820} INFO - Setting next_dagrun for example_bash_operator to 2023-12-19T00:00:00+00:00, run_after=2023-12-20T00:00:00+00:00
[2023-12-20T22:41:45.131+0000] {processor.py:183} INFO - Processing /home/airflow/.local/lib/python3.8/site-packages/airflow/example_dags/example_bash_operator.py took 0.090 seconds
[2023-12-20T22:42:15.567+0000] {processor.py:161} INFO - Started process (PID=480) to work on /home/airflow/.local/lib/python3.8/site-packages/airflow/example_dags/example_bash_operator.py
[2023-12-20T22:42:15.571+0000] {processor.py:830} INFO - Processing file /home/airflow/.local/lib/python3.8/site-packages/airflow/example_dags/example_bash_operator.py for tasks to queue
[2023-12-20T22:42:15.578+0000] {logging_mixin.py:188} INFO - [2023-12-20T22:42:15.577+0000] {dagbag.py:538} INFO - Filling up the DagBag from /home/airflow/.local/lib/python3.8/site-packages/airflow/example_dags/example_bash_operator.py
[2023-12-20T22:42:15.606+0000] {processor.py:840} INFO - DAG(s) 'example_bash_operator' retrieved from /home/airflow/.local/lib/python3.8/site-packages/airflow/example_dags/example_bash_operator.py
[2023-12-20T22:42:15.662+0000] {logging_mixin.py:188} INFO - [2023-12-20T22:42:15.662+0000] {dag.py:3033} INFO - Sync 1 DAGs
[2023-12-20T22:42:15.696+0000] {logging_mixin.py:188} INFO - [2023-12-20T22:42:15.695+0000] {dag.py:3820} INFO - Setting next_dagrun for example_bash_operator to 2023-12-19T00:00:00+00:00, run_after=2023-12-20T00:00:00+00:00
[2023-12-20T22:42:15.713+0000] {processor.py:183} INFO - Processing /home/airflow/.local/lib/python3.8/site-packages/airflow/example_dags/example_bash_operator.py took 0.159 seconds
[2023-12-20T22:42:46.390+0000] {processor.py:161} INFO - Started process (PID=534) to work on /home/airflow/.local/lib/python3.8/site-packages/airflow/example_dags/example_bash_operator.py
[2023-12-20T22:42:46.401+0000] {processor.py:830} INFO - Processing file /home/airflow/.local/lib/python3.8/site-packages/airflow/example_dags/example_bash_operator.py for tasks to queue
[2023-12-20T22:42:46.405+0000] {logging_mixin.py:188} INFO - [2023-12-20T22:42:46.405+0000] {dagbag.py:538} INFO - Filling up the DagBag from /home/airflow/.local/lib/python3.8/site-packages/airflow/example_dags/example_bash_operator.py
[2023-12-20T22:42:46.420+0000] {processor.py:840} INFO - DAG(s) 'example_bash_operator' retrieved from /home/airflow/.local/lib/python3.8/site-packages/airflow/example_dags/example_bash_operator.py
[2023-12-20T22:42:46.451+0000] {logging_mixin.py:188} INFO - [2023-12-20T22:42:46.451+0000] {dag.py:3033} INFO - Sync 1 DAGs
[2023-12-20T22:42:46.472+0000] {logging_mixin.py:188} INFO - [2023-12-20T22:42:46.472+0000] {dag.py:3820} INFO - Setting next_dagrun for example_bash_operator to 2023-12-19T00:00:00+00:00, run_after=2023-12-20T00:00:00+00:00
[2023-12-20T22:42:46.487+0000] {processor.py:183} INFO - Processing /home/airflow/.local/lib/python3.8/site-packages/airflow/example_dags/example_bash_operator.py took 0.104 seconds
[2023-12-20T22:43:17.082+0000] {processor.py:161} INFO - Started process (PID=589) to work on /home/airflow/.local/lib/python3.8/site-packages/airflow/example_dags/example_bash_operator.py
[2023-12-20T22:43:17.084+0000] {processor.py:830} INFO - Processing file /home/airflow/.local/lib/python3.8/site-packages/airflow/example_dags/example_bash_operator.py for tasks to queue
[2023-12-20T22:43:17.087+0000] {logging_mixin.py:188} INFO - [2023-12-20T22:43:17.086+0000] {dagbag.py:538} INFO - Filling up the DagBag from /home/airflow/.local/lib/python3.8/site-packages/airflow/example_dags/example_bash_operator.py
[2023-12-20T22:43:17.101+0000] {processor.py:840} INFO - DAG(s) 'example_bash_operator' retrieved from /home/airflow/.local/lib/python3.8/site-packages/airflow/example_dags/example_bash_operator.py
[2023-12-20T22:43:17.136+0000] {logging_mixin.py:188} INFO - [2023-12-20T22:43:17.136+0000] {dag.py:3033} INFO - Sync 1 DAGs
[2023-12-20T22:43:17.155+0000] {logging_mixin.py:188} INFO - [2023-12-20T22:43:17.155+0000] {dag.py:3820} INFO - Setting next_dagrun for example_bash_operator to 2023-12-19T00:00:00+00:00, run_after=2023-12-20T00:00:00+00:00
[2023-12-20T22:43:17.179+0000] {processor.py:183} INFO - Processing /home/airflow/.local/lib/python3.8/site-packages/airflow/example_dags/example_bash_operator.py took 0.102 seconds
[2023-12-20T22:43:47.245+0000] {processor.py:161} INFO - Started process (PID=644) to work on /home/airflow/.local/lib/python3.8/site-packages/airflow/example_dags/example_bash_operator.py
[2023-12-20T22:43:47.246+0000] {processor.py:830} INFO - Processing file /home/airflow/.local/lib/python3.8/site-packages/airflow/example_dags/example_bash_operator.py for tasks to queue
[2023-12-20T22:43:47.250+0000] {logging_mixin.py:188} INFO - [2023-12-20T22:43:47.249+0000] {dagbag.py:538} INFO - Filling up the DagBag from /home/airflow/.local/lib/python3.8/site-packages/airflow/example_dags/example_bash_operator.py
[2023-12-20T22:43:47.264+0000] {processor.py:840} INFO - DAG(s) 'example_bash_operator' retrieved from /home/airflow/.local/lib/python3.8/site-packages/airflow/example_dags/example_bash_operator.py
[2023-12-20T22:43:47.299+0000] {logging_mixin.py:188} INFO - [2023-12-20T22:43:47.298+0000] {dag.py:3033} INFO - Sync 1 DAGs
[2023-12-20T22:43:47.324+0000] {logging_mixin.py:188} INFO - [2023-12-20T22:43:47.324+0000] {dag.py:3820} INFO - Setting next_dagrun for example_bash_operator to 2023-12-19T00:00:00+00:00, run_after=2023-12-20T00:00:00+00:00
[2023-12-20T22:43:47.343+0000] {processor.py:183} INFO - Processing /home/airflow/.local/lib/python3.8/site-packages/airflow/example_dags/example_bash_operator.py took 0.104 seconds
[2023-12-20T22:44:17.896+0000] {processor.py:161} INFO - Started process (PID=699) to work on /home/airflow/.local/lib/python3.8/site-packages/airflow/example_dags/example_bash_operator.py
[2023-12-20T22:44:17.897+0000] {processor.py:830} INFO - Processing file /home/airflow/.local/lib/python3.8/site-packages/airflow/example_dags/example_bash_operator.py for tasks to queue
[2023-12-20T22:44:17.900+0000] {logging_mixin.py:188} INFO - [2023-12-20T22:44:17.900+0000] {dagbag.py:538} INFO - Filling up the DagBag from /home/airflow/.local/lib/python3.8/site-packages/airflow/example_dags/example_bash_operator.py
[2023-12-20T22:44:17.912+0000] {processor.py:840} INFO - DAG(s) 'example_bash_operator' retrieved from /home/airflow/.local/lib/python3.8/site-packages/airflow/example_dags/example_bash_operator.py
[2023-12-20T22:44:17.938+0000] {logging_mixin.py:188} INFO - [2023-12-20T22:44:17.938+0000] {dag.py:3033} INFO - Sync 1 DAGs
[2023-12-20T22:44:17.955+0000] {logging_mixin.py:188} INFO - [2023-12-20T22:44:17.955+0000] {dag.py:3820} INFO - Setting next_dagrun for example_bash_operator to 2023-12-19T00:00:00+00:00, run_after=2023-12-20T00:00:00+00:00
[2023-12-20T22:44:17.971+0000] {processor.py:183} INFO - Processing /home/airflow/.local/lib/python3.8/site-packages/airflow/example_dags/example_bash_operator.py took 0.078 seconds
[2023-12-20T22:44:48.974+0000] {processor.py:161} INFO - Started process (PID=754) to work on /home/airflow/.local/lib/python3.8/site-packages/airflow/example_dags/example_bash_operator.py
[2023-12-20T22:44:48.976+0000] {processor.py:830} INFO - Processing file /home/airflow/.local/lib/python3.8/site-packages/airflow/example_dags/example_bash_operator.py for tasks to queue
[2023-12-20T22:44:48.978+0000] {logging_mixin.py:188} INFO - [2023-12-20T22:44:48.978+0000] {dagbag.py:538} INFO - Filling up the DagBag from /home/airflow/.local/lib/python3.8/site-packages/airflow/example_dags/example_bash_operator.py
[2023-12-20T22:44:48.992+0000] {processor.py:840} INFO - DAG(s) 'example_bash_operator' retrieved from /home/airflow/.local/lib/python3.8/site-packages/airflow/example_dags/example_bash_operator.py
[2023-12-20T22:44:49.032+0000] {logging_mixin.py:188} INFO - [2023-12-20T22:44:49.031+0000] {dag.py:3033} INFO - Sync 1 DAGs
[2023-12-20T22:44:49.077+0000] {logging_mixin.py:188} INFO - [2023-12-20T22:44:49.076+0000] {dag.py:3820} INFO - Setting next_dagrun for example_bash_operator to 2023-12-19T00:00:00+00:00, run_after=2023-12-20T00:00:00+00:00
[2023-12-20T22:44:49.108+0000] {processor.py:183} INFO - Processing /home/airflow/.local/lib/python3.8/site-packages/airflow/example_dags/example_bash_operator.py took 0.138 seconds
[2023-12-20T22:45:19.546+0000] {processor.py:161} INFO - Started process (PID=810) to work on /home/airflow/.local/lib/python3.8/site-packages/airflow/example_dags/example_bash_operator.py
[2023-12-20T22:45:19.547+0000] {processor.py:830} INFO - Processing file /home/airflow/.local/lib/python3.8/site-packages/airflow/example_dags/example_bash_operator.py for tasks to queue
[2023-12-20T22:45:19.550+0000] {logging_mixin.py:188} INFO - [2023-12-20T22:45:19.550+0000] {dagbag.py:538} INFO - Filling up the DagBag from /home/airflow/.local/lib/python3.8/site-packages/airflow/example_dags/example_bash_operator.py
[2023-12-20T22:45:19.563+0000] {processor.py:840} INFO - DAG(s) 'example_bash_operator' retrieved from /home/airflow/.local/lib/python3.8/site-packages/airflow/example_dags/example_bash_operator.py
[2023-12-20T22:45:19.592+0000] {logging_mixin.py:188} INFO - [2023-12-20T22:45:19.592+0000] {dag.py:3033} INFO - Sync 1 DAGs
[2023-12-20T22:45:19.614+0000] {logging_mixin.py:188} INFO - [2023-12-20T22:45:19.614+0000] {dag.py:3820} INFO - Setting next_dagrun for example_bash_operator to 2023-12-19T00:00:00+00:00, run_after=2023-12-20T00:00:00+00:00
[2023-12-20T22:45:19.629+0000] {processor.py:183} INFO - Processing /home/airflow/.local/lib/python3.8/site-packages/airflow/example_dags/example_bash_operator.py took 0.087 seconds
[2023-12-20T22:45:49.949+0000] {processor.py:161} INFO - Started process (PID=865) to work on /home/airflow/.local/lib/python3.8/site-packages/airflow/example_dags/example_bash_operator.py
[2023-12-20T22:45:49.951+0000] {processor.py:830} INFO - Processing file /home/airflow/.local/lib/python3.8/site-packages/airflow/example_dags/example_bash_operator.py for tasks to queue
[2023-12-20T22:45:49.954+0000] {logging_mixin.py:188} INFO - [2023-12-20T22:45:49.954+0000] {dagbag.py:538} INFO - Filling up the DagBag from /home/airflow/.local/lib/python3.8/site-packages/airflow/example_dags/example_bash_operator.py
[2023-12-20T22:45:49.966+0000] {processor.py:840} INFO - DAG(s) 'example_bash_operator' retrieved from /home/airflow/.local/lib/python3.8/site-packages/airflow/example_dags/example_bash_operator.py
[2023-12-20T22:45:49.992+0000] {logging_mixin.py:188} INFO - [2023-12-20T22:45:49.992+0000] {dag.py:3033} INFO - Sync 1 DAGs
[2023-12-20T22:45:50.014+0000] {logging_mixin.py:188} INFO - [2023-12-20T22:45:50.014+0000] {dag.py:3820} INFO - Setting next_dagrun for example_bash_operator to 2023-12-19T00:00:00+00:00, run_after=2023-12-20T00:00:00+00:00
[2023-12-20T22:45:50.029+0000] {processor.py:183} INFO - Processing /home/airflow/.local/lib/python3.8/site-packages/airflow/example_dags/example_bash_operator.py took 0.084 seconds
[2023-12-20T22:46:20.786+0000] {processor.py:161} INFO - Started process (PID=920) to work on /home/airflow/.local/lib/python3.8/site-packages/airflow/example_dags/example_bash_operator.py
[2023-12-20T22:46:20.788+0000] {processor.py:830} INFO - Processing file /home/airflow/.local/lib/python3.8/site-packages/airflow/example_dags/example_bash_operator.py for tasks to queue
[2023-12-20T22:46:20.790+0000] {logging_mixin.py:188} INFO - [2023-12-20T22:46:20.790+0000] {dagbag.py:538} INFO - Filling up the DagBag from /home/airflow/.local/lib/python3.8/site-packages/airflow/example_dags/example_bash_operator.py
[2023-12-20T22:46:20.801+0000] {processor.py:840} INFO - DAG(s) 'example_bash_operator' retrieved from /home/airflow/.local/lib/python3.8/site-packages/airflow/example_dags/example_bash_operator.py
[2023-12-20T22:46:20.826+0000] {logging_mixin.py:188} INFO - [2023-12-20T22:46:20.826+0000] {dag.py:3033} INFO - Sync 1 DAGs
[2023-12-20T22:46:20.843+0000] {logging_mixin.py:188} INFO - [2023-12-20T22:46:20.843+0000] {dag.py:3820} INFO - Setting next_dagrun for example_bash_operator to 2023-12-19T00:00:00+00:00, run_after=2023-12-20T00:00:00+00:00
[2023-12-20T22:46:20.858+0000] {processor.py:183} INFO - Processing /home/airflow/.local/lib/python3.8/site-packages/airflow/example_dags/example_bash_operator.py took 0.076 seconds
[2023-12-20T22:46:51.686+0000] {processor.py:161} INFO - Started process (PID=975) to work on /home/airflow/.local/lib/python3.8/site-packages/airflow/example_dags/example_bash_operator.py
[2023-12-20T22:46:51.687+0000] {processor.py:830} INFO - Processing file /home/airflow/.local/lib/python3.8/site-packages/airflow/example_dags/example_bash_operator.py for tasks to queue
[2023-12-20T22:46:51.690+0000] {logging_mixin.py:188} INFO - [2023-12-20T22:46:51.689+0000] {dagbag.py:538} INFO - Filling up the DagBag from /home/airflow/.local/lib/python3.8/site-packages/airflow/example_dags/example_bash_operator.py
[2023-12-20T22:46:51.702+0000] {processor.py:840} INFO - DAG(s) 'example_bash_operator' retrieved from /home/airflow/.local/lib/python3.8/site-packages/airflow/example_dags/example_bash_operator.py
[2023-12-20T22:46:51.731+0000] {logging_mixin.py:188} INFO - [2023-12-20T22:46:51.731+0000] {dag.py:3033} INFO - Sync 1 DAGs
[2023-12-20T22:46:51.750+0000] {logging_mixin.py:188} INFO - [2023-12-20T22:46:51.750+0000] {dag.py:3820} INFO - Setting next_dagrun for example_bash_operator to 2023-12-19T00:00:00+00:00, run_after=2023-12-20T00:00:00+00:00
[2023-12-20T22:46:51.764+0000] {processor.py:183} INFO - Processing /home/airflow/.local/lib/python3.8/site-packages/airflow/example_dags/example_bash_operator.py took 0.082 seconds
[2023-12-20T22:47:22.609+0000] {processor.py:161} INFO - Started process (PID=1030) to work on /home/airflow/.local/lib/python3.8/site-packages/airflow/example_dags/example_bash_operator.py
[2023-12-20T22:47:22.612+0000] {processor.py:830} INFO - Processing file /home/airflow/.local/lib/python3.8/site-packages/airflow/example_dags/example_bash_operator.py for tasks to queue
[2023-12-20T22:47:22.624+0000] {logging_mixin.py:188} INFO - [2023-12-20T22:47:22.623+0000] {dagbag.py:538} INFO - Filling up the DagBag from /home/airflow/.local/lib/python3.8/site-packages/airflow/example_dags/example_bash_operator.py
[2023-12-20T22:47:22.648+0000] {processor.py:840} INFO - DAG(s) 'example_bash_operator' retrieved from /home/airflow/.local/lib/python3.8/site-packages/airflow/example_dags/example_bash_operator.py
[2023-12-20T22:47:22.714+0000] {logging_mixin.py:188} INFO - [2023-12-20T22:47:22.714+0000] {dag.py:3033} INFO - Sync 1 DAGs
[2023-12-20T22:47:22.750+0000] {logging_mixin.py:188} INFO - [2023-12-20T22:47:22.749+0000] {dag.py:3820} INFO - Setting next_dagrun for example_bash_operator to 2023-12-19T00:00:00+00:00, run_after=2023-12-20T00:00:00+00:00
[2023-12-20T22:47:22.788+0000] {processor.py:183} INFO - Processing /home/airflow/.local/lib/python3.8/site-packages/airflow/example_dags/example_bash_operator.py took 0.188 seconds
[2023-12-20T22:47:53.108+0000] {processor.py:161} INFO - Started process (PID=1084) to work on /home/airflow/.local/lib/python3.8/site-packages/airflow/example_dags/example_bash_operator.py
[2023-12-20T22:47:53.109+0000] {processor.py:830} INFO - Processing file /home/airflow/.local/lib/python3.8/site-packages/airflow/example_dags/example_bash_operator.py for tasks to queue
[2023-12-20T22:47:53.112+0000] {logging_mixin.py:188} INFO - [2023-12-20T22:47:53.111+0000] {dagbag.py:538} INFO - Filling up the DagBag from /home/airflow/.local/lib/python3.8/site-packages/airflow/example_dags/example_bash_operator.py
[2023-12-20T22:47:53.124+0000] {processor.py:840} INFO - DAG(s) 'example_bash_operator' retrieved from /home/airflow/.local/lib/python3.8/site-packages/airflow/example_dags/example_bash_operator.py
[2023-12-20T22:47:53.150+0000] {logging_mixin.py:188} INFO - [2023-12-20T22:47:53.150+0000] {dag.py:3033} INFO - Sync 1 DAGs
[2023-12-20T22:47:53.168+0000] {logging_mixin.py:188} INFO - [2023-12-20T22:47:53.168+0000] {dag.py:3820} INFO - Setting next_dagrun for example_bash_operator to 2023-12-19T00:00:00+00:00, run_after=2023-12-20T00:00:00+00:00
[2023-12-20T22:47:53.182+0000] {processor.py:183} INFO - Processing /home/airflow/.local/lib/python3.8/site-packages/airflow/example_dags/example_bash_operator.py took 0.078 seconds
[2023-12-20T22:48:24.004+0000] {processor.py:161} INFO - Started process (PID=1139) to work on /home/airflow/.local/lib/python3.8/site-packages/airflow/example_dags/example_bash_operator.py
[2023-12-20T22:48:24.007+0000] {processor.py:830} INFO - Processing file /home/airflow/.local/lib/python3.8/site-packages/airflow/example_dags/example_bash_operator.py for tasks to queue
[2023-12-20T22:48:24.013+0000] {logging_mixin.py:188} INFO - [2023-12-20T22:48:24.012+0000] {dagbag.py:538} INFO - Filling up the DagBag from /home/airflow/.local/lib/python3.8/site-packages/airflow/example_dags/example_bash_operator.py
[2023-12-20T22:48:24.049+0000] {processor.py:840} INFO - DAG(s) 'example_bash_operator' retrieved from /home/airflow/.local/lib/python3.8/site-packages/airflow/example_dags/example_bash_operator.py
[2023-12-20T22:48:24.097+0000] {logging_mixin.py:188} INFO - [2023-12-20T22:48:24.097+0000] {dag.py:3033} INFO - Sync 1 DAGs
[2023-12-20T22:48:24.122+0000] {logging_mixin.py:188} INFO - [2023-12-20T22:48:24.122+0000] {dag.py:3820} INFO - Setting next_dagrun for example_bash_operator to 2023-12-19T00:00:00+00:00, run_after=2023-12-20T00:00:00+00:00
[2023-12-20T22:48:24.140+0000] {processor.py:183} INFO - Processing /home/airflow/.local/lib/python3.8/site-packages/airflow/example_dags/example_bash_operator.py took 0.148 seconds
[2023-12-20T22:48:54.301+0000] {processor.py:161} INFO - Started process (PID=1193) to work on /home/airflow/.local/lib/python3.8/site-packages/airflow/example_dags/example_bash_operator.py
[2023-12-20T22:48:54.302+0000] {processor.py:830} INFO - Processing file /home/airflow/.local/lib/python3.8/site-packages/airflow/example_dags/example_bash_operator.py for tasks to queue
[2023-12-20T22:48:54.305+0000] {logging_mixin.py:188} INFO - [2023-12-20T22:48:54.305+0000] {dagbag.py:538} INFO - Filling up the DagBag from /home/airflow/.local/lib/python3.8/site-packages/airflow/example_dags/example_bash_operator.py
[2023-12-20T22:48:54.319+0000] {processor.py:840} INFO - DAG(s) 'example_bash_operator' retrieved from /home/airflow/.local/lib/python3.8/site-packages/airflow/example_dags/example_bash_operator.py
[2023-12-20T22:48:54.347+0000] {logging_mixin.py:188} INFO - [2023-12-20T22:48:54.347+0000] {dag.py:3033} INFO - Sync 1 DAGs
[2023-12-20T22:48:54.369+0000] {logging_mixin.py:188} INFO - [2023-12-20T22:48:54.369+0000] {dag.py:3820} INFO - Setting next_dagrun for example_bash_operator to 2023-12-19T00:00:00+00:00, run_after=2023-12-20T00:00:00+00:00
[2023-12-20T22:48:54.391+0000] {processor.py:183} INFO - Processing /home/airflow/.local/lib/python3.8/site-packages/airflow/example_dags/example_bash_operator.py took 0.094 seconds
[2023-12-20T22:49:24.518+0000] {processor.py:161} INFO - Started process (PID=1247) to work on /home/airflow/.local/lib/python3.8/site-packages/airflow/example_dags/example_bash_operator.py
[2023-12-20T22:49:24.519+0000] {processor.py:830} INFO - Processing file /home/airflow/.local/lib/python3.8/site-packages/airflow/example_dags/example_bash_operator.py for tasks to queue
[2023-12-20T22:49:24.522+0000] {logging_mixin.py:188} INFO - [2023-12-20T22:49:24.522+0000] {dagbag.py:538} INFO - Filling up the DagBag from /home/airflow/.local/lib/python3.8/site-packages/airflow/example_dags/example_bash_operator.py
[2023-12-20T22:49:24.535+0000] {processor.py:840} INFO - DAG(s) 'example_bash_operator' retrieved from /home/airflow/.local/lib/python3.8/site-packages/airflow/example_dags/example_bash_operator.py
[2023-12-20T22:49:24.561+0000] {logging_mixin.py:188} INFO - [2023-12-20T22:49:24.561+0000] {dag.py:3033} INFO - Sync 1 DAGs
[2023-12-20T22:49:24.580+0000] {logging_mixin.py:188} INFO - [2023-12-20T22:49:24.580+0000] {dag.py:3820} INFO - Setting next_dagrun for example_bash_operator to 2023-12-19T00:00:00+00:00, run_after=2023-12-20T00:00:00+00:00
[2023-12-20T22:49:24.595+0000] {processor.py:183} INFO - Processing /home/airflow/.local/lib/python3.8/site-packages/airflow/example_dags/example_bash_operator.py took 0.080 seconds
[2023-12-20T22:49:54.922+0000] {processor.py:161} INFO - Started process (PID=1302) to work on /home/airflow/.local/lib/python3.8/site-packages/airflow/example_dags/example_bash_operator.py
[2023-12-20T22:49:54.923+0000] {processor.py:830} INFO - Processing file /home/airflow/.local/lib/python3.8/site-packages/airflow/example_dags/example_bash_operator.py for tasks to queue
[2023-12-20T22:49:54.926+0000] {logging_mixin.py:188} INFO - [2023-12-20T22:49:54.925+0000] {dagbag.py:538} INFO - Filling up the DagBag from /home/airflow/.local/lib/python3.8/site-packages/airflow/example_dags/example_bash_operator.py
[2023-12-20T22:49:54.946+0000] {processor.py:840} INFO - DAG(s) 'example_bash_operator' retrieved from /home/airflow/.local/lib/python3.8/site-packages/airflow/example_dags/example_bash_operator.py
[2023-12-20T22:49:54.973+0000] {logging_mixin.py:188} INFO - [2023-12-20T22:49:54.973+0000] {dag.py:3033} INFO - Sync 1 DAGs
[2023-12-20T22:49:54.992+0000] {logging_mixin.py:188} INFO - [2023-12-20T22:49:54.992+0000] {dag.py:3820} INFO - Setting next_dagrun for example_bash_operator to 2023-12-19T00:00:00+00:00, run_after=2023-12-20T00:00:00+00:00
[2023-12-20T22:49:55.006+0000] {processor.py:183} INFO - Processing /home/airflow/.local/lib/python3.8/site-packages/airflow/example_dags/example_bash_operator.py took 0.087 seconds
[2023-12-20T22:50:25.192+0000] {processor.py:161} INFO - Started process (PID=1357) to work on /home/airflow/.local/lib/python3.8/site-packages/airflow/example_dags/example_bash_operator.py
[2023-12-20T22:50:25.193+0000] {processor.py:830} INFO - Processing file /home/airflow/.local/lib/python3.8/site-packages/airflow/example_dags/example_bash_operator.py for tasks to queue
[2023-12-20T22:50:25.196+0000] {logging_mixin.py:188} INFO - [2023-12-20T22:50:25.196+0000] {dagbag.py:538} INFO - Filling up the DagBag from /home/airflow/.local/lib/python3.8/site-packages/airflow/example_dags/example_bash_operator.py
[2023-12-20T22:50:25.209+0000] {processor.py:840} INFO - DAG(s) 'example_bash_operator' retrieved from /home/airflow/.local/lib/python3.8/site-packages/airflow/example_dags/example_bash_operator.py
[2023-12-20T22:50:25.236+0000] {logging_mixin.py:188} INFO - [2023-12-20T22:50:25.236+0000] {dag.py:3033} INFO - Sync 1 DAGs
[2023-12-20T22:50:25.257+0000] {logging_mixin.py:188} INFO - [2023-12-20T22:50:25.257+0000] {dag.py:3820} INFO - Setting next_dagrun for example_bash_operator to 2023-12-19T00:00:00+00:00, run_after=2023-12-20T00:00:00+00:00
[2023-12-20T22:50:25.271+0000] {processor.py:183} INFO - Processing /home/airflow/.local/lib/python3.8/site-packages/airflow/example_dags/example_bash_operator.py took 0.083 seconds
[2023-12-20T22:50:55.329+0000] {processor.py:161} INFO - Started process (PID=1412) to work on /home/airflow/.local/lib/python3.8/site-packages/airflow/example_dags/example_bash_operator.py
[2023-12-20T22:50:55.331+0000] {processor.py:830} INFO - Processing file /home/airflow/.local/lib/python3.8/site-packages/airflow/example_dags/example_bash_operator.py for tasks to queue
[2023-12-20T22:50:55.333+0000] {logging_mixin.py:188} INFO - [2023-12-20T22:50:55.333+0000] {dagbag.py:538} INFO - Filling up the DagBag from /home/airflow/.local/lib/python3.8/site-packages/airflow/example_dags/example_bash_operator.py
[2023-12-20T22:50:55.345+0000] {processor.py:840} INFO - DAG(s) 'example_bash_operator' retrieved from /home/airflow/.local/lib/python3.8/site-packages/airflow/example_dags/example_bash_operator.py
[2023-12-20T22:50:55.375+0000] {logging_mixin.py:188} INFO - [2023-12-20T22:50:55.375+0000] {dag.py:3033} INFO - Sync 1 DAGs
[2023-12-20T22:50:55.395+0000] {logging_mixin.py:188} INFO - [2023-12-20T22:50:55.395+0000] {dag.py:3820} INFO - Setting next_dagrun for example_bash_operator to 2023-12-19T00:00:00+00:00, run_after=2023-12-20T00:00:00+00:00
[2023-12-20T22:50:55.410+0000] {processor.py:183} INFO - Processing /home/airflow/.local/lib/python3.8/site-packages/airflow/example_dags/example_bash_operator.py took 0.084 seconds
[2023-12-20T22:51:25.462+0000] {processor.py:161} INFO - Started process (PID=1467) to work on /home/airflow/.local/lib/python3.8/site-packages/airflow/example_dags/example_bash_operator.py
[2023-12-20T22:51:25.464+0000] {processor.py:830} INFO - Processing file /home/airflow/.local/lib/python3.8/site-packages/airflow/example_dags/example_bash_operator.py for tasks to queue
[2023-12-20T22:51:25.466+0000] {logging_mixin.py:188} INFO - [2023-12-20T22:51:25.466+0000] {dagbag.py:538} INFO - Filling up the DagBag from /home/airflow/.local/lib/python3.8/site-packages/airflow/example_dags/example_bash_operator.py
[2023-12-20T22:51:25.477+0000] {processor.py:840} INFO - DAG(s) 'example_bash_operator' retrieved from /home/airflow/.local/lib/python3.8/site-packages/airflow/example_dags/example_bash_operator.py
[2023-12-20T22:51:25.506+0000] {logging_mixin.py:188} INFO - [2023-12-20T22:51:25.506+0000] {dag.py:3033} INFO - Sync 1 DAGs
[2023-12-20T22:51:25.524+0000] {logging_mixin.py:188} INFO - [2023-12-20T22:51:25.524+0000] {dag.py:3820} INFO - Setting next_dagrun for example_bash_operator to 2023-12-19T00:00:00+00:00, run_after=2023-12-20T00:00:00+00:00
[2023-12-20T22:51:25.537+0000] {processor.py:183} INFO - Processing /home/airflow/.local/lib/python3.8/site-packages/airflow/example_dags/example_bash_operator.py took 0.079 seconds
[2023-12-20T22:51:56.304+0000] {processor.py:161} INFO - Started process (PID=1522) to work on /home/airflow/.local/lib/python3.8/site-packages/airflow/example_dags/example_bash_operator.py
[2023-12-20T22:51:56.306+0000] {processor.py:830} INFO - Processing file /home/airflow/.local/lib/python3.8/site-packages/airflow/example_dags/example_bash_operator.py for tasks to queue
[2023-12-20T22:51:56.310+0000] {logging_mixin.py:188} INFO - [2023-12-20T22:51:56.310+0000] {dagbag.py:538} INFO - Filling up the DagBag from /home/airflow/.local/lib/python3.8/site-packages/airflow/example_dags/example_bash_operator.py
[2023-12-20T22:51:56.327+0000] {processor.py:840} INFO - DAG(s) 'example_bash_operator' retrieved from /home/airflow/.local/lib/python3.8/site-packages/airflow/example_dags/example_bash_operator.py
[2023-12-20T22:51:56.358+0000] {logging_mixin.py:188} INFO - [2023-12-20T22:51:56.358+0000] {dag.py:3033} INFO - Sync 1 DAGs
[2023-12-20T22:51:56.377+0000] {logging_mixin.py:188} INFO - [2023-12-20T22:51:56.377+0000] {dag.py:3820} INFO - Setting next_dagrun for example_bash_operator to 2023-12-19T00:00:00+00:00, run_after=2023-12-20T00:00:00+00:00
[2023-12-20T22:51:56.393+0000] {processor.py:183} INFO - Processing /home/airflow/.local/lib/python3.8/site-packages/airflow/example_dags/example_bash_operator.py took 0.095 seconds
[2023-12-20T22:52:26.967+0000] {processor.py:161} INFO - Started process (PID=1577) to work on /home/airflow/.local/lib/python3.8/site-packages/airflow/example_dags/example_bash_operator.py
[2023-12-20T22:52:26.970+0000] {processor.py:830} INFO - Processing file /home/airflow/.local/lib/python3.8/site-packages/airflow/example_dags/example_bash_operator.py for tasks to queue
[2023-12-20T22:52:26.973+0000] {logging_mixin.py:188} INFO - [2023-12-20T22:52:26.973+0000] {dagbag.py:538} INFO - Filling up the DagBag from /home/airflow/.local/lib/python3.8/site-packages/airflow/example_dags/example_bash_operator.py
[2023-12-20T22:52:26.991+0000] {processor.py:840} INFO - DAG(s) 'example_bash_operator' retrieved from /home/airflow/.local/lib/python3.8/site-packages/airflow/example_dags/example_bash_operator.py
[2023-12-20T22:52:27.028+0000] {logging_mixin.py:188} INFO - [2023-12-20T22:52:27.028+0000] {dag.py:3033} INFO - Sync 1 DAGs
[2023-12-20T22:52:27.061+0000] {logging_mixin.py:188} INFO - [2023-12-20T22:52:27.060+0000] {dag.py:3820} INFO - Setting next_dagrun for example_bash_operator to 2023-12-19T00:00:00+00:00, run_after=2023-12-20T00:00:00+00:00
[2023-12-20T22:52:27.079+0000] {processor.py:183} INFO - Processing /home/airflow/.local/lib/python3.8/site-packages/airflow/example_dags/example_bash_operator.py took 0.117 seconds
[2023-12-20T22:52:57.404+0000] {processor.py:161} INFO - Started process (PID=1632) to work on /home/airflow/.local/lib/python3.8/site-packages/airflow/example_dags/example_bash_operator.py
[2023-12-20T22:52:57.406+0000] {processor.py:830} INFO - Processing file /home/airflow/.local/lib/python3.8/site-packages/airflow/example_dags/example_bash_operator.py for tasks to queue
[2023-12-20T22:52:57.408+0000] {logging_mixin.py:188} INFO - [2023-12-20T22:52:57.408+0000] {dagbag.py:538} INFO - Filling up the DagBag from /home/airflow/.local/lib/python3.8/site-packages/airflow/example_dags/example_bash_operator.py
[2023-12-20T22:52:57.420+0000] {processor.py:840} INFO - DAG(s) 'example_bash_operator' retrieved from /home/airflow/.local/lib/python3.8/site-packages/airflow/example_dags/example_bash_operator.py
[2023-12-20T22:52:57.448+0000] {logging_mixin.py:188} INFO - [2023-12-20T22:52:57.448+0000] {dag.py:3033} INFO - Sync 1 DAGs
[2023-12-20T22:52:57.466+0000] {logging_mixin.py:188} INFO - [2023-12-20T22:52:57.466+0000] {dag.py:3820} INFO - Setting next_dagrun for example_bash_operator to 2023-12-19T00:00:00+00:00, run_after=2023-12-20T00:00:00+00:00
[2023-12-20T22:52:57.654+0000] {processor.py:183} INFO - Processing /home/airflow/.local/lib/python3.8/site-packages/airflow/example_dags/example_bash_operator.py took 0.254 seconds
[2023-12-20T22:53:28.210+0000] {processor.py:161} INFO - Started process (PID=1688) to work on /home/airflow/.local/lib/python3.8/site-packages/airflow/example_dags/example_bash_operator.py
[2023-12-20T22:53:28.214+0000] {processor.py:830} INFO - Processing file /home/airflow/.local/lib/python3.8/site-packages/airflow/example_dags/example_bash_operator.py for tasks to queue
[2023-12-20T22:53:28.222+0000] {logging_mixin.py:188} INFO - [2023-12-20T22:53:28.221+0000] {dagbag.py:538} INFO - Filling up the DagBag from /home/airflow/.local/lib/python3.8/site-packages/airflow/example_dags/example_bash_operator.py
[2023-12-20T22:53:28.244+0000] {processor.py:840} INFO - DAG(s) 'example_bash_operator' retrieved from /home/airflow/.local/lib/python3.8/site-packages/airflow/example_dags/example_bash_operator.py
[2023-12-20T22:53:28.300+0000] {logging_mixin.py:188} INFO - [2023-12-20T22:53:28.299+0000] {dag.py:3033} INFO - Sync 1 DAGs
[2023-12-20T22:53:28.321+0000] {logging_mixin.py:188} INFO - [2023-12-20T22:53:28.321+0000] {dag.py:3820} INFO - Setting next_dagrun for example_bash_operator to 2023-12-19T00:00:00+00:00, run_after=2023-12-20T00:00:00+00:00
[2023-12-20T22:53:28.339+0000] {processor.py:183} INFO - Processing /home/airflow/.local/lib/python3.8/site-packages/airflow/example_dags/example_bash_operator.py took 0.136 seconds
[2023-12-20T22:53:59.792+0000] {processor.py:161} INFO - Started process (PID=1744) to work on /home/airflow/.local/lib/python3.8/site-packages/airflow/example_dags/example_bash_operator.py
[2023-12-20T22:53:59.806+0000] {processor.py:830} INFO - Processing file /home/airflow/.local/lib/python3.8/site-packages/airflow/example_dags/example_bash_operator.py for tasks to queue
[2023-12-20T22:53:59.827+0000] {logging_mixin.py:188} INFO - [2023-12-20T22:53:59.825+0000] {dagbag.py:538} INFO - Filling up the DagBag from /home/airflow/.local/lib/python3.8/site-packages/airflow/example_dags/example_bash_operator.py
[2023-12-20T22:53:59.947+0000] {processor.py:840} INFO - DAG(s) 'example_bash_operator' retrieved from /home/airflow/.local/lib/python3.8/site-packages/airflow/example_dags/example_bash_operator.py
[2023-12-20T22:54:00.215+0000] {logging_mixin.py:188} INFO - [2023-12-20T22:54:00.214+0000] {dag.py:3033} INFO - Sync 1 DAGs
[2023-12-20T22:54:00.425+0000] {logging_mixin.py:188} INFO - [2023-12-20T22:54:00.424+0000] {dag.py:3820} INFO - Setting next_dagrun for example_bash_operator to 2023-12-19T00:00:00+00:00, run_after=2023-12-20T00:00:00+00:00
[2023-12-20T22:54:00.740+0000] {processor.py:183} INFO - Processing /home/airflow/.local/lib/python3.8/site-packages/airflow/example_dags/example_bash_operator.py took 0.973 seconds
[2023-12-20T22:54:51.276+0000] {processor.py:161} INFO - Started process (PID=1793) to work on /home/airflow/.local/lib/python3.8/site-packages/airflow/example_dags/example_bash_operator.py
[2023-12-20T22:54:51.302+0000] {processor.py:830} INFO - Processing file /home/airflow/.local/lib/python3.8/site-packages/airflow/example_dags/example_bash_operator.py for tasks to queue
[2023-12-20T22:54:51.348+0000] {logging_mixin.py:188} INFO - [2023-12-20T22:54:51.345+0000] {dagbag.py:538} INFO - Filling up the DagBag from /home/airflow/.local/lib/python3.8/site-packages/airflow/example_dags/example_bash_operator.py
[2023-12-20T22:54:51.530+0000] {processor.py:840} INFO - DAG(s) 'example_bash_operator' retrieved from /home/airflow/.local/lib/python3.8/site-packages/airflow/example_dags/example_bash_operator.py
[2023-12-20T22:54:51.770+0000] {logging_mixin.py:188} INFO - [2023-12-20T22:54:51.769+0000] {dag.py:3033} INFO - Sync 1 DAGs
[2023-12-20T22:54:52.414+0000] {logging_mixin.py:188} INFO - [2023-12-20T22:54:52.413+0000] {dag.py:3820} INFO - Setting next_dagrun for example_bash_operator to 2023-12-19T00:00:00+00:00, run_after=2023-12-20T00:00:00+00:00
[2023-12-20T22:54:52.561+0000] {processor.py:183} INFO - Processing /home/airflow/.local/lib/python3.8/site-packages/airflow/example_dags/example_bash_operator.py took 1.336 seconds
[2023-12-20T22:55:56.209+0000] {processor.py:161} INFO - Started process (PID=1861) to work on /home/airflow/.local/lib/python3.8/site-packages/airflow/example_dags/example_bash_operator.py
[2023-12-20T22:55:56.212+0000] {processor.py:830} INFO - Processing file /home/airflow/.local/lib/python3.8/site-packages/airflow/example_dags/example_bash_operator.py for tasks to queue
[2023-12-20T22:55:56.235+0000] {logging_mixin.py:188} INFO - [2023-12-20T22:55:56.234+0000] {dagbag.py:538} INFO - Filling up the DagBag from /home/airflow/.local/lib/python3.8/site-packages/airflow/example_dags/example_bash_operator.py
[2023-12-20T22:55:56.376+0000] {processor.py:840} INFO - DAG(s) 'example_bash_operator' retrieved from /home/airflow/.local/lib/python3.8/site-packages/airflow/example_dags/example_bash_operator.py
[2023-12-20T22:55:56.679+0000] {logging_mixin.py:188} INFO - [2023-12-20T22:55:56.678+0000] {dag.py:3033} INFO - Sync 1 DAGs
[2023-12-20T22:55:56.885+0000] {logging_mixin.py:188} INFO - [2023-12-20T22:55:56.884+0000] {dag.py:3820} INFO - Setting next_dagrun for example_bash_operator to 2023-12-19T00:00:00+00:00, run_after=2023-12-20T00:00:00+00:00
[2023-12-20T22:55:56.986+0000] {processor.py:183} INFO - Processing /home/airflow/.local/lib/python3.8/site-packages/airflow/example_dags/example_bash_operator.py took 0.804 seconds
[2023-12-20T22:56:38.569+0000] {processor.py:161} INFO - Started process (PID=1925) to work on /home/airflow/.local/lib/python3.8/site-packages/airflow/example_dags/example_bash_operator.py
[2023-12-20T22:56:38.575+0000] {processor.py:830} INFO - Processing file /home/airflow/.local/lib/python3.8/site-packages/airflow/example_dags/example_bash_operator.py for tasks to queue
[2023-12-20T22:56:38.587+0000] {logging_mixin.py:188} INFO - [2023-12-20T22:56:38.586+0000] {dagbag.py:538} INFO - Filling up the DagBag from /home/airflow/.local/lib/python3.8/site-packages/airflow/example_dags/example_bash_operator.py
[2023-12-20T22:56:38.622+0000] {processor.py:840} INFO - DAG(s) 'example_bash_operator' retrieved from /home/airflow/.local/lib/python3.8/site-packages/airflow/example_dags/example_bash_operator.py
[2023-12-20T22:56:38.819+0000] {logging_mixin.py:188} INFO - [2023-12-20T22:56:38.818+0000] {dag.py:3033} INFO - Sync 1 DAGs
[2023-12-20T22:56:40.010+0000] {logging_mixin.py:188} INFO - [2023-12-20T22:56:40.009+0000] {dag.py:3820} INFO - Setting next_dagrun for example_bash_operator to 2023-12-19T00:00:00+00:00, run_after=2023-12-20T00:00:00+00:00
[2023-12-20T22:56:40.206+0000] {processor.py:183} INFO - Processing /home/airflow/.local/lib/python3.8/site-packages/airflow/example_dags/example_bash_operator.py took 1.651 seconds
[2023-12-20T22:57:21.433+0000] {processor.py:161} INFO - Started process (PID=1981) to work on /home/airflow/.local/lib/python3.8/site-packages/airflow/example_dags/example_bash_operator.py
[2023-12-20T22:57:21.439+0000] {processor.py:830} INFO - Processing file /home/airflow/.local/lib/python3.8/site-packages/airflow/example_dags/example_bash_operator.py for tasks to queue
[2023-12-20T22:57:21.555+0000] {logging_mixin.py:188} INFO - [2023-12-20T22:57:21.554+0000] {dagbag.py:538} INFO - Filling up the DagBag from /home/airflow/.local/lib/python3.8/site-packages/airflow/example_dags/example_bash_operator.py
[2023-12-20T22:57:21.752+0000] {processor.py:840} INFO - DAG(s) 'example_bash_operator' retrieved from /home/airflow/.local/lib/python3.8/site-packages/airflow/example_dags/example_bash_operator.py
[2023-12-20T22:57:22.176+0000] {logging_mixin.py:188} INFO - [2023-12-20T22:57:22.174+0000] {dag.py:3033} INFO - Sync 1 DAGs
[2023-12-20T22:57:25.102+0000] {logging_mixin.py:188} INFO - [2023-12-20T22:57:25.101+0000] {dag.py:3820} INFO - Setting next_dagrun for example_bash_operator to 2023-12-19T00:00:00+00:00, run_after=2023-12-20T00:00:00+00:00
[2023-12-20T22:57:25.191+0000] {processor.py:183} INFO - Processing /home/airflow/.local/lib/python3.8/site-packages/airflow/example_dags/example_bash_operator.py took 3.785 seconds
[2023-12-20T22:59:49.789+0000] {processor.py:161} INFO - Started process (PID=2054) to work on /home/airflow/.local/lib/python3.8/site-packages/airflow/example_dags/example_bash_operator.py
[2023-12-20T22:59:49.799+0000] {processor.py:830} INFO - Processing file /home/airflow/.local/lib/python3.8/site-packages/airflow/example_dags/example_bash_operator.py for tasks to queue
[2023-12-20T22:59:49.817+0000] {logging_mixin.py:188} INFO - [2023-12-20T22:59:49.816+0000] {dagbag.py:538} INFO - Filling up the DagBag from /home/airflow/.local/lib/python3.8/site-packages/airflow/example_dags/example_bash_operator.py
[2023-12-20T22:59:49.906+0000] {processor.py:840} INFO - DAG(s) 'example_bash_operator' retrieved from /home/airflow/.local/lib/python3.8/site-packages/airflow/example_dags/example_bash_operator.py
[2023-12-20T22:59:50.198+0000] {logging_mixin.py:188} INFO - [2023-12-20T22:59:50.197+0000] {dag.py:3033} INFO - Sync 1 DAGs
[2023-12-20T22:59:50.488+0000] {logging_mixin.py:188} INFO - [2023-12-20T22:59:50.483+0000] {dag.py:3820} INFO - Setting next_dagrun for example_bash_operator to 2023-12-19T00:00:00+00:00, run_after=2023-12-20T00:00:00+00:00
[2023-12-20T22:59:50.618+0000] {processor.py:183} INFO - Processing /home/airflow/.local/lib/python3.8/site-packages/airflow/example_dags/example_bash_operator.py took 0.848 seconds
[2023-12-20T23:00:46.840+0000] {processor.py:161} INFO - Started process (PID=2100) to work on /home/airflow/.local/lib/python3.8/site-packages/airflow/example_dags/example_bash_operator.py
[2023-12-20T23:00:46.863+0000] {processor.py:830} INFO - Processing file /home/airflow/.local/lib/python3.8/site-packages/airflow/example_dags/example_bash_operator.py for tasks to queue
[2023-12-20T23:00:46.914+0000] {logging_mixin.py:188} INFO - [2023-12-20T23:00:46.908+0000] {dagbag.py:538} INFO - Filling up the DagBag from /home/airflow/.local/lib/python3.8/site-packages/airflow/example_dags/example_bash_operator.py
[2023-12-20T23:00:47.141+0000] {processor.py:840} INFO - DAG(s) 'example_bash_operator' retrieved from /home/airflow/.local/lib/python3.8/site-packages/airflow/example_dags/example_bash_operator.py
[2023-12-20T23:00:47.415+0000] {logging_mixin.py:188} INFO - [2023-12-20T23:00:47.413+0000] {dag.py:3033} INFO - Sync 1 DAGs
[2023-12-20T23:00:51.941+0000] {logging_mixin.py:188} INFO - [2023-12-20T23:00:51.940+0000] {dag.py:3820} INFO - Setting next_dagrun for example_bash_operator to 2023-12-19T00:00:00+00:00, run_after=2023-12-20T00:00:00+00:00
[2023-12-20T23:00:52.158+0000] {processor.py:183} INFO - Processing /home/airflow/.local/lib/python3.8/site-packages/airflow/example_dags/example_bash_operator.py took 5.362 seconds
[2023-12-20T23:01:34.990+0000] {processor.py:161} INFO - Started process (PID=2157) to work on /home/airflow/.local/lib/python3.8/site-packages/airflow/example_dags/example_bash_operator.py
[2023-12-20T23:01:34.995+0000] {processor.py:830} INFO - Processing file /home/airflow/.local/lib/python3.8/site-packages/airflow/example_dags/example_bash_operator.py for tasks to queue
[2023-12-20T23:01:35.007+0000] {logging_mixin.py:188} INFO - [2023-12-20T23:01:35.006+0000] {dagbag.py:538} INFO - Filling up the DagBag from /home/airflow/.local/lib/python3.8/site-packages/airflow/example_dags/example_bash_operator.py
[2023-12-20T23:01:35.058+0000] {processor.py:840} INFO - DAG(s) 'example_bash_operator' retrieved from /home/airflow/.local/lib/python3.8/site-packages/airflow/example_dags/example_bash_operator.py
[2023-12-20T23:01:35.144+0000] {logging_mixin.py:188} INFO - [2023-12-20T23:01:35.143+0000] {dag.py:3033} INFO - Sync 1 DAGs
[2023-12-20T23:01:35.247+0000] {logging_mixin.py:188} INFO - [2023-12-20T23:01:35.246+0000] {dag.py:3820} INFO - Setting next_dagrun for example_bash_operator to 2023-12-19T00:00:00+00:00, run_after=2023-12-20T00:00:00+00:00
[2023-12-20T23:01:35.314+0000] {processor.py:183} INFO - Processing /home/airflow/.local/lib/python3.8/site-packages/airflow/example_dags/example_bash_operator.py took 0.379 seconds
[2023-12-20T23:02:18.404+0000] {processor.py:161} INFO - Started process (PID=2187) to work on /home/airflow/.local/lib/python3.8/site-packages/airflow/example_dags/example_bash_operator.py
[2023-12-20T23:02:18.429+0000] {processor.py:830} INFO - Processing file /home/airflow/.local/lib/python3.8/site-packages/airflow/example_dags/example_bash_operator.py for tasks to queue
[2023-12-20T23:02:18.483+0000] {logging_mixin.py:188} INFO - [2023-12-20T23:02:18.468+0000] {dagbag.py:538} INFO - Filling up the DagBag from /home/airflow/.local/lib/python3.8/site-packages/airflow/example_dags/example_bash_operator.py
[2023-12-20T23:02:18.652+0000] {processor.py:840} INFO - DAG(s) 'example_bash_operator' retrieved from /home/airflow/.local/lib/python3.8/site-packages/airflow/example_dags/example_bash_operator.py
[2023-12-20T23:02:18.951+0000] {logging_mixin.py:188} INFO - [2023-12-20T23:02:18.950+0000] {dag.py:3033} INFO - Sync 1 DAGs
[2023-12-20T23:02:20.334+0000] {logging_mixin.py:188} INFO - [2023-12-20T23:02:20.334+0000] {dag.py:3820} INFO - Setting next_dagrun for example_bash_operator to 2023-12-19T00:00:00+00:00, run_after=2023-12-20T00:00:00+00:00
[2023-12-20T23:02:20.651+0000] {processor.py:183} INFO - Processing /home/airflow/.local/lib/python3.8/site-packages/airflow/example_dags/example_bash_operator.py took 2.311 seconds
[2023-12-20T23:03:08.260+0000] {processor.py:161} INFO - Started process (PID=2249) to work on /home/airflow/.local/lib/python3.8/site-packages/airflow/example_dags/example_bash_operator.py
[2023-12-20T23:03:08.293+0000] {processor.py:830} INFO - Processing file /home/airflow/.local/lib/python3.8/site-packages/airflow/example_dags/example_bash_operator.py for tasks to queue
[2023-12-20T23:03:08.356+0000] {logging_mixin.py:188} INFO - [2023-12-20T23:03:08.355+0000] {dagbag.py:538} INFO - Filling up the DagBag from /home/airflow/.local/lib/python3.8/site-packages/airflow/example_dags/example_bash_operator.py
[2023-12-20T23:03:08.484+0000] {processor.py:840} INFO - DAG(s) 'example_bash_operator' retrieved from /home/airflow/.local/lib/python3.8/site-packages/airflow/example_dags/example_bash_operator.py
[2023-12-20T23:03:08.700+0000] {logging_mixin.py:188} INFO - [2023-12-20T23:03:08.699+0000] {dag.py:3033} INFO - Sync 1 DAGs
[2023-12-20T23:03:09.205+0000] {logging_mixin.py:188} INFO - [2023-12-20T23:03:09.204+0000] {dag.py:3820} INFO - Setting next_dagrun for example_bash_operator to 2023-12-19T00:00:00+00:00, run_after=2023-12-20T00:00:00+00:00
[2023-12-20T23:03:09.323+0000] {processor.py:183} INFO - Processing /home/airflow/.local/lib/python3.8/site-packages/airflow/example_dags/example_bash_operator.py took 1.151 seconds
[2023-12-20T23:04:46.076+0000] {processor.py:161} INFO - Started process (PID=2302) to work on /home/airflow/.local/lib/python3.8/site-packages/airflow/example_dags/example_bash_operator.py
[2023-12-20T23:04:46.089+0000] {processor.py:830} INFO - Processing file /home/airflow/.local/lib/python3.8/site-packages/airflow/example_dags/example_bash_operator.py for tasks to queue
[2023-12-20T23:04:46.176+0000] {logging_mixin.py:188} INFO - [2023-12-20T23:04:46.159+0000] {dagbag.py:538} INFO - Filling up the DagBag from /home/airflow/.local/lib/python3.8/site-packages/airflow/example_dags/example_bash_operator.py
[2023-12-20T23:04:46.466+0000] {processor.py:840} INFO - DAG(s) 'example_bash_operator' retrieved from /home/airflow/.local/lib/python3.8/site-packages/airflow/example_dags/example_bash_operator.py
[2023-12-20T23:04:47.355+0000] {logging_mixin.py:188} INFO - [2023-12-20T23:04:47.284+0000] {dag.py:3033} INFO - Sync 1 DAGs
[2023-12-20T23:05:13.461+0000] {logging_mixin.py:188} INFO - [2023-12-20T23:05:13.295+0000] {dag.py:3820} INFO - Setting next_dagrun for example_bash_operator to 2023-12-19T00:00:00+00:00, run_after=2023-12-20T00:00:00+00:00
[2023-12-20T23:05:15.051+0000] {processor.py:183} INFO - Processing /home/airflow/.local/lib/python3.8/site-packages/airflow/example_dags/example_bash_operator.py took 28.402 seconds
[2023-12-20T23:06:33.086+0000] {processor.py:161} INFO - Started process (PID=2356) to work on /home/airflow/.local/lib/python3.8/site-packages/airflow/example_dags/example_bash_operator.py
[2023-12-20T23:06:33.099+0000] {processor.py:830} INFO - Processing file /home/airflow/.local/lib/python3.8/site-packages/airflow/example_dags/example_bash_operator.py for tasks to queue
[2023-12-20T23:06:33.169+0000] {logging_mixin.py:188} INFO - [2023-12-20T23:06:33.156+0000] {dagbag.py:538} INFO - Filling up the DagBag from /home/airflow/.local/lib/python3.8/site-packages/airflow/example_dags/example_bash_operator.py
[2023-12-20T23:06:33.551+0000] {processor.py:840} INFO - DAG(s) 'example_bash_operator' retrieved from /home/airflow/.local/lib/python3.8/site-packages/airflow/example_dags/example_bash_operator.py
[2023-12-20T23:06:34.241+0000] {logging_mixin.py:188} INFO - [2023-12-20T23:06:34.197+0000] {dag.py:3033} INFO - Sync 1 DAGs
[2023-12-20T23:06:34.584+0000] {logging_mixin.py:188} INFO - [2023-12-20T23:06:34.580+0000] {dag.py:3820} INFO - Setting next_dagrun for example_bash_operator to 2023-12-19T00:00:00+00:00, run_after=2023-12-20T00:00:00+00:00
[2023-12-20T23:06:34.860+0000] {processor.py:183} INFO - Processing /home/airflow/.local/lib/python3.8/site-packages/airflow/example_dags/example_bash_operator.py took 1.811 seconds
[2023-12-20T23:08:09.485+0000] {processor.py:161} INFO - Started process (PID=2418) to work on /home/airflow/.local/lib/python3.8/site-packages/airflow/example_dags/example_bash_operator.py
[2023-12-20T23:08:09.563+0000] {processor.py:830} INFO - Processing file /home/airflow/.local/lib/python3.8/site-packages/airflow/example_dags/example_bash_operator.py for tasks to queue
[2023-12-20T23:08:09.612+0000] {logging_mixin.py:188} INFO - [2023-12-20T23:08:09.610+0000] {dagbag.py:538} INFO - Filling up the DagBag from /home/airflow/.local/lib/python3.8/site-packages/airflow/example_dags/example_bash_operator.py
[2023-12-20T23:08:09.998+0000] {processor.py:840} INFO - DAG(s) 'example_bash_operator' retrieved from /home/airflow/.local/lib/python3.8/site-packages/airflow/example_dags/example_bash_operator.py
[2023-12-20T23:08:12.812+0000] {logging_mixin.py:188} INFO - [2023-12-20T23:08:12.634+0000] {dag.py:3033} INFO - Sync 1 DAGs
[2023-12-20T23:08:14.143+0000] {logging_mixin.py:188} INFO - [2023-12-20T23:08:14.139+0000] {dag.py:3820} INFO - Setting next_dagrun for example_bash_operator to 2023-12-19T00:00:00+00:00, run_after=2023-12-20T00:00:00+00:00
[2023-12-20T23:08:16.732+0000] {processor.py:183} INFO - Processing /home/airflow/.local/lib/python3.8/site-packages/airflow/example_dags/example_bash_operator.py took 7.294 seconds
[2023-12-20T23:08:53.686+0000] {processor.py:161} INFO - Started process (PID=2461) to work on /home/airflow/.local/lib/python3.8/site-packages/airflow/example_dags/example_bash_operator.py
[2023-12-20T23:08:53.704+0000] {processor.py:830} INFO - Processing file /home/airflow/.local/lib/python3.8/site-packages/airflow/example_dags/example_bash_operator.py for tasks to queue
[2023-12-20T23:08:53.730+0000] {logging_mixin.py:188} INFO - [2023-12-20T23:08:53.730+0000] {dagbag.py:538} INFO - Filling up the DagBag from /home/airflow/.local/lib/python3.8/site-packages/airflow/example_dags/example_bash_operator.py
[2023-12-20T23:08:53.839+0000] {processor.py:840} INFO - DAG(s) 'example_bash_operator' retrieved from /home/airflow/.local/lib/python3.8/site-packages/airflow/example_dags/example_bash_operator.py
[2023-12-20T23:08:54.199+0000] {logging_mixin.py:188} INFO - [2023-12-20T23:08:54.198+0000] {dag.py:3033} INFO - Sync 1 DAGs
[2023-12-20T23:08:54.481+0000] {logging_mixin.py:188} INFO - [2023-12-20T23:08:54.480+0000] {dag.py:3820} INFO - Setting next_dagrun for example_bash_operator to 2023-12-19T00:00:00+00:00, run_after=2023-12-20T00:00:00+00:00
[2023-12-20T23:08:54.750+0000] {processor.py:183} INFO - Processing /home/airflow/.local/lib/python3.8/site-packages/airflow/example_dags/example_bash_operator.py took 1.089 seconds
[2023-12-20T23:09:35.327+0000] {processor.py:161} INFO - Started process (PID=2501) to work on /home/airflow/.local/lib/python3.8/site-packages/airflow/example_dags/example_bash_operator.py
[2023-12-20T23:09:35.337+0000] {processor.py:830} INFO - Processing file /home/airflow/.local/lib/python3.8/site-packages/airflow/example_dags/example_bash_operator.py for tasks to queue
[2023-12-20T23:09:35.442+0000] {logging_mixin.py:188} INFO - [2023-12-20T23:09:35.441+0000] {dagbag.py:538} INFO - Filling up the DagBag from /home/airflow/.local/lib/python3.8/site-packages/airflow/example_dags/example_bash_operator.py
[2023-12-20T23:09:35.901+0000] {processor.py:840} INFO - DAG(s) 'example_bash_operator' retrieved from /home/airflow/.local/lib/python3.8/site-packages/airflow/example_dags/example_bash_operator.py
[2023-12-20T23:09:36.160+0000] {logging_mixin.py:188} INFO - [2023-12-20T23:09:36.157+0000] {dag.py:3033} INFO - Sync 1 DAGs
[2023-12-20T23:09:36.444+0000] {logging_mixin.py:188} INFO - [2023-12-20T23:09:36.443+0000] {dag.py:3820} INFO - Setting next_dagrun for example_bash_operator to 2023-12-19T00:00:00+00:00, run_after=2023-12-20T00:00:00+00:00
[2023-12-20T23:09:36.624+0000] {processor.py:183} INFO - Processing /home/airflow/.local/lib/python3.8/site-packages/airflow/example_dags/example_bash_operator.py took 1.410 seconds
[2023-12-20T23:11:27.408+0000] {processor.py:161} INFO - Started process (PID=2575) to work on /home/airflow/.local/lib/python3.8/site-packages/airflow/example_dags/example_bash_operator.py
[2023-12-20T23:11:27.417+0000] {processor.py:830} INFO - Processing file /home/airflow/.local/lib/python3.8/site-packages/airflow/example_dags/example_bash_operator.py for tasks to queue
[2023-12-20T23:11:27.464+0000] {logging_mixin.py:188} INFO - [2023-12-20T23:11:27.446+0000] {dagbag.py:538} INFO - Filling up the DagBag from /home/airflow/.local/lib/python3.8/site-packages/airflow/example_dags/example_bash_operator.py
[2023-12-20T23:11:27.767+0000] {processor.py:840} INFO - DAG(s) 'example_bash_operator' retrieved from /home/airflow/.local/lib/python3.8/site-packages/airflow/example_dags/example_bash_operator.py
[2023-12-20T23:11:28.230+0000] {logging_mixin.py:188} INFO - [2023-12-20T23:11:28.229+0000] {dag.py:3033} INFO - Sync 1 DAGs
[2023-12-20T23:11:28.472+0000] {logging_mixin.py:188} INFO - [2023-12-20T23:11:28.471+0000] {dag.py:3820} INFO - Setting next_dagrun for example_bash_operator to 2023-12-19T00:00:00+00:00, run_after=2023-12-20T00:00:00+00:00
[2023-12-20T23:11:28.556+0000] {processor.py:183} INFO - Processing /home/airflow/.local/lib/python3.8/site-packages/airflow/example_dags/example_bash_operator.py took 1.210 seconds
[2023-12-20T23:12:15.124+0000] {processor.py:161} INFO - Started process (PID=2631) to work on /home/airflow/.local/lib/python3.8/site-packages/airflow/example_dags/example_bash_operator.py
[2023-12-20T23:12:15.190+0000] {processor.py:830} INFO - Processing file /home/airflow/.local/lib/python3.8/site-packages/airflow/example_dags/example_bash_operator.py for tasks to queue
[2023-12-20T23:12:15.709+0000] {logging_mixin.py:188} INFO - [2023-12-20T23:12:15.660+0000] {dagbag.py:538} INFO - Filling up the DagBag from /home/airflow/.local/lib/python3.8/site-packages/airflow/example_dags/example_bash_operator.py
[2023-12-20T23:12:16.860+0000] {processor.py:840} INFO - DAG(s) 'example_bash_operator' retrieved from /home/airflow/.local/lib/python3.8/site-packages/airflow/example_dags/example_bash_operator.py
[2023-12-20T23:12:18.414+0000] {logging_mixin.py:188} INFO - [2023-12-20T23:12:18.412+0000] {dag.py:3033} INFO - Sync 1 DAGs
[2023-12-20T23:12:19.060+0000] {logging_mixin.py:188} INFO - [2023-12-20T23:12:19.053+0000] {dag.py:3820} INFO - Setting next_dagrun for example_bash_operator to 2023-12-19T00:00:00+00:00, run_after=2023-12-20T00:00:00+00:00
[2023-12-20T23:12:19.424+0000] {processor.py:183} INFO - Processing /home/airflow/.local/lib/python3.8/site-packages/airflow/example_dags/example_bash_operator.py took 4.524 seconds
[2023-12-20T23:12:57.444+0000] {processor.py:161} INFO - Started process (PID=2682) to work on /home/airflow/.local/lib/python3.8/site-packages/airflow/example_dags/example_bash_operator.py
[2023-12-20T23:12:57.461+0000] {processor.py:830} INFO - Processing file /home/airflow/.local/lib/python3.8/site-packages/airflow/example_dags/example_bash_operator.py for tasks to queue
[2023-12-20T23:12:57.498+0000] {logging_mixin.py:188} INFO - [2023-12-20T23:12:57.493+0000] {dagbag.py:538} INFO - Filling up the DagBag from /home/airflow/.local/lib/python3.8/site-packages/airflow/example_dags/example_bash_operator.py
[2023-12-20T23:12:57.776+0000] {processor.py:840} INFO - DAG(s) 'example_bash_operator' retrieved from /home/airflow/.local/lib/python3.8/site-packages/airflow/example_dags/example_bash_operator.py
[2023-12-20T23:12:58.491+0000] {logging_mixin.py:188} INFO - [2023-12-20T23:12:58.455+0000] {dag.py:3033} INFO - Sync 1 DAGs
[2023-12-20T23:12:58.995+0000] {logging_mixin.py:188} INFO - [2023-12-20T23:12:58.992+0000] {dag.py:3820} INFO - Setting next_dagrun for example_bash_operator to 2023-12-19T00:00:00+00:00, run_after=2023-12-20T00:00:00+00:00
[2023-12-20T23:12:59.140+0000] {processor.py:183} INFO - Processing /home/airflow/.local/lib/python3.8/site-packages/airflow/example_dags/example_bash_operator.py took 1.795 seconds
[2023-12-20T23:13:44.621+0000] {processor.py:161} INFO - Started process (PID=2723) to work on /home/airflow/.local/lib/python3.8/site-packages/airflow/example_dags/example_bash_operator.py
[2023-12-20T23:13:44.691+0000] {processor.py:830} INFO - Processing file /home/airflow/.local/lib/python3.8/site-packages/airflow/example_dags/example_bash_operator.py for tasks to queue
[2023-12-20T23:13:44.804+0000] {logging_mixin.py:188} INFO - [2023-12-20T23:13:44.799+0000] {dagbag.py:538} INFO - Filling up the DagBag from /home/airflow/.local/lib/python3.8/site-packages/airflow/example_dags/example_bash_operator.py
[2023-12-20T23:13:45.265+0000] {processor.py:840} INFO - DAG(s) 'example_bash_operator' retrieved from /home/airflow/.local/lib/python3.8/site-packages/airflow/example_dags/example_bash_operator.py
[2023-12-20T23:13:46.272+0000] {logging_mixin.py:188} INFO - [2023-12-20T23:13:46.271+0000] {dag.py:3033} INFO - Sync 1 DAGs
[2023-12-20T23:13:46.646+0000] {logging_mixin.py:188} INFO - [2023-12-20T23:13:46.645+0000] {dag.py:3820} INFO - Setting next_dagrun for example_bash_operator to 2023-12-19T00:00:00+00:00, run_after=2023-12-20T00:00:00+00:00
[2023-12-20T23:13:46.993+0000] {processor.py:183} INFO - Processing /home/airflow/.local/lib/python3.8/site-packages/airflow/example_dags/example_bash_operator.py took 2.578 seconds
[2023-12-20T23:17:08.205+0000] {processor.py:161} INFO - Started process (PID=51) to work on /home/airflow/.local/lib/python3.8/site-packages/airflow/example_dags/example_bash_operator.py
[2023-12-20T23:17:08.210+0000] {processor.py:830} INFO - Processing file /home/airflow/.local/lib/python3.8/site-packages/airflow/example_dags/example_bash_operator.py for tasks to queue
[2023-12-20T23:17:08.221+0000] {logging_mixin.py:188} INFO - [2023-12-20T23:17:08.220+0000] {dagbag.py:538} INFO - Filling up the DagBag from /home/airflow/.local/lib/python3.8/site-packages/airflow/example_dags/example_bash_operator.py
[2023-12-20T23:17:08.324+0000] {processor.py:840} INFO - DAG(s) 'example_bash_operator' retrieved from /home/airflow/.local/lib/python3.8/site-packages/airflow/example_dags/example_bash_operator.py
[2023-12-20T23:17:08.769+0000] {logging_mixin.py:188} INFO - [2023-12-20T23:17:08.767+0000] {dag.py:3033} INFO - Sync 1 DAGs
[2023-12-20T23:17:09.003+0000] {logging_mixin.py:188} INFO - [2023-12-20T23:17:09.003+0000] {dag.py:3820} INFO - Setting next_dagrun for example_bash_operator to 2023-12-19T00:00:00+00:00, run_after=2023-12-20T00:00:00+00:00
[2023-12-20T23:17:09.100+0000] {processor.py:183} INFO - Processing /home/airflow/.local/lib/python3.8/site-packages/airflow/example_dags/example_bash_operator.py took 0.940 seconds
