[2023-12-20T22:38:17.674+0000] {processor.py:161} INFO - Started process (PID=49) to work on /home/airflow/.local/lib/python3.8/site-packages/airflow/example_dags/example_branch_day_of_week_operator.py
[2023-12-20T22:38:17.695+0000] {processor.py:830} INFO - Processing file /home/airflow/.local/lib/python3.8/site-packages/airflow/example_dags/example_branch_day_of_week_operator.py for tasks to queue
[2023-12-20T22:38:17.806+0000] {logging_mixin.py:188} INFO - [2023-12-20T22:38:17.759+0000] {dagbag.py:538} INFO - Filling up the DagBag from /home/airflow/.local/lib/python3.8/site-packages/airflow/example_dags/example_branch_day_of_week_operator.py
[2023-12-20T22:38:18.254+0000] {processor.py:840} INFO - DAG(s) 'example_weekday_branch_operator' retrieved from /home/airflow/.local/lib/python3.8/site-packages/airflow/example_dags/example_branch_day_of_week_operator.py
[2023-12-20T22:38:18.745+0000] {logging_mixin.py:188} INFO - [2023-12-20T22:38:18.745+0000] {dag.py:3033} INFO - Sync 1 DAGs
[2023-12-20T22:38:18.865+0000] {logging_mixin.py:188} INFO - [2023-12-20T22:38:18.864+0000] {dag.py:3820} INFO - Setting next_dagrun for example_weekday_branch_operator to 2023-12-19T00:00:00+00:00, run_after=2023-12-20T00:00:00+00:00
[2023-12-20T22:38:19.006+0000] {processor.py:183} INFO - Processing /home/airflow/.local/lib/python3.8/site-packages/airflow/example_dags/example_branch_day_of_week_operator.py took 1.346 seconds
[2023-12-20T22:38:49.945+0000] {processor.py:161} INFO - Started process (PID=104) to work on /home/airflow/.local/lib/python3.8/site-packages/airflow/example_dags/example_branch_day_of_week_operator.py
[2023-12-20T22:38:49.946+0000] {processor.py:830} INFO - Processing file /home/airflow/.local/lib/python3.8/site-packages/airflow/example_dags/example_branch_day_of_week_operator.py for tasks to queue
[2023-12-20T22:38:49.949+0000] {logging_mixin.py:188} INFO - [2023-12-20T22:38:49.949+0000] {dagbag.py:538} INFO - Filling up the DagBag from /home/airflow/.local/lib/python3.8/site-packages/airflow/example_dags/example_branch_day_of_week_operator.py
[2023-12-20T22:38:49.957+0000] {processor.py:840} INFO - DAG(s) 'example_weekday_branch_operator' retrieved from /home/airflow/.local/lib/python3.8/site-packages/airflow/example_dags/example_branch_day_of_week_operator.py
[2023-12-20T22:38:49.979+0000] {logging_mixin.py:188} INFO - [2023-12-20T22:38:49.978+0000] {dag.py:3033} INFO - Sync 1 DAGs
[2023-12-20T22:38:49.997+0000] {logging_mixin.py:188} INFO - [2023-12-20T22:38:49.997+0000] {dag.py:3820} INFO - Setting next_dagrun for example_weekday_branch_operator to 2023-12-19T00:00:00+00:00, run_after=2023-12-20T00:00:00+00:00
[2023-12-20T22:38:50.010+0000] {processor.py:183} INFO - Processing /home/airflow/.local/lib/python3.8/site-packages/airflow/example_dags/example_branch_day_of_week_operator.py took 0.069 seconds
[2023-12-20T22:39:20.478+0000] {processor.py:161} INFO - Started process (PID=159) to work on /home/airflow/.local/lib/python3.8/site-packages/airflow/example_dags/example_branch_day_of_week_operator.py
[2023-12-20T22:39:20.480+0000] {processor.py:830} INFO - Processing file /home/airflow/.local/lib/python3.8/site-packages/airflow/example_dags/example_branch_day_of_week_operator.py for tasks to queue
[2023-12-20T22:39:20.483+0000] {logging_mixin.py:188} INFO - [2023-12-20T22:39:20.482+0000] {dagbag.py:538} INFO - Filling up the DagBag from /home/airflow/.local/lib/python3.8/site-packages/airflow/example_dags/example_branch_day_of_week_operator.py
[2023-12-20T22:39:20.491+0000] {processor.py:840} INFO - DAG(s) 'example_weekday_branch_operator' retrieved from /home/airflow/.local/lib/python3.8/site-packages/airflow/example_dags/example_branch_day_of_week_operator.py
[2023-12-20T22:39:20.512+0000] {logging_mixin.py:188} INFO - [2023-12-20T22:39:20.512+0000] {dag.py:3033} INFO - Sync 1 DAGs
[2023-12-20T22:39:20.530+0000] {logging_mixin.py:188} INFO - [2023-12-20T22:39:20.530+0000] {dag.py:3820} INFO - Setting next_dagrun for example_weekday_branch_operator to 2023-12-19T00:00:00+00:00, run_after=2023-12-20T00:00:00+00:00
[2023-12-20T22:39:20.545+0000] {processor.py:183} INFO - Processing /home/airflow/.local/lib/python3.8/site-packages/airflow/example_dags/example_branch_day_of_week_operator.py took 0.070 seconds
[2023-12-20T22:39:51.318+0000] {processor.py:161} INFO - Started process (PID=215) to work on /home/airflow/.local/lib/python3.8/site-packages/airflow/example_dags/example_branch_day_of_week_operator.py
[2023-12-20T22:39:51.320+0000] {processor.py:830} INFO - Processing file /home/airflow/.local/lib/python3.8/site-packages/airflow/example_dags/example_branch_day_of_week_operator.py for tasks to queue
[2023-12-20T22:39:51.324+0000] {logging_mixin.py:188} INFO - [2023-12-20T22:39:51.323+0000] {dagbag.py:538} INFO - Filling up the DagBag from /home/airflow/.local/lib/python3.8/site-packages/airflow/example_dags/example_branch_day_of_week_operator.py
[2023-12-20T22:39:51.333+0000] {processor.py:840} INFO - DAG(s) 'example_weekday_branch_operator' retrieved from /home/airflow/.local/lib/python3.8/site-packages/airflow/example_dags/example_branch_day_of_week_operator.py
[2023-12-20T22:39:51.356+0000] {logging_mixin.py:188} INFO - [2023-12-20T22:39:51.356+0000] {dag.py:3033} INFO - Sync 1 DAGs
[2023-12-20T22:39:51.378+0000] {logging_mixin.py:188} INFO - [2023-12-20T22:39:51.378+0000] {dag.py:3820} INFO - Setting next_dagrun for example_weekday_branch_operator to 2023-12-19T00:00:00+00:00, run_after=2023-12-20T00:00:00+00:00
[2023-12-20T22:39:51.398+0000] {processor.py:183} INFO - Processing /home/airflow/.local/lib/python3.8/site-packages/airflow/example_dags/example_branch_day_of_week_operator.py took 0.084 seconds
[2023-12-20T22:40:21.760+0000] {processor.py:161} INFO - Started process (PID=270) to work on /home/airflow/.local/lib/python3.8/site-packages/airflow/example_dags/example_branch_day_of_week_operator.py
[2023-12-20T22:40:21.763+0000] {processor.py:830} INFO - Processing file /home/airflow/.local/lib/python3.8/site-packages/airflow/example_dags/example_branch_day_of_week_operator.py for tasks to queue
[2023-12-20T22:40:21.767+0000] {logging_mixin.py:188} INFO - [2023-12-20T22:40:21.766+0000] {dagbag.py:538} INFO - Filling up the DagBag from /home/airflow/.local/lib/python3.8/site-packages/airflow/example_dags/example_branch_day_of_week_operator.py
[2023-12-20T22:40:21.775+0000] {processor.py:840} INFO - DAG(s) 'example_weekday_branch_operator' retrieved from /home/airflow/.local/lib/python3.8/site-packages/airflow/example_dags/example_branch_day_of_week_operator.py
[2023-12-20T22:40:21.800+0000] {logging_mixin.py:188} INFO - [2023-12-20T22:40:21.800+0000] {dag.py:3033} INFO - Sync 1 DAGs
[2023-12-20T22:40:21.824+0000] {logging_mixin.py:188} INFO - [2023-12-20T22:40:21.824+0000] {dag.py:3820} INFO - Setting next_dagrun for example_weekday_branch_operator to 2023-12-19T00:00:00+00:00, run_after=2023-12-20T00:00:00+00:00
[2023-12-20T22:40:21.843+0000] {processor.py:183} INFO - Processing /home/airflow/.local/lib/python3.8/site-packages/airflow/example_dags/example_branch_day_of_week_operator.py took 0.086 seconds
[2023-12-20T22:40:52.026+0000] {processor.py:161} INFO - Started process (PID=325) to work on /home/airflow/.local/lib/python3.8/site-packages/airflow/example_dags/example_branch_day_of_week_operator.py
[2023-12-20T22:40:52.028+0000] {processor.py:830} INFO - Processing file /home/airflow/.local/lib/python3.8/site-packages/airflow/example_dags/example_branch_day_of_week_operator.py for tasks to queue
[2023-12-20T22:40:52.031+0000] {logging_mixin.py:188} INFO - [2023-12-20T22:40:52.031+0000] {dagbag.py:538} INFO - Filling up the DagBag from /home/airflow/.local/lib/python3.8/site-packages/airflow/example_dags/example_branch_day_of_week_operator.py
[2023-12-20T22:40:52.039+0000] {processor.py:840} INFO - DAG(s) 'example_weekday_branch_operator' retrieved from /home/airflow/.local/lib/python3.8/site-packages/airflow/example_dags/example_branch_day_of_week_operator.py
[2023-12-20T22:40:52.059+0000] {logging_mixin.py:188} INFO - [2023-12-20T22:40:52.059+0000] {dag.py:3033} INFO - Sync 1 DAGs
[2023-12-20T22:40:52.077+0000] {logging_mixin.py:188} INFO - [2023-12-20T22:40:52.077+0000] {dag.py:3820} INFO - Setting next_dagrun for example_weekday_branch_operator to 2023-12-19T00:00:00+00:00, run_after=2023-12-20T00:00:00+00:00
[2023-12-20T22:40:52.091+0000] {processor.py:183} INFO - Processing /home/airflow/.local/lib/python3.8/site-packages/airflow/example_dags/example_branch_day_of_week_operator.py took 0.068 seconds
[2023-12-20T22:41:22.414+0000] {processor.py:161} INFO - Started process (PID=379) to work on /home/airflow/.local/lib/python3.8/site-packages/airflow/example_dags/example_branch_day_of_week_operator.py
[2023-12-20T22:41:22.416+0000] {processor.py:830} INFO - Processing file /home/airflow/.local/lib/python3.8/site-packages/airflow/example_dags/example_branch_day_of_week_operator.py for tasks to queue
[2023-12-20T22:41:22.420+0000] {logging_mixin.py:188} INFO - [2023-12-20T22:41:22.419+0000] {dagbag.py:538} INFO - Filling up the DagBag from /home/airflow/.local/lib/python3.8/site-packages/airflow/example_dags/example_branch_day_of_week_operator.py
[2023-12-20T22:41:22.429+0000] {processor.py:840} INFO - DAG(s) 'example_weekday_branch_operator' retrieved from /home/airflow/.local/lib/python3.8/site-packages/airflow/example_dags/example_branch_day_of_week_operator.py
[2023-12-20T22:41:22.452+0000] {logging_mixin.py:188} INFO - [2023-12-20T22:41:22.452+0000] {dag.py:3033} INFO - Sync 1 DAGs
[2023-12-20T22:41:22.470+0000] {logging_mixin.py:188} INFO - [2023-12-20T22:41:22.470+0000] {dag.py:3820} INFO - Setting next_dagrun for example_weekday_branch_operator to 2023-12-19T00:00:00+00:00, run_after=2023-12-20T00:00:00+00:00
[2023-12-20T22:41:22.485+0000] {processor.py:183} INFO - Processing /home/airflow/.local/lib/python3.8/site-packages/airflow/example_dags/example_branch_day_of_week_operator.py took 0.074 seconds
[2023-12-20T22:41:53.496+0000] {processor.py:161} INFO - Started process (PID=434) to work on /home/airflow/.local/lib/python3.8/site-packages/airflow/example_dags/example_branch_day_of_week_operator.py
[2023-12-20T22:41:53.498+0000] {processor.py:830} INFO - Processing file /home/airflow/.local/lib/python3.8/site-packages/airflow/example_dags/example_branch_day_of_week_operator.py for tasks to queue
[2023-12-20T22:41:53.503+0000] {logging_mixin.py:188} INFO - [2023-12-20T22:41:53.502+0000] {dagbag.py:538} INFO - Filling up the DagBag from /home/airflow/.local/lib/python3.8/site-packages/airflow/example_dags/example_branch_day_of_week_operator.py
[2023-12-20T22:41:53.523+0000] {processor.py:840} INFO - DAG(s) 'example_weekday_branch_operator' retrieved from /home/airflow/.local/lib/python3.8/site-packages/airflow/example_dags/example_branch_day_of_week_operator.py
[2023-12-20T22:41:53.586+0000] {logging_mixin.py:188} INFO - [2023-12-20T22:41:53.586+0000] {dag.py:3033} INFO - Sync 1 DAGs
[2023-12-20T22:41:53.622+0000] {logging_mixin.py:188} INFO - [2023-12-20T22:41:53.622+0000] {dag.py:3820} INFO - Setting next_dagrun for example_weekday_branch_operator to 2023-12-19T00:00:00+00:00, run_after=2023-12-20T00:00:00+00:00
[2023-12-20T22:41:53.649+0000] {processor.py:183} INFO - Processing /home/airflow/.local/lib/python3.8/site-packages/airflow/example_dags/example_branch_day_of_week_operator.py took 0.160 seconds
[2023-12-20T22:42:23.866+0000] {processor.py:161} INFO - Started process (PID=489) to work on /home/airflow/.local/lib/python3.8/site-packages/airflow/example_dags/example_branch_day_of_week_operator.py
[2023-12-20T22:42:23.868+0000] {processor.py:830} INFO - Processing file /home/airflow/.local/lib/python3.8/site-packages/airflow/example_dags/example_branch_day_of_week_operator.py for tasks to queue
[2023-12-20T22:42:23.870+0000] {logging_mixin.py:188} INFO - [2023-12-20T22:42:23.870+0000] {dagbag.py:538} INFO - Filling up the DagBag from /home/airflow/.local/lib/python3.8/site-packages/airflow/example_dags/example_branch_day_of_week_operator.py
[2023-12-20T22:42:23.880+0000] {processor.py:840} INFO - DAG(s) 'example_weekday_branch_operator' retrieved from /home/airflow/.local/lib/python3.8/site-packages/airflow/example_dags/example_branch_day_of_week_operator.py
[2023-12-20T22:42:23.905+0000] {logging_mixin.py:188} INFO - [2023-12-20T22:42:23.904+0000] {dag.py:3033} INFO - Sync 1 DAGs
[2023-12-20T22:42:23.924+0000] {logging_mixin.py:188} INFO - [2023-12-20T22:42:23.924+0000] {dag.py:3820} INFO - Setting next_dagrun for example_weekday_branch_operator to 2023-12-19T00:00:00+00:00, run_after=2023-12-20T00:00:00+00:00
[2023-12-20T22:42:23.937+0000] {processor.py:183} INFO - Processing /home/airflow/.local/lib/python3.8/site-packages/airflow/example_dags/example_branch_day_of_week_operator.py took 0.075 seconds
[2023-12-20T22:42:54.275+0000] {processor.py:161} INFO - Started process (PID=543) to work on /home/airflow/.local/lib/python3.8/site-packages/airflow/example_dags/example_branch_day_of_week_operator.py
[2023-12-20T22:42:54.277+0000] {processor.py:830} INFO - Processing file /home/airflow/.local/lib/python3.8/site-packages/airflow/example_dags/example_branch_day_of_week_operator.py for tasks to queue
[2023-12-20T22:42:54.279+0000] {logging_mixin.py:188} INFO - [2023-12-20T22:42:54.279+0000] {dagbag.py:538} INFO - Filling up the DagBag from /home/airflow/.local/lib/python3.8/site-packages/airflow/example_dags/example_branch_day_of_week_operator.py
[2023-12-20T22:42:54.288+0000] {processor.py:840} INFO - DAG(s) 'example_weekday_branch_operator' retrieved from /home/airflow/.local/lib/python3.8/site-packages/airflow/example_dags/example_branch_day_of_week_operator.py
[2023-12-20T22:42:54.310+0000] {logging_mixin.py:188} INFO - [2023-12-20T22:42:54.309+0000] {dag.py:3033} INFO - Sync 1 DAGs
[2023-12-20T22:42:54.328+0000] {logging_mixin.py:188} INFO - [2023-12-20T22:42:54.328+0000] {dag.py:3820} INFO - Setting next_dagrun for example_weekday_branch_operator to 2023-12-19T00:00:00+00:00, run_after=2023-12-20T00:00:00+00:00
[2023-12-20T22:42:54.342+0000] {processor.py:183} INFO - Processing /home/airflow/.local/lib/python3.8/site-packages/airflow/example_dags/example_branch_day_of_week_operator.py took 0.070 seconds
[2023-12-20T22:43:24.674+0000] {processor.py:161} INFO - Started process (PID=598) to work on /home/airflow/.local/lib/python3.8/site-packages/airflow/example_dags/example_branch_day_of_week_operator.py
[2023-12-20T22:43:24.675+0000] {processor.py:830} INFO - Processing file /home/airflow/.local/lib/python3.8/site-packages/airflow/example_dags/example_branch_day_of_week_operator.py for tasks to queue
[2023-12-20T22:43:24.678+0000] {logging_mixin.py:188} INFO - [2023-12-20T22:43:24.678+0000] {dagbag.py:538} INFO - Filling up the DagBag from /home/airflow/.local/lib/python3.8/site-packages/airflow/example_dags/example_branch_day_of_week_operator.py
[2023-12-20T22:43:24.688+0000] {processor.py:840} INFO - DAG(s) 'example_weekday_branch_operator' retrieved from /home/airflow/.local/lib/python3.8/site-packages/airflow/example_dags/example_branch_day_of_week_operator.py
[2023-12-20T22:43:24.710+0000] {logging_mixin.py:188} INFO - [2023-12-20T22:43:24.710+0000] {dag.py:3033} INFO - Sync 1 DAGs
[2023-12-20T22:43:24.730+0000] {logging_mixin.py:188} INFO - [2023-12-20T22:43:24.730+0000] {dag.py:3820} INFO - Setting next_dagrun for example_weekday_branch_operator to 2023-12-19T00:00:00+00:00, run_after=2023-12-20T00:00:00+00:00
[2023-12-20T22:43:24.744+0000] {processor.py:183} INFO - Processing /home/airflow/.local/lib/python3.8/site-packages/airflow/example_dags/example_branch_day_of_week_operator.py took 0.074 seconds
[2023-12-20T22:43:55.097+0000] {processor.py:161} INFO - Started process (PID=653) to work on /home/airflow/.local/lib/python3.8/site-packages/airflow/example_dags/example_branch_day_of_week_operator.py
[2023-12-20T22:43:55.099+0000] {processor.py:830} INFO - Processing file /home/airflow/.local/lib/python3.8/site-packages/airflow/example_dags/example_branch_day_of_week_operator.py for tasks to queue
[2023-12-20T22:43:55.102+0000] {logging_mixin.py:188} INFO - [2023-12-20T22:43:55.101+0000] {dagbag.py:538} INFO - Filling up the DagBag from /home/airflow/.local/lib/python3.8/site-packages/airflow/example_dags/example_branch_day_of_week_operator.py
[2023-12-20T22:43:55.111+0000] {processor.py:840} INFO - DAG(s) 'example_weekday_branch_operator' retrieved from /home/airflow/.local/lib/python3.8/site-packages/airflow/example_dags/example_branch_day_of_week_operator.py
[2023-12-20T22:43:55.133+0000] {logging_mixin.py:188} INFO - [2023-12-20T22:43:55.133+0000] {dag.py:3033} INFO - Sync 1 DAGs
[2023-12-20T22:43:55.151+0000] {logging_mixin.py:188} INFO - [2023-12-20T22:43:55.151+0000] {dag.py:3820} INFO - Setting next_dagrun for example_weekday_branch_operator to 2023-12-19T00:00:00+00:00, run_after=2023-12-20T00:00:00+00:00
[2023-12-20T22:43:55.165+0000] {processor.py:183} INFO - Processing /home/airflow/.local/lib/python3.8/site-packages/airflow/example_dags/example_branch_day_of_week_operator.py took 0.071 seconds
[2023-12-20T22:44:25.435+0000] {processor.py:161} INFO - Started process (PID=708) to work on /home/airflow/.local/lib/python3.8/site-packages/airflow/example_dags/example_branch_day_of_week_operator.py
[2023-12-20T22:44:25.436+0000] {processor.py:830} INFO - Processing file /home/airflow/.local/lib/python3.8/site-packages/airflow/example_dags/example_branch_day_of_week_operator.py for tasks to queue
[2023-12-20T22:44:25.439+0000] {logging_mixin.py:188} INFO - [2023-12-20T22:44:25.438+0000] {dagbag.py:538} INFO - Filling up the DagBag from /home/airflow/.local/lib/python3.8/site-packages/airflow/example_dags/example_branch_day_of_week_operator.py
[2023-12-20T22:44:25.448+0000] {processor.py:840} INFO - DAG(s) 'example_weekday_branch_operator' retrieved from /home/airflow/.local/lib/python3.8/site-packages/airflow/example_dags/example_branch_day_of_week_operator.py
[2023-12-20T22:44:25.474+0000] {logging_mixin.py:188} INFO - [2023-12-20T22:44:25.474+0000] {dag.py:3033} INFO - Sync 1 DAGs
[2023-12-20T22:44:25.492+0000] {logging_mixin.py:188} INFO - [2023-12-20T22:44:25.492+0000] {dag.py:3820} INFO - Setting next_dagrun for example_weekday_branch_operator to 2023-12-19T00:00:00+00:00, run_after=2023-12-20T00:00:00+00:00
[2023-12-20T22:44:25.505+0000] {processor.py:183} INFO - Processing /home/airflow/.local/lib/python3.8/site-packages/airflow/example_dags/example_branch_day_of_week_operator.py took 0.074 seconds
[2023-12-20T22:44:56.251+0000] {processor.py:161} INFO - Started process (PID=763) to work on /home/airflow/.local/lib/python3.8/site-packages/airflow/example_dags/example_branch_day_of_week_operator.py
[2023-12-20T22:44:56.252+0000] {processor.py:830} INFO - Processing file /home/airflow/.local/lib/python3.8/site-packages/airflow/example_dags/example_branch_day_of_week_operator.py for tasks to queue
[2023-12-20T22:44:56.255+0000] {logging_mixin.py:188} INFO - [2023-12-20T22:44:56.255+0000] {dagbag.py:538} INFO - Filling up the DagBag from /home/airflow/.local/lib/python3.8/site-packages/airflow/example_dags/example_branch_day_of_week_operator.py
[2023-12-20T22:44:56.264+0000] {processor.py:840} INFO - DAG(s) 'example_weekday_branch_operator' retrieved from /home/airflow/.local/lib/python3.8/site-packages/airflow/example_dags/example_branch_day_of_week_operator.py
[2023-12-20T22:44:56.287+0000] {logging_mixin.py:188} INFO - [2023-12-20T22:44:56.286+0000] {dag.py:3033} INFO - Sync 1 DAGs
[2023-12-20T22:44:56.306+0000] {logging_mixin.py:188} INFO - [2023-12-20T22:44:56.305+0000] {dag.py:3820} INFO - Setting next_dagrun for example_weekday_branch_operator to 2023-12-19T00:00:00+00:00, run_after=2023-12-20T00:00:00+00:00
[2023-12-20T22:44:56.320+0000] {processor.py:183} INFO - Processing /home/airflow/.local/lib/python3.8/site-packages/airflow/example_dags/example_branch_day_of_week_operator.py took 0.073 seconds
[2023-12-20T22:45:26.603+0000] {processor.py:161} INFO - Started process (PID=819) to work on /home/airflow/.local/lib/python3.8/site-packages/airflow/example_dags/example_branch_day_of_week_operator.py
[2023-12-20T22:45:26.605+0000] {processor.py:830} INFO - Processing file /home/airflow/.local/lib/python3.8/site-packages/airflow/example_dags/example_branch_day_of_week_operator.py for tasks to queue
[2023-12-20T22:45:26.608+0000] {logging_mixin.py:188} INFO - [2023-12-20T22:45:26.608+0000] {dagbag.py:538} INFO - Filling up the DagBag from /home/airflow/.local/lib/python3.8/site-packages/airflow/example_dags/example_branch_day_of_week_operator.py
[2023-12-20T22:45:26.627+0000] {processor.py:840} INFO - DAG(s) 'example_weekday_branch_operator' retrieved from /home/airflow/.local/lib/python3.8/site-packages/airflow/example_dags/example_branch_day_of_week_operator.py
[2023-12-20T22:45:26.655+0000] {logging_mixin.py:188} INFO - [2023-12-20T22:45:26.655+0000] {dag.py:3033} INFO - Sync 1 DAGs
[2023-12-20T22:45:26.676+0000] {logging_mixin.py:188} INFO - [2023-12-20T22:45:26.676+0000] {dag.py:3820} INFO - Setting next_dagrun for example_weekday_branch_operator to 2023-12-19T00:00:00+00:00, run_after=2023-12-20T00:00:00+00:00
[2023-12-20T22:45:26.696+0000] {processor.py:183} INFO - Processing /home/airflow/.local/lib/python3.8/site-packages/airflow/example_dags/example_branch_day_of_week_operator.py took 0.097 seconds
[2023-12-20T22:45:57.155+0000] {processor.py:161} INFO - Started process (PID=874) to work on /home/airflow/.local/lib/python3.8/site-packages/airflow/example_dags/example_branch_day_of_week_operator.py
[2023-12-20T22:45:57.157+0000] {processor.py:830} INFO - Processing file /home/airflow/.local/lib/python3.8/site-packages/airflow/example_dags/example_branch_day_of_week_operator.py for tasks to queue
[2023-12-20T22:45:57.159+0000] {logging_mixin.py:188} INFO - [2023-12-20T22:45:57.159+0000] {dagbag.py:538} INFO - Filling up the DagBag from /home/airflow/.local/lib/python3.8/site-packages/airflow/example_dags/example_branch_day_of_week_operator.py
[2023-12-20T22:45:57.168+0000] {processor.py:840} INFO - DAG(s) 'example_weekday_branch_operator' retrieved from /home/airflow/.local/lib/python3.8/site-packages/airflow/example_dags/example_branch_day_of_week_operator.py
[2023-12-20T22:45:57.195+0000] {logging_mixin.py:188} INFO - [2023-12-20T22:45:57.195+0000] {dag.py:3033} INFO - Sync 1 DAGs
[2023-12-20T22:45:57.216+0000] {logging_mixin.py:188} INFO - [2023-12-20T22:45:57.216+0000] {dag.py:3820} INFO - Setting next_dagrun for example_weekday_branch_operator to 2023-12-19T00:00:00+00:00, run_after=2023-12-20T00:00:00+00:00
[2023-12-20T22:45:57.232+0000] {processor.py:183} INFO - Processing /home/airflow/.local/lib/python3.8/site-packages/airflow/example_dags/example_branch_day_of_week_operator.py took 0.081 seconds
[2023-12-20T22:46:28.103+0000] {processor.py:161} INFO - Started process (PID=929) to work on /home/airflow/.local/lib/python3.8/site-packages/airflow/example_dags/example_branch_day_of_week_operator.py
[2023-12-20T22:46:28.104+0000] {processor.py:830} INFO - Processing file /home/airflow/.local/lib/python3.8/site-packages/airflow/example_dags/example_branch_day_of_week_operator.py for tasks to queue
[2023-12-20T22:46:28.107+0000] {logging_mixin.py:188} INFO - [2023-12-20T22:46:28.106+0000] {dagbag.py:538} INFO - Filling up the DagBag from /home/airflow/.local/lib/python3.8/site-packages/airflow/example_dags/example_branch_day_of_week_operator.py
[2023-12-20T22:46:28.115+0000] {processor.py:840} INFO - DAG(s) 'example_weekday_branch_operator' retrieved from /home/airflow/.local/lib/python3.8/site-packages/airflow/example_dags/example_branch_day_of_week_operator.py
[2023-12-20T22:46:28.142+0000] {logging_mixin.py:188} INFO - [2023-12-20T22:46:28.142+0000] {dag.py:3033} INFO - Sync 1 DAGs
[2023-12-20T22:46:28.168+0000] {logging_mixin.py:188} INFO - [2023-12-20T22:46:28.168+0000] {dag.py:3820} INFO - Setting next_dagrun for example_weekday_branch_operator to 2023-12-19T00:00:00+00:00, run_after=2023-12-20T00:00:00+00:00
[2023-12-20T22:46:28.190+0000] {processor.py:183} INFO - Processing /home/airflow/.local/lib/python3.8/site-packages/airflow/example_dags/example_branch_day_of_week_operator.py took 0.091 seconds
[2023-12-20T22:46:58.942+0000] {processor.py:161} INFO - Started process (PID=984) to work on /home/airflow/.local/lib/python3.8/site-packages/airflow/example_dags/example_branch_day_of_week_operator.py
[2023-12-20T22:46:58.943+0000] {processor.py:830} INFO - Processing file /home/airflow/.local/lib/python3.8/site-packages/airflow/example_dags/example_branch_day_of_week_operator.py for tasks to queue
[2023-12-20T22:46:58.946+0000] {logging_mixin.py:188} INFO - [2023-12-20T22:46:58.946+0000] {dagbag.py:538} INFO - Filling up the DagBag from /home/airflow/.local/lib/python3.8/site-packages/airflow/example_dags/example_branch_day_of_week_operator.py
[2023-12-20T22:46:58.955+0000] {processor.py:840} INFO - DAG(s) 'example_weekday_branch_operator' retrieved from /home/airflow/.local/lib/python3.8/site-packages/airflow/example_dags/example_branch_day_of_week_operator.py
[2023-12-20T22:46:58.987+0000] {logging_mixin.py:188} INFO - [2023-12-20T22:46:58.987+0000] {dag.py:3033} INFO - Sync 1 DAGs
[2023-12-20T22:46:59.006+0000] {logging_mixin.py:188} INFO - [2023-12-20T22:46:59.006+0000] {dag.py:3820} INFO - Setting next_dagrun for example_weekday_branch_operator to 2023-12-19T00:00:00+00:00, run_after=2023-12-20T00:00:00+00:00
[2023-12-20T22:46:59.029+0000] {processor.py:183} INFO - Processing /home/airflow/.local/lib/python3.8/site-packages/airflow/example_dags/example_branch_day_of_week_operator.py took 0.092 seconds
[2023-12-20T22:47:29.347+0000] {processor.py:161} INFO - Started process (PID=1039) to work on /home/airflow/.local/lib/python3.8/site-packages/airflow/example_dags/example_branch_day_of_week_operator.py
[2023-12-20T22:47:29.349+0000] {processor.py:830} INFO - Processing file /home/airflow/.local/lib/python3.8/site-packages/airflow/example_dags/example_branch_day_of_week_operator.py for tasks to queue
[2023-12-20T22:47:29.351+0000] {logging_mixin.py:188} INFO - [2023-12-20T22:47:29.351+0000] {dagbag.py:538} INFO - Filling up the DagBag from /home/airflow/.local/lib/python3.8/site-packages/airflow/example_dags/example_branch_day_of_week_operator.py
[2023-12-20T22:47:29.359+0000] {processor.py:840} INFO - DAG(s) 'example_weekday_branch_operator' retrieved from /home/airflow/.local/lib/python3.8/site-packages/airflow/example_dags/example_branch_day_of_week_operator.py
[2023-12-20T22:47:29.380+0000] {logging_mixin.py:188} INFO - [2023-12-20T22:47:29.380+0000] {dag.py:3033} INFO - Sync 1 DAGs
[2023-12-20T22:47:29.397+0000] {logging_mixin.py:188} INFO - [2023-12-20T22:47:29.397+0000] {dag.py:3820} INFO - Setting next_dagrun for example_weekday_branch_operator to 2023-12-19T00:00:00+00:00, run_after=2023-12-20T00:00:00+00:00
[2023-12-20T22:47:29.409+0000] {processor.py:183} INFO - Processing /home/airflow/.local/lib/python3.8/site-packages/airflow/example_dags/example_branch_day_of_week_operator.py took 0.066 seconds
[2023-12-20T22:47:59.524+0000] {processor.py:161} INFO - Started process (PID=1091) to work on /home/airflow/.local/lib/python3.8/site-packages/airflow/example_dags/example_branch_day_of_week_operator.py
[2023-12-20T22:47:59.525+0000] {processor.py:830} INFO - Processing file /home/airflow/.local/lib/python3.8/site-packages/airflow/example_dags/example_branch_day_of_week_operator.py for tasks to queue
[2023-12-20T22:47:59.528+0000] {logging_mixin.py:188} INFO - [2023-12-20T22:47:59.528+0000] {dagbag.py:538} INFO - Filling up the DagBag from /home/airflow/.local/lib/python3.8/site-packages/airflow/example_dags/example_branch_day_of_week_operator.py
[2023-12-20T22:47:59.536+0000] {processor.py:840} INFO - DAG(s) 'example_weekday_branch_operator' retrieved from /home/airflow/.local/lib/python3.8/site-packages/airflow/example_dags/example_branch_day_of_week_operator.py
[2023-12-20T22:47:59.558+0000] {logging_mixin.py:188} INFO - [2023-12-20T22:47:59.557+0000] {dag.py:3033} INFO - Sync 1 DAGs
[2023-12-20T22:47:59.576+0000] {logging_mixin.py:188} INFO - [2023-12-20T22:47:59.576+0000] {dag.py:3820} INFO - Setting next_dagrun for example_weekday_branch_operator to 2023-12-19T00:00:00+00:00, run_after=2023-12-20T00:00:00+00:00
[2023-12-20T22:47:59.589+0000] {processor.py:183} INFO - Processing /home/airflow/.local/lib/python3.8/site-packages/airflow/example_dags/example_branch_day_of_week_operator.py took 0.069 seconds
[2023-12-20T22:48:30.569+0000] {processor.py:161} INFO - Started process (PID=1146) to work on /home/airflow/.local/lib/python3.8/site-packages/airflow/example_dags/example_branch_day_of_week_operator.py
[2023-12-20T22:48:30.571+0000] {processor.py:830} INFO - Processing file /home/airflow/.local/lib/python3.8/site-packages/airflow/example_dags/example_branch_day_of_week_operator.py for tasks to queue
[2023-12-20T22:48:30.576+0000] {logging_mixin.py:188} INFO - [2023-12-20T22:48:30.575+0000] {dagbag.py:538} INFO - Filling up the DagBag from /home/airflow/.local/lib/python3.8/site-packages/airflow/example_dags/example_branch_day_of_week_operator.py
[2023-12-20T22:48:30.588+0000] {processor.py:840} INFO - DAG(s) 'example_weekday_branch_operator' retrieved from /home/airflow/.local/lib/python3.8/site-packages/airflow/example_dags/example_branch_day_of_week_operator.py
[2023-12-20T22:48:30.635+0000] {logging_mixin.py:188} INFO - [2023-12-20T22:48:30.635+0000] {dag.py:3033} INFO - Sync 1 DAGs
[2023-12-20T22:48:30.666+0000] {logging_mixin.py:188} INFO - [2023-12-20T22:48:30.666+0000] {dag.py:3820} INFO - Setting next_dagrun for example_weekday_branch_operator to 2023-12-19T00:00:00+00:00, run_after=2023-12-20T00:00:00+00:00
[2023-12-20T22:48:30.684+0000] {processor.py:183} INFO - Processing /home/airflow/.local/lib/python3.8/site-packages/airflow/example_dags/example_branch_day_of_week_operator.py took 0.121 seconds
[2023-12-20T22:49:00.832+0000] {processor.py:161} INFO - Started process (PID=1200) to work on /home/airflow/.local/lib/python3.8/site-packages/airflow/example_dags/example_branch_day_of_week_operator.py
[2023-12-20T22:49:00.834+0000] {processor.py:830} INFO - Processing file /home/airflow/.local/lib/python3.8/site-packages/airflow/example_dags/example_branch_day_of_week_operator.py for tasks to queue
[2023-12-20T22:49:00.837+0000] {logging_mixin.py:188} INFO - [2023-12-20T22:49:00.837+0000] {dagbag.py:538} INFO - Filling up the DagBag from /home/airflow/.local/lib/python3.8/site-packages/airflow/example_dags/example_branch_day_of_week_operator.py
[2023-12-20T22:49:00.845+0000] {processor.py:840} INFO - DAG(s) 'example_weekday_branch_operator' retrieved from /home/airflow/.local/lib/python3.8/site-packages/airflow/example_dags/example_branch_day_of_week_operator.py
[2023-12-20T22:49:00.866+0000] {logging_mixin.py:188} INFO - [2023-12-20T22:49:00.866+0000] {dag.py:3033} INFO - Sync 1 DAGs
[2023-12-20T22:49:00.890+0000] {logging_mixin.py:188} INFO - [2023-12-20T22:49:00.889+0000] {dag.py:3820} INFO - Setting next_dagrun for example_weekday_branch_operator to 2023-12-19T00:00:00+00:00, run_after=2023-12-20T00:00:00+00:00
[2023-12-20T22:49:00.902+0000] {processor.py:183} INFO - Processing /home/airflow/.local/lib/python3.8/site-packages/airflow/example_dags/example_branch_day_of_week_operator.py took 0.074 seconds
[2023-12-20T22:49:31.052+0000] {processor.py:161} INFO - Started process (PID=1254) to work on /home/airflow/.local/lib/python3.8/site-packages/airflow/example_dags/example_branch_day_of_week_operator.py
[2023-12-20T22:49:31.053+0000] {processor.py:830} INFO - Processing file /home/airflow/.local/lib/python3.8/site-packages/airflow/example_dags/example_branch_day_of_week_operator.py for tasks to queue
[2023-12-20T22:49:31.056+0000] {logging_mixin.py:188} INFO - [2023-12-20T22:49:31.056+0000] {dagbag.py:538} INFO - Filling up the DagBag from /home/airflow/.local/lib/python3.8/site-packages/airflow/example_dags/example_branch_day_of_week_operator.py
[2023-12-20T22:49:31.064+0000] {processor.py:840} INFO - DAG(s) 'example_weekday_branch_operator' retrieved from /home/airflow/.local/lib/python3.8/site-packages/airflow/example_dags/example_branch_day_of_week_operator.py
[2023-12-20T22:49:31.085+0000] {logging_mixin.py:188} INFO - [2023-12-20T22:49:31.085+0000] {dag.py:3033} INFO - Sync 1 DAGs
[2023-12-20T22:49:31.103+0000] {logging_mixin.py:188} INFO - [2023-12-20T22:49:31.103+0000] {dag.py:3820} INFO - Setting next_dagrun for example_weekday_branch_operator to 2023-12-19T00:00:00+00:00, run_after=2023-12-20T00:00:00+00:00
[2023-12-20T22:49:31.119+0000] {processor.py:183} INFO - Processing /home/airflow/.local/lib/python3.8/site-packages/airflow/example_dags/example_branch_day_of_week_operator.py took 0.071 seconds
[2023-12-20T22:50:01.333+0000] {processor.py:161} INFO - Started process (PID=1309) to work on /home/airflow/.local/lib/python3.8/site-packages/airflow/example_dags/example_branch_day_of_week_operator.py
[2023-12-20T22:50:01.334+0000] {processor.py:830} INFO - Processing file /home/airflow/.local/lib/python3.8/site-packages/airflow/example_dags/example_branch_day_of_week_operator.py for tasks to queue
[2023-12-20T22:50:01.338+0000] {logging_mixin.py:188} INFO - [2023-12-20T22:50:01.337+0000] {dagbag.py:538} INFO - Filling up the DagBag from /home/airflow/.local/lib/python3.8/site-packages/airflow/example_dags/example_branch_day_of_week_operator.py
[2023-12-20T22:50:01.346+0000] {processor.py:840} INFO - DAG(s) 'example_weekday_branch_operator' retrieved from /home/airflow/.local/lib/python3.8/site-packages/airflow/example_dags/example_branch_day_of_week_operator.py
[2023-12-20T22:50:01.369+0000] {logging_mixin.py:188} INFO - [2023-12-20T22:50:01.369+0000] {dag.py:3033} INFO - Sync 1 DAGs
[2023-12-20T22:50:01.388+0000] {logging_mixin.py:188} INFO - [2023-12-20T22:50:01.387+0000] {dag.py:3820} INFO - Setting next_dagrun for example_weekday_branch_operator to 2023-12-19T00:00:00+00:00, run_after=2023-12-20T00:00:00+00:00
[2023-12-20T22:50:01.401+0000] {processor.py:183} INFO - Processing /home/airflow/.local/lib/python3.8/site-packages/airflow/example_dags/example_branch_day_of_week_operator.py took 0.072 seconds
[2023-12-20T22:50:31.648+0000] {processor.py:161} INFO - Started process (PID=1364) to work on /home/airflow/.local/lib/python3.8/site-packages/airflow/example_dags/example_branch_day_of_week_operator.py
[2023-12-20T22:50:31.649+0000] {processor.py:830} INFO - Processing file /home/airflow/.local/lib/python3.8/site-packages/airflow/example_dags/example_branch_day_of_week_operator.py for tasks to queue
[2023-12-20T22:50:31.653+0000] {logging_mixin.py:188} INFO - [2023-12-20T22:50:31.652+0000] {dagbag.py:538} INFO - Filling up the DagBag from /home/airflow/.local/lib/python3.8/site-packages/airflow/example_dags/example_branch_day_of_week_operator.py
[2023-12-20T22:50:31.662+0000] {processor.py:840} INFO - DAG(s) 'example_weekday_branch_operator' retrieved from /home/airflow/.local/lib/python3.8/site-packages/airflow/example_dags/example_branch_day_of_week_operator.py
[2023-12-20T22:50:31.685+0000] {logging_mixin.py:188} INFO - [2023-12-20T22:50:31.685+0000] {dag.py:3033} INFO - Sync 1 DAGs
[2023-12-20T22:50:31.704+0000] {logging_mixin.py:188} INFO - [2023-12-20T22:50:31.704+0000] {dag.py:3820} INFO - Setting next_dagrun for example_weekday_branch_operator to 2023-12-19T00:00:00+00:00, run_after=2023-12-20T00:00:00+00:00
[2023-12-20T22:50:31.718+0000] {processor.py:183} INFO - Processing /home/airflow/.local/lib/python3.8/site-packages/airflow/example_dags/example_branch_day_of_week_operator.py took 0.074 seconds
[2023-12-20T22:51:01.888+0000] {processor.py:161} INFO - Started process (PID=1419) to work on /home/airflow/.local/lib/python3.8/site-packages/airflow/example_dags/example_branch_day_of_week_operator.py
[2023-12-20T22:51:01.890+0000] {processor.py:830} INFO - Processing file /home/airflow/.local/lib/python3.8/site-packages/airflow/example_dags/example_branch_day_of_week_operator.py for tasks to queue
[2023-12-20T22:51:01.894+0000] {logging_mixin.py:188} INFO - [2023-12-20T22:51:01.893+0000] {dagbag.py:538} INFO - Filling up the DagBag from /home/airflow/.local/lib/python3.8/site-packages/airflow/example_dags/example_branch_day_of_week_operator.py
[2023-12-20T22:51:01.903+0000] {processor.py:840} INFO - DAG(s) 'example_weekday_branch_operator' retrieved from /home/airflow/.local/lib/python3.8/site-packages/airflow/example_dags/example_branch_day_of_week_operator.py
[2023-12-20T22:51:01.926+0000] {logging_mixin.py:188} INFO - [2023-12-20T22:51:01.926+0000] {dag.py:3033} INFO - Sync 1 DAGs
[2023-12-20T22:51:01.945+0000] {logging_mixin.py:188} INFO - [2023-12-20T22:51:01.945+0000] {dag.py:3820} INFO - Setting next_dagrun for example_weekday_branch_operator to 2023-12-19T00:00:00+00:00, run_after=2023-12-20T00:00:00+00:00
[2023-12-20T22:51:01.959+0000] {processor.py:183} INFO - Processing /home/airflow/.local/lib/python3.8/site-packages/airflow/example_dags/example_branch_day_of_week_operator.py took 0.075 seconds
[2023-12-20T22:51:32.934+0000] {processor.py:161} INFO - Started process (PID=1474) to work on /home/airflow/.local/lib/python3.8/site-packages/airflow/example_dags/example_branch_day_of_week_operator.py
[2023-12-20T22:51:32.936+0000] {processor.py:830} INFO - Processing file /home/airflow/.local/lib/python3.8/site-packages/airflow/example_dags/example_branch_day_of_week_operator.py for tasks to queue
[2023-12-20T22:51:32.940+0000] {logging_mixin.py:188} INFO - [2023-12-20T22:51:32.940+0000] {dagbag.py:538} INFO - Filling up the DagBag from /home/airflow/.local/lib/python3.8/site-packages/airflow/example_dags/example_branch_day_of_week_operator.py
[2023-12-20T22:51:32.952+0000] {processor.py:840} INFO - DAG(s) 'example_weekday_branch_operator' retrieved from /home/airflow/.local/lib/python3.8/site-packages/airflow/example_dags/example_branch_day_of_week_operator.py
[2023-12-20T22:51:32.986+0000] {logging_mixin.py:188} INFO - [2023-12-20T22:51:32.986+0000] {dag.py:3033} INFO - Sync 1 DAGs
[2023-12-20T22:51:33.011+0000] {logging_mixin.py:188} INFO - [2023-12-20T22:51:33.011+0000] {dag.py:3820} INFO - Setting next_dagrun for example_weekday_branch_operator to 2023-12-19T00:00:00+00:00, run_after=2023-12-20T00:00:00+00:00
[2023-12-20T22:51:33.033+0000] {processor.py:183} INFO - Processing /home/airflow/.local/lib/python3.8/site-packages/airflow/example_dags/example_branch_day_of_week_operator.py took 0.105 seconds
[2023-12-20T22:52:03.963+0000] {processor.py:161} INFO - Started process (PID=1529) to work on /home/airflow/.local/lib/python3.8/site-packages/airflow/example_dags/example_branch_day_of_week_operator.py
[2023-12-20T22:52:03.965+0000] {processor.py:830} INFO - Processing file /home/airflow/.local/lib/python3.8/site-packages/airflow/example_dags/example_branch_day_of_week_operator.py for tasks to queue
[2023-12-20T22:52:03.968+0000] {logging_mixin.py:188} INFO - [2023-12-20T22:52:03.968+0000] {dagbag.py:538} INFO - Filling up the DagBag from /home/airflow/.local/lib/python3.8/site-packages/airflow/example_dags/example_branch_day_of_week_operator.py
[2023-12-20T22:52:03.978+0000] {processor.py:840} INFO - DAG(s) 'example_weekday_branch_operator' retrieved from /home/airflow/.local/lib/python3.8/site-packages/airflow/example_dags/example_branch_day_of_week_operator.py
[2023-12-20T22:52:04.008+0000] {logging_mixin.py:188} INFO - [2023-12-20T22:52:04.008+0000] {dag.py:3033} INFO - Sync 1 DAGs
[2023-12-20T22:52:04.043+0000] {logging_mixin.py:188} INFO - [2023-12-20T22:52:04.042+0000] {dag.py:3820} INFO - Setting next_dagrun for example_weekday_branch_operator to 2023-12-19T00:00:00+00:00, run_after=2023-12-20T00:00:00+00:00
[2023-12-20T22:52:04.062+0000] {processor.py:183} INFO - Processing /home/airflow/.local/lib/python3.8/site-packages/airflow/example_dags/example_branch_day_of_week_operator.py took 0.104 seconds
[2023-12-20T22:52:34.362+0000] {processor.py:161} INFO - Started process (PID=1584) to work on /home/airflow/.local/lib/python3.8/site-packages/airflow/example_dags/example_branch_day_of_week_operator.py
[2023-12-20T22:52:34.363+0000] {processor.py:830} INFO - Processing file /home/airflow/.local/lib/python3.8/site-packages/airflow/example_dags/example_branch_day_of_week_operator.py for tasks to queue
[2023-12-20T22:52:34.366+0000] {logging_mixin.py:188} INFO - [2023-12-20T22:52:34.365+0000] {dagbag.py:538} INFO - Filling up the DagBag from /home/airflow/.local/lib/python3.8/site-packages/airflow/example_dags/example_branch_day_of_week_operator.py
[2023-12-20T22:52:34.374+0000] {processor.py:840} INFO - DAG(s) 'example_weekday_branch_operator' retrieved from /home/airflow/.local/lib/python3.8/site-packages/airflow/example_dags/example_branch_day_of_week_operator.py
[2023-12-20T22:52:34.395+0000] {logging_mixin.py:188} INFO - [2023-12-20T22:52:34.395+0000] {dag.py:3033} INFO - Sync 1 DAGs
[2023-12-20T22:52:34.413+0000] {logging_mixin.py:188} INFO - [2023-12-20T22:52:34.412+0000] {dag.py:3820} INFO - Setting next_dagrun for example_weekday_branch_operator to 2023-12-19T00:00:00+00:00, run_after=2023-12-20T00:00:00+00:00
[2023-12-20T22:52:34.425+0000] {processor.py:183} INFO - Processing /home/airflow/.local/lib/python3.8/site-packages/airflow/example_dags/example_branch_day_of_week_operator.py took 0.066 seconds
[2023-12-20T22:53:05.313+0000] {processor.py:161} INFO - Started process (PID=1639) to work on /home/airflow/.local/lib/python3.8/site-packages/airflow/example_dags/example_branch_day_of_week_operator.py
[2023-12-20T22:53:05.314+0000] {processor.py:830} INFO - Processing file /home/airflow/.local/lib/python3.8/site-packages/airflow/example_dags/example_branch_day_of_week_operator.py for tasks to queue
[2023-12-20T22:53:05.317+0000] {logging_mixin.py:188} INFO - [2023-12-20T22:53:05.317+0000] {dagbag.py:538} INFO - Filling up the DagBag from /home/airflow/.local/lib/python3.8/site-packages/airflow/example_dags/example_branch_day_of_week_operator.py
[2023-12-20T22:53:05.325+0000] {processor.py:840} INFO - DAG(s) 'example_weekday_branch_operator' retrieved from /home/airflow/.local/lib/python3.8/site-packages/airflow/example_dags/example_branch_day_of_week_operator.py
[2023-12-20T22:53:05.346+0000] {logging_mixin.py:188} INFO - [2023-12-20T22:53:05.346+0000] {dag.py:3033} INFO - Sync 1 DAGs
[2023-12-20T22:53:05.365+0000] {logging_mixin.py:188} INFO - [2023-12-20T22:53:05.365+0000] {dag.py:3820} INFO - Setting next_dagrun for example_weekday_branch_operator to 2023-12-19T00:00:00+00:00, run_after=2023-12-20T00:00:00+00:00
[2023-12-20T22:53:05.537+0000] {processor.py:183} INFO - Processing /home/airflow/.local/lib/python3.8/site-packages/airflow/example_dags/example_branch_day_of_week_operator.py took 0.227 seconds
[2023-12-20T22:53:35.857+0000] {processor.py:161} INFO - Started process (PID=1695) to work on /home/airflow/.local/lib/python3.8/site-packages/airflow/example_dags/example_branch_day_of_week_operator.py
[2023-12-20T22:53:35.858+0000] {processor.py:830} INFO - Processing file /home/airflow/.local/lib/python3.8/site-packages/airflow/example_dags/example_branch_day_of_week_operator.py for tasks to queue
[2023-12-20T22:53:35.861+0000] {logging_mixin.py:188} INFO - [2023-12-20T22:53:35.860+0000] {dagbag.py:538} INFO - Filling up the DagBag from /home/airflow/.local/lib/python3.8/site-packages/airflow/example_dags/example_branch_day_of_week_operator.py
[2023-12-20T22:53:35.869+0000] {processor.py:840} INFO - DAG(s) 'example_weekday_branch_operator' retrieved from /home/airflow/.local/lib/python3.8/site-packages/airflow/example_dags/example_branch_day_of_week_operator.py
[2023-12-20T22:53:35.890+0000] {logging_mixin.py:188} INFO - [2023-12-20T22:53:35.890+0000] {dag.py:3033} INFO - Sync 1 DAGs
[2023-12-20T22:53:35.908+0000] {logging_mixin.py:188} INFO - [2023-12-20T22:53:35.908+0000] {dag.py:3820} INFO - Setting next_dagrun for example_weekday_branch_operator to 2023-12-19T00:00:00+00:00, run_after=2023-12-20T00:00:00+00:00
[2023-12-20T22:53:35.922+0000] {processor.py:183} INFO - Processing /home/airflow/.local/lib/python3.8/site-packages/airflow/example_dags/example_branch_day_of_week_operator.py took 0.069 seconds
[2023-12-20T22:54:06.571+0000] {processor.py:161} INFO - Started process (PID=1751) to work on /home/airflow/.local/lib/python3.8/site-packages/airflow/example_dags/example_branch_day_of_week_operator.py
[2023-12-20T22:54:06.578+0000] {processor.py:830} INFO - Processing file /home/airflow/.local/lib/python3.8/site-packages/airflow/example_dags/example_branch_day_of_week_operator.py for tasks to queue
[2023-12-20T22:54:06.621+0000] {logging_mixin.py:188} INFO - [2023-12-20T22:54:06.609+0000] {dagbag.py:538} INFO - Filling up the DagBag from /home/airflow/.local/lib/python3.8/site-packages/airflow/example_dags/example_branch_day_of_week_operator.py
[2023-12-20T22:54:06.737+0000] {processor.py:840} INFO - DAG(s) 'example_weekday_branch_operator' retrieved from /home/airflow/.local/lib/python3.8/site-packages/airflow/example_dags/example_branch_day_of_week_operator.py
[2023-12-20T22:54:06.959+0000] {logging_mixin.py:188} INFO - [2023-12-20T22:54:06.957+0000] {dag.py:3033} INFO - Sync 1 DAGs
[2023-12-20T22:54:07.190+0000] {logging_mixin.py:188} INFO - [2023-12-20T22:54:07.189+0000] {dag.py:3820} INFO - Setting next_dagrun for example_weekday_branch_operator to 2023-12-19T00:00:00+00:00, run_after=2023-12-20T00:00:00+00:00
[2023-12-20T22:54:07.679+0000] {processor.py:183} INFO - Processing /home/airflow/.local/lib/python3.8/site-packages/airflow/example_dags/example_branch_day_of_week_operator.py took 1.126 seconds
[2023-12-20T22:54:56.427+0000] {processor.py:161} INFO - Started process (PID=1800) to work on /home/airflow/.local/lib/python3.8/site-packages/airflow/example_dags/example_branch_day_of_week_operator.py
[2023-12-20T22:54:56.443+0000] {processor.py:830} INFO - Processing file /home/airflow/.local/lib/python3.8/site-packages/airflow/example_dags/example_branch_day_of_week_operator.py for tasks to queue
[2023-12-20T22:54:56.492+0000] {logging_mixin.py:188} INFO - [2023-12-20T22:54:56.489+0000] {dagbag.py:538} INFO - Filling up the DagBag from /home/airflow/.local/lib/python3.8/site-packages/airflow/example_dags/example_branch_day_of_week_operator.py
[2023-12-20T22:54:56.592+0000] {processor.py:840} INFO - DAG(s) 'example_weekday_branch_operator' retrieved from /home/airflow/.local/lib/python3.8/site-packages/airflow/example_dags/example_branch_day_of_week_operator.py
[2023-12-20T22:54:56.789+0000] {logging_mixin.py:188} INFO - [2023-12-20T22:54:56.788+0000] {dag.py:3033} INFO - Sync 1 DAGs
[2023-12-20T22:54:57.055+0000] {logging_mixin.py:188} INFO - [2023-12-20T22:54:57.052+0000] {dag.py:3820} INFO - Setting next_dagrun for example_weekday_branch_operator to 2023-12-19T00:00:00+00:00, run_after=2023-12-20T00:00:00+00:00
[2023-12-20T22:54:57.299+0000] {processor.py:183} INFO - Processing /home/airflow/.local/lib/python3.8/site-packages/airflow/example_dags/example_branch_day_of_week_operator.py took 0.992 seconds
[2023-12-20T22:55:59.876+0000] {processor.py:161} INFO - Started process (PID=1868) to work on /home/airflow/.local/lib/python3.8/site-packages/airflow/example_dags/example_branch_day_of_week_operator.py
[2023-12-20T22:55:59.884+0000] {processor.py:830} INFO - Processing file /home/airflow/.local/lib/python3.8/site-packages/airflow/example_dags/example_branch_day_of_week_operator.py for tasks to queue
[2023-12-20T22:55:59.898+0000] {logging_mixin.py:188} INFO - [2023-12-20T22:55:59.897+0000] {dagbag.py:538} INFO - Filling up the DagBag from /home/airflow/.local/lib/python3.8/site-packages/airflow/example_dags/example_branch_day_of_week_operator.py
[2023-12-20T22:56:00.029+0000] {processor.py:840} INFO - DAG(s) 'example_weekday_branch_operator' retrieved from /home/airflow/.local/lib/python3.8/site-packages/airflow/example_dags/example_branch_day_of_week_operator.py
[2023-12-20T22:56:00.316+0000] {logging_mixin.py:188} INFO - [2023-12-20T22:56:00.315+0000] {dag.py:3033} INFO - Sync 1 DAGs
[2023-12-20T22:56:00.505+0000] {logging_mixin.py:188} INFO - [2023-12-20T22:56:00.504+0000] {dag.py:3820} INFO - Setting next_dagrun for example_weekday_branch_operator to 2023-12-19T00:00:00+00:00, run_after=2023-12-20T00:00:00+00:00
[2023-12-20T22:56:00.566+0000] {processor.py:183} INFO - Processing /home/airflow/.local/lib/python3.8/site-packages/airflow/example_dags/example_branch_day_of_week_operator.py took 0.730 seconds
[2023-12-20T22:56:42.206+0000] {processor.py:161} INFO - Started process (PID=1932) to work on /home/airflow/.local/lib/python3.8/site-packages/airflow/example_dags/example_branch_day_of_week_operator.py
[2023-12-20T22:56:42.227+0000] {processor.py:830} INFO - Processing file /home/airflow/.local/lib/python3.8/site-packages/airflow/example_dags/example_branch_day_of_week_operator.py for tasks to queue
[2023-12-20T22:56:42.246+0000] {logging_mixin.py:188} INFO - [2023-12-20T22:56:42.245+0000] {dagbag.py:538} INFO - Filling up the DagBag from /home/airflow/.local/lib/python3.8/site-packages/airflow/example_dags/example_branch_day_of_week_operator.py
[2023-12-20T22:56:42.426+0000] {processor.py:840} INFO - DAG(s) 'example_weekday_branch_operator' retrieved from /home/airflow/.local/lib/python3.8/site-packages/airflow/example_dags/example_branch_day_of_week_operator.py
[2023-12-20T22:56:42.596+0000] {logging_mixin.py:188} INFO - [2023-12-20T22:56:42.596+0000] {dag.py:3033} INFO - Sync 1 DAGs
[2023-12-20T22:56:42.750+0000] {logging_mixin.py:188} INFO - [2023-12-20T22:56:42.750+0000] {dag.py:3820} INFO - Setting next_dagrun for example_weekday_branch_operator to 2023-12-19T00:00:00+00:00, run_after=2023-12-20T00:00:00+00:00
[2023-12-20T22:56:42.866+0000] {processor.py:183} INFO - Processing /home/airflow/.local/lib/python3.8/site-packages/airflow/example_dags/example_branch_day_of_week_operator.py took 0.736 seconds
[2023-12-20T22:57:35.998+0000] {processor.py:161} INFO - Started process (PID=1994) to work on /home/airflow/.local/lib/python3.8/site-packages/airflow/example_dags/example_branch_day_of_week_operator.py
[2023-12-20T22:57:36.017+0000] {processor.py:830} INFO - Processing file /home/airflow/.local/lib/python3.8/site-packages/airflow/example_dags/example_branch_day_of_week_operator.py for tasks to queue
[2023-12-20T22:57:36.115+0000] {logging_mixin.py:188} INFO - [2023-12-20T22:57:36.104+0000] {dagbag.py:538} INFO - Filling up the DagBag from /home/airflow/.local/lib/python3.8/site-packages/airflow/example_dags/example_branch_day_of_week_operator.py
[2023-12-20T22:57:36.171+0000] {processor.py:840} INFO - DAG(s) 'example_weekday_branch_operator' retrieved from /home/airflow/.local/lib/python3.8/site-packages/airflow/example_dags/example_branch_day_of_week_operator.py
[2023-12-20T22:57:36.293+0000] {logging_mixin.py:188} INFO - [2023-12-20T22:57:36.292+0000] {dag.py:3033} INFO - Sync 1 DAGs
[2023-12-20T22:57:42.198+0000] {logging_mixin.py:188} INFO - [2023-12-20T22:57:42.197+0000] {dag.py:3820} INFO - Setting next_dagrun for example_weekday_branch_operator to 2023-12-19T00:00:00+00:00, run_after=2023-12-20T00:00:00+00:00
[2023-12-20T22:57:42.361+0000] {processor.py:183} INFO - Processing /home/airflow/.local/lib/python3.8/site-packages/airflow/example_dags/example_branch_day_of_week_operator.py took 6.414 seconds
[2023-12-20T22:59:54.320+0000] {processor.py:161} INFO - Started process (PID=2061) to work on /home/airflow/.local/lib/python3.8/site-packages/airflow/example_dags/example_branch_day_of_week_operator.py
[2023-12-20T22:59:54.350+0000] {processor.py:830} INFO - Processing file /home/airflow/.local/lib/python3.8/site-packages/airflow/example_dags/example_branch_day_of_week_operator.py for tasks to queue
[2023-12-20T22:59:54.433+0000] {logging_mixin.py:188} INFO - [2023-12-20T22:59:54.432+0000] {dagbag.py:538} INFO - Filling up the DagBag from /home/airflow/.local/lib/python3.8/site-packages/airflow/example_dags/example_branch_day_of_week_operator.py
[2023-12-20T22:59:54.528+0000] {processor.py:840} INFO - DAG(s) 'example_weekday_branch_operator' retrieved from /home/airflow/.local/lib/python3.8/site-packages/airflow/example_dags/example_branch_day_of_week_operator.py
[2023-12-20T22:59:54.941+0000] {logging_mixin.py:188} INFO - [2023-12-20T22:59:54.940+0000] {dag.py:3033} INFO - Sync 1 DAGs
[2023-12-20T22:59:55.142+0000] {logging_mixin.py:188} INFO - [2023-12-20T22:59:55.137+0000] {dag.py:3820} INFO - Setting next_dagrun for example_weekday_branch_operator to 2023-12-19T00:00:00+00:00, run_after=2023-12-20T00:00:00+00:00
[2023-12-20T22:59:55.277+0000] {processor.py:183} INFO - Processing /home/airflow/.local/lib/python3.8/site-packages/airflow/example_dags/example_branch_day_of_week_operator.py took 1.009 seconds
[2023-12-20T23:01:01.628+0000] {processor.py:161} INFO - Started process (PID=2113) to work on /home/airflow/.local/lib/python3.8/site-packages/airflow/example_dags/example_branch_day_of_week_operator.py
[2023-12-20T23:01:01.648+0000] {processor.py:830} INFO - Processing file /home/airflow/.local/lib/python3.8/site-packages/airflow/example_dags/example_branch_day_of_week_operator.py for tasks to queue
[2023-12-20T23:01:01.690+0000] {logging_mixin.py:188} INFO - [2023-12-20T23:01:01.689+0000] {dagbag.py:538} INFO - Filling up the DagBag from /home/airflow/.local/lib/python3.8/site-packages/airflow/example_dags/example_branch_day_of_week_operator.py
[2023-12-20T23:01:01.854+0000] {processor.py:840} INFO - DAG(s) 'example_weekday_branch_operator' retrieved from /home/airflow/.local/lib/python3.8/site-packages/airflow/example_dags/example_branch_day_of_week_operator.py
[2023-12-20T23:01:02.260+0000] {logging_mixin.py:188} INFO - [2023-12-20T23:01:02.256+0000] {dag.py:3033} INFO - Sync 1 DAGs
[2023-12-20T23:01:08.797+0000] {logging_mixin.py:188} INFO - [2023-12-20T23:01:08.787+0000] {dag.py:3820} INFO - Setting next_dagrun for example_weekday_branch_operator to 2023-12-19T00:00:00+00:00, run_after=2023-12-20T00:00:00+00:00
[2023-12-20T23:01:08.946+0000] {processor.py:183} INFO - Processing /home/airflow/.local/lib/python3.8/site-packages/airflow/example_dags/example_branch_day_of_week_operator.py took 7.399 seconds
[2023-12-20T23:02:23.930+0000] {processor.py:161} INFO - Started process (PID=2197) to work on /home/airflow/.local/lib/python3.8/site-packages/airflow/example_dags/example_branch_day_of_week_operator.py
[2023-12-20T23:02:23.939+0000] {processor.py:830} INFO - Processing file /home/airflow/.local/lib/python3.8/site-packages/airflow/example_dags/example_branch_day_of_week_operator.py for tasks to queue
[2023-12-20T23:02:23.957+0000] {logging_mixin.py:188} INFO - [2023-12-20T23:02:23.955+0000] {dagbag.py:538} INFO - Filling up the DagBag from /home/airflow/.local/lib/python3.8/site-packages/airflow/example_dags/example_branch_day_of_week_operator.py
[2023-12-20T23:02:24.023+0000] {processor.py:840} INFO - DAG(s) 'example_weekday_branch_operator' retrieved from /home/airflow/.local/lib/python3.8/site-packages/airflow/example_dags/example_branch_day_of_week_operator.py
[2023-12-20T23:02:24.259+0000] {logging_mixin.py:188} INFO - [2023-12-20T23:02:24.259+0000] {dag.py:3033} INFO - Sync 1 DAGs
[2023-12-20T23:02:25.990+0000] {logging_mixin.py:188} INFO - [2023-12-20T23:02:25.990+0000] {dag.py:3820} INFO - Setting next_dagrun for example_weekday_branch_operator to 2023-12-19T00:00:00+00:00, run_after=2023-12-20T00:00:00+00:00
[2023-12-20T23:02:26.076+0000] {processor.py:183} INFO - Processing /home/airflow/.local/lib/python3.8/site-packages/airflow/example_dags/example_branch_day_of_week_operator.py took 2.253 seconds
[2023-12-20T23:03:12.707+0000] {processor.py:161} INFO - Started process (PID=2253) to work on /home/airflow/.local/lib/python3.8/site-packages/airflow/example_dags/example_branch_day_of_week_operator.py
[2023-12-20T23:03:12.720+0000] {processor.py:830} INFO - Processing file /home/airflow/.local/lib/python3.8/site-packages/airflow/example_dags/example_branch_day_of_week_operator.py for tasks to queue
[2023-12-20T23:03:12.753+0000] {logging_mixin.py:188} INFO - [2023-12-20T23:03:12.749+0000] {dagbag.py:538} INFO - Filling up the DagBag from /home/airflow/.local/lib/python3.8/site-packages/airflow/example_dags/example_branch_day_of_week_operator.py
[2023-12-20T23:03:12.811+0000] {processor.py:840} INFO - DAG(s) 'example_weekday_branch_operator' retrieved from /home/airflow/.local/lib/python3.8/site-packages/airflow/example_dags/example_branch_day_of_week_operator.py
[2023-12-20T23:03:13.298+0000] {logging_mixin.py:188} INFO - [2023-12-20T23:03:13.293+0000] {dag.py:3033} INFO - Sync 1 DAGs
[2023-12-20T23:03:13.528+0000] {logging_mixin.py:188} INFO - [2023-12-20T23:03:13.527+0000] {dag.py:3820} INFO - Setting next_dagrun for example_weekday_branch_operator to 2023-12-19T00:00:00+00:00, run_after=2023-12-20T00:00:00+00:00
[2023-12-20T23:03:13.688+0000] {processor.py:183} INFO - Processing /home/airflow/.local/lib/python3.8/site-packages/airflow/example_dags/example_branch_day_of_week_operator.py took 1.002 seconds
[2023-12-20T23:05:23.508+0000] {processor.py:161} INFO - Started process (PID=2312) to work on /home/airflow/.local/lib/python3.8/site-packages/airflow/example_dags/example_branch_day_of_week_operator.py
[2023-12-20T23:05:23.551+0000] {processor.py:830} INFO - Processing file /home/airflow/.local/lib/python3.8/site-packages/airflow/example_dags/example_branch_day_of_week_operator.py for tasks to queue
[2023-12-20T23:05:23.579+0000] {logging_mixin.py:188} INFO - [2023-12-20T23:05:23.577+0000] {dagbag.py:538} INFO - Filling up the DagBag from /home/airflow/.local/lib/python3.8/site-packages/airflow/example_dags/example_branch_day_of_week_operator.py
[2023-12-20T23:05:23.835+0000] {processor.py:840} INFO - DAG(s) 'example_weekday_branch_operator' retrieved from /home/airflow/.local/lib/python3.8/site-packages/airflow/example_dags/example_branch_day_of_week_operator.py
[2023-12-20T23:05:24.930+0000] {logging_mixin.py:188} INFO - [2023-12-20T23:05:24.897+0000] {dag.py:3033} INFO - Sync 1 DAGs
[2023-12-20T23:05:28.247+0000] {logging_mixin.py:188} INFO - [2023-12-20T23:05:28.105+0000] {dag.py:3820} INFO - Setting next_dagrun for example_weekday_branch_operator to 2023-12-19T00:00:00+00:00, run_after=2023-12-20T00:00:00+00:00
[2023-12-20T23:05:29.464+0000] {processor.py:183} INFO - Processing /home/airflow/.local/lib/python3.8/site-packages/airflow/example_dags/example_branch_day_of_week_operator.py took 6.035 seconds
[2023-12-20T23:06:53.581+0000] {processor.py:161} INFO - Started process (PID=2363) to work on /home/airflow/.local/lib/python3.8/site-packages/airflow/example_dags/example_branch_day_of_week_operator.py
[2023-12-20T23:06:53.668+0000] {processor.py:830} INFO - Processing file /home/airflow/.local/lib/python3.8/site-packages/airflow/example_dags/example_branch_day_of_week_operator.py for tasks to queue
[2023-12-20T23:06:54.145+0000] {logging_mixin.py:188} INFO - [2023-12-20T23:06:54.050+0000] {dagbag.py:538} INFO - Filling up the DagBag from /home/airflow/.local/lib/python3.8/site-packages/airflow/example_dags/example_branch_day_of_week_operator.py
[2023-12-20T23:06:55.068+0000] {processor.py:840} INFO - DAG(s) 'example_weekday_branch_operator' retrieved from /home/airflow/.local/lib/python3.8/site-packages/airflow/example_dags/example_branch_day_of_week_operator.py
[2023-12-20T23:06:55.648+0000] {logging_mixin.py:188} INFO - [2023-12-20T23:06:55.622+0000] {dag.py:3033} INFO - Sync 1 DAGs
[2023-12-20T23:06:56.080+0000] {logging_mixin.py:188} INFO - [2023-12-20T23:06:56.013+0000] {dag.py:3820} INFO - Setting next_dagrun for example_weekday_branch_operator to 2023-12-19T00:00:00+00:00, run_after=2023-12-20T00:00:00+00:00
[2023-12-20T23:06:56.781+0000] {processor.py:183} INFO - Processing /home/airflow/.local/lib/python3.8/site-packages/airflow/example_dags/example_branch_day_of_week_operator.py took 3.801 seconds
[2023-12-20T23:08:26.820+0000] {processor.py:161} INFO - Started process (PID=2425) to work on /home/airflow/.local/lib/python3.8/site-packages/airflow/example_dags/example_branch_day_of_week_operator.py
[2023-12-20T23:08:26.834+0000] {processor.py:830} INFO - Processing file /home/airflow/.local/lib/python3.8/site-packages/airflow/example_dags/example_branch_day_of_week_operator.py for tasks to queue
[2023-12-20T23:08:26.878+0000] {logging_mixin.py:188} INFO - [2023-12-20T23:08:26.877+0000] {dagbag.py:538} INFO - Filling up the DagBag from /home/airflow/.local/lib/python3.8/site-packages/airflow/example_dags/example_branch_day_of_week_operator.py
[2023-12-20T23:08:27.028+0000] {processor.py:840} INFO - DAG(s) 'example_weekday_branch_operator' retrieved from /home/airflow/.local/lib/python3.8/site-packages/airflow/example_dags/example_branch_day_of_week_operator.py
[2023-12-20T23:08:27.567+0000] {logging_mixin.py:188} INFO - [2023-12-20T23:08:27.543+0000] {dag.py:3033} INFO - Sync 1 DAGs
[2023-12-20T23:08:27.879+0000] {logging_mixin.py:188} INFO - [2023-12-20T23:08:27.878+0000] {dag.py:3820} INFO - Setting next_dagrun for example_weekday_branch_operator to 2023-12-19T00:00:00+00:00, run_after=2023-12-20T00:00:00+00:00
[2023-12-20T23:08:28.141+0000] {processor.py:183} INFO - Processing /home/airflow/.local/lib/python3.8/site-packages/airflow/example_dags/example_branch_day_of_week_operator.py took 1.350 seconds
[2023-12-20T23:09:19.131+0000] {processor.py:161} INFO - Started process (PID=2488) to work on /home/airflow/.local/lib/python3.8/site-packages/airflow/example_dags/example_branch_day_of_week_operator.py
[2023-12-20T23:09:19.145+0000] {processor.py:830} INFO - Processing file /home/airflow/.local/lib/python3.8/site-packages/airflow/example_dags/example_branch_day_of_week_operator.py for tasks to queue
[2023-12-20T23:09:19.175+0000] {logging_mixin.py:188} INFO - [2023-12-20T23:09:19.173+0000] {dagbag.py:538} INFO - Filling up the DagBag from /home/airflow/.local/lib/python3.8/site-packages/airflow/example_dags/example_branch_day_of_week_operator.py
[2023-12-20T23:09:19.204+0000] {processor.py:840} INFO - DAG(s) 'example_weekday_branch_operator' retrieved from /home/airflow/.local/lib/python3.8/site-packages/airflow/example_dags/example_branch_day_of_week_operator.py
[2023-12-20T23:09:19.772+0000] {logging_mixin.py:188} INFO - [2023-12-20T23:09:19.768+0000] {dag.py:3033} INFO - Sync 1 DAGs
[2023-12-20T23:09:19.941+0000] {logging_mixin.py:188} INFO - [2023-12-20T23:09:19.925+0000] {dag.py:3820} INFO - Setting next_dagrun for example_weekday_branch_operator to 2023-12-19T00:00:00+00:00, run_after=2023-12-20T00:00:00+00:00
[2023-12-20T23:09:20.187+0000] {processor.py:183} INFO - Processing /home/airflow/.local/lib/python3.8/site-packages/airflow/example_dags/example_branch_day_of_week_operator.py took 1.098 seconds
[2023-12-20T23:10:16.236+0000] {processor.py:161} INFO - Started process (PID=2537) to work on /home/airflow/.local/lib/python3.8/site-packages/airflow/example_dags/example_branch_day_of_week_operator.py
[2023-12-20T23:10:16.336+0000] {processor.py:830} INFO - Processing file /home/airflow/.local/lib/python3.8/site-packages/airflow/example_dags/example_branch_day_of_week_operator.py for tasks to queue
[2023-12-20T23:10:16.606+0000] {logging_mixin.py:188} INFO - [2023-12-20T23:10:16.565+0000] {dagbag.py:538} INFO - Filling up the DagBag from /home/airflow/.local/lib/python3.8/site-packages/airflow/example_dags/example_branch_day_of_week_operator.py
[2023-12-20T23:10:16.810+0000] {processor.py:840} INFO - DAG(s) 'example_weekday_branch_operator' retrieved from /home/airflow/.local/lib/python3.8/site-packages/airflow/example_dags/example_branch_day_of_week_operator.py
[2023-12-20T23:10:17.116+0000] {logging_mixin.py:188} INFO - [2023-12-20T23:10:17.114+0000] {dag.py:3033} INFO - Sync 1 DAGs
[2023-12-20T23:10:17.422+0000] {logging_mixin.py:188} INFO - [2023-12-20T23:10:17.420+0000] {dag.py:3820} INFO - Setting next_dagrun for example_weekday_branch_operator to 2023-12-19T00:00:00+00:00, run_after=2023-12-20T00:00:00+00:00
[2023-12-20T23:10:17.710+0000] {processor.py:183} INFO - Processing /home/airflow/.local/lib/python3.8/site-packages/airflow/example_dags/example_branch_day_of_week_operator.py took 1.661 seconds
[2023-12-20T23:11:34.142+0000] {processor.py:161} INFO - Started process (PID=2582) to work on /home/airflow/.local/lib/python3.8/site-packages/airflow/example_dags/example_branch_day_of_week_operator.py
[2023-12-20T23:11:34.168+0000] {processor.py:830} INFO - Processing file /home/airflow/.local/lib/python3.8/site-packages/airflow/example_dags/example_branch_day_of_week_operator.py for tasks to queue
[2023-12-20T23:11:34.221+0000] {logging_mixin.py:188} INFO - [2023-12-20T23:11:34.219+0000] {dagbag.py:538} INFO - Filling up the DagBag from /home/airflow/.local/lib/python3.8/site-packages/airflow/example_dags/example_branch_day_of_week_operator.py
[2023-12-20T23:11:34.484+0000] {processor.py:840} INFO - DAG(s) 'example_weekday_branch_operator' retrieved from /home/airflow/.local/lib/python3.8/site-packages/airflow/example_dags/example_branch_day_of_week_operator.py
[2023-12-20T23:11:34.647+0000] {logging_mixin.py:188} INFO - [2023-12-20T23:11:34.647+0000] {dag.py:3033} INFO - Sync 1 DAGs
[2023-12-20T23:11:34.886+0000] {logging_mixin.py:188} INFO - [2023-12-20T23:11:34.886+0000] {dag.py:3820} INFO - Setting next_dagrun for example_weekday_branch_operator to 2023-12-19T00:00:00+00:00, run_after=2023-12-20T00:00:00+00:00
[2023-12-20T23:11:35.103+0000] {processor.py:183} INFO - Processing /home/airflow/.local/lib/python3.8/site-packages/airflow/example_dags/example_branch_day_of_week_operator.py took 1.143 seconds
[2023-12-20T23:12:28.471+0000] {processor.py:161} INFO - Started process (PID=2644) to work on /home/airflow/.local/lib/python3.8/site-packages/airflow/example_dags/example_branch_day_of_week_operator.py
[2023-12-20T23:12:28.508+0000] {processor.py:830} INFO - Processing file /home/airflow/.local/lib/python3.8/site-packages/airflow/example_dags/example_branch_day_of_week_operator.py for tasks to queue
[2023-12-20T23:12:28.550+0000] {logging_mixin.py:188} INFO - [2023-12-20T23:12:28.544+0000] {dagbag.py:538} INFO - Filling up the DagBag from /home/airflow/.local/lib/python3.8/site-packages/airflow/example_dags/example_branch_day_of_week_operator.py
[2023-12-20T23:12:28.857+0000] {processor.py:840} INFO - DAG(s) 'example_weekday_branch_operator' retrieved from /home/airflow/.local/lib/python3.8/site-packages/airflow/example_dags/example_branch_day_of_week_operator.py
[2023-12-20T23:12:29.271+0000] {logging_mixin.py:188} INFO - [2023-12-20T23:12:29.271+0000] {dag.py:3033} INFO - Sync 1 DAGs
[2023-12-20T23:12:29.570+0000] {logging_mixin.py:188} INFO - [2023-12-20T23:12:29.569+0000] {dag.py:3820} INFO - Setting next_dagrun for example_weekday_branch_operator to 2023-12-19T00:00:00+00:00, run_after=2023-12-20T00:00:00+00:00
[2023-12-20T23:12:29.751+0000] {processor.py:183} INFO - Processing /home/airflow/.local/lib/python3.8/site-packages/airflow/example_dags/example_branch_day_of_week_operator.py took 1.391 seconds
[2023-12-20T23:13:24.858+0000] {processor.py:161} INFO - Started process (PID=2710) to work on /home/airflow/.local/lib/python3.8/site-packages/airflow/example_dags/example_branch_day_of_week_operator.py
[2023-12-20T23:13:24.880+0000] {processor.py:830} INFO - Processing file /home/airflow/.local/lib/python3.8/site-packages/airflow/example_dags/example_branch_day_of_week_operator.py for tasks to queue
[2023-12-20T23:13:24.914+0000] {logging_mixin.py:188} INFO - [2023-12-20T23:13:24.910+0000] {dagbag.py:538} INFO - Filling up the DagBag from /home/airflow/.local/lib/python3.8/site-packages/airflow/example_dags/example_branch_day_of_week_operator.py
[2023-12-20T23:13:25.037+0000] {processor.py:840} INFO - DAG(s) 'example_weekday_branch_operator' retrieved from /home/airflow/.local/lib/python3.8/site-packages/airflow/example_dags/example_branch_day_of_week_operator.py
[2023-12-20T23:13:25.427+0000] {logging_mixin.py:188} INFO - [2023-12-20T23:13:25.426+0000] {dag.py:3033} INFO - Sync 1 DAGs
[2023-12-20T23:13:25.813+0000] {logging_mixin.py:188} INFO - [2023-12-20T23:13:25.807+0000] {dag.py:3820} INFO - Setting next_dagrun for example_weekday_branch_operator to 2023-12-19T00:00:00+00:00, run_after=2023-12-20T00:00:00+00:00
[2023-12-20T23:13:26.015+0000] {processor.py:183} INFO - Processing /home/airflow/.local/lib/python3.8/site-packages/airflow/example_dags/example_branch_day_of_week_operator.py took 1.218 seconds
[2023-12-20T23:14:30.786+0000] {processor.py:161} INFO - Started process (PID=2763) to work on /home/airflow/.local/lib/python3.8/site-packages/airflow/example_dags/example_branch_day_of_week_operator.py
[2023-12-20T23:14:30.811+0000] {processor.py:830} INFO - Processing file /home/airflow/.local/lib/python3.8/site-packages/airflow/example_dags/example_branch_day_of_week_operator.py for tasks to queue
[2023-12-20T23:14:30.872+0000] {logging_mixin.py:188} INFO - [2023-12-20T23:14:30.866+0000] {dagbag.py:538} INFO - Filling up the DagBag from /home/airflow/.local/lib/python3.8/site-packages/airflow/example_dags/example_branch_day_of_week_operator.py
[2023-12-20T23:14:31.197+0000] {processor.py:840} INFO - DAG(s) 'example_weekday_branch_operator' retrieved from /home/airflow/.local/lib/python3.8/site-packages/airflow/example_dags/example_branch_day_of_week_operator.py
[2023-12-20T23:14:38.885+0000] {logging_mixin.py:188} INFO - [2023-12-20T23:14:38.328+0000] {dag.py:3033} INFO - Sync 1 DAGs
