[2023-12-20T22:38:27.565+0000] {processor.py:161} INFO - Started process (PID=61) to work on /home/airflow/.local/lib/python3.8/site-packages/airflow/example_dags/example_task_group_decorator.py
[2023-12-20T22:38:27.579+0000] {processor.py:830} INFO - Processing file /home/airflow/.local/lib/python3.8/site-packages/airflow/example_dags/example_task_group_decorator.py for tasks to queue
[2023-12-20T22:38:27.597+0000] {logging_mixin.py:188} INFO - [2023-12-20T22:38:27.596+0000] {dagbag.py:538} INFO - Filling up the DagBag from /home/airflow/.local/lib/python3.8/site-packages/airflow/example_dags/example_task_group_decorator.py
[2023-12-20T22:38:27.703+0000] {processor.py:840} INFO - DAG(s) 'example_task_group_decorator' retrieved from /home/airflow/.local/lib/python3.8/site-packages/airflow/example_dags/example_task_group_decorator.py
[2023-12-20T22:38:28.002+0000] {logging_mixin.py:188} INFO - [2023-12-20T22:38:28.000+0000] {dag.py:3033} INFO - Sync 1 DAGs
[2023-12-20T22:38:28.059+0000] {logging_mixin.py:188} INFO - [2023-12-20T22:38:28.059+0000] {dag.py:3820} INFO - Setting next_dagrun for example_task_group_decorator to 2023-12-19T00:00:00+00:00, run_after=2023-12-20T00:00:00+00:00
[2023-12-20T22:38:28.137+0000] {processor.py:183} INFO - Processing /home/airflow/.local/lib/python3.8/site-packages/airflow/example_dags/example_task_group_decorator.py took 0.613 seconds
[2023-12-20T22:38:58.682+0000] {processor.py:161} INFO - Started process (PID=116) to work on /home/airflow/.local/lib/python3.8/site-packages/airflow/example_dags/example_task_group_decorator.py
[2023-12-20T22:38:58.683+0000] {processor.py:830} INFO - Processing file /home/airflow/.local/lib/python3.8/site-packages/airflow/example_dags/example_task_group_decorator.py for tasks to queue
[2023-12-20T22:38:58.686+0000] {logging_mixin.py:188} INFO - [2023-12-20T22:38:58.686+0000] {dagbag.py:538} INFO - Filling up the DagBag from /home/airflow/.local/lib/python3.8/site-packages/airflow/example_dags/example_task_group_decorator.py
[2023-12-20T22:38:58.700+0000] {processor.py:840} INFO - DAG(s) 'example_task_group_decorator' retrieved from /home/airflow/.local/lib/python3.8/site-packages/airflow/example_dags/example_task_group_decorator.py
[2023-12-20T22:38:58.725+0000] {logging_mixin.py:188} INFO - [2023-12-20T22:38:58.725+0000] {dag.py:3033} INFO - Sync 1 DAGs
[2023-12-20T22:38:58.743+0000] {logging_mixin.py:188} INFO - [2023-12-20T22:38:58.743+0000] {dag.py:3820} INFO - Setting next_dagrun for example_task_group_decorator to 2023-12-19T00:00:00+00:00, run_after=2023-12-20T00:00:00+00:00
[2023-12-20T22:38:58.756+0000] {processor.py:183} INFO - Processing /home/airflow/.local/lib/python3.8/site-packages/airflow/example_dags/example_task_group_decorator.py took 0.078 seconds
[2023-12-20T22:39:29.165+0000] {processor.py:161} INFO - Started process (PID=171) to work on /home/airflow/.local/lib/python3.8/site-packages/airflow/example_dags/example_task_group_decorator.py
[2023-12-20T22:39:29.167+0000] {processor.py:830} INFO - Processing file /home/airflow/.local/lib/python3.8/site-packages/airflow/example_dags/example_task_group_decorator.py for tasks to queue
[2023-12-20T22:39:29.170+0000] {logging_mixin.py:188} INFO - [2023-12-20T22:39:29.169+0000] {dagbag.py:538} INFO - Filling up the DagBag from /home/airflow/.local/lib/python3.8/site-packages/airflow/example_dags/example_task_group_decorator.py
[2023-12-20T22:39:29.184+0000] {processor.py:840} INFO - DAG(s) 'example_task_group_decorator' retrieved from /home/airflow/.local/lib/python3.8/site-packages/airflow/example_dags/example_task_group_decorator.py
[2023-12-20T22:39:29.212+0000] {logging_mixin.py:188} INFO - [2023-12-20T22:39:29.211+0000] {dag.py:3033} INFO - Sync 1 DAGs
[2023-12-20T22:39:29.235+0000] {logging_mixin.py:188} INFO - [2023-12-20T22:39:29.234+0000] {dag.py:3820} INFO - Setting next_dagrun for example_task_group_decorator to 2023-12-19T00:00:00+00:00, run_after=2023-12-20T00:00:00+00:00
[2023-12-20T22:39:29.248+0000] {processor.py:183} INFO - Processing /home/airflow/.local/lib/python3.8/site-packages/airflow/example_dags/example_task_group_decorator.py took 0.086 seconds
[2023-12-20T22:39:59.530+0000] {processor.py:161} INFO - Started process (PID=227) to work on /home/airflow/.local/lib/python3.8/site-packages/airflow/example_dags/example_task_group_decorator.py
[2023-12-20T22:39:59.531+0000] {processor.py:830} INFO - Processing file /home/airflow/.local/lib/python3.8/site-packages/airflow/example_dags/example_task_group_decorator.py for tasks to queue
[2023-12-20T22:39:59.534+0000] {logging_mixin.py:188} INFO - [2023-12-20T22:39:59.534+0000] {dagbag.py:538} INFO - Filling up the DagBag from /home/airflow/.local/lib/python3.8/site-packages/airflow/example_dags/example_task_group_decorator.py
[2023-12-20T22:39:59.550+0000] {processor.py:840} INFO - DAG(s) 'example_task_group_decorator' retrieved from /home/airflow/.local/lib/python3.8/site-packages/airflow/example_dags/example_task_group_decorator.py
[2023-12-20T22:39:59.576+0000] {logging_mixin.py:188} INFO - [2023-12-20T22:39:59.576+0000] {dag.py:3033} INFO - Sync 1 DAGs
[2023-12-20T22:39:59.598+0000] {logging_mixin.py:188} INFO - [2023-12-20T22:39:59.598+0000] {dag.py:3820} INFO - Setting next_dagrun for example_task_group_decorator to 2023-12-19T00:00:00+00:00, run_after=2023-12-20T00:00:00+00:00
[2023-12-20T22:39:59.611+0000] {processor.py:183} INFO - Processing /home/airflow/.local/lib/python3.8/site-packages/airflow/example_dags/example_task_group_decorator.py took 0.085 seconds
[2023-12-20T22:40:29.751+0000] {processor.py:161} INFO - Started process (PID=282) to work on /home/airflow/.local/lib/python3.8/site-packages/airflow/example_dags/example_task_group_decorator.py
[2023-12-20T22:40:29.755+0000] {processor.py:830} INFO - Processing file /home/airflow/.local/lib/python3.8/site-packages/airflow/example_dags/example_task_group_decorator.py for tasks to queue
[2023-12-20T22:40:29.766+0000] {logging_mixin.py:188} INFO - [2023-12-20T22:40:29.765+0000] {dagbag.py:538} INFO - Filling up the DagBag from /home/airflow/.local/lib/python3.8/site-packages/airflow/example_dags/example_task_group_decorator.py
[2023-12-20T22:40:29.815+0000] {processor.py:840} INFO - DAG(s) 'example_task_group_decorator' retrieved from /home/airflow/.local/lib/python3.8/site-packages/airflow/example_dags/example_task_group_decorator.py
[2023-12-20T22:40:29.863+0000] {logging_mixin.py:188} INFO - [2023-12-20T22:40:29.863+0000] {dag.py:3033} INFO - Sync 1 DAGs
[2023-12-20T22:40:29.898+0000] {logging_mixin.py:188} INFO - [2023-12-20T22:40:29.898+0000] {dag.py:3820} INFO - Setting next_dagrun for example_task_group_decorator to 2023-12-19T00:00:00+00:00, run_after=2023-12-20T00:00:00+00:00
[2023-12-20T22:40:29.917+0000] {processor.py:183} INFO - Processing /home/airflow/.local/lib/python3.8/site-packages/airflow/example_dags/example_task_group_decorator.py took 0.174 seconds
[2023-12-20T22:41:00.002+0000] {processor.py:161} INFO - Started process (PID=337) to work on /home/airflow/.local/lib/python3.8/site-packages/airflow/example_dags/example_task_group_decorator.py
[2023-12-20T22:41:00.003+0000] {processor.py:830} INFO - Processing file /home/airflow/.local/lib/python3.8/site-packages/airflow/example_dags/example_task_group_decorator.py for tasks to queue
[2023-12-20T22:41:00.008+0000] {logging_mixin.py:188} INFO - [2023-12-20T22:41:00.007+0000] {dagbag.py:538} INFO - Filling up the DagBag from /home/airflow/.local/lib/python3.8/site-packages/airflow/example_dags/example_task_group_decorator.py
[2023-12-20T22:41:00.030+0000] {processor.py:840} INFO - DAG(s) 'example_task_group_decorator' retrieved from /home/airflow/.local/lib/python3.8/site-packages/airflow/example_dags/example_task_group_decorator.py
[2023-12-20T22:41:00.062+0000] {logging_mixin.py:188} INFO - [2023-12-20T22:41:00.062+0000] {dag.py:3033} INFO - Sync 1 DAGs
[2023-12-20T22:41:00.085+0000] {logging_mixin.py:188} INFO - [2023-12-20T22:41:00.085+0000] {dag.py:3820} INFO - Setting next_dagrun for example_task_group_decorator to 2023-12-19T00:00:00+00:00, run_after=2023-12-20T00:00:00+00:00
[2023-12-20T22:41:00.109+0000] {processor.py:183} INFO - Processing /home/airflow/.local/lib/python3.8/site-packages/airflow/example_dags/example_task_group_decorator.py took 0.113 seconds
[2023-12-20T22:41:30.535+0000] {processor.py:161} INFO - Started process (PID=391) to work on /home/airflow/.local/lib/python3.8/site-packages/airflow/example_dags/example_task_group_decorator.py
[2023-12-20T22:41:30.540+0000] {processor.py:830} INFO - Processing file /home/airflow/.local/lib/python3.8/site-packages/airflow/example_dags/example_task_group_decorator.py for tasks to queue
[2023-12-20T22:41:30.551+0000] {logging_mixin.py:188} INFO - [2023-12-20T22:41:30.550+0000] {dagbag.py:538} INFO - Filling up the DagBag from /home/airflow/.local/lib/python3.8/site-packages/airflow/example_dags/example_task_group_decorator.py
[2023-12-20T22:41:30.582+0000] {processor.py:840} INFO - DAG(s) 'example_task_group_decorator' retrieved from /home/airflow/.local/lib/python3.8/site-packages/airflow/example_dags/example_task_group_decorator.py
[2023-12-20T22:41:30.619+0000] {logging_mixin.py:188} INFO - [2023-12-20T22:41:30.618+0000] {dag.py:3033} INFO - Sync 1 DAGs
[2023-12-20T22:41:30.643+0000] {logging_mixin.py:188} INFO - [2023-12-20T22:41:30.643+0000] {dag.py:3820} INFO - Setting next_dagrun for example_task_group_decorator to 2023-12-19T00:00:00+00:00, run_after=2023-12-20T00:00:00+00:00
[2023-12-20T22:41:30.659+0000] {processor.py:183} INFO - Processing /home/airflow/.local/lib/python3.8/site-packages/airflow/example_dags/example_task_group_decorator.py took 0.134 seconds
[2023-12-20T22:42:01.487+0000] {processor.py:161} INFO - Started process (PID=446) to work on /home/airflow/.local/lib/python3.8/site-packages/airflow/example_dags/example_task_group_decorator.py
[2023-12-20T22:42:01.488+0000] {processor.py:830} INFO - Processing file /home/airflow/.local/lib/python3.8/site-packages/airflow/example_dags/example_task_group_decorator.py for tasks to queue
[2023-12-20T22:42:01.491+0000] {logging_mixin.py:188} INFO - [2023-12-20T22:42:01.491+0000] {dagbag.py:538} INFO - Filling up the DagBag from /home/airflow/.local/lib/python3.8/site-packages/airflow/example_dags/example_task_group_decorator.py
[2023-12-20T22:42:01.504+0000] {processor.py:840} INFO - DAG(s) 'example_task_group_decorator' retrieved from /home/airflow/.local/lib/python3.8/site-packages/airflow/example_dags/example_task_group_decorator.py
[2023-12-20T22:42:01.530+0000] {logging_mixin.py:188} INFO - [2023-12-20T22:42:01.530+0000] {dag.py:3033} INFO - Sync 1 DAGs
[2023-12-20T22:42:01.548+0000] {logging_mixin.py:188} INFO - [2023-12-20T22:42:01.548+0000] {dag.py:3820} INFO - Setting next_dagrun for example_task_group_decorator to 2023-12-19T00:00:00+00:00, run_after=2023-12-20T00:00:00+00:00
[2023-12-20T22:42:01.564+0000] {processor.py:183} INFO - Processing /home/airflow/.local/lib/python3.8/site-packages/airflow/example_dags/example_task_group_decorator.py took 0.082 seconds
[2023-12-20T22:42:31.657+0000] {processor.py:161} INFO - Started process (PID=500) to work on /home/airflow/.local/lib/python3.8/site-packages/airflow/example_dags/example_task_group_decorator.py
[2023-12-20T22:42:31.659+0000] {processor.py:830} INFO - Processing file /home/airflow/.local/lib/python3.8/site-packages/airflow/example_dags/example_task_group_decorator.py for tasks to queue
[2023-12-20T22:42:31.661+0000] {logging_mixin.py:188} INFO - [2023-12-20T22:42:31.661+0000] {dagbag.py:538} INFO - Filling up the DagBag from /home/airflow/.local/lib/python3.8/site-packages/airflow/example_dags/example_task_group_decorator.py
[2023-12-20T22:42:31.674+0000] {processor.py:840} INFO - DAG(s) 'example_task_group_decorator' retrieved from /home/airflow/.local/lib/python3.8/site-packages/airflow/example_dags/example_task_group_decorator.py
[2023-12-20T22:42:31.698+0000] {logging_mixin.py:188} INFO - [2023-12-20T22:42:31.698+0000] {dag.py:3033} INFO - Sync 1 DAGs
[2023-12-20T22:42:31.717+0000] {logging_mixin.py:188} INFO - [2023-12-20T22:42:31.717+0000] {dag.py:3820} INFO - Setting next_dagrun for example_task_group_decorator to 2023-12-19T00:00:00+00:00, run_after=2023-12-20T00:00:00+00:00
[2023-12-20T22:42:31.730+0000] {processor.py:183} INFO - Processing /home/airflow/.local/lib/python3.8/site-packages/airflow/example_dags/example_task_group_decorator.py took 0.077 seconds
[2023-12-20T22:43:01.817+0000] {processor.py:161} INFO - Started process (PID=554) to work on /home/airflow/.local/lib/python3.8/site-packages/airflow/example_dags/example_task_group_decorator.py
[2023-12-20T22:43:01.818+0000] {processor.py:830} INFO - Processing file /home/airflow/.local/lib/python3.8/site-packages/airflow/example_dags/example_task_group_decorator.py for tasks to queue
[2023-12-20T22:43:01.821+0000] {logging_mixin.py:188} INFO - [2023-12-20T22:43:01.821+0000] {dagbag.py:538} INFO - Filling up the DagBag from /home/airflow/.local/lib/python3.8/site-packages/airflow/example_dags/example_task_group_decorator.py
[2023-12-20T22:43:01.835+0000] {processor.py:840} INFO - DAG(s) 'example_task_group_decorator' retrieved from /home/airflow/.local/lib/python3.8/site-packages/airflow/example_dags/example_task_group_decorator.py
[2023-12-20T22:43:01.865+0000] {logging_mixin.py:188} INFO - [2023-12-20T22:43:01.865+0000] {dag.py:3033} INFO - Sync 1 DAGs
[2023-12-20T22:43:01.886+0000] {logging_mixin.py:188} INFO - [2023-12-20T22:43:01.886+0000] {dag.py:3820} INFO - Setting next_dagrun for example_task_group_decorator to 2023-12-19T00:00:00+00:00, run_after=2023-12-20T00:00:00+00:00
[2023-12-20T22:43:01.901+0000] {processor.py:183} INFO - Processing /home/airflow/.local/lib/python3.8/site-packages/airflow/example_dags/example_task_group_decorator.py took 0.087 seconds
[2023-12-20T22:43:32.356+0000] {processor.py:161} INFO - Started process (PID=609) to work on /home/airflow/.local/lib/python3.8/site-packages/airflow/example_dags/example_task_group_decorator.py
[2023-12-20T22:43:32.358+0000] {processor.py:830} INFO - Processing file /home/airflow/.local/lib/python3.8/site-packages/airflow/example_dags/example_task_group_decorator.py for tasks to queue
[2023-12-20T22:43:32.361+0000] {logging_mixin.py:188} INFO - [2023-12-20T22:43:32.360+0000] {dagbag.py:538} INFO - Filling up the DagBag from /home/airflow/.local/lib/python3.8/site-packages/airflow/example_dags/example_task_group_decorator.py
[2023-12-20T22:43:32.374+0000] {processor.py:840} INFO - DAG(s) 'example_task_group_decorator' retrieved from /home/airflow/.local/lib/python3.8/site-packages/airflow/example_dags/example_task_group_decorator.py
[2023-12-20T22:43:32.397+0000] {logging_mixin.py:188} INFO - [2023-12-20T22:43:32.397+0000] {dag.py:3033} INFO - Sync 1 DAGs
[2023-12-20T22:43:32.415+0000] {logging_mixin.py:188} INFO - [2023-12-20T22:43:32.415+0000] {dag.py:3820} INFO - Setting next_dagrun for example_task_group_decorator to 2023-12-19T00:00:00+00:00, run_after=2023-12-20T00:00:00+00:00
[2023-12-20T22:43:32.429+0000] {processor.py:183} INFO - Processing /home/airflow/.local/lib/python3.8/site-packages/airflow/example_dags/example_task_group_decorator.py took 0.076 seconds
[2023-12-20T22:44:02.697+0000] {processor.py:161} INFO - Started process (PID=664) to work on /home/airflow/.local/lib/python3.8/site-packages/airflow/example_dags/example_task_group_decorator.py
[2023-12-20T22:44:02.699+0000] {processor.py:830} INFO - Processing file /home/airflow/.local/lib/python3.8/site-packages/airflow/example_dags/example_task_group_decorator.py for tasks to queue
[2023-12-20T22:44:02.702+0000] {logging_mixin.py:188} INFO - [2023-12-20T22:44:02.702+0000] {dagbag.py:538} INFO - Filling up the DagBag from /home/airflow/.local/lib/python3.8/site-packages/airflow/example_dags/example_task_group_decorator.py
[2023-12-20T22:44:02.717+0000] {processor.py:840} INFO - DAG(s) 'example_task_group_decorator' retrieved from /home/airflow/.local/lib/python3.8/site-packages/airflow/example_dags/example_task_group_decorator.py
[2023-12-20T22:44:02.742+0000] {logging_mixin.py:188} INFO - [2023-12-20T22:44:02.742+0000] {dag.py:3033} INFO - Sync 1 DAGs
[2023-12-20T22:44:02.763+0000] {logging_mixin.py:188} INFO - [2023-12-20T22:44:02.763+0000] {dag.py:3820} INFO - Setting next_dagrun for example_task_group_decorator to 2023-12-19T00:00:00+00:00, run_after=2023-12-20T00:00:00+00:00
[2023-12-20T22:44:02.781+0000] {processor.py:183} INFO - Processing /home/airflow/.local/lib/python3.8/site-packages/airflow/example_dags/example_task_group_decorator.py took 0.088 seconds
[2023-12-20T22:44:33.134+0000] {processor.py:161} INFO - Started process (PID=719) to work on /home/airflow/.local/lib/python3.8/site-packages/airflow/example_dags/example_task_group_decorator.py
[2023-12-20T22:44:33.136+0000] {processor.py:830} INFO - Processing file /home/airflow/.local/lib/python3.8/site-packages/airflow/example_dags/example_task_group_decorator.py for tasks to queue
[2023-12-20T22:44:33.139+0000] {logging_mixin.py:188} INFO - [2023-12-20T22:44:33.139+0000] {dagbag.py:538} INFO - Filling up the DagBag from /home/airflow/.local/lib/python3.8/site-packages/airflow/example_dags/example_task_group_decorator.py
[2023-12-20T22:44:33.153+0000] {processor.py:840} INFO - DAG(s) 'example_task_group_decorator' retrieved from /home/airflow/.local/lib/python3.8/site-packages/airflow/example_dags/example_task_group_decorator.py
[2023-12-20T22:44:33.179+0000] {logging_mixin.py:188} INFO - [2023-12-20T22:44:33.179+0000] {dag.py:3033} INFO - Sync 1 DAGs
[2023-12-20T22:44:33.199+0000] {logging_mixin.py:188} INFO - [2023-12-20T22:44:33.198+0000] {dag.py:3820} INFO - Setting next_dagrun for example_task_group_decorator to 2023-12-19T00:00:00+00:00, run_after=2023-12-20T00:00:00+00:00
[2023-12-20T22:44:33.213+0000] {processor.py:183} INFO - Processing /home/airflow/.local/lib/python3.8/site-packages/airflow/example_dags/example_task_group_decorator.py took 0.083 seconds
[2023-12-20T22:45:03.887+0000] {processor.py:161} INFO - Started process (PID=774) to work on /home/airflow/.local/lib/python3.8/site-packages/airflow/example_dags/example_task_group_decorator.py
[2023-12-20T22:45:03.889+0000] {processor.py:830} INFO - Processing file /home/airflow/.local/lib/python3.8/site-packages/airflow/example_dags/example_task_group_decorator.py for tasks to queue
[2023-12-20T22:45:03.892+0000] {logging_mixin.py:188} INFO - [2023-12-20T22:45:03.891+0000] {dagbag.py:538} INFO - Filling up the DagBag from /home/airflow/.local/lib/python3.8/site-packages/airflow/example_dags/example_task_group_decorator.py
[2023-12-20T22:45:03.905+0000] {processor.py:840} INFO - DAG(s) 'example_task_group_decorator' retrieved from /home/airflow/.local/lib/python3.8/site-packages/airflow/example_dags/example_task_group_decorator.py
[2023-12-20T22:45:03.933+0000] {logging_mixin.py:188} INFO - [2023-12-20T22:45:03.933+0000] {dag.py:3033} INFO - Sync 1 DAGs
[2023-12-20T22:45:03.956+0000] {logging_mixin.py:188} INFO - [2023-12-20T22:45:03.955+0000] {dag.py:3820} INFO - Setting next_dagrun for example_task_group_decorator to 2023-12-19T00:00:00+00:00, run_after=2023-12-20T00:00:00+00:00
[2023-12-20T22:45:03.970+0000] {processor.py:183} INFO - Processing /home/airflow/.local/lib/python3.8/site-packages/airflow/example_dags/example_task_group_decorator.py took 0.086 seconds
[2023-12-20T22:45:34.220+0000] {processor.py:161} INFO - Started process (PID=830) to work on /home/airflow/.local/lib/python3.8/site-packages/airflow/example_dags/example_task_group_decorator.py
[2023-12-20T22:45:34.222+0000] {processor.py:830} INFO - Processing file /home/airflow/.local/lib/python3.8/site-packages/airflow/example_dags/example_task_group_decorator.py for tasks to queue
[2023-12-20T22:45:34.226+0000] {logging_mixin.py:188} INFO - [2023-12-20T22:45:34.225+0000] {dagbag.py:538} INFO - Filling up the DagBag from /home/airflow/.local/lib/python3.8/site-packages/airflow/example_dags/example_task_group_decorator.py
[2023-12-20T22:45:34.242+0000] {processor.py:840} INFO - DAG(s) 'example_task_group_decorator' retrieved from /home/airflow/.local/lib/python3.8/site-packages/airflow/example_dags/example_task_group_decorator.py
[2023-12-20T22:45:34.271+0000] {logging_mixin.py:188} INFO - [2023-12-20T22:45:34.271+0000] {dag.py:3033} INFO - Sync 1 DAGs
[2023-12-20T22:45:34.295+0000] {logging_mixin.py:188} INFO - [2023-12-20T22:45:34.295+0000] {dag.py:3820} INFO - Setting next_dagrun for example_task_group_decorator to 2023-12-19T00:00:00+00:00, run_after=2023-12-20T00:00:00+00:00
[2023-12-20T22:45:34.311+0000] {processor.py:183} INFO - Processing /home/airflow/.local/lib/python3.8/site-packages/airflow/example_dags/example_task_group_decorator.py took 0.097 seconds
[2023-12-20T22:46:04.874+0000] {processor.py:161} INFO - Started process (PID=885) to work on /home/airflow/.local/lib/python3.8/site-packages/airflow/example_dags/example_task_group_decorator.py
[2023-12-20T22:46:04.875+0000] {processor.py:830} INFO - Processing file /home/airflow/.local/lib/python3.8/site-packages/airflow/example_dags/example_task_group_decorator.py for tasks to queue
[2023-12-20T22:46:04.879+0000] {logging_mixin.py:188} INFO - [2023-12-20T22:46:04.878+0000] {dagbag.py:538} INFO - Filling up the DagBag from /home/airflow/.local/lib/python3.8/site-packages/airflow/example_dags/example_task_group_decorator.py
[2023-12-20T22:46:04.895+0000] {processor.py:840} INFO - DAG(s) 'example_task_group_decorator' retrieved from /home/airflow/.local/lib/python3.8/site-packages/airflow/example_dags/example_task_group_decorator.py
[2023-12-20T22:46:04.920+0000] {logging_mixin.py:188} INFO - [2023-12-20T22:46:04.919+0000] {dag.py:3033} INFO - Sync 1 DAGs
[2023-12-20T22:46:04.938+0000] {logging_mixin.py:188} INFO - [2023-12-20T22:46:04.938+0000] {dag.py:3820} INFO - Setting next_dagrun for example_task_group_decorator to 2023-12-19T00:00:00+00:00, run_after=2023-12-20T00:00:00+00:00
[2023-12-20T22:46:04.951+0000] {processor.py:183} INFO - Processing /home/airflow/.local/lib/python3.8/site-packages/airflow/example_dags/example_task_group_decorator.py took 0.082 seconds
[2023-12-20T22:46:35.750+0000] {processor.py:161} INFO - Started process (PID=940) to work on /home/airflow/.local/lib/python3.8/site-packages/airflow/example_dags/example_task_group_decorator.py
[2023-12-20T22:46:35.753+0000] {processor.py:830} INFO - Processing file /home/airflow/.local/lib/python3.8/site-packages/airflow/example_dags/example_task_group_decorator.py for tasks to queue
[2023-12-20T22:46:35.756+0000] {logging_mixin.py:188} INFO - [2023-12-20T22:46:35.756+0000] {dagbag.py:538} INFO - Filling up the DagBag from /home/airflow/.local/lib/python3.8/site-packages/airflow/example_dags/example_task_group_decorator.py
[2023-12-20T22:46:35.777+0000] {processor.py:840} INFO - DAG(s) 'example_task_group_decorator' retrieved from /home/airflow/.local/lib/python3.8/site-packages/airflow/example_dags/example_task_group_decorator.py
[2023-12-20T22:46:35.811+0000] {logging_mixin.py:188} INFO - [2023-12-20T22:46:35.811+0000] {dag.py:3033} INFO - Sync 1 DAGs
[2023-12-20T22:46:35.832+0000] {logging_mixin.py:188} INFO - [2023-12-20T22:46:35.832+0000] {dag.py:3820} INFO - Setting next_dagrun for example_task_group_decorator to 2023-12-19T00:00:00+00:00, run_after=2023-12-20T00:00:00+00:00
[2023-12-20T22:46:35.847+0000] {processor.py:183} INFO - Processing /home/airflow/.local/lib/python3.8/site-packages/airflow/example_dags/example_task_group_decorator.py took 0.105 seconds
[2023-12-20T22:47:06.567+0000] {processor.py:161} INFO - Started process (PID=995) to work on /home/airflow/.local/lib/python3.8/site-packages/airflow/example_dags/example_task_group_decorator.py
[2023-12-20T22:47:06.568+0000] {processor.py:830} INFO - Processing file /home/airflow/.local/lib/python3.8/site-packages/airflow/example_dags/example_task_group_decorator.py for tasks to queue
[2023-12-20T22:47:06.571+0000] {logging_mixin.py:188} INFO - [2023-12-20T22:47:06.571+0000] {dagbag.py:538} INFO - Filling up the DagBag from /home/airflow/.local/lib/python3.8/site-packages/airflow/example_dags/example_task_group_decorator.py
[2023-12-20T22:47:06.593+0000] {processor.py:840} INFO - DAG(s) 'example_task_group_decorator' retrieved from /home/airflow/.local/lib/python3.8/site-packages/airflow/example_dags/example_task_group_decorator.py
[2023-12-20T22:47:06.622+0000] {logging_mixin.py:188} INFO - [2023-12-20T22:47:06.622+0000] {dag.py:3033} INFO - Sync 1 DAGs
[2023-12-20T22:47:06.645+0000] {logging_mixin.py:188} INFO - [2023-12-20T22:47:06.645+0000] {dag.py:3820} INFO - Setting next_dagrun for example_task_group_decorator to 2023-12-19T00:00:00+00:00, run_after=2023-12-20T00:00:00+00:00
[2023-12-20T22:47:06.661+0000] {processor.py:183} INFO - Processing /home/airflow/.local/lib/python3.8/site-packages/airflow/example_dags/example_task_group_decorator.py took 0.099 seconds
[2023-12-20T22:47:37.027+0000] {processor.py:161} INFO - Started process (PID=1050) to work on /home/airflow/.local/lib/python3.8/site-packages/airflow/example_dags/example_task_group_decorator.py
[2023-12-20T22:47:37.028+0000] {processor.py:830} INFO - Processing file /home/airflow/.local/lib/python3.8/site-packages/airflow/example_dags/example_task_group_decorator.py for tasks to queue
[2023-12-20T22:47:37.031+0000] {logging_mixin.py:188} INFO - [2023-12-20T22:47:37.031+0000] {dagbag.py:538} INFO - Filling up the DagBag from /home/airflow/.local/lib/python3.8/site-packages/airflow/example_dags/example_task_group_decorator.py
[2023-12-20T22:47:37.044+0000] {processor.py:840} INFO - DAG(s) 'example_task_group_decorator' retrieved from /home/airflow/.local/lib/python3.8/site-packages/airflow/example_dags/example_task_group_decorator.py
[2023-12-20T22:47:37.067+0000] {logging_mixin.py:188} INFO - [2023-12-20T22:47:37.067+0000] {dag.py:3033} INFO - Sync 1 DAGs
[2023-12-20T22:47:37.087+0000] {logging_mixin.py:188} INFO - [2023-12-20T22:47:37.087+0000] {dag.py:3820} INFO - Setting next_dagrun for example_task_group_decorator to 2023-12-19T00:00:00+00:00, run_after=2023-12-20T00:00:00+00:00
[2023-12-20T22:47:37.099+0000] {processor.py:183} INFO - Processing /home/airflow/.local/lib/python3.8/site-packages/airflow/example_dags/example_task_group_decorator.py took 0.076 seconds
[2023-12-20T22:48:07.767+0000] {processor.py:161} INFO - Started process (PID=1104) to work on /home/airflow/.local/lib/python3.8/site-packages/airflow/example_dags/example_task_group_decorator.py
[2023-12-20T22:48:07.772+0000] {processor.py:830} INFO - Processing file /home/airflow/.local/lib/python3.8/site-packages/airflow/example_dags/example_task_group_decorator.py for tasks to queue
[2023-12-20T22:48:07.777+0000] {logging_mixin.py:188} INFO - [2023-12-20T22:48:07.776+0000] {dagbag.py:538} INFO - Filling up the DagBag from /home/airflow/.local/lib/python3.8/site-packages/airflow/example_dags/example_task_group_decorator.py
[2023-12-20T22:48:07.811+0000] {processor.py:840} INFO - DAG(s) 'example_task_group_decorator' retrieved from /home/airflow/.local/lib/python3.8/site-packages/airflow/example_dags/example_task_group_decorator.py
[2023-12-20T22:48:07.887+0000] {logging_mixin.py:188} INFO - [2023-12-20T22:48:07.887+0000] {dag.py:3033} INFO - Sync 1 DAGs
[2023-12-20T22:48:07.936+0000] {logging_mixin.py:188} INFO - [2023-12-20T22:48:07.935+0000] {dag.py:3820} INFO - Setting next_dagrun for example_task_group_decorator to 2023-12-19T00:00:00+00:00, run_after=2023-12-20T00:00:00+00:00
[2023-12-20T22:48:07.961+0000] {processor.py:183} INFO - Processing /home/airflow/.local/lib/python3.8/site-packages/airflow/example_dags/example_task_group_decorator.py took 0.200 seconds
[2023-12-20T22:48:38.029+0000] {processor.py:161} INFO - Started process (PID=1158) to work on /home/airflow/.local/lib/python3.8/site-packages/airflow/example_dags/example_task_group_decorator.py
[2023-12-20T22:48:38.031+0000] {processor.py:830} INFO - Processing file /home/airflow/.local/lib/python3.8/site-packages/airflow/example_dags/example_task_group_decorator.py for tasks to queue
[2023-12-20T22:48:38.035+0000] {logging_mixin.py:188} INFO - [2023-12-20T22:48:38.034+0000] {dagbag.py:538} INFO - Filling up the DagBag from /home/airflow/.local/lib/python3.8/site-packages/airflow/example_dags/example_task_group_decorator.py
[2023-12-20T22:48:38.049+0000] {processor.py:840} INFO - DAG(s) 'example_task_group_decorator' retrieved from /home/airflow/.local/lib/python3.8/site-packages/airflow/example_dags/example_task_group_decorator.py
[2023-12-20T22:48:38.081+0000] {logging_mixin.py:188} INFO - [2023-12-20T22:48:38.081+0000] {dag.py:3033} INFO - Sync 1 DAGs
[2023-12-20T22:48:38.111+0000] {logging_mixin.py:188} INFO - [2023-12-20T22:48:38.111+0000] {dag.py:3820} INFO - Setting next_dagrun for example_task_group_decorator to 2023-12-19T00:00:00+00:00, run_after=2023-12-20T00:00:00+00:00
[2023-12-20T22:48:38.127+0000] {processor.py:183} INFO - Processing /home/airflow/.local/lib/python3.8/site-packages/airflow/example_dags/example_task_group_decorator.py took 0.108 seconds
[2023-12-20T22:49:08.184+0000] {processor.py:161} INFO - Started process (PID=1212) to work on /home/airflow/.local/lib/python3.8/site-packages/airflow/example_dags/example_task_group_decorator.py
[2023-12-20T22:49:08.186+0000] {processor.py:830} INFO - Processing file /home/airflow/.local/lib/python3.8/site-packages/airflow/example_dags/example_task_group_decorator.py for tasks to queue
[2023-12-20T22:49:08.190+0000] {logging_mixin.py:188} INFO - [2023-12-20T22:49:08.189+0000] {dagbag.py:538} INFO - Filling up the DagBag from /home/airflow/.local/lib/python3.8/site-packages/airflow/example_dags/example_task_group_decorator.py
[2023-12-20T22:49:08.204+0000] {processor.py:840} INFO - DAG(s) 'example_task_group_decorator' retrieved from /home/airflow/.local/lib/python3.8/site-packages/airflow/example_dags/example_task_group_decorator.py
[2023-12-20T22:49:08.230+0000] {logging_mixin.py:188} INFO - [2023-12-20T22:49:08.230+0000] {dag.py:3033} INFO - Sync 1 DAGs
[2023-12-20T22:49:08.247+0000] {logging_mixin.py:188} INFO - [2023-12-20T22:49:08.247+0000] {dag.py:3820} INFO - Setting next_dagrun for example_task_group_decorator to 2023-12-19T00:00:00+00:00, run_after=2023-12-20T00:00:00+00:00
[2023-12-20T22:49:08.260+0000] {processor.py:183} INFO - Processing /home/airflow/.local/lib/python3.8/site-packages/airflow/example_dags/example_task_group_decorator.py took 0.081 seconds
[2023-12-20T22:49:38.508+0000] {processor.py:161} INFO - Started process (PID=1267) to work on /home/airflow/.local/lib/python3.8/site-packages/airflow/example_dags/example_task_group_decorator.py
[2023-12-20T22:49:38.509+0000] {processor.py:830} INFO - Processing file /home/airflow/.local/lib/python3.8/site-packages/airflow/example_dags/example_task_group_decorator.py for tasks to queue
[2023-12-20T22:49:38.512+0000] {logging_mixin.py:188} INFO - [2023-12-20T22:49:38.512+0000] {dagbag.py:538} INFO - Filling up the DagBag from /home/airflow/.local/lib/python3.8/site-packages/airflow/example_dags/example_task_group_decorator.py
[2023-12-20T22:49:38.527+0000] {processor.py:840} INFO - DAG(s) 'example_task_group_decorator' retrieved from /home/airflow/.local/lib/python3.8/site-packages/airflow/example_dags/example_task_group_decorator.py
[2023-12-20T22:49:38.553+0000] {logging_mixin.py:188} INFO - [2023-12-20T22:49:38.553+0000] {dag.py:3033} INFO - Sync 1 DAGs
[2023-12-20T22:49:38.573+0000] {logging_mixin.py:188} INFO - [2023-12-20T22:49:38.572+0000] {dag.py:3820} INFO - Setting next_dagrun for example_task_group_decorator to 2023-12-19T00:00:00+00:00, run_after=2023-12-20T00:00:00+00:00
[2023-12-20T22:49:38.587+0000] {processor.py:183} INFO - Processing /home/airflow/.local/lib/python3.8/site-packages/airflow/example_dags/example_task_group_decorator.py took 0.082 seconds
[2023-12-20T22:50:08.883+0000] {processor.py:161} INFO - Started process (PID=1322) to work on /home/airflow/.local/lib/python3.8/site-packages/airflow/example_dags/example_task_group_decorator.py
[2023-12-20T22:50:08.884+0000] {processor.py:830} INFO - Processing file /home/airflow/.local/lib/python3.8/site-packages/airflow/example_dags/example_task_group_decorator.py for tasks to queue
[2023-12-20T22:50:08.887+0000] {logging_mixin.py:188} INFO - [2023-12-20T22:50:08.886+0000] {dagbag.py:538} INFO - Filling up the DagBag from /home/airflow/.local/lib/python3.8/site-packages/airflow/example_dags/example_task_group_decorator.py
[2023-12-20T22:50:08.899+0000] {processor.py:840} INFO - DAG(s) 'example_task_group_decorator' retrieved from /home/airflow/.local/lib/python3.8/site-packages/airflow/example_dags/example_task_group_decorator.py
[2023-12-20T22:50:08.922+0000] {logging_mixin.py:188} INFO - [2023-12-20T22:50:08.922+0000] {dag.py:3033} INFO - Sync 1 DAGs
[2023-12-20T22:50:08.940+0000] {logging_mixin.py:188} INFO - [2023-12-20T22:50:08.940+0000] {dag.py:3820} INFO - Setting next_dagrun for example_task_group_decorator to 2023-12-19T00:00:00+00:00, run_after=2023-12-20T00:00:00+00:00
[2023-12-20T22:50:08.953+0000] {processor.py:183} INFO - Processing /home/airflow/.local/lib/python3.8/site-packages/airflow/example_dags/example_task_group_decorator.py took 0.073 seconds
[2023-12-20T22:50:39.006+0000] {processor.py:161} INFO - Started process (PID=1377) to work on /home/airflow/.local/lib/python3.8/site-packages/airflow/example_dags/example_task_group_decorator.py
[2023-12-20T22:50:39.007+0000] {processor.py:830} INFO - Processing file /home/airflow/.local/lib/python3.8/site-packages/airflow/example_dags/example_task_group_decorator.py for tasks to queue
[2023-12-20T22:50:39.011+0000] {logging_mixin.py:188} INFO - [2023-12-20T22:50:39.010+0000] {dagbag.py:538} INFO - Filling up the DagBag from /home/airflow/.local/lib/python3.8/site-packages/airflow/example_dags/example_task_group_decorator.py
[2023-12-20T22:50:39.028+0000] {processor.py:840} INFO - DAG(s) 'example_task_group_decorator' retrieved from /home/airflow/.local/lib/python3.8/site-packages/airflow/example_dags/example_task_group_decorator.py
[2023-12-20T22:50:39.058+0000] {logging_mixin.py:188} INFO - [2023-12-20T22:50:39.058+0000] {dag.py:3033} INFO - Sync 1 DAGs
[2023-12-20T22:50:39.079+0000] {logging_mixin.py:188} INFO - [2023-12-20T22:50:39.079+0000] {dag.py:3820} INFO - Setting next_dagrun for example_task_group_decorator to 2023-12-19T00:00:00+00:00, run_after=2023-12-20T00:00:00+00:00
[2023-12-20T22:50:39.096+0000] {processor.py:183} INFO - Processing /home/airflow/.local/lib/python3.8/site-packages/airflow/example_dags/example_task_group_decorator.py took 0.095 seconds
[2023-12-20T22:51:09.212+0000] {processor.py:161} INFO - Started process (PID=1432) to work on /home/airflow/.local/lib/python3.8/site-packages/airflow/example_dags/example_task_group_decorator.py
[2023-12-20T22:51:09.214+0000] {processor.py:830} INFO - Processing file /home/airflow/.local/lib/python3.8/site-packages/airflow/example_dags/example_task_group_decorator.py for tasks to queue
[2023-12-20T22:51:09.217+0000] {logging_mixin.py:188} INFO - [2023-12-20T22:51:09.216+0000] {dagbag.py:538} INFO - Filling up the DagBag from /home/airflow/.local/lib/python3.8/site-packages/airflow/example_dags/example_task_group_decorator.py
[2023-12-20T22:51:09.232+0000] {processor.py:840} INFO - DAG(s) 'example_task_group_decorator' retrieved from /home/airflow/.local/lib/python3.8/site-packages/airflow/example_dags/example_task_group_decorator.py
[2023-12-20T22:51:09.257+0000] {logging_mixin.py:188} INFO - [2023-12-20T22:51:09.257+0000] {dag.py:3033} INFO - Sync 1 DAGs
[2023-12-20T22:51:09.276+0000] {logging_mixin.py:188} INFO - [2023-12-20T22:51:09.276+0000] {dag.py:3820} INFO - Setting next_dagrun for example_task_group_decorator to 2023-12-19T00:00:00+00:00, run_after=2023-12-20T00:00:00+00:00
[2023-12-20T22:51:09.290+0000] {processor.py:183} INFO - Processing /home/airflow/.local/lib/python3.8/site-packages/airflow/example_dags/example_task_group_decorator.py took 0.082 seconds
[2023-12-20T22:51:39.793+0000] {processor.py:161} INFO - Started process (PID=1487) to work on /home/airflow/.local/lib/python3.8/site-packages/airflow/example_dags/example_task_group_decorator.py
[2023-12-20T22:51:39.794+0000] {processor.py:830} INFO - Processing file /home/airflow/.local/lib/python3.8/site-packages/airflow/example_dags/example_task_group_decorator.py for tasks to queue
[2023-12-20T22:51:39.797+0000] {logging_mixin.py:188} INFO - [2023-12-20T22:51:39.797+0000] {dagbag.py:538} INFO - Filling up the DagBag from /home/airflow/.local/lib/python3.8/site-packages/airflow/example_dags/example_task_group_decorator.py
[2023-12-20T22:51:39.811+0000] {processor.py:840} INFO - DAG(s) 'example_task_group_decorator' retrieved from /home/airflow/.local/lib/python3.8/site-packages/airflow/example_dags/example_task_group_decorator.py
[2023-12-20T22:51:39.839+0000] {logging_mixin.py:188} INFO - [2023-12-20T22:51:39.839+0000] {dag.py:3033} INFO - Sync 1 DAGs
[2023-12-20T22:51:39.860+0000] {logging_mixin.py:188} INFO - [2023-12-20T22:51:39.859+0000] {dag.py:3820} INFO - Setting next_dagrun for example_task_group_decorator to 2023-12-19T00:00:00+00:00, run_after=2023-12-20T00:00:00+00:00
[2023-12-20T22:51:39.877+0000] {processor.py:183} INFO - Processing /home/airflow/.local/lib/python3.8/site-packages/airflow/example_dags/example_task_group_decorator.py took 0.089 seconds
[2023-12-20T22:52:10.460+0000] {processor.py:161} INFO - Started process (PID=1540) to work on /home/airflow/.local/lib/python3.8/site-packages/airflow/example_dags/example_task_group_decorator.py
[2023-12-20T22:52:10.462+0000] {processor.py:830} INFO - Processing file /home/airflow/.local/lib/python3.8/site-packages/airflow/example_dags/example_task_group_decorator.py for tasks to queue
[2023-12-20T22:52:10.464+0000] {logging_mixin.py:188} INFO - [2023-12-20T22:52:10.464+0000] {dagbag.py:538} INFO - Filling up the DagBag from /home/airflow/.local/lib/python3.8/site-packages/airflow/example_dags/example_task_group_decorator.py
[2023-12-20T22:52:10.477+0000] {processor.py:840} INFO - DAG(s) 'example_task_group_decorator' retrieved from /home/airflow/.local/lib/python3.8/site-packages/airflow/example_dags/example_task_group_decorator.py
[2023-12-20T22:52:10.502+0000] {logging_mixin.py:188} INFO - [2023-12-20T22:52:10.502+0000] {dag.py:3033} INFO - Sync 1 DAGs
[2023-12-20T22:52:10.526+0000] {logging_mixin.py:188} INFO - [2023-12-20T22:52:10.526+0000] {dag.py:3820} INFO - Setting next_dagrun for example_task_group_decorator to 2023-12-19T00:00:00+00:00, run_after=2023-12-20T00:00:00+00:00
[2023-12-20T22:52:10.545+0000] {processor.py:183} INFO - Processing /home/airflow/.local/lib/python3.8/site-packages/airflow/example_dags/example_task_group_decorator.py took 0.089 seconds
[2023-12-20T22:52:40.854+0000] {processor.py:161} INFO - Started process (PID=1595) to work on /home/airflow/.local/lib/python3.8/site-packages/airflow/example_dags/example_task_group_decorator.py
[2023-12-20T22:52:40.855+0000] {processor.py:830} INFO - Processing file /home/airflow/.local/lib/python3.8/site-packages/airflow/example_dags/example_task_group_decorator.py for tasks to queue
[2023-12-20T22:52:40.859+0000] {logging_mixin.py:188} INFO - [2023-12-20T22:52:40.858+0000] {dagbag.py:538} INFO - Filling up the DagBag from /home/airflow/.local/lib/python3.8/site-packages/airflow/example_dags/example_task_group_decorator.py
[2023-12-20T22:52:40.878+0000] {processor.py:840} INFO - DAG(s) 'example_task_group_decorator' retrieved from /home/airflow/.local/lib/python3.8/site-packages/airflow/example_dags/example_task_group_decorator.py
[2023-12-20T22:52:40.907+0000] {logging_mixin.py:188} INFO - [2023-12-20T22:52:40.907+0000] {dag.py:3033} INFO - Sync 1 DAGs
[2023-12-20T22:52:40.932+0000] {logging_mixin.py:188} INFO - [2023-12-20T22:52:40.931+0000] {dag.py:3820} INFO - Setting next_dagrun for example_task_group_decorator to 2023-12-19T00:00:00+00:00, run_after=2023-12-20T00:00:00+00:00
[2023-12-20T22:52:40.948+0000] {processor.py:183} INFO - Processing /home/airflow/.local/lib/python3.8/site-packages/airflow/example_dags/example_task_group_decorator.py took 0.100 seconds
[2023-12-20T22:53:11.275+0000] {processor.py:161} INFO - Started process (PID=1651) to work on /home/airflow/.local/lib/python3.8/site-packages/airflow/example_dags/example_task_group_decorator.py
[2023-12-20T22:53:11.277+0000] {processor.py:830} INFO - Processing file /home/airflow/.local/lib/python3.8/site-packages/airflow/example_dags/example_task_group_decorator.py for tasks to queue
[2023-12-20T22:53:11.279+0000] {logging_mixin.py:188} INFO - [2023-12-20T22:53:11.279+0000] {dagbag.py:538} INFO - Filling up the DagBag from /home/airflow/.local/lib/python3.8/site-packages/airflow/example_dags/example_task_group_decorator.py
[2023-12-20T22:53:11.293+0000] {processor.py:840} INFO - DAG(s) 'example_task_group_decorator' retrieved from /home/airflow/.local/lib/python3.8/site-packages/airflow/example_dags/example_task_group_decorator.py
[2023-12-20T22:53:11.318+0000] {logging_mixin.py:188} INFO - [2023-12-20T22:53:11.318+0000] {dag.py:3033} INFO - Sync 1 DAGs
[2023-12-20T22:53:11.337+0000] {logging_mixin.py:188} INFO - [2023-12-20T22:53:11.337+0000] {dag.py:3820} INFO - Setting next_dagrun for example_task_group_decorator to 2023-12-19T00:00:00+00:00, run_after=2023-12-20T00:00:00+00:00
[2023-12-20T22:53:11.350+0000] {processor.py:183} INFO - Processing /home/airflow/.local/lib/python3.8/site-packages/airflow/example_dags/example_task_group_decorator.py took 0.080 seconds
[2023-12-20T22:53:42.000+0000] {processor.py:161} INFO - Started process (PID=1707) to work on /home/airflow/.local/lib/python3.8/site-packages/airflow/example_dags/example_task_group_decorator.py
[2023-12-20T22:53:42.001+0000] {processor.py:830} INFO - Processing file /home/airflow/.local/lib/python3.8/site-packages/airflow/example_dags/example_task_group_decorator.py for tasks to queue
[2023-12-20T22:53:42.004+0000] {logging_mixin.py:188} INFO - [2023-12-20T22:53:42.004+0000] {dagbag.py:538} INFO - Filling up the DagBag from /home/airflow/.local/lib/python3.8/site-packages/airflow/example_dags/example_task_group_decorator.py
[2023-12-20T22:53:42.019+0000] {processor.py:840} INFO - DAG(s) 'example_task_group_decorator' retrieved from /home/airflow/.local/lib/python3.8/site-packages/airflow/example_dags/example_task_group_decorator.py
[2023-12-20T22:53:42.048+0000] {logging_mixin.py:188} INFO - [2023-12-20T22:53:42.047+0000] {dag.py:3033} INFO - Sync 1 DAGs
[2023-12-20T22:53:42.068+0000] {logging_mixin.py:188} INFO - [2023-12-20T22:53:42.068+0000] {dag.py:3820} INFO - Setting next_dagrun for example_task_group_decorator to 2023-12-19T00:00:00+00:00, run_after=2023-12-20T00:00:00+00:00
[2023-12-20T22:53:42.088+0000] {processor.py:183} INFO - Processing /home/airflow/.local/lib/python3.8/site-packages/airflow/example_dags/example_task_group_decorator.py took 0.092 seconds
[2023-12-20T22:54:27.020+0000] {processor.py:161} INFO - Started process (PID=1769) to work on /home/airflow/.local/lib/python3.8/site-packages/airflow/example_dags/example_task_group_decorator.py
[2023-12-20T22:54:27.041+0000] {processor.py:830} INFO - Processing file /home/airflow/.local/lib/python3.8/site-packages/airflow/example_dags/example_task_group_decorator.py for tasks to queue
[2023-12-20T22:54:27.120+0000] {logging_mixin.py:188} INFO - [2023-12-20T22:54:27.115+0000] {dagbag.py:538} INFO - Filling up the DagBag from /home/airflow/.local/lib/python3.8/site-packages/airflow/example_dags/example_task_group_decorator.py
[2023-12-20T22:54:27.224+0000] {processor.py:840} INFO - DAG(s) 'example_task_group_decorator' retrieved from /home/airflow/.local/lib/python3.8/site-packages/airflow/example_dags/example_task_group_decorator.py
[2023-12-20T22:54:27.583+0000] {logging_mixin.py:188} INFO - [2023-12-20T22:54:27.582+0000] {dag.py:3033} INFO - Sync 1 DAGs
[2023-12-20T22:54:31.105+0000] {logging_mixin.py:188} INFO - [2023-12-20T22:54:31.089+0000] {dag.py:3820} INFO - Setting next_dagrun for example_task_group_decorator to 2023-12-19T00:00:00+00:00, run_after=2023-12-20T00:00:00+00:00
[2023-12-20T22:54:31.408+0000] {processor.py:183} INFO - Processing /home/airflow/.local/lib/python3.8/site-packages/airflow/example_dags/example_task_group_decorator.py took 4.427 seconds
[2023-12-20T22:55:39.630+0000] {processor.py:161} INFO - Started process (PID=1834) to work on /home/airflow/.local/lib/python3.8/site-packages/airflow/example_dags/example_task_group_decorator.py
[2023-12-20T22:55:39.673+0000] {processor.py:830} INFO - Processing file /home/airflow/.local/lib/python3.8/site-packages/airflow/example_dags/example_task_group_decorator.py for tasks to queue
[2023-12-20T22:55:39.810+0000] {logging_mixin.py:188} INFO - [2023-12-20T22:55:39.775+0000] {dagbag.py:538} INFO - Filling up the DagBag from /home/airflow/.local/lib/python3.8/site-packages/airflow/example_dags/example_task_group_decorator.py
[2023-12-20T22:55:40.384+0000] {processor.py:840} INFO - DAG(s) 'example_task_group_decorator' retrieved from /home/airflow/.local/lib/python3.8/site-packages/airflow/example_dags/example_task_group_decorator.py
[2023-12-20T22:55:40.779+0000] {logging_mixin.py:188} INFO - [2023-12-20T22:55:40.777+0000] {dag.py:3033} INFO - Sync 1 DAGs
[2023-12-20T22:55:41.129+0000] {logging_mixin.py:188} INFO - [2023-12-20T22:55:41.126+0000] {dag.py:3820} INFO - Setting next_dagrun for example_task_group_decorator to 2023-12-19T00:00:00+00:00, run_after=2023-12-20T00:00:00+00:00
[2023-12-20T22:55:41.500+0000] {processor.py:183} INFO - Processing /home/airflow/.local/lib/python3.8/site-packages/airflow/example_dags/example_task_group_decorator.py took 1.943 seconds
[2023-12-20T22:56:14.485+0000] {processor.py:161} INFO - Started process (PID=1898) to work on /home/airflow/.local/lib/python3.8/site-packages/airflow/example_dags/example_task_group_decorator.py
[2023-12-20T22:56:14.498+0000] {processor.py:830} INFO - Processing file /home/airflow/.local/lib/python3.8/site-packages/airflow/example_dags/example_task_group_decorator.py for tasks to queue
[2023-12-20T22:56:14.514+0000] {logging_mixin.py:188} INFO - [2023-12-20T22:56:14.514+0000] {dagbag.py:538} INFO - Filling up the DagBag from /home/airflow/.local/lib/python3.8/site-packages/airflow/example_dags/example_task_group_decorator.py
[2023-12-20T22:56:14.749+0000] {processor.py:840} INFO - DAG(s) 'example_task_group_decorator' retrieved from /home/airflow/.local/lib/python3.8/site-packages/airflow/example_dags/example_task_group_decorator.py
[2023-12-20T22:56:14.982+0000] {logging_mixin.py:188} INFO - [2023-12-20T22:56:14.981+0000] {dag.py:3033} INFO - Sync 1 DAGs
[2023-12-20T22:56:18.214+0000] {logging_mixin.py:188} INFO - [2023-12-20T22:56:18.213+0000] {dag.py:3820} INFO - Setting next_dagrun for example_task_group_decorator to 2023-12-19T00:00:00+00:00, run_after=2023-12-20T00:00:00+00:00
[2023-12-20T22:56:18.278+0000] {processor.py:183} INFO - Processing /home/airflow/.local/lib/python3.8/site-packages/airflow/example_dags/example_task_group_decorator.py took 3.838 seconds
[2023-12-20T22:56:53.199+0000] {processor.py:161} INFO - Started process (PID=1963) to work on /home/airflow/.local/lib/python3.8/site-packages/airflow/example_dags/example_task_group_decorator.py
[2023-12-20T22:56:53.206+0000] {processor.py:830} INFO - Processing file /home/airflow/.local/lib/python3.8/site-packages/airflow/example_dags/example_task_group_decorator.py for tasks to queue
[2023-12-20T22:56:53.249+0000] {logging_mixin.py:188} INFO - [2023-12-20T22:56:53.246+0000] {dagbag.py:538} INFO - Filling up the DagBag from /home/airflow/.local/lib/python3.8/site-packages/airflow/example_dags/example_task_group_decorator.py
[2023-12-20T22:56:53.472+0000] {processor.py:840} INFO - DAG(s) 'example_task_group_decorator' retrieved from /home/airflow/.local/lib/python3.8/site-packages/airflow/example_dags/example_task_group_decorator.py
[2023-12-20T22:56:53.743+0000] {logging_mixin.py:188} INFO - [2023-12-20T22:56:53.742+0000] {dag.py:3033} INFO - Sync 1 DAGs
[2023-12-20T22:56:53.913+0000] {logging_mixin.py:188} INFO - [2023-12-20T22:56:53.913+0000] {dag.py:3820} INFO - Setting next_dagrun for example_task_group_decorator to 2023-12-19T00:00:00+00:00, run_after=2023-12-20T00:00:00+00:00
[2023-12-20T22:56:54.007+0000] {processor.py:183} INFO - Processing /home/airflow/.local/lib/python3.8/site-packages/airflow/example_dags/example_task_group_decorator.py took 0.842 seconds
[2023-12-20T22:58:20.423+0000] {processor.py:161} INFO - Started process (PID=2013) to work on /home/airflow/.local/lib/python3.8/site-packages/airflow/example_dags/example_task_group_decorator.py
[2023-12-20T22:58:20.429+0000] {processor.py:830} INFO - Processing file /home/airflow/.local/lib/python3.8/site-packages/airflow/example_dags/example_task_group_decorator.py for tasks to queue
[2023-12-20T22:58:20.450+0000] {logging_mixin.py:188} INFO - [2023-12-20T22:58:20.447+0000] {dagbag.py:538} INFO - Filling up the DagBag from /home/airflow/.local/lib/python3.8/site-packages/airflow/example_dags/example_task_group_decorator.py
[2023-12-20T22:58:20.633+0000] {processor.py:840} INFO - DAG(s) 'example_task_group_decorator' retrieved from /home/airflow/.local/lib/python3.8/site-packages/airflow/example_dags/example_task_group_decorator.py
[2023-12-20T22:58:21.517+0000] {logging_mixin.py:188} INFO - [2023-12-20T22:58:21.502+0000] {dag.py:3033} INFO - Sync 1 DAGs
[2023-12-20T22:58:21.903+0000] {logging_mixin.py:188} INFO - [2023-12-20T22:58:21.902+0000] {dag.py:3820} INFO - Setting next_dagrun for example_task_group_decorator to 2023-12-19T00:00:00+00:00, run_after=2023-12-20T00:00:00+00:00
[2023-12-20T22:58:22.041+0000] {processor.py:183} INFO - Processing /home/airflow/.local/lib/python3.8/site-packages/airflow/example_dags/example_task_group_decorator.py took 1.638 seconds
[2023-12-20T23:00:07.245+0000] {processor.py:161} INFO - Started process (PID=2074) to work on /home/airflow/.local/lib/python3.8/site-packages/airflow/example_dags/example_task_group_decorator.py
[2023-12-20T23:00:07.269+0000] {processor.py:830} INFO - Processing file /home/airflow/.local/lib/python3.8/site-packages/airflow/example_dags/example_task_group_decorator.py for tasks to queue
[2023-12-20T23:00:07.310+0000] {logging_mixin.py:188} INFO - [2023-12-20T23:00:07.309+0000] {dagbag.py:538} INFO - Filling up the DagBag from /home/airflow/.local/lib/python3.8/site-packages/airflow/example_dags/example_task_group_decorator.py
[2023-12-20T23:00:07.626+0000] {processor.py:840} INFO - DAG(s) 'example_task_group_decorator' retrieved from /home/airflow/.local/lib/python3.8/site-packages/airflow/example_dags/example_task_group_decorator.py
[2023-12-20T23:00:07.833+0000] {logging_mixin.py:188} INFO - [2023-12-20T23:00:07.833+0000] {dag.py:3033} INFO - Sync 1 DAGs
[2023-12-20T23:00:08.012+0000] {logging_mixin.py:188} INFO - [2023-12-20T23:00:08.012+0000] {dag.py:3820} INFO - Setting next_dagrun for example_task_group_decorator to 2023-12-19T00:00:00+00:00, run_after=2023-12-20T00:00:00+00:00
[2023-12-20T23:00:13.082+0000] {processor.py:183} INFO - Processing /home/airflow/.local/lib/python3.8/site-packages/airflow/example_dags/example_task_group_decorator.py took 5.871 seconds
[2023-12-20T23:01:50.954+0000] {processor.py:161} INFO - Started process (PID=2166) to work on /home/airflow/.local/lib/python3.8/site-packages/airflow/example_dags/example_task_group_decorator.py
[2023-12-20T23:01:50.971+0000] {processor.py:830} INFO - Processing file /home/airflow/.local/lib/python3.8/site-packages/airflow/example_dags/example_task_group_decorator.py for tasks to queue
[2023-12-20T23:01:50.985+0000] {logging_mixin.py:188} INFO - [2023-12-20T23:01:50.983+0000] {dagbag.py:538} INFO - Filling up the DagBag from /home/airflow/.local/lib/python3.8/site-packages/airflow/example_dags/example_task_group_decorator.py
[2023-12-20T23:01:51.118+0000] {processor.py:840} INFO - DAG(s) 'example_task_group_decorator' retrieved from /home/airflow/.local/lib/python3.8/site-packages/airflow/example_dags/example_task_group_decorator.py
[2023-12-20T23:01:51.289+0000] {logging_mixin.py:188} INFO - [2023-12-20T23:01:51.289+0000] {dag.py:3033} INFO - Sync 1 DAGs
[2023-12-20T23:01:57.995+0000] {logging_mixin.py:188} INFO - [2023-12-20T23:01:57.993+0000] {dag.py:3820} INFO - Setting next_dagrun for example_task_group_decorator to 2023-12-19T00:00:00+00:00, run_after=2023-12-20T00:00:00+00:00
[2023-12-20T23:01:58.211+0000] {processor.py:183} INFO - Processing /home/airflow/.local/lib/python3.8/site-packages/airflow/example_dags/example_task_group_decorator.py took 7.324 seconds
[2023-12-20T23:03:02.354+0000] {processor.py:161} INFO - Started process (PID=2241) to work on /home/airflow/.local/lib/python3.8/site-packages/airflow/example_dags/example_task_group_decorator.py
[2023-12-20T23:03:02.364+0000] {processor.py:830} INFO - Processing file /home/airflow/.local/lib/python3.8/site-packages/airflow/example_dags/example_task_group_decorator.py for tasks to queue
[2023-12-20T23:03:02.400+0000] {logging_mixin.py:188} INFO - [2023-12-20T23:03:02.397+0000] {dagbag.py:538} INFO - Filling up the DagBag from /home/airflow/.local/lib/python3.8/site-packages/airflow/example_dags/example_task_group_decorator.py
[2023-12-20T23:03:02.477+0000] {processor.py:840} INFO - DAG(s) 'example_task_group_decorator' retrieved from /home/airflow/.local/lib/python3.8/site-packages/airflow/example_dags/example_task_group_decorator.py
[2023-12-20T23:03:02.658+0000] {logging_mixin.py:188} INFO - [2023-12-20T23:03:02.656+0000] {dag.py:3033} INFO - Sync 1 DAGs
[2023-12-20T23:03:02.893+0000] {logging_mixin.py:188} INFO - [2023-12-20T23:03:02.892+0000] {dag.py:3820} INFO - Setting next_dagrun for example_task_group_decorator to 2023-12-19T00:00:00+00:00, run_after=2023-12-20T00:00:00+00:00
[2023-12-20T23:03:03.251+0000] {processor.py:183} INFO - Processing /home/airflow/.local/lib/python3.8/site-packages/airflow/example_dags/example_task_group_decorator.py took 0.893 seconds
[2023-12-20T23:06:00.027+0000] {processor.py:161} INFO - Started process (PID=2330) to work on /home/airflow/.local/lib/python3.8/site-packages/airflow/example_dags/example_task_group_decorator.py
[2023-12-20T23:06:00.058+0000] {processor.py:830} INFO - Processing file /home/airflow/.local/lib/python3.8/site-packages/airflow/example_dags/example_task_group_decorator.py for tasks to queue
[2023-12-20T23:06:00.142+0000] {logging_mixin.py:188} INFO - [2023-12-20T23:06:00.133+0000] {dagbag.py:538} INFO - Filling up the DagBag from /home/airflow/.local/lib/python3.8/site-packages/airflow/example_dags/example_task_group_decorator.py
[2023-12-20T23:06:00.614+0000] {processor.py:840} INFO - DAG(s) 'example_task_group_decorator' retrieved from /home/airflow/.local/lib/python3.8/site-packages/airflow/example_dags/example_task_group_decorator.py
[2023-12-20T23:06:01.072+0000] {logging_mixin.py:188} INFO - [2023-12-20T23:06:01.071+0000] {dag.py:3033} INFO - Sync 1 DAGs
[2023-12-20T23:06:01.723+0000] {logging_mixin.py:188} INFO - [2023-12-20T23:06:01.722+0000] {dag.py:3820} INFO - Setting next_dagrun for example_task_group_decorator to 2023-12-19T00:00:00+00:00, run_after=2023-12-20T00:00:00+00:00
[2023-12-20T23:06:02.015+0000] {processor.py:183} INFO - Processing /home/airflow/.local/lib/python3.8/site-packages/airflow/example_dags/example_task_group_decorator.py took 2.047 seconds
