[2023-12-20T22:38:11.511+0000] {processor.py:161} INFO - Started process (PID=39) to work on /home/airflow/.local/lib/python3.8/site-packages/airflow/example_dags/example_short_circuit_operator.py
[2023-12-20T22:38:11.531+0000] {processor.py:830} INFO - Processing file /home/airflow/.local/lib/python3.8/site-packages/airflow/example_dags/example_short_circuit_operator.py for tasks to queue
[2023-12-20T22:38:11.583+0000] {logging_mixin.py:188} INFO - [2023-12-20T22:38:11.580+0000] {dagbag.py:538} INFO - Filling up the DagBag from /home/airflow/.local/lib/python3.8/site-packages/airflow/example_dags/example_short_circuit_operator.py
[2023-12-20T22:38:12.079+0000] {processor.py:840} INFO - DAG(s) 'example_short_circuit_operator' retrieved from /home/airflow/.local/lib/python3.8/site-packages/airflow/example_dags/example_short_circuit_operator.py
[2023-12-20T22:38:13.527+0000] {logging_mixin.py:188} INFO - [2023-12-20T22:38:13.527+0000] {dag.py:3033} INFO - Sync 1 DAGs
[2023-12-20T22:38:13.670+0000] {logging_mixin.py:188} INFO - [2023-12-20T22:38:13.670+0000] {dag.py:3820} INFO - Setting next_dagrun for example_short_circuit_operator to 2023-12-19T00:00:00+00:00, run_after=2023-12-20T00:00:00+00:00
[2023-12-20T22:38:13.857+0000] {processor.py:183} INFO - Processing /home/airflow/.local/lib/python3.8/site-packages/airflow/example_dags/example_short_circuit_operator.py took 2.434 seconds
[2023-12-20T22:38:44.672+0000] {processor.py:161} INFO - Started process (PID=100) to work on /home/airflow/.local/lib/python3.8/site-packages/airflow/example_dags/example_short_circuit_operator.py
[2023-12-20T22:38:44.674+0000] {processor.py:830} INFO - Processing file /home/airflow/.local/lib/python3.8/site-packages/airflow/example_dags/example_short_circuit_operator.py for tasks to queue
[2023-12-20T22:38:44.677+0000] {logging_mixin.py:188} INFO - [2023-12-20T22:38:44.676+0000] {dagbag.py:538} INFO - Filling up the DagBag from /home/airflow/.local/lib/python3.8/site-packages/airflow/example_dags/example_short_circuit_operator.py
[2023-12-20T22:38:44.685+0000] {processor.py:840} INFO - DAG(s) 'example_short_circuit_operator' retrieved from /home/airflow/.local/lib/python3.8/site-packages/airflow/example_dags/example_short_circuit_operator.py
[2023-12-20T22:38:44.711+0000] {logging_mixin.py:188} INFO - [2023-12-20T22:38:44.711+0000] {dag.py:3033} INFO - Sync 1 DAGs
[2023-12-20T22:38:44.730+0000] {logging_mixin.py:188} INFO - [2023-12-20T22:38:44.730+0000] {dag.py:3820} INFO - Setting next_dagrun for example_short_circuit_operator to 2023-12-19T00:00:00+00:00, run_after=2023-12-20T00:00:00+00:00
[2023-12-20T22:38:44.743+0000] {processor.py:183} INFO - Processing /home/airflow/.local/lib/python3.8/site-packages/airflow/example_dags/example_short_circuit_operator.py took 0.075 seconds
[2023-12-20T22:39:15.195+0000] {processor.py:161} INFO - Started process (PID=155) to work on /home/airflow/.local/lib/python3.8/site-packages/airflow/example_dags/example_short_circuit_operator.py
[2023-12-20T22:39:15.197+0000] {processor.py:830} INFO - Processing file /home/airflow/.local/lib/python3.8/site-packages/airflow/example_dags/example_short_circuit_operator.py for tasks to queue
[2023-12-20T22:39:15.201+0000] {logging_mixin.py:188} INFO - [2023-12-20T22:39:15.200+0000] {dagbag.py:538} INFO - Filling up the DagBag from /home/airflow/.local/lib/python3.8/site-packages/airflow/example_dags/example_short_circuit_operator.py
[2023-12-20T22:39:15.210+0000] {processor.py:840} INFO - DAG(s) 'example_short_circuit_operator' retrieved from /home/airflow/.local/lib/python3.8/site-packages/airflow/example_dags/example_short_circuit_operator.py
[2023-12-20T22:39:15.233+0000] {logging_mixin.py:188} INFO - [2023-12-20T22:39:15.233+0000] {dag.py:3033} INFO - Sync 1 DAGs
[2023-12-20T22:39:15.250+0000] {logging_mixin.py:188} INFO - [2023-12-20T22:39:15.250+0000] {dag.py:3820} INFO - Setting next_dagrun for example_short_circuit_operator to 2023-12-19T00:00:00+00:00, run_after=2023-12-20T00:00:00+00:00
[2023-12-20T22:39:15.262+0000] {processor.py:183} INFO - Processing /home/airflow/.local/lib/python3.8/site-packages/airflow/example_dags/example_short_circuit_operator.py took 0.074 seconds
[2023-12-20T22:39:46.183+0000] {processor.py:161} INFO - Started process (PID=211) to work on /home/airflow/.local/lib/python3.8/site-packages/airflow/example_dags/example_short_circuit_operator.py
[2023-12-20T22:39:46.190+0000] {processor.py:830} INFO - Processing file /home/airflow/.local/lib/python3.8/site-packages/airflow/example_dags/example_short_circuit_operator.py for tasks to queue
[2023-12-20T22:39:46.200+0000] {logging_mixin.py:188} INFO - [2023-12-20T22:39:46.199+0000] {dagbag.py:538} INFO - Filling up the DagBag from /home/airflow/.local/lib/python3.8/site-packages/airflow/example_dags/example_short_circuit_operator.py
[2023-12-20T22:39:46.235+0000] {processor.py:840} INFO - DAG(s) 'example_short_circuit_operator' retrieved from /home/airflow/.local/lib/python3.8/site-packages/airflow/example_dags/example_short_circuit_operator.py
[2023-12-20T22:39:46.340+0000] {logging_mixin.py:188} INFO - [2023-12-20T22:39:46.339+0000] {dag.py:3033} INFO - Sync 1 DAGs
[2023-12-20T22:39:46.600+0000] {logging_mixin.py:188} INFO - [2023-12-20T22:39:46.599+0000] {dag.py:3820} INFO - Setting next_dagrun for example_short_circuit_operator to 2023-12-19T00:00:00+00:00, run_after=2023-12-20T00:00:00+00:00
[2023-12-20T22:39:46.711+0000] {processor.py:183} INFO - Processing /home/airflow/.local/lib/python3.8/site-packages/airflow/example_dags/example_short_circuit_operator.py took 0.547 seconds
[2023-12-20T22:40:17.562+0000] {processor.py:161} INFO - Started process (PID=266) to work on /home/airflow/.local/lib/python3.8/site-packages/airflow/example_dags/example_short_circuit_operator.py
[2023-12-20T22:40:17.565+0000] {processor.py:830} INFO - Processing file /home/airflow/.local/lib/python3.8/site-packages/airflow/example_dags/example_short_circuit_operator.py for tasks to queue
[2023-12-20T22:40:17.568+0000] {logging_mixin.py:188} INFO - [2023-12-20T22:40:17.568+0000] {dagbag.py:538} INFO - Filling up the DagBag from /home/airflow/.local/lib/python3.8/site-packages/airflow/example_dags/example_short_circuit_operator.py
[2023-12-20T22:40:17.580+0000] {processor.py:840} INFO - DAG(s) 'example_short_circuit_operator' retrieved from /home/airflow/.local/lib/python3.8/site-packages/airflow/example_dags/example_short_circuit_operator.py
[2023-12-20T22:40:17.609+0000] {logging_mixin.py:188} INFO - [2023-12-20T22:40:17.609+0000] {dag.py:3033} INFO - Sync 1 DAGs
[2023-12-20T22:40:17.627+0000] {logging_mixin.py:188} INFO - [2023-12-20T22:40:17.627+0000] {dag.py:3820} INFO - Setting next_dagrun for example_short_circuit_operator to 2023-12-19T00:00:00+00:00, run_after=2023-12-20T00:00:00+00:00
[2023-12-20T22:40:17.644+0000] {processor.py:183} INFO - Processing /home/airflow/.local/lib/python3.8/site-packages/airflow/example_dags/example_short_circuit_operator.py took 0.088 seconds
[2023-12-20T22:40:47.791+0000] {processor.py:161} INFO - Started process (PID=321) to work on /home/airflow/.local/lib/python3.8/site-packages/airflow/example_dags/example_short_circuit_operator.py
[2023-12-20T22:40:47.793+0000] {processor.py:830} INFO - Processing file /home/airflow/.local/lib/python3.8/site-packages/airflow/example_dags/example_short_circuit_operator.py for tasks to queue
[2023-12-20T22:40:47.796+0000] {logging_mixin.py:188} INFO - [2023-12-20T22:40:47.795+0000] {dagbag.py:538} INFO - Filling up the DagBag from /home/airflow/.local/lib/python3.8/site-packages/airflow/example_dags/example_short_circuit_operator.py
[2023-12-20T22:40:47.803+0000] {processor.py:840} INFO - DAG(s) 'example_short_circuit_operator' retrieved from /home/airflow/.local/lib/python3.8/site-packages/airflow/example_dags/example_short_circuit_operator.py
[2023-12-20T22:40:47.827+0000] {logging_mixin.py:188} INFO - [2023-12-20T22:40:47.827+0000] {dag.py:3033} INFO - Sync 1 DAGs
[2023-12-20T22:40:47.845+0000] {logging_mixin.py:188} INFO - [2023-12-20T22:40:47.845+0000] {dag.py:3820} INFO - Setting next_dagrun for example_short_circuit_operator to 2023-12-19T00:00:00+00:00, run_after=2023-12-20T00:00:00+00:00
[2023-12-20T22:40:47.858+0000] {processor.py:183} INFO - Processing /home/airflow/.local/lib/python3.8/site-packages/airflow/example_dags/example_short_circuit_operator.py took 0.072 seconds
[2023-12-20T22:41:18.033+0000] {processor.py:161} INFO - Started process (PID=375) to work on /home/airflow/.local/lib/python3.8/site-packages/airflow/example_dags/example_short_circuit_operator.py
[2023-12-20T22:41:18.035+0000] {processor.py:830} INFO - Processing file /home/airflow/.local/lib/python3.8/site-packages/airflow/example_dags/example_short_circuit_operator.py for tasks to queue
[2023-12-20T22:41:18.038+0000] {logging_mixin.py:188} INFO - [2023-12-20T22:41:18.037+0000] {dagbag.py:538} INFO - Filling up the DagBag from /home/airflow/.local/lib/python3.8/site-packages/airflow/example_dags/example_short_circuit_operator.py
[2023-12-20T22:41:18.049+0000] {processor.py:840} INFO - DAG(s) 'example_short_circuit_operator' retrieved from /home/airflow/.local/lib/python3.8/site-packages/airflow/example_dags/example_short_circuit_operator.py
[2023-12-20T22:41:18.080+0000] {logging_mixin.py:188} INFO - [2023-12-20T22:41:18.080+0000] {dag.py:3033} INFO - Sync 1 DAGs
[2023-12-20T22:41:18.102+0000] {logging_mixin.py:188} INFO - [2023-12-20T22:41:18.102+0000] {dag.py:3820} INFO - Setting next_dagrun for example_short_circuit_operator to 2023-12-19T00:00:00+00:00, run_after=2023-12-20T00:00:00+00:00
[2023-12-20T22:41:18.119+0000] {processor.py:183} INFO - Processing /home/airflow/.local/lib/python3.8/site-packages/airflow/example_dags/example_short_circuit_operator.py took 0.091 seconds
[2023-12-20T22:41:48.228+0000] {processor.py:161} INFO - Started process (PID=430) to work on /home/airflow/.local/lib/python3.8/site-packages/airflow/example_dags/example_short_circuit_operator.py
[2023-12-20T22:41:48.231+0000] {processor.py:830} INFO - Processing file /home/airflow/.local/lib/python3.8/site-packages/airflow/example_dags/example_short_circuit_operator.py for tasks to queue
[2023-12-20T22:41:48.234+0000] {logging_mixin.py:188} INFO - [2023-12-20T22:41:48.234+0000] {dagbag.py:538} INFO - Filling up the DagBag from /home/airflow/.local/lib/python3.8/site-packages/airflow/example_dags/example_short_circuit_operator.py
[2023-12-20T22:41:48.243+0000] {processor.py:840} INFO - DAG(s) 'example_short_circuit_operator' retrieved from /home/airflow/.local/lib/python3.8/site-packages/airflow/example_dags/example_short_circuit_operator.py
[2023-12-20T22:41:48.268+0000] {logging_mixin.py:188} INFO - [2023-12-20T22:41:48.268+0000] {dag.py:3033} INFO - Sync 1 DAGs
[2023-12-20T22:41:48.286+0000] {logging_mixin.py:188} INFO - [2023-12-20T22:41:48.286+0000] {dag.py:3820} INFO - Setting next_dagrun for example_short_circuit_operator to 2023-12-19T00:00:00+00:00, run_after=2023-12-20T00:00:00+00:00
[2023-12-20T22:41:48.299+0000] {processor.py:183} INFO - Processing /home/airflow/.local/lib/python3.8/site-packages/airflow/example_dags/example_short_circuit_operator.py took 0.077 seconds
[2023-12-20T22:42:18.619+0000] {processor.py:161} INFO - Started process (PID=485) to work on /home/airflow/.local/lib/python3.8/site-packages/airflow/example_dags/example_short_circuit_operator.py
[2023-12-20T22:42:18.627+0000] {processor.py:830} INFO - Processing file /home/airflow/.local/lib/python3.8/site-packages/airflow/example_dags/example_short_circuit_operator.py for tasks to queue
[2023-12-20T22:42:18.641+0000] {logging_mixin.py:188} INFO - [2023-12-20T22:42:18.639+0000] {dagbag.py:538} INFO - Filling up the DagBag from /home/airflow/.local/lib/python3.8/site-packages/airflow/example_dags/example_short_circuit_operator.py
[2023-12-20T22:42:18.658+0000] {processor.py:840} INFO - DAG(s) 'example_short_circuit_operator' retrieved from /home/airflow/.local/lib/python3.8/site-packages/airflow/example_dags/example_short_circuit_operator.py
[2023-12-20T22:42:18.699+0000] {logging_mixin.py:188} INFO - [2023-12-20T22:42:18.698+0000] {dag.py:3033} INFO - Sync 1 DAGs
[2023-12-20T22:42:18.730+0000] {logging_mixin.py:188} INFO - [2023-12-20T22:42:18.730+0000] {dag.py:3820} INFO - Setting next_dagrun for example_short_circuit_operator to 2023-12-19T00:00:00+00:00, run_after=2023-12-20T00:00:00+00:00
[2023-12-20T22:42:18.747+0000] {processor.py:183} INFO - Processing /home/airflow/.local/lib/python3.8/site-packages/airflow/example_dags/example_short_circuit_operator.py took 0.138 seconds
[2023-12-20T22:42:49.111+0000] {processor.py:161} INFO - Started process (PID=539) to work on /home/airflow/.local/lib/python3.8/site-packages/airflow/example_dags/example_short_circuit_operator.py
[2023-12-20T22:42:49.113+0000] {processor.py:830} INFO - Processing file /home/airflow/.local/lib/python3.8/site-packages/airflow/example_dags/example_short_circuit_operator.py for tasks to queue
[2023-12-20T22:42:49.117+0000] {logging_mixin.py:188} INFO - [2023-12-20T22:42:49.116+0000] {dagbag.py:538} INFO - Filling up the DagBag from /home/airflow/.local/lib/python3.8/site-packages/airflow/example_dags/example_short_circuit_operator.py
[2023-12-20T22:42:49.125+0000] {processor.py:840} INFO - DAG(s) 'example_short_circuit_operator' retrieved from /home/airflow/.local/lib/python3.8/site-packages/airflow/example_dags/example_short_circuit_operator.py
[2023-12-20T22:42:49.151+0000] {logging_mixin.py:188} INFO - [2023-12-20T22:42:49.151+0000] {dag.py:3033} INFO - Sync 1 DAGs
[2023-12-20T22:42:49.170+0000] {logging_mixin.py:188} INFO - [2023-12-20T22:42:49.169+0000] {dag.py:3820} INFO - Setting next_dagrun for example_short_circuit_operator to 2023-12-19T00:00:00+00:00, run_after=2023-12-20T00:00:00+00:00
[2023-12-20T22:42:49.183+0000] {processor.py:183} INFO - Processing /home/airflow/.local/lib/python3.8/site-packages/airflow/example_dags/example_short_circuit_operator.py took 0.078 seconds
[2023-12-20T22:43:19.459+0000] {processor.py:161} INFO - Started process (PID=594) to work on /home/airflow/.local/lib/python3.8/site-packages/airflow/example_dags/example_short_circuit_operator.py
[2023-12-20T22:43:19.462+0000] {processor.py:830} INFO - Processing file /home/airflow/.local/lib/python3.8/site-packages/airflow/example_dags/example_short_circuit_operator.py for tasks to queue
[2023-12-20T22:43:19.465+0000] {logging_mixin.py:188} INFO - [2023-12-20T22:43:19.465+0000] {dagbag.py:538} INFO - Filling up the DagBag from /home/airflow/.local/lib/python3.8/site-packages/airflow/example_dags/example_short_circuit_operator.py
[2023-12-20T22:43:19.474+0000] {processor.py:840} INFO - DAG(s) 'example_short_circuit_operator' retrieved from /home/airflow/.local/lib/python3.8/site-packages/airflow/example_dags/example_short_circuit_operator.py
[2023-12-20T22:43:19.503+0000] {logging_mixin.py:188} INFO - [2023-12-20T22:43:19.502+0000] {dag.py:3033} INFO - Sync 1 DAGs
[2023-12-20T22:43:19.522+0000] {logging_mixin.py:188} INFO - [2023-12-20T22:43:19.522+0000] {dag.py:3820} INFO - Setting next_dagrun for example_short_circuit_operator to 2023-12-19T00:00:00+00:00, run_after=2023-12-20T00:00:00+00:00
[2023-12-20T22:43:19.536+0000] {processor.py:183} INFO - Processing /home/airflow/.local/lib/python3.8/site-packages/airflow/example_dags/example_short_circuit_operator.py took 0.082 seconds
[2023-12-20T22:43:49.855+0000] {processor.py:161} INFO - Started process (PID=649) to work on /home/airflow/.local/lib/python3.8/site-packages/airflow/example_dags/example_short_circuit_operator.py
[2023-12-20T22:43:49.856+0000] {processor.py:830} INFO - Processing file /home/airflow/.local/lib/python3.8/site-packages/airflow/example_dags/example_short_circuit_operator.py for tasks to queue
[2023-12-20T22:43:49.859+0000] {logging_mixin.py:188} INFO - [2023-12-20T22:43:49.858+0000] {dagbag.py:538} INFO - Filling up the DagBag from /home/airflow/.local/lib/python3.8/site-packages/airflow/example_dags/example_short_circuit_operator.py
[2023-12-20T22:43:49.867+0000] {processor.py:840} INFO - DAG(s) 'example_short_circuit_operator' retrieved from /home/airflow/.local/lib/python3.8/site-packages/airflow/example_dags/example_short_circuit_operator.py
[2023-12-20T22:43:49.894+0000] {logging_mixin.py:188} INFO - [2023-12-20T22:43:49.894+0000] {dag.py:3033} INFO - Sync 1 DAGs
[2023-12-20T22:43:49.915+0000] {logging_mixin.py:188} INFO - [2023-12-20T22:43:49.915+0000] {dag.py:3820} INFO - Setting next_dagrun for example_short_circuit_operator to 2023-12-19T00:00:00+00:00, run_after=2023-12-20T00:00:00+00:00
[2023-12-20T22:43:49.934+0000] {processor.py:183} INFO - Processing /home/airflow/.local/lib/python3.8/site-packages/airflow/example_dags/example_short_circuit_operator.py took 0.083 seconds
[2023-12-20T22:44:20.020+0000] {processor.py:161} INFO - Started process (PID=702) to work on /home/airflow/.local/lib/python3.8/site-packages/airflow/example_dags/example_short_circuit_operator.py
[2023-12-20T22:44:20.023+0000] {processor.py:830} INFO - Processing file /home/airflow/.local/lib/python3.8/site-packages/airflow/example_dags/example_short_circuit_operator.py for tasks to queue
[2023-12-20T22:44:20.034+0000] {logging_mixin.py:188} INFO - [2023-12-20T22:44:20.033+0000] {dagbag.py:538} INFO - Filling up the DagBag from /home/airflow/.local/lib/python3.8/site-packages/airflow/example_dags/example_short_circuit_operator.py
[2023-12-20T22:44:20.064+0000] {processor.py:840} INFO - DAG(s) 'example_short_circuit_operator' retrieved from /home/airflow/.local/lib/python3.8/site-packages/airflow/example_dags/example_short_circuit_operator.py
[2023-12-20T22:44:20.107+0000] {logging_mixin.py:188} INFO - [2023-12-20T22:44:20.106+0000] {dag.py:3033} INFO - Sync 1 DAGs
[2023-12-20T22:44:20.137+0000] {logging_mixin.py:188} INFO - [2023-12-20T22:44:20.137+0000] {dag.py:3820} INFO - Setting next_dagrun for example_short_circuit_operator to 2023-12-19T00:00:00+00:00, run_after=2023-12-20T00:00:00+00:00
[2023-12-20T22:44:20.179+0000] {processor.py:183} INFO - Processing /home/airflow/.local/lib/python3.8/site-packages/airflow/example_dags/example_short_circuit_operator.py took 0.164 seconds
[2023-12-20T22:44:50.284+0000] {processor.py:161} INFO - Started process (PID=757) to work on /home/airflow/.local/lib/python3.8/site-packages/airflow/example_dags/example_short_circuit_operator.py
[2023-12-20T22:44:50.286+0000] {processor.py:830} INFO - Processing file /home/airflow/.local/lib/python3.8/site-packages/airflow/example_dags/example_short_circuit_operator.py for tasks to queue
[2023-12-20T22:44:50.289+0000] {logging_mixin.py:188} INFO - [2023-12-20T22:44:50.289+0000] {dagbag.py:538} INFO - Filling up the DagBag from /home/airflow/.local/lib/python3.8/site-packages/airflow/example_dags/example_short_circuit_operator.py
[2023-12-20T22:44:50.297+0000] {processor.py:840} INFO - DAG(s) 'example_short_circuit_operator' retrieved from /home/airflow/.local/lib/python3.8/site-packages/airflow/example_dags/example_short_circuit_operator.py
[2023-12-20T22:44:50.322+0000] {logging_mixin.py:188} INFO - [2023-12-20T22:44:50.322+0000] {dag.py:3033} INFO - Sync 1 DAGs
[2023-12-20T22:44:50.340+0000] {logging_mixin.py:188} INFO - [2023-12-20T22:44:50.339+0000] {dag.py:3820} INFO - Setting next_dagrun for example_short_circuit_operator to 2023-12-19T00:00:00+00:00, run_after=2023-12-20T00:00:00+00:00
[2023-12-20T22:44:50.353+0000] {processor.py:183} INFO - Processing /home/airflow/.local/lib/python3.8/site-packages/airflow/example_dags/example_short_circuit_operator.py took 0.073 seconds
[2023-12-20T22:45:20.676+0000] {processor.py:161} INFO - Started process (PID=813) to work on /home/airflow/.local/lib/python3.8/site-packages/airflow/example_dags/example_short_circuit_operator.py
[2023-12-20T22:45:20.678+0000] {processor.py:830} INFO - Processing file /home/airflow/.local/lib/python3.8/site-packages/airflow/example_dags/example_short_circuit_operator.py for tasks to queue
[2023-12-20T22:45:20.681+0000] {logging_mixin.py:188} INFO - [2023-12-20T22:45:20.681+0000] {dagbag.py:538} INFO - Filling up the DagBag from /home/airflow/.local/lib/python3.8/site-packages/airflow/example_dags/example_short_circuit_operator.py
[2023-12-20T22:45:20.689+0000] {processor.py:840} INFO - DAG(s) 'example_short_circuit_operator' retrieved from /home/airflow/.local/lib/python3.8/site-packages/airflow/example_dags/example_short_circuit_operator.py
[2023-12-20T22:45:20.714+0000] {logging_mixin.py:188} INFO - [2023-12-20T22:45:20.714+0000] {dag.py:3033} INFO - Sync 1 DAGs
[2023-12-20T22:45:20.733+0000] {logging_mixin.py:188} INFO - [2023-12-20T22:45:20.732+0000] {dag.py:3820} INFO - Setting next_dagrun for example_short_circuit_operator to 2023-12-19T00:00:00+00:00, run_after=2023-12-20T00:00:00+00:00
[2023-12-20T22:45:20.746+0000] {processor.py:183} INFO - Processing /home/airflow/.local/lib/python3.8/site-packages/airflow/example_dags/example_short_circuit_operator.py took 0.074 seconds
[2023-12-20T22:45:51.210+0000] {processor.py:161} INFO - Started process (PID=868) to work on /home/airflow/.local/lib/python3.8/site-packages/airflow/example_dags/example_short_circuit_operator.py
[2023-12-20T22:45:51.212+0000] {processor.py:830} INFO - Processing file /home/airflow/.local/lib/python3.8/site-packages/airflow/example_dags/example_short_circuit_operator.py for tasks to queue
[2023-12-20T22:45:51.215+0000] {logging_mixin.py:188} INFO - [2023-12-20T22:45:51.214+0000] {dagbag.py:538} INFO - Filling up the DagBag from /home/airflow/.local/lib/python3.8/site-packages/airflow/example_dags/example_short_circuit_operator.py
[2023-12-20T22:45:51.223+0000] {processor.py:840} INFO - DAG(s) 'example_short_circuit_operator' retrieved from /home/airflow/.local/lib/python3.8/site-packages/airflow/example_dags/example_short_circuit_operator.py
[2023-12-20T22:45:51.246+0000] {logging_mixin.py:188} INFO - [2023-12-20T22:45:51.246+0000] {dag.py:3033} INFO - Sync 1 DAGs
[2023-12-20T22:45:51.264+0000] {logging_mixin.py:188} INFO - [2023-12-20T22:45:51.263+0000] {dag.py:3820} INFO - Setting next_dagrun for example_short_circuit_operator to 2023-12-19T00:00:00+00:00, run_after=2023-12-20T00:00:00+00:00
[2023-12-20T22:45:51.276+0000] {processor.py:183} INFO - Processing /home/airflow/.local/lib/python3.8/site-packages/airflow/example_dags/example_short_circuit_operator.py took 0.070 seconds
[2023-12-20T22:46:21.937+0000] {processor.py:161} INFO - Started process (PID=923) to work on /home/airflow/.local/lib/python3.8/site-packages/airflow/example_dags/example_short_circuit_operator.py
[2023-12-20T22:46:21.939+0000] {processor.py:830} INFO - Processing file /home/airflow/.local/lib/python3.8/site-packages/airflow/example_dags/example_short_circuit_operator.py for tasks to queue
[2023-12-20T22:46:21.942+0000] {logging_mixin.py:188} INFO - [2023-12-20T22:46:21.942+0000] {dagbag.py:538} INFO - Filling up the DagBag from /home/airflow/.local/lib/python3.8/site-packages/airflow/example_dags/example_short_circuit_operator.py
[2023-12-20T22:46:21.951+0000] {processor.py:840} INFO - DAG(s) 'example_short_circuit_operator' retrieved from /home/airflow/.local/lib/python3.8/site-packages/airflow/example_dags/example_short_circuit_operator.py
[2023-12-20T22:46:21.978+0000] {logging_mixin.py:188} INFO - [2023-12-20T22:46:21.978+0000] {dag.py:3033} INFO - Sync 1 DAGs
[2023-12-20T22:46:21.996+0000] {logging_mixin.py:188} INFO - [2023-12-20T22:46:21.996+0000] {dag.py:3820} INFO - Setting next_dagrun for example_short_circuit_operator to 2023-12-19T00:00:00+00:00, run_after=2023-12-20T00:00:00+00:00
[2023-12-20T22:46:22.010+0000] {processor.py:183} INFO - Processing /home/airflow/.local/lib/python3.8/site-packages/airflow/example_dags/example_short_circuit_operator.py took 0.079 seconds
[2023-12-20T22:46:52.814+0000] {processor.py:161} INFO - Started process (PID=978) to work on /home/airflow/.local/lib/python3.8/site-packages/airflow/example_dags/example_short_circuit_operator.py
[2023-12-20T22:46:52.816+0000] {processor.py:830} INFO - Processing file /home/airflow/.local/lib/python3.8/site-packages/airflow/example_dags/example_short_circuit_operator.py for tasks to queue
[2023-12-20T22:46:52.819+0000] {logging_mixin.py:188} INFO - [2023-12-20T22:46:52.819+0000] {dagbag.py:538} INFO - Filling up the DagBag from /home/airflow/.local/lib/python3.8/site-packages/airflow/example_dags/example_short_circuit_operator.py
[2023-12-20T22:46:52.828+0000] {processor.py:840} INFO - DAG(s) 'example_short_circuit_operator' retrieved from /home/airflow/.local/lib/python3.8/site-packages/airflow/example_dags/example_short_circuit_operator.py
[2023-12-20T22:46:52.856+0000] {logging_mixin.py:188} INFO - [2023-12-20T22:46:52.856+0000] {dag.py:3033} INFO - Sync 1 DAGs
[2023-12-20T22:46:52.875+0000] {logging_mixin.py:188} INFO - [2023-12-20T22:46:52.875+0000] {dag.py:3820} INFO - Setting next_dagrun for example_short_circuit_operator to 2023-12-19T00:00:00+00:00, run_after=2023-12-20T00:00:00+00:00
[2023-12-20T22:46:52.889+0000] {processor.py:183} INFO - Processing /home/airflow/.local/lib/python3.8/site-packages/airflow/example_dags/example_short_circuit_operator.py took 0.079 seconds
[2023-12-20T22:47:22.955+0000] {processor.py:161} INFO - Started process (PID=1033) to work on /home/airflow/.local/lib/python3.8/site-packages/airflow/example_dags/example_short_circuit_operator.py
[2023-12-20T22:47:22.956+0000] {processor.py:830} INFO - Processing file /home/airflow/.local/lib/python3.8/site-packages/airflow/example_dags/example_short_circuit_operator.py for tasks to queue
[2023-12-20T22:47:22.959+0000] {logging_mixin.py:188} INFO - [2023-12-20T22:47:22.959+0000] {dagbag.py:538} INFO - Filling up the DagBag from /home/airflow/.local/lib/python3.8/site-packages/airflow/example_dags/example_short_circuit_operator.py
[2023-12-20T22:47:22.967+0000] {processor.py:840} INFO - DAG(s) 'example_short_circuit_operator' retrieved from /home/airflow/.local/lib/python3.8/site-packages/airflow/example_dags/example_short_circuit_operator.py
[2023-12-20T22:47:22.995+0000] {logging_mixin.py:188} INFO - [2023-12-20T22:47:22.995+0000] {dag.py:3033} INFO - Sync 1 DAGs
[2023-12-20T22:47:23.016+0000] {logging_mixin.py:188} INFO - [2023-12-20T22:47:23.016+0000] {dag.py:3820} INFO - Setting next_dagrun for example_short_circuit_operator to 2023-12-19T00:00:00+00:00, run_after=2023-12-20T00:00:00+00:00
[2023-12-20T22:47:23.034+0000] {processor.py:183} INFO - Processing /home/airflow/.local/lib/python3.8/site-packages/airflow/example_dags/example_short_circuit_operator.py took 0.082 seconds
[2023-12-20T22:47:53.338+0000] {processor.py:161} INFO - Started process (PID=1087) to work on /home/airflow/.local/lib/python3.8/site-packages/airflow/example_dags/example_short_circuit_operator.py
[2023-12-20T22:47:53.339+0000] {processor.py:830} INFO - Processing file /home/airflow/.local/lib/python3.8/site-packages/airflow/example_dags/example_short_circuit_operator.py for tasks to queue
[2023-12-20T22:47:53.342+0000] {logging_mixin.py:188} INFO - [2023-12-20T22:47:53.341+0000] {dagbag.py:538} INFO - Filling up the DagBag from /home/airflow/.local/lib/python3.8/site-packages/airflow/example_dags/example_short_circuit_operator.py
[2023-12-20T22:47:53.349+0000] {processor.py:840} INFO - DAG(s) 'example_short_circuit_operator' retrieved from /home/airflow/.local/lib/python3.8/site-packages/airflow/example_dags/example_short_circuit_operator.py
[2023-12-20T22:47:53.373+0000] {logging_mixin.py:188} INFO - [2023-12-20T22:47:53.372+0000] {dag.py:3033} INFO - Sync 1 DAGs
[2023-12-20T22:47:53.390+0000] {logging_mixin.py:188} INFO - [2023-12-20T22:47:53.389+0000] {dag.py:3820} INFO - Setting next_dagrun for example_short_circuit_operator to 2023-12-19T00:00:00+00:00, run_after=2023-12-20T00:00:00+00:00
[2023-12-20T22:47:53.402+0000] {processor.py:183} INFO - Processing /home/airflow/.local/lib/python3.8/site-packages/airflow/example_dags/example_short_circuit_operator.py took 0.067 seconds
[2023-12-20T22:48:24.318+0000] {processor.py:161} INFO - Started process (PID=1142) to work on /home/airflow/.local/lib/python3.8/site-packages/airflow/example_dags/example_short_circuit_operator.py
[2023-12-20T22:48:24.320+0000] {processor.py:830} INFO - Processing file /home/airflow/.local/lib/python3.8/site-packages/airflow/example_dags/example_short_circuit_operator.py for tasks to queue
[2023-12-20T22:48:24.322+0000] {logging_mixin.py:188} INFO - [2023-12-20T22:48:24.322+0000] {dagbag.py:538} INFO - Filling up the DagBag from /home/airflow/.local/lib/python3.8/site-packages/airflow/example_dags/example_short_circuit_operator.py
[2023-12-20T22:48:24.332+0000] {processor.py:840} INFO - DAG(s) 'example_short_circuit_operator' retrieved from /home/airflow/.local/lib/python3.8/site-packages/airflow/example_dags/example_short_circuit_operator.py
[2023-12-20T22:48:24.358+0000] {logging_mixin.py:188} INFO - [2023-12-20T22:48:24.358+0000] {dag.py:3033} INFO - Sync 1 DAGs
[2023-12-20T22:48:24.377+0000] {logging_mixin.py:188} INFO - [2023-12-20T22:48:24.377+0000] {dag.py:3820} INFO - Setting next_dagrun for example_short_circuit_operator to 2023-12-19T00:00:00+00:00, run_after=2023-12-20T00:00:00+00:00
[2023-12-20T22:48:24.389+0000] {processor.py:183} INFO - Processing /home/airflow/.local/lib/python3.8/site-packages/airflow/example_dags/example_short_circuit_operator.py took 0.076 seconds
[2023-12-20T22:48:54.605+0000] {processor.py:161} INFO - Started process (PID=1196) to work on /home/airflow/.local/lib/python3.8/site-packages/airflow/example_dags/example_short_circuit_operator.py
[2023-12-20T22:48:54.608+0000] {processor.py:830} INFO - Processing file /home/airflow/.local/lib/python3.8/site-packages/airflow/example_dags/example_short_circuit_operator.py for tasks to queue
[2023-12-20T22:48:54.611+0000] {logging_mixin.py:188} INFO - [2023-12-20T22:48:54.611+0000] {dagbag.py:538} INFO - Filling up the DagBag from /home/airflow/.local/lib/python3.8/site-packages/airflow/example_dags/example_short_circuit_operator.py
[2023-12-20T22:48:54.620+0000] {processor.py:840} INFO - DAG(s) 'example_short_circuit_operator' retrieved from /home/airflow/.local/lib/python3.8/site-packages/airflow/example_dags/example_short_circuit_operator.py
[2023-12-20T22:48:54.646+0000] {logging_mixin.py:188} INFO - [2023-12-20T22:48:54.646+0000] {dag.py:3033} INFO - Sync 1 DAGs
[2023-12-20T22:48:54.665+0000] {logging_mixin.py:188} INFO - [2023-12-20T22:48:54.665+0000] {dag.py:3820} INFO - Setting next_dagrun for example_short_circuit_operator to 2023-12-19T00:00:00+00:00, run_after=2023-12-20T00:00:00+00:00
[2023-12-20T22:48:54.678+0000] {processor.py:183} INFO - Processing /home/airflow/.local/lib/python3.8/site-packages/airflow/example_dags/example_short_circuit_operator.py took 0.080 seconds
[2023-12-20T22:49:24.792+0000] {processor.py:161} INFO - Started process (PID=1250) to work on /home/airflow/.local/lib/python3.8/site-packages/airflow/example_dags/example_short_circuit_operator.py
[2023-12-20T22:49:24.793+0000] {processor.py:830} INFO - Processing file /home/airflow/.local/lib/python3.8/site-packages/airflow/example_dags/example_short_circuit_operator.py for tasks to queue
[2023-12-20T22:49:24.796+0000] {logging_mixin.py:188} INFO - [2023-12-20T22:49:24.796+0000] {dagbag.py:538} INFO - Filling up the DagBag from /home/airflow/.local/lib/python3.8/site-packages/airflow/example_dags/example_short_circuit_operator.py
[2023-12-20T22:49:24.805+0000] {processor.py:840} INFO - DAG(s) 'example_short_circuit_operator' retrieved from /home/airflow/.local/lib/python3.8/site-packages/airflow/example_dags/example_short_circuit_operator.py
[2023-12-20T22:49:24.838+0000] {logging_mixin.py:188} INFO - [2023-12-20T22:49:24.838+0000] {dag.py:3033} INFO - Sync 1 DAGs
[2023-12-20T22:49:24.862+0000] {logging_mixin.py:188} INFO - [2023-12-20T22:49:24.862+0000] {dag.py:3820} INFO - Setting next_dagrun for example_short_circuit_operator to 2023-12-19T00:00:00+00:00, run_after=2023-12-20T00:00:00+00:00
[2023-12-20T22:49:24.887+0000] {processor.py:183} INFO - Processing /home/airflow/.local/lib/python3.8/site-packages/airflow/example_dags/example_short_circuit_operator.py took 0.100 seconds
[2023-12-20T22:49:55.150+0000] {processor.py:161} INFO - Started process (PID=1305) to work on /home/airflow/.local/lib/python3.8/site-packages/airflow/example_dags/example_short_circuit_operator.py
[2023-12-20T22:49:55.151+0000] {processor.py:830} INFO - Processing file /home/airflow/.local/lib/python3.8/site-packages/airflow/example_dags/example_short_circuit_operator.py for tasks to queue
[2023-12-20T22:49:55.154+0000] {logging_mixin.py:188} INFO - [2023-12-20T22:49:55.153+0000] {dagbag.py:538} INFO - Filling up the DagBag from /home/airflow/.local/lib/python3.8/site-packages/airflow/example_dags/example_short_circuit_operator.py
[2023-12-20T22:49:55.162+0000] {processor.py:840} INFO - DAG(s) 'example_short_circuit_operator' retrieved from /home/airflow/.local/lib/python3.8/site-packages/airflow/example_dags/example_short_circuit_operator.py
[2023-12-20T22:49:55.188+0000] {logging_mixin.py:188} INFO - [2023-12-20T22:49:55.188+0000] {dag.py:3033} INFO - Sync 1 DAGs
[2023-12-20T22:49:55.218+0000] {logging_mixin.py:188} INFO - [2023-12-20T22:49:55.218+0000] {dag.py:3820} INFO - Setting next_dagrun for example_short_circuit_operator to 2023-12-19T00:00:00+00:00, run_after=2023-12-20T00:00:00+00:00
[2023-12-20T22:49:55.234+0000] {processor.py:183} INFO - Processing /home/airflow/.local/lib/python3.8/site-packages/airflow/example_dags/example_short_circuit_operator.py took 0.088 seconds
[2023-12-20T22:50:25.436+0000] {processor.py:161} INFO - Started process (PID=1360) to work on /home/airflow/.local/lib/python3.8/site-packages/airflow/example_dags/example_short_circuit_operator.py
[2023-12-20T22:50:25.437+0000] {processor.py:830} INFO - Processing file /home/airflow/.local/lib/python3.8/site-packages/airflow/example_dags/example_short_circuit_operator.py for tasks to queue
[2023-12-20T22:50:25.440+0000] {logging_mixin.py:188} INFO - [2023-12-20T22:50:25.440+0000] {dagbag.py:538} INFO - Filling up the DagBag from /home/airflow/.local/lib/python3.8/site-packages/airflow/example_dags/example_short_circuit_operator.py
[2023-12-20T22:50:25.449+0000] {processor.py:840} INFO - DAG(s) 'example_short_circuit_operator' retrieved from /home/airflow/.local/lib/python3.8/site-packages/airflow/example_dags/example_short_circuit_operator.py
[2023-12-20T22:50:25.473+0000] {logging_mixin.py:188} INFO - [2023-12-20T22:50:25.473+0000] {dag.py:3033} INFO - Sync 1 DAGs
[2023-12-20T22:50:25.490+0000] {logging_mixin.py:188} INFO - [2023-12-20T22:50:25.490+0000] {dag.py:3820} INFO - Setting next_dagrun for example_short_circuit_operator to 2023-12-19T00:00:00+00:00, run_after=2023-12-20T00:00:00+00:00
[2023-12-20T22:50:25.503+0000] {processor.py:183} INFO - Processing /home/airflow/.local/lib/python3.8/site-packages/airflow/example_dags/example_short_circuit_operator.py took 0.071 seconds
[2023-12-20T22:50:55.552+0000] {processor.py:161} INFO - Started process (PID=1415) to work on /home/airflow/.local/lib/python3.8/site-packages/airflow/example_dags/example_short_circuit_operator.py
[2023-12-20T22:50:55.553+0000] {processor.py:830} INFO - Processing file /home/airflow/.local/lib/python3.8/site-packages/airflow/example_dags/example_short_circuit_operator.py for tasks to queue
[2023-12-20T22:50:55.557+0000] {logging_mixin.py:188} INFO - [2023-12-20T22:50:55.556+0000] {dagbag.py:538} INFO - Filling up the DagBag from /home/airflow/.local/lib/python3.8/site-packages/airflow/example_dags/example_short_circuit_operator.py
[2023-12-20T22:50:55.567+0000] {processor.py:840} INFO - DAG(s) 'example_short_circuit_operator' retrieved from /home/airflow/.local/lib/python3.8/site-packages/airflow/example_dags/example_short_circuit_operator.py
[2023-12-20T22:50:55.594+0000] {logging_mixin.py:188} INFO - [2023-12-20T22:50:55.594+0000] {dag.py:3033} INFO - Sync 1 DAGs
[2023-12-20T22:50:55.613+0000] {logging_mixin.py:188} INFO - [2023-12-20T22:50:55.613+0000] {dag.py:3820} INFO - Setting next_dagrun for example_short_circuit_operator to 2023-12-19T00:00:00+00:00, run_after=2023-12-20T00:00:00+00:00
[2023-12-20T22:50:55.627+0000] {processor.py:183} INFO - Processing /home/airflow/.local/lib/python3.8/site-packages/airflow/example_dags/example_short_circuit_operator.py took 0.079 seconds
[2023-12-20T22:51:26.590+0000] {processor.py:161} INFO - Started process (PID=1470) to work on /home/airflow/.local/lib/python3.8/site-packages/airflow/example_dags/example_short_circuit_operator.py
[2023-12-20T22:51:26.593+0000] {processor.py:830} INFO - Processing file /home/airflow/.local/lib/python3.8/site-packages/airflow/example_dags/example_short_circuit_operator.py for tasks to queue
[2023-12-20T22:51:26.599+0000] {logging_mixin.py:188} INFO - [2023-12-20T22:51:26.599+0000] {dagbag.py:538} INFO - Filling up the DagBag from /home/airflow/.local/lib/python3.8/site-packages/airflow/example_dags/example_short_circuit_operator.py
[2023-12-20T22:51:26.609+0000] {processor.py:840} INFO - DAG(s) 'example_short_circuit_operator' retrieved from /home/airflow/.local/lib/python3.8/site-packages/airflow/example_dags/example_short_circuit_operator.py
[2023-12-20T22:51:26.634+0000] {logging_mixin.py:188} INFO - [2023-12-20T22:51:26.634+0000] {dag.py:3033} INFO - Sync 1 DAGs
[2023-12-20T22:51:26.655+0000] {logging_mixin.py:188} INFO - [2023-12-20T22:51:26.654+0000] {dag.py:3820} INFO - Setting next_dagrun for example_short_circuit_operator to 2023-12-19T00:00:00+00:00, run_after=2023-12-20T00:00:00+00:00
[2023-12-20T22:51:26.670+0000] {processor.py:183} INFO - Processing /home/airflow/.local/lib/python3.8/site-packages/airflow/example_dags/example_short_circuit_operator.py took 0.085 seconds
[2023-12-20T22:51:57.461+0000] {processor.py:161} INFO - Started process (PID=1525) to work on /home/airflow/.local/lib/python3.8/site-packages/airflow/example_dags/example_short_circuit_operator.py
[2023-12-20T22:51:57.463+0000] {processor.py:830} INFO - Processing file /home/airflow/.local/lib/python3.8/site-packages/airflow/example_dags/example_short_circuit_operator.py for tasks to queue
[2023-12-20T22:51:57.466+0000] {logging_mixin.py:188} INFO - [2023-12-20T22:51:57.466+0000] {dagbag.py:538} INFO - Filling up the DagBag from /home/airflow/.local/lib/python3.8/site-packages/airflow/example_dags/example_short_circuit_operator.py
[2023-12-20T22:51:57.475+0000] {processor.py:840} INFO - DAG(s) 'example_short_circuit_operator' retrieved from /home/airflow/.local/lib/python3.8/site-packages/airflow/example_dags/example_short_circuit_operator.py
[2023-12-20T22:51:57.506+0000] {logging_mixin.py:188} INFO - [2023-12-20T22:51:57.506+0000] {dag.py:3033} INFO - Sync 1 DAGs
[2023-12-20T22:51:57.546+0000] {logging_mixin.py:188} INFO - [2023-12-20T22:51:57.546+0000] {dag.py:3820} INFO - Setting next_dagrun for example_short_circuit_operator to 2023-12-19T00:00:00+00:00, run_after=2023-12-20T00:00:00+00:00
[2023-12-20T22:51:57.577+0000] {processor.py:183} INFO - Processing /home/airflow/.local/lib/python3.8/site-packages/airflow/example_dags/example_short_circuit_operator.py took 0.122 seconds
[2023-12-20T22:52:28.132+0000] {processor.py:161} INFO - Started process (PID=1580) to work on /home/airflow/.local/lib/python3.8/site-packages/airflow/example_dags/example_short_circuit_operator.py
[2023-12-20T22:52:28.134+0000] {processor.py:830} INFO - Processing file /home/airflow/.local/lib/python3.8/site-packages/airflow/example_dags/example_short_circuit_operator.py for tasks to queue
[2023-12-20T22:52:28.137+0000] {logging_mixin.py:188} INFO - [2023-12-20T22:52:28.136+0000] {dagbag.py:538} INFO - Filling up the DagBag from /home/airflow/.local/lib/python3.8/site-packages/airflow/example_dags/example_short_circuit_operator.py
[2023-12-20T22:52:28.145+0000] {processor.py:840} INFO - DAG(s) 'example_short_circuit_operator' retrieved from /home/airflow/.local/lib/python3.8/site-packages/airflow/example_dags/example_short_circuit_operator.py
[2023-12-20T22:52:28.175+0000] {logging_mixin.py:188} INFO - [2023-12-20T22:52:28.175+0000] {dag.py:3033} INFO - Sync 1 DAGs
[2023-12-20T22:52:28.200+0000] {logging_mixin.py:188} INFO - [2023-12-20T22:52:28.200+0000] {dag.py:3820} INFO - Setting next_dagrun for example_short_circuit_operator to 2023-12-19T00:00:00+00:00, run_after=2023-12-20T00:00:00+00:00
[2023-12-20T22:52:28.219+0000] {processor.py:183} INFO - Processing /home/airflow/.local/lib/python3.8/site-packages/airflow/example_dags/example_short_circuit_operator.py took 0.091 seconds
[2023-12-20T22:52:58.732+0000] {processor.py:161} INFO - Started process (PID=1635) to work on /home/airflow/.local/lib/python3.8/site-packages/airflow/example_dags/example_short_circuit_operator.py
[2023-12-20T22:52:58.735+0000] {processor.py:830} INFO - Processing file /home/airflow/.local/lib/python3.8/site-packages/airflow/example_dags/example_short_circuit_operator.py for tasks to queue
[2023-12-20T22:52:58.739+0000] {logging_mixin.py:188} INFO - [2023-12-20T22:52:58.738+0000] {dagbag.py:538} INFO - Filling up the DagBag from /home/airflow/.local/lib/python3.8/site-packages/airflow/example_dags/example_short_circuit_operator.py
[2023-12-20T22:52:58.752+0000] {processor.py:840} INFO - DAG(s) 'example_short_circuit_operator' retrieved from /home/airflow/.local/lib/python3.8/site-packages/airflow/example_dags/example_short_circuit_operator.py
[2023-12-20T22:52:58.782+0000] {logging_mixin.py:188} INFO - [2023-12-20T22:52:58.782+0000] {dag.py:3033} INFO - Sync 1 DAGs
[2023-12-20T22:52:58.808+0000] {logging_mixin.py:188} INFO - [2023-12-20T22:52:58.807+0000] {dag.py:3820} INFO - Setting next_dagrun for example_short_circuit_operator to 2023-12-19T00:00:00+00:00, run_after=2023-12-20T00:00:00+00:00
[2023-12-20T22:52:58.828+0000] {processor.py:183} INFO - Processing /home/airflow/.local/lib/python3.8/site-packages/airflow/example_dags/example_short_circuit_operator.py took 0.100 seconds
[2023-12-20T22:53:29.401+0000] {processor.py:161} INFO - Started process (PID=1691) to work on /home/airflow/.local/lib/python3.8/site-packages/airflow/example_dags/example_short_circuit_operator.py
[2023-12-20T22:53:29.402+0000] {processor.py:830} INFO - Processing file /home/airflow/.local/lib/python3.8/site-packages/airflow/example_dags/example_short_circuit_operator.py for tasks to queue
[2023-12-20T22:53:29.405+0000] {logging_mixin.py:188} INFO - [2023-12-20T22:53:29.404+0000] {dagbag.py:538} INFO - Filling up the DagBag from /home/airflow/.local/lib/python3.8/site-packages/airflow/example_dags/example_short_circuit_operator.py
[2023-12-20T22:53:29.413+0000] {processor.py:840} INFO - DAG(s) 'example_short_circuit_operator' retrieved from /home/airflow/.local/lib/python3.8/site-packages/airflow/example_dags/example_short_circuit_operator.py
[2023-12-20T22:53:29.440+0000] {logging_mixin.py:188} INFO - [2023-12-20T22:53:29.440+0000] {dag.py:3033} INFO - Sync 1 DAGs
[2023-12-20T22:53:29.463+0000] {logging_mixin.py:188} INFO - [2023-12-20T22:53:29.463+0000] {dag.py:3820} INFO - Setting next_dagrun for example_short_circuit_operator to 2023-12-19T00:00:00+00:00, run_after=2023-12-20T00:00:00+00:00
[2023-12-20T22:53:29.484+0000] {processor.py:183} INFO - Processing /home/airflow/.local/lib/python3.8/site-packages/airflow/example_dags/example_short_circuit_operator.py took 0.088 seconds
[2023-12-20T22:54:01.589+0000] {processor.py:161} INFO - Started process (PID=1747) to work on /home/airflow/.local/lib/python3.8/site-packages/airflow/example_dags/example_short_circuit_operator.py
[2023-12-20T22:54:01.595+0000] {processor.py:830} INFO - Processing file /home/airflow/.local/lib/python3.8/site-packages/airflow/example_dags/example_short_circuit_operator.py for tasks to queue
[2023-12-20T22:54:01.604+0000] {logging_mixin.py:188} INFO - [2023-12-20T22:54:01.603+0000] {dagbag.py:538} INFO - Filling up the DagBag from /home/airflow/.local/lib/python3.8/site-packages/airflow/example_dags/example_short_circuit_operator.py
[2023-12-20T22:54:01.643+0000] {processor.py:840} INFO - DAG(s) 'example_short_circuit_operator' retrieved from /home/airflow/.local/lib/python3.8/site-packages/airflow/example_dags/example_short_circuit_operator.py
[2023-12-20T22:54:01.782+0000] {logging_mixin.py:188} INFO - [2023-12-20T22:54:01.782+0000] {dag.py:3033} INFO - Sync 1 DAGs
[2023-12-20T22:54:01.982+0000] {logging_mixin.py:188} INFO - [2023-12-20T22:54:01.981+0000] {dag.py:3820} INFO - Setting next_dagrun for example_short_circuit_operator to 2023-12-19T00:00:00+00:00, run_after=2023-12-20T00:00:00+00:00
[2023-12-20T22:54:02.088+0000] {processor.py:183} INFO - Processing /home/airflow/.local/lib/python3.8/site-packages/airflow/example_dags/example_short_circuit_operator.py took 0.523 seconds
[2023-12-20T22:54:53.607+0000] {processor.py:161} INFO - Started process (PID=1796) to work on /home/airflow/.local/lib/python3.8/site-packages/airflow/example_dags/example_short_circuit_operator.py
[2023-12-20T22:54:53.630+0000] {processor.py:830} INFO - Processing file /home/airflow/.local/lib/python3.8/site-packages/airflow/example_dags/example_short_circuit_operator.py for tasks to queue
[2023-12-20T22:54:53.649+0000] {logging_mixin.py:188} INFO - [2023-12-20T22:54:53.648+0000] {dagbag.py:538} INFO - Filling up the DagBag from /home/airflow/.local/lib/python3.8/site-packages/airflow/example_dags/example_short_circuit_operator.py
[2023-12-20T22:54:53.744+0000] {processor.py:840} INFO - DAG(s) 'example_short_circuit_operator' retrieved from /home/airflow/.local/lib/python3.8/site-packages/airflow/example_dags/example_short_circuit_operator.py
[2023-12-20T22:54:54.014+0000] {logging_mixin.py:188} INFO - [2023-12-20T22:54:54.013+0000] {dag.py:3033} INFO - Sync 1 DAGs
[2023-12-20T22:54:54.209+0000] {logging_mixin.py:188} INFO - [2023-12-20T22:54:54.205+0000] {dag.py:3820} INFO - Setting next_dagrun for example_short_circuit_operator to 2023-12-19T00:00:00+00:00, run_after=2023-12-20T00:00:00+00:00
[2023-12-20T22:54:54.364+0000] {processor.py:183} INFO - Processing /home/airflow/.local/lib/python3.8/site-packages/airflow/example_dags/example_short_circuit_operator.py took 0.803 seconds
[2023-12-20T22:55:57.809+0000] {processor.py:161} INFO - Started process (PID=1864) to work on /home/airflow/.local/lib/python3.8/site-packages/airflow/example_dags/example_short_circuit_operator.py
[2023-12-20T22:55:57.826+0000] {processor.py:830} INFO - Processing file /home/airflow/.local/lib/python3.8/site-packages/airflow/example_dags/example_short_circuit_operator.py for tasks to queue
[2023-12-20T22:55:57.845+0000] {logging_mixin.py:188} INFO - [2023-12-20T22:55:57.844+0000] {dagbag.py:538} INFO - Filling up the DagBag from /home/airflow/.local/lib/python3.8/site-packages/airflow/example_dags/example_short_circuit_operator.py
[2023-12-20T22:55:57.912+0000] {processor.py:840} INFO - DAG(s) 'example_short_circuit_operator' retrieved from /home/airflow/.local/lib/python3.8/site-packages/airflow/example_dags/example_short_circuit_operator.py
[2023-12-20T22:55:58.062+0000] {logging_mixin.py:188} INFO - [2023-12-20T22:55:58.061+0000] {dag.py:3033} INFO - Sync 1 DAGs
[2023-12-20T22:55:58.198+0000] {logging_mixin.py:188} INFO - [2023-12-20T22:55:58.197+0000] {dag.py:3820} INFO - Setting next_dagrun for example_short_circuit_operator to 2023-12-19T00:00:00+00:00, run_after=2023-12-20T00:00:00+00:00
[2023-12-20T22:55:58.242+0000] {processor.py:183} INFO - Processing /home/airflow/.local/lib/python3.8/site-packages/airflow/example_dags/example_short_circuit_operator.py took 0.477 seconds
[2023-12-20T22:56:40.455+0000] {processor.py:161} INFO - Started process (PID=1928) to work on /home/airflow/.local/lib/python3.8/site-packages/airflow/example_dags/example_short_circuit_operator.py
[2023-12-20T22:56:40.471+0000] {processor.py:830} INFO - Processing file /home/airflow/.local/lib/python3.8/site-packages/airflow/example_dags/example_short_circuit_operator.py for tasks to queue
[2023-12-20T22:56:40.487+0000] {logging_mixin.py:188} INFO - [2023-12-20T22:56:40.486+0000] {dagbag.py:538} INFO - Filling up the DagBag from /home/airflow/.local/lib/python3.8/site-packages/airflow/example_dags/example_short_circuit_operator.py
[2023-12-20T22:56:40.536+0000] {processor.py:840} INFO - DAG(s) 'example_short_circuit_operator' retrieved from /home/airflow/.local/lib/python3.8/site-packages/airflow/example_dags/example_short_circuit_operator.py
[2023-12-20T22:56:40.640+0000] {logging_mixin.py:188} INFO - [2023-12-20T22:56:40.638+0000] {dag.py:3033} INFO - Sync 1 DAGs
[2023-12-20T22:56:40.827+0000] {logging_mixin.py:188} INFO - [2023-12-20T22:56:40.827+0000] {dag.py:3820} INFO - Setting next_dagrun for example_short_circuit_operator to 2023-12-19T00:00:00+00:00, run_after=2023-12-20T00:00:00+00:00
[2023-12-20T22:56:40.943+0000] {processor.py:183} INFO - Processing /home/airflow/.local/lib/python3.8/site-packages/airflow/example_dags/example_short_circuit_operator.py took 0.519 seconds
[2023-12-20T22:57:25.859+0000] {processor.py:161} INFO - Started process (PID=1990) to work on /home/airflow/.local/lib/python3.8/site-packages/airflow/example_dags/example_short_circuit_operator.py
[2023-12-20T22:57:25.867+0000] {processor.py:830} INFO - Processing file /home/airflow/.local/lib/python3.8/site-packages/airflow/example_dags/example_short_circuit_operator.py for tasks to queue
[2023-12-20T22:57:25.884+0000] {logging_mixin.py:188} INFO - [2023-12-20T22:57:25.883+0000] {dagbag.py:538} INFO - Filling up the DagBag from /home/airflow/.local/lib/python3.8/site-packages/airflow/example_dags/example_short_circuit_operator.py
[2023-12-20T22:57:25.995+0000] {processor.py:840} INFO - DAG(s) 'example_short_circuit_operator' retrieved from /home/airflow/.local/lib/python3.8/site-packages/airflow/example_dags/example_short_circuit_operator.py
[2023-12-20T22:57:26.294+0000] {logging_mixin.py:188} INFO - [2023-12-20T22:57:26.293+0000] {dag.py:3033} INFO - Sync 1 DAGs
[2023-12-20T22:57:29.305+0000] {logging_mixin.py:188} INFO - [2023-12-20T22:57:29.304+0000] {dag.py:3820} INFO - Setting next_dagrun for example_short_circuit_operator to 2023-12-19T00:00:00+00:00, run_after=2023-12-20T00:00:00+00:00
[2023-12-20T22:57:29.435+0000] {processor.py:183} INFO - Processing /home/airflow/.local/lib/python3.8/site-packages/airflow/example_dags/example_short_circuit_operator.py took 3.604 seconds
[2023-12-20T22:59:51.901+0000] {processor.py:161} INFO - Started process (PID=2057) to work on /home/airflow/.local/lib/python3.8/site-packages/airflow/example_dags/example_short_circuit_operator.py
[2023-12-20T22:59:51.912+0000] {processor.py:830} INFO - Processing file /home/airflow/.local/lib/python3.8/site-packages/airflow/example_dags/example_short_circuit_operator.py for tasks to queue
[2023-12-20T22:59:51.946+0000] {logging_mixin.py:188} INFO - [2023-12-20T22:59:51.933+0000] {dagbag.py:538} INFO - Filling up the DagBag from /home/airflow/.local/lib/python3.8/site-packages/airflow/example_dags/example_short_circuit_operator.py
[2023-12-20T22:59:52.063+0000] {processor.py:840} INFO - DAG(s) 'example_short_circuit_operator' retrieved from /home/airflow/.local/lib/python3.8/site-packages/airflow/example_dags/example_short_circuit_operator.py
[2023-12-20T22:59:52.327+0000] {logging_mixin.py:188} INFO - [2023-12-20T22:59:52.327+0000] {dag.py:3033} INFO - Sync 1 DAGs
[2023-12-20T22:59:52.617+0000] {logging_mixin.py:188} INFO - [2023-12-20T22:59:52.616+0000] {dag.py:3820} INFO - Setting next_dagrun for example_short_circuit_operator to 2023-12-19T00:00:00+00:00, run_after=2023-12-20T00:00:00+00:00
[2023-12-20T22:59:52.905+0000] {processor.py:183} INFO - Processing /home/airflow/.local/lib/python3.8/site-packages/airflow/example_dags/example_short_circuit_operator.py took 1.022 seconds
[2023-12-20T23:00:53.311+0000] {processor.py:161} INFO - Started process (PID=2109) to work on /home/airflow/.local/lib/python3.8/site-packages/airflow/example_dags/example_short_circuit_operator.py
[2023-12-20T23:00:53.326+0000] {processor.py:830} INFO - Processing file /home/airflow/.local/lib/python3.8/site-packages/airflow/example_dags/example_short_circuit_operator.py for tasks to queue
[2023-12-20T23:00:53.362+0000] {logging_mixin.py:188} INFO - [2023-12-20T23:00:53.358+0000] {dagbag.py:538} INFO - Filling up the DagBag from /home/airflow/.local/lib/python3.8/site-packages/airflow/example_dags/example_short_circuit_operator.py
[2023-12-20T23:00:53.513+0000] {processor.py:840} INFO - DAG(s) 'example_short_circuit_operator' retrieved from /home/airflow/.local/lib/python3.8/site-packages/airflow/example_dags/example_short_circuit_operator.py
[2023-12-20T23:00:53.690+0000] {logging_mixin.py:188} INFO - [2023-12-20T23:00:53.689+0000] {dag.py:3033} INFO - Sync 1 DAGs
[2023-12-20T23:00:56.429+0000] {logging_mixin.py:188} INFO - [2023-12-20T23:00:56.428+0000] {dag.py:3820} INFO - Setting next_dagrun for example_short_circuit_operator to 2023-12-19T00:00:00+00:00, run_after=2023-12-20T00:00:00+00:00
[2023-12-20T23:00:56.640+0000] {processor.py:183} INFO - Processing /home/airflow/.local/lib/python3.8/site-packages/airflow/example_dags/example_short_circuit_operator.py took 3.350 seconds
[2023-12-20T23:01:39.478+0000] {processor.py:161} INFO - Started process (PID=2160) to work on /home/airflow/.local/lib/python3.8/site-packages/airflow/example_dags/example_short_circuit_operator.py
[2023-12-20T23:01:39.486+0000] {processor.py:830} INFO - Processing file /home/airflow/.local/lib/python3.8/site-packages/airflow/example_dags/example_short_circuit_operator.py for tasks to queue
[2023-12-20T23:01:39.534+0000] {logging_mixin.py:188} INFO - [2023-12-20T23:01:39.530+0000] {dagbag.py:538} INFO - Filling up the DagBag from /home/airflow/.local/lib/python3.8/site-packages/airflow/example_dags/example_short_circuit_operator.py
[2023-12-20T23:01:39.605+0000] {processor.py:840} INFO - DAG(s) 'example_short_circuit_operator' retrieved from /home/airflow/.local/lib/python3.8/site-packages/airflow/example_dags/example_short_circuit_operator.py
[2023-12-20T23:01:39.754+0000] {logging_mixin.py:188} INFO - [2023-12-20T23:01:39.753+0000] {dag.py:3033} INFO - Sync 1 DAGs
[2023-12-20T23:01:40.165+0000] {logging_mixin.py:188} INFO - [2023-12-20T23:01:40.164+0000] {dag.py:3820} INFO - Setting next_dagrun for example_short_circuit_operator to 2023-12-19T00:00:00+00:00, run_after=2023-12-20T00:00:00+00:00
[2023-12-20T23:01:40.603+0000] {processor.py:183} INFO - Processing /home/airflow/.local/lib/python3.8/site-packages/airflow/example_dags/example_short_circuit_operator.py took 1.160 seconds
[2023-12-20T23:02:55.979+0000] {processor.py:161} INFO - Started process (PID=2235) to work on /home/airflow/.local/lib/python3.8/site-packages/airflow/example_dags/example_short_circuit_operator.py
[2023-12-20T23:02:55.994+0000] {processor.py:830} INFO - Processing file /home/airflow/.local/lib/python3.8/site-packages/airflow/example_dags/example_short_circuit_operator.py for tasks to queue
[2023-12-20T23:02:56.037+0000] {logging_mixin.py:188} INFO - [2023-12-20T23:02:56.036+0000] {dagbag.py:538} INFO - Filling up the DagBag from /home/airflow/.local/lib/python3.8/site-packages/airflow/example_dags/example_short_circuit_operator.py
[2023-12-20T23:02:56.138+0000] {processor.py:840} INFO - DAG(s) 'example_short_circuit_operator' retrieved from /home/airflow/.local/lib/python3.8/site-packages/airflow/example_dags/example_short_circuit_operator.py
[2023-12-20T23:02:56.325+0000] {logging_mixin.py:188} INFO - [2023-12-20T23:02:56.325+0000] {dag.py:3033} INFO - Sync 1 DAGs
[2023-12-20T23:02:56.517+0000] {logging_mixin.py:188} INFO - [2023-12-20T23:02:56.516+0000] {dag.py:3820} INFO - Setting next_dagrun for example_short_circuit_operator to 2023-12-19T00:00:00+00:00, run_after=2023-12-20T00:00:00+00:00
[2023-12-20T23:02:56.700+0000] {processor.py:183} INFO - Processing /home/airflow/.local/lib/python3.8/site-packages/airflow/example_dags/example_short_circuit_operator.py took 0.755 seconds
[2023-12-20T23:03:35.017+0000] {processor.py:161} INFO - Started process (PID=2280) to work on /home/airflow/.local/lib/python3.8/site-packages/airflow/example_dags/example_short_circuit_operator.py
[2023-12-20T23:03:35.026+0000] {processor.py:830} INFO - Processing file /home/airflow/.local/lib/python3.8/site-packages/airflow/example_dags/example_short_circuit_operator.py for tasks to queue
[2023-12-20T23:03:35.094+0000] {logging_mixin.py:188} INFO - [2023-12-20T23:03:35.061+0000] {dagbag.py:538} INFO - Filling up the DagBag from /home/airflow/.local/lib/python3.8/site-packages/airflow/example_dags/example_short_circuit_operator.py
[2023-12-20T23:03:35.316+0000] {processor.py:840} INFO - DAG(s) 'example_short_circuit_operator' retrieved from /home/airflow/.local/lib/python3.8/site-packages/airflow/example_dags/example_short_circuit_operator.py
[2023-12-20T23:03:37.001+0000] {logging_mixin.py:188} INFO - [2023-12-20T23:03:36.979+0000] {dag.py:3033} INFO - Sync 1 DAGs
[2023-12-20T23:03:38.706+0000] {logging_mixin.py:188} INFO - [2023-12-20T23:03:38.705+0000] {dag.py:3820} INFO - Setting next_dagrun for example_short_circuit_operator to 2023-12-19T00:00:00+00:00, run_after=2023-12-20T00:00:00+00:00
[2023-12-20T23:03:39.237+0000] {processor.py:183} INFO - Processing /home/airflow/.local/lib/python3.8/site-packages/airflow/example_dags/example_short_circuit_operator.py took 4.234 seconds
