[2023-12-20T22:38:14.622+0000] {processor.py:161} INFO - Started process (PID=47) to work on /home/airflow/.local/lib/python3.8/site-packages/airflow/example_dags/example_branch_datetime_operator.py
[2023-12-20T22:38:14.665+0000] {processor.py:830} INFO - Processing file /home/airflow/.local/lib/python3.8/site-packages/airflow/example_dags/example_branch_datetime_operator.py for tasks to queue
[2023-12-20T22:38:14.692+0000] {logging_mixin.py:188} INFO - [2023-12-20T22:38:14.691+0000] {dagbag.py:538} INFO - Filling up the DagBag from /home/airflow/.local/lib/python3.8/site-packages/airflow/example_dags/example_branch_datetime_operator.py
[2023-12-20T22:38:14.804+0000] {processor.py:840} INFO - DAG(s) 'example_branch_datetime_operator_3', 'example_branch_datetime_operator', 'example_branch_datetime_operator_2' retrieved from /home/airflow/.local/lib/python3.8/site-packages/airflow/example_dags/example_branch_datetime_operator.py
[2023-12-20T22:38:17.156+0000] {logging_mixin.py:188} INFO - [2023-12-20T22:38:17.153+0000] {dag.py:3033} INFO - Sync 3 DAGs
[2023-12-20T22:38:17.280+0000] {logging_mixin.py:188} INFO - [2023-12-20T22:38:17.279+0000] {dag.py:3820} INFO - Setting next_dagrun for example_branch_datetime_operator to 2023-12-19T00:00:00+00:00, run_after=2023-12-20T00:00:00+00:00
[2023-12-20T22:38:17.328+0000] {logging_mixin.py:188} INFO - [2023-12-20T22:38:17.327+0000] {dag.py:3820} INFO - Setting next_dagrun for example_branch_datetime_operator_2 to 2023-12-19T00:00:00+00:00, run_after=2023-12-20T00:00:00+00:00
[2023-12-20T22:38:17.342+0000] {logging_mixin.py:188} INFO - [2023-12-20T22:38:17.341+0000] {dag.py:3820} INFO - Setting next_dagrun for example_branch_datetime_operator_3 to 2023-12-19T00:00:00+00:00, run_after=2023-12-20T00:00:00+00:00
[2023-12-20T22:38:17.470+0000] {processor.py:183} INFO - Processing /home/airflow/.local/lib/python3.8/site-packages/airflow/example_dags/example_branch_datetime_operator.py took 2.964 seconds
[2023-12-20T22:38:47.815+0000] {processor.py:161} INFO - Started process (PID=102) to work on /home/airflow/.local/lib/python3.8/site-packages/airflow/example_dags/example_branch_datetime_operator.py
[2023-12-20T22:38:47.817+0000] {processor.py:830} INFO - Processing file /home/airflow/.local/lib/python3.8/site-packages/airflow/example_dags/example_branch_datetime_operator.py for tasks to queue
[2023-12-20T22:38:47.820+0000] {logging_mixin.py:188} INFO - [2023-12-20T22:38:47.820+0000] {dagbag.py:538} INFO - Filling up the DagBag from /home/airflow/.local/lib/python3.8/site-packages/airflow/example_dags/example_branch_datetime_operator.py
[2023-12-20T22:38:47.832+0000] {processor.py:840} INFO - DAG(s) 'example_branch_datetime_operator', 'example_branch_datetime_operator_2', 'example_branch_datetime_operator_3' retrieved from /home/airflow/.local/lib/python3.8/site-packages/airflow/example_dags/example_branch_datetime_operator.py
[2023-12-20T22:38:47.860+0000] {logging_mixin.py:188} INFO - [2023-12-20T22:38:47.860+0000] {dag.py:3033} INFO - Sync 3 DAGs
[2023-12-20T22:38:47.881+0000] {logging_mixin.py:188} INFO - [2023-12-20T22:38:47.881+0000] {dag.py:3820} INFO - Setting next_dagrun for example_branch_datetime_operator to 2023-12-19T00:00:00+00:00, run_after=2023-12-20T00:00:00+00:00
[2023-12-20T22:38:47.885+0000] {logging_mixin.py:188} INFO - [2023-12-20T22:38:47.885+0000] {dag.py:3820} INFO - Setting next_dagrun for example_branch_datetime_operator_2 to 2023-12-19T00:00:00+00:00, run_after=2023-12-20T00:00:00+00:00
[2023-12-20T22:38:47.887+0000] {logging_mixin.py:188} INFO - [2023-12-20T22:38:47.887+0000] {dag.py:3820} INFO - Setting next_dagrun for example_branch_datetime_operator_3 to 2023-12-19T00:00:00+00:00, run_after=2023-12-20T00:00:00+00:00
[2023-12-20T22:38:47.900+0000] {processor.py:183} INFO - Processing /home/airflow/.local/lib/python3.8/site-packages/airflow/example_dags/example_branch_datetime_operator.py took 0.088 seconds
[2023-12-20T22:39:18.330+0000] {processor.py:161} INFO - Started process (PID=157) to work on /home/airflow/.local/lib/python3.8/site-packages/airflow/example_dags/example_branch_datetime_operator.py
[2023-12-20T22:39:18.332+0000] {processor.py:830} INFO - Processing file /home/airflow/.local/lib/python3.8/site-packages/airflow/example_dags/example_branch_datetime_operator.py for tasks to queue
[2023-12-20T22:39:18.335+0000] {logging_mixin.py:188} INFO - [2023-12-20T22:39:18.334+0000] {dagbag.py:538} INFO - Filling up the DagBag from /home/airflow/.local/lib/python3.8/site-packages/airflow/example_dags/example_branch_datetime_operator.py
[2023-12-20T22:39:18.346+0000] {processor.py:840} INFO - DAG(s) 'example_branch_datetime_operator_2', 'example_branch_datetime_operator', 'example_branch_datetime_operator_3' retrieved from /home/airflow/.local/lib/python3.8/site-packages/airflow/example_dags/example_branch_datetime_operator.py
[2023-12-20T22:39:18.378+0000] {logging_mixin.py:188} INFO - [2023-12-20T22:39:18.378+0000] {dag.py:3033} INFO - Sync 3 DAGs
[2023-12-20T22:39:18.401+0000] {logging_mixin.py:188} INFO - [2023-12-20T22:39:18.401+0000] {dag.py:3820} INFO - Setting next_dagrun for example_branch_datetime_operator to 2023-12-19T00:00:00+00:00, run_after=2023-12-20T00:00:00+00:00
[2023-12-20T22:39:18.406+0000] {logging_mixin.py:188} INFO - [2023-12-20T22:39:18.406+0000] {dag.py:3820} INFO - Setting next_dagrun for example_branch_datetime_operator_2 to 2023-12-19T00:00:00+00:00, run_after=2023-12-20T00:00:00+00:00
[2023-12-20T22:39:18.408+0000] {logging_mixin.py:188} INFO - [2023-12-20T22:39:18.408+0000] {dag.py:3820} INFO - Setting next_dagrun for example_branch_datetime_operator_3 to 2023-12-19T00:00:00+00:00, run_after=2023-12-20T00:00:00+00:00
[2023-12-20T22:39:18.426+0000] {processor.py:183} INFO - Processing /home/airflow/.local/lib/python3.8/site-packages/airflow/example_dags/example_branch_datetime_operator.py took 0.100 seconds
[2023-12-20T22:39:49.135+0000] {processor.py:161} INFO - Started process (PID=213) to work on /home/airflow/.local/lib/python3.8/site-packages/airflow/example_dags/example_branch_datetime_operator.py
[2023-12-20T22:39:49.137+0000] {processor.py:830} INFO - Processing file /home/airflow/.local/lib/python3.8/site-packages/airflow/example_dags/example_branch_datetime_operator.py for tasks to queue
[2023-12-20T22:39:49.142+0000] {logging_mixin.py:188} INFO - [2023-12-20T22:39:49.141+0000] {dagbag.py:538} INFO - Filling up the DagBag from /home/airflow/.local/lib/python3.8/site-packages/airflow/example_dags/example_branch_datetime_operator.py
[2023-12-20T22:39:49.159+0000] {processor.py:840} INFO - DAG(s) 'example_branch_datetime_operator', 'example_branch_datetime_operator_2', 'example_branch_datetime_operator_3' retrieved from /home/airflow/.local/lib/python3.8/site-packages/airflow/example_dags/example_branch_datetime_operator.py
[2023-12-20T22:39:49.196+0000] {logging_mixin.py:188} INFO - [2023-12-20T22:39:49.196+0000] {dag.py:3033} INFO - Sync 3 DAGs
[2023-12-20T22:39:49.228+0000] {logging_mixin.py:188} INFO - [2023-12-20T22:39:49.227+0000] {dag.py:3820} INFO - Setting next_dagrun for example_branch_datetime_operator to 2023-12-19T00:00:00+00:00, run_after=2023-12-20T00:00:00+00:00
[2023-12-20T22:39:49.233+0000] {logging_mixin.py:188} INFO - [2023-12-20T22:39:49.233+0000] {dag.py:3820} INFO - Setting next_dagrun for example_branch_datetime_operator_2 to 2023-12-19T00:00:00+00:00, run_after=2023-12-20T00:00:00+00:00
[2023-12-20T22:39:49.235+0000] {logging_mixin.py:188} INFO - [2023-12-20T22:39:49.235+0000] {dag.py:3820} INFO - Setting next_dagrun for example_branch_datetime_operator_3 to 2023-12-19T00:00:00+00:00, run_after=2023-12-20T00:00:00+00:00
[2023-12-20T22:39:49.253+0000] {processor.py:183} INFO - Processing /home/airflow/.local/lib/python3.8/site-packages/airflow/example_dags/example_branch_datetime_operator.py took 0.124 seconds
[2023-12-20T22:40:19.598+0000] {processor.py:161} INFO - Started process (PID=268) to work on /home/airflow/.local/lib/python3.8/site-packages/airflow/example_dags/example_branch_datetime_operator.py
[2023-12-20T22:40:19.600+0000] {processor.py:830} INFO - Processing file /home/airflow/.local/lib/python3.8/site-packages/airflow/example_dags/example_branch_datetime_operator.py for tasks to queue
[2023-12-20T22:40:19.603+0000] {logging_mixin.py:188} INFO - [2023-12-20T22:40:19.603+0000] {dagbag.py:538} INFO - Filling up the DagBag from /home/airflow/.local/lib/python3.8/site-packages/airflow/example_dags/example_branch_datetime_operator.py
[2023-12-20T22:40:19.614+0000] {processor.py:840} INFO - DAG(s) 'example_branch_datetime_operator_3', 'example_branch_datetime_operator', 'example_branch_datetime_operator_2' retrieved from /home/airflow/.local/lib/python3.8/site-packages/airflow/example_dags/example_branch_datetime_operator.py
[2023-12-20T22:40:19.667+0000] {logging_mixin.py:188} INFO - [2023-12-20T22:40:19.667+0000] {dag.py:3033} INFO - Sync 3 DAGs
[2023-12-20T22:40:19.707+0000] {logging_mixin.py:188} INFO - [2023-12-20T22:40:19.707+0000] {dag.py:3820} INFO - Setting next_dagrun for example_branch_datetime_operator to 2023-12-19T00:00:00+00:00, run_after=2023-12-20T00:00:00+00:00
[2023-12-20T22:40:19.712+0000] {logging_mixin.py:188} INFO - [2023-12-20T22:40:19.712+0000] {dag.py:3820} INFO - Setting next_dagrun for example_branch_datetime_operator_2 to 2023-12-19T00:00:00+00:00, run_after=2023-12-20T00:00:00+00:00
[2023-12-20T22:40:19.714+0000] {logging_mixin.py:188} INFO - [2023-12-20T22:40:19.714+0000] {dag.py:3820} INFO - Setting next_dagrun for example_branch_datetime_operator_3 to 2023-12-19T00:00:00+00:00, run_after=2023-12-20T00:00:00+00:00
[2023-12-20T22:40:19.727+0000] {processor.py:183} INFO - Processing /home/airflow/.local/lib/python3.8/site-packages/airflow/example_dags/example_branch_datetime_operator.py took 0.133 seconds
[2023-12-20T22:40:49.875+0000] {processor.py:161} INFO - Started process (PID=323) to work on /home/airflow/.local/lib/python3.8/site-packages/airflow/example_dags/example_branch_datetime_operator.py
[2023-12-20T22:40:49.876+0000] {processor.py:830} INFO - Processing file /home/airflow/.local/lib/python3.8/site-packages/airflow/example_dags/example_branch_datetime_operator.py for tasks to queue
[2023-12-20T22:40:49.879+0000] {logging_mixin.py:188} INFO - [2023-12-20T22:40:49.878+0000] {dagbag.py:538} INFO - Filling up the DagBag from /home/airflow/.local/lib/python3.8/site-packages/airflow/example_dags/example_branch_datetime_operator.py
[2023-12-20T22:40:49.888+0000] {processor.py:840} INFO - DAG(s) 'example_branch_datetime_operator_2', 'example_branch_datetime_operator_3', 'example_branch_datetime_operator' retrieved from /home/airflow/.local/lib/python3.8/site-packages/airflow/example_dags/example_branch_datetime_operator.py
[2023-12-20T22:40:49.913+0000] {logging_mixin.py:188} INFO - [2023-12-20T22:40:49.913+0000] {dag.py:3033} INFO - Sync 3 DAGs
[2023-12-20T22:40:49.931+0000] {logging_mixin.py:188} INFO - [2023-12-20T22:40:49.931+0000] {dag.py:3820} INFO - Setting next_dagrun for example_branch_datetime_operator to 2023-12-19T00:00:00+00:00, run_after=2023-12-20T00:00:00+00:00
[2023-12-20T22:40:49.934+0000] {logging_mixin.py:188} INFO - [2023-12-20T22:40:49.934+0000] {dag.py:3820} INFO - Setting next_dagrun for example_branch_datetime_operator_2 to 2023-12-19T00:00:00+00:00, run_after=2023-12-20T00:00:00+00:00
[2023-12-20T22:40:49.937+0000] {logging_mixin.py:188} INFO - [2023-12-20T22:40:49.936+0000] {dag.py:3820} INFO - Setting next_dagrun for example_branch_datetime_operator_3 to 2023-12-19T00:00:00+00:00, run_after=2023-12-20T00:00:00+00:00
[2023-12-20T22:40:49.948+0000] {processor.py:183} INFO - Processing /home/airflow/.local/lib/python3.8/site-packages/airflow/example_dags/example_branch_datetime_operator.py took 0.076 seconds
[2023-12-20T22:41:20.172+0000] {processor.py:161} INFO - Started process (PID=377) to work on /home/airflow/.local/lib/python3.8/site-packages/airflow/example_dags/example_branch_datetime_operator.py
[2023-12-20T22:41:20.174+0000] {processor.py:830} INFO - Processing file /home/airflow/.local/lib/python3.8/site-packages/airflow/example_dags/example_branch_datetime_operator.py for tasks to queue
[2023-12-20T22:41:20.179+0000] {logging_mixin.py:188} INFO - [2023-12-20T22:41:20.178+0000] {dagbag.py:538} INFO - Filling up the DagBag from /home/airflow/.local/lib/python3.8/site-packages/airflow/example_dags/example_branch_datetime_operator.py
[2023-12-20T22:41:20.209+0000] {processor.py:840} INFO - DAG(s) 'example_branch_datetime_operator', 'example_branch_datetime_operator_3', 'example_branch_datetime_operator_2' retrieved from /home/airflow/.local/lib/python3.8/site-packages/airflow/example_dags/example_branch_datetime_operator.py
[2023-12-20T22:41:20.253+0000] {logging_mixin.py:188} INFO - [2023-12-20T22:41:20.253+0000] {dag.py:3033} INFO - Sync 3 DAGs
[2023-12-20T22:41:20.317+0000] {logging_mixin.py:188} INFO - [2023-12-20T22:41:20.317+0000] {dag.py:3820} INFO - Setting next_dagrun for example_branch_datetime_operator to 2023-12-19T00:00:00+00:00, run_after=2023-12-20T00:00:00+00:00
[2023-12-20T22:41:20.324+0000] {logging_mixin.py:188} INFO - [2023-12-20T22:41:20.324+0000] {dag.py:3820} INFO - Setting next_dagrun for example_branch_datetime_operator_2 to 2023-12-19T00:00:00+00:00, run_after=2023-12-20T00:00:00+00:00
[2023-12-20T22:41:20.328+0000] {logging_mixin.py:188} INFO - [2023-12-20T22:41:20.328+0000] {dag.py:3820} INFO - Setting next_dagrun for example_branch_datetime_operator_3 to 2023-12-19T00:00:00+00:00, run_after=2023-12-20T00:00:00+00:00
[2023-12-20T22:41:20.349+0000] {processor.py:183} INFO - Processing /home/airflow/.local/lib/python3.8/site-packages/airflow/example_dags/example_branch_datetime_operator.py took 0.182 seconds
[2023-12-20T22:41:51.325+0000] {processor.py:161} INFO - Started process (PID=432) to work on /home/airflow/.local/lib/python3.8/site-packages/airflow/example_dags/example_branch_datetime_operator.py
[2023-12-20T22:41:51.327+0000] {processor.py:830} INFO - Processing file /home/airflow/.local/lib/python3.8/site-packages/airflow/example_dags/example_branch_datetime_operator.py for tasks to queue
[2023-12-20T22:41:51.331+0000] {logging_mixin.py:188} INFO - [2023-12-20T22:41:51.331+0000] {dagbag.py:538} INFO - Filling up the DagBag from /home/airflow/.local/lib/python3.8/site-packages/airflow/example_dags/example_branch_datetime_operator.py
[2023-12-20T22:41:51.345+0000] {processor.py:840} INFO - DAG(s) 'example_branch_datetime_operator_2', 'example_branch_datetime_operator', 'example_branch_datetime_operator_3' retrieved from /home/airflow/.local/lib/python3.8/site-packages/airflow/example_dags/example_branch_datetime_operator.py
[2023-12-20T22:41:51.380+0000] {logging_mixin.py:188} INFO - [2023-12-20T22:41:51.380+0000] {dag.py:3033} INFO - Sync 3 DAGs
[2023-12-20T22:41:51.404+0000] {logging_mixin.py:188} INFO - [2023-12-20T22:41:51.404+0000] {dag.py:3820} INFO - Setting next_dagrun for example_branch_datetime_operator to 2023-12-19T00:00:00+00:00, run_after=2023-12-20T00:00:00+00:00
[2023-12-20T22:41:51.408+0000] {logging_mixin.py:188} INFO - [2023-12-20T22:41:51.408+0000] {dag.py:3820} INFO - Setting next_dagrun for example_branch_datetime_operator_2 to 2023-12-19T00:00:00+00:00, run_after=2023-12-20T00:00:00+00:00
[2023-12-20T22:41:51.410+0000] {logging_mixin.py:188} INFO - [2023-12-20T22:41:51.410+0000] {dag.py:3820} INFO - Setting next_dagrun for example_branch_datetime_operator_3 to 2023-12-19T00:00:00+00:00, run_after=2023-12-20T00:00:00+00:00
[2023-12-20T22:41:51.424+0000] {processor.py:183} INFO - Processing /home/airflow/.local/lib/python3.8/site-packages/airflow/example_dags/example_branch_datetime_operator.py took 0.106 seconds
[2023-12-20T22:42:21.709+0000] {processor.py:161} INFO - Started process (PID=487) to work on /home/airflow/.local/lib/python3.8/site-packages/airflow/example_dags/example_branch_datetime_operator.py
[2023-12-20T22:42:21.710+0000] {processor.py:830} INFO - Processing file /home/airflow/.local/lib/python3.8/site-packages/airflow/example_dags/example_branch_datetime_operator.py for tasks to queue
[2023-12-20T22:42:21.715+0000] {logging_mixin.py:188} INFO - [2023-12-20T22:42:21.714+0000] {dagbag.py:538} INFO - Filling up the DagBag from /home/airflow/.local/lib/python3.8/site-packages/airflow/example_dags/example_branch_datetime_operator.py
[2023-12-20T22:42:21.731+0000] {processor.py:840} INFO - DAG(s) 'example_branch_datetime_operator_2', 'example_branch_datetime_operator_3', 'example_branch_datetime_operator' retrieved from /home/airflow/.local/lib/python3.8/site-packages/airflow/example_dags/example_branch_datetime_operator.py
[2023-12-20T22:42:21.770+0000] {logging_mixin.py:188} INFO - [2023-12-20T22:42:21.770+0000] {dag.py:3033} INFO - Sync 3 DAGs
[2023-12-20T22:42:21.792+0000] {logging_mixin.py:188} INFO - [2023-12-20T22:42:21.792+0000] {dag.py:3820} INFO - Setting next_dagrun for example_branch_datetime_operator to 2023-12-19T00:00:00+00:00, run_after=2023-12-20T00:00:00+00:00
[2023-12-20T22:42:21.797+0000] {logging_mixin.py:188} INFO - [2023-12-20T22:42:21.796+0000] {dag.py:3820} INFO - Setting next_dagrun for example_branch_datetime_operator_2 to 2023-12-19T00:00:00+00:00, run_after=2023-12-20T00:00:00+00:00
[2023-12-20T22:42:21.799+0000] {logging_mixin.py:188} INFO - [2023-12-20T22:42:21.799+0000] {dag.py:3820} INFO - Setting next_dagrun for example_branch_datetime_operator_3 to 2023-12-19T00:00:00+00:00, run_after=2023-12-20T00:00:00+00:00
[2023-12-20T22:42:21.811+0000] {processor.py:183} INFO - Processing /home/airflow/.local/lib/python3.8/site-packages/airflow/example_dags/example_branch_datetime_operator.py took 0.109 seconds
[2023-12-20T22:42:52.139+0000] {processor.py:161} INFO - Started process (PID=541) to work on /home/airflow/.local/lib/python3.8/site-packages/airflow/example_dags/example_branch_datetime_operator.py
[2023-12-20T22:42:52.141+0000] {processor.py:830} INFO - Processing file /home/airflow/.local/lib/python3.8/site-packages/airflow/example_dags/example_branch_datetime_operator.py for tasks to queue
[2023-12-20T22:42:52.143+0000] {logging_mixin.py:188} INFO - [2023-12-20T22:42:52.143+0000] {dagbag.py:538} INFO - Filling up the DagBag from /home/airflow/.local/lib/python3.8/site-packages/airflow/example_dags/example_branch_datetime_operator.py
[2023-12-20T22:42:52.154+0000] {processor.py:840} INFO - DAG(s) 'example_branch_datetime_operator_2', 'example_branch_datetime_operator', 'example_branch_datetime_operator_3' retrieved from /home/airflow/.local/lib/python3.8/site-packages/airflow/example_dags/example_branch_datetime_operator.py
[2023-12-20T22:42:52.185+0000] {logging_mixin.py:188} INFO - [2023-12-20T22:42:52.185+0000] {dag.py:3033} INFO - Sync 3 DAGs
[2023-12-20T22:42:52.206+0000] {logging_mixin.py:188} INFO - [2023-12-20T22:42:52.205+0000] {dag.py:3820} INFO - Setting next_dagrun for example_branch_datetime_operator to 2023-12-19T00:00:00+00:00, run_after=2023-12-20T00:00:00+00:00
[2023-12-20T22:42:52.210+0000] {logging_mixin.py:188} INFO - [2023-12-20T22:42:52.210+0000] {dag.py:3820} INFO - Setting next_dagrun for example_branch_datetime_operator_2 to 2023-12-19T00:00:00+00:00, run_after=2023-12-20T00:00:00+00:00
[2023-12-20T22:42:52.212+0000] {logging_mixin.py:188} INFO - [2023-12-20T22:42:52.212+0000] {dag.py:3820} INFO - Setting next_dagrun for example_branch_datetime_operator_3 to 2023-12-19T00:00:00+00:00, run_after=2023-12-20T00:00:00+00:00
[2023-12-20T22:42:52.224+0000] {processor.py:183} INFO - Processing /home/airflow/.local/lib/python3.8/site-packages/airflow/example_dags/example_branch_datetime_operator.py took 0.089 seconds
[2023-12-20T22:43:22.518+0000] {processor.py:161} INFO - Started process (PID=596) to work on /home/airflow/.local/lib/python3.8/site-packages/airflow/example_dags/example_branch_datetime_operator.py
[2023-12-20T22:43:22.521+0000] {processor.py:830} INFO - Processing file /home/airflow/.local/lib/python3.8/site-packages/airflow/example_dags/example_branch_datetime_operator.py for tasks to queue
[2023-12-20T22:43:22.525+0000] {logging_mixin.py:188} INFO - [2023-12-20T22:43:22.524+0000] {dagbag.py:538} INFO - Filling up the DagBag from /home/airflow/.local/lib/python3.8/site-packages/airflow/example_dags/example_branch_datetime_operator.py
[2023-12-20T22:43:22.538+0000] {processor.py:840} INFO - DAG(s) 'example_branch_datetime_operator_2', 'example_branch_datetime_operator', 'example_branch_datetime_operator_3' retrieved from /home/airflow/.local/lib/python3.8/site-packages/airflow/example_dags/example_branch_datetime_operator.py
[2023-12-20T22:43:22.574+0000] {logging_mixin.py:188} INFO - [2023-12-20T22:43:22.574+0000] {dag.py:3033} INFO - Sync 3 DAGs
[2023-12-20T22:43:22.596+0000] {logging_mixin.py:188} INFO - [2023-12-20T22:43:22.596+0000] {dag.py:3820} INFO - Setting next_dagrun for example_branch_datetime_operator to 2023-12-19T00:00:00+00:00, run_after=2023-12-20T00:00:00+00:00
[2023-12-20T22:43:22.601+0000] {logging_mixin.py:188} INFO - [2023-12-20T22:43:22.601+0000] {dag.py:3820} INFO - Setting next_dagrun for example_branch_datetime_operator_2 to 2023-12-19T00:00:00+00:00, run_after=2023-12-20T00:00:00+00:00
[2023-12-20T22:43:22.603+0000] {logging_mixin.py:188} INFO - [2023-12-20T22:43:22.603+0000] {dag.py:3820} INFO - Setting next_dagrun for example_branch_datetime_operator_3 to 2023-12-19T00:00:00+00:00, run_after=2023-12-20T00:00:00+00:00
[2023-12-20T22:43:22.614+0000] {processor.py:183} INFO - Processing /home/airflow/.local/lib/python3.8/site-packages/airflow/example_dags/example_branch_datetime_operator.py took 0.102 seconds
[2023-12-20T22:43:52.931+0000] {processor.py:161} INFO - Started process (PID=651) to work on /home/airflow/.local/lib/python3.8/site-packages/airflow/example_dags/example_branch_datetime_operator.py
[2023-12-20T22:43:52.933+0000] {processor.py:830} INFO - Processing file /home/airflow/.local/lib/python3.8/site-packages/airflow/example_dags/example_branch_datetime_operator.py for tasks to queue
[2023-12-20T22:43:52.936+0000] {logging_mixin.py:188} INFO - [2023-12-20T22:43:52.936+0000] {dagbag.py:538} INFO - Filling up the DagBag from /home/airflow/.local/lib/python3.8/site-packages/airflow/example_dags/example_branch_datetime_operator.py
[2023-12-20T22:43:52.950+0000] {processor.py:840} INFO - DAG(s) 'example_branch_datetime_operator_2', 'example_branch_datetime_operator_3', 'example_branch_datetime_operator' retrieved from /home/airflow/.local/lib/python3.8/site-packages/airflow/example_dags/example_branch_datetime_operator.py
[2023-12-20T22:43:52.985+0000] {logging_mixin.py:188} INFO - [2023-12-20T22:43:52.984+0000] {dag.py:3033} INFO - Sync 3 DAGs
[2023-12-20T22:43:53.008+0000] {logging_mixin.py:188} INFO - [2023-12-20T22:43:53.008+0000] {dag.py:3820} INFO - Setting next_dagrun for example_branch_datetime_operator to 2023-12-19T00:00:00+00:00, run_after=2023-12-20T00:00:00+00:00
[2023-12-20T22:43:53.012+0000] {logging_mixin.py:188} INFO - [2023-12-20T22:43:53.012+0000] {dag.py:3820} INFO - Setting next_dagrun for example_branch_datetime_operator_2 to 2023-12-19T00:00:00+00:00, run_after=2023-12-20T00:00:00+00:00
[2023-12-20T22:43:53.014+0000] {logging_mixin.py:188} INFO - [2023-12-20T22:43:53.014+0000] {dag.py:3820} INFO - Setting next_dagrun for example_branch_datetime_operator_3 to 2023-12-19T00:00:00+00:00, run_after=2023-12-20T00:00:00+00:00
[2023-12-20T22:43:53.027+0000] {processor.py:183} INFO - Processing /home/airflow/.local/lib/python3.8/site-packages/airflow/example_dags/example_branch_datetime_operator.py took 0.101 seconds
[2023-12-20T22:44:23.310+0000] {processor.py:161} INFO - Started process (PID=706) to work on /home/airflow/.local/lib/python3.8/site-packages/airflow/example_dags/example_branch_datetime_operator.py
[2023-12-20T22:44:23.312+0000] {processor.py:830} INFO - Processing file /home/airflow/.local/lib/python3.8/site-packages/airflow/example_dags/example_branch_datetime_operator.py for tasks to queue
[2023-12-20T22:44:23.315+0000] {logging_mixin.py:188} INFO - [2023-12-20T22:44:23.314+0000] {dagbag.py:538} INFO - Filling up the DagBag from /home/airflow/.local/lib/python3.8/site-packages/airflow/example_dags/example_branch_datetime_operator.py
[2023-12-20T22:44:23.327+0000] {processor.py:840} INFO - DAG(s) 'example_branch_datetime_operator_3', 'example_branch_datetime_operator', 'example_branch_datetime_operator_2' retrieved from /home/airflow/.local/lib/python3.8/site-packages/airflow/example_dags/example_branch_datetime_operator.py
[2023-12-20T22:44:23.357+0000] {logging_mixin.py:188} INFO - [2023-12-20T22:44:23.357+0000] {dag.py:3033} INFO - Sync 3 DAGs
[2023-12-20T22:44:23.377+0000] {logging_mixin.py:188} INFO - [2023-12-20T22:44:23.377+0000] {dag.py:3820} INFO - Setting next_dagrun for example_branch_datetime_operator to 2023-12-19T00:00:00+00:00, run_after=2023-12-20T00:00:00+00:00
[2023-12-20T22:44:23.380+0000] {logging_mixin.py:188} INFO - [2023-12-20T22:44:23.380+0000] {dag.py:3820} INFO - Setting next_dagrun for example_branch_datetime_operator_2 to 2023-12-19T00:00:00+00:00, run_after=2023-12-20T00:00:00+00:00
[2023-12-20T22:44:23.382+0000] {logging_mixin.py:188} INFO - [2023-12-20T22:44:23.382+0000] {dag.py:3820} INFO - Setting next_dagrun for example_branch_datetime_operator_3 to 2023-12-19T00:00:00+00:00, run_after=2023-12-20T00:00:00+00:00
[2023-12-20T22:44:23.395+0000] {processor.py:183} INFO - Processing /home/airflow/.local/lib/python3.8/site-packages/airflow/example_dags/example_branch_datetime_operator.py took 0.090 seconds
[2023-12-20T22:44:54.037+0000] {processor.py:161} INFO - Started process (PID=761) to work on /home/airflow/.local/lib/python3.8/site-packages/airflow/example_dags/example_branch_datetime_operator.py
[2023-12-20T22:44:54.041+0000] {processor.py:830} INFO - Processing file /home/airflow/.local/lib/python3.8/site-packages/airflow/example_dags/example_branch_datetime_operator.py for tasks to queue
[2023-12-20T22:44:54.046+0000] {logging_mixin.py:188} INFO - [2023-12-20T22:44:54.045+0000] {dagbag.py:538} INFO - Filling up the DagBag from /home/airflow/.local/lib/python3.8/site-packages/airflow/example_dags/example_branch_datetime_operator.py
[2023-12-20T22:44:54.065+0000] {processor.py:840} INFO - DAG(s) 'example_branch_datetime_operator_3', 'example_branch_datetime_operator_2', 'example_branch_datetime_operator' retrieved from /home/airflow/.local/lib/python3.8/site-packages/airflow/example_dags/example_branch_datetime_operator.py
[2023-12-20T22:44:54.125+0000] {logging_mixin.py:188} INFO - [2023-12-20T22:44:54.125+0000] {dag.py:3033} INFO - Sync 3 DAGs
[2023-12-20T22:44:54.155+0000] {logging_mixin.py:188} INFO - [2023-12-20T22:44:54.154+0000] {dag.py:3820} INFO - Setting next_dagrun for example_branch_datetime_operator to 2023-12-19T00:00:00+00:00, run_after=2023-12-20T00:00:00+00:00
[2023-12-20T22:44:54.159+0000] {logging_mixin.py:188} INFO - [2023-12-20T22:44:54.159+0000] {dag.py:3820} INFO - Setting next_dagrun for example_branch_datetime_operator_2 to 2023-12-19T00:00:00+00:00, run_after=2023-12-20T00:00:00+00:00
[2023-12-20T22:44:54.162+0000] {logging_mixin.py:188} INFO - [2023-12-20T22:44:54.162+0000] {dag.py:3820} INFO - Setting next_dagrun for example_branch_datetime_operator_3 to 2023-12-19T00:00:00+00:00, run_after=2023-12-20T00:00:00+00:00
[2023-12-20T22:44:54.180+0000] {processor.py:183} INFO - Processing /home/airflow/.local/lib/python3.8/site-packages/airflow/example_dags/example_branch_datetime_operator.py took 0.151 seconds
[2023-12-20T22:45:24.462+0000] {processor.py:161} INFO - Started process (PID=817) to work on /home/airflow/.local/lib/python3.8/site-packages/airflow/example_dags/example_branch_datetime_operator.py
[2023-12-20T22:45:24.464+0000] {processor.py:830} INFO - Processing file /home/airflow/.local/lib/python3.8/site-packages/airflow/example_dags/example_branch_datetime_operator.py for tasks to queue
[2023-12-20T22:45:24.466+0000] {logging_mixin.py:188} INFO - [2023-12-20T22:45:24.466+0000] {dagbag.py:538} INFO - Filling up the DagBag from /home/airflow/.local/lib/python3.8/site-packages/airflow/example_dags/example_branch_datetime_operator.py
[2023-12-20T22:45:24.476+0000] {processor.py:840} INFO - DAG(s) 'example_branch_datetime_operator_3', 'example_branch_datetime_operator', 'example_branch_datetime_operator_2' retrieved from /home/airflow/.local/lib/python3.8/site-packages/airflow/example_dags/example_branch_datetime_operator.py
[2023-12-20T22:45:24.503+0000] {logging_mixin.py:188} INFO - [2023-12-20T22:45:24.503+0000] {dag.py:3033} INFO - Sync 3 DAGs
[2023-12-20T22:45:24.529+0000] {logging_mixin.py:188} INFO - [2023-12-20T22:45:24.529+0000] {dag.py:3820} INFO - Setting next_dagrun for example_branch_datetime_operator to 2023-12-19T00:00:00+00:00, run_after=2023-12-20T00:00:00+00:00
[2023-12-20T22:45:24.533+0000] {logging_mixin.py:188} INFO - [2023-12-20T22:45:24.533+0000] {dag.py:3820} INFO - Setting next_dagrun for example_branch_datetime_operator_2 to 2023-12-19T00:00:00+00:00, run_after=2023-12-20T00:00:00+00:00
[2023-12-20T22:45:24.539+0000] {logging_mixin.py:188} INFO - [2023-12-20T22:45:24.539+0000] {dag.py:3820} INFO - Setting next_dagrun for example_branch_datetime_operator_3 to 2023-12-19T00:00:00+00:00, run_after=2023-12-20T00:00:00+00:00
[2023-12-20T22:45:24.552+0000] {processor.py:183} INFO - Processing /home/airflow/.local/lib/python3.8/site-packages/airflow/example_dags/example_branch_datetime_operator.py took 0.095 seconds
[2023-12-20T22:45:55.285+0000] {processor.py:161} INFO - Started process (PID=870) to work on /home/airflow/.local/lib/python3.8/site-packages/airflow/example_dags/example_branch_datetime_operator.py
[2023-12-20T22:45:55.287+0000] {processor.py:830} INFO - Processing file /home/airflow/.local/lib/python3.8/site-packages/airflow/example_dags/example_branch_datetime_operator.py for tasks to queue
[2023-12-20T22:45:55.290+0000] {logging_mixin.py:188} INFO - [2023-12-20T22:45:55.289+0000] {dagbag.py:538} INFO - Filling up the DagBag from /home/airflow/.local/lib/python3.8/site-packages/airflow/example_dags/example_branch_datetime_operator.py
[2023-12-20T22:45:55.299+0000] {processor.py:840} INFO - DAG(s) 'example_branch_datetime_operator_3', 'example_branch_datetime_operator_2', 'example_branch_datetime_operator' retrieved from /home/airflow/.local/lib/python3.8/site-packages/airflow/example_dags/example_branch_datetime_operator.py
[2023-12-20T22:45:55.326+0000] {logging_mixin.py:188} INFO - [2023-12-20T22:45:55.325+0000] {dag.py:3033} INFO - Sync 3 DAGs
[2023-12-20T22:45:55.344+0000] {logging_mixin.py:188} INFO - [2023-12-20T22:45:55.344+0000] {dag.py:3820} INFO - Setting next_dagrun for example_branch_datetime_operator to 2023-12-19T00:00:00+00:00, run_after=2023-12-20T00:00:00+00:00
[2023-12-20T22:45:55.348+0000] {logging_mixin.py:188} INFO - [2023-12-20T22:45:55.348+0000] {dag.py:3820} INFO - Setting next_dagrun for example_branch_datetime_operator_2 to 2023-12-19T00:00:00+00:00, run_after=2023-12-20T00:00:00+00:00
[2023-12-20T22:45:55.350+0000] {logging_mixin.py:188} INFO - [2023-12-20T22:45:55.350+0000] {dag.py:3820} INFO - Setting next_dagrun for example_branch_datetime_operator_3 to 2023-12-19T00:00:00+00:00, run_after=2023-12-20T00:00:00+00:00
[2023-12-20T22:45:55.362+0000] {processor.py:183} INFO - Processing /home/airflow/.local/lib/python3.8/site-packages/airflow/example_dags/example_branch_datetime_operator.py took 0.082 seconds
[2023-12-20T22:46:26.070+0000] {processor.py:161} INFO - Started process (PID=925) to work on /home/airflow/.local/lib/python3.8/site-packages/airflow/example_dags/example_branch_datetime_operator.py
[2023-12-20T22:46:26.071+0000] {processor.py:830} INFO - Processing file /home/airflow/.local/lib/python3.8/site-packages/airflow/example_dags/example_branch_datetime_operator.py for tasks to queue
[2023-12-20T22:46:26.075+0000] {logging_mixin.py:188} INFO - [2023-12-20T22:46:26.075+0000] {dagbag.py:538} INFO - Filling up the DagBag from /home/airflow/.local/lib/python3.8/site-packages/airflow/example_dags/example_branch_datetime_operator.py
[2023-12-20T22:46:26.086+0000] {processor.py:840} INFO - DAG(s) 'example_branch_datetime_operator_3', 'example_branch_datetime_operator_2', 'example_branch_datetime_operator' retrieved from /home/airflow/.local/lib/python3.8/site-packages/airflow/example_dags/example_branch_datetime_operator.py
[2023-12-20T22:46:26.113+0000] {logging_mixin.py:188} INFO - [2023-12-20T22:46:26.112+0000] {dag.py:3033} INFO - Sync 3 DAGs
[2023-12-20T22:46:26.132+0000] {logging_mixin.py:188} INFO - [2023-12-20T22:46:26.132+0000] {dag.py:3820} INFO - Setting next_dagrun for example_branch_datetime_operator to 2023-12-19T00:00:00+00:00, run_after=2023-12-20T00:00:00+00:00
[2023-12-20T22:46:26.137+0000] {logging_mixin.py:188} INFO - [2023-12-20T22:46:26.136+0000] {dag.py:3820} INFO - Setting next_dagrun for example_branch_datetime_operator_2 to 2023-12-19T00:00:00+00:00, run_after=2023-12-20T00:00:00+00:00
[2023-12-20T22:46:26.140+0000] {logging_mixin.py:188} INFO - [2023-12-20T22:46:26.140+0000] {dag.py:3820} INFO - Setting next_dagrun for example_branch_datetime_operator_3 to 2023-12-19T00:00:00+00:00, run_after=2023-12-20T00:00:00+00:00
[2023-12-20T22:46:26.152+0000] {processor.py:183} INFO - Processing /home/airflow/.local/lib/python3.8/site-packages/airflow/example_dags/example_branch_datetime_operator.py took 0.086 seconds
[2023-12-20T22:46:56.984+0000] {processor.py:161} INFO - Started process (PID=980) to work on /home/airflow/.local/lib/python3.8/site-packages/airflow/example_dags/example_branch_datetime_operator.py
[2023-12-20T22:46:56.985+0000] {processor.py:830} INFO - Processing file /home/airflow/.local/lib/python3.8/site-packages/airflow/example_dags/example_branch_datetime_operator.py for tasks to queue
[2023-12-20T22:46:56.988+0000] {logging_mixin.py:188} INFO - [2023-12-20T22:46:56.988+0000] {dagbag.py:538} INFO - Filling up the DagBag from /home/airflow/.local/lib/python3.8/site-packages/airflow/example_dags/example_branch_datetime_operator.py
[2023-12-20T22:46:57.000+0000] {processor.py:840} INFO - DAG(s) 'example_branch_datetime_operator_2', 'example_branch_datetime_operator_3', 'example_branch_datetime_operator' retrieved from /home/airflow/.local/lib/python3.8/site-packages/airflow/example_dags/example_branch_datetime_operator.py
[2023-12-20T22:46:57.029+0000] {logging_mixin.py:188} INFO - [2023-12-20T22:46:57.028+0000] {dag.py:3033} INFO - Sync 3 DAGs
[2023-12-20T22:46:57.050+0000] {logging_mixin.py:188} INFO - [2023-12-20T22:46:57.050+0000] {dag.py:3820} INFO - Setting next_dagrun for example_branch_datetime_operator to 2023-12-19T00:00:00+00:00, run_after=2023-12-20T00:00:00+00:00
[2023-12-20T22:46:57.055+0000] {logging_mixin.py:188} INFO - [2023-12-20T22:46:57.055+0000] {dag.py:3820} INFO - Setting next_dagrun for example_branch_datetime_operator_2 to 2023-12-19T00:00:00+00:00, run_after=2023-12-20T00:00:00+00:00
[2023-12-20T22:46:57.059+0000] {logging_mixin.py:188} INFO - [2023-12-20T22:46:57.059+0000] {dag.py:3820} INFO - Setting next_dagrun for example_branch_datetime_operator_3 to 2023-12-19T00:00:00+00:00, run_after=2023-12-20T00:00:00+00:00
[2023-12-20T22:46:57.078+0000] {processor.py:183} INFO - Processing /home/airflow/.local/lib/python3.8/site-packages/airflow/example_dags/example_branch_datetime_operator.py took 0.099 seconds
[2023-12-20T22:47:27.225+0000] {processor.py:161} INFO - Started process (PID=1035) to work on /home/airflow/.local/lib/python3.8/site-packages/airflow/example_dags/example_branch_datetime_operator.py
[2023-12-20T22:47:27.226+0000] {processor.py:830} INFO - Processing file /home/airflow/.local/lib/python3.8/site-packages/airflow/example_dags/example_branch_datetime_operator.py for tasks to queue
[2023-12-20T22:47:27.229+0000] {logging_mixin.py:188} INFO - [2023-12-20T22:47:27.228+0000] {dagbag.py:538} INFO - Filling up the DagBag from /home/airflow/.local/lib/python3.8/site-packages/airflow/example_dags/example_branch_datetime_operator.py
[2023-12-20T22:47:27.238+0000] {processor.py:840} INFO - DAG(s) 'example_branch_datetime_operator', 'example_branch_datetime_operator_2', 'example_branch_datetime_operator_3' retrieved from /home/airflow/.local/lib/python3.8/site-packages/airflow/example_dags/example_branch_datetime_operator.py
[2023-12-20T22:47:27.264+0000] {logging_mixin.py:188} INFO - [2023-12-20T22:47:27.264+0000] {dag.py:3033} INFO - Sync 3 DAGs
[2023-12-20T22:47:27.282+0000] {logging_mixin.py:188} INFO - [2023-12-20T22:47:27.282+0000] {dag.py:3820} INFO - Setting next_dagrun for example_branch_datetime_operator to 2023-12-19T00:00:00+00:00, run_after=2023-12-20T00:00:00+00:00
[2023-12-20T22:47:27.286+0000] {logging_mixin.py:188} INFO - [2023-12-20T22:47:27.285+0000] {dag.py:3820} INFO - Setting next_dagrun for example_branch_datetime_operator_2 to 2023-12-19T00:00:00+00:00, run_after=2023-12-20T00:00:00+00:00
[2023-12-20T22:47:27.288+0000] {logging_mixin.py:188} INFO - [2023-12-20T22:47:27.288+0000] {dag.py:3820} INFO - Setting next_dagrun for example_branch_datetime_operator_3 to 2023-12-19T00:00:00+00:00, run_after=2023-12-20T00:00:00+00:00
[2023-12-20T22:47:27.299+0000] {processor.py:183} INFO - Processing /home/airflow/.local/lib/python3.8/site-packages/airflow/example_dags/example_branch_datetime_operator.py took 0.078 seconds
[2023-12-20T22:47:57.410+0000] {processor.py:161} INFO - Started process (PID=1089) to work on /home/airflow/.local/lib/python3.8/site-packages/airflow/example_dags/example_branch_datetime_operator.py
[2023-12-20T22:47:57.411+0000] {processor.py:830} INFO - Processing file /home/airflow/.local/lib/python3.8/site-packages/airflow/example_dags/example_branch_datetime_operator.py for tasks to queue
[2023-12-20T22:47:57.414+0000] {logging_mixin.py:188} INFO - [2023-12-20T22:47:57.414+0000] {dagbag.py:538} INFO - Filling up the DagBag from /home/airflow/.local/lib/python3.8/site-packages/airflow/example_dags/example_branch_datetime_operator.py
[2023-12-20T22:47:57.425+0000] {processor.py:840} INFO - DAG(s) 'example_branch_datetime_operator_3', 'example_branch_datetime_operator', 'example_branch_datetime_operator_2' retrieved from /home/airflow/.local/lib/python3.8/site-packages/airflow/example_dags/example_branch_datetime_operator.py
[2023-12-20T22:47:57.453+0000] {logging_mixin.py:188} INFO - [2023-12-20T22:47:57.453+0000] {dag.py:3033} INFO - Sync 3 DAGs
[2023-12-20T22:47:57.473+0000] {logging_mixin.py:188} INFO - [2023-12-20T22:47:57.473+0000] {dag.py:3820} INFO - Setting next_dagrun for example_branch_datetime_operator to 2023-12-19T00:00:00+00:00, run_after=2023-12-20T00:00:00+00:00
[2023-12-20T22:47:57.477+0000] {logging_mixin.py:188} INFO - [2023-12-20T22:47:57.477+0000] {dag.py:3820} INFO - Setting next_dagrun for example_branch_datetime_operator_2 to 2023-12-19T00:00:00+00:00, run_after=2023-12-20T00:00:00+00:00
[2023-12-20T22:47:57.480+0000] {logging_mixin.py:188} INFO - [2023-12-20T22:47:57.480+0000] {dag.py:3820} INFO - Setting next_dagrun for example_branch_datetime_operator_3 to 2023-12-19T00:00:00+00:00, run_after=2023-12-20T00:00:00+00:00
[2023-12-20T22:47:57.492+0000] {processor.py:183} INFO - Processing /home/airflow/.local/lib/python3.8/site-packages/airflow/example_dags/example_branch_datetime_operator.py took 0.086 seconds
[2023-12-20T22:48:28.361+0000] {processor.py:161} INFO - Started process (PID=1144) to work on /home/airflow/.local/lib/python3.8/site-packages/airflow/example_dags/example_branch_datetime_operator.py
[2023-12-20T22:48:28.363+0000] {processor.py:830} INFO - Processing file /home/airflow/.local/lib/python3.8/site-packages/airflow/example_dags/example_branch_datetime_operator.py for tasks to queue
[2023-12-20T22:48:28.367+0000] {logging_mixin.py:188} INFO - [2023-12-20T22:48:28.367+0000] {dagbag.py:538} INFO - Filling up the DagBag from /home/airflow/.local/lib/python3.8/site-packages/airflow/example_dags/example_branch_datetime_operator.py
[2023-12-20T22:48:28.392+0000] {processor.py:840} INFO - DAG(s) 'example_branch_datetime_operator_2', 'example_branch_datetime_operator_3', 'example_branch_datetime_operator' retrieved from /home/airflow/.local/lib/python3.8/site-packages/airflow/example_dags/example_branch_datetime_operator.py
[2023-12-20T22:48:28.456+0000] {logging_mixin.py:188} INFO - [2023-12-20T22:48:28.455+0000] {dag.py:3033} INFO - Sync 3 DAGs
[2023-12-20T22:48:28.489+0000] {logging_mixin.py:188} INFO - [2023-12-20T22:48:28.489+0000] {dag.py:3820} INFO - Setting next_dagrun for example_branch_datetime_operator to 2023-12-19T00:00:00+00:00, run_after=2023-12-20T00:00:00+00:00
[2023-12-20T22:48:28.495+0000] {logging_mixin.py:188} INFO - [2023-12-20T22:48:28.495+0000] {dag.py:3820} INFO - Setting next_dagrun for example_branch_datetime_operator_2 to 2023-12-19T00:00:00+00:00, run_after=2023-12-20T00:00:00+00:00
[2023-12-20T22:48:28.499+0000] {logging_mixin.py:188} INFO - [2023-12-20T22:48:28.499+0000] {dag.py:3820} INFO - Setting next_dagrun for example_branch_datetime_operator_3 to 2023-12-19T00:00:00+00:00, run_after=2023-12-20T00:00:00+00:00
[2023-12-20T22:48:28.513+0000] {processor.py:183} INFO - Processing /home/airflow/.local/lib/python3.8/site-packages/airflow/example_dags/example_branch_datetime_operator.py took 0.157 seconds
[2023-12-20T22:48:58.689+0000] {processor.py:161} INFO - Started process (PID=1198) to work on /home/airflow/.local/lib/python3.8/site-packages/airflow/example_dags/example_branch_datetime_operator.py
[2023-12-20T22:48:58.691+0000] {processor.py:830} INFO - Processing file /home/airflow/.local/lib/python3.8/site-packages/airflow/example_dags/example_branch_datetime_operator.py for tasks to queue
[2023-12-20T22:48:58.696+0000] {logging_mixin.py:188} INFO - [2023-12-20T22:48:58.695+0000] {dagbag.py:538} INFO - Filling up the DagBag from /home/airflow/.local/lib/python3.8/site-packages/airflow/example_dags/example_branch_datetime_operator.py
[2023-12-20T22:48:58.708+0000] {processor.py:840} INFO - DAG(s) 'example_branch_datetime_operator_2', 'example_branch_datetime_operator_3', 'example_branch_datetime_operator' retrieved from /home/airflow/.local/lib/python3.8/site-packages/airflow/example_dags/example_branch_datetime_operator.py
[2023-12-20T22:48:58.740+0000] {logging_mixin.py:188} INFO - [2023-12-20T22:48:58.740+0000] {dag.py:3033} INFO - Sync 3 DAGs
[2023-12-20T22:48:58.759+0000] {logging_mixin.py:188} INFO - [2023-12-20T22:48:58.759+0000] {dag.py:3820} INFO - Setting next_dagrun for example_branch_datetime_operator to 2023-12-19T00:00:00+00:00, run_after=2023-12-20T00:00:00+00:00
[2023-12-20T22:48:58.763+0000] {logging_mixin.py:188} INFO - [2023-12-20T22:48:58.763+0000] {dag.py:3820} INFO - Setting next_dagrun for example_branch_datetime_operator_2 to 2023-12-19T00:00:00+00:00, run_after=2023-12-20T00:00:00+00:00
[2023-12-20T22:48:58.765+0000] {logging_mixin.py:188} INFO - [2023-12-20T22:48:58.765+0000] {dag.py:3820} INFO - Setting next_dagrun for example_branch_datetime_operator_3 to 2023-12-19T00:00:00+00:00, run_after=2023-12-20T00:00:00+00:00
[2023-12-20T22:48:58.776+0000] {processor.py:183} INFO - Processing /home/airflow/.local/lib/python3.8/site-packages/airflow/example_dags/example_branch_datetime_operator.py took 0.091 seconds
[2023-12-20T22:49:28.904+0000] {processor.py:161} INFO - Started process (PID=1252) to work on /home/airflow/.local/lib/python3.8/site-packages/airflow/example_dags/example_branch_datetime_operator.py
[2023-12-20T22:49:28.907+0000] {processor.py:830} INFO - Processing file /home/airflow/.local/lib/python3.8/site-packages/airflow/example_dags/example_branch_datetime_operator.py for tasks to queue
[2023-12-20T22:49:28.913+0000] {logging_mixin.py:188} INFO - [2023-12-20T22:49:28.912+0000] {dagbag.py:538} INFO - Filling up the DagBag from /home/airflow/.local/lib/python3.8/site-packages/airflow/example_dags/example_branch_datetime_operator.py
[2023-12-20T22:49:28.931+0000] {processor.py:840} INFO - DAG(s) 'example_branch_datetime_operator_2', 'example_branch_datetime_operator', 'example_branch_datetime_operator_3' retrieved from /home/airflow/.local/lib/python3.8/site-packages/airflow/example_dags/example_branch_datetime_operator.py
[2023-12-20T22:49:28.974+0000] {logging_mixin.py:188} INFO - [2023-12-20T22:49:28.974+0000] {dag.py:3033} INFO - Sync 3 DAGs
[2023-12-20T22:49:29.003+0000] {logging_mixin.py:188} INFO - [2023-12-20T22:49:29.003+0000] {dag.py:3820} INFO - Setting next_dagrun for example_branch_datetime_operator to 2023-12-19T00:00:00+00:00, run_after=2023-12-20T00:00:00+00:00
[2023-12-20T22:49:29.007+0000] {logging_mixin.py:188} INFO - [2023-12-20T22:49:29.007+0000] {dag.py:3820} INFO - Setting next_dagrun for example_branch_datetime_operator_2 to 2023-12-19T00:00:00+00:00, run_after=2023-12-20T00:00:00+00:00
[2023-12-20T22:49:29.010+0000] {logging_mixin.py:188} INFO - [2023-12-20T22:49:29.010+0000] {dag.py:3820} INFO - Setting next_dagrun for example_branch_datetime_operator_3 to 2023-12-19T00:00:00+00:00, run_after=2023-12-20T00:00:00+00:00
[2023-12-20T22:49:29.023+0000] {processor.py:183} INFO - Processing /home/airflow/.local/lib/python3.8/site-packages/airflow/example_dags/example_branch_datetime_operator.py took 0.129 seconds
[2023-12-20T22:49:59.205+0000] {processor.py:161} INFO - Started process (PID=1307) to work on /home/airflow/.local/lib/python3.8/site-packages/airflow/example_dags/example_branch_datetime_operator.py
[2023-12-20T22:49:59.207+0000] {processor.py:830} INFO - Processing file /home/airflow/.local/lib/python3.8/site-packages/airflow/example_dags/example_branch_datetime_operator.py for tasks to queue
[2023-12-20T22:49:59.211+0000] {logging_mixin.py:188} INFO - [2023-12-20T22:49:59.210+0000] {dagbag.py:538} INFO - Filling up the DagBag from /home/airflow/.local/lib/python3.8/site-packages/airflow/example_dags/example_branch_datetime_operator.py
[2023-12-20T22:49:59.223+0000] {processor.py:840} INFO - DAG(s) 'example_branch_datetime_operator_2', 'example_branch_datetime_operator_3', 'example_branch_datetime_operator' retrieved from /home/airflow/.local/lib/python3.8/site-packages/airflow/example_dags/example_branch_datetime_operator.py
[2023-12-20T22:49:59.255+0000] {logging_mixin.py:188} INFO - [2023-12-20T22:49:59.255+0000] {dag.py:3033} INFO - Sync 3 DAGs
[2023-12-20T22:49:59.278+0000] {logging_mixin.py:188} INFO - [2023-12-20T22:49:59.278+0000] {dag.py:3820} INFO - Setting next_dagrun for example_branch_datetime_operator to 2023-12-19T00:00:00+00:00, run_after=2023-12-20T00:00:00+00:00
[2023-12-20T22:49:59.286+0000] {logging_mixin.py:188} INFO - [2023-12-20T22:49:59.285+0000] {dag.py:3820} INFO - Setting next_dagrun for example_branch_datetime_operator_2 to 2023-12-19T00:00:00+00:00, run_after=2023-12-20T00:00:00+00:00
[2023-12-20T22:49:59.288+0000] {logging_mixin.py:188} INFO - [2023-12-20T22:49:59.288+0000] {dag.py:3820} INFO - Setting next_dagrun for example_branch_datetime_operator_3 to 2023-12-19T00:00:00+00:00, run_after=2023-12-20T00:00:00+00:00
[2023-12-20T22:49:59.299+0000] {processor.py:183} INFO - Processing /home/airflow/.local/lib/python3.8/site-packages/airflow/example_dags/example_branch_datetime_operator.py took 0.099 seconds
[2023-12-20T22:50:29.505+0000] {processor.py:161} INFO - Started process (PID=1362) to work on /home/airflow/.local/lib/python3.8/site-packages/airflow/example_dags/example_branch_datetime_operator.py
[2023-12-20T22:50:29.507+0000] {processor.py:830} INFO - Processing file /home/airflow/.local/lib/python3.8/site-packages/airflow/example_dags/example_branch_datetime_operator.py for tasks to queue
[2023-12-20T22:50:29.509+0000] {logging_mixin.py:188} INFO - [2023-12-20T22:50:29.509+0000] {dagbag.py:538} INFO - Filling up the DagBag from /home/airflow/.local/lib/python3.8/site-packages/airflow/example_dags/example_branch_datetime_operator.py
[2023-12-20T22:50:29.520+0000] {processor.py:840} INFO - DAG(s) 'example_branch_datetime_operator', 'example_branch_datetime_operator_3', 'example_branch_datetime_operator_2' retrieved from /home/airflow/.local/lib/python3.8/site-packages/airflow/example_dags/example_branch_datetime_operator.py
[2023-12-20T22:50:29.546+0000] {logging_mixin.py:188} INFO - [2023-12-20T22:50:29.546+0000] {dag.py:3033} INFO - Sync 3 DAGs
[2023-12-20T22:50:29.565+0000] {logging_mixin.py:188} INFO - [2023-12-20T22:50:29.565+0000] {dag.py:3820} INFO - Setting next_dagrun for example_branch_datetime_operator to 2023-12-19T00:00:00+00:00, run_after=2023-12-20T00:00:00+00:00
[2023-12-20T22:50:29.570+0000] {logging_mixin.py:188} INFO - [2023-12-20T22:50:29.570+0000] {dag.py:3820} INFO - Setting next_dagrun for example_branch_datetime_operator_2 to 2023-12-19T00:00:00+00:00, run_after=2023-12-20T00:00:00+00:00
[2023-12-20T22:50:29.574+0000] {logging_mixin.py:188} INFO - [2023-12-20T22:50:29.574+0000] {dag.py:3820} INFO - Setting next_dagrun for example_branch_datetime_operator_3 to 2023-12-19T00:00:00+00:00, run_after=2023-12-20T00:00:00+00:00
[2023-12-20T22:50:29.587+0000] {processor.py:183} INFO - Processing /home/airflow/.local/lib/python3.8/site-packages/airflow/example_dags/example_branch_datetime_operator.py took 0.086 seconds
[2023-12-20T22:50:59.737+0000] {processor.py:161} INFO - Started process (PID=1417) to work on /home/airflow/.local/lib/python3.8/site-packages/airflow/example_dags/example_branch_datetime_operator.py
[2023-12-20T22:50:59.739+0000] {processor.py:830} INFO - Processing file /home/airflow/.local/lib/python3.8/site-packages/airflow/example_dags/example_branch_datetime_operator.py for tasks to queue
[2023-12-20T22:50:59.741+0000] {logging_mixin.py:188} INFO - [2023-12-20T22:50:59.741+0000] {dagbag.py:538} INFO - Filling up the DagBag from /home/airflow/.local/lib/python3.8/site-packages/airflow/example_dags/example_branch_datetime_operator.py
[2023-12-20T22:50:59.751+0000] {processor.py:840} INFO - DAG(s) 'example_branch_datetime_operator', 'example_branch_datetime_operator_3', 'example_branch_datetime_operator_2' retrieved from /home/airflow/.local/lib/python3.8/site-packages/airflow/example_dags/example_branch_datetime_operator.py
[2023-12-20T22:50:59.785+0000] {logging_mixin.py:188} INFO - [2023-12-20T22:50:59.784+0000] {dag.py:3033} INFO - Sync 3 DAGs
[2023-12-20T22:50:59.806+0000] {logging_mixin.py:188} INFO - [2023-12-20T22:50:59.806+0000] {dag.py:3820} INFO - Setting next_dagrun for example_branch_datetime_operator to 2023-12-19T00:00:00+00:00, run_after=2023-12-20T00:00:00+00:00
[2023-12-20T22:50:59.810+0000] {logging_mixin.py:188} INFO - [2023-12-20T22:50:59.810+0000] {dag.py:3820} INFO - Setting next_dagrun for example_branch_datetime_operator_2 to 2023-12-19T00:00:00+00:00, run_after=2023-12-20T00:00:00+00:00
[2023-12-20T22:50:59.812+0000] {logging_mixin.py:188} INFO - [2023-12-20T22:50:59.812+0000] {dag.py:3820} INFO - Setting next_dagrun for example_branch_datetime_operator_3 to 2023-12-19T00:00:00+00:00, run_after=2023-12-20T00:00:00+00:00
[2023-12-20T22:50:59.825+0000] {processor.py:183} INFO - Processing /home/airflow/.local/lib/python3.8/site-packages/airflow/example_dags/example_branch_datetime_operator.py took 0.091 seconds
[2023-12-20T22:51:30.783+0000] {processor.py:161} INFO - Started process (PID=1472) to work on /home/airflow/.local/lib/python3.8/site-packages/airflow/example_dags/example_branch_datetime_operator.py
[2023-12-20T22:51:30.785+0000] {processor.py:830} INFO - Processing file /home/airflow/.local/lib/python3.8/site-packages/airflow/example_dags/example_branch_datetime_operator.py for tasks to queue
[2023-12-20T22:51:30.788+0000] {logging_mixin.py:188} INFO - [2023-12-20T22:51:30.787+0000] {dagbag.py:538} INFO - Filling up the DagBag from /home/airflow/.local/lib/python3.8/site-packages/airflow/example_dags/example_branch_datetime_operator.py
[2023-12-20T22:51:30.798+0000] {processor.py:840} INFO - DAG(s) 'example_branch_datetime_operator', 'example_branch_datetime_operator_3', 'example_branch_datetime_operator_2' retrieved from /home/airflow/.local/lib/python3.8/site-packages/airflow/example_dags/example_branch_datetime_operator.py
[2023-12-20T22:51:30.825+0000] {logging_mixin.py:188} INFO - [2023-12-20T22:51:30.825+0000] {dag.py:3033} INFO - Sync 3 DAGs
[2023-12-20T22:51:30.845+0000] {logging_mixin.py:188} INFO - [2023-12-20T22:51:30.845+0000] {dag.py:3820} INFO - Setting next_dagrun for example_branch_datetime_operator to 2023-12-19T00:00:00+00:00, run_after=2023-12-20T00:00:00+00:00
[2023-12-20T22:51:30.850+0000] {logging_mixin.py:188} INFO - [2023-12-20T22:51:30.850+0000] {dag.py:3820} INFO - Setting next_dagrun for example_branch_datetime_operator_2 to 2023-12-19T00:00:00+00:00, run_after=2023-12-20T00:00:00+00:00
[2023-12-20T22:51:30.853+0000] {logging_mixin.py:188} INFO - [2023-12-20T22:51:30.853+0000] {dag.py:3820} INFO - Setting next_dagrun for example_branch_datetime_operator_3 to 2023-12-19T00:00:00+00:00, run_after=2023-12-20T00:00:00+00:00
[2023-12-20T22:51:30.865+0000] {processor.py:183} INFO - Processing /home/airflow/.local/lib/python3.8/site-packages/airflow/example_dags/example_branch_datetime_operator.py took 0.085 seconds
[2023-12-20T22:52:01.707+0000] {processor.py:161} INFO - Started process (PID=1527) to work on /home/airflow/.local/lib/python3.8/site-packages/airflow/example_dags/example_branch_datetime_operator.py
[2023-12-20T22:52:01.709+0000] {processor.py:830} INFO - Processing file /home/airflow/.local/lib/python3.8/site-packages/airflow/example_dags/example_branch_datetime_operator.py for tasks to queue
[2023-12-20T22:52:01.718+0000] {logging_mixin.py:188} INFO - [2023-12-20T22:52:01.717+0000] {dagbag.py:538} INFO - Filling up the DagBag from /home/airflow/.local/lib/python3.8/site-packages/airflow/example_dags/example_branch_datetime_operator.py
[2023-12-20T22:52:01.744+0000] {processor.py:840} INFO - DAG(s) 'example_branch_datetime_operator_2', 'example_branch_datetime_operator', 'example_branch_datetime_operator_3' retrieved from /home/airflow/.local/lib/python3.8/site-packages/airflow/example_dags/example_branch_datetime_operator.py
[2023-12-20T22:52:01.825+0000] {logging_mixin.py:188} INFO - [2023-12-20T22:52:01.824+0000] {dag.py:3033} INFO - Sync 3 DAGs
[2023-12-20T22:52:01.870+0000] {logging_mixin.py:188} INFO - [2023-12-20T22:52:01.870+0000] {dag.py:3820} INFO - Setting next_dagrun for example_branch_datetime_operator to 2023-12-19T00:00:00+00:00, run_after=2023-12-20T00:00:00+00:00
[2023-12-20T22:52:01.876+0000] {logging_mixin.py:188} INFO - [2023-12-20T22:52:01.876+0000] {dag.py:3820} INFO - Setting next_dagrun for example_branch_datetime_operator_2 to 2023-12-19T00:00:00+00:00, run_after=2023-12-20T00:00:00+00:00
[2023-12-20T22:52:01.878+0000] {logging_mixin.py:188} INFO - [2023-12-20T22:52:01.878+0000] {dag.py:3820} INFO - Setting next_dagrun for example_branch_datetime_operator_3 to 2023-12-19T00:00:00+00:00, run_after=2023-12-20T00:00:00+00:00
[2023-12-20T22:52:01.900+0000] {processor.py:183} INFO - Processing /home/airflow/.local/lib/python3.8/site-packages/airflow/example_dags/example_branch_datetime_operator.py took 0.199 seconds
[2023-12-20T22:52:32.320+0000] {processor.py:161} INFO - Started process (PID=1582) to work on /home/airflow/.local/lib/python3.8/site-packages/airflow/example_dags/example_branch_datetime_operator.py
[2023-12-20T22:52:32.325+0000] {processor.py:830} INFO - Processing file /home/airflow/.local/lib/python3.8/site-packages/airflow/example_dags/example_branch_datetime_operator.py for tasks to queue
[2023-12-20T22:52:32.330+0000] {logging_mixin.py:188} INFO - [2023-12-20T22:52:32.329+0000] {dagbag.py:538} INFO - Filling up the DagBag from /home/airflow/.local/lib/python3.8/site-packages/airflow/example_dags/example_branch_datetime_operator.py
[2023-12-20T22:52:32.344+0000] {processor.py:840} INFO - DAG(s) 'example_branch_datetime_operator_3', 'example_branch_datetime_operator', 'example_branch_datetime_operator_2' retrieved from /home/airflow/.local/lib/python3.8/site-packages/airflow/example_dags/example_branch_datetime_operator.py
[2023-12-20T22:52:32.380+0000] {logging_mixin.py:188} INFO - [2023-12-20T22:52:32.380+0000] {dag.py:3033} INFO - Sync 3 DAGs
[2023-12-20T22:52:32.400+0000] {logging_mixin.py:188} INFO - [2023-12-20T22:52:32.400+0000] {dag.py:3820} INFO - Setting next_dagrun for example_branch_datetime_operator to 2023-12-19T00:00:00+00:00, run_after=2023-12-20T00:00:00+00:00
[2023-12-20T22:52:32.404+0000] {logging_mixin.py:188} INFO - [2023-12-20T22:52:32.404+0000] {dag.py:3820} INFO - Setting next_dagrun for example_branch_datetime_operator_2 to 2023-12-19T00:00:00+00:00, run_after=2023-12-20T00:00:00+00:00
[2023-12-20T22:52:32.407+0000] {logging_mixin.py:188} INFO - [2023-12-20T22:52:32.407+0000] {dag.py:3820} INFO - Setting next_dagrun for example_branch_datetime_operator_3 to 2023-12-19T00:00:00+00:00, run_after=2023-12-20T00:00:00+00:00
[2023-12-20T22:52:32.426+0000] {processor.py:183} INFO - Processing /home/airflow/.local/lib/python3.8/site-packages/airflow/example_dags/example_branch_datetime_operator.py took 0.115 seconds
[2023-12-20T22:53:02.926+0000] {processor.py:161} INFO - Started process (PID=1637) to work on /home/airflow/.local/lib/python3.8/site-packages/airflow/example_dags/example_branch_datetime_operator.py
[2023-12-20T22:53:02.928+0000] {processor.py:830} INFO - Processing file /home/airflow/.local/lib/python3.8/site-packages/airflow/example_dags/example_branch_datetime_operator.py for tasks to queue
[2023-12-20T22:53:02.931+0000] {logging_mixin.py:188} INFO - [2023-12-20T22:53:02.931+0000] {dagbag.py:538} INFO - Filling up the DagBag from /home/airflow/.local/lib/python3.8/site-packages/airflow/example_dags/example_branch_datetime_operator.py
[2023-12-20T22:53:02.944+0000] {processor.py:840} INFO - DAG(s) 'example_branch_datetime_operator_3', 'example_branch_datetime_operator_2', 'example_branch_datetime_operator' retrieved from /home/airflow/.local/lib/python3.8/site-packages/airflow/example_dags/example_branch_datetime_operator.py
[2023-12-20T22:53:02.994+0000] {logging_mixin.py:188} INFO - [2023-12-20T22:53:02.994+0000] {dag.py:3033} INFO - Sync 3 DAGs
[2023-12-20T22:53:03.017+0000] {logging_mixin.py:188} INFO - [2023-12-20T22:53:03.017+0000] {dag.py:3820} INFO - Setting next_dagrun for example_branch_datetime_operator to 2023-12-19T00:00:00+00:00, run_after=2023-12-20T00:00:00+00:00
[2023-12-20T22:53:03.021+0000] {logging_mixin.py:188} INFO - [2023-12-20T22:53:03.021+0000] {dag.py:3820} INFO - Setting next_dagrun for example_branch_datetime_operator_2 to 2023-12-19T00:00:00+00:00, run_after=2023-12-20T00:00:00+00:00
[2023-12-20T22:53:03.024+0000] {logging_mixin.py:188} INFO - [2023-12-20T22:53:03.024+0000] {dag.py:3820} INFO - Setting next_dagrun for example_branch_datetime_operator_3 to 2023-12-19T00:00:00+00:00, run_after=2023-12-20T00:00:00+00:00
[2023-12-20T22:53:03.223+0000] {processor.py:183} INFO - Processing /home/airflow/.local/lib/python3.8/site-packages/airflow/example_dags/example_branch_datetime_operator.py took 0.302 seconds
[2023-12-20T22:53:33.566+0000] {processor.py:161} INFO - Started process (PID=1693) to work on /home/airflow/.local/lib/python3.8/site-packages/airflow/example_dags/example_branch_datetime_operator.py
[2023-12-20T22:53:33.569+0000] {processor.py:830} INFO - Processing file /home/airflow/.local/lib/python3.8/site-packages/airflow/example_dags/example_branch_datetime_operator.py for tasks to queue
[2023-12-20T22:53:33.575+0000] {logging_mixin.py:188} INFO - [2023-12-20T22:53:33.574+0000] {dagbag.py:538} INFO - Filling up the DagBag from /home/airflow/.local/lib/python3.8/site-packages/airflow/example_dags/example_branch_datetime_operator.py
[2023-12-20T22:53:33.593+0000] {processor.py:840} INFO - DAG(s) 'example_branch_datetime_operator_2', 'example_branch_datetime_operator_3', 'example_branch_datetime_operator' retrieved from /home/airflow/.local/lib/python3.8/site-packages/airflow/example_dags/example_branch_datetime_operator.py
[2023-12-20T22:53:33.651+0000] {logging_mixin.py:188} INFO - [2023-12-20T22:53:33.650+0000] {dag.py:3033} INFO - Sync 3 DAGs
[2023-12-20T22:53:33.740+0000] {logging_mixin.py:188} INFO - [2023-12-20T22:53:33.739+0000] {dag.py:3820} INFO - Setting next_dagrun for example_branch_datetime_operator to 2023-12-19T00:00:00+00:00, run_after=2023-12-20T00:00:00+00:00
[2023-12-20T22:53:33.758+0000] {logging_mixin.py:188} INFO - [2023-12-20T22:53:33.758+0000] {dag.py:3820} INFO - Setting next_dagrun for example_branch_datetime_operator_2 to 2023-12-19T00:00:00+00:00, run_after=2023-12-20T00:00:00+00:00
[2023-12-20T22:53:33.771+0000] {logging_mixin.py:188} INFO - [2023-12-20T22:53:33.771+0000] {dag.py:3820} INFO - Setting next_dagrun for example_branch_datetime_operator_3 to 2023-12-19T00:00:00+00:00, run_after=2023-12-20T00:00:00+00:00
[2023-12-20T22:53:33.811+0000] {processor.py:183} INFO - Processing /home/airflow/.local/lib/python3.8/site-packages/airflow/example_dags/example_branch_datetime_operator.py took 0.252 seconds
[2023-12-20T22:54:04.278+0000] {processor.py:161} INFO - Started process (PID=1749) to work on /home/airflow/.local/lib/python3.8/site-packages/airflow/example_dags/example_branch_datetime_operator.py
[2023-12-20T22:54:04.295+0000] {processor.py:830} INFO - Processing file /home/airflow/.local/lib/python3.8/site-packages/airflow/example_dags/example_branch_datetime_operator.py for tasks to queue
[2023-12-20T22:54:04.319+0000] {logging_mixin.py:188} INFO - [2023-12-20T22:54:04.317+0000] {dagbag.py:538} INFO - Filling up the DagBag from /home/airflow/.local/lib/python3.8/site-packages/airflow/example_dags/example_branch_datetime_operator.py
[2023-12-20T22:54:04.449+0000] {processor.py:840} INFO - DAG(s) 'example_branch_datetime_operator_2', 'example_branch_datetime_operator', 'example_branch_datetime_operator_3' retrieved from /home/airflow/.local/lib/python3.8/site-packages/airflow/example_dags/example_branch_datetime_operator.py
[2023-12-20T22:54:04.699+0000] {logging_mixin.py:188} INFO - [2023-12-20T22:54:04.699+0000] {dag.py:3033} INFO - Sync 3 DAGs
[2023-12-20T22:54:05.181+0000] {logging_mixin.py:188} INFO - [2023-12-20T22:54:05.180+0000] {dag.py:3820} INFO - Setting next_dagrun for example_branch_datetime_operator to 2023-12-19T00:00:00+00:00, run_after=2023-12-20T00:00:00+00:00
[2023-12-20T22:54:05.306+0000] {logging_mixin.py:188} INFO - [2023-12-20T22:54:05.306+0000] {dag.py:3820} INFO - Setting next_dagrun for example_branch_datetime_operator_2 to 2023-12-19T00:00:00+00:00, run_after=2023-12-20T00:00:00+00:00
[2023-12-20T22:54:05.391+0000] {logging_mixin.py:188} INFO - [2023-12-20T22:54:05.391+0000] {dag.py:3820} INFO - Setting next_dagrun for example_branch_datetime_operator_3 to 2023-12-19T00:00:00+00:00, run_after=2023-12-20T00:00:00+00:00
[2023-12-20T22:54:05.508+0000] {processor.py:183} INFO - Processing /home/airflow/.local/lib/python3.8/site-packages/airflow/example_dags/example_branch_datetime_operator.py took 1.247 seconds
[2023-12-20T22:54:54.782+0000] {processor.py:161} INFO - Started process (PID=1798) to work on /home/airflow/.local/lib/python3.8/site-packages/airflow/example_dags/example_branch_datetime_operator.py
[2023-12-20T22:54:54.796+0000] {processor.py:830} INFO - Processing file /home/airflow/.local/lib/python3.8/site-packages/airflow/example_dags/example_branch_datetime_operator.py for tasks to queue
[2023-12-20T22:54:54.812+0000] {logging_mixin.py:188} INFO - [2023-12-20T22:54:54.811+0000] {dagbag.py:538} INFO - Filling up the DagBag from /home/airflow/.local/lib/python3.8/site-packages/airflow/example_dags/example_branch_datetime_operator.py
[2023-12-20T22:54:54.973+0000] {processor.py:840} INFO - DAG(s) 'example_branch_datetime_operator', 'example_branch_datetime_operator_3', 'example_branch_datetime_operator_2' retrieved from /home/airflow/.local/lib/python3.8/site-packages/airflow/example_dags/example_branch_datetime_operator.py
[2023-12-20T22:54:55.158+0000] {logging_mixin.py:188} INFO - [2023-12-20T22:54:55.158+0000] {dag.py:3033} INFO - Sync 3 DAGs
[2023-12-20T22:54:55.454+0000] {logging_mixin.py:188} INFO - [2023-12-20T22:54:55.453+0000] {dag.py:3820} INFO - Setting next_dagrun for example_branch_datetime_operator to 2023-12-19T00:00:00+00:00, run_after=2023-12-20T00:00:00+00:00
[2023-12-20T22:54:55.519+0000] {logging_mixin.py:188} INFO - [2023-12-20T22:54:55.514+0000] {dag.py:3820} INFO - Setting next_dagrun for example_branch_datetime_operator_2 to 2023-12-19T00:00:00+00:00, run_after=2023-12-20T00:00:00+00:00
[2023-12-20T22:54:55.555+0000] {logging_mixin.py:188} INFO - [2023-12-20T22:54:55.554+0000] {dag.py:3820} INFO - Setting next_dagrun for example_branch_datetime_operator_3 to 2023-12-19T00:00:00+00:00, run_after=2023-12-20T00:00:00+00:00
[2023-12-20T22:54:55.767+0000] {processor.py:183} INFO - Processing /home/airflow/.local/lib/python3.8/site-packages/airflow/example_dags/example_branch_datetime_operator.py took 1.016 seconds
[2023-12-20T22:55:58.856+0000] {processor.py:161} INFO - Started process (PID=1866) to work on /home/airflow/.local/lib/python3.8/site-packages/airflow/example_dags/example_branch_datetime_operator.py
[2023-12-20T22:55:58.867+0000] {processor.py:830} INFO - Processing file /home/airflow/.local/lib/python3.8/site-packages/airflow/example_dags/example_branch_datetime_operator.py for tasks to queue
[2023-12-20T22:55:58.879+0000] {logging_mixin.py:188} INFO - [2023-12-20T22:55:58.879+0000] {dagbag.py:538} INFO - Filling up the DagBag from /home/airflow/.local/lib/python3.8/site-packages/airflow/example_dags/example_branch_datetime_operator.py
[2023-12-20T22:55:58.972+0000] {processor.py:840} INFO - DAG(s) 'example_branch_datetime_operator_2', 'example_branch_datetime_operator_3', 'example_branch_datetime_operator' retrieved from /home/airflow/.local/lib/python3.8/site-packages/airflow/example_dags/example_branch_datetime_operator.py
[2023-12-20T22:55:59.101+0000] {logging_mixin.py:188} INFO - [2023-12-20T22:55:59.092+0000] {dag.py:3033} INFO - Sync 3 DAGs
[2023-12-20T22:55:59.248+0000] {logging_mixin.py:188} INFO - [2023-12-20T22:55:59.247+0000] {dag.py:3820} INFO - Setting next_dagrun for example_branch_datetime_operator to 2023-12-19T00:00:00+00:00, run_after=2023-12-20T00:00:00+00:00
[2023-12-20T22:55:59.270+0000] {logging_mixin.py:188} INFO - [2023-12-20T22:55:59.269+0000] {dag.py:3820} INFO - Setting next_dagrun for example_branch_datetime_operator_2 to 2023-12-19T00:00:00+00:00, run_after=2023-12-20T00:00:00+00:00
[2023-12-20T22:55:59.281+0000] {logging_mixin.py:188} INFO - [2023-12-20T22:55:59.281+0000] {dag.py:3820} INFO - Setting next_dagrun for example_branch_datetime_operator_3 to 2023-12-19T00:00:00+00:00, run_after=2023-12-20T00:00:00+00:00
[2023-12-20T22:55:59.495+0000] {processor.py:183} INFO - Processing /home/airflow/.local/lib/python3.8/site-packages/airflow/example_dags/example_branch_datetime_operator.py took 0.666 seconds
[2023-12-20T22:56:41.129+0000] {processor.py:161} INFO - Started process (PID=1930) to work on /home/airflow/.local/lib/python3.8/site-packages/airflow/example_dags/example_branch_datetime_operator.py
[2023-12-20T22:56:41.135+0000] {processor.py:830} INFO - Processing file /home/airflow/.local/lib/python3.8/site-packages/airflow/example_dags/example_branch_datetime_operator.py for tasks to queue
[2023-12-20T22:56:41.145+0000] {logging_mixin.py:188} INFO - [2023-12-20T22:56:41.144+0000] {dagbag.py:538} INFO - Filling up the DagBag from /home/airflow/.local/lib/python3.8/site-packages/airflow/example_dags/example_branch_datetime_operator.py
[2023-12-20T22:56:41.189+0000] {processor.py:840} INFO - DAG(s) 'example_branch_datetime_operator_3', 'example_branch_datetime_operator', 'example_branch_datetime_operator_2' retrieved from /home/airflow/.local/lib/python3.8/site-packages/airflow/example_dags/example_branch_datetime_operator.py
[2023-12-20T22:56:41.444+0000] {logging_mixin.py:188} INFO - [2023-12-20T22:56:41.443+0000] {dag.py:3033} INFO - Sync 3 DAGs
[2023-12-20T22:56:41.541+0000] {logging_mixin.py:188} INFO - [2023-12-20T22:56:41.540+0000] {dag.py:3820} INFO - Setting next_dagrun for example_branch_datetime_operator to 2023-12-19T00:00:00+00:00, run_after=2023-12-20T00:00:00+00:00
[2023-12-20T22:56:41.565+0000] {logging_mixin.py:188} INFO - [2023-12-20T22:56:41.564+0000] {dag.py:3820} INFO - Setting next_dagrun for example_branch_datetime_operator_2 to 2023-12-19T00:00:00+00:00, run_after=2023-12-20T00:00:00+00:00
[2023-12-20T22:56:41.581+0000] {logging_mixin.py:188} INFO - [2023-12-20T22:56:41.580+0000] {dag.py:3820} INFO - Setting next_dagrun for example_branch_datetime_operator_3 to 2023-12-19T00:00:00+00:00, run_after=2023-12-20T00:00:00+00:00
[2023-12-20T22:56:41.647+0000] {processor.py:183} INFO - Processing /home/airflow/.local/lib/python3.8/site-packages/airflow/example_dags/example_branch_datetime_operator.py took 0.547 seconds
[2023-12-20T22:57:29.993+0000] {processor.py:161} INFO - Started process (PID=1992) to work on /home/airflow/.local/lib/python3.8/site-packages/airflow/example_dags/example_branch_datetime_operator.py
[2023-12-20T22:57:30.003+0000] {processor.py:830} INFO - Processing file /home/airflow/.local/lib/python3.8/site-packages/airflow/example_dags/example_branch_datetime_operator.py for tasks to queue
[2023-12-20T22:57:30.013+0000] {logging_mixin.py:188} INFO - [2023-12-20T22:57:30.012+0000] {dagbag.py:538} INFO - Filling up the DagBag from /home/airflow/.local/lib/python3.8/site-packages/airflow/example_dags/example_branch_datetime_operator.py
[2023-12-20T22:57:30.096+0000] {processor.py:840} INFO - DAG(s) 'example_branch_datetime_operator_2', 'example_branch_datetime_operator', 'example_branch_datetime_operator_3' retrieved from /home/airflow/.local/lib/python3.8/site-packages/airflow/example_dags/example_branch_datetime_operator.py
[2023-12-20T22:57:30.307+0000] {logging_mixin.py:188} INFO - [2023-12-20T22:57:30.305+0000] {dag.py:3033} INFO - Sync 3 DAGs
[2023-12-20T22:57:33.471+0000] {logging_mixin.py:188} INFO - [2023-12-20T22:57:33.470+0000] {dag.py:3820} INFO - Setting next_dagrun for example_branch_datetime_operator to 2023-12-19T00:00:00+00:00, run_after=2023-12-20T00:00:00+00:00
[2023-12-20T22:57:33.531+0000] {logging_mixin.py:188} INFO - [2023-12-20T22:57:33.531+0000] {dag.py:3820} INFO - Setting next_dagrun for example_branch_datetime_operator_2 to 2023-12-19T00:00:00+00:00, run_after=2023-12-20T00:00:00+00:00
[2023-12-20T22:57:33.544+0000] {logging_mixin.py:188} INFO - [2023-12-20T22:57:33.543+0000] {dag.py:3820} INFO - Setting next_dagrun for example_branch_datetime_operator_3 to 2023-12-19T00:00:00+00:00, run_after=2023-12-20T00:00:00+00:00
[2023-12-20T22:57:33.862+0000] {processor.py:183} INFO - Processing /home/airflow/.local/lib/python3.8/site-packages/airflow/example_dags/example_branch_datetime_operator.py took 3.928 seconds
[2023-12-20T22:59:53.510+0000] {processor.py:161} INFO - Started process (PID=2059) to work on /home/airflow/.local/lib/python3.8/site-packages/airflow/example_dags/example_branch_datetime_operator.py
[2023-12-20T22:59:53.518+0000] {processor.py:830} INFO - Processing file /home/airflow/.local/lib/python3.8/site-packages/airflow/example_dags/example_branch_datetime_operator.py for tasks to queue
[2023-12-20T22:59:53.550+0000] {logging_mixin.py:188} INFO - [2023-12-20T22:59:53.548+0000] {dagbag.py:538} INFO - Filling up the DagBag from /home/airflow/.local/lib/python3.8/site-packages/airflow/example_dags/example_branch_datetime_operator.py
[2023-12-20T22:59:53.615+0000] {processor.py:840} INFO - DAG(s) 'example_branch_datetime_operator', 'example_branch_datetime_operator_2', 'example_branch_datetime_operator_3' retrieved from /home/airflow/.local/lib/python3.8/site-packages/airflow/example_dags/example_branch_datetime_operator.py
[2023-12-20T22:59:53.816+0000] {logging_mixin.py:188} INFO - [2023-12-20T22:59:53.815+0000] {dag.py:3033} INFO - Sync 3 DAGs
[2023-12-20T22:59:53.925+0000] {logging_mixin.py:188} INFO - [2023-12-20T22:59:53.924+0000] {dag.py:3820} INFO - Setting next_dagrun for example_branch_datetime_operator to 2023-12-19T00:00:00+00:00, run_after=2023-12-20T00:00:00+00:00
[2023-12-20T22:59:53.943+0000] {logging_mixin.py:188} INFO - [2023-12-20T22:59:53.942+0000] {dag.py:3820} INFO - Setting next_dagrun for example_branch_datetime_operator_2 to 2023-12-19T00:00:00+00:00, run_after=2023-12-20T00:00:00+00:00
[2023-12-20T22:59:53.972+0000] {logging_mixin.py:188} INFO - [2023-12-20T22:59:53.971+0000] {dag.py:3820} INFO - Setting next_dagrun for example_branch_datetime_operator_3 to 2023-12-19T00:00:00+00:00, run_after=2023-12-20T00:00:00+00:00
[2023-12-20T22:59:54.047+0000] {processor.py:183} INFO - Processing /home/airflow/.local/lib/python3.8/site-packages/airflow/example_dags/example_branch_datetime_operator.py took 0.555 seconds
[2023-12-20T23:00:57.249+0000] {processor.py:161} INFO - Started process (PID=2111) to work on /home/airflow/.local/lib/python3.8/site-packages/airflow/example_dags/example_branch_datetime_operator.py
[2023-12-20T23:00:57.255+0000] {processor.py:830} INFO - Processing file /home/airflow/.local/lib/python3.8/site-packages/airflow/example_dags/example_branch_datetime_operator.py for tasks to queue
[2023-12-20T23:00:57.282+0000] {logging_mixin.py:188} INFO - [2023-12-20T23:00:57.279+0000] {dagbag.py:538} INFO - Filling up the DagBag from /home/airflow/.local/lib/python3.8/site-packages/airflow/example_dags/example_branch_datetime_operator.py
[2023-12-20T23:00:57.363+0000] {processor.py:840} INFO - DAG(s) 'example_branch_datetime_operator_3', 'example_branch_datetime_operator_2', 'example_branch_datetime_operator' retrieved from /home/airflow/.local/lib/python3.8/site-packages/airflow/example_dags/example_branch_datetime_operator.py
[2023-12-20T23:00:57.567+0000] {logging_mixin.py:188} INFO - [2023-12-20T23:00:57.567+0000] {dag.py:3033} INFO - Sync 3 DAGs
[2023-12-20T23:01:00.478+0000] {logging_mixin.py:188} INFO - [2023-12-20T23:01:00.476+0000] {dag.py:3820} INFO - Setting next_dagrun for example_branch_datetime_operator to 2023-12-19T00:00:00+00:00, run_after=2023-12-20T00:00:00+00:00
[2023-12-20T23:01:00.586+0000] {logging_mixin.py:188} INFO - [2023-12-20T23:01:00.586+0000] {dag.py:3820} INFO - Setting next_dagrun for example_branch_datetime_operator_2 to 2023-12-19T00:00:00+00:00, run_after=2023-12-20T00:00:00+00:00
[2023-12-20T23:01:00.606+0000] {logging_mixin.py:188} INFO - [2023-12-20T23:01:00.601+0000] {dag.py:3820} INFO - Setting next_dagrun for example_branch_datetime_operator_3 to 2023-12-19T00:00:00+00:00, run_after=2023-12-20T00:00:00+00:00
[2023-12-20T23:01:00.700+0000] {processor.py:183} INFO - Processing /home/airflow/.local/lib/python3.8/site-packages/airflow/example_dags/example_branch_datetime_operator.py took 3.480 seconds
[2023-12-20T23:02:20.766+0000] {processor.py:161} INFO - Started process (PID=2189) to work on /home/airflow/.local/lib/python3.8/site-packages/airflow/example_dags/example_branch_datetime_operator.py
[2023-12-20T23:02:20.775+0000] {processor.py:830} INFO - Processing file /home/airflow/.local/lib/python3.8/site-packages/airflow/example_dags/example_branch_datetime_operator.py for tasks to queue
[2023-12-20T23:02:20.834+0000] {logging_mixin.py:188} INFO - [2023-12-20T23:02:20.832+0000] {dagbag.py:538} INFO - Filling up the DagBag from /home/airflow/.local/lib/python3.8/site-packages/airflow/example_dags/example_branch_datetime_operator.py
[2023-12-20T23:02:21.003+0000] {processor.py:840} INFO - DAG(s) 'example_branch_datetime_operator', 'example_branch_datetime_operator_3', 'example_branch_datetime_operator_2' retrieved from /home/airflow/.local/lib/python3.8/site-packages/airflow/example_dags/example_branch_datetime_operator.py
[2023-12-20T23:02:21.511+0000] {logging_mixin.py:188} INFO - [2023-12-20T23:02:21.510+0000] {dag.py:3033} INFO - Sync 3 DAGs
[2023-12-20T23:02:23.601+0000] {logging_mixin.py:188} INFO - [2023-12-20T23:02:23.600+0000] {dag.py:3820} INFO - Setting next_dagrun for example_branch_datetime_operator to 2023-12-19T00:00:00+00:00, run_after=2023-12-20T00:00:00+00:00
[2023-12-20T23:02:23.625+0000] {logging_mixin.py:188} INFO - [2023-12-20T23:02:23.625+0000] {dag.py:3820} INFO - Setting next_dagrun for example_branch_datetime_operator_2 to 2023-12-19T00:00:00+00:00, run_after=2023-12-20T00:00:00+00:00
[2023-12-20T23:02:23.634+0000] {logging_mixin.py:188} INFO - [2023-12-20T23:02:23.634+0000] {dag.py:3820} INFO - Setting next_dagrun for example_branch_datetime_operator_3 to 2023-12-19T00:00:00+00:00, run_after=2023-12-20T00:00:00+00:00
[2023-12-20T23:02:23.707+0000] {processor.py:183} INFO - Processing /home/airflow/.local/lib/python3.8/site-packages/airflow/example_dags/example_branch_datetime_operator.py took 2.973 seconds
[2023-12-20T23:03:10.306+0000] {processor.py:161} INFO - Started process (PID=2251) to work on /home/airflow/.local/lib/python3.8/site-packages/airflow/example_dags/example_branch_datetime_operator.py
[2023-12-20T23:03:10.322+0000] {processor.py:830} INFO - Processing file /home/airflow/.local/lib/python3.8/site-packages/airflow/example_dags/example_branch_datetime_operator.py for tasks to queue
[2023-12-20T23:03:10.391+0000] {logging_mixin.py:188} INFO - [2023-12-20T23:03:10.381+0000] {dagbag.py:538} INFO - Filling up the DagBag from /home/airflow/.local/lib/python3.8/site-packages/airflow/example_dags/example_branch_datetime_operator.py
[2023-12-20T23:03:10.704+0000] {processor.py:840} INFO - DAG(s) 'example_branch_datetime_operator_2', 'example_branch_datetime_operator', 'example_branch_datetime_operator_3' retrieved from /home/airflow/.local/lib/python3.8/site-packages/airflow/example_dags/example_branch_datetime_operator.py
[2023-12-20T23:03:11.469+0000] {logging_mixin.py:188} INFO - [2023-12-20T23:03:11.467+0000] {dag.py:3033} INFO - Sync 3 DAGs
[2023-12-20T23:03:11.779+0000] {logging_mixin.py:188} INFO - [2023-12-20T23:03:11.778+0000] {dag.py:3820} INFO - Setting next_dagrun for example_branch_datetime_operator to 2023-12-19T00:00:00+00:00, run_after=2023-12-20T00:00:00+00:00
[2023-12-20T23:03:11.795+0000] {logging_mixin.py:188} INFO - [2023-12-20T23:03:11.795+0000] {dag.py:3820} INFO - Setting next_dagrun for example_branch_datetime_operator_2 to 2023-12-19T00:00:00+00:00, run_after=2023-12-20T00:00:00+00:00
[2023-12-20T23:03:11.854+0000] {logging_mixin.py:188} INFO - [2023-12-20T23:03:11.854+0000] {dag.py:3820} INFO - Setting next_dagrun for example_branch_datetime_operator_3 to 2023-12-19T00:00:00+00:00, run_after=2023-12-20T00:00:00+00:00
[2023-12-20T23:03:12.281+0000] {processor.py:183} INFO - Processing /home/airflow/.local/lib/python3.8/site-packages/airflow/example_dags/example_branch_datetime_operator.py took 2.064 seconds
[2023-12-20T23:05:20.037+0000] {processor.py:161} INFO - Started process (PID=2310) to work on /home/airflow/.local/lib/python3.8/site-packages/airflow/example_dags/example_branch_datetime_operator.py
[2023-12-20T23:05:20.061+0000] {processor.py:830} INFO - Processing file /home/airflow/.local/lib/python3.8/site-packages/airflow/example_dags/example_branch_datetime_operator.py for tasks to queue
[2023-12-20T23:05:20.131+0000] {logging_mixin.py:188} INFO - [2023-12-20T23:05:20.130+0000] {dagbag.py:538} INFO - Filling up the DagBag from /home/airflow/.local/lib/python3.8/site-packages/airflow/example_dags/example_branch_datetime_operator.py
[2023-12-20T23:05:20.584+0000] {processor.py:840} INFO - DAG(s) 'example_branch_datetime_operator_3', 'example_branch_datetime_operator_2', 'example_branch_datetime_operator' retrieved from /home/airflow/.local/lib/python3.8/site-packages/airflow/example_dags/example_branch_datetime_operator.py
[2023-12-20T23:05:20.937+0000] {logging_mixin.py:188} INFO - [2023-12-20T23:05:20.936+0000] {dag.py:3033} INFO - Sync 3 DAGs
[2023-12-20T23:05:21.457+0000] {logging_mixin.py:188} INFO - [2023-12-20T23:05:21.455+0000] {dag.py:3820} INFO - Setting next_dagrun for example_branch_datetime_operator to 2023-12-19T00:00:00+00:00, run_after=2023-12-20T00:00:00+00:00
[2023-12-20T23:05:21.543+0000] {logging_mixin.py:188} INFO - [2023-12-20T23:05:21.534+0000] {dag.py:3820} INFO - Setting next_dagrun for example_branch_datetime_operator_2 to 2023-12-19T00:00:00+00:00, run_after=2023-12-20T00:00:00+00:00
[2023-12-20T23:05:21.605+0000] {logging_mixin.py:188} INFO - [2023-12-20T23:05:21.573+0000] {dag.py:3820} INFO - Setting next_dagrun for example_branch_datetime_operator_3 to 2023-12-19T00:00:00+00:00, run_after=2023-12-20T00:00:00+00:00
[2023-12-20T23:05:21.958+0000] {processor.py:183} INFO - Processing /home/airflow/.local/lib/python3.8/site-packages/airflow/example_dags/example_branch_datetime_operator.py took 2.083 seconds
[2023-12-20T23:06:46.330+0000] {processor.py:161} INFO - Started process (PID=2361) to work on /home/airflow/.local/lib/python3.8/site-packages/airflow/example_dags/example_branch_datetime_operator.py
[2023-12-20T23:06:46.347+0000] {processor.py:830} INFO - Processing file /home/airflow/.local/lib/python3.8/site-packages/airflow/example_dags/example_branch_datetime_operator.py for tasks to queue
[2023-12-20T23:06:46.490+0000] {logging_mixin.py:188} INFO - [2023-12-20T23:06:46.476+0000] {dagbag.py:538} INFO - Filling up the DagBag from /home/airflow/.local/lib/python3.8/site-packages/airflow/example_dags/example_branch_datetime_operator.py
[2023-12-20T23:06:46.836+0000] {processor.py:840} INFO - DAG(s) 'example_branch_datetime_operator_2', 'example_branch_datetime_operator', 'example_branch_datetime_operator_3' retrieved from /home/airflow/.local/lib/python3.8/site-packages/airflow/example_dags/example_branch_datetime_operator.py
[2023-12-20T23:06:48.326+0000] {logging_mixin.py:188} INFO - [2023-12-20T23:06:48.274+0000] {dag.py:3033} INFO - Sync 3 DAGs
[2023-12-20T23:06:50.335+0000] {logging_mixin.py:188} INFO - [2023-12-20T23:06:50.171+0000] {dag.py:3820} INFO - Setting next_dagrun for example_branch_datetime_operator to 2023-12-19T00:00:00+00:00, run_after=2023-12-20T00:00:00+00:00
[2023-12-20T23:06:50.938+0000] {logging_mixin.py:188} INFO - [2023-12-20T23:06:50.936+0000] {dag.py:3820} INFO - Setting next_dagrun for example_branch_datetime_operator_2 to 2023-12-19T00:00:00+00:00, run_after=2023-12-20T00:00:00+00:00
[2023-12-20T23:06:51.011+0000] {logging_mixin.py:188} INFO - [2023-12-20T23:06:50.966+0000] {dag.py:3820} INFO - Setting next_dagrun for example_branch_datetime_operator_3 to 2023-12-19T00:00:00+00:00, run_after=2023-12-20T00:00:00+00:00
[2023-12-20T23:06:51.485+0000] {processor.py:183} INFO - Processing /home/airflow/.local/lib/python3.8/site-packages/airflow/example_dags/example_branch_datetime_operator.py took 5.264 seconds
[2023-12-20T23:08:24.517+0000] {processor.py:161} INFO - Started process (PID=2423) to work on /home/airflow/.local/lib/python3.8/site-packages/airflow/example_dags/example_branch_datetime_operator.py
[2023-12-20T23:08:24.548+0000] {processor.py:830} INFO - Processing file /home/airflow/.local/lib/python3.8/site-packages/airflow/example_dags/example_branch_datetime_operator.py for tasks to queue
[2023-12-20T23:08:24.584+0000] {logging_mixin.py:188} INFO - [2023-12-20T23:08:24.575+0000] {dagbag.py:538} INFO - Filling up the DagBag from /home/airflow/.local/lib/python3.8/site-packages/airflow/example_dags/example_branch_datetime_operator.py
[2023-12-20T23:08:24.760+0000] {processor.py:840} INFO - DAG(s) 'example_branch_datetime_operator', 'example_branch_datetime_operator_2', 'example_branch_datetime_operator_3' retrieved from /home/airflow/.local/lib/python3.8/site-packages/airflow/example_dags/example_branch_datetime_operator.py
[2023-12-20T23:08:25.284+0000] {logging_mixin.py:188} INFO - [2023-12-20T23:08:25.284+0000] {dag.py:3033} INFO - Sync 3 DAGs
[2023-12-20T23:08:25.698+0000] {logging_mixin.py:188} INFO - [2023-12-20T23:08:25.697+0000] {dag.py:3820} INFO - Setting next_dagrun for example_branch_datetime_operator to 2023-12-19T00:00:00+00:00, run_after=2023-12-20T00:00:00+00:00
[2023-12-20T23:08:25.788+0000] {logging_mixin.py:188} INFO - [2023-12-20T23:08:25.787+0000] {dag.py:3820} INFO - Setting next_dagrun for example_branch_datetime_operator_2 to 2023-12-19T00:00:00+00:00, run_after=2023-12-20T00:00:00+00:00
[2023-12-20T23:08:25.811+0000] {logging_mixin.py:188} INFO - [2023-12-20T23:08:25.810+0000] {dag.py:3820} INFO - Setting next_dagrun for example_branch_datetime_operator_3 to 2023-12-19T00:00:00+00:00, run_after=2023-12-20T00:00:00+00:00
[2023-12-20T23:08:26.308+0000] {processor.py:183} INFO - Processing /home/airflow/.local/lib/python3.8/site-packages/airflow/example_dags/example_branch_datetime_operator.py took 1.839 seconds
[2023-12-20T23:09:15.069+0000] {processor.py:161} INFO - Started process (PID=2486) to work on /home/airflow/.local/lib/python3.8/site-packages/airflow/example_dags/example_branch_datetime_operator.py
[2023-12-20T23:09:15.138+0000] {processor.py:830} INFO - Processing file /home/airflow/.local/lib/python3.8/site-packages/airflow/example_dags/example_branch_datetime_operator.py for tasks to queue
[2023-12-20T23:09:15.345+0000] {logging_mixin.py:188} INFO - [2023-12-20T23:09:15.343+0000] {dagbag.py:538} INFO - Filling up the DagBag from /home/airflow/.local/lib/python3.8/site-packages/airflow/example_dags/example_branch_datetime_operator.py
[2023-12-20T23:09:17.292+0000] {processor.py:840} INFO - DAG(s) 'example_branch_datetime_operator_2', 'example_branch_datetime_operator', 'example_branch_datetime_operator_3' retrieved from /home/airflow/.local/lib/python3.8/site-packages/airflow/example_dags/example_branch_datetime_operator.py
[2023-12-20T23:09:18.116+0000] {logging_mixin.py:188} INFO - [2023-12-20T23:09:18.115+0000] {dag.py:3033} INFO - Sync 3 DAGs
[2023-12-20T23:09:18.450+0000] {logging_mixin.py:188} INFO - [2023-12-20T23:09:18.449+0000] {dag.py:3820} INFO - Setting next_dagrun for example_branch_datetime_operator to 2023-12-19T00:00:00+00:00, run_after=2023-12-20T00:00:00+00:00
[2023-12-20T23:09:18.499+0000] {logging_mixin.py:188} INFO - [2023-12-20T23:09:18.484+0000] {dag.py:3820} INFO - Setting next_dagrun for example_branch_datetime_operator_2 to 2023-12-19T00:00:00+00:00, run_after=2023-12-20T00:00:00+00:00
[2023-12-20T23:09:18.523+0000] {logging_mixin.py:188} INFO - [2023-12-20T23:09:18.522+0000] {dag.py:3820} INFO - Setting next_dagrun for example_branch_datetime_operator_3 to 2023-12-19T00:00:00+00:00, run_after=2023-12-20T00:00:00+00:00
[2023-12-20T23:09:18.678+0000] {processor.py:183} INFO - Processing /home/airflow/.local/lib/python3.8/site-packages/airflow/example_dags/example_branch_datetime_operator.py took 4.253 seconds
[2023-12-20T23:10:12.539+0000] {processor.py:161} INFO - Started process (PID=2535) to work on /home/airflow/.local/lib/python3.8/site-packages/airflow/example_dags/example_branch_datetime_operator.py
[2023-12-20T23:10:12.561+0000] {processor.py:830} INFO - Processing file /home/airflow/.local/lib/python3.8/site-packages/airflow/example_dags/example_branch_datetime_operator.py for tasks to queue
[2023-12-20T23:10:12.635+0000] {logging_mixin.py:188} INFO - [2023-12-20T23:10:12.605+0000] {dagbag.py:538} INFO - Filling up the DagBag from /home/airflow/.local/lib/python3.8/site-packages/airflow/example_dags/example_branch_datetime_operator.py
[2023-12-20T23:10:12.830+0000] {processor.py:840} INFO - DAG(s) 'example_branch_datetime_operator_3', 'example_branch_datetime_operator', 'example_branch_datetime_operator_2' retrieved from /home/airflow/.local/lib/python3.8/site-packages/airflow/example_dags/example_branch_datetime_operator.py
[2023-12-20T23:10:13.441+0000] {logging_mixin.py:188} INFO - [2023-12-20T23:10:13.440+0000] {dag.py:3033} INFO - Sync 3 DAGs
[2023-12-20T23:10:14.129+0000] {logging_mixin.py:188} INFO - [2023-12-20T23:10:14.127+0000] {dag.py:3820} INFO - Setting next_dagrun for example_branch_datetime_operator to 2023-12-19T00:00:00+00:00, run_after=2023-12-20T00:00:00+00:00
[2023-12-20T23:10:14.303+0000] {logging_mixin.py:188} INFO - [2023-12-20T23:10:14.277+0000] {dag.py:3820} INFO - Setting next_dagrun for example_branch_datetime_operator_2 to 2023-12-19T00:00:00+00:00, run_after=2023-12-20T00:00:00+00:00
[2023-12-20T23:10:14.345+0000] {logging_mixin.py:188} INFO - [2023-12-20T23:10:14.345+0000] {dag.py:3820} INFO - Setting next_dagrun for example_branch_datetime_operator_3 to 2023-12-19T00:00:00+00:00, run_after=2023-12-20T00:00:00+00:00
[2023-12-20T23:10:14.663+0000] {processor.py:183} INFO - Processing /home/airflow/.local/lib/python3.8/site-packages/airflow/example_dags/example_branch_datetime_operator.py took 2.199 seconds
[2023-12-20T23:11:30.756+0000] {processor.py:161} INFO - Started process (PID=2580) to work on /home/airflow/.local/lib/python3.8/site-packages/airflow/example_dags/example_branch_datetime_operator.py
[2023-12-20T23:11:30.779+0000] {processor.py:830} INFO - Processing file /home/airflow/.local/lib/python3.8/site-packages/airflow/example_dags/example_branch_datetime_operator.py for tasks to queue
[2023-12-20T23:11:30.810+0000] {logging_mixin.py:188} INFO - [2023-12-20T23:11:30.793+0000] {dagbag.py:538} INFO - Filling up the DagBag from /home/airflow/.local/lib/python3.8/site-packages/airflow/example_dags/example_branch_datetime_operator.py
[2023-12-20T23:11:30.947+0000] {processor.py:840} INFO - DAG(s) 'example_branch_datetime_operator_3', 'example_branch_datetime_operator', 'example_branch_datetime_operator_2' retrieved from /home/airflow/.local/lib/python3.8/site-packages/airflow/example_dags/example_branch_datetime_operator.py
[2023-12-20T23:11:31.457+0000] {logging_mixin.py:188} INFO - [2023-12-20T23:11:31.432+0000] {dag.py:3033} INFO - Sync 3 DAGs
[2023-12-20T23:11:31.679+0000] {logging_mixin.py:188} INFO - [2023-12-20T23:11:31.678+0000] {dag.py:3820} INFO - Setting next_dagrun for example_branch_datetime_operator to 2023-12-19T00:00:00+00:00, run_after=2023-12-20T00:00:00+00:00
[2023-12-20T23:11:31.853+0000] {logging_mixin.py:188} INFO - [2023-12-20T23:11:31.852+0000] {dag.py:3820} INFO - Setting next_dagrun for example_branch_datetime_operator_2 to 2023-12-19T00:00:00+00:00, run_after=2023-12-20T00:00:00+00:00
[2023-12-20T23:11:31.874+0000] {logging_mixin.py:188} INFO - [2023-12-20T23:11:31.874+0000] {dag.py:3820} INFO - Setting next_dagrun for example_branch_datetime_operator_3 to 2023-12-19T00:00:00+00:00, run_after=2023-12-20T00:00:00+00:00
[2023-12-20T23:11:32.259+0000] {processor.py:183} INFO - Processing /home/airflow/.local/lib/python3.8/site-packages/airflow/example_dags/example_branch_datetime_operator.py took 1.544 seconds
[2023-12-20T23:12:27.095+0000] {processor.py:161} INFO - Started process (PID=2642) to work on /home/airflow/.local/lib/python3.8/site-packages/airflow/example_dags/example_branch_datetime_operator.py
[2023-12-20T23:12:27.103+0000] {processor.py:830} INFO - Processing file /home/airflow/.local/lib/python3.8/site-packages/airflow/example_dags/example_branch_datetime_operator.py for tasks to queue
[2023-12-20T23:12:27.115+0000] {logging_mixin.py:188} INFO - [2023-12-20T23:12:27.114+0000] {dagbag.py:538} INFO - Filling up the DagBag from /home/airflow/.local/lib/python3.8/site-packages/airflow/example_dags/example_branch_datetime_operator.py
[2023-12-20T23:12:27.179+0000] {processor.py:840} INFO - DAG(s) 'example_branch_datetime_operator_3', 'example_branch_datetime_operator', 'example_branch_datetime_operator_2' retrieved from /home/airflow/.local/lib/python3.8/site-packages/airflow/example_dags/example_branch_datetime_operator.py
[2023-12-20T23:12:27.466+0000] {logging_mixin.py:188} INFO - [2023-12-20T23:12:27.466+0000] {dag.py:3033} INFO - Sync 3 DAGs
[2023-12-20T23:12:27.839+0000] {logging_mixin.py:188} INFO - [2023-12-20T23:12:27.837+0000] {dag.py:3820} INFO - Setting next_dagrun for example_branch_datetime_operator to 2023-12-19T00:00:00+00:00, run_after=2023-12-20T00:00:00+00:00
[2023-12-20T23:12:27.902+0000] {logging_mixin.py:188} INFO - [2023-12-20T23:12:27.901+0000] {dag.py:3820} INFO - Setting next_dagrun for example_branch_datetime_operator_2 to 2023-12-19T00:00:00+00:00, run_after=2023-12-20T00:00:00+00:00
[2023-12-20T23:12:27.920+0000] {logging_mixin.py:188} INFO - [2023-12-20T23:12:27.919+0000] {dag.py:3820} INFO - Setting next_dagrun for example_branch_datetime_operator_3 to 2023-12-19T00:00:00+00:00, run_after=2023-12-20T00:00:00+00:00
[2023-12-20T23:12:28.092+0000] {processor.py:183} INFO - Processing /home/airflow/.local/lib/python3.8/site-packages/airflow/example_dags/example_branch_datetime_operator.py took 1.030 seconds
[2023-12-20T23:13:21.194+0000] {processor.py:161} INFO - Started process (PID=2702) to work on /home/airflow/.local/lib/python3.8/site-packages/airflow/example_dags/example_branch_datetime_operator.py
[2023-12-20T23:13:21.215+0000] {processor.py:830} INFO - Processing file /home/airflow/.local/lib/python3.8/site-packages/airflow/example_dags/example_branch_datetime_operator.py for tasks to queue
[2023-12-20T23:13:21.244+0000] {logging_mixin.py:188} INFO - [2023-12-20T23:13:21.242+0000] {dagbag.py:538} INFO - Filling up the DagBag from /home/airflow/.local/lib/python3.8/site-packages/airflow/example_dags/example_branch_datetime_operator.py
[2023-12-20T23:13:21.394+0000] {processor.py:840} INFO - DAG(s) 'example_branch_datetime_operator_3', 'example_branch_datetime_operator', 'example_branch_datetime_operator_2' retrieved from /home/airflow/.local/lib/python3.8/site-packages/airflow/example_dags/example_branch_datetime_operator.py
[2023-12-20T23:13:21.676+0000] {logging_mixin.py:188} INFO - [2023-12-20T23:13:21.675+0000] {dag.py:3033} INFO - Sync 3 DAGs
[2023-12-20T23:13:22.220+0000] {logging_mixin.py:188} INFO - [2023-12-20T23:13:22.179+0000] {dag.py:3820} INFO - Setting next_dagrun for example_branch_datetime_operator to 2023-12-19T00:00:00+00:00, run_after=2023-12-20T00:00:00+00:00
[2023-12-20T23:13:22.494+0000] {logging_mixin.py:188} INFO - [2023-12-20T23:13:22.459+0000] {dag.py:3820} INFO - Setting next_dagrun for example_branch_datetime_operator_2 to 2023-12-19T00:00:00+00:00, run_after=2023-12-20T00:00:00+00:00
[2023-12-20T23:13:22.513+0000] {logging_mixin.py:188} INFO - [2023-12-20T23:13:22.513+0000] {dag.py:3820} INFO - Setting next_dagrun for example_branch_datetime_operator_3 to 2023-12-19T00:00:00+00:00, run_after=2023-12-20T00:00:00+00:00
[2023-12-20T23:13:23.033+0000] {processor.py:183} INFO - Processing /home/airflow/.local/lib/python3.8/site-packages/airflow/example_dags/example_branch_datetime_operator.py took 1.911 seconds
[2023-12-20T23:14:26.961+0000] {processor.py:161} INFO - Started process (PID=2761) to work on /home/airflow/.local/lib/python3.8/site-packages/airflow/example_dags/example_branch_datetime_operator.py
[2023-12-20T23:14:26.972+0000] {processor.py:830} INFO - Processing file /home/airflow/.local/lib/python3.8/site-packages/airflow/example_dags/example_branch_datetime_operator.py for tasks to queue
[2023-12-20T23:14:26.990+0000] {logging_mixin.py:188} INFO - [2023-12-20T23:14:26.988+0000] {dagbag.py:538} INFO - Filling up the DagBag from /home/airflow/.local/lib/python3.8/site-packages/airflow/example_dags/example_branch_datetime_operator.py
[2023-12-20T23:14:27.087+0000] {processor.py:840} INFO - DAG(s) 'example_branch_datetime_operator_2', 'example_branch_datetime_operator_3', 'example_branch_datetime_operator' retrieved from /home/airflow/.local/lib/python3.8/site-packages/airflow/example_dags/example_branch_datetime_operator.py
[2023-12-20T23:14:27.494+0000] {logging_mixin.py:188} INFO - [2023-12-20T23:14:27.468+0000] {dag.py:3033} INFO - Sync 3 DAGs
[2023-12-20T23:14:28.199+0000] {logging_mixin.py:188} INFO - [2023-12-20T23:14:28.197+0000] {dag.py:3820} INFO - Setting next_dagrun for example_branch_datetime_operator to 2023-12-19T00:00:00+00:00, run_after=2023-12-20T00:00:00+00:00
[2023-12-20T23:14:28.398+0000] {logging_mixin.py:188} INFO - [2023-12-20T23:14:28.396+0000] {dag.py:3820} INFO - Setting next_dagrun for example_branch_datetime_operator_2 to 2023-12-19T00:00:00+00:00, run_after=2023-12-20T00:00:00+00:00
[2023-12-20T23:14:28.480+0000] {logging_mixin.py:188} INFO - [2023-12-20T23:14:28.479+0000] {dag.py:3820} INFO - Setting next_dagrun for example_branch_datetime_operator_3 to 2023-12-19T00:00:00+00:00, run_after=2023-12-20T00:00:00+00:00
[2023-12-20T23:14:29.441+0000] {processor.py:183} INFO - Processing /home/airflow/.local/lib/python3.8/site-packages/airflow/example_dags/example_branch_datetime_operator.py took 2.507 seconds
