[2023-12-20T22:38:09.547+0000] {processor.py:161} INFO - Started process (PID=35) to work on /home/airflow/.local/lib/python3.8/site-packages/airflow/example_dags/example_branch_labels.py
[2023-12-20T22:38:09.551+0000] {processor.py:830} INFO - Processing file /home/airflow/.local/lib/python3.8/site-packages/airflow/example_dags/example_branch_labels.py for tasks to queue
[2023-12-20T22:38:09.561+0000] {logging_mixin.py:188} INFO - [2023-12-20T22:38:09.560+0000] {dagbag.py:538} INFO - Filling up the DagBag from /home/airflow/.local/lib/python3.8/site-packages/airflow/example_dags/example_branch_labels.py
[2023-12-20T22:38:09.590+0000] {processor.py:840} INFO - DAG(s) 'example_branch_labels' retrieved from /home/airflow/.local/lib/python3.8/site-packages/airflow/example_dags/example_branch_labels.py
[2023-12-20T22:38:09.924+0000] {logging_mixin.py:188} INFO - [2023-12-20T22:38:09.923+0000] {dag.py:3033} INFO - Sync 1 DAGs
[2023-12-20T22:38:09.992+0000] {logging_mixin.py:188} INFO - [2023-12-20T22:38:09.992+0000] {dag.py:3820} INFO - Setting next_dagrun for example_branch_labels to 2023-12-19T00:00:00+00:00, run_after=2023-12-20T00:00:00+00:00
[2023-12-20T22:38:10.071+0000] {processor.py:183} INFO - Processing /home/airflow/.local/lib/python3.8/site-packages/airflow/example_dags/example_branch_labels.py took 0.535 seconds
[2023-12-20T22:38:40.327+0000] {processor.py:161} INFO - Started process (PID=90) to work on /home/airflow/.local/lib/python3.8/site-packages/airflow/example_dags/example_branch_labels.py
[2023-12-20T22:38:40.328+0000] {processor.py:830} INFO - Processing file /home/airflow/.local/lib/python3.8/site-packages/airflow/example_dags/example_branch_labels.py for tasks to queue
[2023-12-20T22:38:40.332+0000] {logging_mixin.py:188} INFO - [2023-12-20T22:38:40.331+0000] {dagbag.py:538} INFO - Filling up the DagBag from /home/airflow/.local/lib/python3.8/site-packages/airflow/example_dags/example_branch_labels.py
[2023-12-20T22:38:40.341+0000] {processor.py:840} INFO - DAG(s) 'example_branch_labels' retrieved from /home/airflow/.local/lib/python3.8/site-packages/airflow/example_dags/example_branch_labels.py
[2023-12-20T22:38:40.365+0000] {logging_mixin.py:188} INFO - [2023-12-20T22:38:40.365+0000] {dag.py:3033} INFO - Sync 1 DAGs
[2023-12-20T22:38:40.387+0000] {logging_mixin.py:188} INFO - [2023-12-20T22:38:40.386+0000] {dag.py:3820} INFO - Setting next_dagrun for example_branch_labels to 2023-12-19T00:00:00+00:00, run_after=2023-12-20T00:00:00+00:00
[2023-12-20T22:38:40.400+0000] {processor.py:183} INFO - Processing /home/airflow/.local/lib/python3.8/site-packages/airflow/example_dags/example_branch_labels.py took 0.078 seconds
[2023-12-20T22:39:10.947+0000] {processor.py:161} INFO - Started process (PID=145) to work on /home/airflow/.local/lib/python3.8/site-packages/airflow/example_dags/example_branch_labels.py
[2023-12-20T22:39:10.949+0000] {processor.py:830} INFO - Processing file /home/airflow/.local/lib/python3.8/site-packages/airflow/example_dags/example_branch_labels.py for tasks to queue
[2023-12-20T22:39:10.951+0000] {logging_mixin.py:188} INFO - [2023-12-20T22:39:10.951+0000] {dagbag.py:538} INFO - Filling up the DagBag from /home/airflow/.local/lib/python3.8/site-packages/airflow/example_dags/example_branch_labels.py
[2023-12-20T22:39:10.959+0000] {processor.py:840} INFO - DAG(s) 'example_branch_labels' retrieved from /home/airflow/.local/lib/python3.8/site-packages/airflow/example_dags/example_branch_labels.py
[2023-12-20T22:39:10.983+0000] {logging_mixin.py:188} INFO - [2023-12-20T22:39:10.983+0000] {dag.py:3033} INFO - Sync 1 DAGs
[2023-12-20T22:39:11.001+0000] {logging_mixin.py:188} INFO - [2023-12-20T22:39:11.001+0000] {dag.py:3820} INFO - Setting next_dagrun for example_branch_labels to 2023-12-19T00:00:00+00:00, run_after=2023-12-20T00:00:00+00:00
[2023-12-20T22:39:11.014+0000] {processor.py:183} INFO - Processing /home/airflow/.local/lib/python3.8/site-packages/airflow/example_dags/example_branch_labels.py took 0.071 seconds
[2023-12-20T22:39:41.816+0000] {processor.py:161} INFO - Started process (PID=200) to work on /home/airflow/.local/lib/python3.8/site-packages/airflow/example_dags/example_branch_labels.py
[2023-12-20T22:39:41.817+0000] {processor.py:830} INFO - Processing file /home/airflow/.local/lib/python3.8/site-packages/airflow/example_dags/example_branch_labels.py for tasks to queue
[2023-12-20T22:39:41.820+0000] {logging_mixin.py:188} INFO - [2023-12-20T22:39:41.820+0000] {dagbag.py:538} INFO - Filling up the DagBag from /home/airflow/.local/lib/python3.8/site-packages/airflow/example_dags/example_branch_labels.py
[2023-12-20T22:39:41.828+0000] {processor.py:840} INFO - DAG(s) 'example_branch_labels' retrieved from /home/airflow/.local/lib/python3.8/site-packages/airflow/example_dags/example_branch_labels.py
[2023-12-20T22:39:41.850+0000] {logging_mixin.py:188} INFO - [2023-12-20T22:39:41.850+0000] {dag.py:3033} INFO - Sync 1 DAGs
[2023-12-20T22:39:41.868+0000] {logging_mixin.py:188} INFO - [2023-12-20T22:39:41.868+0000] {dag.py:3820} INFO - Setting next_dagrun for example_branch_labels to 2023-12-19T00:00:00+00:00, run_after=2023-12-20T00:00:00+00:00
[2023-12-20T22:39:41.880+0000] {processor.py:183} INFO - Processing /home/airflow/.local/lib/python3.8/site-packages/airflow/example_dags/example_branch_labels.py took 0.068 seconds
[2023-12-20T22:40:12.134+0000] {processor.py:161} INFO - Started process (PID=256) to work on /home/airflow/.local/lib/python3.8/site-packages/airflow/example_dags/example_branch_labels.py
[2023-12-20T22:40:12.136+0000] {processor.py:830} INFO - Processing file /home/airflow/.local/lib/python3.8/site-packages/airflow/example_dags/example_branch_labels.py for tasks to queue
[2023-12-20T22:40:12.139+0000] {logging_mixin.py:188} INFO - [2023-12-20T22:40:12.139+0000] {dagbag.py:538} INFO - Filling up the DagBag from /home/airflow/.local/lib/python3.8/site-packages/airflow/example_dags/example_branch_labels.py
[2023-12-20T22:40:12.147+0000] {processor.py:840} INFO - DAG(s) 'example_branch_labels' retrieved from /home/airflow/.local/lib/python3.8/site-packages/airflow/example_dags/example_branch_labels.py
[2023-12-20T22:40:12.172+0000] {logging_mixin.py:188} INFO - [2023-12-20T22:40:12.172+0000] {dag.py:3033} INFO - Sync 1 DAGs
[2023-12-20T22:40:12.190+0000] {logging_mixin.py:188} INFO - [2023-12-20T22:40:12.190+0000] {dag.py:3820} INFO - Setting next_dagrun for example_branch_labels to 2023-12-19T00:00:00+00:00, run_after=2023-12-20T00:00:00+00:00
[2023-12-20T22:40:12.204+0000] {processor.py:183} INFO - Processing /home/airflow/.local/lib/python3.8/site-packages/airflow/example_dags/example_branch_labels.py took 0.073 seconds
[2023-12-20T22:40:42.571+0000] {processor.py:161} INFO - Started process (PID=311) to work on /home/airflow/.local/lib/python3.8/site-packages/airflow/example_dags/example_branch_labels.py
[2023-12-20T22:40:42.572+0000] {processor.py:830} INFO - Processing file /home/airflow/.local/lib/python3.8/site-packages/airflow/example_dags/example_branch_labels.py for tasks to queue
[2023-12-20T22:40:42.575+0000] {logging_mixin.py:188} INFO - [2023-12-20T22:40:42.575+0000] {dagbag.py:538} INFO - Filling up the DagBag from /home/airflow/.local/lib/python3.8/site-packages/airflow/example_dags/example_branch_labels.py
[2023-12-20T22:40:42.583+0000] {processor.py:840} INFO - DAG(s) 'example_branch_labels' retrieved from /home/airflow/.local/lib/python3.8/site-packages/airflow/example_dags/example_branch_labels.py
[2023-12-20T22:40:42.605+0000] {logging_mixin.py:188} INFO - [2023-12-20T22:40:42.605+0000] {dag.py:3033} INFO - Sync 1 DAGs
[2023-12-20T22:40:42.623+0000] {logging_mixin.py:188} INFO - [2023-12-20T22:40:42.623+0000] {dag.py:3820} INFO - Setting next_dagrun for example_branch_labels to 2023-12-19T00:00:00+00:00, run_after=2023-12-20T00:00:00+00:00
[2023-12-20T22:40:42.636+0000] {processor.py:183} INFO - Processing /home/airflow/.local/lib/python3.8/site-packages/airflow/example_dags/example_branch_labels.py took 0.068 seconds
[2023-12-20T22:41:13.620+0000] {processor.py:161} INFO - Started process (PID=371) to work on /home/airflow/.local/lib/python3.8/site-packages/airflow/example_dags/example_branch_labels.py
[2023-12-20T22:41:13.624+0000] {processor.py:830} INFO - Processing file /home/airflow/.local/lib/python3.8/site-packages/airflow/example_dags/example_branch_labels.py for tasks to queue
[2023-12-20T22:41:13.631+0000] {logging_mixin.py:188} INFO - [2023-12-20T22:41:13.630+0000] {dagbag.py:538} INFO - Filling up the DagBag from /home/airflow/.local/lib/python3.8/site-packages/airflow/example_dags/example_branch_labels.py
[2023-12-20T22:41:13.647+0000] {processor.py:840} INFO - DAG(s) 'example_branch_labels' retrieved from /home/airflow/.local/lib/python3.8/site-packages/airflow/example_dags/example_branch_labels.py
[2023-12-20T22:41:13.692+0000] {logging_mixin.py:188} INFO - [2023-12-20T22:41:13.692+0000] {dag.py:3033} INFO - Sync 1 DAGs
[2023-12-20T22:41:13.717+0000] {logging_mixin.py:188} INFO - [2023-12-20T22:41:13.716+0000] {dag.py:3820} INFO - Setting next_dagrun for example_branch_labels to 2023-12-19T00:00:00+00:00, run_after=2023-12-20T00:00:00+00:00
[2023-12-20T22:41:13.735+0000] {processor.py:183} INFO - Processing /home/airflow/.local/lib/python3.8/site-packages/airflow/example_dags/example_branch_labels.py took 0.122 seconds
[2023-12-20T22:41:44.303+0000] {processor.py:161} INFO - Started process (PID=424) to work on /home/airflow/.local/lib/python3.8/site-packages/airflow/example_dags/example_branch_labels.py
[2023-12-20T22:41:44.305+0000] {processor.py:830} INFO - Processing file /home/airflow/.local/lib/python3.8/site-packages/airflow/example_dags/example_branch_labels.py for tasks to queue
[2023-12-20T22:41:44.308+0000] {logging_mixin.py:188} INFO - [2023-12-20T22:41:44.307+0000] {dagbag.py:538} INFO - Filling up the DagBag from /home/airflow/.local/lib/python3.8/site-packages/airflow/example_dags/example_branch_labels.py
[2023-12-20T22:41:44.317+0000] {processor.py:840} INFO - DAG(s) 'example_branch_labels' retrieved from /home/airflow/.local/lib/python3.8/site-packages/airflow/example_dags/example_branch_labels.py
[2023-12-20T22:41:44.353+0000] {logging_mixin.py:188} INFO - [2023-12-20T22:41:44.353+0000] {dag.py:3033} INFO - Sync 1 DAGs
[2023-12-20T22:41:44.377+0000] {logging_mixin.py:188} INFO - [2023-12-20T22:41:44.377+0000] {dag.py:3820} INFO - Setting next_dagrun for example_branch_labels to 2023-12-19T00:00:00+00:00, run_after=2023-12-20T00:00:00+00:00
[2023-12-20T22:41:44.391+0000] {processor.py:183} INFO - Processing /home/airflow/.local/lib/python3.8/site-packages/airflow/example_dags/example_branch_labels.py took 0.092 seconds
[2023-12-20T22:42:14.493+0000] {processor.py:161} INFO - Started process (PID=479) to work on /home/airflow/.local/lib/python3.8/site-packages/airflow/example_dags/example_branch_labels.py
[2023-12-20T22:42:14.494+0000] {processor.py:830} INFO - Processing file /home/airflow/.local/lib/python3.8/site-packages/airflow/example_dags/example_branch_labels.py for tasks to queue
[2023-12-20T22:42:14.497+0000] {logging_mixin.py:188} INFO - [2023-12-20T22:42:14.497+0000] {dagbag.py:538} INFO - Filling up the DagBag from /home/airflow/.local/lib/python3.8/site-packages/airflow/example_dags/example_branch_labels.py
[2023-12-20T22:42:14.505+0000] {processor.py:840} INFO - DAG(s) 'example_branch_labels' retrieved from /home/airflow/.local/lib/python3.8/site-packages/airflow/example_dags/example_branch_labels.py
[2023-12-20T22:42:14.527+0000] {logging_mixin.py:188} INFO - [2023-12-20T22:42:14.527+0000] {dag.py:3033} INFO - Sync 1 DAGs
[2023-12-20T22:42:14.544+0000] {logging_mixin.py:188} INFO - [2023-12-20T22:42:14.544+0000] {dag.py:3820} INFO - Setting next_dagrun for example_branch_labels to 2023-12-19T00:00:00+00:00, run_after=2023-12-20T00:00:00+00:00
[2023-12-20T22:42:14.556+0000] {processor.py:183} INFO - Processing /home/airflow/.local/lib/python3.8/site-packages/airflow/example_dags/example_branch_labels.py took 0.066 seconds
[2023-12-20T22:42:45.344+0000] {processor.py:161} INFO - Started process (PID=533) to work on /home/airflow/.local/lib/python3.8/site-packages/airflow/example_dags/example_branch_labels.py
[2023-12-20T22:42:45.345+0000] {processor.py:830} INFO - Processing file /home/airflow/.local/lib/python3.8/site-packages/airflow/example_dags/example_branch_labels.py for tasks to queue
[2023-12-20T22:42:45.348+0000] {logging_mixin.py:188} INFO - [2023-12-20T22:42:45.348+0000] {dagbag.py:538} INFO - Filling up the DagBag from /home/airflow/.local/lib/python3.8/site-packages/airflow/example_dags/example_branch_labels.py
[2023-12-20T22:42:45.356+0000] {processor.py:840} INFO - DAG(s) 'example_branch_labels' retrieved from /home/airflow/.local/lib/python3.8/site-packages/airflow/example_dags/example_branch_labels.py
[2023-12-20T22:42:45.377+0000] {logging_mixin.py:188} INFO - [2023-12-20T22:42:45.377+0000] {dag.py:3033} INFO - Sync 1 DAGs
[2023-12-20T22:42:45.394+0000] {logging_mixin.py:188} INFO - [2023-12-20T22:42:45.394+0000] {dag.py:3820} INFO - Setting next_dagrun for example_branch_labels to 2023-12-19T00:00:00+00:00, run_after=2023-12-20T00:00:00+00:00
[2023-12-20T22:42:45.407+0000] {processor.py:183} INFO - Processing /home/airflow/.local/lib/python3.8/site-packages/airflow/example_dags/example_branch_labels.py took 0.066 seconds
[2023-12-20T22:43:16.075+0000] {processor.py:161} INFO - Started process (PID=588) to work on /home/airflow/.local/lib/python3.8/site-packages/airflow/example_dags/example_branch_labels.py
[2023-12-20T22:43:16.077+0000] {processor.py:830} INFO - Processing file /home/airflow/.local/lib/python3.8/site-packages/airflow/example_dags/example_branch_labels.py for tasks to queue
[2023-12-20T22:43:16.082+0000] {logging_mixin.py:188} INFO - [2023-12-20T22:43:16.082+0000] {dagbag.py:538} INFO - Filling up the DagBag from /home/airflow/.local/lib/python3.8/site-packages/airflow/example_dags/example_branch_labels.py
[2023-12-20T22:43:16.098+0000] {processor.py:840} INFO - DAG(s) 'example_branch_labels' retrieved from /home/airflow/.local/lib/python3.8/site-packages/airflow/example_dags/example_branch_labels.py
[2023-12-20T22:43:16.158+0000] {logging_mixin.py:188} INFO - [2023-12-20T22:43:16.158+0000] {dag.py:3033} INFO - Sync 1 DAGs
[2023-12-20T22:43:16.185+0000] {logging_mixin.py:188} INFO - [2023-12-20T22:43:16.185+0000] {dag.py:3820} INFO - Setting next_dagrun for example_branch_labels to 2023-12-19T00:00:00+00:00, run_after=2023-12-20T00:00:00+00:00
[2023-12-20T22:43:16.204+0000] {processor.py:183} INFO - Processing /home/airflow/.local/lib/python3.8/site-packages/airflow/example_dags/example_branch_labels.py took 0.135 seconds
[2023-12-20T22:43:47.112+0000] {processor.py:161} INFO - Started process (PID=643) to work on /home/airflow/.local/lib/python3.8/site-packages/airflow/example_dags/example_branch_labels.py
[2023-12-20T22:43:47.114+0000] {processor.py:830} INFO - Processing file /home/airflow/.local/lib/python3.8/site-packages/airflow/example_dags/example_branch_labels.py for tasks to queue
[2023-12-20T22:43:47.117+0000] {logging_mixin.py:188} INFO - [2023-12-20T22:43:47.117+0000] {dagbag.py:538} INFO - Filling up the DagBag from /home/airflow/.local/lib/python3.8/site-packages/airflow/example_dags/example_branch_labels.py
[2023-12-20T22:43:47.127+0000] {processor.py:840} INFO - DAG(s) 'example_branch_labels' retrieved from /home/airflow/.local/lib/python3.8/site-packages/airflow/example_dags/example_branch_labels.py
[2023-12-20T22:43:47.157+0000] {logging_mixin.py:188} INFO - [2023-12-20T22:43:47.157+0000] {dag.py:3033} INFO - Sync 1 DAGs
[2023-12-20T22:43:47.191+0000] {logging_mixin.py:188} INFO - [2023-12-20T22:43:47.191+0000] {dag.py:3820} INFO - Setting next_dagrun for example_branch_labels to 2023-12-19T00:00:00+00:00, run_after=2023-12-20T00:00:00+00:00
[2023-12-20T22:43:47.208+0000] {processor.py:183} INFO - Processing /home/airflow/.local/lib/python3.8/site-packages/airflow/example_dags/example_branch_labels.py took 0.102 seconds
[2023-12-20T22:44:17.888+0000] {processor.py:161} INFO - Started process (PID=698) to work on /home/airflow/.local/lib/python3.8/site-packages/airflow/example_dags/example_branch_labels.py
[2023-12-20T22:44:17.890+0000] {processor.py:830} INFO - Processing file /home/airflow/.local/lib/python3.8/site-packages/airflow/example_dags/example_branch_labels.py for tasks to queue
[2023-12-20T22:44:17.897+0000] {logging_mixin.py:188} INFO - [2023-12-20T22:44:17.893+0000] {dagbag.py:538} INFO - Filling up the DagBag from /home/airflow/.local/lib/python3.8/site-packages/airflow/example_dags/example_branch_labels.py
[2023-12-20T22:44:17.905+0000] {processor.py:840} INFO - DAG(s) 'example_branch_labels' retrieved from /home/airflow/.local/lib/python3.8/site-packages/airflow/example_dags/example_branch_labels.py
[2023-12-20T22:44:17.929+0000] {logging_mixin.py:188} INFO - [2023-12-20T22:44:17.928+0000] {dag.py:3033} INFO - Sync 1 DAGs
[2023-12-20T22:44:17.947+0000] {logging_mixin.py:188} INFO - [2023-12-20T22:44:17.947+0000] {dag.py:3820} INFO - Setting next_dagrun for example_branch_labels to 2023-12-19T00:00:00+00:00, run_after=2023-12-20T00:00:00+00:00
[2023-12-20T22:44:17.960+0000] {processor.py:183} INFO - Processing /home/airflow/.local/lib/python3.8/site-packages/airflow/example_dags/example_branch_labels.py took 0.075 seconds
[2023-12-20T22:44:48.968+0000] {processor.py:161} INFO - Started process (PID=753) to work on /home/airflow/.local/lib/python3.8/site-packages/airflow/example_dags/example_branch_labels.py
[2023-12-20T22:44:48.970+0000] {processor.py:830} INFO - Processing file /home/airflow/.local/lib/python3.8/site-packages/airflow/example_dags/example_branch_labels.py for tasks to queue
[2023-12-20T22:44:48.974+0000] {logging_mixin.py:188} INFO - [2023-12-20T22:44:48.973+0000] {dagbag.py:538} INFO - Filling up the DagBag from /home/airflow/.local/lib/python3.8/site-packages/airflow/example_dags/example_branch_labels.py
[2023-12-20T22:44:48.983+0000] {processor.py:840} INFO - DAG(s) 'example_branch_labels' retrieved from /home/airflow/.local/lib/python3.8/site-packages/airflow/example_dags/example_branch_labels.py
[2023-12-20T22:44:49.014+0000] {logging_mixin.py:188} INFO - [2023-12-20T22:44:49.013+0000] {dag.py:3033} INFO - Sync 1 DAGs
[2023-12-20T22:44:49.054+0000] {logging_mixin.py:188} INFO - [2023-12-20T22:44:49.054+0000] {dag.py:3820} INFO - Setting next_dagrun for example_branch_labels to 2023-12-19T00:00:00+00:00, run_after=2023-12-20T00:00:00+00:00
[2023-12-20T22:44:49.087+0000] {processor.py:183} INFO - Processing /home/airflow/.local/lib/python3.8/site-packages/airflow/example_dags/example_branch_labels.py took 0.125 seconds
[2023-12-20T22:45:19.538+0000] {processor.py:161} INFO - Started process (PID=809) to work on /home/airflow/.local/lib/python3.8/site-packages/airflow/example_dags/example_branch_labels.py
[2023-12-20T22:45:19.540+0000] {processor.py:830} INFO - Processing file /home/airflow/.local/lib/python3.8/site-packages/airflow/example_dags/example_branch_labels.py for tasks to queue
[2023-12-20T22:45:19.544+0000] {logging_mixin.py:188} INFO - [2023-12-20T22:45:19.544+0000] {dagbag.py:538} INFO - Filling up the DagBag from /home/airflow/.local/lib/python3.8/site-packages/airflow/example_dags/example_branch_labels.py
[2023-12-20T22:45:19.554+0000] {processor.py:840} INFO - DAG(s) 'example_branch_labels' retrieved from /home/airflow/.local/lib/python3.8/site-packages/airflow/example_dags/example_branch_labels.py
[2023-12-20T22:45:19.580+0000] {logging_mixin.py:188} INFO - [2023-12-20T22:45:19.580+0000] {dag.py:3033} INFO - Sync 1 DAGs
[2023-12-20T22:45:19.601+0000] {logging_mixin.py:188} INFO - [2023-12-20T22:45:19.601+0000] {dag.py:3820} INFO - Setting next_dagrun for example_branch_labels to 2023-12-19T00:00:00+00:00, run_after=2023-12-20T00:00:00+00:00
[2023-12-20T22:45:19.615+0000] {processor.py:183} INFO - Processing /home/airflow/.local/lib/python3.8/site-packages/airflow/example_dags/example_branch_labels.py took 0.083 seconds
[2023-12-20T22:45:49.943+0000] {processor.py:161} INFO - Started process (PID=864) to work on /home/airflow/.local/lib/python3.8/site-packages/airflow/example_dags/example_branch_labels.py
[2023-12-20T22:45:49.945+0000] {processor.py:830} INFO - Processing file /home/airflow/.local/lib/python3.8/site-packages/airflow/example_dags/example_branch_labels.py for tasks to queue
[2023-12-20T22:45:49.949+0000] {logging_mixin.py:188} INFO - [2023-12-20T22:45:49.949+0000] {dagbag.py:538} INFO - Filling up the DagBag from /home/airflow/.local/lib/python3.8/site-packages/airflow/example_dags/example_branch_labels.py
[2023-12-20T22:45:49.958+0000] {processor.py:840} INFO - DAG(s) 'example_branch_labels' retrieved from /home/airflow/.local/lib/python3.8/site-packages/airflow/example_dags/example_branch_labels.py
[2023-12-20T22:45:49.982+0000] {logging_mixin.py:188} INFO - [2023-12-20T22:45:49.982+0000] {dag.py:3033} INFO - Sync 1 DAGs
[2023-12-20T22:45:50.003+0000] {logging_mixin.py:188} INFO - [2023-12-20T22:45:50.003+0000] {dag.py:3820} INFO - Setting next_dagrun for example_branch_labels to 2023-12-19T00:00:00+00:00, run_after=2023-12-20T00:00:00+00:00
[2023-12-20T22:45:50.019+0000] {processor.py:183} INFO - Processing /home/airflow/.local/lib/python3.8/site-packages/airflow/example_dags/example_branch_labels.py took 0.082 seconds
[2023-12-20T22:46:20.778+0000] {processor.py:161} INFO - Started process (PID=919) to work on /home/airflow/.local/lib/python3.8/site-packages/airflow/example_dags/example_branch_labels.py
[2023-12-20T22:46:20.780+0000] {processor.py:830} INFO - Processing file /home/airflow/.local/lib/python3.8/site-packages/airflow/example_dags/example_branch_labels.py for tasks to queue
[2023-12-20T22:46:20.783+0000] {logging_mixin.py:188} INFO - [2023-12-20T22:46:20.783+0000] {dagbag.py:538} INFO - Filling up the DagBag from /home/airflow/.local/lib/python3.8/site-packages/airflow/example_dags/example_branch_labels.py
[2023-12-20T22:46:20.792+0000] {processor.py:840} INFO - DAG(s) 'example_branch_labels' retrieved from /home/airflow/.local/lib/python3.8/site-packages/airflow/example_dags/example_branch_labels.py
[2023-12-20T22:46:20.815+0000] {logging_mixin.py:188} INFO - [2023-12-20T22:46:20.815+0000] {dag.py:3033} INFO - Sync 1 DAGs
[2023-12-20T22:46:20.833+0000] {logging_mixin.py:188} INFO - [2023-12-20T22:46:20.833+0000] {dag.py:3820} INFO - Setting next_dagrun for example_branch_labels to 2023-12-19T00:00:00+00:00, run_after=2023-12-20T00:00:00+00:00
[2023-12-20T22:46:20.846+0000] {processor.py:183} INFO - Processing /home/airflow/.local/lib/python3.8/site-packages/airflow/example_dags/example_branch_labels.py took 0.072 seconds
[2023-12-20T22:46:51.680+0000] {processor.py:161} INFO - Started process (PID=974) to work on /home/airflow/.local/lib/python3.8/site-packages/airflow/example_dags/example_branch_labels.py
[2023-12-20T22:46:51.682+0000] {processor.py:830} INFO - Processing file /home/airflow/.local/lib/python3.8/site-packages/airflow/example_dags/example_branch_labels.py for tasks to queue
[2023-12-20T22:46:51.685+0000] {logging_mixin.py:188} INFO - [2023-12-20T22:46:51.685+0000] {dagbag.py:538} INFO - Filling up the DagBag from /home/airflow/.local/lib/python3.8/site-packages/airflow/example_dags/example_branch_labels.py
[2023-12-20T22:46:51.693+0000] {processor.py:840} INFO - DAG(s) 'example_branch_labels' retrieved from /home/airflow/.local/lib/python3.8/site-packages/airflow/example_dags/example_branch_labels.py
[2023-12-20T22:46:51.722+0000] {logging_mixin.py:188} INFO - [2023-12-20T22:46:51.722+0000] {dag.py:3033} INFO - Sync 1 DAGs
[2023-12-20T22:46:51.742+0000] {logging_mixin.py:188} INFO - [2023-12-20T22:46:51.741+0000] {dag.py:3820} INFO - Setting next_dagrun for example_branch_labels to 2023-12-19T00:00:00+00:00, run_after=2023-12-20T00:00:00+00:00
[2023-12-20T22:46:51.755+0000] {processor.py:183} INFO - Processing /home/airflow/.local/lib/python3.8/site-packages/airflow/example_dags/example_branch_labels.py took 0.080 seconds
[2023-12-20T22:47:22.582+0000] {processor.py:161} INFO - Started process (PID=1029) to work on /home/airflow/.local/lib/python3.8/site-packages/airflow/example_dags/example_branch_labels.py
[2023-12-20T22:47:22.585+0000] {processor.py:830} INFO - Processing file /home/airflow/.local/lib/python3.8/site-packages/airflow/example_dags/example_branch_labels.py for tasks to queue
[2023-12-20T22:47:22.593+0000] {logging_mixin.py:188} INFO - [2023-12-20T22:47:22.592+0000] {dagbag.py:538} INFO - Filling up the DagBag from /home/airflow/.local/lib/python3.8/site-packages/airflow/example_dags/example_branch_labels.py
[2023-12-20T22:47:22.615+0000] {processor.py:840} INFO - DAG(s) 'example_branch_labels' retrieved from /home/airflow/.local/lib/python3.8/site-packages/airflow/example_dags/example_branch_labels.py
[2023-12-20T22:47:22.665+0000] {logging_mixin.py:188} INFO - [2023-12-20T22:47:22.665+0000] {dag.py:3033} INFO - Sync 1 DAGs
[2023-12-20T22:47:22.714+0000] {logging_mixin.py:188} INFO - [2023-12-20T22:47:22.714+0000] {dag.py:3820} INFO - Setting next_dagrun for example_branch_labels to 2023-12-19T00:00:00+00:00, run_after=2023-12-20T00:00:00+00:00
[2023-12-20T22:47:22.738+0000] {processor.py:183} INFO - Processing /home/airflow/.local/lib/python3.8/site-packages/airflow/example_dags/example_branch_labels.py took 0.167 seconds
[2023-12-20T22:47:53.103+0000] {processor.py:161} INFO - Started process (PID=1083) to work on /home/airflow/.local/lib/python3.8/site-packages/airflow/example_dags/example_branch_labels.py
[2023-12-20T22:47:53.104+0000] {processor.py:830} INFO - Processing file /home/airflow/.local/lib/python3.8/site-packages/airflow/example_dags/example_branch_labels.py for tasks to queue
[2023-12-20T22:47:53.107+0000] {logging_mixin.py:188} INFO - [2023-12-20T22:47:53.107+0000] {dagbag.py:538} INFO - Filling up the DagBag from /home/airflow/.local/lib/python3.8/site-packages/airflow/example_dags/example_branch_labels.py
[2023-12-20T22:47:53.115+0000] {processor.py:840} INFO - DAG(s) 'example_branch_labels' retrieved from /home/airflow/.local/lib/python3.8/site-packages/airflow/example_dags/example_branch_labels.py
[2023-12-20T22:47:53.140+0000] {logging_mixin.py:188} INFO - [2023-12-20T22:47:53.140+0000] {dag.py:3033} INFO - Sync 1 DAGs
[2023-12-20T22:47:53.159+0000] {logging_mixin.py:188} INFO - [2023-12-20T22:47:53.159+0000] {dag.py:3820} INFO - Setting next_dagrun for example_branch_labels to 2023-12-19T00:00:00+00:00, run_after=2023-12-20T00:00:00+00:00
[2023-12-20T22:47:53.172+0000] {processor.py:183} INFO - Processing /home/airflow/.local/lib/python3.8/site-packages/airflow/example_dags/example_branch_labels.py took 0.074 seconds
[2023-12-20T22:48:23.974+0000] {processor.py:161} INFO - Started process (PID=1138) to work on /home/airflow/.local/lib/python3.8/site-packages/airflow/example_dags/example_branch_labels.py
[2023-12-20T22:48:23.979+0000] {processor.py:830} INFO - Processing file /home/airflow/.local/lib/python3.8/site-packages/airflow/example_dags/example_branch_labels.py for tasks to queue
[2023-12-20T22:48:23.984+0000] {logging_mixin.py:188} INFO - [2023-12-20T22:48:23.984+0000] {dagbag.py:538} INFO - Filling up the DagBag from /home/airflow/.local/lib/python3.8/site-packages/airflow/example_dags/example_branch_labels.py
[2023-12-20T22:48:24.009+0000] {processor.py:840} INFO - DAG(s) 'example_branch_labels' retrieved from /home/airflow/.local/lib/python3.8/site-packages/airflow/example_dags/example_branch_labels.py
[2023-12-20T22:48:24.068+0000] {logging_mixin.py:188} INFO - [2023-12-20T22:48:24.068+0000] {dag.py:3033} INFO - Sync 1 DAGs
[2023-12-20T22:48:24.097+0000] {logging_mixin.py:188} INFO - [2023-12-20T22:48:24.097+0000] {dag.py:3820} INFO - Setting next_dagrun for example_branch_labels to 2023-12-19T00:00:00+00:00, run_after=2023-12-20T00:00:00+00:00
[2023-12-20T22:48:24.118+0000] {processor.py:183} INFO - Processing /home/airflow/.local/lib/python3.8/site-packages/airflow/example_dags/example_branch_labels.py took 0.153 seconds
[2023-12-20T22:48:54.294+0000] {processor.py:161} INFO - Started process (PID=1192) to work on /home/airflow/.local/lib/python3.8/site-packages/airflow/example_dags/example_branch_labels.py
[2023-12-20T22:48:54.296+0000] {processor.py:830} INFO - Processing file /home/airflow/.local/lib/python3.8/site-packages/airflow/example_dags/example_branch_labels.py for tasks to queue
[2023-12-20T22:48:54.299+0000] {logging_mixin.py:188} INFO - [2023-12-20T22:48:54.299+0000] {dagbag.py:538} INFO - Filling up the DagBag from /home/airflow/.local/lib/python3.8/site-packages/airflow/example_dags/example_branch_labels.py
[2023-12-20T22:48:54.310+0000] {processor.py:840} INFO - DAG(s) 'example_branch_labels' retrieved from /home/airflow/.local/lib/python3.8/site-packages/airflow/example_dags/example_branch_labels.py
[2023-12-20T22:48:54.337+0000] {logging_mixin.py:188} INFO - [2023-12-20T22:48:54.336+0000] {dag.py:3033} INFO - Sync 1 DAGs
[2023-12-20T22:48:54.358+0000] {logging_mixin.py:188} INFO - [2023-12-20T22:48:54.358+0000] {dag.py:3820} INFO - Setting next_dagrun for example_branch_labels to 2023-12-19T00:00:00+00:00, run_after=2023-12-20T00:00:00+00:00
[2023-12-20T22:48:54.373+0000] {processor.py:183} INFO - Processing /home/airflow/.local/lib/python3.8/site-packages/airflow/example_dags/example_branch_labels.py took 0.084 seconds
[2023-12-20T22:49:24.510+0000] {processor.py:161} INFO - Started process (PID=1246) to work on /home/airflow/.local/lib/python3.8/site-packages/airflow/example_dags/example_branch_labels.py
[2023-12-20T22:49:24.512+0000] {processor.py:830} INFO - Processing file /home/airflow/.local/lib/python3.8/site-packages/airflow/example_dags/example_branch_labels.py for tasks to queue
[2023-12-20T22:49:24.515+0000] {logging_mixin.py:188} INFO - [2023-12-20T22:49:24.515+0000] {dagbag.py:538} INFO - Filling up the DagBag from /home/airflow/.local/lib/python3.8/site-packages/airflow/example_dags/example_branch_labels.py
[2023-12-20T22:49:24.524+0000] {processor.py:840} INFO - DAG(s) 'example_branch_labels' retrieved from /home/airflow/.local/lib/python3.8/site-packages/airflow/example_dags/example_branch_labels.py
[2023-12-20T22:49:24.548+0000] {logging_mixin.py:188} INFO - [2023-12-20T22:49:24.547+0000] {dag.py:3033} INFO - Sync 1 DAGs
[2023-12-20T22:49:24.566+0000] {logging_mixin.py:188} INFO - [2023-12-20T22:49:24.566+0000] {dag.py:3820} INFO - Setting next_dagrun for example_branch_labels to 2023-12-19T00:00:00+00:00, run_after=2023-12-20T00:00:00+00:00
[2023-12-20T22:49:24.579+0000] {processor.py:183} INFO - Processing /home/airflow/.local/lib/python3.8/site-packages/airflow/example_dags/example_branch_labels.py took 0.074 seconds
[2023-12-20T22:49:54.915+0000] {processor.py:161} INFO - Started process (PID=1301) to work on /home/airflow/.local/lib/python3.8/site-packages/airflow/example_dags/example_branch_labels.py
[2023-12-20T22:49:54.917+0000] {processor.py:830} INFO - Processing file /home/airflow/.local/lib/python3.8/site-packages/airflow/example_dags/example_branch_labels.py for tasks to queue
[2023-12-20T22:49:54.920+0000] {logging_mixin.py:188} INFO - [2023-12-20T22:49:54.919+0000] {dagbag.py:538} INFO - Filling up the DagBag from /home/airflow/.local/lib/python3.8/site-packages/airflow/example_dags/example_branch_labels.py
[2023-12-20T22:49:54.929+0000] {processor.py:840} INFO - DAG(s) 'example_branch_labels' retrieved from /home/airflow/.local/lib/python3.8/site-packages/airflow/example_dags/example_branch_labels.py
[2023-12-20T22:49:54.958+0000] {logging_mixin.py:188} INFO - [2023-12-20T22:49:54.958+0000] {dag.py:3033} INFO - Sync 1 DAGs
[2023-12-20T22:49:54.976+0000] {logging_mixin.py:188} INFO - [2023-12-20T22:49:54.976+0000] {dag.py:3820} INFO - Setting next_dagrun for example_branch_labels to 2023-12-19T00:00:00+00:00, run_after=2023-12-20T00:00:00+00:00
[2023-12-20T22:49:54.989+0000] {processor.py:183} INFO - Processing /home/airflow/.local/lib/python3.8/site-packages/airflow/example_dags/example_branch_labels.py took 0.079 seconds
[2023-12-20T22:50:25.188+0000] {processor.py:161} INFO - Started process (PID=1356) to work on /home/airflow/.local/lib/python3.8/site-packages/airflow/example_dags/example_branch_labels.py
[2023-12-20T22:50:25.189+0000] {processor.py:830} INFO - Processing file /home/airflow/.local/lib/python3.8/site-packages/airflow/example_dags/example_branch_labels.py for tasks to queue
[2023-12-20T22:50:25.193+0000] {logging_mixin.py:188} INFO - [2023-12-20T22:50:25.192+0000] {dagbag.py:538} INFO - Filling up the DagBag from /home/airflow/.local/lib/python3.8/site-packages/airflow/example_dags/example_branch_labels.py
[2023-12-20T22:50:25.202+0000] {processor.py:840} INFO - DAG(s) 'example_branch_labels' retrieved from /home/airflow/.local/lib/python3.8/site-packages/airflow/example_dags/example_branch_labels.py
[2023-12-20T22:50:25.227+0000] {logging_mixin.py:188} INFO - [2023-12-20T22:50:25.227+0000] {dag.py:3033} INFO - Sync 1 DAGs
[2023-12-20T22:50:25.248+0000] {logging_mixin.py:188} INFO - [2023-12-20T22:50:25.247+0000] {dag.py:3820} INFO - Setting next_dagrun for example_branch_labels to 2023-12-19T00:00:00+00:00, run_after=2023-12-20T00:00:00+00:00
[2023-12-20T22:50:25.262+0000] {processor.py:183} INFO - Processing /home/airflow/.local/lib/python3.8/site-packages/airflow/example_dags/example_branch_labels.py took 0.079 seconds
[2023-12-20T22:50:55.322+0000] {processor.py:161} INFO - Started process (PID=1411) to work on /home/airflow/.local/lib/python3.8/site-packages/airflow/example_dags/example_branch_labels.py
[2023-12-20T22:50:55.324+0000] {processor.py:830} INFO - Processing file /home/airflow/.local/lib/python3.8/site-packages/airflow/example_dags/example_branch_labels.py for tasks to queue
[2023-12-20T22:50:55.327+0000] {logging_mixin.py:188} INFO - [2023-12-20T22:50:55.326+0000] {dagbag.py:538} INFO - Filling up the DagBag from /home/airflow/.local/lib/python3.8/site-packages/airflow/example_dags/example_branch_labels.py
[2023-12-20T22:50:55.335+0000] {processor.py:840} INFO - DAG(s) 'example_branch_labels' retrieved from /home/airflow/.local/lib/python3.8/site-packages/airflow/example_dags/example_branch_labels.py
[2023-12-20T22:50:55.364+0000] {logging_mixin.py:188} INFO - [2023-12-20T22:50:55.364+0000] {dag.py:3033} INFO - Sync 1 DAGs
[2023-12-20T22:50:55.383+0000] {logging_mixin.py:188} INFO - [2023-12-20T22:50:55.383+0000] {dag.py:3820} INFO - Setting next_dagrun for example_branch_labels to 2023-12-19T00:00:00+00:00, run_after=2023-12-20T00:00:00+00:00
[2023-12-20T22:50:55.398+0000] {processor.py:183} INFO - Processing /home/airflow/.local/lib/python3.8/site-packages/airflow/example_dags/example_branch_labels.py took 0.080 seconds
[2023-12-20T22:51:25.457+0000] {processor.py:161} INFO - Started process (PID=1466) to work on /home/airflow/.local/lib/python3.8/site-packages/airflow/example_dags/example_branch_labels.py
[2023-12-20T22:51:25.459+0000] {processor.py:830} INFO - Processing file /home/airflow/.local/lib/python3.8/site-packages/airflow/example_dags/example_branch_labels.py for tasks to queue
[2023-12-20T22:51:25.462+0000] {logging_mixin.py:188} INFO - [2023-12-20T22:51:25.461+0000] {dagbag.py:538} INFO - Filling up the DagBag from /home/airflow/.local/lib/python3.8/site-packages/airflow/example_dags/example_branch_labels.py
[2023-12-20T22:51:25.470+0000] {processor.py:840} INFO - DAG(s) 'example_branch_labels' retrieved from /home/airflow/.local/lib/python3.8/site-packages/airflow/example_dags/example_branch_labels.py
[2023-12-20T22:51:25.493+0000] {logging_mixin.py:188} INFO - [2023-12-20T22:51:25.493+0000] {dag.py:3033} INFO - Sync 1 DAGs
[2023-12-20T22:51:25.512+0000] {logging_mixin.py:188} INFO - [2023-12-20T22:51:25.512+0000] {dag.py:3820} INFO - Setting next_dagrun for example_branch_labels to 2023-12-19T00:00:00+00:00, run_after=2023-12-20T00:00:00+00:00
[2023-12-20T22:51:25.524+0000] {processor.py:183} INFO - Processing /home/airflow/.local/lib/python3.8/site-packages/airflow/example_dags/example_branch_labels.py took 0.072 seconds
[2023-12-20T22:51:56.299+0000] {processor.py:161} INFO - Started process (PID=1521) to work on /home/airflow/.local/lib/python3.8/site-packages/airflow/example_dags/example_branch_labels.py
[2023-12-20T22:51:56.301+0000] {processor.py:830} INFO - Processing file /home/airflow/.local/lib/python3.8/site-packages/airflow/example_dags/example_branch_labels.py for tasks to queue
[2023-12-20T22:51:56.306+0000] {logging_mixin.py:188} INFO - [2023-12-20T22:51:56.305+0000] {dagbag.py:538} INFO - Filling up the DagBag from /home/airflow/.local/lib/python3.8/site-packages/airflow/example_dags/example_branch_labels.py
[2023-12-20T22:51:56.319+0000] {processor.py:840} INFO - DAG(s) 'example_branch_labels' retrieved from /home/airflow/.local/lib/python3.8/site-packages/airflow/example_dags/example_branch_labels.py
[2023-12-20T22:51:56.348+0000] {logging_mixin.py:188} INFO - [2023-12-20T22:51:56.348+0000] {dag.py:3033} INFO - Sync 1 DAGs
[2023-12-20T22:51:56.370+0000] {logging_mixin.py:188} INFO - [2023-12-20T22:51:56.370+0000] {dag.py:3820} INFO - Setting next_dagrun for example_branch_labels to 2023-12-19T00:00:00+00:00, run_after=2023-12-20T00:00:00+00:00
[2023-12-20T22:51:56.384+0000] {processor.py:183} INFO - Processing /home/airflow/.local/lib/python3.8/site-packages/airflow/example_dags/example_branch_labels.py took 0.094 seconds
[2023-12-20T22:52:26.956+0000] {processor.py:161} INFO - Started process (PID=1576) to work on /home/airflow/.local/lib/python3.8/site-packages/airflow/example_dags/example_branch_labels.py
[2023-12-20T22:52:26.958+0000] {processor.py:830} INFO - Processing file /home/airflow/.local/lib/python3.8/site-packages/airflow/example_dags/example_branch_labels.py for tasks to queue
[2023-12-20T22:52:26.962+0000] {logging_mixin.py:188} INFO - [2023-12-20T22:52:26.962+0000] {dagbag.py:538} INFO - Filling up the DagBag from /home/airflow/.local/lib/python3.8/site-packages/airflow/example_dags/example_branch_labels.py
[2023-12-20T22:52:26.982+0000] {processor.py:840} INFO - DAG(s) 'example_branch_labels' retrieved from /home/airflow/.local/lib/python3.8/site-packages/airflow/example_dags/example_branch_labels.py
[2023-12-20T22:52:27.017+0000] {logging_mixin.py:188} INFO - [2023-12-20T22:52:27.017+0000] {dag.py:3033} INFO - Sync 1 DAGs
[2023-12-20T22:52:27.049+0000] {logging_mixin.py:188} INFO - [2023-12-20T22:52:27.049+0000] {dag.py:3820} INFO - Setting next_dagrun for example_branch_labels to 2023-12-19T00:00:00+00:00, run_after=2023-12-20T00:00:00+00:00
[2023-12-20T22:52:27.068+0000] {processor.py:183} INFO - Processing /home/airflow/.local/lib/python3.8/site-packages/airflow/example_dags/example_branch_labels.py took 0.118 seconds
[2023-12-20T22:52:57.398+0000] {processor.py:161} INFO - Started process (PID=1631) to work on /home/airflow/.local/lib/python3.8/site-packages/airflow/example_dags/example_branch_labels.py
[2023-12-20T22:52:57.400+0000] {processor.py:830} INFO - Processing file /home/airflow/.local/lib/python3.8/site-packages/airflow/example_dags/example_branch_labels.py for tasks to queue
[2023-12-20T22:52:57.403+0000] {logging_mixin.py:188} INFO - [2023-12-20T22:52:57.402+0000] {dagbag.py:538} INFO - Filling up the DagBag from /home/airflow/.local/lib/python3.8/site-packages/airflow/example_dags/example_branch_labels.py
[2023-12-20T22:52:57.411+0000] {processor.py:840} INFO - DAG(s) 'example_branch_labels' retrieved from /home/airflow/.local/lib/python3.8/site-packages/airflow/example_dags/example_branch_labels.py
[2023-12-20T22:52:57.435+0000] {logging_mixin.py:188} INFO - [2023-12-20T22:52:57.435+0000] {dag.py:3033} INFO - Sync 1 DAGs
[2023-12-20T22:52:57.454+0000] {logging_mixin.py:188} INFO - [2023-12-20T22:52:57.454+0000] {dag.py:3820} INFO - Setting next_dagrun for example_branch_labels to 2023-12-19T00:00:00+00:00, run_after=2023-12-20T00:00:00+00:00
[2023-12-20T22:52:57.468+0000] {processor.py:183} INFO - Processing /home/airflow/.local/lib/python3.8/site-packages/airflow/example_dags/example_branch_labels.py took 0.076 seconds
[2023-12-20T22:53:28.209+0000] {processor.py:161} INFO - Started process (PID=1687) to work on /home/airflow/.local/lib/python3.8/site-packages/airflow/example_dags/example_branch_labels.py
[2023-12-20T22:53:28.218+0000] {processor.py:830} INFO - Processing file /home/airflow/.local/lib/python3.8/site-packages/airflow/example_dags/example_branch_labels.py for tasks to queue
[2023-12-20T22:53:28.223+0000] {logging_mixin.py:188} INFO - [2023-12-20T22:53:28.223+0000] {dagbag.py:538} INFO - Filling up the DagBag from /home/airflow/.local/lib/python3.8/site-packages/airflow/example_dags/example_branch_labels.py
[2023-12-20T22:53:28.243+0000] {processor.py:840} INFO - DAG(s) 'example_branch_labels' retrieved from /home/airflow/.local/lib/python3.8/site-packages/airflow/example_dags/example_branch_labels.py
[2023-12-20T22:53:28.284+0000] {logging_mixin.py:188} INFO - [2023-12-20T22:53:28.284+0000] {dag.py:3033} INFO - Sync 1 DAGs
[2023-12-20T22:53:28.307+0000] {logging_mixin.py:188} INFO - [2023-12-20T22:53:28.307+0000] {dag.py:3820} INFO - Setting next_dagrun for example_branch_labels to 2023-12-19T00:00:00+00:00, run_after=2023-12-20T00:00:00+00:00
[2023-12-20T22:53:28.323+0000] {processor.py:183} INFO - Processing /home/airflow/.local/lib/python3.8/site-packages/airflow/example_dags/example_branch_labels.py took 0.123 seconds
[2023-12-20T22:53:59.096+0000] {processor.py:161} INFO - Started process (PID=1743) to work on /home/airflow/.local/lib/python3.8/site-packages/airflow/example_dags/example_branch_labels.py
[2023-12-20T22:53:59.112+0000] {processor.py:830} INFO - Processing file /home/airflow/.local/lib/python3.8/site-packages/airflow/example_dags/example_branch_labels.py for tasks to queue
[2023-12-20T22:53:59.121+0000] {logging_mixin.py:188} INFO - [2023-12-20T22:53:59.118+0000] {dagbag.py:538} INFO - Filling up the DagBag from /home/airflow/.local/lib/python3.8/site-packages/airflow/example_dags/example_branch_labels.py
[2023-12-20T22:53:59.171+0000] {processor.py:840} INFO - DAG(s) 'example_branch_labels' retrieved from /home/airflow/.local/lib/python3.8/site-packages/airflow/example_dags/example_branch_labels.py
[2023-12-20T22:53:59.313+0000] {logging_mixin.py:188} INFO - [2023-12-20T22:53:59.313+0000] {dag.py:3033} INFO - Sync 1 DAGs
[2023-12-20T22:53:59.564+0000] {logging_mixin.py:188} INFO - [2023-12-20T22:53:59.564+0000] {dag.py:3820} INFO - Setting next_dagrun for example_branch_labels to 2023-12-19T00:00:00+00:00, run_after=2023-12-20T00:00:00+00:00
[2023-12-20T22:53:59.659+0000] {processor.py:183} INFO - Processing /home/airflow/.local/lib/python3.8/site-packages/airflow/example_dags/example_branch_labels.py took 0.618 seconds
[2023-12-20T22:54:49.214+0000] {processor.py:161} INFO - Started process (PID=1792) to work on /home/airflow/.local/lib/python3.8/site-packages/airflow/example_dags/example_branch_labels.py
[2023-12-20T22:54:49.291+0000] {processor.py:830} INFO - Processing file /home/airflow/.local/lib/python3.8/site-packages/airflow/example_dags/example_branch_labels.py for tasks to queue
[2023-12-20T22:54:49.361+0000] {logging_mixin.py:188} INFO - [2023-12-20T22:54:49.357+0000] {dagbag.py:538} INFO - Filling up the DagBag from /home/airflow/.local/lib/python3.8/site-packages/airflow/example_dags/example_branch_labels.py
[2023-12-20T22:54:49.563+0000] {processor.py:840} INFO - DAG(s) 'example_branch_labels' retrieved from /home/airflow/.local/lib/python3.8/site-packages/airflow/example_dags/example_branch_labels.py
[2023-12-20T22:54:50.051+0000] {logging_mixin.py:188} INFO - [2023-12-20T22:54:50.050+0000] {dag.py:3033} INFO - Sync 1 DAGs
[2023-12-20T22:54:50.651+0000] {logging_mixin.py:188} INFO - [2023-12-20T22:54:50.650+0000] {dag.py:3820} INFO - Setting next_dagrun for example_branch_labels to 2023-12-19T00:00:00+00:00, run_after=2023-12-20T00:00:00+00:00
[2023-12-20T22:54:50.853+0000] {processor.py:183} INFO - Processing /home/airflow/.local/lib/python3.8/site-packages/airflow/example_dags/example_branch_labels.py took 1.767 seconds
[2023-12-20T22:55:55.517+0000] {processor.py:161} INFO - Started process (PID=1855) to work on /home/airflow/.local/lib/python3.8/site-packages/airflow/example_dags/example_branch_labels.py
[2023-12-20T22:55:55.532+0000] {processor.py:830} INFO - Processing file /home/airflow/.local/lib/python3.8/site-packages/airflow/example_dags/example_branch_labels.py for tasks to queue
[2023-12-20T22:55:55.575+0000] {logging_mixin.py:188} INFO - [2023-12-20T22:55:55.574+0000] {dagbag.py:538} INFO - Filling up the DagBag from /home/airflow/.local/lib/python3.8/site-packages/airflow/example_dags/example_branch_labels.py
[2023-12-20T22:55:55.685+0000] {processor.py:840} INFO - DAG(s) 'example_branch_labels' retrieved from /home/airflow/.local/lib/python3.8/site-packages/airflow/example_dags/example_branch_labels.py
[2023-12-20T22:55:55.961+0000] {logging_mixin.py:188} INFO - [2023-12-20T22:55:55.961+0000] {dag.py:3033} INFO - Sync 1 DAGs
[2023-12-20T22:55:56.206+0000] {logging_mixin.py:188} INFO - [2023-12-20T22:55:56.206+0000] {dag.py:3820} INFO - Setting next_dagrun for example_branch_labels to 2023-12-19T00:00:00+00:00, run_after=2023-12-20T00:00:00+00:00
[2023-12-20T22:55:56.431+0000] {processor.py:183} INFO - Processing /home/airflow/.local/lib/python3.8/site-packages/airflow/example_dags/example_branch_labels.py took 0.946 seconds
[2023-12-20T22:56:37.581+0000] {processor.py:161} INFO - Started process (PID=1924) to work on /home/airflow/.local/lib/python3.8/site-packages/airflow/example_dags/example_branch_labels.py
[2023-12-20T22:56:37.594+0000] {processor.py:830} INFO - Processing file /home/airflow/.local/lib/python3.8/site-packages/airflow/example_dags/example_branch_labels.py for tasks to queue
[2023-12-20T22:56:37.617+0000] {logging_mixin.py:188} INFO - [2023-12-20T22:56:37.612+0000] {dagbag.py:538} INFO - Filling up the DagBag from /home/airflow/.local/lib/python3.8/site-packages/airflow/example_dags/example_branch_labels.py
[2023-12-20T22:56:37.668+0000] {processor.py:840} INFO - DAG(s) 'example_branch_labels' retrieved from /home/airflow/.local/lib/python3.8/site-packages/airflow/example_dags/example_branch_labels.py
[2023-12-20T22:56:37.954+0000] {logging_mixin.py:188} INFO - [2023-12-20T22:56:37.952+0000] {dag.py:3033} INFO - Sync 1 DAGs
[2023-12-20T22:56:39.348+0000] {logging_mixin.py:188} INFO - [2023-12-20T22:56:39.348+0000] {dag.py:3820} INFO - Setting next_dagrun for example_branch_labels to 2023-12-19T00:00:00+00:00, run_after=2023-12-20T00:00:00+00:00
[2023-12-20T22:56:39.418+0000] {processor.py:183} INFO - Processing /home/airflow/.local/lib/python3.8/site-packages/airflow/example_dags/example_branch_labels.py took 1.878 seconds
[2023-12-20T22:57:15.149+0000] {processor.py:161} INFO - Started process (PID=1980) to work on /home/airflow/.local/lib/python3.8/site-packages/airflow/example_dags/example_branch_labels.py
[2023-12-20T22:57:15.155+0000] {processor.py:830} INFO - Processing file /home/airflow/.local/lib/python3.8/site-packages/airflow/example_dags/example_branch_labels.py for tasks to queue
[2023-12-20T22:57:15.192+0000] {logging_mixin.py:188} INFO - [2023-12-20T22:57:15.179+0000] {dagbag.py:538} INFO - Filling up the DagBag from /home/airflow/.local/lib/python3.8/site-packages/airflow/example_dags/example_branch_labels.py
[2023-12-20T22:57:15.245+0000] {processor.py:840} INFO - DAG(s) 'example_branch_labels' retrieved from /home/airflow/.local/lib/python3.8/site-packages/airflow/example_dags/example_branch_labels.py
[2023-12-20T22:57:15.328+0000] {logging_mixin.py:188} INFO - [2023-12-20T22:57:15.327+0000] {dag.py:3033} INFO - Sync 1 DAGs
[2023-12-20T22:57:20.428+0000] {logging_mixin.py:188} INFO - [2023-12-20T22:57:20.427+0000] {dag.py:3820} INFO - Setting next_dagrun for example_branch_labels to 2023-12-19T00:00:00+00:00, run_after=2023-12-20T00:00:00+00:00
[2023-12-20T22:57:20.796+0000] {processor.py:183} INFO - Processing /home/airflow/.local/lib/python3.8/site-packages/airflow/example_dags/example_branch_labels.py took 5.657 seconds
[2023-12-20T22:59:49.482+0000] {processor.py:161} INFO - Started process (PID=2053) to work on /home/airflow/.local/lib/python3.8/site-packages/airflow/example_dags/example_branch_labels.py
[2023-12-20T22:59:49.494+0000] {processor.py:830} INFO - Processing file /home/airflow/.local/lib/python3.8/site-packages/airflow/example_dags/example_branch_labels.py for tasks to queue
[2023-12-20T22:59:49.533+0000] {logging_mixin.py:188} INFO - [2023-12-20T22:59:49.530+0000] {dagbag.py:538} INFO - Filling up the DagBag from /home/airflow/.local/lib/python3.8/site-packages/airflow/example_dags/example_branch_labels.py
[2023-12-20T22:59:49.627+0000] {processor.py:840} INFO - DAG(s) 'example_branch_labels' retrieved from /home/airflow/.local/lib/python3.8/site-packages/airflow/example_dags/example_branch_labels.py
[2023-12-20T22:59:49.785+0000] {logging_mixin.py:188} INFO - [2023-12-20T22:59:49.785+0000] {dag.py:3033} INFO - Sync 1 DAGs
[2023-12-20T22:59:49.925+0000] {logging_mixin.py:188} INFO - [2023-12-20T22:59:49.925+0000] {dag.py:3820} INFO - Setting next_dagrun for example_branch_labels to 2023-12-19T00:00:00+00:00, run_after=2023-12-20T00:00:00+00:00
[2023-12-20T22:59:50.064+0000] {processor.py:183} INFO - Processing /home/airflow/.local/lib/python3.8/site-packages/airflow/example_dags/example_branch_labels.py took 0.625 seconds
[2023-12-20T23:00:42.730+0000] {processor.py:161} INFO - Started process (PID=2099) to work on /home/airflow/.local/lib/python3.8/site-packages/airflow/example_dags/example_branch_labels.py
[2023-12-20T23:00:42.748+0000] {processor.py:830} INFO - Processing file /home/airflow/.local/lib/python3.8/site-packages/airflow/example_dags/example_branch_labels.py for tasks to queue
[2023-12-20T23:00:42.799+0000] {logging_mixin.py:188} INFO - [2023-12-20T23:00:42.779+0000] {dagbag.py:538} INFO - Filling up the DagBag from /home/airflow/.local/lib/python3.8/site-packages/airflow/example_dags/example_branch_labels.py
[2023-12-20T23:00:42.853+0000] {processor.py:840} INFO - DAG(s) 'example_branch_labels' retrieved from /home/airflow/.local/lib/python3.8/site-packages/airflow/example_dags/example_branch_labels.py
[2023-12-20T23:00:43.163+0000] {logging_mixin.py:188} INFO - [2023-12-20T23:00:43.162+0000] {dag.py:3033} INFO - Sync 1 DAGs
[2023-12-20T23:00:46.363+0000] {logging_mixin.py:188} INFO - [2023-12-20T23:00:46.352+0000] {dag.py:3820} INFO - Setting next_dagrun for example_branch_labels to 2023-12-19T00:00:00+00:00, run_after=2023-12-20T00:00:00+00:00
[2023-12-20T23:00:46.495+0000] {processor.py:183} INFO - Processing /home/airflow/.local/lib/python3.8/site-packages/airflow/example_dags/example_branch_labels.py took 3.793 seconds
[2023-12-20T23:01:34.866+0000] {processor.py:161} INFO - Started process (PID=2156) to work on /home/airflow/.local/lib/python3.8/site-packages/airflow/example_dags/example_branch_labels.py
[2023-12-20T23:01:34.872+0000] {processor.py:830} INFO - Processing file /home/airflow/.local/lib/python3.8/site-packages/airflow/example_dags/example_branch_labels.py for tasks to queue
[2023-12-20T23:01:34.894+0000] {logging_mixin.py:188} INFO - [2023-12-20T23:01:34.892+0000] {dagbag.py:538} INFO - Filling up the DagBag from /home/airflow/.local/lib/python3.8/site-packages/airflow/example_dags/example_branch_labels.py
[2023-12-20T23:01:34.971+0000] {processor.py:840} INFO - DAG(s) 'example_branch_labels' retrieved from /home/airflow/.local/lib/python3.8/site-packages/airflow/example_dags/example_branch_labels.py
[2023-12-20T23:01:35.120+0000] {logging_mixin.py:188} INFO - [2023-12-20T23:01:35.120+0000] {dag.py:3033} INFO - Sync 1 DAGs
[2023-12-20T23:01:35.200+0000] {logging_mixin.py:188} INFO - [2023-12-20T23:01:35.200+0000] {dag.py:3820} INFO - Setting next_dagrun for example_branch_labels to 2023-12-19T00:00:00+00:00, run_after=2023-12-20T00:00:00+00:00
[2023-12-20T23:01:35.261+0000] {processor.py:183} INFO - Processing /home/airflow/.local/lib/python3.8/site-packages/airflow/example_dags/example_branch_labels.py took 0.416 seconds
[2023-12-20T23:02:15.024+0000] {processor.py:161} INFO - Started process (PID=2186) to work on /home/airflow/.local/lib/python3.8/site-packages/airflow/example_dags/example_branch_labels.py
[2023-12-20T23:02:15.037+0000] {processor.py:830} INFO - Processing file /home/airflow/.local/lib/python3.8/site-packages/airflow/example_dags/example_branch_labels.py for tasks to queue
[2023-12-20T23:02:15.059+0000] {logging_mixin.py:188} INFO - [2023-12-20T23:02:15.057+0000] {dagbag.py:538} INFO - Filling up the DagBag from /home/airflow/.local/lib/python3.8/site-packages/airflow/example_dags/example_branch_labels.py
[2023-12-20T23:02:15.090+0000] {processor.py:840} INFO - DAG(s) 'example_branch_labels' retrieved from /home/airflow/.local/lib/python3.8/site-packages/airflow/example_dags/example_branch_labels.py
[2023-12-20T23:02:15.191+0000] {logging_mixin.py:188} INFO - [2023-12-20T23:02:15.191+0000] {dag.py:3033} INFO - Sync 1 DAGs
[2023-12-20T23:02:17.987+0000] {logging_mixin.py:188} INFO - [2023-12-20T23:02:17.972+0000] {dag.py:3820} INFO - Setting next_dagrun for example_branch_labels to 2023-12-19T00:00:00+00:00, run_after=2023-12-20T00:00:00+00:00
[2023-12-20T23:02:18.089+0000] {processor.py:183} INFO - Processing /home/airflow/.local/lib/python3.8/site-packages/airflow/example_dags/example_branch_labels.py took 3.099 seconds
[2023-12-20T23:02:54.102+0000] {processor.py:161} INFO - Started process (PID=2232) to work on /home/airflow/.local/lib/python3.8/site-packages/airflow/example_dags/example_branch_labels.py
[2023-12-20T23:02:54.114+0000] {processor.py:830} INFO - Processing file /home/airflow/.local/lib/python3.8/site-packages/airflow/example_dags/example_branch_labels.py for tasks to queue
[2023-12-20T23:02:54.137+0000] {logging_mixin.py:188} INFO - [2023-12-20T23:02:54.135+0000] {dagbag.py:538} INFO - Filling up the DagBag from /home/airflow/.local/lib/python3.8/site-packages/airflow/example_dags/example_branch_labels.py
[2023-12-20T23:02:54.197+0000] {processor.py:840} INFO - DAG(s) 'example_branch_labels' retrieved from /home/airflow/.local/lib/python3.8/site-packages/airflow/example_dags/example_branch_labels.py
[2023-12-20T23:02:54.439+0000] {logging_mixin.py:188} INFO - [2023-12-20T23:02:54.438+0000] {dag.py:3033} INFO - Sync 1 DAGs
[2023-12-20T23:02:54.654+0000] {logging_mixin.py:188} INFO - [2023-12-20T23:02:54.653+0000] {dag.py:3820} INFO - Setting next_dagrun for example_branch_labels to 2023-12-19T00:00:00+00:00, run_after=2023-12-20T00:00:00+00:00
[2023-12-20T23:02:54.904+0000] {processor.py:183} INFO - Processing /home/airflow/.local/lib/python3.8/site-packages/airflow/example_dags/example_branch_labels.py took 0.859 seconds
[2023-12-20T23:03:32.887+0000] {processor.py:161} INFO - Started process (PID=2277) to work on /home/airflow/.local/lib/python3.8/site-packages/airflow/example_dags/example_branch_labels.py
[2023-12-20T23:03:32.891+0000] {processor.py:830} INFO - Processing file /home/airflow/.local/lib/python3.8/site-packages/airflow/example_dags/example_branch_labels.py for tasks to queue
[2023-12-20T23:03:32.901+0000] {logging_mixin.py:188} INFO - [2023-12-20T23:03:32.900+0000] {dagbag.py:538} INFO - Filling up the DagBag from /home/airflow/.local/lib/python3.8/site-packages/airflow/example_dags/example_branch_labels.py
[2023-12-20T23:03:33.001+0000] {processor.py:840} INFO - DAG(s) 'example_branch_labels' retrieved from /home/airflow/.local/lib/python3.8/site-packages/airflow/example_dags/example_branch_labels.py
[2023-12-20T23:03:33.280+0000] {logging_mixin.py:188} INFO - [2023-12-20T23:03:33.279+0000] {dag.py:3033} INFO - Sync 1 DAGs
[2023-12-20T23:03:33.603+0000] {logging_mixin.py:188} INFO - [2023-12-20T23:03:33.602+0000] {dag.py:3820} INFO - Setting next_dagrun for example_branch_labels to 2023-12-19T00:00:00+00:00, run_after=2023-12-20T00:00:00+00:00
[2023-12-20T23:03:33.856+0000] {processor.py:183} INFO - Processing /home/airflow/.local/lib/python3.8/site-packages/airflow/example_dags/example_branch_labels.py took 0.982 seconds
