[2023-12-20T22:38:23.368+0000] {processor.py:161} INFO - Started process (PID=56) to work on /home/airflow/.local/lib/python3.8/site-packages/airflow/example_dags/example_nested_branch_dag.py
[2023-12-20T22:38:23.381+0000] {processor.py:830} INFO - Processing file /home/airflow/.local/lib/python3.8/site-packages/airflow/example_dags/example_nested_branch_dag.py for tasks to queue
[2023-12-20T22:38:23.393+0000] {logging_mixin.py:188} INFO - [2023-12-20T22:38:23.392+0000] {dagbag.py:538} INFO - Filling up the DagBag from /home/airflow/.local/lib/python3.8/site-packages/airflow/example_dags/example_nested_branch_dag.py
[2023-12-20T22:38:23.772+0000] {processor.py:840} INFO - DAG(s) 'example_nested_branch_dag' retrieved from /home/airflow/.local/lib/python3.8/site-packages/airflow/example_dags/example_nested_branch_dag.py
[2023-12-20T22:38:24.474+0000] {logging_mixin.py:188} INFO - [2023-12-20T22:38:24.473+0000] {dag.py:3033} INFO - Sync 1 DAGs
[2023-12-20T22:38:24.533+0000] {logging_mixin.py:188} INFO - [2023-12-20T22:38:24.533+0000] {dag.py:3820} INFO - Setting next_dagrun for example_nested_branch_dag to 2023-12-19T00:00:00+00:00, run_after=2023-12-20T00:00:00+00:00
[2023-12-20T22:38:24.585+0000] {processor.py:183} INFO - Processing /home/airflow/.local/lib/python3.8/site-packages/airflow/example_dags/example_nested_branch_dag.py took 1.237 seconds
[2023-12-20T22:38:55.346+0000] {processor.py:161} INFO - Started process (PID=110) to work on /home/airflow/.local/lib/python3.8/site-packages/airflow/example_dags/example_nested_branch_dag.py
[2023-12-20T22:38:55.348+0000] {processor.py:830} INFO - Processing file /home/airflow/.local/lib/python3.8/site-packages/airflow/example_dags/example_nested_branch_dag.py for tasks to queue
[2023-12-20T22:38:55.351+0000] {logging_mixin.py:188} INFO - [2023-12-20T22:38:55.351+0000] {dagbag.py:538} INFO - Filling up the DagBag from /home/airflow/.local/lib/python3.8/site-packages/airflow/example_dags/example_nested_branch_dag.py
[2023-12-20T22:38:55.362+0000] {processor.py:840} INFO - DAG(s) 'example_nested_branch_dag' retrieved from /home/airflow/.local/lib/python3.8/site-packages/airflow/example_dags/example_nested_branch_dag.py
[2023-12-20T22:38:55.386+0000] {logging_mixin.py:188} INFO - [2023-12-20T22:38:55.385+0000] {dag.py:3033} INFO - Sync 1 DAGs
[2023-12-20T22:38:55.405+0000] {logging_mixin.py:188} INFO - [2023-12-20T22:38:55.405+0000] {dag.py:3820} INFO - Setting next_dagrun for example_nested_branch_dag to 2023-12-19T00:00:00+00:00, run_after=2023-12-20T00:00:00+00:00
[2023-12-20T22:38:55.418+0000] {processor.py:183} INFO - Processing /home/airflow/.local/lib/python3.8/site-packages/airflow/example_dags/example_nested_branch_dag.py took 0.076 seconds
[2023-12-20T22:39:25.797+0000] {processor.py:161} INFO - Started process (PID=165) to work on /home/airflow/.local/lib/python3.8/site-packages/airflow/example_dags/example_nested_branch_dag.py
[2023-12-20T22:39:25.800+0000] {processor.py:830} INFO - Processing file /home/airflow/.local/lib/python3.8/site-packages/airflow/example_dags/example_nested_branch_dag.py for tasks to queue
[2023-12-20T22:39:25.811+0000] {logging_mixin.py:188} INFO - [2023-12-20T22:39:25.810+0000] {dagbag.py:538} INFO - Filling up the DagBag from /home/airflow/.local/lib/python3.8/site-packages/airflow/example_dags/example_nested_branch_dag.py
[2023-12-20T22:39:25.861+0000] {processor.py:840} INFO - DAG(s) 'example_nested_branch_dag' retrieved from /home/airflow/.local/lib/python3.8/site-packages/airflow/example_dags/example_nested_branch_dag.py
[2023-12-20T22:39:25.911+0000] {logging_mixin.py:188} INFO - [2023-12-20T22:39:25.911+0000] {dag.py:3033} INFO - Sync 1 DAGs
[2023-12-20T22:39:25.937+0000] {logging_mixin.py:188} INFO - [2023-12-20T22:39:25.937+0000] {dag.py:3820} INFO - Setting next_dagrun for example_nested_branch_dag to 2023-12-19T00:00:00+00:00, run_after=2023-12-20T00:00:00+00:00
[2023-12-20T22:39:25.955+0000] {processor.py:183} INFO - Processing /home/airflow/.local/lib/python3.8/site-packages/airflow/example_dags/example_nested_branch_dag.py took 0.179 seconds
[2023-12-20T22:39:56.748+0000] {processor.py:161} INFO - Started process (PID=221) to work on /home/airflow/.local/lib/python3.8/site-packages/airflow/example_dags/example_nested_branch_dag.py
[2023-12-20T22:39:56.749+0000] {processor.py:830} INFO - Processing file /home/airflow/.local/lib/python3.8/site-packages/airflow/example_dags/example_nested_branch_dag.py for tasks to queue
[2023-12-20T22:39:56.752+0000] {logging_mixin.py:188} INFO - [2023-12-20T22:39:56.752+0000] {dagbag.py:538} INFO - Filling up the DagBag from /home/airflow/.local/lib/python3.8/site-packages/airflow/example_dags/example_nested_branch_dag.py
[2023-12-20T22:39:56.762+0000] {processor.py:840} INFO - DAG(s) 'example_nested_branch_dag' retrieved from /home/airflow/.local/lib/python3.8/site-packages/airflow/example_dags/example_nested_branch_dag.py
[2023-12-20T22:39:56.788+0000] {logging_mixin.py:188} INFO - [2023-12-20T22:39:56.787+0000] {dag.py:3033} INFO - Sync 1 DAGs
[2023-12-20T22:39:56.809+0000] {logging_mixin.py:188} INFO - [2023-12-20T22:39:56.809+0000] {dag.py:3820} INFO - Setting next_dagrun for example_nested_branch_dag to 2023-12-19T00:00:00+00:00, run_after=2023-12-20T00:00:00+00:00
[2023-12-20T22:39:56.824+0000] {processor.py:183} INFO - Processing /home/airflow/.local/lib/python3.8/site-packages/airflow/example_dags/example_nested_branch_dag.py took 0.080 seconds
[2023-12-20T22:40:27.170+0000] {processor.py:161} INFO - Started process (PID=276) to work on /home/airflow/.local/lib/python3.8/site-packages/airflow/example_dags/example_nested_branch_dag.py
[2023-12-20T22:40:27.172+0000] {processor.py:830} INFO - Processing file /home/airflow/.local/lib/python3.8/site-packages/airflow/example_dags/example_nested_branch_dag.py for tasks to queue
[2023-12-20T22:40:27.176+0000] {logging_mixin.py:188} INFO - [2023-12-20T22:40:27.175+0000] {dagbag.py:538} INFO - Filling up the DagBag from /home/airflow/.local/lib/python3.8/site-packages/airflow/example_dags/example_nested_branch_dag.py
[2023-12-20T22:40:27.187+0000] {processor.py:840} INFO - DAG(s) 'example_nested_branch_dag' retrieved from /home/airflow/.local/lib/python3.8/site-packages/airflow/example_dags/example_nested_branch_dag.py
[2023-12-20T22:40:27.212+0000] {logging_mixin.py:188} INFO - [2023-12-20T22:40:27.212+0000] {dag.py:3033} INFO - Sync 1 DAGs
[2023-12-20T22:40:27.235+0000] {logging_mixin.py:188} INFO - [2023-12-20T22:40:27.235+0000] {dag.py:3820} INFO - Setting next_dagrun for example_nested_branch_dag to 2023-12-19T00:00:00+00:00, run_after=2023-12-20T00:00:00+00:00
[2023-12-20T22:40:27.254+0000] {processor.py:183} INFO - Processing /home/airflow/.local/lib/python3.8/site-packages/airflow/example_dags/example_nested_branch_dag.py took 0.090 seconds
[2023-12-20T22:40:57.372+0000] {processor.py:161} INFO - Started process (PID=331) to work on /home/airflow/.local/lib/python3.8/site-packages/airflow/example_dags/example_nested_branch_dag.py
[2023-12-20T22:40:57.374+0000] {processor.py:830} INFO - Processing file /home/airflow/.local/lib/python3.8/site-packages/airflow/example_dags/example_nested_branch_dag.py for tasks to queue
[2023-12-20T22:40:57.376+0000] {logging_mixin.py:188} INFO - [2023-12-20T22:40:57.376+0000] {dagbag.py:538} INFO - Filling up the DagBag from /home/airflow/.local/lib/python3.8/site-packages/airflow/example_dags/example_nested_branch_dag.py
[2023-12-20T22:40:57.385+0000] {processor.py:840} INFO - DAG(s) 'example_nested_branch_dag' retrieved from /home/airflow/.local/lib/python3.8/site-packages/airflow/example_dags/example_nested_branch_dag.py
[2023-12-20T22:40:57.407+0000] {logging_mixin.py:188} INFO - [2023-12-20T22:40:57.407+0000] {dag.py:3033} INFO - Sync 1 DAGs
[2023-12-20T22:40:57.424+0000] {logging_mixin.py:188} INFO - [2023-12-20T22:40:57.424+0000] {dag.py:3820} INFO - Setting next_dagrun for example_nested_branch_dag to 2023-12-19T00:00:00+00:00, run_after=2023-12-20T00:00:00+00:00
[2023-12-20T22:40:57.438+0000] {processor.py:183} INFO - Processing /home/airflow/.local/lib/python3.8/site-packages/airflow/example_dags/example_nested_branch_dag.py took 0.069 seconds
[2023-12-20T22:41:27.673+0000] {processor.py:161} INFO - Started process (PID=385) to work on /home/airflow/.local/lib/python3.8/site-packages/airflow/example_dags/example_nested_branch_dag.py
[2023-12-20T22:41:27.675+0000] {processor.py:830} INFO - Processing file /home/airflow/.local/lib/python3.8/site-packages/airflow/example_dags/example_nested_branch_dag.py for tasks to queue
[2023-12-20T22:41:27.678+0000] {logging_mixin.py:188} INFO - [2023-12-20T22:41:27.677+0000] {dagbag.py:538} INFO - Filling up the DagBag from /home/airflow/.local/lib/python3.8/site-packages/airflow/example_dags/example_nested_branch_dag.py
[2023-12-20T22:41:27.688+0000] {processor.py:840} INFO - DAG(s) 'example_nested_branch_dag' retrieved from /home/airflow/.local/lib/python3.8/site-packages/airflow/example_dags/example_nested_branch_dag.py
[2023-12-20T22:41:27.711+0000] {logging_mixin.py:188} INFO - [2023-12-20T22:41:27.711+0000] {dag.py:3033} INFO - Sync 1 DAGs
[2023-12-20T22:41:27.729+0000] {logging_mixin.py:188} INFO - [2023-12-20T22:41:27.729+0000] {dag.py:3820} INFO - Setting next_dagrun for example_nested_branch_dag to 2023-12-19T00:00:00+00:00, run_after=2023-12-20T00:00:00+00:00
[2023-12-20T22:41:27.742+0000] {processor.py:183} INFO - Processing /home/airflow/.local/lib/python3.8/site-packages/airflow/example_dags/example_nested_branch_dag.py took 0.074 seconds
[2023-12-20T22:41:58.014+0000] {processor.py:161} INFO - Started process (PID=440) to work on /home/airflow/.local/lib/python3.8/site-packages/airflow/example_dags/example_nested_branch_dag.py
[2023-12-20T22:41:58.016+0000] {processor.py:830} INFO - Processing file /home/airflow/.local/lib/python3.8/site-packages/airflow/example_dags/example_nested_branch_dag.py for tasks to queue
[2023-12-20T22:41:58.018+0000] {logging_mixin.py:188} INFO - [2023-12-20T22:41:58.018+0000] {dagbag.py:538} INFO - Filling up the DagBag from /home/airflow/.local/lib/python3.8/site-packages/airflow/example_dags/example_nested_branch_dag.py
[2023-12-20T22:41:58.028+0000] {processor.py:840} INFO - DAG(s) 'example_nested_branch_dag' retrieved from /home/airflow/.local/lib/python3.8/site-packages/airflow/example_dags/example_nested_branch_dag.py
[2023-12-20T22:41:58.050+0000] {logging_mixin.py:188} INFO - [2023-12-20T22:41:58.050+0000] {dag.py:3033} INFO - Sync 1 DAGs
[2023-12-20T22:41:58.068+0000] {logging_mixin.py:188} INFO - [2023-12-20T22:41:58.068+0000] {dag.py:3820} INFO - Setting next_dagrun for example_nested_branch_dag to 2023-12-19T00:00:00+00:00, run_after=2023-12-20T00:00:00+00:00
[2023-12-20T22:41:58.081+0000] {processor.py:183} INFO - Processing /home/airflow/.local/lib/python3.8/site-packages/airflow/example_dags/example_nested_branch_dag.py took 0.071 seconds
[2023-12-20T22:42:28.259+0000] {processor.py:161} INFO - Started process (PID=495) to work on /home/airflow/.local/lib/python3.8/site-packages/airflow/example_dags/example_nested_branch_dag.py
[2023-12-20T22:42:28.262+0000] {processor.py:830} INFO - Processing file /home/airflow/.local/lib/python3.8/site-packages/airflow/example_dags/example_nested_branch_dag.py for tasks to queue
[2023-12-20T22:42:28.266+0000] {logging_mixin.py:188} INFO - [2023-12-20T22:42:28.265+0000] {dagbag.py:538} INFO - Filling up the DagBag from /home/airflow/.local/lib/python3.8/site-packages/airflow/example_dags/example_nested_branch_dag.py
[2023-12-20T22:42:28.278+0000] {processor.py:840} INFO - DAG(s) 'example_nested_branch_dag' retrieved from /home/airflow/.local/lib/python3.8/site-packages/airflow/example_dags/example_nested_branch_dag.py
[2023-12-20T22:42:28.307+0000] {logging_mixin.py:188} INFO - [2023-12-20T22:42:28.306+0000] {dag.py:3033} INFO - Sync 1 DAGs
[2023-12-20T22:42:28.325+0000] {logging_mixin.py:188} INFO - [2023-12-20T22:42:28.325+0000] {dag.py:3820} INFO - Setting next_dagrun for example_nested_branch_dag to 2023-12-19T00:00:00+00:00, run_after=2023-12-20T00:00:00+00:00
[2023-12-20T22:42:28.338+0000] {processor.py:183} INFO - Processing /home/airflow/.local/lib/python3.8/site-packages/airflow/example_dags/example_nested_branch_dag.py took 0.085 seconds
[2023-12-20T22:42:58.544+0000] {processor.py:161} INFO - Started process (PID=549) to work on /home/airflow/.local/lib/python3.8/site-packages/airflow/example_dags/example_nested_branch_dag.py
[2023-12-20T22:42:58.547+0000] {processor.py:830} INFO - Processing file /home/airflow/.local/lib/python3.8/site-packages/airflow/example_dags/example_nested_branch_dag.py for tasks to queue
[2023-12-20T22:42:58.550+0000] {logging_mixin.py:188} INFO - [2023-12-20T22:42:58.550+0000] {dagbag.py:538} INFO - Filling up the DagBag from /home/airflow/.local/lib/python3.8/site-packages/airflow/example_dags/example_nested_branch_dag.py
[2023-12-20T22:42:58.559+0000] {processor.py:840} INFO - DAG(s) 'example_nested_branch_dag' retrieved from /home/airflow/.local/lib/python3.8/site-packages/airflow/example_dags/example_nested_branch_dag.py
[2023-12-20T22:42:58.584+0000] {logging_mixin.py:188} INFO - [2023-12-20T22:42:58.584+0000] {dag.py:3033} INFO - Sync 1 DAGs
[2023-12-20T22:42:58.603+0000] {logging_mixin.py:188} INFO - [2023-12-20T22:42:58.603+0000] {dag.py:3820} INFO - Setting next_dagrun for example_nested_branch_dag to 2023-12-19T00:00:00+00:00, run_after=2023-12-20T00:00:00+00:00
[2023-12-20T22:42:58.616+0000] {processor.py:183} INFO - Processing /home/airflow/.local/lib/python3.8/site-packages/airflow/example_dags/example_nested_branch_dag.py took 0.076 seconds
[2023-12-20T22:43:29.110+0000] {processor.py:161} INFO - Started process (PID=604) to work on /home/airflow/.local/lib/python3.8/site-packages/airflow/example_dags/example_nested_branch_dag.py
[2023-12-20T22:43:29.111+0000] {processor.py:830} INFO - Processing file /home/airflow/.local/lib/python3.8/site-packages/airflow/example_dags/example_nested_branch_dag.py for tasks to queue
[2023-12-20T22:43:29.114+0000] {logging_mixin.py:188} INFO - [2023-12-20T22:43:29.114+0000] {dagbag.py:538} INFO - Filling up the DagBag from /home/airflow/.local/lib/python3.8/site-packages/airflow/example_dags/example_nested_branch_dag.py
[2023-12-20T22:43:29.123+0000] {processor.py:840} INFO - DAG(s) 'example_nested_branch_dag' retrieved from /home/airflow/.local/lib/python3.8/site-packages/airflow/example_dags/example_nested_branch_dag.py
[2023-12-20T22:43:29.145+0000] {logging_mixin.py:188} INFO - [2023-12-20T22:43:29.145+0000] {dag.py:3033} INFO - Sync 1 DAGs
[2023-12-20T22:43:29.163+0000] {logging_mixin.py:188} INFO - [2023-12-20T22:43:29.163+0000] {dag.py:3820} INFO - Setting next_dagrun for example_nested_branch_dag to 2023-12-19T00:00:00+00:00, run_after=2023-12-20T00:00:00+00:00
[2023-12-20T22:43:29.175+0000] {processor.py:183} INFO - Processing /home/airflow/.local/lib/python3.8/site-packages/airflow/example_dags/example_nested_branch_dag.py took 0.068 seconds
[2023-12-20T22:43:59.460+0000] {processor.py:161} INFO - Started process (PID=659) to work on /home/airflow/.local/lib/python3.8/site-packages/airflow/example_dags/example_nested_branch_dag.py
[2023-12-20T22:43:59.462+0000] {processor.py:830} INFO - Processing file /home/airflow/.local/lib/python3.8/site-packages/airflow/example_dags/example_nested_branch_dag.py for tasks to queue
[2023-12-20T22:43:59.465+0000] {logging_mixin.py:188} INFO - [2023-12-20T22:43:59.465+0000] {dagbag.py:538} INFO - Filling up the DagBag from /home/airflow/.local/lib/python3.8/site-packages/airflow/example_dags/example_nested_branch_dag.py
[2023-12-20T22:43:59.475+0000] {processor.py:840} INFO - DAG(s) 'example_nested_branch_dag' retrieved from /home/airflow/.local/lib/python3.8/site-packages/airflow/example_dags/example_nested_branch_dag.py
[2023-12-20T22:43:59.498+0000] {logging_mixin.py:188} INFO - [2023-12-20T22:43:59.498+0000] {dag.py:3033} INFO - Sync 1 DAGs
[2023-12-20T22:43:59.516+0000] {logging_mixin.py:188} INFO - [2023-12-20T22:43:59.516+0000] {dag.py:3820} INFO - Setting next_dagrun for example_nested_branch_dag to 2023-12-19T00:00:00+00:00, run_after=2023-12-20T00:00:00+00:00
[2023-12-20T22:43:59.528+0000] {processor.py:183} INFO - Processing /home/airflow/.local/lib/python3.8/site-packages/airflow/example_dags/example_nested_branch_dag.py took 0.074 seconds
[2023-12-20T22:44:29.896+0000] {processor.py:161} INFO - Started process (PID=714) to work on /home/airflow/.local/lib/python3.8/site-packages/airflow/example_dags/example_nested_branch_dag.py
[2023-12-20T22:44:29.898+0000] {processor.py:830} INFO - Processing file /home/airflow/.local/lib/python3.8/site-packages/airflow/example_dags/example_nested_branch_dag.py for tasks to queue
[2023-12-20T22:44:29.902+0000] {logging_mixin.py:188} INFO - [2023-12-20T22:44:29.902+0000] {dagbag.py:538} INFO - Filling up the DagBag from /home/airflow/.local/lib/python3.8/site-packages/airflow/example_dags/example_nested_branch_dag.py
[2023-12-20T22:44:29.914+0000] {processor.py:840} INFO - DAG(s) 'example_nested_branch_dag' retrieved from /home/airflow/.local/lib/python3.8/site-packages/airflow/example_dags/example_nested_branch_dag.py
[2023-12-20T22:44:29.939+0000] {logging_mixin.py:188} INFO - [2023-12-20T22:44:29.939+0000] {dag.py:3033} INFO - Sync 1 DAGs
[2023-12-20T22:44:29.958+0000] {logging_mixin.py:188} INFO - [2023-12-20T22:44:29.958+0000] {dag.py:3820} INFO - Setting next_dagrun for example_nested_branch_dag to 2023-12-19T00:00:00+00:00, run_after=2023-12-20T00:00:00+00:00
[2023-12-20T22:44:29.971+0000] {processor.py:183} INFO - Processing /home/airflow/.local/lib/python3.8/site-packages/airflow/example_dags/example_nested_branch_dag.py took 0.079 seconds
[2023-12-20T22:45:00.584+0000] {processor.py:161} INFO - Started process (PID=769) to work on /home/airflow/.local/lib/python3.8/site-packages/airflow/example_dags/example_nested_branch_dag.py
[2023-12-20T22:45:00.586+0000] {processor.py:830} INFO - Processing file /home/airflow/.local/lib/python3.8/site-packages/airflow/example_dags/example_nested_branch_dag.py for tasks to queue
[2023-12-20T22:45:00.589+0000] {logging_mixin.py:188} INFO - [2023-12-20T22:45:00.589+0000] {dagbag.py:538} INFO - Filling up the DagBag from /home/airflow/.local/lib/python3.8/site-packages/airflow/example_dags/example_nested_branch_dag.py
[2023-12-20T22:45:00.601+0000] {processor.py:840} INFO - DAG(s) 'example_nested_branch_dag' retrieved from /home/airflow/.local/lib/python3.8/site-packages/airflow/example_dags/example_nested_branch_dag.py
[2023-12-20T22:45:00.629+0000] {logging_mixin.py:188} INFO - [2023-12-20T22:45:00.629+0000] {dag.py:3033} INFO - Sync 1 DAGs
[2023-12-20T22:45:00.649+0000] {logging_mixin.py:188} INFO - [2023-12-20T22:45:00.649+0000] {dag.py:3820} INFO - Setting next_dagrun for example_nested_branch_dag to 2023-12-19T00:00:00+00:00, run_after=2023-12-20T00:00:00+00:00
[2023-12-20T22:45:00.664+0000] {processor.py:183} INFO - Processing /home/airflow/.local/lib/python3.8/site-packages/airflow/example_dags/example_nested_branch_dag.py took 0.084 seconds
[2023-12-20T22:45:30.946+0000] {processor.py:161} INFO - Started process (PID=825) to work on /home/airflow/.local/lib/python3.8/site-packages/airflow/example_dags/example_nested_branch_dag.py
[2023-12-20T22:45:30.947+0000] {processor.py:830} INFO - Processing file /home/airflow/.local/lib/python3.8/site-packages/airflow/example_dags/example_nested_branch_dag.py for tasks to queue
[2023-12-20T22:45:30.951+0000] {logging_mixin.py:188} INFO - [2023-12-20T22:45:30.950+0000] {dagbag.py:538} INFO - Filling up the DagBag from /home/airflow/.local/lib/python3.8/site-packages/airflow/example_dags/example_nested_branch_dag.py
[2023-12-20T22:45:30.963+0000] {processor.py:840} INFO - DAG(s) 'example_nested_branch_dag' retrieved from /home/airflow/.local/lib/python3.8/site-packages/airflow/example_dags/example_nested_branch_dag.py
[2023-12-20T22:45:30.989+0000] {logging_mixin.py:188} INFO - [2023-12-20T22:45:30.989+0000] {dag.py:3033} INFO - Sync 1 DAGs
[2023-12-20T22:45:31.010+0000] {logging_mixin.py:188} INFO - [2023-12-20T22:45:31.010+0000] {dag.py:3820} INFO - Setting next_dagrun for example_nested_branch_dag to 2023-12-19T00:00:00+00:00, run_after=2023-12-20T00:00:00+00:00
[2023-12-20T22:45:31.023+0000] {processor.py:183} INFO - Processing /home/airflow/.local/lib/python3.8/site-packages/airflow/example_dags/example_nested_branch_dag.py took 0.083 seconds
[2023-12-20T22:46:01.611+0000] {processor.py:161} INFO - Started process (PID=880) to work on /home/airflow/.local/lib/python3.8/site-packages/airflow/example_dags/example_nested_branch_dag.py
[2023-12-20T22:46:01.613+0000] {processor.py:830} INFO - Processing file /home/airflow/.local/lib/python3.8/site-packages/airflow/example_dags/example_nested_branch_dag.py for tasks to queue
[2023-12-20T22:46:01.619+0000] {logging_mixin.py:188} INFO - [2023-12-20T22:46:01.619+0000] {dagbag.py:538} INFO - Filling up the DagBag from /home/airflow/.local/lib/python3.8/site-packages/airflow/example_dags/example_nested_branch_dag.py
[2023-12-20T22:46:01.631+0000] {processor.py:840} INFO - DAG(s) 'example_nested_branch_dag' retrieved from /home/airflow/.local/lib/python3.8/site-packages/airflow/example_dags/example_nested_branch_dag.py
[2023-12-20T22:46:01.654+0000] {logging_mixin.py:188} INFO - [2023-12-20T22:46:01.654+0000] {dag.py:3033} INFO - Sync 1 DAGs
[2023-12-20T22:46:01.674+0000] {logging_mixin.py:188} INFO - [2023-12-20T22:46:01.674+0000] {dag.py:3820} INFO - Setting next_dagrun for example_nested_branch_dag to 2023-12-19T00:00:00+00:00, run_after=2023-12-20T00:00:00+00:00
[2023-12-20T22:46:01.687+0000] {processor.py:183} INFO - Processing /home/airflow/.local/lib/python3.8/site-packages/airflow/example_dags/example_nested_branch_dag.py took 0.080 seconds
[2023-12-20T22:46:32.476+0000] {processor.py:161} INFO - Started process (PID=935) to work on /home/airflow/.local/lib/python3.8/site-packages/airflow/example_dags/example_nested_branch_dag.py
[2023-12-20T22:46:32.478+0000] {processor.py:830} INFO - Processing file /home/airflow/.local/lib/python3.8/site-packages/airflow/example_dags/example_nested_branch_dag.py for tasks to queue
[2023-12-20T22:46:32.481+0000] {logging_mixin.py:188} INFO - [2023-12-20T22:46:32.481+0000] {dagbag.py:538} INFO - Filling up the DagBag from /home/airflow/.local/lib/python3.8/site-packages/airflow/example_dags/example_nested_branch_dag.py
[2023-12-20T22:46:32.492+0000] {processor.py:840} INFO - DAG(s) 'example_nested_branch_dag' retrieved from /home/airflow/.local/lib/python3.8/site-packages/airflow/example_dags/example_nested_branch_dag.py
[2023-12-20T22:46:32.516+0000] {logging_mixin.py:188} INFO - [2023-12-20T22:46:32.516+0000] {dag.py:3033} INFO - Sync 1 DAGs
[2023-12-20T22:46:32.536+0000] {logging_mixin.py:188} INFO - [2023-12-20T22:46:32.536+0000] {dag.py:3820} INFO - Setting next_dagrun for example_nested_branch_dag to 2023-12-19T00:00:00+00:00, run_after=2023-12-20T00:00:00+00:00
[2023-12-20T22:46:32.551+0000] {processor.py:183} INFO - Processing /home/airflow/.local/lib/python3.8/site-packages/airflow/example_dags/example_nested_branch_dag.py took 0.080 seconds
[2023-12-20T22:47:03.324+0000] {processor.py:161} INFO - Started process (PID=990) to work on /home/airflow/.local/lib/python3.8/site-packages/airflow/example_dags/example_nested_branch_dag.py
[2023-12-20T22:47:03.326+0000] {processor.py:830} INFO - Processing file /home/airflow/.local/lib/python3.8/site-packages/airflow/example_dags/example_nested_branch_dag.py for tasks to queue
[2023-12-20T22:47:03.332+0000] {logging_mixin.py:188} INFO - [2023-12-20T22:47:03.331+0000] {dagbag.py:538} INFO - Filling up the DagBag from /home/airflow/.local/lib/python3.8/site-packages/airflow/example_dags/example_nested_branch_dag.py
[2023-12-20T22:47:03.348+0000] {processor.py:840} INFO - DAG(s) 'example_nested_branch_dag' retrieved from /home/airflow/.local/lib/python3.8/site-packages/airflow/example_dags/example_nested_branch_dag.py
[2023-12-20T22:47:03.385+0000] {logging_mixin.py:188} INFO - [2023-12-20T22:47:03.385+0000] {dag.py:3033} INFO - Sync 1 DAGs
[2023-12-20T22:47:03.414+0000] {logging_mixin.py:188} INFO - [2023-12-20T22:47:03.414+0000] {dag.py:3820} INFO - Setting next_dagrun for example_nested_branch_dag to 2023-12-19T00:00:00+00:00, run_after=2023-12-20T00:00:00+00:00
[2023-12-20T22:47:03.438+0000] {processor.py:183} INFO - Processing /home/airflow/.local/lib/python3.8/site-packages/airflow/example_dags/example_nested_branch_dag.py took 0.120 seconds
[2023-12-20T22:47:33.767+0000] {processor.py:161} INFO - Started process (PID=1045) to work on /home/airflow/.local/lib/python3.8/site-packages/airflow/example_dags/example_nested_branch_dag.py
[2023-12-20T22:47:33.768+0000] {processor.py:830} INFO - Processing file /home/airflow/.local/lib/python3.8/site-packages/airflow/example_dags/example_nested_branch_dag.py for tasks to queue
[2023-12-20T22:47:33.771+0000] {logging_mixin.py:188} INFO - [2023-12-20T22:47:33.771+0000] {dagbag.py:538} INFO - Filling up the DagBag from /home/airflow/.local/lib/python3.8/site-packages/airflow/example_dags/example_nested_branch_dag.py
[2023-12-20T22:47:33.781+0000] {processor.py:840} INFO - DAG(s) 'example_nested_branch_dag' retrieved from /home/airflow/.local/lib/python3.8/site-packages/airflow/example_dags/example_nested_branch_dag.py
[2023-12-20T22:47:33.806+0000] {logging_mixin.py:188} INFO - [2023-12-20T22:47:33.806+0000] {dag.py:3033} INFO - Sync 1 DAGs
[2023-12-20T22:47:33.825+0000] {logging_mixin.py:188} INFO - [2023-12-20T22:47:33.825+0000] {dag.py:3820} INFO - Setting next_dagrun for example_nested_branch_dag to 2023-12-19T00:00:00+00:00, run_after=2023-12-20T00:00:00+00:00
[2023-12-20T22:47:33.839+0000] {processor.py:183} INFO - Processing /home/airflow/.local/lib/python3.8/site-packages/airflow/example_dags/example_nested_branch_dag.py took 0.076 seconds
[2023-12-20T22:48:04.402+0000] {processor.py:161} INFO - Started process (PID=1099) to work on /home/airflow/.local/lib/python3.8/site-packages/airflow/example_dags/example_nested_branch_dag.py
[2023-12-20T22:48:04.404+0000] {processor.py:830} INFO - Processing file /home/airflow/.local/lib/python3.8/site-packages/airflow/example_dags/example_nested_branch_dag.py for tasks to queue
[2023-12-20T22:48:04.408+0000] {logging_mixin.py:188} INFO - [2023-12-20T22:48:04.408+0000] {dagbag.py:538} INFO - Filling up the DagBag from /home/airflow/.local/lib/python3.8/site-packages/airflow/example_dags/example_nested_branch_dag.py
[2023-12-20T22:48:04.421+0000] {processor.py:840} INFO - DAG(s) 'example_nested_branch_dag' retrieved from /home/airflow/.local/lib/python3.8/site-packages/airflow/example_dags/example_nested_branch_dag.py
[2023-12-20T22:48:04.455+0000] {logging_mixin.py:188} INFO - [2023-12-20T22:48:04.455+0000] {dag.py:3033} INFO - Sync 1 DAGs
[2023-12-20T22:48:04.479+0000] {logging_mixin.py:188} INFO - [2023-12-20T22:48:04.479+0000] {dag.py:3820} INFO - Setting next_dagrun for example_nested_branch_dag to 2023-12-19T00:00:00+00:00, run_after=2023-12-20T00:00:00+00:00
[2023-12-20T22:48:04.495+0000] {processor.py:183} INFO - Processing /home/airflow/.local/lib/python3.8/site-packages/airflow/example_dags/example_nested_branch_dag.py took 0.098 seconds
[2023-12-20T22:48:34.731+0000] {processor.py:161} INFO - Started process (PID=1154) to work on /home/airflow/.local/lib/python3.8/site-packages/airflow/example_dags/example_nested_branch_dag.py
[2023-12-20T22:48:34.732+0000] {processor.py:830} INFO - Processing file /home/airflow/.local/lib/python3.8/site-packages/airflow/example_dags/example_nested_branch_dag.py for tasks to queue
[2023-12-20T22:48:34.735+0000] {logging_mixin.py:188} INFO - [2023-12-20T22:48:34.735+0000] {dagbag.py:538} INFO - Filling up the DagBag from /home/airflow/.local/lib/python3.8/site-packages/airflow/example_dags/example_nested_branch_dag.py
[2023-12-20T22:48:34.746+0000] {processor.py:840} INFO - DAG(s) 'example_nested_branch_dag' retrieved from /home/airflow/.local/lib/python3.8/site-packages/airflow/example_dags/example_nested_branch_dag.py
[2023-12-20T22:48:34.769+0000] {logging_mixin.py:188} INFO - [2023-12-20T22:48:34.769+0000] {dag.py:3033} INFO - Sync 1 DAGs
[2023-12-20T22:48:34.789+0000] {logging_mixin.py:188} INFO - [2023-12-20T22:48:34.788+0000] {dag.py:3820} INFO - Setting next_dagrun for example_nested_branch_dag to 2023-12-19T00:00:00+00:00, run_after=2023-12-20T00:00:00+00:00
[2023-12-20T22:48:34.801+0000] {processor.py:183} INFO - Processing /home/airflow/.local/lib/python3.8/site-packages/airflow/example_dags/example_nested_branch_dag.py took 0.075 seconds
[2023-12-20T22:49:04.903+0000] {processor.py:161} INFO - Started process (PID=1208) to work on /home/airflow/.local/lib/python3.8/site-packages/airflow/example_dags/example_nested_branch_dag.py
[2023-12-20T22:49:04.905+0000] {processor.py:830} INFO - Processing file /home/airflow/.local/lib/python3.8/site-packages/airflow/example_dags/example_nested_branch_dag.py for tasks to queue
[2023-12-20T22:49:04.909+0000] {logging_mixin.py:188} INFO - [2023-12-20T22:49:04.909+0000] {dagbag.py:538} INFO - Filling up the DagBag from /home/airflow/.local/lib/python3.8/site-packages/airflow/example_dags/example_nested_branch_dag.py
[2023-12-20T22:49:04.923+0000] {processor.py:840} INFO - DAG(s) 'example_nested_branch_dag' retrieved from /home/airflow/.local/lib/python3.8/site-packages/airflow/example_dags/example_nested_branch_dag.py
[2023-12-20T22:49:04.951+0000] {logging_mixin.py:188} INFO - [2023-12-20T22:49:04.951+0000] {dag.py:3033} INFO - Sync 1 DAGs
[2023-12-20T22:49:04.971+0000] {logging_mixin.py:188} INFO - [2023-12-20T22:49:04.971+0000] {dag.py:3820} INFO - Setting next_dagrun for example_nested_branch_dag to 2023-12-19T00:00:00+00:00, run_after=2023-12-20T00:00:00+00:00
[2023-12-20T22:49:04.984+0000] {processor.py:183} INFO - Processing /home/airflow/.local/lib/python3.8/site-packages/airflow/example_dags/example_nested_branch_dag.py took 0.087 seconds
[2023-12-20T22:49:35.233+0000] {processor.py:161} INFO - Started process (PID=1262) to work on /home/airflow/.local/lib/python3.8/site-packages/airflow/example_dags/example_nested_branch_dag.py
[2023-12-20T22:49:35.235+0000] {processor.py:830} INFO - Processing file /home/airflow/.local/lib/python3.8/site-packages/airflow/example_dags/example_nested_branch_dag.py for tasks to queue
[2023-12-20T22:49:35.239+0000] {logging_mixin.py:188} INFO - [2023-12-20T22:49:35.239+0000] {dagbag.py:538} INFO - Filling up the DagBag from /home/airflow/.local/lib/python3.8/site-packages/airflow/example_dags/example_nested_branch_dag.py
[2023-12-20T22:49:35.253+0000] {processor.py:840} INFO - DAG(s) 'example_nested_branch_dag' retrieved from /home/airflow/.local/lib/python3.8/site-packages/airflow/example_dags/example_nested_branch_dag.py
[2023-12-20T22:49:35.279+0000] {logging_mixin.py:188} INFO - [2023-12-20T22:49:35.279+0000] {dag.py:3033} INFO - Sync 1 DAGs
[2023-12-20T22:49:35.302+0000] {logging_mixin.py:188} INFO - [2023-12-20T22:49:35.302+0000] {dag.py:3820} INFO - Setting next_dagrun for example_nested_branch_dag to 2023-12-19T00:00:00+00:00, run_after=2023-12-20T00:00:00+00:00
[2023-12-20T22:49:35.323+0000] {processor.py:183} INFO - Processing /home/airflow/.local/lib/python3.8/site-packages/airflow/example_dags/example_nested_branch_dag.py took 0.095 seconds
[2023-12-20T22:50:05.529+0000] {processor.py:161} INFO - Started process (PID=1317) to work on /home/airflow/.local/lib/python3.8/site-packages/airflow/example_dags/example_nested_branch_dag.py
[2023-12-20T22:50:05.531+0000] {processor.py:830} INFO - Processing file /home/airflow/.local/lib/python3.8/site-packages/airflow/example_dags/example_nested_branch_dag.py for tasks to queue
[2023-12-20T22:50:05.536+0000] {logging_mixin.py:188} INFO - [2023-12-20T22:50:05.536+0000] {dagbag.py:538} INFO - Filling up the DagBag from /home/airflow/.local/lib/python3.8/site-packages/airflow/example_dags/example_nested_branch_dag.py
[2023-12-20T22:50:05.549+0000] {processor.py:840} INFO - DAG(s) 'example_nested_branch_dag' retrieved from /home/airflow/.local/lib/python3.8/site-packages/airflow/example_dags/example_nested_branch_dag.py
[2023-12-20T22:50:05.593+0000] {logging_mixin.py:188} INFO - [2023-12-20T22:50:05.593+0000] {dag.py:3033} INFO - Sync 1 DAGs
[2023-12-20T22:50:05.620+0000] {logging_mixin.py:188} INFO - [2023-12-20T22:50:05.620+0000] {dag.py:3820} INFO - Setting next_dagrun for example_nested_branch_dag to 2023-12-19T00:00:00+00:00, run_after=2023-12-20T00:00:00+00:00
[2023-12-20T22:50:05.635+0000] {processor.py:183} INFO - Processing /home/airflow/.local/lib/python3.8/site-packages/airflow/example_dags/example_nested_branch_dag.py took 0.111 seconds
[2023-12-20T22:50:36.017+0000] {processor.py:161} INFO - Started process (PID=1370) to work on /home/airflow/.local/lib/python3.8/site-packages/airflow/example_dags/example_nested_branch_dag.py
[2023-12-20T22:50:36.019+0000] {processor.py:830} INFO - Processing file /home/airflow/.local/lib/python3.8/site-packages/airflow/example_dags/example_nested_branch_dag.py for tasks to queue
[2023-12-20T22:50:36.024+0000] {logging_mixin.py:188} INFO - [2023-12-20T22:50:36.023+0000] {dagbag.py:538} INFO - Filling up the DagBag from /home/airflow/.local/lib/python3.8/site-packages/airflow/example_dags/example_nested_branch_dag.py
[2023-12-20T22:50:36.040+0000] {processor.py:840} INFO - DAG(s) 'example_nested_branch_dag' retrieved from /home/airflow/.local/lib/python3.8/site-packages/airflow/example_dags/example_nested_branch_dag.py
[2023-12-20T22:50:36.072+0000] {logging_mixin.py:188} INFO - [2023-12-20T22:50:36.072+0000] {dag.py:3033} INFO - Sync 1 DAGs
[2023-12-20T22:50:36.097+0000] {logging_mixin.py:188} INFO - [2023-12-20T22:50:36.096+0000] {dag.py:3820} INFO - Setting next_dagrun for example_nested_branch_dag to 2023-12-19T00:00:00+00:00, run_after=2023-12-20T00:00:00+00:00
[2023-12-20T22:50:36.115+0000] {processor.py:183} INFO - Processing /home/airflow/.local/lib/python3.8/site-packages/airflow/example_dags/example_nested_branch_dag.py took 0.105 seconds
[2023-12-20T22:51:06.289+0000] {processor.py:161} INFO - Started process (PID=1425) to work on /home/airflow/.local/lib/python3.8/site-packages/airflow/example_dags/example_nested_branch_dag.py
[2023-12-20T22:51:06.292+0000] {processor.py:830} INFO - Processing file /home/airflow/.local/lib/python3.8/site-packages/airflow/example_dags/example_nested_branch_dag.py for tasks to queue
[2023-12-20T22:51:06.298+0000] {logging_mixin.py:188} INFO - [2023-12-20T22:51:06.297+0000] {dagbag.py:538} INFO - Filling up the DagBag from /home/airflow/.local/lib/python3.8/site-packages/airflow/example_dags/example_nested_branch_dag.py
[2023-12-20T22:51:06.317+0000] {processor.py:840} INFO - DAG(s) 'example_nested_branch_dag' retrieved from /home/airflow/.local/lib/python3.8/site-packages/airflow/example_dags/example_nested_branch_dag.py
[2023-12-20T22:51:06.360+0000] {logging_mixin.py:188} INFO - [2023-12-20T22:51:06.359+0000] {dag.py:3033} INFO - Sync 1 DAGs
[2023-12-20T22:51:06.385+0000] {logging_mixin.py:188} INFO - [2023-12-20T22:51:06.385+0000] {dag.py:3820} INFO - Setting next_dagrun for example_nested_branch_dag to 2023-12-19T00:00:00+00:00, run_after=2023-12-20T00:00:00+00:00
[2023-12-20T22:51:06.402+0000] {processor.py:183} INFO - Processing /home/airflow/.local/lib/python3.8/site-packages/airflow/example_dags/example_nested_branch_dag.py took 0.119 seconds
[2023-12-20T22:51:37.421+0000] {processor.py:161} INFO - Started process (PID=1480) to work on /home/airflow/.local/lib/python3.8/site-packages/airflow/example_dags/example_nested_branch_dag.py
[2023-12-20T22:51:37.425+0000] {processor.py:830} INFO - Processing file /home/airflow/.local/lib/python3.8/site-packages/airflow/example_dags/example_nested_branch_dag.py for tasks to queue
[2023-12-20T22:51:37.429+0000] {logging_mixin.py:188} INFO - [2023-12-20T22:51:37.428+0000] {dagbag.py:538} INFO - Filling up the DagBag from /home/airflow/.local/lib/python3.8/site-packages/airflow/example_dags/example_nested_branch_dag.py
[2023-12-20T22:51:37.441+0000] {processor.py:840} INFO - DAG(s) 'example_nested_branch_dag' retrieved from /home/airflow/.local/lib/python3.8/site-packages/airflow/example_dags/example_nested_branch_dag.py
[2023-12-20T22:51:37.467+0000] {logging_mixin.py:188} INFO - [2023-12-20T22:51:37.467+0000] {dag.py:3033} INFO - Sync 1 DAGs
[2023-12-20T22:51:37.487+0000] {logging_mixin.py:188} INFO - [2023-12-20T22:51:37.487+0000] {dag.py:3820} INFO - Setting next_dagrun for example_nested_branch_dag to 2023-12-19T00:00:00+00:00, run_after=2023-12-20T00:00:00+00:00
[2023-12-20T22:51:37.501+0000] {processor.py:183} INFO - Processing /home/airflow/.local/lib/python3.8/site-packages/airflow/example_dags/example_nested_branch_dag.py took 0.085 seconds
[2023-12-20T22:52:08.298+0000] {processor.py:161} INFO - Started process (PID=1535) to work on /home/airflow/.local/lib/python3.8/site-packages/airflow/example_dags/example_nested_branch_dag.py
[2023-12-20T22:52:08.300+0000] {processor.py:830} INFO - Processing file /home/airflow/.local/lib/python3.8/site-packages/airflow/example_dags/example_nested_branch_dag.py for tasks to queue
[2023-12-20T22:52:08.304+0000] {logging_mixin.py:188} INFO - [2023-12-20T22:52:08.304+0000] {dagbag.py:538} INFO - Filling up the DagBag from /home/airflow/.local/lib/python3.8/site-packages/airflow/example_dags/example_nested_branch_dag.py
[2023-12-20T22:52:08.314+0000] {processor.py:840} INFO - DAG(s) 'example_nested_branch_dag' retrieved from /home/airflow/.local/lib/python3.8/site-packages/airflow/example_dags/example_nested_branch_dag.py
[2023-12-20T22:52:08.337+0000] {logging_mixin.py:188} INFO - [2023-12-20T22:52:08.337+0000] {dag.py:3033} INFO - Sync 1 DAGs
[2023-12-20T22:52:08.355+0000] {logging_mixin.py:188} INFO - [2023-12-20T22:52:08.355+0000] {dag.py:3820} INFO - Setting next_dagrun for example_nested_branch_dag to 2023-12-19T00:00:00+00:00, run_after=2023-12-20T00:00:00+00:00
[2023-12-20T22:52:08.369+0000] {processor.py:183} INFO - Processing /home/airflow/.local/lib/python3.8/site-packages/airflow/example_dags/example_nested_branch_dag.py took 0.076 seconds
[2023-12-20T22:52:38.660+0000] {processor.py:161} INFO - Started process (PID=1590) to work on /home/airflow/.local/lib/python3.8/site-packages/airflow/example_dags/example_nested_branch_dag.py
[2023-12-20T22:52:38.662+0000] {processor.py:830} INFO - Processing file /home/airflow/.local/lib/python3.8/site-packages/airflow/example_dags/example_nested_branch_dag.py for tasks to queue
[2023-12-20T22:52:38.666+0000] {logging_mixin.py:188} INFO - [2023-12-20T22:52:38.665+0000] {dagbag.py:538} INFO - Filling up the DagBag from /home/airflow/.local/lib/python3.8/site-packages/airflow/example_dags/example_nested_branch_dag.py
[2023-12-20T22:52:38.678+0000] {processor.py:840} INFO - DAG(s) 'example_nested_branch_dag' retrieved from /home/airflow/.local/lib/python3.8/site-packages/airflow/example_dags/example_nested_branch_dag.py
[2023-12-20T22:52:38.705+0000] {logging_mixin.py:188} INFO - [2023-12-20T22:52:38.705+0000] {dag.py:3033} INFO - Sync 1 DAGs
[2023-12-20T22:52:38.726+0000] {logging_mixin.py:188} INFO - [2023-12-20T22:52:38.726+0000] {dag.py:3820} INFO - Setting next_dagrun for example_nested_branch_dag to 2023-12-19T00:00:00+00:00, run_after=2023-12-20T00:00:00+00:00
[2023-12-20T22:52:38.739+0000] {processor.py:183} INFO - Processing /home/airflow/.local/lib/python3.8/site-packages/airflow/example_dags/example_nested_branch_dag.py took 0.084 seconds
[2023-12-20T22:53:08.852+0000] {processor.py:161} INFO - Started process (PID=1645) to work on /home/airflow/.local/lib/python3.8/site-packages/airflow/example_dags/example_nested_branch_dag.py
[2023-12-20T22:53:08.855+0000] {processor.py:830} INFO - Processing file /home/airflow/.local/lib/python3.8/site-packages/airflow/example_dags/example_nested_branch_dag.py for tasks to queue
[2023-12-20T22:53:08.859+0000] {logging_mixin.py:188} INFO - [2023-12-20T22:53:08.858+0000] {dagbag.py:538} INFO - Filling up the DagBag from /home/airflow/.local/lib/python3.8/site-packages/airflow/example_dags/example_nested_branch_dag.py
[2023-12-20T22:53:08.871+0000] {processor.py:840} INFO - DAG(s) 'example_nested_branch_dag' retrieved from /home/airflow/.local/lib/python3.8/site-packages/airflow/example_dags/example_nested_branch_dag.py
[2023-12-20T22:53:08.900+0000] {logging_mixin.py:188} INFO - [2023-12-20T22:53:08.900+0000] {dag.py:3033} INFO - Sync 1 DAGs
[2023-12-20T22:53:08.922+0000] {logging_mixin.py:188} INFO - [2023-12-20T22:53:08.922+0000] {dag.py:3820} INFO - Setting next_dagrun for example_nested_branch_dag to 2023-12-19T00:00:00+00:00, run_after=2023-12-20T00:00:00+00:00
[2023-12-20T22:53:09.064+0000] {processor.py:183} INFO - Processing /home/airflow/.local/lib/python3.8/site-packages/airflow/example_dags/example_nested_branch_dag.py took 0.219 seconds
[2023-12-20T22:53:39.387+0000] {processor.py:161} INFO - Started process (PID=1701) to work on /home/airflow/.local/lib/python3.8/site-packages/airflow/example_dags/example_nested_branch_dag.py
[2023-12-20T22:53:39.391+0000] {processor.py:830} INFO - Processing file /home/airflow/.local/lib/python3.8/site-packages/airflow/example_dags/example_nested_branch_dag.py for tasks to queue
[2023-12-20T22:53:39.397+0000] {logging_mixin.py:188} INFO - [2023-12-20T22:53:39.396+0000] {dagbag.py:538} INFO - Filling up the DagBag from /home/airflow/.local/lib/python3.8/site-packages/airflow/example_dags/example_nested_branch_dag.py
[2023-12-20T22:53:39.415+0000] {processor.py:840} INFO - DAG(s) 'example_nested_branch_dag' retrieved from /home/airflow/.local/lib/python3.8/site-packages/airflow/example_dags/example_nested_branch_dag.py
[2023-12-20T22:53:39.452+0000] {logging_mixin.py:188} INFO - [2023-12-20T22:53:39.452+0000] {dag.py:3033} INFO - Sync 1 DAGs
[2023-12-20T22:53:39.478+0000] {logging_mixin.py:188} INFO - [2023-12-20T22:53:39.478+0000] {dag.py:3820} INFO - Setting next_dagrun for example_nested_branch_dag to 2023-12-19T00:00:00+00:00, run_after=2023-12-20T00:00:00+00:00
[2023-12-20T22:53:39.661+0000] {processor.py:183} INFO - Processing /home/airflow/.local/lib/python3.8/site-packages/airflow/example_dags/example_nested_branch_dag.py took 0.281 seconds
[2023-12-20T22:54:10.737+0000] {processor.py:161} INFO - Started process (PID=1757) to work on /home/airflow/.local/lib/python3.8/site-packages/airflow/example_dags/example_nested_branch_dag.py
[2023-12-20T22:54:10.744+0000] {processor.py:830} INFO - Processing file /home/airflow/.local/lib/python3.8/site-packages/airflow/example_dags/example_nested_branch_dag.py for tasks to queue
[2023-12-20T22:54:10.754+0000] {logging_mixin.py:188} INFO - [2023-12-20T22:54:10.753+0000] {dagbag.py:538} INFO - Filling up the DagBag from /home/airflow/.local/lib/python3.8/site-packages/airflow/example_dags/example_nested_branch_dag.py
[2023-12-20T22:54:10.785+0000] {processor.py:840} INFO - DAG(s) 'example_nested_branch_dag' retrieved from /home/airflow/.local/lib/python3.8/site-packages/airflow/example_dags/example_nested_branch_dag.py
[2023-12-20T22:54:10.871+0000] {logging_mixin.py:188} INFO - [2023-12-20T22:54:10.871+0000] {dag.py:3033} INFO - Sync 1 DAGs
[2023-12-20T22:54:10.995+0000] {logging_mixin.py:188} INFO - [2023-12-20T22:54:10.995+0000] {dag.py:3820} INFO - Setting next_dagrun for example_nested_branch_dag to 2023-12-19T00:00:00+00:00, run_after=2023-12-20T00:00:00+00:00
[2023-12-20T22:54:11.405+0000] {processor.py:183} INFO - Processing /home/airflow/.local/lib/python3.8/site-packages/airflow/example_dags/example_nested_branch_dag.py took 0.697 seconds
[2023-12-20T22:55:21.549+0000] {processor.py:161} INFO - Started process (PID=1829) to work on /home/airflow/.local/lib/python3.8/site-packages/airflow/example_dags/example_nested_branch_dag.py
[2023-12-20T22:55:21.559+0000] {processor.py:830} INFO - Processing file /home/airflow/.local/lib/python3.8/site-packages/airflow/example_dags/example_nested_branch_dag.py for tasks to queue
[2023-12-20T22:55:21.576+0000] {logging_mixin.py:188} INFO - [2023-12-20T22:55:21.575+0000] {dagbag.py:538} INFO - Filling up the DagBag from /home/airflow/.local/lib/python3.8/site-packages/airflow/example_dags/example_nested_branch_dag.py
[2023-12-20T22:55:21.666+0000] {processor.py:840} INFO - DAG(s) 'example_nested_branch_dag' retrieved from /home/airflow/.local/lib/python3.8/site-packages/airflow/example_dags/example_nested_branch_dag.py
[2023-12-20T22:55:21.857+0000] {logging_mixin.py:188} INFO - [2023-12-20T22:55:21.855+0000] {dag.py:3033} INFO - Sync 1 DAGs
[2023-12-20T22:55:22.068+0000] {logging_mixin.py:188} INFO - [2023-12-20T22:55:22.067+0000] {dag.py:3820} INFO - Setting next_dagrun for example_nested_branch_dag to 2023-12-19T00:00:00+00:00, run_after=2023-12-20T00:00:00+00:00
[2023-12-20T22:55:29.311+0000] {processor.py:183} INFO - Processing /home/airflow/.local/lib/python3.8/site-packages/airflow/example_dags/example_nested_branch_dag.py took 7.785 seconds
[2023-12-20T22:56:09.664+0000] {processor.py:161} INFO - Started process (PID=1893) to work on /home/airflow/.local/lib/python3.8/site-packages/airflow/example_dags/example_nested_branch_dag.py
[2023-12-20T22:56:09.667+0000] {processor.py:830} INFO - Processing file /home/airflow/.local/lib/python3.8/site-packages/airflow/example_dags/example_nested_branch_dag.py for tasks to queue
[2023-12-20T22:56:09.683+0000] {logging_mixin.py:188} INFO - [2023-12-20T22:56:09.682+0000] {dagbag.py:538} INFO - Filling up the DagBag from /home/airflow/.local/lib/python3.8/site-packages/airflow/example_dags/example_nested_branch_dag.py
[2023-12-20T22:56:09.733+0000] {processor.py:840} INFO - DAG(s) 'example_nested_branch_dag' retrieved from /home/airflow/.local/lib/python3.8/site-packages/airflow/example_dags/example_nested_branch_dag.py
[2023-12-20T22:56:10.029+0000] {logging_mixin.py:188} INFO - [2023-12-20T22:56:10.018+0000] {dag.py:3033} INFO - Sync 1 DAGs
[2023-12-20T22:56:10.284+0000] {logging_mixin.py:188} INFO - [2023-12-20T22:56:10.284+0000] {dag.py:3820} INFO - Setting next_dagrun for example_nested_branch_dag to 2023-12-19T00:00:00+00:00, run_after=2023-12-20T00:00:00+00:00
[2023-12-20T22:56:10.411+0000] {processor.py:183} INFO - Processing /home/airflow/.local/lib/python3.8/site-packages/airflow/example_dags/example_nested_branch_dag.py took 0.760 seconds
[2023-12-20T22:56:47.523+0000] {processor.py:161} INFO - Started process (PID=1947) to work on /home/airflow/.local/lib/python3.8/site-packages/airflow/example_dags/example_nested_branch_dag.py
[2023-12-20T22:56:47.527+0000] {processor.py:830} INFO - Processing file /home/airflow/.local/lib/python3.8/site-packages/airflow/example_dags/example_nested_branch_dag.py for tasks to queue
[2023-12-20T22:56:47.536+0000] {logging_mixin.py:188} INFO - [2023-12-20T22:56:47.535+0000] {dagbag.py:538} INFO - Filling up the DagBag from /home/airflow/.local/lib/python3.8/site-packages/airflow/example_dags/example_nested_branch_dag.py
[2023-12-20T22:56:47.582+0000] {processor.py:840} INFO - DAG(s) 'example_nested_branch_dag' retrieved from /home/airflow/.local/lib/python3.8/site-packages/airflow/example_dags/example_nested_branch_dag.py
[2023-12-20T22:56:47.752+0000] {logging_mixin.py:188} INFO - [2023-12-20T22:56:47.752+0000] {dag.py:3033} INFO - Sync 1 DAGs
[2023-12-20T22:56:47.934+0000] {logging_mixin.py:188} INFO - [2023-12-20T22:56:47.934+0000] {dag.py:3820} INFO - Setting next_dagrun for example_nested_branch_dag to 2023-12-19T00:00:00+00:00, run_after=2023-12-20T00:00:00+00:00
[2023-12-20T22:56:48.102+0000] {processor.py:183} INFO - Processing /home/airflow/.local/lib/python3.8/site-packages/airflow/example_dags/example_nested_branch_dag.py took 0.592 seconds
[2023-12-20T22:57:59.027+0000] {processor.py:161} INFO - Started process (PID=2008) to work on /home/airflow/.local/lib/python3.8/site-packages/airflow/example_dags/example_nested_branch_dag.py
[2023-12-20T22:57:59.037+0000] {processor.py:830} INFO - Processing file /home/airflow/.local/lib/python3.8/site-packages/airflow/example_dags/example_nested_branch_dag.py for tasks to queue
[2023-12-20T22:57:59.064+0000] {logging_mixin.py:188} INFO - [2023-12-20T22:57:59.059+0000] {dagbag.py:538} INFO - Filling up the DagBag from /home/airflow/.local/lib/python3.8/site-packages/airflow/example_dags/example_nested_branch_dag.py
[2023-12-20T22:57:59.298+0000] {processor.py:840} INFO - DAG(s) 'example_nested_branch_dag' retrieved from /home/airflow/.local/lib/python3.8/site-packages/airflow/example_dags/example_nested_branch_dag.py
[2023-12-20T22:57:59.895+0000] {logging_mixin.py:188} INFO - [2023-12-20T22:57:59.882+0000] {dag.py:3033} INFO - Sync 1 DAGs
[2023-12-20T22:58:01.091+0000] {logging_mixin.py:188} INFO - [2023-12-20T22:58:01.024+0000] {dag.py:3820} INFO - Setting next_dagrun for example_nested_branch_dag to 2023-12-19T00:00:00+00:00, run_after=2023-12-20T00:00:00+00:00
[2023-12-20T22:58:01.888+0000] {processor.py:183} INFO - Processing /home/airflow/.local/lib/python3.8/site-packages/airflow/example_dags/example_nested_branch_dag.py took 2.897 seconds
[2023-12-20T22:59:58.144+0000] {processor.py:161} INFO - Started process (PID=2068) to work on /home/airflow/.local/lib/python3.8/site-packages/airflow/example_dags/example_nested_branch_dag.py
[2023-12-20T22:59:58.156+0000] {processor.py:830} INFO - Processing file /home/airflow/.local/lib/python3.8/site-packages/airflow/example_dags/example_nested_branch_dag.py for tasks to queue
[2023-12-20T22:59:58.198+0000] {logging_mixin.py:188} INFO - [2023-12-20T22:59:58.196+0000] {dagbag.py:538} INFO - Filling up the DagBag from /home/airflow/.local/lib/python3.8/site-packages/airflow/example_dags/example_nested_branch_dag.py
[2023-12-20T22:59:58.343+0000] {processor.py:840} INFO - DAG(s) 'example_nested_branch_dag' retrieved from /home/airflow/.local/lib/python3.8/site-packages/airflow/example_dags/example_nested_branch_dag.py
[2023-12-20T22:59:58.478+0000] {logging_mixin.py:188} INFO - [2023-12-20T22:59:58.478+0000] {dag.py:3033} INFO - Sync 1 DAGs
[2023-12-20T22:59:58.562+0000] {logging_mixin.py:188} INFO - [2023-12-20T22:59:58.557+0000] {dag.py:3820} INFO - Setting next_dagrun for example_nested_branch_dag to 2023-12-19T00:00:00+00:00, run_after=2023-12-20T00:00:00+00:00
[2023-12-20T22:59:58.638+0000] {processor.py:183} INFO - Processing /home/airflow/.local/lib/python3.8/site-packages/airflow/example_dags/example_nested_branch_dag.py took 0.558 seconds
[2023-12-20T23:01:21.261+0000] {processor.py:161} INFO - Started process (PID=2133) to work on /home/airflow/.local/lib/python3.8/site-packages/airflow/example_dags/example_nested_branch_dag.py
[2023-12-20T23:01:21.269+0000] {processor.py:830} INFO - Processing file /home/airflow/.local/lib/python3.8/site-packages/airflow/example_dags/example_nested_branch_dag.py for tasks to queue
[2023-12-20T23:01:21.306+0000] {logging_mixin.py:188} INFO - [2023-12-20T23:01:21.295+0000] {dagbag.py:538} INFO - Filling up the DagBag from /home/airflow/.local/lib/python3.8/site-packages/airflow/example_dags/example_nested_branch_dag.py
[2023-12-20T23:01:21.448+0000] {processor.py:840} INFO - DAG(s) 'example_nested_branch_dag' retrieved from /home/airflow/.local/lib/python3.8/site-packages/airflow/example_dags/example_nested_branch_dag.py
[2023-12-20T23:01:23.064+0000] {logging_mixin.py:188} INFO - [2023-12-20T23:01:23.064+0000] {dag.py:3033} INFO - Sync 1 DAGs
[2023-12-20T23:01:23.287+0000] {logging_mixin.py:188} INFO - [2023-12-20T23:01:23.286+0000] {dag.py:3820} INFO - Setting next_dagrun for example_nested_branch_dag to 2023-12-19T00:00:00+00:00, run_after=2023-12-20T00:00:00+00:00
[2023-12-20T23:01:23.351+0000] {processor.py:183} INFO - Processing /home/airflow/.local/lib/python3.8/site-packages/airflow/example_dags/example_nested_branch_dag.py took 2.147 seconds
[2023-12-20T23:02:29.620+0000] {processor.py:161} INFO - Started process (PID=2203) to work on /home/airflow/.local/lib/python3.8/site-packages/airflow/example_dags/example_nested_branch_dag.py
[2023-12-20T23:02:29.627+0000] {processor.py:830} INFO - Processing file /home/airflow/.local/lib/python3.8/site-packages/airflow/example_dags/example_nested_branch_dag.py for tasks to queue
[2023-12-20T23:02:29.650+0000] {logging_mixin.py:188} INFO - [2023-12-20T23:02:29.647+0000] {dagbag.py:538} INFO - Filling up the DagBag from /home/airflow/.local/lib/python3.8/site-packages/airflow/example_dags/example_nested_branch_dag.py
[2023-12-20T23:02:29.776+0000] {processor.py:840} INFO - DAG(s) 'example_nested_branch_dag' retrieved from /home/airflow/.local/lib/python3.8/site-packages/airflow/example_dags/example_nested_branch_dag.py
[2023-12-20T23:02:30.812+0000] {logging_mixin.py:188} INFO - [2023-12-20T23:02:30.811+0000] {dag.py:3033} INFO - Sync 1 DAGs
[2023-12-20T23:02:30.928+0000] {logging_mixin.py:188} INFO - [2023-12-20T23:02:30.928+0000] {dag.py:3820} INFO - Setting next_dagrun for example_nested_branch_dag to 2023-12-19T00:00:00+00:00, run_after=2023-12-20T00:00:00+00:00
[2023-12-20T23:02:31.028+0000] {processor.py:183} INFO - Processing /home/airflow/.local/lib/python3.8/site-packages/airflow/example_dags/example_nested_branch_dag.py took 1.474 seconds
[2023-12-20T23:03:26.179+0000] {processor.py:161} INFO - Started process (PID=2265) to work on /home/airflow/.local/lib/python3.8/site-packages/airflow/example_dags/example_nested_branch_dag.py
[2023-12-20T23:03:26.197+0000] {processor.py:830} INFO - Processing file /home/airflow/.local/lib/python3.8/site-packages/airflow/example_dags/example_nested_branch_dag.py for tasks to queue
[2023-12-20T23:03:26.215+0000] {logging_mixin.py:188} INFO - [2023-12-20T23:03:26.214+0000] {dagbag.py:538} INFO - Filling up the DagBag from /home/airflow/.local/lib/python3.8/site-packages/airflow/example_dags/example_nested_branch_dag.py
[2023-12-20T23:03:26.306+0000] {processor.py:840} INFO - DAG(s) 'example_nested_branch_dag' retrieved from /home/airflow/.local/lib/python3.8/site-packages/airflow/example_dags/example_nested_branch_dag.py
[2023-12-20T23:03:26.504+0000] {logging_mixin.py:188} INFO - [2023-12-20T23:03:26.503+0000] {dag.py:3033} INFO - Sync 1 DAGs
[2023-12-20T23:03:26.735+0000] {logging_mixin.py:188} INFO - [2023-12-20T23:03:26.734+0000] {dag.py:3820} INFO - Setting next_dagrun for example_nested_branch_dag to 2023-12-19T00:00:00+00:00, run_after=2023-12-20T00:00:00+00:00
[2023-12-20T23:03:26.879+0000] {processor.py:183} INFO - Processing /home/airflow/.local/lib/python3.8/site-packages/airflow/example_dags/example_nested_branch_dag.py took 0.763 seconds
[2023-12-20T23:05:49.577+0000] {processor.py:161} INFO - Started process (PID=2319) to work on /home/airflow/.local/lib/python3.8/site-packages/airflow/example_dags/example_nested_branch_dag.py
[2023-12-20T23:05:49.596+0000] {processor.py:830} INFO - Processing file /home/airflow/.local/lib/python3.8/site-packages/airflow/example_dags/example_nested_branch_dag.py for tasks to queue
[2023-12-20T23:05:49.796+0000] {logging_mixin.py:188} INFO - [2023-12-20T23:05:49.791+0000] {dagbag.py:538} INFO - Filling up the DagBag from /home/airflow/.local/lib/python3.8/site-packages/airflow/example_dags/example_nested_branch_dag.py
[2023-12-20T23:05:50.146+0000] {processor.py:840} INFO - DAG(s) 'example_nested_branch_dag' retrieved from /home/airflow/.local/lib/python3.8/site-packages/airflow/example_dags/example_nested_branch_dag.py
[2023-12-20T23:05:50.979+0000] {logging_mixin.py:188} INFO - [2023-12-20T23:05:50.964+0000] {dag.py:3033} INFO - Sync 1 DAGs
[2023-12-20T23:05:51.732+0000] {logging_mixin.py:188} INFO - [2023-12-20T23:05:51.716+0000] {dag.py:3820} INFO - Setting next_dagrun for example_nested_branch_dag to 2023-12-19T00:00:00+00:00, run_after=2023-12-20T00:00:00+00:00
[2023-12-20T23:05:51.911+0000] {processor.py:183} INFO - Processing /home/airflow/.local/lib/python3.8/site-packages/airflow/example_dags/example_nested_branch_dag.py took 2.560 seconds
