[2023-12-20T22:38:21.680+0000] {processor.py:161} INFO - Started process (PID=54) to work on /home/airflow/.local/lib/python3.8/site-packages/airflow/example_dags/example_latest_only.py
[2023-12-20T22:38:21.706+0000] {processor.py:830} INFO - Processing file /home/airflow/.local/lib/python3.8/site-packages/airflow/example_dags/example_latest_only.py for tasks to queue
[2023-12-20T22:38:21.788+0000] {logging_mixin.py:188} INFO - [2023-12-20T22:38:21.787+0000] {dagbag.py:538} INFO - Filling up the DagBag from /home/airflow/.local/lib/python3.8/site-packages/airflow/example_dags/example_latest_only.py
[2023-12-20T22:38:21.931+0000] {processor.py:840} INFO - DAG(s) 'latest_only' retrieved from /home/airflow/.local/lib/python3.8/site-packages/airflow/example_dags/example_latest_only.py
[2023-12-20T22:38:22.579+0000] {logging_mixin.py:188} INFO - [2023-12-20T22:38:22.578+0000] {dag.py:3033} INFO - Sync 1 DAGs
[2023-12-20T22:38:22.716+0000] {logging_mixin.py:188} INFO - [2023-12-20T22:38:22.716+0000] {dag.py:3820} INFO - Setting next_dagrun for latest_only to 2023-12-20T16:00:00+00:00, run_after=2023-12-20T20:00:00+00:00
[2023-12-20T22:38:23.012+0000] {processor.py:183} INFO - Processing /home/airflow/.local/lib/python3.8/site-packages/airflow/example_dags/example_latest_only.py took 1.356 seconds
[2023-12-20T22:38:53.341+0000] {processor.py:161} INFO - Started process (PID=109) to work on /home/airflow/.local/lib/python3.8/site-packages/airflow/example_dags/example_latest_only.py
[2023-12-20T22:38:53.344+0000] {processor.py:830} INFO - Processing file /home/airflow/.local/lib/python3.8/site-packages/airflow/example_dags/example_latest_only.py for tasks to queue
[2023-12-20T22:38:53.349+0000] {logging_mixin.py:188} INFO - [2023-12-20T22:38:53.349+0000] {dagbag.py:538} INFO - Filling up the DagBag from /home/airflow/.local/lib/python3.8/site-packages/airflow/example_dags/example_latest_only.py
[2023-12-20T22:38:53.362+0000] {processor.py:840} INFO - DAG(s) 'latest_only' retrieved from /home/airflow/.local/lib/python3.8/site-packages/airflow/example_dags/example_latest_only.py
[2023-12-20T22:38:53.437+0000] {logging_mixin.py:188} INFO - [2023-12-20T22:38:53.437+0000] {dag.py:3033} INFO - Sync 1 DAGs
[2023-12-20T22:38:53.487+0000] {logging_mixin.py:188} INFO - [2023-12-20T22:38:53.486+0000] {dag.py:3820} INFO - Setting next_dagrun for latest_only to 2023-12-20T16:00:00+00:00, run_after=2023-12-20T20:00:00+00:00
[2023-12-20T22:38:53.559+0000] {processor.py:183} INFO - Processing /home/airflow/.local/lib/python3.8/site-packages/airflow/example_dags/example_latest_only.py took 0.225 seconds
[2023-12-20T22:39:23.715+0000] {processor.py:161} INFO - Started process (PID=164) to work on /home/airflow/.local/lib/python3.8/site-packages/airflow/example_dags/example_latest_only.py
[2023-12-20T22:39:23.716+0000] {processor.py:830} INFO - Processing file /home/airflow/.local/lib/python3.8/site-packages/airflow/example_dags/example_latest_only.py for tasks to queue
[2023-12-20T22:39:23.719+0000] {logging_mixin.py:188} INFO - [2023-12-20T22:39:23.719+0000] {dagbag.py:538} INFO - Filling up the DagBag from /home/airflow/.local/lib/python3.8/site-packages/airflow/example_dags/example_latest_only.py
[2023-12-20T22:39:23.724+0000] {processor.py:840} INFO - DAG(s) 'latest_only' retrieved from /home/airflow/.local/lib/python3.8/site-packages/airflow/example_dags/example_latest_only.py
[2023-12-20T22:39:23.747+0000] {logging_mixin.py:188} INFO - [2023-12-20T22:39:23.747+0000] {dag.py:3033} INFO - Sync 1 DAGs
[2023-12-20T22:39:23.765+0000] {logging_mixin.py:188} INFO - [2023-12-20T22:39:23.765+0000] {dag.py:3820} INFO - Setting next_dagrun for latest_only to 2023-12-20T16:00:00+00:00, run_after=2023-12-20T20:00:00+00:00
[2023-12-20T22:39:23.778+0000] {processor.py:183} INFO - Processing /home/airflow/.local/lib/python3.8/site-packages/airflow/example_dags/example_latest_only.py took 0.068 seconds
[2023-12-20T22:39:54.603+0000] {processor.py:161} INFO - Started process (PID=220) to work on /home/airflow/.local/lib/python3.8/site-packages/airflow/example_dags/example_latest_only.py
[2023-12-20T22:39:54.608+0000] {processor.py:830} INFO - Processing file /home/airflow/.local/lib/python3.8/site-packages/airflow/example_dags/example_latest_only.py for tasks to queue
[2023-12-20T22:39:54.612+0000] {logging_mixin.py:188} INFO - [2023-12-20T22:39:54.611+0000] {dagbag.py:538} INFO - Filling up the DagBag from /home/airflow/.local/lib/python3.8/site-packages/airflow/example_dags/example_latest_only.py
[2023-12-20T22:39:54.626+0000] {processor.py:840} INFO - DAG(s) 'latest_only' retrieved from /home/airflow/.local/lib/python3.8/site-packages/airflow/example_dags/example_latest_only.py
[2023-12-20T22:39:54.667+0000] {logging_mixin.py:188} INFO - [2023-12-20T22:39:54.667+0000] {dag.py:3033} INFO - Sync 1 DAGs
[2023-12-20T22:39:54.693+0000] {logging_mixin.py:188} INFO - [2023-12-20T22:39:54.693+0000] {dag.py:3820} INFO - Setting next_dagrun for latest_only to 2023-12-20T16:00:00+00:00, run_after=2023-12-20T20:00:00+00:00
[2023-12-20T22:39:54.711+0000] {processor.py:183} INFO - Processing /home/airflow/.local/lib/python3.8/site-packages/airflow/example_dags/example_latest_only.py took 0.116 seconds
[2023-12-20T22:40:25.082+0000] {processor.py:161} INFO - Started process (PID=275) to work on /home/airflow/.local/lib/python3.8/site-packages/airflow/example_dags/example_latest_only.py
[2023-12-20T22:40:25.084+0000] {processor.py:830} INFO - Processing file /home/airflow/.local/lib/python3.8/site-packages/airflow/example_dags/example_latest_only.py for tasks to queue
[2023-12-20T22:40:25.086+0000] {logging_mixin.py:188} INFO - [2023-12-20T22:40:25.086+0000] {dagbag.py:538} INFO - Filling up the DagBag from /home/airflow/.local/lib/python3.8/site-packages/airflow/example_dags/example_latest_only.py
[2023-12-20T22:40:25.094+0000] {processor.py:840} INFO - DAG(s) 'latest_only' retrieved from /home/airflow/.local/lib/python3.8/site-packages/airflow/example_dags/example_latest_only.py
[2023-12-20T22:40:25.121+0000] {logging_mixin.py:188} INFO - [2023-12-20T22:40:25.120+0000] {dag.py:3033} INFO - Sync 1 DAGs
[2023-12-20T22:40:25.143+0000] {logging_mixin.py:188} INFO - [2023-12-20T22:40:25.143+0000] {dag.py:3820} INFO - Setting next_dagrun for latest_only to 2023-12-20T16:00:00+00:00, run_after=2023-12-20T20:00:00+00:00
[2023-12-20T22:40:25.161+0000] {processor.py:183} INFO - Processing /home/airflow/.local/lib/python3.8/site-packages/airflow/example_dags/example_latest_only.py took 0.082 seconds
[2023-12-20T22:40:55.265+0000] {processor.py:161} INFO - Started process (PID=330) to work on /home/airflow/.local/lib/python3.8/site-packages/airflow/example_dags/example_latest_only.py
[2023-12-20T22:40:55.266+0000] {processor.py:830} INFO - Processing file /home/airflow/.local/lib/python3.8/site-packages/airflow/example_dags/example_latest_only.py for tasks to queue
[2023-12-20T22:40:55.269+0000] {logging_mixin.py:188} INFO - [2023-12-20T22:40:55.269+0000] {dagbag.py:538} INFO - Filling up the DagBag from /home/airflow/.local/lib/python3.8/site-packages/airflow/example_dags/example_latest_only.py
[2023-12-20T22:40:55.275+0000] {processor.py:840} INFO - DAG(s) 'latest_only' retrieved from /home/airflow/.local/lib/python3.8/site-packages/airflow/example_dags/example_latest_only.py
[2023-12-20T22:40:55.296+0000] {logging_mixin.py:188} INFO - [2023-12-20T22:40:55.296+0000] {dag.py:3033} INFO - Sync 1 DAGs
[2023-12-20T22:40:55.314+0000] {logging_mixin.py:188} INFO - [2023-12-20T22:40:55.313+0000] {dag.py:3820} INFO - Setting next_dagrun for latest_only to 2023-12-20T16:00:00+00:00, run_after=2023-12-20T20:00:00+00:00
[2023-12-20T22:40:55.326+0000] {processor.py:183} INFO - Processing /home/airflow/.local/lib/python3.8/site-packages/airflow/example_dags/example_latest_only.py took 0.065 seconds
[2023-12-20T22:41:25.572+0000] {processor.py:161} INFO - Started process (PID=384) to work on /home/airflow/.local/lib/python3.8/site-packages/airflow/example_dags/example_latest_only.py
[2023-12-20T22:41:25.573+0000] {processor.py:830} INFO - Processing file /home/airflow/.local/lib/python3.8/site-packages/airflow/example_dags/example_latest_only.py for tasks to queue
[2023-12-20T22:41:25.576+0000] {logging_mixin.py:188} INFO - [2023-12-20T22:41:25.576+0000] {dagbag.py:538} INFO - Filling up the DagBag from /home/airflow/.local/lib/python3.8/site-packages/airflow/example_dags/example_latest_only.py
[2023-12-20T22:41:25.582+0000] {processor.py:840} INFO - DAG(s) 'latest_only' retrieved from /home/airflow/.local/lib/python3.8/site-packages/airflow/example_dags/example_latest_only.py
[2023-12-20T22:41:25.603+0000] {logging_mixin.py:188} INFO - [2023-12-20T22:41:25.603+0000] {dag.py:3033} INFO - Sync 1 DAGs
[2023-12-20T22:41:25.621+0000] {logging_mixin.py:188} INFO - [2023-12-20T22:41:25.621+0000] {dag.py:3820} INFO - Setting next_dagrun for latest_only to 2023-12-20T16:00:00+00:00, run_after=2023-12-20T20:00:00+00:00
[2023-12-20T22:41:25.633+0000] {processor.py:183} INFO - Processing /home/airflow/.local/lib/python3.8/site-packages/airflow/example_dags/example_latest_only.py took 0.065 seconds
[2023-12-20T22:41:55.902+0000] {processor.py:161} INFO - Started process (PID=439) to work on /home/airflow/.local/lib/python3.8/site-packages/airflow/example_dags/example_latest_only.py
[2023-12-20T22:41:55.904+0000] {processor.py:830} INFO - Processing file /home/airflow/.local/lib/python3.8/site-packages/airflow/example_dags/example_latest_only.py for tasks to queue
[2023-12-20T22:41:55.907+0000] {logging_mixin.py:188} INFO - [2023-12-20T22:41:55.907+0000] {dagbag.py:538} INFO - Filling up the DagBag from /home/airflow/.local/lib/python3.8/site-packages/airflow/example_dags/example_latest_only.py
[2023-12-20T22:41:55.913+0000] {processor.py:840} INFO - DAG(s) 'latest_only' retrieved from /home/airflow/.local/lib/python3.8/site-packages/airflow/example_dags/example_latest_only.py
[2023-12-20T22:41:55.937+0000] {logging_mixin.py:188} INFO - [2023-12-20T22:41:55.937+0000] {dag.py:3033} INFO - Sync 1 DAGs
[2023-12-20T22:41:55.956+0000] {logging_mixin.py:188} INFO - [2023-12-20T22:41:55.956+0000] {dag.py:3820} INFO - Setting next_dagrun for latest_only to 2023-12-20T16:00:00+00:00, run_after=2023-12-20T20:00:00+00:00
[2023-12-20T22:41:55.970+0000] {processor.py:183} INFO - Processing /home/airflow/.local/lib/python3.8/site-packages/airflow/example_dags/example_latest_only.py took 0.072 seconds
[2023-12-20T22:42:26.184+0000] {processor.py:161} INFO - Started process (PID=494) to work on /home/airflow/.local/lib/python3.8/site-packages/airflow/example_dags/example_latest_only.py
[2023-12-20T22:42:26.186+0000] {processor.py:830} INFO - Processing file /home/airflow/.local/lib/python3.8/site-packages/airflow/example_dags/example_latest_only.py for tasks to queue
[2023-12-20T22:42:26.189+0000] {logging_mixin.py:188} INFO - [2023-12-20T22:42:26.189+0000] {dagbag.py:538} INFO - Filling up the DagBag from /home/airflow/.local/lib/python3.8/site-packages/airflow/example_dags/example_latest_only.py
[2023-12-20T22:42:26.196+0000] {processor.py:840} INFO - DAG(s) 'latest_only' retrieved from /home/airflow/.local/lib/python3.8/site-packages/airflow/example_dags/example_latest_only.py
[2023-12-20T22:42:26.221+0000] {logging_mixin.py:188} INFO - [2023-12-20T22:42:26.221+0000] {dag.py:3033} INFO - Sync 1 DAGs
[2023-12-20T22:42:26.242+0000] {logging_mixin.py:188} INFO - [2023-12-20T22:42:26.242+0000] {dag.py:3820} INFO - Setting next_dagrun for latest_only to 2023-12-20T16:00:00+00:00, run_after=2023-12-20T20:00:00+00:00
[2023-12-20T22:42:26.267+0000] {processor.py:183} INFO - Processing /home/airflow/.local/lib/python3.8/site-packages/airflow/example_dags/example_latest_only.py took 0.087 seconds
[2023-12-20T22:42:56.503+0000] {processor.py:161} INFO - Started process (PID=548) to work on /home/airflow/.local/lib/python3.8/site-packages/airflow/example_dags/example_latest_only.py
[2023-12-20T22:42:56.505+0000] {processor.py:830} INFO - Processing file /home/airflow/.local/lib/python3.8/site-packages/airflow/example_dags/example_latest_only.py for tasks to queue
[2023-12-20T22:42:56.508+0000] {logging_mixin.py:188} INFO - [2023-12-20T22:42:56.508+0000] {dagbag.py:538} INFO - Filling up the DagBag from /home/airflow/.local/lib/python3.8/site-packages/airflow/example_dags/example_latest_only.py
[2023-12-20T22:42:56.514+0000] {processor.py:840} INFO - DAG(s) 'latest_only' retrieved from /home/airflow/.local/lib/python3.8/site-packages/airflow/example_dags/example_latest_only.py
[2023-12-20T22:42:56.535+0000] {logging_mixin.py:188} INFO - [2023-12-20T22:42:56.535+0000] {dag.py:3033} INFO - Sync 1 DAGs
[2023-12-20T22:42:56.553+0000] {logging_mixin.py:188} INFO - [2023-12-20T22:42:56.553+0000] {dag.py:3820} INFO - Setting next_dagrun for latest_only to 2023-12-20T16:00:00+00:00, run_after=2023-12-20T20:00:00+00:00
[2023-12-20T22:42:56.567+0000] {processor.py:183} INFO - Processing /home/airflow/.local/lib/python3.8/site-packages/airflow/example_dags/example_latest_only.py took 0.068 seconds
[2023-12-20T22:43:26.982+0000] {processor.py:161} INFO - Started process (PID=603) to work on /home/airflow/.local/lib/python3.8/site-packages/airflow/example_dags/example_latest_only.py
[2023-12-20T22:43:26.984+0000] {processor.py:830} INFO - Processing file /home/airflow/.local/lib/python3.8/site-packages/airflow/example_dags/example_latest_only.py for tasks to queue
[2023-12-20T22:43:26.987+0000] {logging_mixin.py:188} INFO - [2023-12-20T22:43:26.986+0000] {dagbag.py:538} INFO - Filling up the DagBag from /home/airflow/.local/lib/python3.8/site-packages/airflow/example_dags/example_latest_only.py
[2023-12-20T22:43:26.992+0000] {processor.py:840} INFO - DAG(s) 'latest_only' retrieved from /home/airflow/.local/lib/python3.8/site-packages/airflow/example_dags/example_latest_only.py
[2023-12-20T22:43:27.015+0000] {logging_mixin.py:188} INFO - [2023-12-20T22:43:27.015+0000] {dag.py:3033} INFO - Sync 1 DAGs
[2023-12-20T22:43:27.034+0000] {logging_mixin.py:188} INFO - [2023-12-20T22:43:27.033+0000] {dag.py:3820} INFO - Setting next_dagrun for latest_only to 2023-12-20T16:00:00+00:00, run_after=2023-12-20T20:00:00+00:00
[2023-12-20T22:43:27.049+0000] {processor.py:183} INFO - Processing /home/airflow/.local/lib/python3.8/site-packages/airflow/example_dags/example_latest_only.py took 0.070 seconds
[2023-12-20T22:43:57.397+0000] {processor.py:161} INFO - Started process (PID=658) to work on /home/airflow/.local/lib/python3.8/site-packages/airflow/example_dags/example_latest_only.py
[2023-12-20T22:43:57.398+0000] {processor.py:830} INFO - Processing file /home/airflow/.local/lib/python3.8/site-packages/airflow/example_dags/example_latest_only.py for tasks to queue
[2023-12-20T22:43:57.401+0000] {logging_mixin.py:188} INFO - [2023-12-20T22:43:57.401+0000] {dagbag.py:538} INFO - Filling up the DagBag from /home/airflow/.local/lib/python3.8/site-packages/airflow/example_dags/example_latest_only.py
[2023-12-20T22:43:57.406+0000] {processor.py:840} INFO - DAG(s) 'latest_only' retrieved from /home/airflow/.local/lib/python3.8/site-packages/airflow/example_dags/example_latest_only.py
[2023-12-20T22:43:57.429+0000] {logging_mixin.py:188} INFO - [2023-12-20T22:43:57.428+0000] {dag.py:3033} INFO - Sync 1 DAGs
[2023-12-20T22:43:57.447+0000] {logging_mixin.py:188} INFO - [2023-12-20T22:43:57.447+0000] {dag.py:3820} INFO - Setting next_dagrun for latest_only to 2023-12-20T16:00:00+00:00, run_after=2023-12-20T20:00:00+00:00
[2023-12-20T22:43:57.461+0000] {processor.py:183} INFO - Processing /home/airflow/.local/lib/python3.8/site-packages/airflow/example_dags/example_latest_only.py took 0.069 seconds
[2023-12-20T22:44:27.723+0000] {processor.py:161} INFO - Started process (PID=713) to work on /home/airflow/.local/lib/python3.8/site-packages/airflow/example_dags/example_latest_only.py
[2023-12-20T22:44:27.724+0000] {processor.py:830} INFO - Processing file /home/airflow/.local/lib/python3.8/site-packages/airflow/example_dags/example_latest_only.py for tasks to queue
[2023-12-20T22:44:27.727+0000] {logging_mixin.py:188} INFO - [2023-12-20T22:44:27.727+0000] {dagbag.py:538} INFO - Filling up the DagBag from /home/airflow/.local/lib/python3.8/site-packages/airflow/example_dags/example_latest_only.py
[2023-12-20T22:44:27.732+0000] {processor.py:840} INFO - DAG(s) 'latest_only' retrieved from /home/airflow/.local/lib/python3.8/site-packages/airflow/example_dags/example_latest_only.py
[2023-12-20T22:44:27.759+0000] {logging_mixin.py:188} INFO - [2023-12-20T22:44:27.759+0000] {dag.py:3033} INFO - Sync 1 DAGs
[2023-12-20T22:44:27.787+0000] {logging_mixin.py:188} INFO - [2023-12-20T22:44:27.787+0000] {dag.py:3820} INFO - Setting next_dagrun for latest_only to 2023-12-20T16:00:00+00:00, run_after=2023-12-20T20:00:00+00:00
[2023-12-20T22:44:27.813+0000] {processor.py:183} INFO - Processing /home/airflow/.local/lib/python3.8/site-packages/airflow/example_dags/example_latest_only.py took 0.094 seconds
[2023-12-20T22:44:58.551+0000] {processor.py:161} INFO - Started process (PID=768) to work on /home/airflow/.local/lib/python3.8/site-packages/airflow/example_dags/example_latest_only.py
[2023-12-20T22:44:58.553+0000] {processor.py:830} INFO - Processing file /home/airflow/.local/lib/python3.8/site-packages/airflow/example_dags/example_latest_only.py for tasks to queue
[2023-12-20T22:44:58.555+0000] {logging_mixin.py:188} INFO - [2023-12-20T22:44:58.555+0000] {dagbag.py:538} INFO - Filling up the DagBag from /home/airflow/.local/lib/python3.8/site-packages/airflow/example_dags/example_latest_only.py
[2023-12-20T22:44:58.561+0000] {processor.py:840} INFO - DAG(s) 'latest_only' retrieved from /home/airflow/.local/lib/python3.8/site-packages/airflow/example_dags/example_latest_only.py
[2023-12-20T22:44:58.586+0000] {logging_mixin.py:188} INFO - [2023-12-20T22:44:58.586+0000] {dag.py:3033} INFO - Sync 1 DAGs
[2023-12-20T22:44:58.608+0000] {logging_mixin.py:188} INFO - [2023-12-20T22:44:58.608+0000] {dag.py:3820} INFO - Setting next_dagrun for latest_only to 2023-12-20T16:00:00+00:00, run_after=2023-12-20T20:00:00+00:00
[2023-12-20T22:44:58.626+0000] {processor.py:183} INFO - Processing /home/airflow/.local/lib/python3.8/site-packages/airflow/example_dags/example_latest_only.py took 0.077 seconds
[2023-12-20T22:45:28.864+0000] {processor.py:161} INFO - Started process (PID=824) to work on /home/airflow/.local/lib/python3.8/site-packages/airflow/example_dags/example_latest_only.py
[2023-12-20T22:45:28.865+0000] {processor.py:830} INFO - Processing file /home/airflow/.local/lib/python3.8/site-packages/airflow/example_dags/example_latest_only.py for tasks to queue
[2023-12-20T22:45:28.870+0000] {logging_mixin.py:188} INFO - [2023-12-20T22:45:28.869+0000] {dagbag.py:538} INFO - Filling up the DagBag from /home/airflow/.local/lib/python3.8/site-packages/airflow/example_dags/example_latest_only.py
[2023-12-20T22:45:28.877+0000] {processor.py:840} INFO - DAG(s) 'latest_only' retrieved from /home/airflow/.local/lib/python3.8/site-packages/airflow/example_dags/example_latest_only.py
[2023-12-20T22:45:28.908+0000] {logging_mixin.py:188} INFO - [2023-12-20T22:45:28.908+0000] {dag.py:3033} INFO - Sync 1 DAGs
[2023-12-20T22:45:28.931+0000] {logging_mixin.py:188} INFO - [2023-12-20T22:45:28.931+0000] {dag.py:3820} INFO - Setting next_dagrun for latest_only to 2023-12-20T16:00:00+00:00, run_after=2023-12-20T20:00:00+00:00
[2023-12-20T22:45:28.946+0000] {processor.py:183} INFO - Processing /home/airflow/.local/lib/python3.8/site-packages/airflow/example_dags/example_latest_only.py took 0.090 seconds
[2023-12-20T22:45:59.502+0000] {processor.py:161} INFO - Started process (PID=879) to work on /home/airflow/.local/lib/python3.8/site-packages/airflow/example_dags/example_latest_only.py
[2023-12-20T22:45:59.504+0000] {processor.py:830} INFO - Processing file /home/airflow/.local/lib/python3.8/site-packages/airflow/example_dags/example_latest_only.py for tasks to queue
[2023-12-20T22:45:59.507+0000] {logging_mixin.py:188} INFO - [2023-12-20T22:45:59.507+0000] {dagbag.py:538} INFO - Filling up the DagBag from /home/airflow/.local/lib/python3.8/site-packages/airflow/example_dags/example_latest_only.py
[2023-12-20T22:45:59.514+0000] {processor.py:840} INFO - DAG(s) 'latest_only' retrieved from /home/airflow/.local/lib/python3.8/site-packages/airflow/example_dags/example_latest_only.py
[2023-12-20T22:45:59.542+0000] {logging_mixin.py:188} INFO - [2023-12-20T22:45:59.542+0000] {dag.py:3033} INFO - Sync 1 DAGs
[2023-12-20T22:45:59.566+0000] {logging_mixin.py:188} INFO - [2023-12-20T22:45:59.565+0000] {dag.py:3820} INFO - Setting next_dagrun for latest_only to 2023-12-20T16:00:00+00:00, run_after=2023-12-20T20:00:00+00:00
[2023-12-20T22:45:59.581+0000] {processor.py:183} INFO - Processing /home/airflow/.local/lib/python3.8/site-packages/airflow/example_dags/example_latest_only.py took 0.084 seconds
[2023-12-20T22:46:30.427+0000] {processor.py:161} INFO - Started process (PID=934) to work on /home/airflow/.local/lib/python3.8/site-packages/airflow/example_dags/example_latest_only.py
[2023-12-20T22:46:30.429+0000] {processor.py:830} INFO - Processing file /home/airflow/.local/lib/python3.8/site-packages/airflow/example_dags/example_latest_only.py for tasks to queue
[2023-12-20T22:46:30.434+0000] {logging_mixin.py:188} INFO - [2023-12-20T22:46:30.433+0000] {dagbag.py:538} INFO - Filling up the DagBag from /home/airflow/.local/lib/python3.8/site-packages/airflow/example_dags/example_latest_only.py
[2023-12-20T22:46:30.442+0000] {processor.py:840} INFO - DAG(s) 'latest_only' retrieved from /home/airflow/.local/lib/python3.8/site-packages/airflow/example_dags/example_latest_only.py
[2023-12-20T22:46:30.499+0000] {logging_mixin.py:188} INFO - [2023-12-20T22:46:30.499+0000] {dag.py:3033} INFO - Sync 1 DAGs
[2023-12-20T22:46:30.545+0000] {logging_mixin.py:188} INFO - [2023-12-20T22:46:30.545+0000] {dag.py:3820} INFO - Setting next_dagrun for latest_only to 2023-12-20T16:00:00+00:00, run_after=2023-12-20T20:00:00+00:00
[2023-12-20T22:46:30.565+0000] {processor.py:183} INFO - Processing /home/airflow/.local/lib/python3.8/site-packages/airflow/example_dags/example_latest_only.py took 0.146 seconds
[2023-12-20T22:47:01.192+0000] {processor.py:161} INFO - Started process (PID=989) to work on /home/airflow/.local/lib/python3.8/site-packages/airflow/example_dags/example_latest_only.py
[2023-12-20T22:47:01.193+0000] {processor.py:830} INFO - Processing file /home/airflow/.local/lib/python3.8/site-packages/airflow/example_dags/example_latest_only.py for tasks to queue
[2023-12-20T22:47:01.196+0000] {logging_mixin.py:188} INFO - [2023-12-20T22:47:01.196+0000] {dagbag.py:538} INFO - Filling up the DagBag from /home/airflow/.local/lib/python3.8/site-packages/airflow/example_dags/example_latest_only.py
[2023-12-20T22:47:01.202+0000] {processor.py:840} INFO - DAG(s) 'latest_only' retrieved from /home/airflow/.local/lib/python3.8/site-packages/airflow/example_dags/example_latest_only.py
[2023-12-20T22:47:01.225+0000] {logging_mixin.py:188} INFO - [2023-12-20T22:47:01.225+0000] {dag.py:3033} INFO - Sync 1 DAGs
[2023-12-20T22:47:01.245+0000] {logging_mixin.py:188} INFO - [2023-12-20T22:47:01.245+0000] {dag.py:3820} INFO - Setting next_dagrun for latest_only to 2023-12-20T16:00:00+00:00, run_after=2023-12-20T20:00:00+00:00
[2023-12-20T22:47:01.267+0000] {processor.py:183} INFO - Processing /home/airflow/.local/lib/python3.8/site-packages/airflow/example_dags/example_latest_only.py took 0.079 seconds
[2023-12-20T22:47:31.659+0000] {processor.py:161} INFO - Started process (PID=1044) to work on /home/airflow/.local/lib/python3.8/site-packages/airflow/example_dags/example_latest_only.py
[2023-12-20T22:47:31.660+0000] {processor.py:830} INFO - Processing file /home/airflow/.local/lib/python3.8/site-packages/airflow/example_dags/example_latest_only.py for tasks to queue
[2023-12-20T22:47:31.663+0000] {logging_mixin.py:188} INFO - [2023-12-20T22:47:31.662+0000] {dagbag.py:538} INFO - Filling up the DagBag from /home/airflow/.local/lib/python3.8/site-packages/airflow/example_dags/example_latest_only.py
[2023-12-20T22:47:31.668+0000] {processor.py:840} INFO - DAG(s) 'latest_only' retrieved from /home/airflow/.local/lib/python3.8/site-packages/airflow/example_dags/example_latest_only.py
[2023-12-20T22:47:31.689+0000] {logging_mixin.py:188} INFO - [2023-12-20T22:47:31.689+0000] {dag.py:3033} INFO - Sync 1 DAGs
[2023-12-20T22:47:31.707+0000] {logging_mixin.py:188} INFO - [2023-12-20T22:47:31.707+0000] {dag.py:3820} INFO - Setting next_dagrun for latest_only to 2023-12-20T16:00:00+00:00, run_after=2023-12-20T20:00:00+00:00
[2023-12-20T22:47:31.721+0000] {processor.py:183} INFO - Processing /home/airflow/.local/lib/python3.8/site-packages/airflow/example_dags/example_latest_only.py took 0.066 seconds
[2023-12-20T22:48:02.358+0000] {processor.py:161} INFO - Started process (PID=1098) to work on /home/airflow/.local/lib/python3.8/site-packages/airflow/example_dags/example_latest_only.py
[2023-12-20T22:48:02.359+0000] {processor.py:830} INFO - Processing file /home/airflow/.local/lib/python3.8/site-packages/airflow/example_dags/example_latest_only.py for tasks to queue
[2023-12-20T22:48:02.363+0000] {logging_mixin.py:188} INFO - [2023-12-20T22:48:02.362+0000] {dagbag.py:538} INFO - Filling up the DagBag from /home/airflow/.local/lib/python3.8/site-packages/airflow/example_dags/example_latest_only.py
[2023-12-20T22:48:02.372+0000] {processor.py:840} INFO - DAG(s) 'latest_only' retrieved from /home/airflow/.local/lib/python3.8/site-packages/airflow/example_dags/example_latest_only.py
[2023-12-20T22:48:02.396+0000] {logging_mixin.py:188} INFO - [2023-12-20T22:48:02.396+0000] {dag.py:3033} INFO - Sync 1 DAGs
[2023-12-20T22:48:02.415+0000] {logging_mixin.py:188} INFO - [2023-12-20T22:48:02.415+0000] {dag.py:3820} INFO - Setting next_dagrun for latest_only to 2023-12-20T16:00:00+00:00, run_after=2023-12-20T20:00:00+00:00
[2023-12-20T22:48:02.429+0000] {processor.py:183} INFO - Processing /home/airflow/.local/lib/python3.8/site-packages/airflow/example_dags/example_latest_only.py took 0.075 seconds
[2023-12-20T22:48:32.655+0000] {processor.py:161} INFO - Started process (PID=1153) to work on /home/airflow/.local/lib/python3.8/site-packages/airflow/example_dags/example_latest_only.py
[2023-12-20T22:48:32.656+0000] {processor.py:830} INFO - Processing file /home/airflow/.local/lib/python3.8/site-packages/airflow/example_dags/example_latest_only.py for tasks to queue
[2023-12-20T22:48:32.659+0000] {logging_mixin.py:188} INFO - [2023-12-20T22:48:32.658+0000] {dagbag.py:538} INFO - Filling up the DagBag from /home/airflow/.local/lib/python3.8/site-packages/airflow/example_dags/example_latest_only.py
[2023-12-20T22:48:32.664+0000] {processor.py:840} INFO - DAG(s) 'latest_only' retrieved from /home/airflow/.local/lib/python3.8/site-packages/airflow/example_dags/example_latest_only.py
[2023-12-20T22:48:32.687+0000] {logging_mixin.py:188} INFO - [2023-12-20T22:48:32.687+0000] {dag.py:3033} INFO - Sync 1 DAGs
[2023-12-20T22:48:32.705+0000] {logging_mixin.py:188} INFO - [2023-12-20T22:48:32.705+0000] {dag.py:3820} INFO - Setting next_dagrun for latest_only to 2023-12-20T16:00:00+00:00, run_after=2023-12-20T20:00:00+00:00
[2023-12-20T22:48:32.718+0000] {processor.py:183} INFO - Processing /home/airflow/.local/lib/python3.8/site-packages/airflow/example_dags/example_latest_only.py took 0.067 seconds
[2023-12-20T22:49:02.891+0000] {processor.py:161} INFO - Started process (PID=1207) to work on /home/airflow/.local/lib/python3.8/site-packages/airflow/example_dags/example_latest_only.py
[2023-12-20T22:49:02.893+0000] {processor.py:830} INFO - Processing file /home/airflow/.local/lib/python3.8/site-packages/airflow/example_dags/example_latest_only.py for tasks to queue
[2023-12-20T22:49:02.896+0000] {logging_mixin.py:188} INFO - [2023-12-20T22:49:02.895+0000] {dagbag.py:538} INFO - Filling up the DagBag from /home/airflow/.local/lib/python3.8/site-packages/airflow/example_dags/example_latest_only.py
[2023-12-20T22:49:02.903+0000] {processor.py:840} INFO - DAG(s) 'latest_only' retrieved from /home/airflow/.local/lib/python3.8/site-packages/airflow/example_dags/example_latest_only.py
[2023-12-20T22:49:02.926+0000] {logging_mixin.py:188} INFO - [2023-12-20T22:49:02.926+0000] {dag.py:3033} INFO - Sync 1 DAGs
[2023-12-20T22:49:02.946+0000] {logging_mixin.py:188} INFO - [2023-12-20T22:49:02.946+0000] {dag.py:3820} INFO - Setting next_dagrun for latest_only to 2023-12-20T16:00:00+00:00, run_after=2023-12-20T20:00:00+00:00
[2023-12-20T22:49:02.961+0000] {processor.py:183} INFO - Processing /home/airflow/.local/lib/python3.8/site-packages/airflow/example_dags/example_latest_only.py took 0.077 seconds
[2023-12-20T22:49:33.364+0000] {processor.py:161} INFO - Started process (PID=1259) to work on /home/airflow/.local/lib/python3.8/site-packages/airflow/example_dags/example_latest_only.py
[2023-12-20T22:49:33.366+0000] {processor.py:830} INFO - Processing file /home/airflow/.local/lib/python3.8/site-packages/airflow/example_dags/example_latest_only.py for tasks to queue
[2023-12-20T22:49:33.368+0000] {logging_mixin.py:188} INFO - [2023-12-20T22:49:33.368+0000] {dagbag.py:538} INFO - Filling up the DagBag from /home/airflow/.local/lib/python3.8/site-packages/airflow/example_dags/example_latest_only.py
[2023-12-20T22:49:33.374+0000] {processor.py:840} INFO - DAG(s) 'latest_only' retrieved from /home/airflow/.local/lib/python3.8/site-packages/airflow/example_dags/example_latest_only.py
[2023-12-20T22:49:33.395+0000] {logging_mixin.py:188} INFO - [2023-12-20T22:49:33.395+0000] {dag.py:3033} INFO - Sync 1 DAGs
[2023-12-20T22:49:33.415+0000] {logging_mixin.py:188} INFO - [2023-12-20T22:49:33.415+0000] {dag.py:3820} INFO - Setting next_dagrun for latest_only to 2023-12-20T16:00:00+00:00, run_after=2023-12-20T20:00:00+00:00
[2023-12-20T22:49:33.428+0000] {processor.py:183} INFO - Processing /home/airflow/.local/lib/python3.8/site-packages/airflow/example_dags/example_latest_only.py took 0.067 seconds
[2023-12-20T22:50:03.558+0000] {processor.py:161} INFO - Started process (PID=1314) to work on /home/airflow/.local/lib/python3.8/site-packages/airflow/example_dags/example_latest_only.py
[2023-12-20T22:50:03.559+0000] {processor.py:830} INFO - Processing file /home/airflow/.local/lib/python3.8/site-packages/airflow/example_dags/example_latest_only.py for tasks to queue
[2023-12-20T22:50:03.563+0000] {logging_mixin.py:188} INFO - [2023-12-20T22:50:03.563+0000] {dagbag.py:538} INFO - Filling up the DagBag from /home/airflow/.local/lib/python3.8/site-packages/airflow/example_dags/example_latest_only.py
[2023-12-20T22:50:03.572+0000] {processor.py:840} INFO - DAG(s) 'latest_only' retrieved from /home/airflow/.local/lib/python3.8/site-packages/airflow/example_dags/example_latest_only.py
[2023-12-20T22:50:03.598+0000] {logging_mixin.py:188} INFO - [2023-12-20T22:50:03.598+0000] {dag.py:3033} INFO - Sync 1 DAGs
[2023-12-20T22:50:03.619+0000] {logging_mixin.py:188} INFO - [2023-12-20T22:50:03.619+0000] {dag.py:3820} INFO - Setting next_dagrun for latest_only to 2023-12-20T16:00:00+00:00, run_after=2023-12-20T20:00:00+00:00
[2023-12-20T22:50:03.634+0000] {processor.py:183} INFO - Processing /home/airflow/.local/lib/python3.8/site-packages/airflow/example_dags/example_latest_only.py took 0.083 seconds
[2023-12-20T22:50:33.950+0000] {processor.py:161} INFO - Started process (PID=1369) to work on /home/airflow/.local/lib/python3.8/site-packages/airflow/example_dags/example_latest_only.py
[2023-12-20T22:50:33.952+0000] {processor.py:830} INFO - Processing file /home/airflow/.local/lib/python3.8/site-packages/airflow/example_dags/example_latest_only.py for tasks to queue
[2023-12-20T22:50:33.954+0000] {logging_mixin.py:188} INFO - [2023-12-20T22:50:33.954+0000] {dagbag.py:538} INFO - Filling up the DagBag from /home/airflow/.local/lib/python3.8/site-packages/airflow/example_dags/example_latest_only.py
[2023-12-20T22:50:33.960+0000] {processor.py:840} INFO - DAG(s) 'latest_only' retrieved from /home/airflow/.local/lib/python3.8/site-packages/airflow/example_dags/example_latest_only.py
[2023-12-20T22:50:33.984+0000] {logging_mixin.py:188} INFO - [2023-12-20T22:50:33.983+0000] {dag.py:3033} INFO - Sync 1 DAGs
[2023-12-20T22:50:34.002+0000] {logging_mixin.py:188} INFO - [2023-12-20T22:50:34.001+0000] {dag.py:3820} INFO - Setting next_dagrun for latest_only to 2023-12-20T16:00:00+00:00, run_after=2023-12-20T20:00:00+00:00
[2023-12-20T22:50:34.015+0000] {processor.py:183} INFO - Processing /home/airflow/.local/lib/python3.8/site-packages/airflow/example_dags/example_latest_only.py took 0.068 seconds
[2023-12-20T22:51:04.226+0000] {processor.py:161} INFO - Started process (PID=1424) to work on /home/airflow/.local/lib/python3.8/site-packages/airflow/example_dags/example_latest_only.py
[2023-12-20T22:51:04.228+0000] {processor.py:830} INFO - Processing file /home/airflow/.local/lib/python3.8/site-packages/airflow/example_dags/example_latest_only.py for tasks to queue
[2023-12-20T22:51:04.230+0000] {logging_mixin.py:188} INFO - [2023-12-20T22:51:04.230+0000] {dagbag.py:538} INFO - Filling up the DagBag from /home/airflow/.local/lib/python3.8/site-packages/airflow/example_dags/example_latest_only.py
[2023-12-20T22:51:04.236+0000] {processor.py:840} INFO - DAG(s) 'latest_only' retrieved from /home/airflow/.local/lib/python3.8/site-packages/airflow/example_dags/example_latest_only.py
[2023-12-20T22:51:04.261+0000] {logging_mixin.py:188} INFO - [2023-12-20T22:51:04.261+0000] {dag.py:3033} INFO - Sync 1 DAGs
[2023-12-20T22:51:04.282+0000] {logging_mixin.py:188} INFO - [2023-12-20T22:51:04.282+0000] {dag.py:3820} INFO - Setting next_dagrun for latest_only to 2023-12-20T16:00:00+00:00, run_after=2023-12-20T20:00:00+00:00
[2023-12-20T22:51:04.296+0000] {processor.py:183} INFO - Processing /home/airflow/.local/lib/python3.8/site-packages/airflow/example_dags/example_latest_only.py took 0.074 seconds
[2023-12-20T22:51:35.267+0000] {processor.py:161} INFO - Started process (PID=1479) to work on /home/airflow/.local/lib/python3.8/site-packages/airflow/example_dags/example_latest_only.py
[2023-12-20T22:51:35.270+0000] {processor.py:830} INFO - Processing file /home/airflow/.local/lib/python3.8/site-packages/airflow/example_dags/example_latest_only.py for tasks to queue
[2023-12-20T22:51:35.274+0000] {logging_mixin.py:188} INFO - [2023-12-20T22:51:35.274+0000] {dagbag.py:538} INFO - Filling up the DagBag from /home/airflow/.local/lib/python3.8/site-packages/airflow/example_dags/example_latest_only.py
[2023-12-20T22:51:35.280+0000] {processor.py:840} INFO - DAG(s) 'latest_only' retrieved from /home/airflow/.local/lib/python3.8/site-packages/airflow/example_dags/example_latest_only.py
[2023-12-20T22:51:35.305+0000] {logging_mixin.py:188} INFO - [2023-12-20T22:51:35.305+0000] {dag.py:3033} INFO - Sync 1 DAGs
[2023-12-20T22:51:35.325+0000] {logging_mixin.py:188} INFO - [2023-12-20T22:51:35.325+0000] {dag.py:3820} INFO - Setting next_dagrun for latest_only to 2023-12-20T16:00:00+00:00, run_after=2023-12-20T20:00:00+00:00
[2023-12-20T22:51:35.342+0000] {processor.py:183} INFO - Processing /home/airflow/.local/lib/python3.8/site-packages/airflow/example_dags/example_latest_only.py took 0.080 seconds
[2023-12-20T22:52:06.210+0000] {processor.py:161} INFO - Started process (PID=1534) to work on /home/airflow/.local/lib/python3.8/site-packages/airflow/example_dags/example_latest_only.py
[2023-12-20T22:52:06.211+0000] {processor.py:830} INFO - Processing file /home/airflow/.local/lib/python3.8/site-packages/airflow/example_dags/example_latest_only.py for tasks to queue
[2023-12-20T22:52:06.214+0000] {logging_mixin.py:188} INFO - [2023-12-20T22:52:06.214+0000] {dagbag.py:538} INFO - Filling up the DagBag from /home/airflow/.local/lib/python3.8/site-packages/airflow/example_dags/example_latest_only.py
[2023-12-20T22:52:06.220+0000] {processor.py:840} INFO - DAG(s) 'latest_only' retrieved from /home/airflow/.local/lib/python3.8/site-packages/airflow/example_dags/example_latest_only.py
[2023-12-20T22:52:06.244+0000] {logging_mixin.py:188} INFO - [2023-12-20T22:52:06.244+0000] {dag.py:3033} INFO - Sync 1 DAGs
[2023-12-20T22:52:06.263+0000] {logging_mixin.py:188} INFO - [2023-12-20T22:52:06.263+0000] {dag.py:3820} INFO - Setting next_dagrun for latest_only to 2023-12-20T16:00:00+00:00, run_after=2023-12-20T20:00:00+00:00
[2023-12-20T22:52:06.280+0000] {processor.py:183} INFO - Processing /home/airflow/.local/lib/python3.8/site-packages/airflow/example_dags/example_latest_only.py took 0.075 seconds
[2023-12-20T22:52:36.570+0000] {processor.py:161} INFO - Started process (PID=1589) to work on /home/airflow/.local/lib/python3.8/site-packages/airflow/example_dags/example_latest_only.py
[2023-12-20T22:52:36.572+0000] {processor.py:830} INFO - Processing file /home/airflow/.local/lib/python3.8/site-packages/airflow/example_dags/example_latest_only.py for tasks to queue
[2023-12-20T22:52:36.575+0000] {logging_mixin.py:188} INFO - [2023-12-20T22:52:36.575+0000] {dagbag.py:538} INFO - Filling up the DagBag from /home/airflow/.local/lib/python3.8/site-packages/airflow/example_dags/example_latest_only.py
[2023-12-20T22:52:36.581+0000] {processor.py:840} INFO - DAG(s) 'latest_only' retrieved from /home/airflow/.local/lib/python3.8/site-packages/airflow/example_dags/example_latest_only.py
[2023-12-20T22:52:36.607+0000] {logging_mixin.py:188} INFO - [2023-12-20T22:52:36.606+0000] {dag.py:3033} INFO - Sync 1 DAGs
[2023-12-20T22:52:36.627+0000] {logging_mixin.py:188} INFO - [2023-12-20T22:52:36.627+0000] {dag.py:3820} INFO - Setting next_dagrun for latest_only to 2023-12-20T16:00:00+00:00, run_after=2023-12-20T20:00:00+00:00
[2023-12-20T22:52:36.641+0000] {processor.py:183} INFO - Processing /home/airflow/.local/lib/python3.8/site-packages/airflow/example_dags/example_latest_only.py took 0.076 seconds
[2023-12-20T22:53:06.719+0000] {processor.py:161} INFO - Started process (PID=1644) to work on /home/airflow/.local/lib/python3.8/site-packages/airflow/example_dags/example_latest_only.py
[2023-12-20T22:53:06.720+0000] {processor.py:830} INFO - Processing file /home/airflow/.local/lib/python3.8/site-packages/airflow/example_dags/example_latest_only.py for tasks to queue
[2023-12-20T22:53:06.723+0000] {logging_mixin.py:188} INFO - [2023-12-20T22:53:06.723+0000] {dagbag.py:538} INFO - Filling up the DagBag from /home/airflow/.local/lib/python3.8/site-packages/airflow/example_dags/example_latest_only.py
[2023-12-20T22:53:06.728+0000] {processor.py:840} INFO - DAG(s) 'latest_only' retrieved from /home/airflow/.local/lib/python3.8/site-packages/airflow/example_dags/example_latest_only.py
[2023-12-20T22:53:06.750+0000] {logging_mixin.py:188} INFO - [2023-12-20T22:53:06.750+0000] {dag.py:3033} INFO - Sync 1 DAGs
[2023-12-20T22:53:06.768+0000] {logging_mixin.py:188} INFO - [2023-12-20T22:53:06.768+0000] {dag.py:3820} INFO - Setting next_dagrun for latest_only to 2023-12-20T16:00:00+00:00, run_after=2023-12-20T20:00:00+00:00
[2023-12-20T22:53:06.925+0000] {processor.py:183} INFO - Processing /home/airflow/.local/lib/python3.8/site-packages/airflow/example_dags/example_latest_only.py took 0.210 seconds
[2023-12-20T22:53:37.317+0000] {processor.py:161} INFO - Started process (PID=1700) to work on /home/airflow/.local/lib/python3.8/site-packages/airflow/example_dags/example_latest_only.py
[2023-12-20T22:53:37.319+0000] {processor.py:830} INFO - Processing file /home/airflow/.local/lib/python3.8/site-packages/airflow/example_dags/example_latest_only.py for tasks to queue
[2023-12-20T22:53:37.322+0000] {logging_mixin.py:188} INFO - [2023-12-20T22:53:37.322+0000] {dagbag.py:538} INFO - Filling up the DagBag from /home/airflow/.local/lib/python3.8/site-packages/airflow/example_dags/example_latest_only.py
[2023-12-20T22:53:37.329+0000] {processor.py:840} INFO - DAG(s) 'latest_only' retrieved from /home/airflow/.local/lib/python3.8/site-packages/airflow/example_dags/example_latest_only.py
[2023-12-20T22:53:37.359+0000] {logging_mixin.py:188} INFO - [2023-12-20T22:53:37.359+0000] {dag.py:3033} INFO - Sync 1 DAGs
[2023-12-20T22:53:37.407+0000] {logging_mixin.py:188} INFO - [2023-12-20T22:53:37.407+0000] {dag.py:3820} INFO - Setting next_dagrun for latest_only to 2023-12-20T16:00:00+00:00, run_after=2023-12-20T20:00:00+00:00
[2023-12-20T22:53:37.600+0000] {processor.py:183} INFO - Processing /home/airflow/.local/lib/python3.8/site-packages/airflow/example_dags/example_latest_only.py took 0.288 seconds
[2023-12-20T22:54:10.235+0000] {processor.py:161} INFO - Started process (PID=1756) to work on /home/airflow/.local/lib/python3.8/site-packages/airflow/example_dags/example_latest_only.py
[2023-12-20T22:54:10.242+0000] {processor.py:830} INFO - Processing file /home/airflow/.local/lib/python3.8/site-packages/airflow/example_dags/example_latest_only.py for tasks to queue
[2023-12-20T22:54:10.251+0000] {logging_mixin.py:188} INFO - [2023-12-20T22:54:10.249+0000] {dagbag.py:538} INFO - Filling up the DagBag from /home/airflow/.local/lib/python3.8/site-packages/airflow/example_dags/example_latest_only.py
[2023-12-20T22:54:10.271+0000] {processor.py:840} INFO - DAG(s) 'latest_only' retrieved from /home/airflow/.local/lib/python3.8/site-packages/airflow/example_dags/example_latest_only.py
[2023-12-20T22:54:10.366+0000] {logging_mixin.py:188} INFO - [2023-12-20T22:54:10.366+0000] {dag.py:3033} INFO - Sync 1 DAGs
[2023-12-20T22:54:10.442+0000] {logging_mixin.py:188} INFO - [2023-12-20T22:54:10.441+0000] {dag.py:3820} INFO - Setting next_dagrun for latest_only to 2023-12-20T16:00:00+00:00, run_after=2023-12-20T20:00:00+00:00
[2023-12-20T22:54:10.558+0000] {processor.py:183} INFO - Processing /home/airflow/.local/lib/python3.8/site-packages/airflow/example_dags/example_latest_only.py took 0.335 seconds
[2023-12-20T22:55:21.151+0000] {processor.py:161} INFO - Started process (PID=1828) to work on /home/airflow/.local/lib/python3.8/site-packages/airflow/example_dags/example_latest_only.py
[2023-12-20T22:55:21.165+0000] {processor.py:830} INFO - Processing file /home/airflow/.local/lib/python3.8/site-packages/airflow/example_dags/example_latest_only.py for tasks to queue
[2023-12-20T22:55:21.196+0000] {logging_mixin.py:188} INFO - [2023-12-20T22:55:21.193+0000] {dagbag.py:538} INFO - Filling up the DagBag from /home/airflow/.local/lib/python3.8/site-packages/airflow/example_dags/example_latest_only.py
[2023-12-20T22:55:21.298+0000] {processor.py:840} INFO - DAG(s) 'latest_only' retrieved from /home/airflow/.local/lib/python3.8/site-packages/airflow/example_dags/example_latest_only.py
[2023-12-20T22:55:21.652+0000] {logging_mixin.py:188} INFO - [2023-12-20T22:55:21.651+0000] {dag.py:3033} INFO - Sync 1 DAGs
[2023-12-20T22:55:21.996+0000] {logging_mixin.py:188} INFO - [2023-12-20T22:55:21.995+0000] {dag.py:3820} INFO - Setting next_dagrun for latest_only to 2023-12-20T16:00:00+00:00, run_after=2023-12-20T20:00:00+00:00
[2023-12-20T22:55:29.547+0000] {processor.py:183} INFO - Processing /home/airflow/.local/lib/python3.8/site-packages/airflow/example_dags/example_latest_only.py took 8.414 seconds
[2023-12-20T22:56:08.684+0000] {processor.py:161} INFO - Started process (PID=1892) to work on /home/airflow/.local/lib/python3.8/site-packages/airflow/example_dags/example_latest_only.py
[2023-12-20T22:56:08.690+0000] {processor.py:830} INFO - Processing file /home/airflow/.local/lib/python3.8/site-packages/airflow/example_dags/example_latest_only.py for tasks to queue
[2023-12-20T22:56:08.713+0000] {logging_mixin.py:188} INFO - [2023-12-20T22:56:08.712+0000] {dagbag.py:538} INFO - Filling up the DagBag from /home/airflow/.local/lib/python3.8/site-packages/airflow/example_dags/example_latest_only.py
[2023-12-20T22:56:08.842+0000] {processor.py:840} INFO - DAG(s) 'latest_only' retrieved from /home/airflow/.local/lib/python3.8/site-packages/airflow/example_dags/example_latest_only.py
[2023-12-20T22:56:09.198+0000] {logging_mixin.py:188} INFO - [2023-12-20T22:56:09.198+0000] {dag.py:3033} INFO - Sync 1 DAGs
[2023-12-20T22:56:09.343+0000] {logging_mixin.py:188} INFO - [2023-12-20T22:56:09.342+0000] {dag.py:3820} INFO - Setting next_dagrun for latest_only to 2023-12-20T16:00:00+00:00, run_after=2023-12-20T20:00:00+00:00
[2023-12-20T22:56:09.542+0000] {processor.py:183} INFO - Processing /home/airflow/.local/lib/python3.8/site-packages/airflow/example_dags/example_latest_only.py took 0.877 seconds
[2023-12-20T22:56:47.392+0000] {processor.py:161} INFO - Started process (PID=1946) to work on /home/airflow/.local/lib/python3.8/site-packages/airflow/example_dags/example_latest_only.py
[2023-12-20T22:56:47.398+0000] {processor.py:830} INFO - Processing file /home/airflow/.local/lib/python3.8/site-packages/airflow/example_dags/example_latest_only.py for tasks to queue
[2023-12-20T22:56:47.412+0000] {logging_mixin.py:188} INFO - [2023-12-20T22:56:47.410+0000] {dagbag.py:538} INFO - Filling up the DagBag from /home/airflow/.local/lib/python3.8/site-packages/airflow/example_dags/example_latest_only.py
[2023-12-20T22:56:47.442+0000] {processor.py:840} INFO - DAG(s) 'latest_only' retrieved from /home/airflow/.local/lib/python3.8/site-packages/airflow/example_dags/example_latest_only.py
[2023-12-20T22:56:47.540+0000] {logging_mixin.py:188} INFO - [2023-12-20T22:56:47.539+0000] {dag.py:3033} INFO - Sync 1 DAGs
[2023-12-20T22:56:47.640+0000] {logging_mixin.py:188} INFO - [2023-12-20T22:56:47.640+0000] {dag.py:3820} INFO - Setting next_dagrun for latest_only to 2023-12-20T16:00:00+00:00, run_after=2023-12-20T20:00:00+00:00
[2023-12-20T22:56:47.714+0000] {processor.py:183} INFO - Processing /home/airflow/.local/lib/python3.8/site-packages/airflow/example_dags/example_latest_only.py took 0.335 seconds
[2023-12-20T22:57:55.188+0000] {processor.py:161} INFO - Started process (PID=2006) to work on /home/airflow/.local/lib/python3.8/site-packages/airflow/example_dags/example_latest_only.py
[2023-12-20T22:57:55.199+0000] {processor.py:830} INFO - Processing file /home/airflow/.local/lib/python3.8/site-packages/airflow/example_dags/example_latest_only.py for tasks to queue
[2023-12-20T22:57:55.288+0000] {logging_mixin.py:188} INFO - [2023-12-20T22:57:55.287+0000] {dagbag.py:538} INFO - Filling up the DagBag from /home/airflow/.local/lib/python3.8/site-packages/airflow/example_dags/example_latest_only.py
[2023-12-20T22:57:55.402+0000] {processor.py:840} INFO - DAG(s) 'latest_only' retrieved from /home/airflow/.local/lib/python3.8/site-packages/airflow/example_dags/example_latest_only.py
[2023-12-20T22:57:55.630+0000] {logging_mixin.py:188} INFO - [2023-12-20T22:57:55.628+0000] {dag.py:3033} INFO - Sync 1 DAGs
[2023-12-20T22:57:55.936+0000] {logging_mixin.py:188} INFO - [2023-12-20T22:57:55.936+0000] {dag.py:3820} INFO - Setting next_dagrun for latest_only to 2023-12-20T16:00:00+00:00, run_after=2023-12-20T20:00:00+00:00
[2023-12-20T22:57:56.051+0000] {processor.py:183} INFO - Processing /home/airflow/.local/lib/python3.8/site-packages/airflow/example_dags/example_latest_only.py took 0.941 seconds
[2023-12-20T22:59:56.641+0000] {processor.py:161} INFO - Started process (PID=2066) to work on /home/airflow/.local/lib/python3.8/site-packages/airflow/example_dags/example_latest_only.py
[2023-12-20T22:59:56.650+0000] {processor.py:830} INFO - Processing file /home/airflow/.local/lib/python3.8/site-packages/airflow/example_dags/example_latest_only.py for tasks to queue
[2023-12-20T22:59:56.668+0000] {logging_mixin.py:188} INFO - [2023-12-20T22:59:56.667+0000] {dagbag.py:538} INFO - Filling up the DagBag from /home/airflow/.local/lib/python3.8/site-packages/airflow/example_dags/example_latest_only.py
[2023-12-20T22:59:56.705+0000] {processor.py:840} INFO - DAG(s) 'latest_only' retrieved from /home/airflow/.local/lib/python3.8/site-packages/airflow/example_dags/example_latest_only.py
[2023-12-20T22:59:56.872+0000] {logging_mixin.py:188} INFO - [2023-12-20T22:59:56.872+0000] {dag.py:3033} INFO - Sync 1 DAGs
[2023-12-20T22:59:57.239+0000] {logging_mixin.py:188} INFO - [2023-12-20T22:59:57.238+0000] {dag.py:3820} INFO - Setting next_dagrun for latest_only to 2023-12-20T16:00:00+00:00, run_after=2023-12-20T20:00:00+00:00
[2023-12-20T22:59:57.494+0000] {processor.py:183} INFO - Processing /home/airflow/.local/lib/python3.8/site-packages/airflow/example_dags/example_latest_only.py took 0.888 seconds
[2023-12-20T23:01:19.821+0000] {processor.py:161} INFO - Started process (PID=2126) to work on /home/airflow/.local/lib/python3.8/site-packages/airflow/example_dags/example_latest_only.py
[2023-12-20T23:01:19.826+0000] {processor.py:830} INFO - Processing file /home/airflow/.local/lib/python3.8/site-packages/airflow/example_dags/example_latest_only.py for tasks to queue
[2023-12-20T23:01:19.852+0000] {logging_mixin.py:188} INFO - [2023-12-20T23:01:19.849+0000] {dagbag.py:538} INFO - Filling up the DagBag from /home/airflow/.local/lib/python3.8/site-packages/airflow/example_dags/example_latest_only.py
[2023-12-20T23:01:19.904+0000] {processor.py:840} INFO - DAG(s) 'latest_only' retrieved from /home/airflow/.local/lib/python3.8/site-packages/airflow/example_dags/example_latest_only.py
[2023-12-20T23:01:22.780+0000] {logging_mixin.py:188} INFO - [2023-12-20T23:01:22.775+0000] {dag.py:3033} INFO - Sync 1 DAGs
[2023-12-20T23:01:22.891+0000] {logging_mixin.py:188} INFO - [2023-12-20T23:01:22.890+0000] {dag.py:3820} INFO - Setting next_dagrun for latest_only to 2023-12-20T16:00:00+00:00, run_after=2023-12-20T20:00:00+00:00
[2023-12-20T23:01:22.942+0000] {processor.py:183} INFO - Processing /home/airflow/.local/lib/python3.8/site-packages/airflow/example_dags/example_latest_only.py took 3.155 seconds
[2023-12-20T23:02:28.818+0000] {processor.py:161} INFO - Started process (PID=2202) to work on /home/airflow/.local/lib/python3.8/site-packages/airflow/example_dags/example_latest_only.py
[2023-12-20T23:02:28.821+0000] {processor.py:830} INFO - Processing file /home/airflow/.local/lib/python3.8/site-packages/airflow/example_dags/example_latest_only.py for tasks to queue
[2023-12-20T23:02:28.834+0000] {logging_mixin.py:188} INFO - [2023-12-20T23:02:28.833+0000] {dagbag.py:538} INFO - Filling up the DagBag from /home/airflow/.local/lib/python3.8/site-packages/airflow/example_dags/example_latest_only.py
[2023-12-20T23:02:28.855+0000] {processor.py:840} INFO - DAG(s) 'latest_only' retrieved from /home/airflow/.local/lib/python3.8/site-packages/airflow/example_dags/example_latest_only.py
[2023-12-20T23:02:29.943+0000] {logging_mixin.py:188} INFO - [2023-12-20T23:02:29.942+0000] {dag.py:3033} INFO - Sync 1 DAGs
[2023-12-20T23:02:30.053+0000] {logging_mixin.py:188} INFO - [2023-12-20T23:02:30.053+0000] {dag.py:3820} INFO - Setting next_dagrun for latest_only to 2023-12-20T16:00:00+00:00, run_after=2023-12-20T20:00:00+00:00
[2023-12-20T23:02:30.140+0000] {processor.py:183} INFO - Processing /home/airflow/.local/lib/python3.8/site-packages/airflow/example_dags/example_latest_only.py took 1.334 seconds
[2023-12-20T23:03:25.512+0000] {processor.py:161} INFO - Started process (PID=2264) to work on /home/airflow/.local/lib/python3.8/site-packages/airflow/example_dags/example_latest_only.py
[2023-12-20T23:03:25.529+0000] {processor.py:830} INFO - Processing file /home/airflow/.local/lib/python3.8/site-packages/airflow/example_dags/example_latest_only.py for tasks to queue
[2023-12-20T23:03:25.559+0000] {logging_mixin.py:188} INFO - [2023-12-20T23:03:25.555+0000] {dagbag.py:538} INFO - Filling up the DagBag from /home/airflow/.local/lib/python3.8/site-packages/airflow/example_dags/example_latest_only.py
[2023-12-20T23:03:25.590+0000] {processor.py:840} INFO - DAG(s) 'latest_only' retrieved from /home/airflow/.local/lib/python3.8/site-packages/airflow/example_dags/example_latest_only.py
[2023-12-20T23:03:25.756+0000] {logging_mixin.py:188} INFO - [2023-12-20T23:03:25.755+0000] {dag.py:3033} INFO - Sync 1 DAGs
[2023-12-20T23:03:25.935+0000] {logging_mixin.py:188} INFO - [2023-12-20T23:03:25.934+0000] {dag.py:3820} INFO - Setting next_dagrun for latest_only to 2023-12-20T16:00:00+00:00, run_after=2023-12-20T20:00:00+00:00
[2023-12-20T23:03:26.089+0000] {processor.py:183} INFO - Processing /home/airflow/.local/lib/python3.8/site-packages/airflow/example_dags/example_latest_only.py took 0.600 seconds
[2023-12-20T23:05:47.879+0000] {processor.py:161} INFO - Started process (PID=2317) to work on /home/airflow/.local/lib/python3.8/site-packages/airflow/example_dags/example_latest_only.py
[2023-12-20T23:05:47.896+0000] {processor.py:830} INFO - Processing file /home/airflow/.local/lib/python3.8/site-packages/airflow/example_dags/example_latest_only.py for tasks to queue
[2023-12-20T23:05:47.956+0000] {logging_mixin.py:188} INFO - [2023-12-20T23:05:47.949+0000] {dagbag.py:538} INFO - Filling up the DagBag from /home/airflow/.local/lib/python3.8/site-packages/airflow/example_dags/example_latest_only.py
[2023-12-20T23:05:48.037+0000] {processor.py:840} INFO - DAG(s) 'latest_only' retrieved from /home/airflow/.local/lib/python3.8/site-packages/airflow/example_dags/example_latest_only.py
[2023-12-20T23:05:48.266+0000] {logging_mixin.py:188} INFO - [2023-12-20T23:05:48.265+0000] {dag.py:3033} INFO - Sync 1 DAGs
[2023-12-20T23:05:48.408+0000] {logging_mixin.py:188} INFO - [2023-12-20T23:05:48.408+0000] {dag.py:3820} INFO - Setting next_dagrun for latest_only to 2023-12-20T16:00:00+00:00, run_after=2023-12-20T20:00:00+00:00
[2023-12-20T23:05:48.616+0000] {processor.py:183} INFO - Processing /home/airflow/.local/lib/python3.8/site-packages/airflow/example_dags/example_latest_only.py took 0.806 seconds
[2023-12-20T23:07:00.712+0000] {processor.py:161} INFO - Started process (PID=2373) to work on /home/airflow/.local/lib/python3.8/site-packages/airflow/example_dags/example_latest_only.py
[2023-12-20T23:07:00.722+0000] {processor.py:830} INFO - Processing file /home/airflow/.local/lib/python3.8/site-packages/airflow/example_dags/example_latest_only.py for tasks to queue
[2023-12-20T23:07:00.756+0000] {logging_mixin.py:188} INFO - [2023-12-20T23:07:00.753+0000] {dagbag.py:538} INFO - Filling up the DagBag from /home/airflow/.local/lib/python3.8/site-packages/airflow/example_dags/example_latest_only.py
[2023-12-20T23:07:00.904+0000] {processor.py:840} INFO - DAG(s) 'latest_only' retrieved from /home/airflow/.local/lib/python3.8/site-packages/airflow/example_dags/example_latest_only.py
[2023-12-20T23:07:01.270+0000] {logging_mixin.py:188} INFO - [2023-12-20T23:07:01.269+0000] {dag.py:3033} INFO - Sync 1 DAGs
[2023-12-20T23:07:01.910+0000] {logging_mixin.py:188} INFO - [2023-12-20T23:07:01.905+0000] {dag.py:3820} INFO - Setting next_dagrun for latest_only to 2023-12-20T16:00:00+00:00, run_after=2023-12-20T20:00:00+00:00
[2023-12-20T23:07:02.470+0000] {processor.py:183} INFO - Processing /home/airflow/.local/lib/python3.8/site-packages/airflow/example_dags/example_latest_only.py took 1.825 seconds
[2023-12-20T23:08:30.632+0000] {processor.py:161} INFO - Started process (PID=2430) to work on /home/airflow/.local/lib/python3.8/site-packages/airflow/example_dags/example_latest_only.py
[2023-12-20T23:08:30.651+0000] {processor.py:830} INFO - Processing file /home/airflow/.local/lib/python3.8/site-packages/airflow/example_dags/example_latest_only.py for tasks to queue
[2023-12-20T23:08:30.707+0000] {logging_mixin.py:188} INFO - [2023-12-20T23:08:30.706+0000] {dagbag.py:538} INFO - Filling up the DagBag from /home/airflow/.local/lib/python3.8/site-packages/airflow/example_dags/example_latest_only.py
[2023-12-20T23:08:30.814+0000] {processor.py:840} INFO - DAG(s) 'latest_only' retrieved from /home/airflow/.local/lib/python3.8/site-packages/airflow/example_dags/example_latest_only.py
[2023-12-20T23:08:31.052+0000] {logging_mixin.py:188} INFO - [2023-12-20T23:08:31.045+0000] {dag.py:3033} INFO - Sync 1 DAGs
[2023-12-20T23:08:31.403+0000] {logging_mixin.py:188} INFO - [2023-12-20T23:08:31.403+0000] {dag.py:3820} INFO - Setting next_dagrun for latest_only to 2023-12-20T16:00:00+00:00, run_after=2023-12-20T20:00:00+00:00
[2023-12-20T23:08:31.739+0000] {processor.py:183} INFO - Processing /home/airflow/.local/lib/python3.8/site-packages/airflow/example_dags/example_latest_only.py took 1.237 seconds
[2023-12-20T23:09:25.539+0000] {processor.py:161} INFO - Started process (PID=2493) to work on /home/airflow/.local/lib/python3.8/site-packages/airflow/example_dags/example_latest_only.py
[2023-12-20T23:09:25.546+0000] {processor.py:830} INFO - Processing file /home/airflow/.local/lib/python3.8/site-packages/airflow/example_dags/example_latest_only.py for tasks to queue
[2023-12-20T23:09:25.612+0000] {logging_mixin.py:188} INFO - [2023-12-20T23:09:25.593+0000] {dagbag.py:538} INFO - Filling up the DagBag from /home/airflow/.local/lib/python3.8/site-packages/airflow/example_dags/example_latest_only.py
[2023-12-20T23:09:25.699+0000] {processor.py:840} INFO - DAG(s) 'latest_only' retrieved from /home/airflow/.local/lib/python3.8/site-packages/airflow/example_dags/example_latest_only.py
[2023-12-20T23:09:25.966+0000] {logging_mixin.py:188} INFO - [2023-12-20T23:09:25.965+0000] {dag.py:3033} INFO - Sync 1 DAGs
[2023-12-20T23:09:26.360+0000] {logging_mixin.py:188} INFO - [2023-12-20T23:09:26.359+0000] {dag.py:3820} INFO - Setting next_dagrun for latest_only to 2023-12-20T16:00:00+00:00, run_after=2023-12-20T20:00:00+00:00
[2023-12-20T23:09:27.698+0000] {processor.py:183} INFO - Processing /home/airflow/.local/lib/python3.8/site-packages/airflow/example_dags/example_latest_only.py took 2.254 seconds
[2023-12-20T23:10:23.531+0000] {processor.py:161} INFO - Started process (PID=2542) to work on /home/airflow/.local/lib/python3.8/site-packages/airflow/example_dags/example_latest_only.py
[2023-12-20T23:10:23.545+0000] {processor.py:830} INFO - Processing file /home/airflow/.local/lib/python3.8/site-packages/airflow/example_dags/example_latest_only.py for tasks to queue
[2023-12-20T23:10:23.613+0000] {logging_mixin.py:188} INFO - [2023-12-20T23:10:23.611+0000] {dagbag.py:538} INFO - Filling up the DagBag from /home/airflow/.local/lib/python3.8/site-packages/airflow/example_dags/example_latest_only.py
[2023-12-20T23:10:24.136+0000] {processor.py:840} INFO - DAG(s) 'latest_only' retrieved from /home/airflow/.local/lib/python3.8/site-packages/airflow/example_dags/example_latest_only.py
[2023-12-20T23:10:25.982+0000] {logging_mixin.py:188} INFO - [2023-12-20T23:10:25.832+0000] {dag.py:3033} INFO - Sync 1 DAGs
[2023-12-20T23:10:27.574+0000] {logging_mixin.py:188} INFO - [2023-12-20T23:10:27.571+0000] {dag.py:3820} INFO - Setting next_dagrun for latest_only to 2023-12-20T16:00:00+00:00, run_after=2023-12-20T20:00:00+00:00
[2023-12-20T23:10:27.840+0000] {processor.py:183} INFO - Processing /home/airflow/.local/lib/python3.8/site-packages/airflow/example_dags/example_latest_only.py took 4.518 seconds
[2023-12-20T23:11:37.261+0000] {processor.py:161} INFO - Started process (PID=2587) to work on /home/airflow/.local/lib/python3.8/site-packages/airflow/example_dags/example_latest_only.py
[2023-12-20T23:11:37.275+0000] {processor.py:830} INFO - Processing file /home/airflow/.local/lib/python3.8/site-packages/airflow/example_dags/example_latest_only.py for tasks to queue
[2023-12-20T23:11:37.296+0000] {logging_mixin.py:188} INFO - [2023-12-20T23:11:37.294+0000] {dagbag.py:538} INFO - Filling up the DagBag from /home/airflow/.local/lib/python3.8/site-packages/airflow/example_dags/example_latest_only.py
[2023-12-20T23:11:37.337+0000] {processor.py:840} INFO - DAG(s) 'latest_only' retrieved from /home/airflow/.local/lib/python3.8/site-packages/airflow/example_dags/example_latest_only.py
[2023-12-20T23:11:37.592+0000] {logging_mixin.py:188} INFO - [2023-12-20T23:11:37.591+0000] {dag.py:3033} INFO - Sync 1 DAGs
[2023-12-20T23:11:37.769+0000] {logging_mixin.py:188} INFO - [2023-12-20T23:11:37.769+0000] {dag.py:3820} INFO - Setting next_dagrun for latest_only to 2023-12-20T16:00:00+00:00, run_after=2023-12-20T20:00:00+00:00
[2023-12-20T23:11:38.059+0000] {processor.py:183} INFO - Processing /home/airflow/.local/lib/python3.8/site-packages/airflow/example_dags/example_latest_only.py took 0.853 seconds
[2023-12-20T23:12:31.083+0000] {processor.py:161} INFO - Started process (PID=2649) to work on /home/airflow/.local/lib/python3.8/site-packages/airflow/example_dags/example_latest_only.py
[2023-12-20T23:12:31.092+0000] {processor.py:830} INFO - Processing file /home/airflow/.local/lib/python3.8/site-packages/airflow/example_dags/example_latest_only.py for tasks to queue
[2023-12-20T23:12:31.144+0000] {logging_mixin.py:188} INFO - [2023-12-20T23:12:31.144+0000] {dagbag.py:538} INFO - Filling up the DagBag from /home/airflow/.local/lib/python3.8/site-packages/airflow/example_dags/example_latest_only.py
[2023-12-20T23:12:31.204+0000] {processor.py:840} INFO - DAG(s) 'latest_only' retrieved from /home/airflow/.local/lib/python3.8/site-packages/airflow/example_dags/example_latest_only.py
[2023-12-20T23:12:31.566+0000] {logging_mixin.py:188} INFO - [2023-12-20T23:12:31.565+0000] {dag.py:3033} INFO - Sync 1 DAGs
[2023-12-20T23:12:31.789+0000] {logging_mixin.py:188} INFO - [2023-12-20T23:12:31.788+0000] {dag.py:3820} INFO - Setting next_dagrun for latest_only to 2023-12-20T16:00:00+00:00, run_after=2023-12-20T20:00:00+00:00
[2023-12-20T23:12:32.041+0000] {processor.py:183} INFO - Processing /home/airflow/.local/lib/python3.8/site-packages/airflow/example_dags/example_latest_only.py took 1.004 seconds
[2023-12-20T23:13:28.803+0000] {processor.py:161} INFO - Started process (PID=2715) to work on /home/airflow/.local/lib/python3.8/site-packages/airflow/example_dags/example_latest_only.py
[2023-12-20T23:13:28.815+0000] {processor.py:830} INFO - Processing file /home/airflow/.local/lib/python3.8/site-packages/airflow/example_dags/example_latest_only.py for tasks to queue
[2023-12-20T23:13:28.839+0000] {logging_mixin.py:188} INFO - [2023-12-20T23:13:28.837+0000] {dagbag.py:538} INFO - Filling up the DagBag from /home/airflow/.local/lib/python3.8/site-packages/airflow/example_dags/example_latest_only.py
[2023-12-20T23:13:28.941+0000] {processor.py:840} INFO - DAG(s) 'latest_only' retrieved from /home/airflow/.local/lib/python3.8/site-packages/airflow/example_dags/example_latest_only.py
[2023-12-20T23:13:29.091+0000] {logging_mixin.py:188} INFO - [2023-12-20T23:13:29.090+0000] {dag.py:3033} INFO - Sync 1 DAGs
[2023-12-20T23:13:29.209+0000] {logging_mixin.py:188} INFO - [2023-12-20T23:13:29.208+0000] {dag.py:3820} INFO - Setting next_dagrun for latest_only to 2023-12-20T16:00:00+00:00, run_after=2023-12-20T20:00:00+00:00
[2023-12-20T23:13:29.381+0000] {processor.py:183} INFO - Processing /home/airflow/.local/lib/python3.8/site-packages/airflow/example_dags/example_latest_only.py took 0.619 seconds
[2023-12-20T23:17:40.301+0000] {processor.py:161} INFO - Started process (PID=70) to work on /home/airflow/.local/lib/python3.8/site-packages/airflow/example_dags/example_latest_only.py
[2023-12-20T23:17:40.355+0000] {processor.py:830} INFO - Processing file /home/airflow/.local/lib/python3.8/site-packages/airflow/example_dags/example_latest_only.py for tasks to queue
[2023-12-20T23:17:40.397+0000] {logging_mixin.py:188} INFO - [2023-12-20T23:17:40.395+0000] {dagbag.py:538} INFO - Filling up the DagBag from /home/airflow/.local/lib/python3.8/site-packages/airflow/example_dags/example_latest_only.py
[2023-12-20T23:17:40.505+0000] {processor.py:840} INFO - DAG(s) 'latest_only' retrieved from /home/airflow/.local/lib/python3.8/site-packages/airflow/example_dags/example_latest_only.py
[2023-12-20T23:17:41.421+0000] {logging_mixin.py:188} INFO - [2023-12-20T23:17:41.374+0000] {dag.py:3033} INFO - Sync 1 DAGs
[2023-12-20T23:17:42.024+0000] {logging_mixin.py:188} INFO - [2023-12-20T23:17:41.993+0000] {dag.py:3820} INFO - Setting next_dagrun for latest_only to 2023-12-20T16:00:00+00:00, run_after=2023-12-20T20:00:00+00:00
[2023-12-20T23:17:42.285+0000] {processor.py:183} INFO - Processing /home/airflow/.local/lib/python3.8/site-packages/airflow/example_dags/example_latest_only.py took 2.035 seconds
