[2023-12-20T22:38:30.046+0000] {processor.py:161} INFO - Started process (PID=72) to work on /home/airflow/.local/lib/python3.8/site-packages/airflow/example_dags/example_kubernetes_executor.py
[2023-12-20T22:38:30.048+0000] {processor.py:830} INFO - Processing file /home/airflow/.local/lib/python3.8/site-packages/airflow/example_dags/example_kubernetes_executor.py for tasks to queue
[2023-12-20T22:38:30.053+0000] {logging_mixin.py:188} INFO - [2023-12-20T22:38:30.053+0000] {dagbag.py:538} INFO - Filling up the DagBag from /home/airflow/.local/lib/python3.8/site-packages/airflow/example_dags/example_kubernetes_executor.py
[2023-12-20T22:38:30.079+0000] {processor.py:840} INFO - DAG(s) 'example_kubernetes_executor' retrieved from /home/airflow/.local/lib/python3.8/site-packages/airflow/example_dags/example_kubernetes_executor.py
[2023-12-20T22:38:30.264+0000] {logging_mixin.py:188} INFO - [2023-12-20T22:38:30.264+0000] {dag.py:3033} INFO - Sync 1 DAGs
[2023-12-20T22:38:30.284+0000] {logging_mixin.py:188} INFO - [2023-12-20T22:38:30.284+0000] {dag.py:3820} INFO - Setting next_dagrun for example_kubernetes_executor to None, run_after=None
[2023-12-20T22:38:30.314+0000] {processor.py:183} INFO - Processing /home/airflow/.local/lib/python3.8/site-packages/airflow/example_dags/example_kubernetes_executor.py took 0.274 seconds
[2023-12-20T22:39:00.421+0000] {processor.py:161} INFO - Started process (PID=127) to work on /home/airflow/.local/lib/python3.8/site-packages/airflow/example_dags/example_kubernetes_executor.py
[2023-12-20T22:39:00.422+0000] {processor.py:830} INFO - Processing file /home/airflow/.local/lib/python3.8/site-packages/airflow/example_dags/example_kubernetes_executor.py for tasks to queue
[2023-12-20T22:39:00.425+0000] {logging_mixin.py:188} INFO - [2023-12-20T22:39:00.424+0000] {dagbag.py:538} INFO - Filling up the DagBag from /home/airflow/.local/lib/python3.8/site-packages/airflow/example_dags/example_kubernetes_executor.py
[2023-12-20T22:39:00.443+0000] {processor.py:840} INFO - DAG(s) 'example_kubernetes_executor' retrieved from /home/airflow/.local/lib/python3.8/site-packages/airflow/example_dags/example_kubernetes_executor.py
[2023-12-20T22:39:00.490+0000] {logging_mixin.py:188} INFO - [2023-12-20T22:39:00.490+0000] {dag.py:3033} INFO - Sync 1 DAGs
[2023-12-20T22:39:00.503+0000] {logging_mixin.py:188} INFO - [2023-12-20T22:39:00.503+0000] {dag.py:3820} INFO - Setting next_dagrun for example_kubernetes_executor to None, run_after=None
[2023-12-20T22:39:00.518+0000] {processor.py:183} INFO - Processing /home/airflow/.local/lib/python3.8/site-packages/airflow/example_dags/example_kubernetes_executor.py took 0.102 seconds
[2023-12-20T22:39:30.852+0000] {processor.py:161} INFO - Started process (PID=182) to work on /home/airflow/.local/lib/python3.8/site-packages/airflow/example_dags/example_kubernetes_executor.py
[2023-12-20T22:39:30.854+0000] {processor.py:830} INFO - Processing file /home/airflow/.local/lib/python3.8/site-packages/airflow/example_dags/example_kubernetes_executor.py for tasks to queue
[2023-12-20T22:39:30.858+0000] {logging_mixin.py:188} INFO - [2023-12-20T22:39:30.857+0000] {dagbag.py:538} INFO - Filling up the DagBag from /home/airflow/.local/lib/python3.8/site-packages/airflow/example_dags/example_kubernetes_executor.py
[2023-12-20T22:39:30.878+0000] {processor.py:840} INFO - DAG(s) 'example_kubernetes_executor' retrieved from /home/airflow/.local/lib/python3.8/site-packages/airflow/example_dags/example_kubernetes_executor.py
[2023-12-20T22:39:30.933+0000] {logging_mixin.py:188} INFO - [2023-12-20T22:39:30.933+0000] {dag.py:3033} INFO - Sync 1 DAGs
[2023-12-20T22:39:30.946+0000] {logging_mixin.py:188} INFO - [2023-12-20T22:39:30.946+0000] {dag.py:3820} INFO - Setting next_dagrun for example_kubernetes_executor to None, run_after=None
[2023-12-20T22:39:30.965+0000] {processor.py:183} INFO - Processing /home/airflow/.local/lib/python3.8/site-packages/airflow/example_dags/example_kubernetes_executor.py took 0.118 seconds
[2023-12-20T22:40:01.293+0000] {processor.py:161} INFO - Started process (PID=238) to work on /home/airflow/.local/lib/python3.8/site-packages/airflow/example_dags/example_kubernetes_executor.py
[2023-12-20T22:40:01.294+0000] {processor.py:830} INFO - Processing file /home/airflow/.local/lib/python3.8/site-packages/airflow/example_dags/example_kubernetes_executor.py for tasks to queue
[2023-12-20T22:40:01.298+0000] {logging_mixin.py:188} INFO - [2023-12-20T22:40:01.297+0000] {dagbag.py:538} INFO - Filling up the DagBag from /home/airflow/.local/lib/python3.8/site-packages/airflow/example_dags/example_kubernetes_executor.py
[2023-12-20T22:40:01.320+0000] {processor.py:840} INFO - DAG(s) 'example_kubernetes_executor' retrieved from /home/airflow/.local/lib/python3.8/site-packages/airflow/example_dags/example_kubernetes_executor.py
[2023-12-20T22:40:01.362+0000] {logging_mixin.py:188} INFO - [2023-12-20T22:40:01.362+0000] {dag.py:3033} INFO - Sync 1 DAGs
[2023-12-20T22:40:01.372+0000] {logging_mixin.py:188} INFO - [2023-12-20T22:40:01.372+0000] {dag.py:3820} INFO - Setting next_dagrun for example_kubernetes_executor to None, run_after=None
[2023-12-20T22:40:01.386+0000] {processor.py:183} INFO - Processing /home/airflow/.local/lib/python3.8/site-packages/airflow/example_dags/example_kubernetes_executor.py took 0.098 seconds
[2023-12-20T22:40:31.837+0000] {processor.py:161} INFO - Started process (PID=293) to work on /home/airflow/.local/lib/python3.8/site-packages/airflow/example_dags/example_kubernetes_executor.py
[2023-12-20T22:40:31.839+0000] {processor.py:830} INFO - Processing file /home/airflow/.local/lib/python3.8/site-packages/airflow/example_dags/example_kubernetes_executor.py for tasks to queue
[2023-12-20T22:40:31.843+0000] {logging_mixin.py:188} INFO - [2023-12-20T22:40:31.843+0000] {dagbag.py:538} INFO - Filling up the DagBag from /home/airflow/.local/lib/python3.8/site-packages/airflow/example_dags/example_kubernetes_executor.py
[2023-12-20T22:40:31.860+0000] {processor.py:840} INFO - DAG(s) 'example_kubernetes_executor' retrieved from /home/airflow/.local/lib/python3.8/site-packages/airflow/example_dags/example_kubernetes_executor.py
[2023-12-20T22:40:31.922+0000] {logging_mixin.py:188} INFO - [2023-12-20T22:40:31.922+0000] {dag.py:3033} INFO - Sync 1 DAGs
[2023-12-20T22:40:31.936+0000] {logging_mixin.py:188} INFO - [2023-12-20T22:40:31.936+0000] {dag.py:3820} INFO - Setting next_dagrun for example_kubernetes_executor to None, run_after=None
[2023-12-20T22:40:31.951+0000] {processor.py:183} INFO - Processing /home/airflow/.local/lib/python3.8/site-packages/airflow/example_dags/example_kubernetes_executor.py took 0.120 seconds
[2023-12-20T22:41:02.061+0000] {processor.py:161} INFO - Started process (PID=348) to work on /home/airflow/.local/lib/python3.8/site-packages/airflow/example_dags/example_kubernetes_executor.py
[2023-12-20T22:41:02.063+0000] {processor.py:830} INFO - Processing file /home/airflow/.local/lib/python3.8/site-packages/airflow/example_dags/example_kubernetes_executor.py for tasks to queue
[2023-12-20T22:41:02.065+0000] {logging_mixin.py:188} INFO - [2023-12-20T22:41:02.065+0000] {dagbag.py:538} INFO - Filling up the DagBag from /home/airflow/.local/lib/python3.8/site-packages/airflow/example_dags/example_kubernetes_executor.py
[2023-12-20T22:41:02.081+0000] {processor.py:840} INFO - DAG(s) 'example_kubernetes_executor' retrieved from /home/airflow/.local/lib/python3.8/site-packages/airflow/example_dags/example_kubernetes_executor.py
[2023-12-20T22:41:02.135+0000] {logging_mixin.py:188} INFO - [2023-12-20T22:41:02.135+0000] {dag.py:3033} INFO - Sync 1 DAGs
[2023-12-20T22:41:02.175+0000] {logging_mixin.py:188} INFO - [2023-12-20T22:41:02.175+0000] {dag.py:3820} INFO - Setting next_dagrun for example_kubernetes_executor to None, run_after=None
[2023-12-20T22:41:02.192+0000] {processor.py:183} INFO - Processing /home/airflow/.local/lib/python3.8/site-packages/airflow/example_dags/example_kubernetes_executor.py took 0.136 seconds
[2023-12-20T22:41:32.398+0000] {processor.py:161} INFO - Started process (PID=403) to work on /home/airflow/.local/lib/python3.8/site-packages/airflow/example_dags/example_kubernetes_executor.py
[2023-12-20T22:41:32.401+0000] {processor.py:830} INFO - Processing file /home/airflow/.local/lib/python3.8/site-packages/airflow/example_dags/example_kubernetes_executor.py for tasks to queue
[2023-12-20T22:41:32.405+0000] {logging_mixin.py:188} INFO - [2023-12-20T22:41:32.405+0000] {dagbag.py:538} INFO - Filling up the DagBag from /home/airflow/.local/lib/python3.8/site-packages/airflow/example_dags/example_kubernetes_executor.py
[2023-12-20T22:41:32.423+0000] {processor.py:840} INFO - DAG(s) 'example_kubernetes_executor' retrieved from /home/airflow/.local/lib/python3.8/site-packages/airflow/example_dags/example_kubernetes_executor.py
[2023-12-20T22:41:32.463+0000] {logging_mixin.py:188} INFO - [2023-12-20T22:41:32.463+0000] {dag.py:3033} INFO - Sync 1 DAGs
[2023-12-20T22:41:32.475+0000] {logging_mixin.py:188} INFO - [2023-12-20T22:41:32.475+0000] {dag.py:3820} INFO - Setting next_dagrun for example_kubernetes_executor to None, run_after=None
[2023-12-20T22:41:32.492+0000] {processor.py:183} INFO - Processing /home/airflow/.local/lib/python3.8/site-packages/airflow/example_dags/example_kubernetes_executor.py took 0.099 seconds
[2023-12-20T22:42:03.038+0000] {processor.py:161} INFO - Started process (PID=457) to work on /home/airflow/.local/lib/python3.8/site-packages/airflow/example_dags/example_kubernetes_executor.py
[2023-12-20T22:42:03.072+0000] {processor.py:830} INFO - Processing file /home/airflow/.local/lib/python3.8/site-packages/airflow/example_dags/example_kubernetes_executor.py for tasks to queue
[2023-12-20T22:42:03.104+0000] {logging_mixin.py:188} INFO - [2023-12-20T22:42:03.092+0000] {dagbag.py:538} INFO - Filling up the DagBag from /home/airflow/.local/lib/python3.8/site-packages/airflow/example_dags/example_kubernetes_executor.py
[2023-12-20T22:42:03.184+0000] {processor.py:840} INFO - DAG(s) 'example_kubernetes_executor' retrieved from /home/airflow/.local/lib/python3.8/site-packages/airflow/example_dags/example_kubernetes_executor.py
[2023-12-20T22:42:03.327+0000] {logging_mixin.py:188} INFO - [2023-12-20T22:42:03.326+0000] {dag.py:3033} INFO - Sync 1 DAGs
[2023-12-20T22:42:03.371+0000] {logging_mixin.py:188} INFO - [2023-12-20T22:42:03.370+0000] {dag.py:3820} INFO - Setting next_dagrun for example_kubernetes_executor to None, run_after=None
[2023-12-20T22:42:03.477+0000] {processor.py:183} INFO - Processing /home/airflow/.local/lib/python3.8/site-packages/airflow/example_dags/example_kubernetes_executor.py took 0.477 seconds
[2023-12-20T22:42:33.628+0000] {processor.py:161} INFO - Started process (PID=512) to work on /home/airflow/.local/lib/python3.8/site-packages/airflow/example_dags/example_kubernetes_executor.py
[2023-12-20T22:42:33.630+0000] {processor.py:830} INFO - Processing file /home/airflow/.local/lib/python3.8/site-packages/airflow/example_dags/example_kubernetes_executor.py for tasks to queue
[2023-12-20T22:42:33.632+0000] {logging_mixin.py:188} INFO - [2023-12-20T22:42:33.632+0000] {dagbag.py:538} INFO - Filling up the DagBag from /home/airflow/.local/lib/python3.8/site-packages/airflow/example_dags/example_kubernetes_executor.py
[2023-12-20T22:42:33.646+0000] {processor.py:840} INFO - DAG(s) 'example_kubernetes_executor' retrieved from /home/airflow/.local/lib/python3.8/site-packages/airflow/example_dags/example_kubernetes_executor.py
[2023-12-20T22:42:33.689+0000] {logging_mixin.py:188} INFO - [2023-12-20T22:42:33.688+0000] {dag.py:3033} INFO - Sync 1 DAGs
[2023-12-20T22:42:33.699+0000] {logging_mixin.py:188} INFO - [2023-12-20T22:42:33.699+0000] {dag.py:3820} INFO - Setting next_dagrun for example_kubernetes_executor to None, run_after=None
[2023-12-20T22:42:33.716+0000] {processor.py:183} INFO - Processing /home/airflow/.local/lib/python3.8/site-packages/airflow/example_dags/example_kubernetes_executor.py took 0.091 seconds
[2023-12-20T22:43:04.622+0000] {processor.py:161} INFO - Started process (PID=566) to work on /home/airflow/.local/lib/python3.8/site-packages/airflow/example_dags/example_kubernetes_executor.py
[2023-12-20T22:43:04.624+0000] {processor.py:830} INFO - Processing file /home/airflow/.local/lib/python3.8/site-packages/airflow/example_dags/example_kubernetes_executor.py for tasks to queue
[2023-12-20T22:43:04.627+0000] {logging_mixin.py:188} INFO - [2023-12-20T22:43:04.626+0000] {dagbag.py:538} INFO - Filling up the DagBag from /home/airflow/.local/lib/python3.8/site-packages/airflow/example_dags/example_kubernetes_executor.py
[2023-12-20T22:43:04.640+0000] {processor.py:840} INFO - DAG(s) 'example_kubernetes_executor' retrieved from /home/airflow/.local/lib/python3.8/site-packages/airflow/example_dags/example_kubernetes_executor.py
[2023-12-20T22:43:04.678+0000] {logging_mixin.py:188} INFO - [2023-12-20T22:43:04.677+0000] {dag.py:3033} INFO - Sync 1 DAGs
[2023-12-20T22:43:04.688+0000] {logging_mixin.py:188} INFO - [2023-12-20T22:43:04.688+0000] {dag.py:3820} INFO - Setting next_dagrun for example_kubernetes_executor to None, run_after=None
[2023-12-20T22:43:04.702+0000] {processor.py:183} INFO - Processing /home/airflow/.local/lib/python3.8/site-packages/airflow/example_dags/example_kubernetes_executor.py took 0.084 seconds
[2023-12-20T22:43:35.293+0000] {processor.py:161} INFO - Started process (PID=621) to work on /home/airflow/.local/lib/python3.8/site-packages/airflow/example_dags/example_kubernetes_executor.py
[2023-12-20T22:43:35.295+0000] {processor.py:830} INFO - Processing file /home/airflow/.local/lib/python3.8/site-packages/airflow/example_dags/example_kubernetes_executor.py for tasks to queue
[2023-12-20T22:43:35.298+0000] {logging_mixin.py:188} INFO - [2023-12-20T22:43:35.298+0000] {dagbag.py:538} INFO - Filling up the DagBag from /home/airflow/.local/lib/python3.8/site-packages/airflow/example_dags/example_kubernetes_executor.py
[2023-12-20T22:43:35.314+0000] {processor.py:840} INFO - DAG(s) 'example_kubernetes_executor' retrieved from /home/airflow/.local/lib/python3.8/site-packages/airflow/example_dags/example_kubernetes_executor.py
[2023-12-20T22:43:35.353+0000] {logging_mixin.py:188} INFO - [2023-12-20T22:43:35.353+0000] {dag.py:3033} INFO - Sync 1 DAGs
[2023-12-20T22:43:35.365+0000] {logging_mixin.py:188} INFO - [2023-12-20T22:43:35.365+0000] {dag.py:3820} INFO - Setting next_dagrun for example_kubernetes_executor to None, run_after=None
[2023-12-20T22:43:35.380+0000] {processor.py:183} INFO - Processing /home/airflow/.local/lib/python3.8/site-packages/airflow/example_dags/example_kubernetes_executor.py took 0.091 seconds
[2023-12-20T22:44:05.836+0000] {processor.py:161} INFO - Started process (PID=676) to work on /home/airflow/.local/lib/python3.8/site-packages/airflow/example_dags/example_kubernetes_executor.py
[2023-12-20T22:44:05.838+0000] {processor.py:830} INFO - Processing file /home/airflow/.local/lib/python3.8/site-packages/airflow/example_dags/example_kubernetes_executor.py for tasks to queue
[2023-12-20T22:44:05.841+0000] {logging_mixin.py:188} INFO - [2023-12-20T22:44:05.840+0000] {dagbag.py:538} INFO - Filling up the DagBag from /home/airflow/.local/lib/python3.8/site-packages/airflow/example_dags/example_kubernetes_executor.py
[2023-12-20T22:44:05.855+0000] {processor.py:840} INFO - DAG(s) 'example_kubernetes_executor' retrieved from /home/airflow/.local/lib/python3.8/site-packages/airflow/example_dags/example_kubernetes_executor.py
[2023-12-20T22:44:05.893+0000] {logging_mixin.py:188} INFO - [2023-12-20T22:44:05.892+0000] {dag.py:3033} INFO - Sync 1 DAGs
[2023-12-20T22:44:05.904+0000] {logging_mixin.py:188} INFO - [2023-12-20T22:44:05.904+0000] {dag.py:3820} INFO - Setting next_dagrun for example_kubernetes_executor to None, run_after=None
[2023-12-20T22:44:05.916+0000] {processor.py:183} INFO - Processing /home/airflow/.local/lib/python3.8/site-packages/airflow/example_dags/example_kubernetes_executor.py took 0.084 seconds
[2023-12-20T22:44:36.995+0000] {processor.py:161} INFO - Started process (PID=731) to work on /home/airflow/.local/lib/python3.8/site-packages/airflow/example_dags/example_kubernetes_executor.py
[2023-12-20T22:44:36.997+0000] {processor.py:830} INFO - Processing file /home/airflow/.local/lib/python3.8/site-packages/airflow/example_dags/example_kubernetes_executor.py for tasks to queue
[2023-12-20T22:44:37.002+0000] {logging_mixin.py:188} INFO - [2023-12-20T22:44:37.001+0000] {dagbag.py:538} INFO - Filling up the DagBag from /home/airflow/.local/lib/python3.8/site-packages/airflow/example_dags/example_kubernetes_executor.py
[2023-12-20T22:44:37.017+0000] {processor.py:840} INFO - DAG(s) 'example_kubernetes_executor' retrieved from /home/airflow/.local/lib/python3.8/site-packages/airflow/example_dags/example_kubernetes_executor.py
[2023-12-20T22:44:37.062+0000] {logging_mixin.py:188} INFO - [2023-12-20T22:44:37.062+0000] {dag.py:3033} INFO - Sync 1 DAGs
[2023-12-20T22:44:37.076+0000] {logging_mixin.py:188} INFO - [2023-12-20T22:44:37.076+0000] {dag.py:3820} INFO - Setting next_dagrun for example_kubernetes_executor to None, run_after=None
[2023-12-20T22:44:37.091+0000] {processor.py:183} INFO - Processing /home/airflow/.local/lib/python3.8/site-packages/airflow/example_dags/example_kubernetes_executor.py took 0.101 seconds
[2023-12-20T22:45:07.579+0000] {processor.py:161} INFO - Started process (PID=786) to work on /home/airflow/.local/lib/python3.8/site-packages/airflow/example_dags/example_kubernetes_executor.py
[2023-12-20T22:45:07.580+0000] {processor.py:830} INFO - Processing file /home/airflow/.local/lib/python3.8/site-packages/airflow/example_dags/example_kubernetes_executor.py for tasks to queue
[2023-12-20T22:45:07.583+0000] {logging_mixin.py:188} INFO - [2023-12-20T22:45:07.582+0000] {dagbag.py:538} INFO - Filling up the DagBag from /home/airflow/.local/lib/python3.8/site-packages/airflow/example_dags/example_kubernetes_executor.py
[2023-12-20T22:45:07.596+0000] {processor.py:840} INFO - DAG(s) 'example_kubernetes_executor' retrieved from /home/airflow/.local/lib/python3.8/site-packages/airflow/example_dags/example_kubernetes_executor.py
[2023-12-20T22:45:07.633+0000] {logging_mixin.py:188} INFO - [2023-12-20T22:45:07.633+0000] {dag.py:3033} INFO - Sync 1 DAGs
[2023-12-20T22:45:07.642+0000] {logging_mixin.py:188} INFO - [2023-12-20T22:45:07.642+0000] {dag.py:3820} INFO - Setting next_dagrun for example_kubernetes_executor to None, run_after=None
[2023-12-20T22:45:07.656+0000] {processor.py:183} INFO - Processing /home/airflow/.local/lib/python3.8/site-packages/airflow/example_dags/example_kubernetes_executor.py took 0.081 seconds
[2023-12-20T22:45:37.983+0000] {processor.py:161} INFO - Started process (PID=842) to work on /home/airflow/.local/lib/python3.8/site-packages/airflow/example_dags/example_kubernetes_executor.py
[2023-12-20T22:45:37.984+0000] {processor.py:830} INFO - Processing file /home/airflow/.local/lib/python3.8/site-packages/airflow/example_dags/example_kubernetes_executor.py for tasks to queue
[2023-12-20T22:45:37.988+0000] {logging_mixin.py:188} INFO - [2023-12-20T22:45:37.987+0000] {dagbag.py:538} INFO - Filling up the DagBag from /home/airflow/.local/lib/python3.8/site-packages/airflow/example_dags/example_kubernetes_executor.py
[2023-12-20T22:45:38.004+0000] {processor.py:840} INFO - DAG(s) 'example_kubernetes_executor' retrieved from /home/airflow/.local/lib/python3.8/site-packages/airflow/example_dags/example_kubernetes_executor.py
[2023-12-20T22:45:38.047+0000] {logging_mixin.py:188} INFO - [2023-12-20T22:45:38.047+0000] {dag.py:3033} INFO - Sync 1 DAGs
[2023-12-20T22:45:38.058+0000] {logging_mixin.py:188} INFO - [2023-12-20T22:45:38.058+0000] {dag.py:3820} INFO - Setting next_dagrun for example_kubernetes_executor to None, run_after=None
[2023-12-20T22:45:38.073+0000] {processor.py:183} INFO - Processing /home/airflow/.local/lib/python3.8/site-packages/airflow/example_dags/example_kubernetes_executor.py took 0.095 seconds
[2023-12-20T22:46:08.776+0000] {processor.py:161} INFO - Started process (PID=897) to work on /home/airflow/.local/lib/python3.8/site-packages/airflow/example_dags/example_kubernetes_executor.py
[2023-12-20T22:46:08.778+0000] {processor.py:830} INFO - Processing file /home/airflow/.local/lib/python3.8/site-packages/airflow/example_dags/example_kubernetes_executor.py for tasks to queue
[2023-12-20T22:46:08.781+0000] {logging_mixin.py:188} INFO - [2023-12-20T22:46:08.781+0000] {dagbag.py:538} INFO - Filling up the DagBag from /home/airflow/.local/lib/python3.8/site-packages/airflow/example_dags/example_kubernetes_executor.py
[2023-12-20T22:46:08.795+0000] {processor.py:840} INFO - DAG(s) 'example_kubernetes_executor' retrieved from /home/airflow/.local/lib/python3.8/site-packages/airflow/example_dags/example_kubernetes_executor.py
[2023-12-20T22:46:08.832+0000] {logging_mixin.py:188} INFO - [2023-12-20T22:46:08.832+0000] {dag.py:3033} INFO - Sync 1 DAGs
[2023-12-20T22:46:08.842+0000] {logging_mixin.py:188} INFO - [2023-12-20T22:46:08.842+0000] {dag.py:3820} INFO - Setting next_dagrun for example_kubernetes_executor to None, run_after=None
[2023-12-20T22:46:08.855+0000] {processor.py:183} INFO - Processing /home/airflow/.local/lib/python3.8/site-packages/airflow/example_dags/example_kubernetes_executor.py took 0.083 seconds
[2023-12-20T22:46:39.726+0000] {processor.py:161} INFO - Started process (PID=952) to work on /home/airflow/.local/lib/python3.8/site-packages/airflow/example_dags/example_kubernetes_executor.py
[2023-12-20T22:46:39.727+0000] {processor.py:830} INFO - Processing file /home/airflow/.local/lib/python3.8/site-packages/airflow/example_dags/example_kubernetes_executor.py for tasks to queue
[2023-12-20T22:46:39.730+0000] {logging_mixin.py:188} INFO - [2023-12-20T22:46:39.729+0000] {dagbag.py:538} INFO - Filling up the DagBag from /home/airflow/.local/lib/python3.8/site-packages/airflow/example_dags/example_kubernetes_executor.py
[2023-12-20T22:46:39.744+0000] {processor.py:840} INFO - DAG(s) 'example_kubernetes_executor' retrieved from /home/airflow/.local/lib/python3.8/site-packages/airflow/example_dags/example_kubernetes_executor.py
[2023-12-20T22:46:39.783+0000] {logging_mixin.py:188} INFO - [2023-12-20T22:46:39.783+0000] {dag.py:3033} INFO - Sync 1 DAGs
[2023-12-20T22:46:39.794+0000] {logging_mixin.py:188} INFO - [2023-12-20T22:46:39.794+0000] {dag.py:3820} INFO - Setting next_dagrun for example_kubernetes_executor to None, run_after=None
[2023-12-20T22:46:39.807+0000] {processor.py:183} INFO - Processing /home/airflow/.local/lib/python3.8/site-packages/airflow/example_dags/example_kubernetes_executor.py took 0.086 seconds
[2023-12-20T22:47:10.508+0000] {processor.py:161} INFO - Started process (PID=1007) to work on /home/airflow/.local/lib/python3.8/site-packages/airflow/example_dags/example_kubernetes_executor.py
[2023-12-20T22:47:10.511+0000] {processor.py:830} INFO - Processing file /home/airflow/.local/lib/python3.8/site-packages/airflow/example_dags/example_kubernetes_executor.py for tasks to queue
[2023-12-20T22:47:10.519+0000] {logging_mixin.py:188} INFO - [2023-12-20T22:47:10.517+0000] {dagbag.py:538} INFO - Filling up the DagBag from /home/airflow/.local/lib/python3.8/site-packages/airflow/example_dags/example_kubernetes_executor.py
[2023-12-20T22:47:10.550+0000] {processor.py:840} INFO - DAG(s) 'example_kubernetes_executor' retrieved from /home/airflow/.local/lib/python3.8/site-packages/airflow/example_dags/example_kubernetes_executor.py
[2023-12-20T22:47:10.601+0000] {logging_mixin.py:188} INFO - [2023-12-20T22:47:10.601+0000] {dag.py:3033} INFO - Sync 1 DAGs
[2023-12-20T22:47:10.615+0000] {logging_mixin.py:188} INFO - [2023-12-20T22:47:10.615+0000] {dag.py:3820} INFO - Setting next_dagrun for example_kubernetes_executor to None, run_after=None
[2023-12-20T22:47:10.638+0000] {processor.py:183} INFO - Processing /home/airflow/.local/lib/python3.8/site-packages/airflow/example_dags/example_kubernetes_executor.py took 0.140 seconds
[2023-12-20T22:47:40.768+0000] {processor.py:161} INFO - Started process (PID=1062) to work on /home/airflow/.local/lib/python3.8/site-packages/airflow/example_dags/example_kubernetes_executor.py
[2023-12-20T22:47:40.769+0000] {processor.py:830} INFO - Processing file /home/airflow/.local/lib/python3.8/site-packages/airflow/example_dags/example_kubernetes_executor.py for tasks to queue
[2023-12-20T22:47:40.772+0000] {logging_mixin.py:188} INFO - [2023-12-20T22:47:40.771+0000] {dagbag.py:538} INFO - Filling up the DagBag from /home/airflow/.local/lib/python3.8/site-packages/airflow/example_dags/example_kubernetes_executor.py
[2023-12-20T22:47:40.788+0000] {processor.py:840} INFO - DAG(s) 'example_kubernetes_executor' retrieved from /home/airflow/.local/lib/python3.8/site-packages/airflow/example_dags/example_kubernetes_executor.py
[2023-12-20T22:47:40.830+0000] {logging_mixin.py:188} INFO - [2023-12-20T22:47:40.829+0000] {dag.py:3033} INFO - Sync 1 DAGs
[2023-12-20T22:47:40.844+0000] {logging_mixin.py:188} INFO - [2023-12-20T22:47:40.843+0000] {dag.py:3820} INFO - Setting next_dagrun for example_kubernetes_executor to None, run_after=None
[2023-12-20T22:47:40.862+0000] {processor.py:183} INFO - Processing /home/airflow/.local/lib/python3.8/site-packages/airflow/example_dags/example_kubernetes_executor.py took 0.098 seconds
[2023-12-20T22:48:11.864+0000] {processor.py:161} INFO - Started process (PID=1116) to work on /home/airflow/.local/lib/python3.8/site-packages/airflow/example_dags/example_kubernetes_executor.py
[2023-12-20T22:48:11.865+0000] {processor.py:830} INFO - Processing file /home/airflow/.local/lib/python3.8/site-packages/airflow/example_dags/example_kubernetes_executor.py for tasks to queue
[2023-12-20T22:48:11.869+0000] {logging_mixin.py:188} INFO - [2023-12-20T22:48:11.869+0000] {dagbag.py:538} INFO - Filling up the DagBag from /home/airflow/.local/lib/python3.8/site-packages/airflow/example_dags/example_kubernetes_executor.py
[2023-12-20T22:48:11.888+0000] {processor.py:840} INFO - DAG(s) 'example_kubernetes_executor' retrieved from /home/airflow/.local/lib/python3.8/site-packages/airflow/example_dags/example_kubernetes_executor.py
[2023-12-20T22:48:11.929+0000] {logging_mixin.py:188} INFO - [2023-12-20T22:48:11.928+0000] {dag.py:3033} INFO - Sync 1 DAGs
[2023-12-20T22:48:11.941+0000] {logging_mixin.py:188} INFO - [2023-12-20T22:48:11.940+0000] {dag.py:3820} INFO - Setting next_dagrun for example_kubernetes_executor to None, run_after=None
[2023-12-20T22:48:11.955+0000] {processor.py:183} INFO - Processing /home/airflow/.local/lib/python3.8/site-packages/airflow/example_dags/example_kubernetes_executor.py took 0.096 seconds
[2023-12-20T22:48:42.024+0000] {processor.py:161} INFO - Started process (PID=1171) to work on /home/airflow/.local/lib/python3.8/site-packages/airflow/example_dags/example_kubernetes_executor.py
[2023-12-20T22:48:42.026+0000] {processor.py:830} INFO - Processing file /home/airflow/.local/lib/python3.8/site-packages/airflow/example_dags/example_kubernetes_executor.py for tasks to queue
[2023-12-20T22:48:42.028+0000] {logging_mixin.py:188} INFO - [2023-12-20T22:48:42.028+0000] {dagbag.py:538} INFO - Filling up the DagBag from /home/airflow/.local/lib/python3.8/site-packages/airflow/example_dags/example_kubernetes_executor.py
[2023-12-20T22:48:42.044+0000] {processor.py:840} INFO - DAG(s) 'example_kubernetes_executor' retrieved from /home/airflow/.local/lib/python3.8/site-packages/airflow/example_dags/example_kubernetes_executor.py
[2023-12-20T22:48:42.089+0000] {logging_mixin.py:188} INFO - [2023-12-20T22:48:42.089+0000] {dag.py:3033} INFO - Sync 1 DAGs
[2023-12-20T22:48:42.101+0000] {logging_mixin.py:188} INFO - [2023-12-20T22:48:42.101+0000] {dag.py:3820} INFO - Setting next_dagrun for example_kubernetes_executor to None, run_after=None
[2023-12-20T22:48:42.116+0000] {processor.py:183} INFO - Processing /home/airflow/.local/lib/python3.8/site-packages/airflow/example_dags/example_kubernetes_executor.py took 0.096 seconds
[2023-12-20T22:49:12.386+0000] {processor.py:161} INFO - Started process (PID=1224) to work on /home/airflow/.local/lib/python3.8/site-packages/airflow/example_dags/example_kubernetes_executor.py
[2023-12-20T22:49:12.388+0000] {processor.py:830} INFO - Processing file /home/airflow/.local/lib/python3.8/site-packages/airflow/example_dags/example_kubernetes_executor.py for tasks to queue
[2023-12-20T22:49:12.392+0000] {logging_mixin.py:188} INFO - [2023-12-20T22:49:12.391+0000] {dagbag.py:538} INFO - Filling up the DagBag from /home/airflow/.local/lib/python3.8/site-packages/airflow/example_dags/example_kubernetes_executor.py
[2023-12-20T22:49:12.422+0000] {processor.py:840} INFO - DAG(s) 'example_kubernetes_executor' retrieved from /home/airflow/.local/lib/python3.8/site-packages/airflow/example_dags/example_kubernetes_executor.py
[2023-12-20T22:49:12.535+0000] {logging_mixin.py:188} INFO - [2023-12-20T22:49:12.535+0000] {dag.py:3033} INFO - Sync 1 DAGs
[2023-12-20T22:49:12.573+0000] {logging_mixin.py:188} INFO - [2023-12-20T22:49:12.573+0000] {dag.py:3820} INFO - Setting next_dagrun for example_kubernetes_executor to None, run_after=None
[2023-12-20T22:49:12.615+0000] {processor.py:183} INFO - Processing /home/airflow/.local/lib/python3.8/site-packages/airflow/example_dags/example_kubernetes_executor.py took 0.235 seconds
[2023-12-20T22:49:43.174+0000] {processor.py:161} INFO - Started process (PID=1278) to work on /home/airflow/.local/lib/python3.8/site-packages/airflow/example_dags/example_kubernetes_executor.py
[2023-12-20T22:49:43.176+0000] {processor.py:830} INFO - Processing file /home/airflow/.local/lib/python3.8/site-packages/airflow/example_dags/example_kubernetes_executor.py for tasks to queue
[2023-12-20T22:49:43.179+0000] {logging_mixin.py:188} INFO - [2023-12-20T22:49:43.178+0000] {dagbag.py:538} INFO - Filling up the DagBag from /home/airflow/.local/lib/python3.8/site-packages/airflow/example_dags/example_kubernetes_executor.py
[2023-12-20T22:49:43.195+0000] {processor.py:840} INFO - DAG(s) 'example_kubernetes_executor' retrieved from /home/airflow/.local/lib/python3.8/site-packages/airflow/example_dags/example_kubernetes_executor.py
[2023-12-20T22:49:43.240+0000] {logging_mixin.py:188} INFO - [2023-12-20T22:49:43.240+0000] {dag.py:3033} INFO - Sync 1 DAGs
[2023-12-20T22:49:43.256+0000] {logging_mixin.py:188} INFO - [2023-12-20T22:49:43.256+0000] {dag.py:3820} INFO - Setting next_dagrun for example_kubernetes_executor to None, run_after=None
[2023-12-20T22:49:43.274+0000] {processor.py:183} INFO - Processing /home/airflow/.local/lib/python3.8/site-packages/airflow/example_dags/example_kubernetes_executor.py took 0.104 seconds
[2023-12-20T22:50:13.497+0000] {processor.py:161} INFO - Started process (PID=1333) to work on /home/airflow/.local/lib/python3.8/site-packages/airflow/example_dags/example_kubernetes_executor.py
[2023-12-20T22:50:13.498+0000] {processor.py:830} INFO - Processing file /home/airflow/.local/lib/python3.8/site-packages/airflow/example_dags/example_kubernetes_executor.py for tasks to queue
[2023-12-20T22:50:13.501+0000] {logging_mixin.py:188} INFO - [2023-12-20T22:50:13.501+0000] {dagbag.py:538} INFO - Filling up the DagBag from /home/airflow/.local/lib/python3.8/site-packages/airflow/example_dags/example_kubernetes_executor.py
[2023-12-20T22:50:13.515+0000] {processor.py:840} INFO - DAG(s) 'example_kubernetes_executor' retrieved from /home/airflow/.local/lib/python3.8/site-packages/airflow/example_dags/example_kubernetes_executor.py
[2023-12-20T22:50:13.550+0000] {logging_mixin.py:188} INFO - [2023-12-20T22:50:13.550+0000] {dag.py:3033} INFO - Sync 1 DAGs
[2023-12-20T22:50:13.560+0000] {logging_mixin.py:188} INFO - [2023-12-20T22:50:13.560+0000] {dag.py:3820} INFO - Setting next_dagrun for example_kubernetes_executor to None, run_after=None
[2023-12-20T22:50:13.574+0000] {processor.py:183} INFO - Processing /home/airflow/.local/lib/python3.8/site-packages/airflow/example_dags/example_kubernetes_executor.py took 0.080 seconds
[2023-12-20T22:50:43.785+0000] {processor.py:161} INFO - Started process (PID=1388) to work on /home/airflow/.local/lib/python3.8/site-packages/airflow/example_dags/example_kubernetes_executor.py
[2023-12-20T22:50:43.787+0000] {processor.py:830} INFO - Processing file /home/airflow/.local/lib/python3.8/site-packages/airflow/example_dags/example_kubernetes_executor.py for tasks to queue
[2023-12-20T22:50:43.789+0000] {logging_mixin.py:188} INFO - [2023-12-20T22:50:43.789+0000] {dagbag.py:538} INFO - Filling up the DagBag from /home/airflow/.local/lib/python3.8/site-packages/airflow/example_dags/example_kubernetes_executor.py
[2023-12-20T22:50:43.807+0000] {processor.py:840} INFO - DAG(s) 'example_kubernetes_executor' retrieved from /home/airflow/.local/lib/python3.8/site-packages/airflow/example_dags/example_kubernetes_executor.py
[2023-12-20T22:50:43.848+0000] {logging_mixin.py:188} INFO - [2023-12-20T22:50:43.848+0000] {dag.py:3033} INFO - Sync 1 DAGs
[2023-12-20T22:50:43.867+0000] {logging_mixin.py:188} INFO - [2023-12-20T22:50:43.866+0000] {dag.py:3820} INFO - Setting next_dagrun for example_kubernetes_executor to None, run_after=None
[2023-12-20T22:50:43.883+0000] {processor.py:183} INFO - Processing /home/airflow/.local/lib/python3.8/site-packages/airflow/example_dags/example_kubernetes_executor.py took 0.101 seconds
[2023-12-20T22:51:13.999+0000] {processor.py:161} INFO - Started process (PID=1444) to work on /home/airflow/.local/lib/python3.8/site-packages/airflow/example_dags/example_kubernetes_executor.py
[2023-12-20T22:51:14.001+0000] {processor.py:830} INFO - Processing file /home/airflow/.local/lib/python3.8/site-packages/airflow/example_dags/example_kubernetes_executor.py for tasks to queue
[2023-12-20T22:51:14.003+0000] {logging_mixin.py:188} INFO - [2023-12-20T22:51:14.003+0000] {dagbag.py:538} INFO - Filling up the DagBag from /home/airflow/.local/lib/python3.8/site-packages/airflow/example_dags/example_kubernetes_executor.py
[2023-12-20T22:51:14.020+0000] {processor.py:840} INFO - DAG(s) 'example_kubernetes_executor' retrieved from /home/airflow/.local/lib/python3.8/site-packages/airflow/example_dags/example_kubernetes_executor.py
[2023-12-20T22:51:14.092+0000] {logging_mixin.py:188} INFO - [2023-12-20T22:51:14.091+0000] {dag.py:3033} INFO - Sync 1 DAGs
[2023-12-20T22:51:14.107+0000] {logging_mixin.py:188} INFO - [2023-12-20T22:51:14.107+0000] {dag.py:3820} INFO - Setting next_dagrun for example_kubernetes_executor to None, run_after=None
[2023-12-20T22:51:14.121+0000] {processor.py:183} INFO - Processing /home/airflow/.local/lib/python3.8/site-packages/airflow/example_dags/example_kubernetes_executor.py took 0.126 seconds
[2023-12-20T22:51:44.588+0000] {processor.py:161} INFO - Started process (PID=1498) to work on /home/airflow/.local/lib/python3.8/site-packages/airflow/example_dags/example_kubernetes_executor.py
[2023-12-20T22:51:44.589+0000] {processor.py:830} INFO - Processing file /home/airflow/.local/lib/python3.8/site-packages/airflow/example_dags/example_kubernetes_executor.py for tasks to queue
[2023-12-20T22:51:44.592+0000] {logging_mixin.py:188} INFO - [2023-12-20T22:51:44.592+0000] {dagbag.py:538} INFO - Filling up the DagBag from /home/airflow/.local/lib/python3.8/site-packages/airflow/example_dags/example_kubernetes_executor.py
[2023-12-20T22:51:44.626+0000] {processor.py:840} INFO - DAG(s) 'example_kubernetes_executor' retrieved from /home/airflow/.local/lib/python3.8/site-packages/airflow/example_dags/example_kubernetes_executor.py
[2023-12-20T22:51:44.674+0000] {logging_mixin.py:188} INFO - [2023-12-20T22:51:44.674+0000] {dag.py:3033} INFO - Sync 1 DAGs
[2023-12-20T22:51:44.686+0000] {logging_mixin.py:188} INFO - [2023-12-20T22:51:44.686+0000] {dag.py:3820} INFO - Setting next_dagrun for example_kubernetes_executor to None, run_after=None
[2023-12-20T22:51:44.703+0000] {processor.py:183} INFO - Processing /home/airflow/.local/lib/python3.8/site-packages/airflow/example_dags/example_kubernetes_executor.py took 0.119 seconds
[2023-12-20T22:52:14.765+0000] {processor.py:161} INFO - Started process (PID=1553) to work on /home/airflow/.local/lib/python3.8/site-packages/airflow/example_dags/example_kubernetes_executor.py
[2023-12-20T22:52:14.766+0000] {processor.py:830} INFO - Processing file /home/airflow/.local/lib/python3.8/site-packages/airflow/example_dags/example_kubernetes_executor.py for tasks to queue
[2023-12-20T22:52:14.769+0000] {logging_mixin.py:188} INFO - [2023-12-20T22:52:14.769+0000] {dagbag.py:538} INFO - Filling up the DagBag from /home/airflow/.local/lib/python3.8/site-packages/airflow/example_dags/example_kubernetes_executor.py
[2023-12-20T22:52:14.783+0000] {processor.py:840} INFO - DAG(s) 'example_kubernetes_executor' retrieved from /home/airflow/.local/lib/python3.8/site-packages/airflow/example_dags/example_kubernetes_executor.py
[2023-12-20T22:52:14.820+0000] {logging_mixin.py:188} INFO - [2023-12-20T22:52:14.820+0000] {dag.py:3033} INFO - Sync 1 DAGs
[2023-12-20T22:52:14.831+0000] {logging_mixin.py:188} INFO - [2023-12-20T22:52:14.831+0000] {dag.py:3820} INFO - Setting next_dagrun for example_kubernetes_executor to None, run_after=None
[2023-12-20T22:52:14.847+0000] {processor.py:183} INFO - Processing /home/airflow/.local/lib/python3.8/site-packages/airflow/example_dags/example_kubernetes_executor.py took 0.085 seconds
[2023-12-20T22:52:45.200+0000] {processor.py:161} INFO - Started process (PID=1608) to work on /home/airflow/.local/lib/python3.8/site-packages/airflow/example_dags/example_kubernetes_executor.py
[2023-12-20T22:52:45.202+0000] {processor.py:830} INFO - Processing file /home/airflow/.local/lib/python3.8/site-packages/airflow/example_dags/example_kubernetes_executor.py for tasks to queue
[2023-12-20T22:52:45.204+0000] {logging_mixin.py:188} INFO - [2023-12-20T22:52:45.204+0000] {dagbag.py:538} INFO - Filling up the DagBag from /home/airflow/.local/lib/python3.8/site-packages/airflow/example_dags/example_kubernetes_executor.py
[2023-12-20T22:52:45.218+0000] {processor.py:840} INFO - DAG(s) 'example_kubernetes_executor' retrieved from /home/airflow/.local/lib/python3.8/site-packages/airflow/example_dags/example_kubernetes_executor.py
[2023-12-20T22:52:45.257+0000] {logging_mixin.py:188} INFO - [2023-12-20T22:52:45.257+0000] {dag.py:3033} INFO - Sync 1 DAGs
[2023-12-20T22:52:45.269+0000] {logging_mixin.py:188} INFO - [2023-12-20T22:52:45.269+0000] {dag.py:3820} INFO - Setting next_dagrun for example_kubernetes_executor to None, run_after=None
[2023-12-20T22:52:45.284+0000] {processor.py:183} INFO - Processing /home/airflow/.local/lib/python3.8/site-packages/airflow/example_dags/example_kubernetes_executor.py took 0.088 seconds
[2023-12-20T22:53:15.623+0000] {processor.py:161} INFO - Started process (PID=1664) to work on /home/airflow/.local/lib/python3.8/site-packages/airflow/example_dags/example_kubernetes_executor.py
[2023-12-20T22:53:15.632+0000] {processor.py:830} INFO - Processing file /home/airflow/.local/lib/python3.8/site-packages/airflow/example_dags/example_kubernetes_executor.py for tasks to queue
[2023-12-20T22:53:15.637+0000] {logging_mixin.py:188} INFO - [2023-12-20T22:53:15.636+0000] {dagbag.py:538} INFO - Filling up the DagBag from /home/airflow/.local/lib/python3.8/site-packages/airflow/example_dags/example_kubernetes_executor.py
[2023-12-20T22:53:15.679+0000] {processor.py:840} INFO - DAG(s) 'example_kubernetes_executor' retrieved from /home/airflow/.local/lib/python3.8/site-packages/airflow/example_dags/example_kubernetes_executor.py
[2023-12-20T22:53:15.795+0000] {logging_mixin.py:188} INFO - [2023-12-20T22:53:15.795+0000] {dag.py:3033} INFO - Sync 1 DAGs
[2023-12-20T22:53:15.808+0000] {logging_mixin.py:188} INFO - [2023-12-20T22:53:15.808+0000] {dag.py:3820} INFO - Setting next_dagrun for example_kubernetes_executor to None, run_after=None
[2023-12-20T22:53:15.826+0000] {processor.py:183} INFO - Processing /home/airflow/.local/lib/python3.8/site-packages/airflow/example_dags/example_kubernetes_executor.py took 0.213 seconds
[2023-12-20T22:53:46.863+0000] {processor.py:161} INFO - Started process (PID=1726) to work on /home/airflow/.local/lib/python3.8/site-packages/airflow/example_dags/example_kubernetes_executor.py
[2023-12-20T22:53:46.865+0000] {processor.py:830} INFO - Processing file /home/airflow/.local/lib/python3.8/site-packages/airflow/example_dags/example_kubernetes_executor.py for tasks to queue
[2023-12-20T22:53:46.868+0000] {logging_mixin.py:188} INFO - [2023-12-20T22:53:46.868+0000] {dagbag.py:538} INFO - Filling up the DagBag from /home/airflow/.local/lib/python3.8/site-packages/airflow/example_dags/example_kubernetes_executor.py
[2023-12-20T22:53:46.931+0000] {processor.py:840} INFO - DAG(s) 'example_kubernetes_executor' retrieved from /home/airflow/.local/lib/python3.8/site-packages/airflow/example_dags/example_kubernetes_executor.py
[2023-12-20T22:53:47.034+0000] {logging_mixin.py:188} INFO - [2023-12-20T22:53:47.034+0000] {dag.py:3033} INFO - Sync 1 DAGs
[2023-12-20T22:53:47.053+0000] {logging_mixin.py:188} INFO - [2023-12-20T22:53:47.052+0000] {dag.py:3820} INFO - Setting next_dagrun for example_kubernetes_executor to None, run_after=None
[2023-12-20T22:53:47.105+0000] {processor.py:183} INFO - Processing /home/airflow/.local/lib/python3.8/site-packages/airflow/example_dags/example_kubernetes_executor.py took 0.271 seconds
[2023-12-20T22:55:03.080+0000] {processor.py:161} INFO - Started process (PID=1807) to work on /home/airflow/.local/lib/python3.8/site-packages/airflow/example_dags/example_kubernetes_executor.py
[2023-12-20T22:55:03.086+0000] {processor.py:830} INFO - Processing file /home/airflow/.local/lib/python3.8/site-packages/airflow/example_dags/example_kubernetes_executor.py for tasks to queue
[2023-12-20T22:55:03.152+0000] {logging_mixin.py:188} INFO - [2023-12-20T22:55:03.140+0000] {dagbag.py:538} INFO - Filling up the DagBag from /home/airflow/.local/lib/python3.8/site-packages/airflow/example_dags/example_kubernetes_executor.py
[2023-12-20T22:55:03.546+0000] {processor.py:840} INFO - DAG(s) 'example_kubernetes_executor' retrieved from /home/airflow/.local/lib/python3.8/site-packages/airflow/example_dags/example_kubernetes_executor.py
[2023-12-20T22:55:04.972+0000] {logging_mixin.py:188} INFO - [2023-12-20T22:55:04.952+0000] {dag.py:3033} INFO - Sync 1 DAGs
[2023-12-20T22:55:05.437+0000] {logging_mixin.py:188} INFO - [2023-12-20T22:55:05.437+0000] {dag.py:3820} INFO - Setting next_dagrun for example_kubernetes_executor to None, run_after=None
[2023-12-20T22:55:05.914+0000] {processor.py:183} INFO - Processing /home/airflow/.local/lib/python3.8/site-packages/airflow/example_dags/example_kubernetes_executor.py took 2.887 seconds
[2023-12-20T22:56:03.591+0000] {processor.py:161} INFO - Started process (PID=1876) to work on /home/airflow/.local/lib/python3.8/site-packages/airflow/example_dags/example_kubernetes_executor.py
[2023-12-20T22:56:03.612+0000] {processor.py:830} INFO - Processing file /home/airflow/.local/lib/python3.8/site-packages/airflow/example_dags/example_kubernetes_executor.py for tasks to queue
[2023-12-20T22:56:03.764+0000] {logging_mixin.py:188} INFO - [2023-12-20T22:56:03.751+0000] {dagbag.py:538} INFO - Filling up the DagBag from /home/airflow/.local/lib/python3.8/site-packages/airflow/example_dags/example_kubernetes_executor.py
[2023-12-20T22:56:03.876+0000] {processor.py:840} INFO - DAG(s) 'example_kubernetes_executor' retrieved from /home/airflow/.local/lib/python3.8/site-packages/airflow/example_dags/example_kubernetes_executor.py
[2023-12-20T22:56:04.065+0000] {logging_mixin.py:188} INFO - [2023-12-20T22:56:04.064+0000] {dag.py:3033} INFO - Sync 1 DAGs
[2023-12-20T22:56:04.144+0000] {logging_mixin.py:188} INFO - [2023-12-20T22:56:04.143+0000] {dag.py:3820} INFO - Setting next_dagrun for example_kubernetes_executor to None, run_after=None
[2023-12-20T22:56:04.208+0000] {processor.py:183} INFO - Processing /home/airflow/.local/lib/python3.8/site-packages/airflow/example_dags/example_kubernetes_executor.py took 0.757 seconds
[2023-12-20T22:56:44.882+0000] {processor.py:161} INFO - Started process (PID=1940) to work on /home/airflow/.local/lib/python3.8/site-packages/airflow/example_dags/example_kubernetes_executor.py
[2023-12-20T22:56:44.889+0000] {processor.py:830} INFO - Processing file /home/airflow/.local/lib/python3.8/site-packages/airflow/example_dags/example_kubernetes_executor.py for tasks to queue
[2023-12-20T22:56:44.917+0000] {logging_mixin.py:188} INFO - [2023-12-20T22:56:44.915+0000] {dagbag.py:538} INFO - Filling up the DagBag from /home/airflow/.local/lib/python3.8/site-packages/airflow/example_dags/example_kubernetes_executor.py
[2023-12-20T22:56:45.068+0000] {processor.py:840} INFO - DAG(s) 'example_kubernetes_executor' retrieved from /home/airflow/.local/lib/python3.8/site-packages/airflow/example_dags/example_kubernetes_executor.py
[2023-12-20T22:56:45.300+0000] {logging_mixin.py:188} INFO - [2023-12-20T22:56:45.299+0000] {dag.py:3033} INFO - Sync 1 DAGs
[2023-12-20T22:56:45.364+0000] {logging_mixin.py:188} INFO - [2023-12-20T22:56:45.364+0000] {dag.py:3820} INFO - Setting next_dagrun for example_kubernetes_executor to None, run_after=None
[2023-12-20T22:56:45.456+0000] {processor.py:183} INFO - Processing /home/airflow/.local/lib/python3.8/site-packages/airflow/example_dags/example_kubernetes_executor.py took 0.603 seconds
[2023-12-20T22:58:46.928+0000] {processor.py:161} INFO - Started process (PID=2028) to work on /home/airflow/.local/lib/python3.8/site-packages/airflow/example_dags/example_kubernetes_executor.py
[2023-12-20T22:58:46.947+0000] {processor.py:830} INFO - Processing file /home/airflow/.local/lib/python3.8/site-packages/airflow/example_dags/example_kubernetes_executor.py for tasks to queue
[2023-12-20T22:58:46.965+0000] {logging_mixin.py:188} INFO - [2023-12-20T22:58:46.964+0000] {dagbag.py:538} INFO - Filling up the DagBag from /home/airflow/.local/lib/python3.8/site-packages/airflow/example_dags/example_kubernetes_executor.py
[2023-12-20T22:58:47.105+0000] {processor.py:840} INFO - DAG(s) 'example_kubernetes_executor' retrieved from /home/airflow/.local/lib/python3.8/site-packages/airflow/example_dags/example_kubernetes_executor.py
[2023-12-20T22:58:47.596+0000] {logging_mixin.py:188} INFO - [2023-12-20T22:58:47.595+0000] {dag.py:3033} INFO - Sync 1 DAGs
[2023-12-20T22:58:51.557+0000] {logging_mixin.py:188} INFO - [2023-12-20T22:58:51.555+0000] {dag.py:3820} INFO - Setting next_dagrun for example_kubernetes_executor to None, run_after=None
[2023-12-20T22:58:51.705+0000] {processor.py:183} INFO - Processing /home/airflow/.local/lib/python3.8/site-packages/airflow/example_dags/example_kubernetes_executor.py took 4.852 seconds
[2023-12-20T23:01:24.394+0000] {processor.py:161} INFO - Started process (PID=2137) to work on /home/airflow/.local/lib/python3.8/site-packages/airflow/example_dags/example_kubernetes_executor.py
[2023-12-20T23:01:24.398+0000] {processor.py:830} INFO - Processing file /home/airflow/.local/lib/python3.8/site-packages/airflow/example_dags/example_kubernetes_executor.py for tasks to queue
[2023-12-20T23:01:24.422+0000] {logging_mixin.py:188} INFO - [2023-12-20T23:01:24.420+0000] {dagbag.py:538} INFO - Filling up the DagBag from /home/airflow/.local/lib/python3.8/site-packages/airflow/example_dags/example_kubernetes_executor.py
[2023-12-20T23:01:24.614+0000] {processor.py:840} INFO - DAG(s) 'example_kubernetes_executor' retrieved from /home/airflow/.local/lib/python3.8/site-packages/airflow/example_dags/example_kubernetes_executor.py
[2023-12-20T23:01:25.016+0000] {logging_mixin.py:188} INFO - [2023-12-20T23:01:25.015+0000] {dag.py:3033} INFO - Sync 1 DAGs
[2023-12-20T23:01:25.104+0000] {logging_mixin.py:188} INFO - [2023-12-20T23:01:25.104+0000] {dag.py:3820} INFO - Setting next_dagrun for example_kubernetes_executor to None, run_after=None
[2023-12-20T23:01:25.207+0000] {processor.py:183} INFO - Processing /home/airflow/.local/lib/python3.8/site-packages/airflow/example_dags/example_kubernetes_executor.py took 0.860 seconds
[2023-12-20T23:02:33.674+0000] {processor.py:161} INFO - Started process (PID=2207) to work on /home/airflow/.local/lib/python3.8/site-packages/airflow/example_dags/example_kubernetes_executor.py
[2023-12-20T23:02:33.684+0000] {processor.py:830} INFO - Processing file /home/airflow/.local/lib/python3.8/site-packages/airflow/example_dags/example_kubernetes_executor.py for tasks to queue
[2023-12-20T23:02:33.702+0000] {logging_mixin.py:188} INFO - [2023-12-20T23:02:33.693+0000] {dagbag.py:538} INFO - Filling up the DagBag from /home/airflow/.local/lib/python3.8/site-packages/airflow/example_dags/example_kubernetes_executor.py
[2023-12-20T23:02:35.611+0000] {processor.py:840} INFO - DAG(s) 'example_kubernetes_executor' retrieved from /home/airflow/.local/lib/python3.8/site-packages/airflow/example_dags/example_kubernetes_executor.py
[2023-12-20T23:02:35.829+0000] {logging_mixin.py:188} INFO - [2023-12-20T23:02:35.828+0000] {dag.py:3033} INFO - Sync 1 DAGs
[2023-12-20T23:02:35.901+0000] {logging_mixin.py:188} INFO - [2023-12-20T23:02:35.901+0000] {dag.py:3820} INFO - Setting next_dagrun for example_kubernetes_executor to None, run_after=None
[2023-12-20T23:02:36.020+0000] {processor.py:183} INFO - Processing /home/airflow/.local/lib/python3.8/site-packages/airflow/example_dags/example_kubernetes_executor.py took 2.394 seconds
[2023-12-20T23:03:28.052+0000] {processor.py:161} INFO - Started process (PID=2269) to work on /home/airflow/.local/lib/python3.8/site-packages/airflow/example_dags/example_kubernetes_executor.py
[2023-12-20T23:03:28.067+0000] {processor.py:830} INFO - Processing file /home/airflow/.local/lib/python3.8/site-packages/airflow/example_dags/example_kubernetes_executor.py for tasks to queue
[2023-12-20T23:03:28.109+0000] {logging_mixin.py:188} INFO - [2023-12-20T23:03:28.108+0000] {dagbag.py:538} INFO - Filling up the DagBag from /home/airflow/.local/lib/python3.8/site-packages/airflow/example_dags/example_kubernetes_executor.py
[2023-12-20T23:03:28.214+0000] {processor.py:840} INFO - DAG(s) 'example_kubernetes_executor' retrieved from /home/airflow/.local/lib/python3.8/site-packages/airflow/example_dags/example_kubernetes_executor.py
[2023-12-20T23:03:28.470+0000] {logging_mixin.py:188} INFO - [2023-12-20T23:03:28.469+0000] {dag.py:3033} INFO - Sync 1 DAGs
[2023-12-20T23:03:28.538+0000] {logging_mixin.py:188} INFO - [2023-12-20T23:03:28.537+0000] {dag.py:3820} INFO - Setting next_dagrun for example_kubernetes_executor to None, run_after=None
[2023-12-20T23:03:28.615+0000] {processor.py:183} INFO - Processing /home/airflow/.local/lib/python3.8/site-packages/airflow/example_dags/example_kubernetes_executor.py took 0.615 seconds
[2023-12-20T23:06:21.329+0000] {processor.py:161} INFO - Started process (PID=2341) to work on /home/airflow/.local/lib/python3.8/site-packages/airflow/example_dags/example_kubernetes_executor.py
[2023-12-20T23:06:21.346+0000] {processor.py:830} INFO - Processing file /home/airflow/.local/lib/python3.8/site-packages/airflow/example_dags/example_kubernetes_executor.py for tasks to queue
[2023-12-20T23:06:21.553+0000] {logging_mixin.py:188} INFO - [2023-12-20T23:06:21.552+0000] {dagbag.py:538} INFO - Filling up the DagBag from /home/airflow/.local/lib/python3.8/site-packages/airflow/example_dags/example_kubernetes_executor.py
[2023-12-20T23:06:22.227+0000] {processor.py:840} INFO - DAG(s) 'example_kubernetes_executor' retrieved from /home/airflow/.local/lib/python3.8/site-packages/airflow/example_dags/example_kubernetes_executor.py
[2023-12-20T23:06:23.313+0000] {logging_mixin.py:188} INFO - [2023-12-20T23:06:23.310+0000] {dag.py:3033} INFO - Sync 1 DAGs
[2023-12-20T23:06:23.507+0000] {logging_mixin.py:188} INFO - [2023-12-20T23:06:23.506+0000] {dag.py:3820} INFO - Setting next_dagrun for example_kubernetes_executor to None, run_after=None
[2023-12-20T23:06:23.882+0000] {processor.py:183} INFO - Processing /home/airflow/.local/lib/python3.8/site-packages/airflow/example_dags/example_kubernetes_executor.py took 2.619 seconds
[2023-12-20T23:08:48.531+0000] {processor.py:161} INFO - Started process (PID=2453) to work on /home/airflow/.local/lib/python3.8/site-packages/airflow/example_dags/example_kubernetes_executor.py
[2023-12-20T23:08:48.535+0000] {processor.py:830} INFO - Processing file /home/airflow/.local/lib/python3.8/site-packages/airflow/example_dags/example_kubernetes_executor.py for tasks to queue
[2023-12-20T23:08:48.559+0000] {logging_mixin.py:188} INFO - [2023-12-20T23:08:48.557+0000] {dagbag.py:538} INFO - Filling up the DagBag from /home/airflow/.local/lib/python3.8/site-packages/airflow/example_dags/example_kubernetes_executor.py
[2023-12-20T23:08:48.694+0000] {processor.py:840} INFO - DAG(s) 'example_kubernetes_executor' retrieved from /home/airflow/.local/lib/python3.8/site-packages/airflow/example_dags/example_kubernetes_executor.py
[2023-12-20T23:08:49.065+0000] {logging_mixin.py:188} INFO - [2023-12-20T23:08:49.065+0000] {dag.py:3033} INFO - Sync 1 DAGs
[2023-12-20T23:08:49.296+0000] {logging_mixin.py:188} INFO - [2023-12-20T23:08:49.295+0000] {dag.py:3820} INFO - Setting next_dagrun for example_kubernetes_executor to None, run_after=None
[2023-12-20T23:08:49.568+0000] {processor.py:183} INFO - Processing /home/airflow/.local/lib/python3.8/site-packages/airflow/example_dags/example_kubernetes_executor.py took 1.055 seconds
[2023-12-20T23:09:58.478+0000] {processor.py:161} INFO - Started process (PID=2522) to work on /home/airflow/.local/lib/python3.8/site-packages/airflow/example_dags/example_kubernetes_executor.py
[2023-12-20T23:09:58.555+0000] {processor.py:830} INFO - Processing file /home/airflow/.local/lib/python3.8/site-packages/airflow/example_dags/example_kubernetes_executor.py for tasks to queue
[2023-12-20T23:09:58.850+0000] {logging_mixin.py:188} INFO - [2023-12-20T23:09:58.794+0000] {dagbag.py:538} INFO - Filling up the DagBag from /home/airflow/.local/lib/python3.8/site-packages/airflow/example_dags/example_kubernetes_executor.py
[2023-12-20T23:09:59.881+0000] {processor.py:840} INFO - DAG(s) 'example_kubernetes_executor' retrieved from /home/airflow/.local/lib/python3.8/site-packages/airflow/example_dags/example_kubernetes_executor.py
[2023-12-20T23:10:01.081+0000] {logging_mixin.py:188} INFO - [2023-12-20T23:10:01.080+0000] {dag.py:3033} INFO - Sync 1 DAGs
[2023-12-20T23:10:01.365+0000] {logging_mixin.py:188} INFO - [2023-12-20T23:10:01.364+0000] {dag.py:3820} INFO - Setting next_dagrun for example_kubernetes_executor to None, run_after=None
[2023-12-20T23:10:01.604+0000] {processor.py:183} INFO - Processing /home/airflow/.local/lib/python3.8/site-packages/airflow/example_dags/example_kubernetes_executor.py took 3.892 seconds
[2023-12-20T23:11:56.363+0000] {processor.py:161} INFO - Started process (PID=2611) to work on /home/airflow/.local/lib/python3.8/site-packages/airflow/example_dags/example_kubernetes_executor.py
[2023-12-20T23:11:56.373+0000] {processor.py:830} INFO - Processing file /home/airflow/.local/lib/python3.8/site-packages/airflow/example_dags/example_kubernetes_executor.py for tasks to queue
[2023-12-20T23:11:56.452+0000] {logging_mixin.py:188} INFO - [2023-12-20T23:11:56.449+0000] {dagbag.py:538} INFO - Filling up the DagBag from /home/airflow/.local/lib/python3.8/site-packages/airflow/example_dags/example_kubernetes_executor.py
[2023-12-20T23:11:56.866+0000] {processor.py:840} INFO - DAG(s) 'example_kubernetes_executor' retrieved from /home/airflow/.local/lib/python3.8/site-packages/airflow/example_dags/example_kubernetes_executor.py
[2023-12-20T23:11:57.413+0000] {logging_mixin.py:188} INFO - [2023-12-20T23:11:57.399+0000] {dag.py:3033} INFO - Sync 1 DAGs
[2023-12-20T23:11:57.643+0000] {logging_mixin.py:188} INFO - [2023-12-20T23:11:57.642+0000] {dag.py:3820} INFO - Setting next_dagrun for example_kubernetes_executor to None, run_after=None
[2023-12-20T23:11:57.946+0000] {processor.py:183} INFO - Processing /home/airflow/.local/lib/python3.8/site-packages/airflow/example_dags/example_kubernetes_executor.py took 1.633 seconds
[2023-12-20T23:12:54.910+0000] {processor.py:161} INFO - Started process (PID=2680) to work on /home/airflow/.local/lib/python3.8/site-packages/airflow/example_dags/example_kubernetes_executor.py
[2023-12-20T23:12:54.929+0000] {processor.py:830} INFO - Processing file /home/airflow/.local/lib/python3.8/site-packages/airflow/example_dags/example_kubernetes_executor.py for tasks to queue
[2023-12-20T23:12:54.994+0000] {logging_mixin.py:188} INFO - [2023-12-20T23:12:54.991+0000] {dagbag.py:538} INFO - Filling up the DagBag from /home/airflow/.local/lib/python3.8/site-packages/airflow/example_dags/example_kubernetes_executor.py
[2023-12-20T23:12:55.436+0000] {processor.py:840} INFO - DAG(s) 'example_kubernetes_executor' retrieved from /home/airflow/.local/lib/python3.8/site-packages/airflow/example_dags/example_kubernetes_executor.py
[2023-12-20T23:12:56.310+0000] {logging_mixin.py:188} INFO - [2023-12-20T23:12:56.309+0000] {dag.py:3033} INFO - Sync 1 DAGs
[2023-12-20T23:12:56.604+0000] {logging_mixin.py:188} INFO - [2023-12-20T23:12:56.603+0000] {dag.py:3820} INFO - Setting next_dagrun for example_kubernetes_executor to None, run_after=None
[2023-12-20T23:12:56.791+0000] {processor.py:183} INFO - Processing /home/airflow/.local/lib/python3.8/site-packages/airflow/example_dags/example_kubernetes_executor.py took 1.963 seconds
[2023-12-20T23:14:10.827+0000] {processor.py:161} INFO - Started process (PID=2746) to work on /home/airflow/.local/lib/python3.8/site-packages/airflow/example_dags/example_kubernetes_executor.py
[2023-12-20T23:14:10.833+0000] {processor.py:830} INFO - Processing file /home/airflow/.local/lib/python3.8/site-packages/airflow/example_dags/example_kubernetes_executor.py for tasks to queue
[2023-12-20T23:14:10.857+0000] {logging_mixin.py:188} INFO - [2023-12-20T23:14:10.851+0000] {dagbag.py:538} INFO - Filling up the DagBag from /home/airflow/.local/lib/python3.8/site-packages/airflow/example_dags/example_kubernetes_executor.py
[2023-12-20T23:14:11.029+0000] {processor.py:840} INFO - DAG(s) 'example_kubernetes_executor' retrieved from /home/airflow/.local/lib/python3.8/site-packages/airflow/example_dags/example_kubernetes_executor.py
[2023-12-20T23:14:12.191+0000] {logging_mixin.py:188} INFO - [2023-12-20T23:14:12.188+0000] {dag.py:3033} INFO - Sync 1 DAGs
[2023-12-20T23:14:12.335+0000] {logging_mixin.py:188} INFO - [2023-12-20T23:14:12.334+0000] {dag.py:3820} INFO - Setting next_dagrun for example_kubernetes_executor to None, run_after=None
[2023-12-20T23:14:12.554+0000] {processor.py:183} INFO - Processing /home/airflow/.local/lib/python3.8/site-packages/airflow/example_dags/example_kubernetes_executor.py took 1.762 seconds
