[2023-12-20T22:38:08.239+0000] {processor.py:161} INFO - Started process (PID=30) to work on /home/airflow/.local/lib/python3.8/site-packages/airflow/example_dags/example_setup_teardown.py
[2023-12-20T22:38:08.243+0000] {processor.py:830} INFO - Processing file /home/airflow/.local/lib/python3.8/site-packages/airflow/example_dags/example_setup_teardown.py for tasks to queue
[2023-12-20T22:38:08.253+0000] {logging_mixin.py:188} INFO - [2023-12-20T22:38:08.252+0000] {dagbag.py:538} INFO - Filling up the DagBag from /home/airflow/.local/lib/python3.8/site-packages/airflow/example_dags/example_setup_teardown.py
[2023-12-20T22:38:08.301+0000] {processor.py:840} INFO - DAG(s) 'example_setup_teardown' retrieved from /home/airflow/.local/lib/python3.8/site-packages/airflow/example_dags/example_setup_teardown.py
[2023-12-20T22:38:08.812+0000] {logging_mixin.py:188} INFO - [2023-12-20T22:38:08.811+0000] {dag.py:3033} INFO - Sync 1 DAGs
[2023-12-20T22:38:08.900+0000] {logging_mixin.py:188} INFO - [2023-12-20T22:38:08.900+0000] {dag.py:3820} INFO - Setting next_dagrun for example_setup_teardown to 2023-12-19T00:00:00+00:00, run_after=2023-12-20T00:00:00+00:00
[2023-12-20T22:38:08.943+0000] {processor.py:183} INFO - Processing /home/airflow/.local/lib/python3.8/site-packages/airflow/example_dags/example_setup_teardown.py took 0.714 seconds
[2023-12-20T22:38:39.085+0000] {processor.py:161} INFO - Started process (PID=85) to work on /home/airflow/.local/lib/python3.8/site-packages/airflow/example_dags/example_setup_teardown.py
[2023-12-20T22:38:39.088+0000] {processor.py:830} INFO - Processing file /home/airflow/.local/lib/python3.8/site-packages/airflow/example_dags/example_setup_teardown.py for tasks to queue
[2023-12-20T22:38:39.094+0000] {logging_mixin.py:188} INFO - [2023-12-20T22:38:39.093+0000] {dagbag.py:538} INFO - Filling up the DagBag from /home/airflow/.local/lib/python3.8/site-packages/airflow/example_dags/example_setup_teardown.py
[2023-12-20T22:38:39.104+0000] {processor.py:840} INFO - DAG(s) 'example_setup_teardown' retrieved from /home/airflow/.local/lib/python3.8/site-packages/airflow/example_dags/example_setup_teardown.py
[2023-12-20T22:38:39.135+0000] {logging_mixin.py:188} INFO - [2023-12-20T22:38:39.134+0000] {dag.py:3033} INFO - Sync 1 DAGs
[2023-12-20T22:38:39.157+0000] {logging_mixin.py:188} INFO - [2023-12-20T22:38:39.157+0000] {dag.py:3820} INFO - Setting next_dagrun for example_setup_teardown to 2023-12-19T00:00:00+00:00, run_after=2023-12-20T00:00:00+00:00
[2023-12-20T22:38:39.172+0000] {processor.py:183} INFO - Processing /home/airflow/.local/lib/python3.8/site-packages/airflow/example_dags/example_setup_teardown.py took 0.094 seconds
[2023-12-20T22:39:09.710+0000] {processor.py:161} INFO - Started process (PID=140) to work on /home/airflow/.local/lib/python3.8/site-packages/airflow/example_dags/example_setup_teardown.py
[2023-12-20T22:39:09.712+0000] {processor.py:830} INFO - Processing file /home/airflow/.local/lib/python3.8/site-packages/airflow/example_dags/example_setup_teardown.py for tasks to queue
[2023-12-20T22:39:09.718+0000] {logging_mixin.py:188} INFO - [2023-12-20T22:39:09.717+0000] {dagbag.py:538} INFO - Filling up the DagBag from /home/airflow/.local/lib/python3.8/site-packages/airflow/example_dags/example_setup_teardown.py
[2023-12-20T22:39:09.727+0000] {processor.py:840} INFO - DAG(s) 'example_setup_teardown' retrieved from /home/airflow/.local/lib/python3.8/site-packages/airflow/example_dags/example_setup_teardown.py
[2023-12-20T22:39:09.759+0000] {logging_mixin.py:188} INFO - [2023-12-20T22:39:09.759+0000] {dag.py:3033} INFO - Sync 1 DAGs
[2023-12-20T22:39:09.786+0000] {logging_mixin.py:188} INFO - [2023-12-20T22:39:09.786+0000] {dag.py:3820} INFO - Setting next_dagrun for example_setup_teardown to 2023-12-19T00:00:00+00:00, run_after=2023-12-20T00:00:00+00:00
[2023-12-20T22:39:09.808+0000] {processor.py:183} INFO - Processing /home/airflow/.local/lib/python3.8/site-packages/airflow/example_dags/example_setup_teardown.py took 0.105 seconds
[2023-12-20T22:39:40.613+0000] {processor.py:161} INFO - Started process (PID=195) to work on /home/airflow/.local/lib/python3.8/site-packages/airflow/example_dags/example_setup_teardown.py
[2023-12-20T22:39:40.616+0000] {processor.py:830} INFO - Processing file /home/airflow/.local/lib/python3.8/site-packages/airflow/example_dags/example_setup_teardown.py for tasks to queue
[2023-12-20T22:39:40.620+0000] {logging_mixin.py:188} INFO - [2023-12-20T22:39:40.619+0000] {dagbag.py:538} INFO - Filling up the DagBag from /home/airflow/.local/lib/python3.8/site-packages/airflow/example_dags/example_setup_teardown.py
[2023-12-20T22:39:40.631+0000] {processor.py:840} INFO - DAG(s) 'example_setup_teardown' retrieved from /home/airflow/.local/lib/python3.8/site-packages/airflow/example_dags/example_setup_teardown.py
[2023-12-20T22:39:40.664+0000] {logging_mixin.py:188} INFO - [2023-12-20T22:39:40.664+0000] {dag.py:3033} INFO - Sync 1 DAGs
[2023-12-20T22:39:40.689+0000] {logging_mixin.py:188} INFO - [2023-12-20T22:39:40.689+0000] {dag.py:3820} INFO - Setting next_dagrun for example_setup_teardown to 2023-12-19T00:00:00+00:00, run_after=2023-12-20T00:00:00+00:00
[2023-12-20T22:39:40.706+0000] {processor.py:183} INFO - Processing /home/airflow/.local/lib/python3.8/site-packages/airflow/example_dags/example_setup_teardown.py took 0.099 seconds
[2023-12-20T22:40:10.982+0000] {processor.py:161} INFO - Started process (PID=251) to work on /home/airflow/.local/lib/python3.8/site-packages/airflow/example_dags/example_setup_teardown.py
[2023-12-20T22:40:10.985+0000] {processor.py:830} INFO - Processing file /home/airflow/.local/lib/python3.8/site-packages/airflow/example_dags/example_setup_teardown.py for tasks to queue
[2023-12-20T22:40:10.988+0000] {logging_mixin.py:188} INFO - [2023-12-20T22:40:10.988+0000] {dagbag.py:538} INFO - Filling up the DagBag from /home/airflow/.local/lib/python3.8/site-packages/airflow/example_dags/example_setup_teardown.py
[2023-12-20T22:40:10.996+0000] {processor.py:840} INFO - DAG(s) 'example_setup_teardown' retrieved from /home/airflow/.local/lib/python3.8/site-packages/airflow/example_dags/example_setup_teardown.py
[2023-12-20T22:40:11.021+0000] {logging_mixin.py:188} INFO - [2023-12-20T22:40:11.021+0000] {dag.py:3033} INFO - Sync 1 DAGs
[2023-12-20T22:40:11.041+0000] {logging_mixin.py:188} INFO - [2023-12-20T22:40:11.041+0000] {dag.py:3820} INFO - Setting next_dagrun for example_setup_teardown to 2023-12-19T00:00:00+00:00, run_after=2023-12-20T00:00:00+00:00
[2023-12-20T22:40:11.060+0000] {processor.py:183} INFO - Processing /home/airflow/.local/lib/python3.8/site-packages/airflow/example_dags/example_setup_teardown.py took 0.083 seconds
[2023-12-20T22:40:41.359+0000] {processor.py:161} INFO - Started process (PID=306) to work on /home/airflow/.local/lib/python3.8/site-packages/airflow/example_dags/example_setup_teardown.py
[2023-12-20T22:40:41.361+0000] {processor.py:830} INFO - Processing file /home/airflow/.local/lib/python3.8/site-packages/airflow/example_dags/example_setup_teardown.py for tasks to queue
[2023-12-20T22:40:41.365+0000] {logging_mixin.py:188} INFO - [2023-12-20T22:40:41.365+0000] {dagbag.py:538} INFO - Filling up the DagBag from /home/airflow/.local/lib/python3.8/site-packages/airflow/example_dags/example_setup_teardown.py
[2023-12-20T22:40:41.374+0000] {processor.py:840} INFO - DAG(s) 'example_setup_teardown' retrieved from /home/airflow/.local/lib/python3.8/site-packages/airflow/example_dags/example_setup_teardown.py
[2023-12-20T22:40:41.402+0000] {logging_mixin.py:188} INFO - [2023-12-20T22:40:41.402+0000] {dag.py:3033} INFO - Sync 1 DAGs
[2023-12-20T22:40:41.422+0000] {logging_mixin.py:188} INFO - [2023-12-20T22:40:41.422+0000] {dag.py:3820} INFO - Setting next_dagrun for example_setup_teardown to 2023-12-19T00:00:00+00:00, run_after=2023-12-20T00:00:00+00:00
[2023-12-20T22:40:41.437+0000] {processor.py:183} INFO - Processing /home/airflow/.local/lib/python3.8/site-packages/airflow/example_dags/example_setup_teardown.py took 0.085 seconds
[2023-12-20T22:41:12.165+0000] {processor.py:161} INFO - Started process (PID=361) to work on /home/airflow/.local/lib/python3.8/site-packages/airflow/example_dags/example_setup_teardown.py
[2023-12-20T22:41:12.180+0000] {processor.py:830} INFO - Processing file /home/airflow/.local/lib/python3.8/site-packages/airflow/example_dags/example_setup_teardown.py for tasks to queue
[2023-12-20T22:41:12.192+0000] {logging_mixin.py:188} INFO - [2023-12-20T22:41:12.191+0000] {dagbag.py:538} INFO - Filling up the DagBag from /home/airflow/.local/lib/python3.8/site-packages/airflow/example_dags/example_setup_teardown.py
[2023-12-20T22:41:12.292+0000] {processor.py:840} INFO - DAG(s) 'example_setup_teardown' retrieved from /home/airflow/.local/lib/python3.8/site-packages/airflow/example_dags/example_setup_teardown.py
[2023-12-20T22:41:12.550+0000] {logging_mixin.py:188} INFO - [2023-12-20T22:41:12.549+0000] {dag.py:3033} INFO - Sync 1 DAGs
[2023-12-20T22:41:12.693+0000] {logging_mixin.py:188} INFO - [2023-12-20T22:41:12.693+0000] {dag.py:3820} INFO - Setting next_dagrun for example_setup_teardown to 2023-12-19T00:00:00+00:00, run_after=2023-12-20T00:00:00+00:00
[2023-12-20T22:41:12.849+0000] {processor.py:183} INFO - Processing /home/airflow/.local/lib/python3.8/site-packages/airflow/example_dags/example_setup_teardown.py took 0.695 seconds
[2023-12-20T22:41:43.919+0000] {processor.py:161} INFO - Started process (PID=419) to work on /home/airflow/.local/lib/python3.8/site-packages/airflow/example_dags/example_setup_teardown.py
[2023-12-20T22:41:43.921+0000] {processor.py:830} INFO - Processing file /home/airflow/.local/lib/python3.8/site-packages/airflow/example_dags/example_setup_teardown.py for tasks to queue
[2023-12-20T22:41:43.928+0000] {logging_mixin.py:188} INFO - [2023-12-20T22:41:43.927+0000] {dagbag.py:538} INFO - Filling up the DagBag from /home/airflow/.local/lib/python3.8/site-packages/airflow/example_dags/example_setup_teardown.py
[2023-12-20T22:41:43.942+0000] {processor.py:840} INFO - DAG(s) 'example_setup_teardown' retrieved from /home/airflow/.local/lib/python3.8/site-packages/airflow/example_dags/example_setup_teardown.py
[2023-12-20T22:41:43.981+0000] {logging_mixin.py:188} INFO - [2023-12-20T22:41:43.981+0000] {dag.py:3033} INFO - Sync 1 DAGs
[2023-12-20T22:41:44.024+0000] {logging_mixin.py:188} INFO - [2023-12-20T22:41:44.024+0000] {dag.py:3820} INFO - Setting next_dagrun for example_setup_teardown to 2023-12-19T00:00:00+00:00, run_after=2023-12-20T00:00:00+00:00
[2023-12-20T22:41:44.046+0000] {processor.py:183} INFO - Processing /home/airflow/.local/lib/python3.8/site-packages/airflow/example_dags/example_setup_teardown.py took 0.135 seconds
[2023-12-20T22:42:14.172+0000] {processor.py:161} INFO - Started process (PID=474) to work on /home/airflow/.local/lib/python3.8/site-packages/airflow/example_dags/example_setup_teardown.py
[2023-12-20T22:42:14.174+0000] {processor.py:830} INFO - Processing file /home/airflow/.local/lib/python3.8/site-packages/airflow/example_dags/example_setup_teardown.py for tasks to queue
[2023-12-20T22:42:14.191+0000] {logging_mixin.py:188} INFO - [2023-12-20T22:42:14.191+0000] {dagbag.py:538} INFO - Filling up the DagBag from /home/airflow/.local/lib/python3.8/site-packages/airflow/example_dags/example_setup_teardown.py
[2023-12-20T22:42:14.204+0000] {processor.py:840} INFO - DAG(s) 'example_setup_teardown' retrieved from /home/airflow/.local/lib/python3.8/site-packages/airflow/example_dags/example_setup_teardown.py
[2023-12-20T22:42:14.234+0000] {logging_mixin.py:188} INFO - [2023-12-20T22:42:14.234+0000] {dag.py:3033} INFO - Sync 1 DAGs
[2023-12-20T22:42:14.255+0000] {logging_mixin.py:188} INFO - [2023-12-20T22:42:14.255+0000] {dag.py:3820} INFO - Setting next_dagrun for example_setup_teardown to 2023-12-19T00:00:00+00:00, run_after=2023-12-20T00:00:00+00:00
[2023-12-20T22:42:14.271+0000] {processor.py:183} INFO - Processing /home/airflow/.local/lib/python3.8/site-packages/airflow/example_dags/example_setup_teardown.py took 0.105 seconds
[2023-12-20T22:42:45.053+0000] {processor.py:161} INFO - Started process (PID=528) to work on /home/airflow/.local/lib/python3.8/site-packages/airflow/example_dags/example_setup_teardown.py
[2023-12-20T22:42:45.055+0000] {processor.py:830} INFO - Processing file /home/airflow/.local/lib/python3.8/site-packages/airflow/example_dags/example_setup_teardown.py for tasks to queue
[2023-12-20T22:42:45.061+0000] {logging_mixin.py:188} INFO - [2023-12-20T22:42:45.060+0000] {dagbag.py:538} INFO - Filling up the DagBag from /home/airflow/.local/lib/python3.8/site-packages/airflow/example_dags/example_setup_teardown.py
[2023-12-20T22:42:45.072+0000] {processor.py:840} INFO - DAG(s) 'example_setup_teardown' retrieved from /home/airflow/.local/lib/python3.8/site-packages/airflow/example_dags/example_setup_teardown.py
[2023-12-20T22:42:45.100+0000] {logging_mixin.py:188} INFO - [2023-12-20T22:42:45.100+0000] {dag.py:3033} INFO - Sync 1 DAGs
[2023-12-20T22:42:45.122+0000] {logging_mixin.py:188} INFO - [2023-12-20T22:42:45.122+0000] {dag.py:3820} INFO - Setting next_dagrun for example_setup_teardown to 2023-12-19T00:00:00+00:00, run_after=2023-12-20T00:00:00+00:00
[2023-12-20T22:42:45.137+0000] {processor.py:183} INFO - Processing /home/airflow/.local/lib/python3.8/site-packages/airflow/example_dags/example_setup_teardown.py took 0.090 seconds
[2023-12-20T22:43:15.250+0000] {processor.py:161} INFO - Started process (PID=583) to work on /home/airflow/.local/lib/python3.8/site-packages/airflow/example_dags/example_setup_teardown.py
[2023-12-20T22:43:15.253+0000] {processor.py:830} INFO - Processing file /home/airflow/.local/lib/python3.8/site-packages/airflow/example_dags/example_setup_teardown.py for tasks to queue
[2023-12-20T22:43:15.262+0000] {logging_mixin.py:188} INFO - [2023-12-20T22:43:15.261+0000] {dagbag.py:538} INFO - Filling up the DagBag from /home/airflow/.local/lib/python3.8/site-packages/airflow/example_dags/example_setup_teardown.py
[2023-12-20T22:43:15.273+0000] {processor.py:840} INFO - DAG(s) 'example_setup_teardown' retrieved from /home/airflow/.local/lib/python3.8/site-packages/airflow/example_dags/example_setup_teardown.py
[2023-12-20T22:43:15.335+0000] {logging_mixin.py:188} INFO - [2023-12-20T22:43:15.335+0000] {dag.py:3033} INFO - Sync 1 DAGs
[2023-12-20T22:43:15.480+0000] {logging_mixin.py:188} INFO - [2023-12-20T22:43:15.480+0000] {dag.py:3820} INFO - Setting next_dagrun for example_setup_teardown to 2023-12-19T00:00:00+00:00, run_after=2023-12-20T00:00:00+00:00
[2023-12-20T22:43:15.556+0000] {processor.py:183} INFO - Processing /home/airflow/.local/lib/python3.8/site-packages/airflow/example_dags/example_setup_teardown.py took 0.313 seconds
[2023-12-20T22:43:45.823+0000] {processor.py:161} INFO - Started process (PID=638) to work on /home/airflow/.local/lib/python3.8/site-packages/airflow/example_dags/example_setup_teardown.py
[2023-12-20T22:43:45.826+0000] {processor.py:830} INFO - Processing file /home/airflow/.local/lib/python3.8/site-packages/airflow/example_dags/example_setup_teardown.py for tasks to queue
[2023-12-20T22:43:45.830+0000] {logging_mixin.py:188} INFO - [2023-12-20T22:43:45.829+0000] {dagbag.py:538} INFO - Filling up the DagBag from /home/airflow/.local/lib/python3.8/site-packages/airflow/example_dags/example_setup_teardown.py
[2023-12-20T22:43:45.837+0000] {processor.py:840} INFO - DAG(s) 'example_setup_teardown' retrieved from /home/airflow/.local/lib/python3.8/site-packages/airflow/example_dags/example_setup_teardown.py
[2023-12-20T22:43:45.861+0000] {logging_mixin.py:188} INFO - [2023-12-20T22:43:45.861+0000] {dag.py:3033} INFO - Sync 1 DAGs
[2023-12-20T22:43:45.879+0000] {logging_mixin.py:188} INFO - [2023-12-20T22:43:45.879+0000] {dag.py:3820} INFO - Setting next_dagrun for example_setup_teardown to 2023-12-19T00:00:00+00:00, run_after=2023-12-20T00:00:00+00:00
[2023-12-20T22:43:45.892+0000] {processor.py:183} INFO - Processing /home/airflow/.local/lib/python3.8/site-packages/airflow/example_dags/example_setup_teardown.py took 0.074 seconds
[2023-12-20T22:44:16.519+0000] {processor.py:161} INFO - Started process (PID=693) to work on /home/airflow/.local/lib/python3.8/site-packages/airflow/example_dags/example_setup_teardown.py
[2023-12-20T22:44:16.524+0000] {processor.py:830} INFO - Processing file /home/airflow/.local/lib/python3.8/site-packages/airflow/example_dags/example_setup_teardown.py for tasks to queue
[2023-12-20T22:44:16.532+0000] {logging_mixin.py:188} INFO - [2023-12-20T22:44:16.532+0000] {dagbag.py:538} INFO - Filling up the DagBag from /home/airflow/.local/lib/python3.8/site-packages/airflow/example_dags/example_setup_teardown.py
[2023-12-20T22:44:16.548+0000] {processor.py:840} INFO - DAG(s) 'example_setup_teardown' retrieved from /home/airflow/.local/lib/python3.8/site-packages/airflow/example_dags/example_setup_teardown.py
[2023-12-20T22:44:16.595+0000] {logging_mixin.py:188} INFO - [2023-12-20T22:44:16.594+0000] {dag.py:3033} INFO - Sync 1 DAGs
[2023-12-20T22:44:16.627+0000] {logging_mixin.py:188} INFO - [2023-12-20T22:44:16.627+0000] {dag.py:3820} INFO - Setting next_dagrun for example_setup_teardown to 2023-12-19T00:00:00+00:00, run_after=2023-12-20T00:00:00+00:00
[2023-12-20T22:44:16.648+0000] {processor.py:183} INFO - Processing /home/airflow/.local/lib/python3.8/site-packages/airflow/example_dags/example_setup_teardown.py took 0.138 seconds
[2023-12-20T22:44:47.634+0000] {processor.py:161} INFO - Started process (PID=748) to work on /home/airflow/.local/lib/python3.8/site-packages/airflow/example_dags/example_setup_teardown.py
[2023-12-20T22:44:47.636+0000] {processor.py:830} INFO - Processing file /home/airflow/.local/lib/python3.8/site-packages/airflow/example_dags/example_setup_teardown.py for tasks to queue
[2023-12-20T22:44:47.640+0000] {logging_mixin.py:188} INFO - [2023-12-20T22:44:47.640+0000] {dagbag.py:538} INFO - Filling up the DagBag from /home/airflow/.local/lib/python3.8/site-packages/airflow/example_dags/example_setup_teardown.py
[2023-12-20T22:44:47.649+0000] {processor.py:840} INFO - DAG(s) 'example_setup_teardown' retrieved from /home/airflow/.local/lib/python3.8/site-packages/airflow/example_dags/example_setup_teardown.py
[2023-12-20T22:44:47.673+0000] {logging_mixin.py:188} INFO - [2023-12-20T22:44:47.673+0000] {dag.py:3033} INFO - Sync 1 DAGs
[2023-12-20T22:44:47.692+0000] {logging_mixin.py:188} INFO - [2023-12-20T22:44:47.692+0000] {dag.py:3820} INFO - Setting next_dagrun for example_setup_teardown to 2023-12-19T00:00:00+00:00, run_after=2023-12-20T00:00:00+00:00
[2023-12-20T22:44:47.707+0000] {processor.py:183} INFO - Processing /home/airflow/.local/lib/python3.8/site-packages/airflow/example_dags/example_setup_teardown.py took 0.080 seconds
[2023-12-20T22:45:18.156+0000] {processor.py:161} INFO - Started process (PID=804) to work on /home/airflow/.local/lib/python3.8/site-packages/airflow/example_dags/example_setup_teardown.py
[2023-12-20T22:45:18.158+0000] {processor.py:830} INFO - Processing file /home/airflow/.local/lib/python3.8/site-packages/airflow/example_dags/example_setup_teardown.py for tasks to queue
[2023-12-20T22:45:18.167+0000] {logging_mixin.py:188} INFO - [2023-12-20T22:45:18.166+0000] {dagbag.py:538} INFO - Filling up the DagBag from /home/airflow/.local/lib/python3.8/site-packages/airflow/example_dags/example_setup_teardown.py
[2023-12-20T22:45:18.187+0000] {processor.py:840} INFO - DAG(s) 'example_setup_teardown' retrieved from /home/airflow/.local/lib/python3.8/site-packages/airflow/example_dags/example_setup_teardown.py
[2023-12-20T22:45:18.228+0000] {logging_mixin.py:188} INFO - [2023-12-20T22:45:18.228+0000] {dag.py:3033} INFO - Sync 1 DAGs
[2023-12-20T22:45:18.261+0000] {logging_mixin.py:188} INFO - [2023-12-20T22:45:18.261+0000] {dag.py:3820} INFO - Setting next_dagrun for example_setup_teardown to 2023-12-19T00:00:00+00:00, run_after=2023-12-20T00:00:00+00:00
[2023-12-20T22:45:18.280+0000] {processor.py:183} INFO - Processing /home/airflow/.local/lib/python3.8/site-packages/airflow/example_dags/example_setup_teardown.py took 0.133 seconds
[2023-12-20T22:45:48.543+0000] {processor.py:161} INFO - Started process (PID=859) to work on /home/airflow/.local/lib/python3.8/site-packages/airflow/example_dags/example_setup_teardown.py
[2023-12-20T22:45:48.546+0000] {processor.py:830} INFO - Processing file /home/airflow/.local/lib/python3.8/site-packages/airflow/example_dags/example_setup_teardown.py for tasks to queue
[2023-12-20T22:45:48.553+0000] {logging_mixin.py:188} INFO - [2023-12-20T22:45:48.553+0000] {dagbag.py:538} INFO - Filling up the DagBag from /home/airflow/.local/lib/python3.8/site-packages/airflow/example_dags/example_setup_teardown.py
[2023-12-20T22:45:48.566+0000] {processor.py:840} INFO - DAG(s) 'example_setup_teardown' retrieved from /home/airflow/.local/lib/python3.8/site-packages/airflow/example_dags/example_setup_teardown.py
[2023-12-20T22:45:48.600+0000] {logging_mixin.py:188} INFO - [2023-12-20T22:45:48.600+0000] {dag.py:3033} INFO - Sync 1 DAGs
[2023-12-20T22:45:48.625+0000] {logging_mixin.py:188} INFO - [2023-12-20T22:45:48.625+0000] {dag.py:3820} INFO - Setting next_dagrun for example_setup_teardown to 2023-12-19T00:00:00+00:00, run_after=2023-12-20T00:00:00+00:00
[2023-12-20T22:45:48.643+0000] {processor.py:183} INFO - Processing /home/airflow/.local/lib/python3.8/site-packages/airflow/example_dags/example_setup_teardown.py took 0.107 seconds
[2023-12-20T22:46:19.379+0000] {processor.py:161} INFO - Started process (PID=914) to work on /home/airflow/.local/lib/python3.8/site-packages/airflow/example_dags/example_setup_teardown.py
[2023-12-20T22:46:19.382+0000] {processor.py:830} INFO - Processing file /home/airflow/.local/lib/python3.8/site-packages/airflow/example_dags/example_setup_teardown.py for tasks to queue
[2023-12-20T22:46:19.388+0000] {logging_mixin.py:188} INFO - [2023-12-20T22:46:19.387+0000] {dagbag.py:538} INFO - Filling up the DagBag from /home/airflow/.local/lib/python3.8/site-packages/airflow/example_dags/example_setup_teardown.py
[2023-12-20T22:46:19.400+0000] {processor.py:840} INFO - DAG(s) 'example_setup_teardown' retrieved from /home/airflow/.local/lib/python3.8/site-packages/airflow/example_dags/example_setup_teardown.py
[2023-12-20T22:46:19.457+0000] {logging_mixin.py:188} INFO - [2023-12-20T22:46:19.456+0000] {dag.py:3033} INFO - Sync 1 DAGs
[2023-12-20T22:46:19.490+0000] {logging_mixin.py:188} INFO - [2023-12-20T22:46:19.490+0000] {dag.py:3820} INFO - Setting next_dagrun for example_setup_teardown to 2023-12-19T00:00:00+00:00, run_after=2023-12-20T00:00:00+00:00
[2023-12-20T22:46:19.509+0000] {processor.py:183} INFO - Processing /home/airflow/.local/lib/python3.8/site-packages/airflow/example_dags/example_setup_teardown.py took 0.140 seconds
[2023-12-20T22:46:50.436+0000] {processor.py:161} INFO - Started process (PID=969) to work on /home/airflow/.local/lib/python3.8/site-packages/airflow/example_dags/example_setup_teardown.py
[2023-12-20T22:46:50.439+0000] {processor.py:830} INFO - Processing file /home/airflow/.local/lib/python3.8/site-packages/airflow/example_dags/example_setup_teardown.py for tasks to queue
[2023-12-20T22:46:50.444+0000] {logging_mixin.py:188} INFO - [2023-12-20T22:46:50.443+0000] {dagbag.py:538} INFO - Filling up the DagBag from /home/airflow/.local/lib/python3.8/site-packages/airflow/example_dags/example_setup_teardown.py
[2023-12-20T22:46:50.456+0000] {processor.py:840} INFO - DAG(s) 'example_setup_teardown' retrieved from /home/airflow/.local/lib/python3.8/site-packages/airflow/example_dags/example_setup_teardown.py
[2023-12-20T22:46:50.487+0000] {logging_mixin.py:188} INFO - [2023-12-20T22:46:50.486+0000] {dag.py:3033} INFO - Sync 1 DAGs
[2023-12-20T22:46:50.510+0000] {logging_mixin.py:188} INFO - [2023-12-20T22:46:50.510+0000] {dag.py:3820} INFO - Setting next_dagrun for example_setup_teardown to 2023-12-19T00:00:00+00:00, run_after=2023-12-20T00:00:00+00:00
[2023-12-20T22:46:50.526+0000] {processor.py:183} INFO - Processing /home/airflow/.local/lib/python3.8/site-packages/airflow/example_dags/example_setup_teardown.py took 0.098 seconds
[2023-12-20T22:47:21.220+0000] {processor.py:161} INFO - Started process (PID=1024) to work on /home/airflow/.local/lib/python3.8/site-packages/airflow/example_dags/example_setup_teardown.py
[2023-12-20T22:47:21.223+0000] {processor.py:830} INFO - Processing file /home/airflow/.local/lib/python3.8/site-packages/airflow/example_dags/example_setup_teardown.py for tasks to queue
[2023-12-20T22:47:21.231+0000] {logging_mixin.py:188} INFO - [2023-12-20T22:47:21.230+0000] {dagbag.py:538} INFO - Filling up the DagBag from /home/airflow/.local/lib/python3.8/site-packages/airflow/example_dags/example_setup_teardown.py
[2023-12-20T22:47:21.251+0000] {processor.py:840} INFO - DAG(s) 'example_setup_teardown' retrieved from /home/airflow/.local/lib/python3.8/site-packages/airflow/example_dags/example_setup_teardown.py
[2023-12-20T22:47:21.288+0000] {logging_mixin.py:188} INFO - [2023-12-20T22:47:21.288+0000] {dag.py:3033} INFO - Sync 1 DAGs
[2023-12-20T22:47:21.312+0000] {logging_mixin.py:188} INFO - [2023-12-20T22:47:21.312+0000] {dag.py:3820} INFO - Setting next_dagrun for example_setup_teardown to 2023-12-19T00:00:00+00:00, run_after=2023-12-20T00:00:00+00:00
[2023-12-20T22:47:21.328+0000] {processor.py:183} INFO - Processing /home/airflow/.local/lib/python3.8/site-packages/airflow/example_dags/example_setup_teardown.py took 0.118 seconds
[2023-12-20T22:47:51.741+0000] {processor.py:161} INFO - Started process (PID=1078) to work on /home/airflow/.local/lib/python3.8/site-packages/airflow/example_dags/example_setup_teardown.py
[2023-12-20T22:47:51.744+0000] {processor.py:830} INFO - Processing file /home/airflow/.local/lib/python3.8/site-packages/airflow/example_dags/example_setup_teardown.py for tasks to queue
[2023-12-20T22:47:51.752+0000] {logging_mixin.py:188} INFO - [2023-12-20T22:47:51.752+0000] {dagbag.py:538} INFO - Filling up the DagBag from /home/airflow/.local/lib/python3.8/site-packages/airflow/example_dags/example_setup_teardown.py
[2023-12-20T22:47:51.768+0000] {processor.py:840} INFO - DAG(s) 'example_setup_teardown' retrieved from /home/airflow/.local/lib/python3.8/site-packages/airflow/example_dags/example_setup_teardown.py
[2023-12-20T22:47:51.827+0000] {logging_mixin.py:188} INFO - [2023-12-20T22:47:51.827+0000] {dag.py:3033} INFO - Sync 1 DAGs
[2023-12-20T22:47:51.859+0000] {logging_mixin.py:188} INFO - [2023-12-20T22:47:51.859+0000] {dag.py:3820} INFO - Setting next_dagrun for example_setup_teardown to 2023-12-19T00:00:00+00:00, run_after=2023-12-20T00:00:00+00:00
[2023-12-20T22:47:51.876+0000] {processor.py:183} INFO - Processing /home/airflow/.local/lib/python3.8/site-packages/airflow/example_dags/example_setup_teardown.py took 0.145 seconds
[2023-12-20T22:48:22.641+0000] {processor.py:161} INFO - Started process (PID=1133) to work on /home/airflow/.local/lib/python3.8/site-packages/airflow/example_dags/example_setup_teardown.py
[2023-12-20T22:48:22.643+0000] {processor.py:830} INFO - Processing file /home/airflow/.local/lib/python3.8/site-packages/airflow/example_dags/example_setup_teardown.py for tasks to queue
[2023-12-20T22:48:22.651+0000] {logging_mixin.py:188} INFO - [2023-12-20T22:48:22.650+0000] {dagbag.py:538} INFO - Filling up the DagBag from /home/airflow/.local/lib/python3.8/site-packages/airflow/example_dags/example_setup_teardown.py
[2023-12-20T22:48:22.668+0000] {processor.py:840} INFO - DAG(s) 'example_setup_teardown' retrieved from /home/airflow/.local/lib/python3.8/site-packages/airflow/example_dags/example_setup_teardown.py
[2023-12-20T22:48:22.710+0000] {logging_mixin.py:188} INFO - [2023-12-20T22:48:22.710+0000] {dag.py:3033} INFO - Sync 1 DAGs
[2023-12-20T22:48:22.749+0000] {logging_mixin.py:188} INFO - [2023-12-20T22:48:22.748+0000] {dag.py:3820} INFO - Setting next_dagrun for example_setup_teardown to 2023-12-19T00:00:00+00:00, run_after=2023-12-20T00:00:00+00:00
[2023-12-20T22:48:22.785+0000] {processor.py:183} INFO - Processing /home/airflow/.local/lib/python3.8/site-packages/airflow/example_dags/example_setup_teardown.py took 0.154 seconds
[2023-12-20T22:48:52.946+0000] {processor.py:161} INFO - Started process (PID=1187) to work on /home/airflow/.local/lib/python3.8/site-packages/airflow/example_dags/example_setup_teardown.py
[2023-12-20T22:48:52.949+0000] {processor.py:830} INFO - Processing file /home/airflow/.local/lib/python3.8/site-packages/airflow/example_dags/example_setup_teardown.py for tasks to queue
[2023-12-20T22:48:52.958+0000] {logging_mixin.py:188} INFO - [2023-12-20T22:48:52.957+0000] {dagbag.py:538} INFO - Filling up the DagBag from /home/airflow/.local/lib/python3.8/site-packages/airflow/example_dags/example_setup_teardown.py
[2023-12-20T22:48:52.975+0000] {processor.py:840} INFO - DAG(s) 'example_setup_teardown' retrieved from /home/airflow/.local/lib/python3.8/site-packages/airflow/example_dags/example_setup_teardown.py
[2023-12-20T22:48:53.009+0000] {logging_mixin.py:188} INFO - [2023-12-20T22:48:53.009+0000] {dag.py:3033} INFO - Sync 1 DAGs
[2023-12-20T22:48:53.039+0000] {logging_mixin.py:188} INFO - [2023-12-20T22:48:53.039+0000] {dag.py:3820} INFO - Setting next_dagrun for example_setup_teardown to 2023-12-19T00:00:00+00:00, run_after=2023-12-20T00:00:00+00:00
[2023-12-20T22:48:53.062+0000] {processor.py:183} INFO - Processing /home/airflow/.local/lib/python3.8/site-packages/airflow/example_dags/example_setup_teardown.py took 0.125 seconds
[2023-12-20T22:49:23.176+0000] {processor.py:161} INFO - Started process (PID=1241) to work on /home/airflow/.local/lib/python3.8/site-packages/airflow/example_dags/example_setup_teardown.py
[2023-12-20T22:49:23.179+0000] {processor.py:830} INFO - Processing file /home/airflow/.local/lib/python3.8/site-packages/airflow/example_dags/example_setup_teardown.py for tasks to queue
[2023-12-20T22:49:23.185+0000] {logging_mixin.py:188} INFO - [2023-12-20T22:49:23.184+0000] {dagbag.py:538} INFO - Filling up the DagBag from /home/airflow/.local/lib/python3.8/site-packages/airflow/example_dags/example_setup_teardown.py
[2023-12-20T22:49:23.198+0000] {processor.py:840} INFO - DAG(s) 'example_setup_teardown' retrieved from /home/airflow/.local/lib/python3.8/site-packages/airflow/example_dags/example_setup_teardown.py
[2023-12-20T22:49:23.233+0000] {logging_mixin.py:188} INFO - [2023-12-20T22:49:23.233+0000] {dag.py:3033} INFO - Sync 1 DAGs
[2023-12-20T22:49:23.257+0000] {logging_mixin.py:188} INFO - [2023-12-20T22:49:23.256+0000] {dag.py:3820} INFO - Setting next_dagrun for example_setup_teardown to 2023-12-19T00:00:00+00:00, run_after=2023-12-20T00:00:00+00:00
[2023-12-20T22:49:23.275+0000] {processor.py:183} INFO - Processing /home/airflow/.local/lib/python3.8/site-packages/airflow/example_dags/example_setup_teardown.py took 0.125 seconds
[2023-12-20T22:49:53.560+0000] {processor.py:161} INFO - Started process (PID=1296) to work on /home/airflow/.local/lib/python3.8/site-packages/airflow/example_dags/example_setup_teardown.py
[2023-12-20T22:49:53.563+0000] {processor.py:830} INFO - Processing file /home/airflow/.local/lib/python3.8/site-packages/airflow/example_dags/example_setup_teardown.py for tasks to queue
[2023-12-20T22:49:53.569+0000] {logging_mixin.py:188} INFO - [2023-12-20T22:49:53.568+0000] {dagbag.py:538} INFO - Filling up the DagBag from /home/airflow/.local/lib/python3.8/site-packages/airflow/example_dags/example_setup_teardown.py
[2023-12-20T22:49:53.581+0000] {processor.py:840} INFO - DAG(s) 'example_setup_teardown' retrieved from /home/airflow/.local/lib/python3.8/site-packages/airflow/example_dags/example_setup_teardown.py
[2023-12-20T22:49:53.628+0000] {logging_mixin.py:188} INFO - [2023-12-20T22:49:53.627+0000] {dag.py:3033} INFO - Sync 1 DAGs
[2023-12-20T22:49:53.652+0000] {logging_mixin.py:188} INFO - [2023-12-20T22:49:53.652+0000] {dag.py:3820} INFO - Setting next_dagrun for example_setup_teardown to 2023-12-19T00:00:00+00:00, run_after=2023-12-20T00:00:00+00:00
[2023-12-20T22:49:53.669+0000] {processor.py:183} INFO - Processing /home/airflow/.local/lib/python3.8/site-packages/airflow/example_dags/example_setup_teardown.py took 0.115 seconds
[2023-12-20T22:50:23.798+0000] {processor.py:161} INFO - Started process (PID=1351) to work on /home/airflow/.local/lib/python3.8/site-packages/airflow/example_dags/example_setup_teardown.py
[2023-12-20T22:50:23.801+0000] {processor.py:830} INFO - Processing file /home/airflow/.local/lib/python3.8/site-packages/airflow/example_dags/example_setup_teardown.py for tasks to queue
[2023-12-20T22:50:23.809+0000] {logging_mixin.py:188} INFO - [2023-12-20T22:50:23.808+0000] {dagbag.py:538} INFO - Filling up the DagBag from /home/airflow/.local/lib/python3.8/site-packages/airflow/example_dags/example_setup_teardown.py
[2023-12-20T22:50:23.823+0000] {processor.py:840} INFO - DAG(s) 'example_setup_teardown' retrieved from /home/airflow/.local/lib/python3.8/site-packages/airflow/example_dags/example_setup_teardown.py
[2023-12-20T22:50:23.858+0000] {logging_mixin.py:188} INFO - [2023-12-20T22:50:23.858+0000] {dag.py:3033} INFO - Sync 1 DAGs
[2023-12-20T22:50:23.902+0000] {logging_mixin.py:188} INFO - [2023-12-20T22:50:23.902+0000] {dag.py:3820} INFO - Setting next_dagrun for example_setup_teardown to 2023-12-19T00:00:00+00:00, run_after=2023-12-20T00:00:00+00:00
[2023-12-20T22:50:23.921+0000] {processor.py:183} INFO - Processing /home/airflow/.local/lib/python3.8/site-packages/airflow/example_dags/example_setup_teardown.py took 0.133 seconds
[2023-12-20T22:50:53.995+0000] {processor.py:161} INFO - Started process (PID=1406) to work on /home/airflow/.local/lib/python3.8/site-packages/airflow/example_dags/example_setup_teardown.py
[2023-12-20T22:50:53.997+0000] {processor.py:830} INFO - Processing file /home/airflow/.local/lib/python3.8/site-packages/airflow/example_dags/example_setup_teardown.py for tasks to queue
[2023-12-20T22:50:54.003+0000] {logging_mixin.py:188} INFO - [2023-12-20T22:50:54.002+0000] {dagbag.py:538} INFO - Filling up the DagBag from /home/airflow/.local/lib/python3.8/site-packages/airflow/example_dags/example_setup_teardown.py
[2023-12-20T22:50:54.014+0000] {processor.py:840} INFO - DAG(s) 'example_setup_teardown' retrieved from /home/airflow/.local/lib/python3.8/site-packages/airflow/example_dags/example_setup_teardown.py
[2023-12-20T22:50:54.042+0000] {logging_mixin.py:188} INFO - [2023-12-20T22:50:54.041+0000] {dag.py:3033} INFO - Sync 1 DAGs
[2023-12-20T22:50:54.063+0000] {logging_mixin.py:188} INFO - [2023-12-20T22:50:54.063+0000] {dag.py:3820} INFO - Setting next_dagrun for example_setup_teardown to 2023-12-19T00:00:00+00:00, run_after=2023-12-20T00:00:00+00:00
[2023-12-20T22:50:54.079+0000] {processor.py:183} INFO - Processing /home/airflow/.local/lib/python3.8/site-packages/airflow/example_dags/example_setup_teardown.py took 0.092 seconds
[2023-12-20T22:51:24.192+0000] {processor.py:161} INFO - Started process (PID=1461) to work on /home/airflow/.local/lib/python3.8/site-packages/airflow/example_dags/example_setup_teardown.py
[2023-12-20T22:51:24.194+0000] {processor.py:830} INFO - Processing file /home/airflow/.local/lib/python3.8/site-packages/airflow/example_dags/example_setup_teardown.py for tasks to queue
[2023-12-20T22:51:24.198+0000] {logging_mixin.py:188} INFO - [2023-12-20T22:51:24.198+0000] {dagbag.py:538} INFO - Filling up the DagBag from /home/airflow/.local/lib/python3.8/site-packages/airflow/example_dags/example_setup_teardown.py
[2023-12-20T22:51:24.207+0000] {processor.py:840} INFO - DAG(s) 'example_setup_teardown' retrieved from /home/airflow/.local/lib/python3.8/site-packages/airflow/example_dags/example_setup_teardown.py
[2023-12-20T22:51:24.239+0000] {logging_mixin.py:188} INFO - [2023-12-20T22:51:24.239+0000] {dag.py:3033} INFO - Sync 1 DAGs
[2023-12-20T22:51:24.268+0000] {logging_mixin.py:188} INFO - [2023-12-20T22:51:24.267+0000] {dag.py:3820} INFO - Setting next_dagrun for example_setup_teardown to 2023-12-19T00:00:00+00:00, run_after=2023-12-20T00:00:00+00:00
[2023-12-20T22:51:24.287+0000] {processor.py:183} INFO - Processing /home/airflow/.local/lib/python3.8/site-packages/airflow/example_dags/example_setup_teardown.py took 0.100 seconds
[2023-12-20T22:51:54.877+0000] {processor.py:161} INFO - Started process (PID=1516) to work on /home/airflow/.local/lib/python3.8/site-packages/airflow/example_dags/example_setup_teardown.py
[2023-12-20T22:51:54.880+0000] {processor.py:830} INFO - Processing file /home/airflow/.local/lib/python3.8/site-packages/airflow/example_dags/example_setup_teardown.py for tasks to queue
[2023-12-20T22:51:54.891+0000] {logging_mixin.py:188} INFO - [2023-12-20T22:51:54.890+0000] {dagbag.py:538} INFO - Filling up the DagBag from /home/airflow/.local/lib/python3.8/site-packages/airflow/example_dags/example_setup_teardown.py
[2023-12-20T22:51:54.909+0000] {processor.py:840} INFO - DAG(s) 'example_setup_teardown' retrieved from /home/airflow/.local/lib/python3.8/site-packages/airflow/example_dags/example_setup_teardown.py
[2023-12-20T22:51:54.946+0000] {logging_mixin.py:188} INFO - [2023-12-20T22:51:54.946+0000] {dag.py:3033} INFO - Sync 1 DAGs
[2023-12-20T22:51:54.988+0000] {logging_mixin.py:188} INFO - [2023-12-20T22:51:54.987+0000] {dag.py:3820} INFO - Setting next_dagrun for example_setup_teardown to 2023-12-19T00:00:00+00:00, run_after=2023-12-20T00:00:00+00:00
[2023-12-20T22:51:55.010+0000] {processor.py:183} INFO - Processing /home/airflow/.local/lib/python3.8/site-packages/airflow/example_dags/example_setup_teardown.py took 0.142 seconds
[2023-12-20T22:52:25.609+0000] {processor.py:161} INFO - Started process (PID=1571) to work on /home/airflow/.local/lib/python3.8/site-packages/airflow/example_dags/example_setup_teardown.py
[2023-12-20T22:52:25.610+0000] {processor.py:830} INFO - Processing file /home/airflow/.local/lib/python3.8/site-packages/airflow/example_dags/example_setup_teardown.py for tasks to queue
[2023-12-20T22:52:25.614+0000] {logging_mixin.py:188} INFO - [2023-12-20T22:52:25.613+0000] {dagbag.py:538} INFO - Filling up the DagBag from /home/airflow/.local/lib/python3.8/site-packages/airflow/example_dags/example_setup_teardown.py
[2023-12-20T22:52:25.622+0000] {processor.py:840} INFO - DAG(s) 'example_setup_teardown' retrieved from /home/airflow/.local/lib/python3.8/site-packages/airflow/example_dags/example_setup_teardown.py
[2023-12-20T22:52:25.657+0000] {logging_mixin.py:188} INFO - [2023-12-20T22:52:25.656+0000] {dag.py:3033} INFO - Sync 1 DAGs
[2023-12-20T22:52:25.691+0000] {logging_mixin.py:188} INFO - [2023-12-20T22:52:25.691+0000] {dag.py:3820} INFO - Setting next_dagrun for example_setup_teardown to 2023-12-19T00:00:00+00:00, run_after=2023-12-20T00:00:00+00:00
[2023-12-20T22:52:25.708+0000] {processor.py:183} INFO - Processing /home/airflow/.local/lib/python3.8/site-packages/airflow/example_dags/example_setup_teardown.py took 0.104 seconds
[2023-12-20T22:52:56.147+0000] {processor.py:161} INFO - Started process (PID=1626) to work on /home/airflow/.local/lib/python3.8/site-packages/airflow/example_dags/example_setup_teardown.py
[2023-12-20T22:52:56.150+0000] {processor.py:830} INFO - Processing file /home/airflow/.local/lib/python3.8/site-packages/airflow/example_dags/example_setup_teardown.py for tasks to queue
[2023-12-20T22:52:56.156+0000] {logging_mixin.py:188} INFO - [2023-12-20T22:52:56.155+0000] {dagbag.py:538} INFO - Filling up the DagBag from /home/airflow/.local/lib/python3.8/site-packages/airflow/example_dags/example_setup_teardown.py
[2023-12-20T22:52:56.168+0000] {processor.py:840} INFO - DAG(s) 'example_setup_teardown' retrieved from /home/airflow/.local/lib/python3.8/site-packages/airflow/example_dags/example_setup_teardown.py
[2023-12-20T22:52:56.203+0000] {logging_mixin.py:188} INFO - [2023-12-20T22:52:56.203+0000] {dag.py:3033} INFO - Sync 1 DAGs
[2023-12-20T22:52:56.233+0000] {logging_mixin.py:188} INFO - [2023-12-20T22:52:56.233+0000] {dag.py:3820} INFO - Setting next_dagrun for example_setup_teardown to 2023-12-19T00:00:00+00:00, run_after=2023-12-20T00:00:00+00:00
[2023-12-20T22:52:56.250+0000] {processor.py:183} INFO - Processing /home/airflow/.local/lib/python3.8/site-packages/airflow/example_dags/example_setup_teardown.py took 0.112 seconds
[2023-12-20T22:53:26.528+0000] {processor.py:161} INFO - Started process (PID=1682) to work on /home/airflow/.local/lib/python3.8/site-packages/airflow/example_dags/example_setup_teardown.py
[2023-12-20T22:53:26.562+0000] {processor.py:830} INFO - Processing file /home/airflow/.local/lib/python3.8/site-packages/airflow/example_dags/example_setup_teardown.py for tasks to queue
[2023-12-20T22:53:26.576+0000] {logging_mixin.py:188} INFO - [2023-12-20T22:53:26.575+0000] {dagbag.py:538} INFO - Filling up the DagBag from /home/airflow/.local/lib/python3.8/site-packages/airflow/example_dags/example_setup_teardown.py
[2023-12-20T22:53:26.599+0000] {processor.py:840} INFO - DAG(s) 'example_setup_teardown' retrieved from /home/airflow/.local/lib/python3.8/site-packages/airflow/example_dags/example_setup_teardown.py
[2023-12-20T22:53:26.671+0000] {logging_mixin.py:188} INFO - [2023-12-20T22:53:26.670+0000] {dag.py:3033} INFO - Sync 1 DAGs
[2023-12-20T22:53:26.776+0000] {logging_mixin.py:188} INFO - [2023-12-20T22:53:26.775+0000] {dag.py:3820} INFO - Setting next_dagrun for example_setup_teardown to 2023-12-19T00:00:00+00:00, run_after=2023-12-20T00:00:00+00:00
[2023-12-20T22:53:26.834+0000] {processor.py:183} INFO - Processing /home/airflow/.local/lib/python3.8/site-packages/airflow/example_dags/example_setup_teardown.py took 0.320 seconds
[2023-12-20T22:53:57.093+0000] {processor.py:161} INFO - Started process (PID=1738) to work on /home/airflow/.local/lib/python3.8/site-packages/airflow/example_dags/example_setup_teardown.py
[2023-12-20T22:53:57.097+0000] {processor.py:830} INFO - Processing file /home/airflow/.local/lib/python3.8/site-packages/airflow/example_dags/example_setup_teardown.py for tasks to queue
[2023-12-20T22:53:57.114+0000] {logging_mixin.py:188} INFO - [2023-12-20T22:53:57.113+0000] {dagbag.py:538} INFO - Filling up the DagBag from /home/airflow/.local/lib/python3.8/site-packages/airflow/example_dags/example_setup_teardown.py
[2023-12-20T22:53:57.146+0000] {processor.py:840} INFO - DAG(s) 'example_setup_teardown' retrieved from /home/airflow/.local/lib/python3.8/site-packages/airflow/example_dags/example_setup_teardown.py
[2023-12-20T22:53:57.262+0000] {logging_mixin.py:188} INFO - [2023-12-20T22:53:57.259+0000] {dag.py:3033} INFO - Sync 1 DAGs
[2023-12-20T22:53:57.351+0000] {logging_mixin.py:188} INFO - [2023-12-20T22:53:57.351+0000] {dag.py:3820} INFO - Setting next_dagrun for example_setup_teardown to 2023-12-19T00:00:00+00:00, run_after=2023-12-20T00:00:00+00:00
[2023-12-20T22:53:57.432+0000] {processor.py:183} INFO - Processing /home/airflow/.local/lib/python3.8/site-packages/airflow/example_dags/example_setup_teardown.py took 0.378 seconds
[2023-12-20T22:54:40.432+0000] {processor.py:161} INFO - Started process (PID=1779) to work on /home/airflow/.local/lib/python3.8/site-packages/airflow/example_dags/example_setup_teardown.py
[2023-12-20T22:54:40.441+0000] {processor.py:830} INFO - Processing file /home/airflow/.local/lib/python3.8/site-packages/airflow/example_dags/example_setup_teardown.py for tasks to queue
[2023-12-20T22:54:40.453+0000] {logging_mixin.py:188} INFO - [2023-12-20T22:54:40.452+0000] {dagbag.py:538} INFO - Filling up the DagBag from /home/airflow/.local/lib/python3.8/site-packages/airflow/example_dags/example_setup_teardown.py
[2023-12-20T22:54:40.759+0000] {processor.py:840} INFO - DAG(s) 'example_setup_teardown' retrieved from /home/airflow/.local/lib/python3.8/site-packages/airflow/example_dags/example_setup_teardown.py
[2023-12-20T22:54:41.136+0000] {logging_mixin.py:188} INFO - [2023-12-20T22:54:41.135+0000] {dag.py:3033} INFO - Sync 1 DAGs
[2023-12-20T22:54:41.288+0000] {logging_mixin.py:188} INFO - [2023-12-20T22:54:41.288+0000] {dag.py:3820} INFO - Setting next_dagrun for example_setup_teardown to 2023-12-19T00:00:00+00:00, run_after=2023-12-20T00:00:00+00:00
[2023-12-20T22:54:41.409+0000] {processor.py:183} INFO - Processing /home/airflow/.local/lib/python3.8/site-packages/airflow/example_dags/example_setup_teardown.py took 1.007 seconds
[2023-12-20T22:55:13.748+0000] {processor.py:161} INFO - Started process (PID=1819) to work on /home/airflow/.local/lib/python3.8/site-packages/airflow/example_dags/example_setup_teardown.py
[2023-12-20T22:55:13.755+0000] {processor.py:830} INFO - Processing file /home/airflow/.local/lib/python3.8/site-packages/airflow/example_dags/example_setup_teardown.py for tasks to queue
[2023-12-20T22:55:13.773+0000] {logging_mixin.py:188} INFO - [2023-12-20T22:55:13.771+0000] {dagbag.py:538} INFO - Filling up the DagBag from /home/airflow/.local/lib/python3.8/site-packages/airflow/example_dags/example_setup_teardown.py
[2023-12-20T22:55:13.822+0000] {processor.py:840} INFO - DAG(s) 'example_setup_teardown' retrieved from /home/airflow/.local/lib/python3.8/site-packages/airflow/example_dags/example_setup_teardown.py
[2023-12-20T22:55:13.998+0000] {logging_mixin.py:188} INFO - [2023-12-20T22:55:13.997+0000] {dag.py:3033} INFO - Sync 1 DAGs
[2023-12-20T22:55:14.133+0000] {logging_mixin.py:188} INFO - [2023-12-20T22:55:14.132+0000] {dag.py:3820} INFO - Setting next_dagrun for example_setup_teardown to 2023-12-19T00:00:00+00:00, run_after=2023-12-20T00:00:00+00:00
[2023-12-20T22:55:14.230+0000] {processor.py:183} INFO - Processing /home/airflow/.local/lib/python3.8/site-packages/airflow/example_dags/example_setup_teardown.py took 0.494 seconds
[2023-12-20T22:55:53.692+0000] {processor.py:161} INFO - Started process (PID=1850) to work on /home/airflow/.local/lib/python3.8/site-packages/airflow/example_dags/example_setup_teardown.py
[2023-12-20T22:55:53.706+0000] {processor.py:830} INFO - Processing file /home/airflow/.local/lib/python3.8/site-packages/airflow/example_dags/example_setup_teardown.py for tasks to queue
[2023-12-20T22:55:53.737+0000] {logging_mixin.py:188} INFO - [2023-12-20T22:55:53.734+0000] {dagbag.py:538} INFO - Filling up the DagBag from /home/airflow/.local/lib/python3.8/site-packages/airflow/example_dags/example_setup_teardown.py
[2023-12-20T22:55:53.794+0000] {processor.py:840} INFO - DAG(s) 'example_setup_teardown' retrieved from /home/airflow/.local/lib/python3.8/site-packages/airflow/example_dags/example_setup_teardown.py
[2023-12-20T22:55:53.932+0000] {logging_mixin.py:188} INFO - [2023-12-20T22:55:53.932+0000] {dag.py:3033} INFO - Sync 1 DAGs
[2023-12-20T22:55:54.012+0000] {logging_mixin.py:188} INFO - [2023-12-20T22:55:54.011+0000] {dag.py:3820} INFO - Setting next_dagrun for example_setup_teardown to 2023-12-19T00:00:00+00:00, run_after=2023-12-20T00:00:00+00:00
[2023-12-20T22:55:54.091+0000] {processor.py:183} INFO - Processing /home/airflow/.local/lib/python3.8/site-packages/airflow/example_dags/example_setup_teardown.py took 0.418 seconds
[2023-12-20T22:56:29.022+0000] {processor.py:161} INFO - Started process (PID=1918) to work on /home/airflow/.local/lib/python3.8/site-packages/airflow/example_dags/example_setup_teardown.py
[2023-12-20T22:56:29.047+0000] {processor.py:830} INFO - Processing file /home/airflow/.local/lib/python3.8/site-packages/airflow/example_dags/example_setup_teardown.py for tasks to queue
[2023-12-20T22:56:29.108+0000] {logging_mixin.py:188} INFO - [2023-12-20T22:56:29.107+0000] {dagbag.py:538} INFO - Filling up the DagBag from /home/airflow/.local/lib/python3.8/site-packages/airflow/example_dags/example_setup_teardown.py
[2023-12-20T22:56:29.184+0000] {processor.py:840} INFO - DAG(s) 'example_setup_teardown' retrieved from /home/airflow/.local/lib/python3.8/site-packages/airflow/example_dags/example_setup_teardown.py
[2023-12-20T22:56:29.425+0000] {logging_mixin.py:188} INFO - [2023-12-20T22:56:29.424+0000] {dag.py:3033} INFO - Sync 1 DAGs
[2023-12-20T22:56:33.388+0000] {logging_mixin.py:188} INFO - [2023-12-20T22:56:33.386+0000] {dag.py:3820} INFO - Setting next_dagrun for example_setup_teardown to 2023-12-19T00:00:00+00:00, run_after=2023-12-20T00:00:00+00:00
[2023-12-20T22:56:33.469+0000] {processor.py:183} INFO - Processing /home/airflow/.local/lib/python3.8/site-packages/airflow/example_dags/example_setup_teardown.py took 4.477 seconds
[2023-12-20T22:57:04.631+0000] {processor.py:161} INFO - Started process (PID=1974) to work on /home/airflow/.local/lib/python3.8/site-packages/airflow/example_dags/example_setup_teardown.py
[2023-12-20T22:57:04.640+0000] {processor.py:830} INFO - Processing file /home/airflow/.local/lib/python3.8/site-packages/airflow/example_dags/example_setup_teardown.py for tasks to queue
[2023-12-20T22:57:04.661+0000] {logging_mixin.py:188} INFO - [2023-12-20T22:57:04.658+0000] {dagbag.py:538} INFO - Filling up the DagBag from /home/airflow/.local/lib/python3.8/site-packages/airflow/example_dags/example_setup_teardown.py
[2023-12-20T22:57:04.699+0000] {processor.py:840} INFO - DAG(s) 'example_setup_teardown' retrieved from /home/airflow/.local/lib/python3.8/site-packages/airflow/example_dags/example_setup_teardown.py
[2023-12-20T22:57:04.906+0000] {logging_mixin.py:188} INFO - [2023-12-20T22:57:04.906+0000] {dag.py:3033} INFO - Sync 1 DAGs
[2023-12-20T22:57:05.060+0000] {logging_mixin.py:188} INFO - [2023-12-20T22:57:05.059+0000] {dag.py:3820} INFO - Setting next_dagrun for example_setup_teardown to 2023-12-19T00:00:00+00:00, run_after=2023-12-20T00:00:00+00:00
[2023-12-20T22:57:06.695+0000] {processor.py:183} INFO - Processing /home/airflow/.local/lib/python3.8/site-packages/airflow/example_dags/example_setup_teardown.py took 2.100 seconds
[2023-12-20T22:59:22.004+0000] {processor.py:161} INFO - Started process (PID=2047) to work on /home/airflow/.local/lib/python3.8/site-packages/airflow/example_dags/example_setup_teardown.py
[2023-12-20T22:59:22.016+0000] {processor.py:830} INFO - Processing file /home/airflow/.local/lib/python3.8/site-packages/airflow/example_dags/example_setup_teardown.py for tasks to queue
[2023-12-20T22:59:22.036+0000] {logging_mixin.py:188} INFO - [2023-12-20T22:59:22.033+0000] {dagbag.py:538} INFO - Filling up the DagBag from /home/airflow/.local/lib/python3.8/site-packages/airflow/example_dags/example_setup_teardown.py
[2023-12-20T22:59:22.121+0000] {processor.py:840} INFO - DAG(s) 'example_setup_teardown' retrieved from /home/airflow/.local/lib/python3.8/site-packages/airflow/example_dags/example_setup_teardown.py
[2023-12-20T22:59:32.356+0000] {logging_mixin.py:188} INFO - [2023-12-20T22:59:32.270+0000] {dag.py:3033} INFO - Sync 1 DAGs
[2023-12-20T22:59:46.257+0000] {logging_mixin.py:188} INFO - [2023-12-20T22:59:46.205+0000] {dag.py:3820} INFO - Setting next_dagrun for example_setup_teardown to 2023-12-19T00:00:00+00:00, run_after=2023-12-20T00:00:00+00:00
[2023-12-20T22:59:46.942+0000] {processor.py:183} INFO - Processing /home/airflow/.local/lib/python3.8/site-packages/airflow/example_dags/example_setup_teardown.py took 24.880 seconds
[2023-12-20T23:00:34.306+0000] {processor.py:161} INFO - Started process (PID=2094) to work on /home/airflow/.local/lib/python3.8/site-packages/airflow/example_dags/example_setup_teardown.py
[2023-12-20T23:00:34.311+0000] {processor.py:830} INFO - Processing file /home/airflow/.local/lib/python3.8/site-packages/airflow/example_dags/example_setup_teardown.py for tasks to queue
[2023-12-20T23:00:34.360+0000] {logging_mixin.py:188} INFO - [2023-12-20T23:00:34.339+0000] {dagbag.py:538} INFO - Filling up the DagBag from /home/airflow/.local/lib/python3.8/site-packages/airflow/example_dags/example_setup_teardown.py
[2023-12-20T23:00:34.509+0000] {processor.py:840} INFO - DAG(s) 'example_setup_teardown' retrieved from /home/airflow/.local/lib/python3.8/site-packages/airflow/example_dags/example_setup_teardown.py
[2023-12-20T23:00:34.726+0000] {logging_mixin.py:188} INFO - [2023-12-20T23:00:34.725+0000] {dag.py:3033} INFO - Sync 1 DAGs
[2023-12-20T23:00:36.794+0000] {logging_mixin.py:188} INFO - [2023-12-20T23:00:36.794+0000] {dag.py:3820} INFO - Setting next_dagrun for example_setup_teardown to 2023-12-19T00:00:00+00:00, run_after=2023-12-20T00:00:00+00:00
[2023-12-20T23:00:37.159+0000] {processor.py:183} INFO - Processing /home/airflow/.local/lib/python3.8/site-packages/airflow/example_dags/example_setup_teardown.py took 2.913 seconds
[2023-12-20T23:01:30.422+0000] {processor.py:161} INFO - Started process (PID=2151) to work on /home/airflow/.local/lib/python3.8/site-packages/airflow/example_dags/example_setup_teardown.py
[2023-12-20T23:01:30.435+0000] {processor.py:830} INFO - Processing file /home/airflow/.local/lib/python3.8/site-packages/airflow/example_dags/example_setup_teardown.py for tasks to queue
[2023-12-20T23:01:30.472+0000] {logging_mixin.py:188} INFO - [2023-12-20T23:01:30.469+0000] {dagbag.py:538} INFO - Filling up the DagBag from /home/airflow/.local/lib/python3.8/site-packages/airflow/example_dags/example_setup_teardown.py
[2023-12-20T23:01:30.648+0000] {processor.py:840} INFO - DAG(s) 'example_setup_teardown' retrieved from /home/airflow/.local/lib/python3.8/site-packages/airflow/example_dags/example_setup_teardown.py
[2023-12-20T23:01:30.866+0000] {logging_mixin.py:188} INFO - [2023-12-20T23:01:30.865+0000] {dag.py:3033} INFO - Sync 1 DAGs
[2023-12-20T23:01:30.974+0000] {logging_mixin.py:188} INFO - [2023-12-20T23:01:30.973+0000] {dag.py:3820} INFO - Setting next_dagrun for example_setup_teardown to 2023-12-19T00:00:00+00:00, run_after=2023-12-20T00:00:00+00:00
[2023-12-20T23:01:31.421+0000] {processor.py:183} INFO - Processing /home/airflow/.local/lib/python3.8/site-packages/airflow/example_dags/example_setup_teardown.py took 1.025 seconds
[2023-12-20T23:02:10.265+0000] {processor.py:161} INFO - Started process (PID=2181) to work on /home/airflow/.local/lib/python3.8/site-packages/airflow/example_dags/example_setup_teardown.py
[2023-12-20T23:02:10.308+0000] {processor.py:830} INFO - Processing file /home/airflow/.local/lib/python3.8/site-packages/airflow/example_dags/example_setup_teardown.py for tasks to queue
[2023-12-20T23:02:10.352+0000] {logging_mixin.py:188} INFO - [2023-12-20T23:02:10.345+0000] {dagbag.py:538} INFO - Filling up the DagBag from /home/airflow/.local/lib/python3.8/site-packages/airflow/example_dags/example_setup_teardown.py
[2023-12-20T23:02:10.487+0000] {processor.py:840} INFO - DAG(s) 'example_setup_teardown' retrieved from /home/airflow/.local/lib/python3.8/site-packages/airflow/example_dags/example_setup_teardown.py
[2023-12-20T23:02:10.628+0000] {logging_mixin.py:188} INFO - [2023-12-20T23:02:10.627+0000] {dag.py:3033} INFO - Sync 1 DAGs
[2023-12-20T23:02:12.060+0000] {logging_mixin.py:188} INFO - [2023-12-20T23:02:12.059+0000] {dag.py:3820} INFO - Setting next_dagrun for example_setup_teardown to 2023-12-19T00:00:00+00:00, run_after=2023-12-20T00:00:00+00:00
[2023-12-20T23:02:12.102+0000] {processor.py:183} INFO - Processing /home/airflow/.local/lib/python3.8/site-packages/airflow/example_dags/example_setup_teardown.py took 1.913 seconds
[2023-12-20T23:02:50.397+0000] {processor.py:161} INFO - Started process (PID=2221) to work on /home/airflow/.local/lib/python3.8/site-packages/airflow/example_dags/example_setup_teardown.py
[2023-12-20T23:02:50.462+0000] {processor.py:830} INFO - Processing file /home/airflow/.local/lib/python3.8/site-packages/airflow/example_dags/example_setup_teardown.py for tasks to queue
[2023-12-20T23:02:50.552+0000] {logging_mixin.py:188} INFO - [2023-12-20T23:02:50.541+0000] {dagbag.py:538} INFO - Filling up the DagBag from /home/airflow/.local/lib/python3.8/site-packages/airflow/example_dags/example_setup_teardown.py
[2023-12-20T23:02:50.636+0000] {processor.py:840} INFO - DAG(s) 'example_setup_teardown' retrieved from /home/airflow/.local/lib/python3.8/site-packages/airflow/example_dags/example_setup_teardown.py
[2023-12-20T23:02:50.997+0000] {logging_mixin.py:188} INFO - [2023-12-20T23:02:50.984+0000] {dag.py:3033} INFO - Sync 1 DAGs
[2023-12-20T23:02:51.297+0000] {logging_mixin.py:188} INFO - [2023-12-20T23:02:51.287+0000] {dag.py:3820} INFO - Setting next_dagrun for example_setup_teardown to 2023-12-19T00:00:00+00:00, run_after=2023-12-20T00:00:00+00:00
[2023-12-20T23:02:51.611+0000] {processor.py:183} INFO - Processing /home/airflow/.local/lib/python3.8/site-packages/airflow/example_dags/example_setup_teardown.py took 1.259 seconds
[2023-12-20T23:03:29.636+0000] {processor.py:161} INFO - Started process (PID=2272) to work on /home/airflow/.local/lib/python3.8/site-packages/airflow/example_dags/example_setup_teardown.py
[2023-12-20T23:03:29.651+0000] {processor.py:830} INFO - Processing file /home/airflow/.local/lib/python3.8/site-packages/airflow/example_dags/example_setup_teardown.py for tasks to queue
[2023-12-20T23:03:29.671+0000] {logging_mixin.py:188} INFO - [2023-12-20T23:03:29.670+0000] {dagbag.py:538} INFO - Filling up the DagBag from /home/airflow/.local/lib/python3.8/site-packages/airflow/example_dags/example_setup_teardown.py
[2023-12-20T23:03:29.765+0000] {processor.py:840} INFO - DAG(s) 'example_setup_teardown' retrieved from /home/airflow/.local/lib/python3.8/site-packages/airflow/example_dags/example_setup_teardown.py
[2023-12-20T23:03:30.024+0000] {logging_mixin.py:188} INFO - [2023-12-20T23:03:30.023+0000] {dag.py:3033} INFO - Sync 1 DAGs
[2023-12-20T23:03:30.264+0000] {logging_mixin.py:188} INFO - [2023-12-20T23:03:30.264+0000] {dag.py:3820} INFO - Setting next_dagrun for example_setup_teardown to 2023-12-19T00:00:00+00:00, run_after=2023-12-20T00:00:00+00:00
[2023-12-20T23:03:30.433+0000] {processor.py:183} INFO - Processing /home/airflow/.local/lib/python3.8/site-packages/airflow/example_dags/example_setup_teardown.py took 0.809 seconds
[2023-12-20T23:04:25.584+0000] {processor.py:161} INFO - Started process (PID=2300) to work on /home/airflow/.local/lib/python3.8/site-packages/airflow/example_dags/example_setup_teardown.py
[2023-12-20T23:04:25.598+0000] {processor.py:830} INFO - Processing file /home/airflow/.local/lib/python3.8/site-packages/airflow/example_dags/example_setup_teardown.py for tasks to queue
[2023-12-20T23:04:25.686+0000] {logging_mixin.py:188} INFO - [2023-12-20T23:04:25.676+0000] {dagbag.py:538} INFO - Filling up the DagBag from /home/airflow/.local/lib/python3.8/site-packages/airflow/example_dags/example_setup_teardown.py
[2023-12-20T23:04:25.923+0000] {processor.py:840} INFO - DAG(s) 'example_setup_teardown' retrieved from /home/airflow/.local/lib/python3.8/site-packages/airflow/example_dags/example_setup_teardown.py
[2023-12-20T23:04:30.361+0000] {logging_mixin.py:188} INFO - [2023-12-20T23:04:30.129+0000] {dag.py:3033} INFO - Sync 1 DAGs
[2023-12-20T23:04:34.534+0000] {logging_mixin.py:188} INFO - [2023-12-20T23:04:34.448+0000] {dag.py:3820} INFO - Setting next_dagrun for example_setup_teardown to 2023-12-19T00:00:00+00:00, run_after=2023-12-20T00:00:00+00:00
[2023-12-20T23:04:45.468+0000] {processor.py:183} INFO - Processing /home/airflow/.local/lib/python3.8/site-packages/airflow/example_dags/example_setup_teardown.py took 19.869 seconds
