[2023-12-20T22:38:08.989+0000] {processor.py:161} INFO - Started process (PID=32) to work on /home/airflow/.local/lib/python3.8/site-packages/airflow/example_dags/example_skip_dag.py
[2023-12-20T22:38:08.991+0000] {processor.py:830} INFO - Processing file /home/airflow/.local/lib/python3.8/site-packages/airflow/example_dags/example_skip_dag.py for tasks to queue
[2023-12-20T22:38:08.995+0000] {logging_mixin.py:188} INFO - [2023-12-20T22:38:08.995+0000] {dagbag.py:538} INFO - Filling up the DagBag from /home/airflow/.local/lib/python3.8/site-packages/airflow/example_dags/example_skip_dag.py
[2023-12-20T22:38:09.014+0000] {processor.py:840} INFO - DAG(s) 'example_skip_dag' retrieved from /home/airflow/.local/lib/python3.8/site-packages/airflow/example_dags/example_skip_dag.py
[2023-12-20T22:38:09.208+0000] {logging_mixin.py:188} INFO - [2023-12-20T22:38:09.207+0000] {dag.py:3033} INFO - Sync 1 DAGs
[2023-12-20T22:38:09.240+0000] {logging_mixin.py:188} INFO - [2023-12-20T22:38:09.240+0000] {dag.py:3820} INFO - Setting next_dagrun for example_skip_dag to 2023-12-19T00:00:00+00:00, run_after=2023-12-20T00:00:00+00:00
[2023-12-20T22:38:09.269+0000] {processor.py:183} INFO - Processing /home/airflow/.local/lib/python3.8/site-packages/airflow/example_dags/example_skip_dag.py took 0.286 seconds
[2023-12-20T22:38:40.135+0000] {processor.py:161} INFO - Started process (PID=87) to work on /home/airflow/.local/lib/python3.8/site-packages/airflow/example_dags/example_skip_dag.py
[2023-12-20T22:38:40.137+0000] {processor.py:830} INFO - Processing file /home/airflow/.local/lib/python3.8/site-packages/airflow/example_dags/example_skip_dag.py for tasks to queue
[2023-12-20T22:38:40.142+0000] {logging_mixin.py:188} INFO - [2023-12-20T22:38:40.141+0000] {dagbag.py:538} INFO - Filling up the DagBag from /home/airflow/.local/lib/python3.8/site-packages/airflow/example_dags/example_skip_dag.py
[2023-12-20T22:38:40.153+0000] {processor.py:840} INFO - DAG(s) 'example_skip_dag' retrieved from /home/airflow/.local/lib/python3.8/site-packages/airflow/example_dags/example_skip_dag.py
[2023-12-20T22:38:40.240+0000] {logging_mixin.py:188} INFO - [2023-12-20T22:38:40.240+0000] {dag.py:3033} INFO - Sync 1 DAGs
[2023-12-20T22:38:40.272+0000] {logging_mixin.py:188} INFO - [2023-12-20T22:38:40.272+0000] {dag.py:3820} INFO - Setting next_dagrun for example_skip_dag to 2023-12-19T00:00:00+00:00, run_after=2023-12-20T00:00:00+00:00
[2023-12-20T22:38:40.290+0000] {processor.py:183} INFO - Processing /home/airflow/.local/lib/python3.8/site-packages/airflow/example_dags/example_skip_dag.py took 0.162 seconds
[2023-12-20T22:39:10.753+0000] {processor.py:161} INFO - Started process (PID=142) to work on /home/airflow/.local/lib/python3.8/site-packages/airflow/example_dags/example_skip_dag.py
[2023-12-20T22:39:10.755+0000] {processor.py:830} INFO - Processing file /home/airflow/.local/lib/python3.8/site-packages/airflow/example_dags/example_skip_dag.py for tasks to queue
[2023-12-20T22:39:10.759+0000] {logging_mixin.py:188} INFO - [2023-12-20T22:39:10.759+0000] {dagbag.py:538} INFO - Filling up the DagBag from /home/airflow/.local/lib/python3.8/site-packages/airflow/example_dags/example_skip_dag.py
[2023-12-20T22:39:10.767+0000] {processor.py:840} INFO - DAG(s) 'example_skip_dag' retrieved from /home/airflow/.local/lib/python3.8/site-packages/airflow/example_dags/example_skip_dag.py
[2023-12-20T22:39:10.791+0000] {logging_mixin.py:188} INFO - [2023-12-20T22:39:10.791+0000] {dag.py:3033} INFO - Sync 1 DAGs
[2023-12-20T22:39:10.808+0000] {logging_mixin.py:188} INFO - [2023-12-20T22:39:10.808+0000] {dag.py:3820} INFO - Setting next_dagrun for example_skip_dag to 2023-12-19T00:00:00+00:00, run_after=2023-12-20T00:00:00+00:00
[2023-12-20T22:39:10.822+0000] {processor.py:183} INFO - Processing /home/airflow/.local/lib/python3.8/site-packages/airflow/example_dags/example_skip_dag.py took 0.075 seconds
[2023-12-20T22:39:41.629+0000] {processor.py:161} INFO - Started process (PID=197) to work on /home/airflow/.local/lib/python3.8/site-packages/airflow/example_dags/example_skip_dag.py
[2023-12-20T22:39:41.632+0000] {processor.py:830} INFO - Processing file /home/airflow/.local/lib/python3.8/site-packages/airflow/example_dags/example_skip_dag.py for tasks to queue
[2023-12-20T22:39:41.636+0000] {logging_mixin.py:188} INFO - [2023-12-20T22:39:41.636+0000] {dagbag.py:538} INFO - Filling up the DagBag from /home/airflow/.local/lib/python3.8/site-packages/airflow/example_dags/example_skip_dag.py
[2023-12-20T22:39:41.644+0000] {processor.py:840} INFO - DAG(s) 'example_skip_dag' retrieved from /home/airflow/.local/lib/python3.8/site-packages/airflow/example_dags/example_skip_dag.py
[2023-12-20T22:39:41.667+0000] {logging_mixin.py:188} INFO - [2023-12-20T22:39:41.667+0000] {dag.py:3033} INFO - Sync 1 DAGs
[2023-12-20T22:39:41.685+0000] {logging_mixin.py:188} INFO - [2023-12-20T22:39:41.685+0000] {dag.py:3820} INFO - Setting next_dagrun for example_skip_dag to 2023-12-19T00:00:00+00:00, run_after=2023-12-20T00:00:00+00:00
[2023-12-20T22:39:41.699+0000] {processor.py:183} INFO - Processing /home/airflow/.local/lib/python3.8/site-packages/airflow/example_dags/example_skip_dag.py took 0.074 seconds
[2023-12-20T22:40:12.021+0000] {processor.py:161} INFO - Started process (PID=253) to work on /home/airflow/.local/lib/python3.8/site-packages/airflow/example_dags/example_skip_dag.py
[2023-12-20T22:40:12.022+0000] {processor.py:830} INFO - Processing file /home/airflow/.local/lib/python3.8/site-packages/airflow/example_dags/example_skip_dag.py for tasks to queue
[2023-12-20T22:40:12.026+0000] {logging_mixin.py:188} INFO - [2023-12-20T22:40:12.026+0000] {dagbag.py:538} INFO - Filling up the DagBag from /home/airflow/.local/lib/python3.8/site-packages/airflow/example_dags/example_skip_dag.py
[2023-12-20T22:40:12.034+0000] {processor.py:840} INFO - DAG(s) 'example_skip_dag' retrieved from /home/airflow/.local/lib/python3.8/site-packages/airflow/example_dags/example_skip_dag.py
[2023-12-20T22:40:12.060+0000] {logging_mixin.py:188} INFO - [2023-12-20T22:40:12.060+0000] {dag.py:3033} INFO - Sync 1 DAGs
[2023-12-20T22:40:12.082+0000] {logging_mixin.py:188} INFO - [2023-12-20T22:40:12.082+0000] {dag.py:3820} INFO - Setting next_dagrun for example_skip_dag to 2023-12-19T00:00:00+00:00, run_after=2023-12-20T00:00:00+00:00
[2023-12-20T22:40:12.099+0000] {processor.py:183} INFO - Processing /home/airflow/.local/lib/python3.8/site-packages/airflow/example_dags/example_skip_dag.py took 0.083 seconds
[2023-12-20T22:40:42.391+0000] {processor.py:161} INFO - Started process (PID=308) to work on /home/airflow/.local/lib/python3.8/site-packages/airflow/example_dags/example_skip_dag.py
[2023-12-20T22:40:42.393+0000] {processor.py:830} INFO - Processing file /home/airflow/.local/lib/python3.8/site-packages/airflow/example_dags/example_skip_dag.py for tasks to queue
[2023-12-20T22:40:42.396+0000] {logging_mixin.py:188} INFO - [2023-12-20T22:40:42.396+0000] {dagbag.py:538} INFO - Filling up the DagBag from /home/airflow/.local/lib/python3.8/site-packages/airflow/example_dags/example_skip_dag.py
[2023-12-20T22:40:42.403+0000] {processor.py:840} INFO - DAG(s) 'example_skip_dag' retrieved from /home/airflow/.local/lib/python3.8/site-packages/airflow/example_dags/example_skip_dag.py
[2023-12-20T22:40:42.427+0000] {logging_mixin.py:188} INFO - [2023-12-20T22:40:42.427+0000] {dag.py:3033} INFO - Sync 1 DAGs
[2023-12-20T22:40:42.444+0000] {logging_mixin.py:188} INFO - [2023-12-20T22:40:42.444+0000] {dag.py:3820} INFO - Setting next_dagrun for example_skip_dag to 2023-12-19T00:00:00+00:00, run_after=2023-12-20T00:00:00+00:00
[2023-12-20T22:40:42.457+0000] {processor.py:183} INFO - Processing /home/airflow/.local/lib/python3.8/site-packages/airflow/example_dags/example_skip_dag.py took 0.070 seconds
[2023-12-20T22:41:13.145+0000] {processor.py:161} INFO - Started process (PID=363) to work on /home/airflow/.local/lib/python3.8/site-packages/airflow/example_dags/example_skip_dag.py
[2023-12-20T22:41:13.150+0000] {processor.py:830} INFO - Processing file /home/airflow/.local/lib/python3.8/site-packages/airflow/example_dags/example_skip_dag.py for tasks to queue
[2023-12-20T22:41:13.167+0000] {logging_mixin.py:188} INFO - [2023-12-20T22:41:13.166+0000] {dagbag.py:538} INFO - Filling up the DagBag from /home/airflow/.local/lib/python3.8/site-packages/airflow/example_dags/example_skip_dag.py
[2023-12-20T22:41:13.213+0000] {processor.py:840} INFO - DAG(s) 'example_skip_dag' retrieved from /home/airflow/.local/lib/python3.8/site-packages/airflow/example_dags/example_skip_dag.py
[2023-12-20T22:41:13.314+0000] {logging_mixin.py:188} INFO - [2023-12-20T22:41:13.309+0000] {dag.py:3033} INFO - Sync 1 DAGs
[2023-12-20T22:41:13.407+0000] {logging_mixin.py:188} INFO - [2023-12-20T22:41:13.407+0000] {dag.py:3820} INFO - Setting next_dagrun for example_skip_dag to 2023-12-19T00:00:00+00:00, run_after=2023-12-20T00:00:00+00:00
[2023-12-20T22:41:13.436+0000] {processor.py:183} INFO - Processing /home/airflow/.local/lib/python3.8/site-packages/airflow/example_dags/example_skip_dag.py took 0.322 seconds
[2023-12-20T22:41:44.077+0000] {processor.py:161} INFO - Started process (PID=421) to work on /home/airflow/.local/lib/python3.8/site-packages/airflow/example_dags/example_skip_dag.py
[2023-12-20T22:41:44.079+0000] {processor.py:830} INFO - Processing file /home/airflow/.local/lib/python3.8/site-packages/airflow/example_dags/example_skip_dag.py for tasks to queue
[2023-12-20T22:41:44.081+0000] {logging_mixin.py:188} INFO - [2023-12-20T22:41:44.081+0000] {dagbag.py:538} INFO - Filling up the DagBag from /home/airflow/.local/lib/python3.8/site-packages/airflow/example_dags/example_skip_dag.py
[2023-12-20T22:41:44.089+0000] {processor.py:840} INFO - DAG(s) 'example_skip_dag' retrieved from /home/airflow/.local/lib/python3.8/site-packages/airflow/example_dags/example_skip_dag.py
[2023-12-20T22:41:44.112+0000] {logging_mixin.py:188} INFO - [2023-12-20T22:41:44.112+0000] {dag.py:3033} INFO - Sync 1 DAGs
[2023-12-20T22:41:44.129+0000] {logging_mixin.py:188} INFO - [2023-12-20T22:41:44.129+0000] {dag.py:3820} INFO - Setting next_dagrun for example_skip_dag to 2023-12-19T00:00:00+00:00, run_after=2023-12-20T00:00:00+00:00
[2023-12-20T22:41:44.143+0000] {processor.py:183} INFO - Processing /home/airflow/.local/lib/python3.8/site-packages/airflow/example_dags/example_skip_dag.py took 0.069 seconds
[2023-12-20T22:42:14.298+0000] {processor.py:161} INFO - Started process (PID=476) to work on /home/airflow/.local/lib/python3.8/site-packages/airflow/example_dags/example_skip_dag.py
[2023-12-20T22:42:14.300+0000] {processor.py:830} INFO - Processing file /home/airflow/.local/lib/python3.8/site-packages/airflow/example_dags/example_skip_dag.py for tasks to queue
[2023-12-20T22:42:14.303+0000] {logging_mixin.py:188} INFO - [2023-12-20T22:42:14.302+0000] {dagbag.py:538} INFO - Filling up the DagBag from /home/airflow/.local/lib/python3.8/site-packages/airflow/example_dags/example_skip_dag.py
[2023-12-20T22:42:14.309+0000] {processor.py:840} INFO - DAG(s) 'example_skip_dag' retrieved from /home/airflow/.local/lib/python3.8/site-packages/airflow/example_dags/example_skip_dag.py
[2023-12-20T22:42:14.332+0000] {logging_mixin.py:188} INFO - [2023-12-20T22:42:14.332+0000] {dag.py:3033} INFO - Sync 1 DAGs
[2023-12-20T22:42:14.350+0000] {logging_mixin.py:188} INFO - [2023-12-20T22:42:14.350+0000] {dag.py:3820} INFO - Setting next_dagrun for example_skip_dag to 2023-12-19T00:00:00+00:00, run_after=2023-12-20T00:00:00+00:00
[2023-12-20T22:42:14.362+0000] {processor.py:183} INFO - Processing /home/airflow/.local/lib/python3.8/site-packages/airflow/example_dags/example_skip_dag.py took 0.067 seconds
[2023-12-20T22:42:45.165+0000] {processor.py:161} INFO - Started process (PID=530) to work on /home/airflow/.local/lib/python3.8/site-packages/airflow/example_dags/example_skip_dag.py
[2023-12-20T22:42:45.166+0000] {processor.py:830} INFO - Processing file /home/airflow/.local/lib/python3.8/site-packages/airflow/example_dags/example_skip_dag.py for tasks to queue
[2023-12-20T22:42:45.169+0000] {logging_mixin.py:188} INFO - [2023-12-20T22:42:45.169+0000] {dagbag.py:538} INFO - Filling up the DagBag from /home/airflow/.local/lib/python3.8/site-packages/airflow/example_dags/example_skip_dag.py
[2023-12-20T22:42:45.176+0000] {processor.py:840} INFO - DAG(s) 'example_skip_dag' retrieved from /home/airflow/.local/lib/python3.8/site-packages/airflow/example_dags/example_skip_dag.py
[2023-12-20T22:42:45.199+0000] {logging_mixin.py:188} INFO - [2023-12-20T22:42:45.198+0000] {dag.py:3033} INFO - Sync 1 DAGs
[2023-12-20T22:42:45.215+0000] {logging_mixin.py:188} INFO - [2023-12-20T22:42:45.215+0000] {dag.py:3820} INFO - Setting next_dagrun for example_skip_dag to 2023-12-19T00:00:00+00:00, run_after=2023-12-20T00:00:00+00:00
[2023-12-20T22:42:45.228+0000] {processor.py:183} INFO - Processing /home/airflow/.local/lib/python3.8/site-packages/airflow/example_dags/example_skip_dag.py took 0.067 seconds
[2023-12-20T22:43:15.649+0000] {processor.py:161} INFO - Started process (PID=585) to work on /home/airflow/.local/lib/python3.8/site-packages/airflow/example_dags/example_skip_dag.py
[2023-12-20T22:43:15.651+0000] {processor.py:830} INFO - Processing file /home/airflow/.local/lib/python3.8/site-packages/airflow/example_dags/example_skip_dag.py for tasks to queue
[2023-12-20T22:43:15.655+0000] {logging_mixin.py:188} INFO - [2023-12-20T22:43:15.654+0000] {dagbag.py:538} INFO - Filling up the DagBag from /home/airflow/.local/lib/python3.8/site-packages/airflow/example_dags/example_skip_dag.py
[2023-12-20T22:43:15.665+0000] {processor.py:840} INFO - DAG(s) 'example_skip_dag' retrieved from /home/airflow/.local/lib/python3.8/site-packages/airflow/example_dags/example_skip_dag.py
[2023-12-20T22:43:15.708+0000] {logging_mixin.py:188} INFO - [2023-12-20T22:43:15.707+0000] {dag.py:3033} INFO - Sync 1 DAGs
[2023-12-20T22:43:15.731+0000] {logging_mixin.py:188} INFO - [2023-12-20T22:43:15.731+0000] {dag.py:3820} INFO - Setting next_dagrun for example_skip_dag to 2023-12-19T00:00:00+00:00, run_after=2023-12-20T00:00:00+00:00
[2023-12-20T22:43:15.772+0000] {processor.py:183} INFO - Processing /home/airflow/.local/lib/python3.8/site-packages/airflow/example_dags/example_skip_dag.py took 0.129 seconds
[2023-12-20T22:43:45.919+0000] {processor.py:161} INFO - Started process (PID=640) to work on /home/airflow/.local/lib/python3.8/site-packages/airflow/example_dags/example_skip_dag.py
[2023-12-20T22:43:45.921+0000] {processor.py:830} INFO - Processing file /home/airflow/.local/lib/python3.8/site-packages/airflow/example_dags/example_skip_dag.py for tasks to queue
[2023-12-20T22:43:45.924+0000] {logging_mixin.py:188} INFO - [2023-12-20T22:43:45.923+0000] {dagbag.py:538} INFO - Filling up the DagBag from /home/airflow/.local/lib/python3.8/site-packages/airflow/example_dags/example_skip_dag.py
[2023-12-20T22:43:45.930+0000] {processor.py:840} INFO - DAG(s) 'example_skip_dag' retrieved from /home/airflow/.local/lib/python3.8/site-packages/airflow/example_dags/example_skip_dag.py
[2023-12-20T22:43:45.952+0000] {logging_mixin.py:188} INFO - [2023-12-20T22:43:45.952+0000] {dag.py:3033} INFO - Sync 1 DAGs
[2023-12-20T22:43:45.969+0000] {logging_mixin.py:188} INFO - [2023-12-20T22:43:45.969+0000] {dag.py:3820} INFO - Setting next_dagrun for example_skip_dag to 2023-12-19T00:00:00+00:00, run_after=2023-12-20T00:00:00+00:00
[2023-12-20T22:43:45.982+0000] {processor.py:183} INFO - Processing /home/airflow/.local/lib/python3.8/site-packages/airflow/example_dags/example_skip_dag.py took 0.066 seconds
[2023-12-20T22:44:16.686+0000] {processor.py:161} INFO - Started process (PID=695) to work on /home/airflow/.local/lib/python3.8/site-packages/airflow/example_dags/example_skip_dag.py
[2023-12-20T22:44:16.687+0000] {processor.py:830} INFO - Processing file /home/airflow/.local/lib/python3.8/site-packages/airflow/example_dags/example_skip_dag.py for tasks to queue
[2023-12-20T22:44:16.691+0000] {logging_mixin.py:188} INFO - [2023-12-20T22:44:16.690+0000] {dagbag.py:538} INFO - Filling up the DagBag from /home/airflow/.local/lib/python3.8/site-packages/airflow/example_dags/example_skip_dag.py
[2023-12-20T22:44:16.698+0000] {processor.py:840} INFO - DAG(s) 'example_skip_dag' retrieved from /home/airflow/.local/lib/python3.8/site-packages/airflow/example_dags/example_skip_dag.py
[2023-12-20T22:44:16.724+0000] {logging_mixin.py:188} INFO - [2023-12-20T22:44:16.724+0000] {dag.py:3033} INFO - Sync 1 DAGs
[2023-12-20T22:44:16.742+0000] {logging_mixin.py:188} INFO - [2023-12-20T22:44:16.742+0000] {dag.py:3820} INFO - Setting next_dagrun for example_skip_dag to 2023-12-19T00:00:00+00:00, run_after=2023-12-20T00:00:00+00:00
[2023-12-20T22:44:16.755+0000] {processor.py:183} INFO - Processing /home/airflow/.local/lib/python3.8/site-packages/airflow/example_dags/example_skip_dag.py took 0.074 seconds
[2023-12-20T22:44:47.734+0000] {processor.py:161} INFO - Started process (PID=750) to work on /home/airflow/.local/lib/python3.8/site-packages/airflow/example_dags/example_skip_dag.py
[2023-12-20T22:44:47.736+0000] {processor.py:830} INFO - Processing file /home/airflow/.local/lib/python3.8/site-packages/airflow/example_dags/example_skip_dag.py for tasks to queue
[2023-12-20T22:44:47.739+0000] {logging_mixin.py:188} INFO - [2023-12-20T22:44:47.738+0000] {dagbag.py:538} INFO - Filling up the DagBag from /home/airflow/.local/lib/python3.8/site-packages/airflow/example_dags/example_skip_dag.py
[2023-12-20T22:44:47.745+0000] {processor.py:840} INFO - DAG(s) 'example_skip_dag' retrieved from /home/airflow/.local/lib/python3.8/site-packages/airflow/example_dags/example_skip_dag.py
[2023-12-20T22:44:47.768+0000] {logging_mixin.py:188} INFO - [2023-12-20T22:44:47.767+0000] {dag.py:3033} INFO - Sync 1 DAGs
[2023-12-20T22:44:47.785+0000] {logging_mixin.py:188} INFO - [2023-12-20T22:44:47.784+0000] {dag.py:3820} INFO - Setting next_dagrun for example_skip_dag to 2023-12-19T00:00:00+00:00, run_after=2023-12-20T00:00:00+00:00
[2023-12-20T22:44:47.797+0000] {processor.py:183} INFO - Processing /home/airflow/.local/lib/python3.8/site-packages/airflow/example_dags/example_skip_dag.py took 0.067 seconds
[2023-12-20T22:45:18.309+0000] {processor.py:161} INFO - Started process (PID=806) to work on /home/airflow/.local/lib/python3.8/site-packages/airflow/example_dags/example_skip_dag.py
[2023-12-20T22:45:18.310+0000] {processor.py:830} INFO - Processing file /home/airflow/.local/lib/python3.8/site-packages/airflow/example_dags/example_skip_dag.py for tasks to queue
[2023-12-20T22:45:18.313+0000] {logging_mixin.py:188} INFO - [2023-12-20T22:45:18.313+0000] {dagbag.py:538} INFO - Filling up the DagBag from /home/airflow/.local/lib/python3.8/site-packages/airflow/example_dags/example_skip_dag.py
[2023-12-20T22:45:18.320+0000] {processor.py:840} INFO - DAG(s) 'example_skip_dag' retrieved from /home/airflow/.local/lib/python3.8/site-packages/airflow/example_dags/example_skip_dag.py
[2023-12-20T22:45:18.343+0000] {logging_mixin.py:188} INFO - [2023-12-20T22:45:18.343+0000] {dag.py:3033} INFO - Sync 1 DAGs
[2023-12-20T22:45:18.361+0000] {logging_mixin.py:188} INFO - [2023-12-20T22:45:18.360+0000] {dag.py:3820} INFO - Setting next_dagrun for example_skip_dag to 2023-12-19T00:00:00+00:00, run_after=2023-12-20T00:00:00+00:00
[2023-12-20T22:45:18.374+0000] {processor.py:183} INFO - Processing /home/airflow/.local/lib/python3.8/site-packages/airflow/example_dags/example_skip_dag.py took 0.068 seconds
[2023-12-20T22:45:48.671+0000] {processor.py:161} INFO - Started process (PID=861) to work on /home/airflow/.local/lib/python3.8/site-packages/airflow/example_dags/example_skip_dag.py
[2023-12-20T22:45:48.672+0000] {processor.py:830} INFO - Processing file /home/airflow/.local/lib/python3.8/site-packages/airflow/example_dags/example_skip_dag.py for tasks to queue
[2023-12-20T22:45:48.675+0000] {logging_mixin.py:188} INFO - [2023-12-20T22:45:48.675+0000] {dagbag.py:538} INFO - Filling up the DagBag from /home/airflow/.local/lib/python3.8/site-packages/airflow/example_dags/example_skip_dag.py
[2023-12-20T22:45:48.682+0000] {processor.py:840} INFO - DAG(s) 'example_skip_dag' retrieved from /home/airflow/.local/lib/python3.8/site-packages/airflow/example_dags/example_skip_dag.py
[2023-12-20T22:45:48.704+0000] {logging_mixin.py:188} INFO - [2023-12-20T22:45:48.704+0000] {dag.py:3033} INFO - Sync 1 DAGs
[2023-12-20T22:45:48.722+0000] {logging_mixin.py:188} INFO - [2023-12-20T22:45:48.722+0000] {dag.py:3820} INFO - Setting next_dagrun for example_skip_dag to 2023-12-19T00:00:00+00:00, run_after=2023-12-20T00:00:00+00:00
[2023-12-20T22:45:48.736+0000] {processor.py:183} INFO - Processing /home/airflow/.local/lib/python3.8/site-packages/airflow/example_dags/example_skip_dag.py took 0.069 seconds
[2023-12-20T22:46:19.543+0000] {processor.py:161} INFO - Started process (PID=916) to work on /home/airflow/.local/lib/python3.8/site-packages/airflow/example_dags/example_skip_dag.py
[2023-12-20T22:46:19.545+0000] {processor.py:830} INFO - Processing file /home/airflow/.local/lib/python3.8/site-packages/airflow/example_dags/example_skip_dag.py for tasks to queue
[2023-12-20T22:46:19.548+0000] {logging_mixin.py:188} INFO - [2023-12-20T22:46:19.547+0000] {dagbag.py:538} INFO - Filling up the DagBag from /home/airflow/.local/lib/python3.8/site-packages/airflow/example_dags/example_skip_dag.py
[2023-12-20T22:46:19.555+0000] {processor.py:840} INFO - DAG(s) 'example_skip_dag' retrieved from /home/airflow/.local/lib/python3.8/site-packages/airflow/example_dags/example_skip_dag.py
[2023-12-20T22:46:19.579+0000] {logging_mixin.py:188} INFO - [2023-12-20T22:46:19.579+0000] {dag.py:3033} INFO - Sync 1 DAGs
[2023-12-20T22:46:19.596+0000] {logging_mixin.py:188} INFO - [2023-12-20T22:46:19.595+0000] {dag.py:3820} INFO - Setting next_dagrun for example_skip_dag to 2023-12-19T00:00:00+00:00, run_after=2023-12-20T00:00:00+00:00
[2023-12-20T22:46:19.609+0000] {processor.py:183} INFO - Processing /home/airflow/.local/lib/python3.8/site-packages/airflow/example_dags/example_skip_dag.py took 0.070 seconds
[2023-12-20T22:46:50.560+0000] {processor.py:161} INFO - Started process (PID=971) to work on /home/airflow/.local/lib/python3.8/site-packages/airflow/example_dags/example_skip_dag.py
[2023-12-20T22:46:50.561+0000] {processor.py:830} INFO - Processing file /home/airflow/.local/lib/python3.8/site-packages/airflow/example_dags/example_skip_dag.py for tasks to queue
[2023-12-20T22:46:50.564+0000] {logging_mixin.py:188} INFO - [2023-12-20T22:46:50.564+0000] {dagbag.py:538} INFO - Filling up the DagBag from /home/airflow/.local/lib/python3.8/site-packages/airflow/example_dags/example_skip_dag.py
[2023-12-20T22:46:50.572+0000] {processor.py:840} INFO - DAG(s) 'example_skip_dag' retrieved from /home/airflow/.local/lib/python3.8/site-packages/airflow/example_dags/example_skip_dag.py
[2023-12-20T22:46:50.598+0000] {logging_mixin.py:188} INFO - [2023-12-20T22:46:50.598+0000] {dag.py:3033} INFO - Sync 1 DAGs
[2023-12-20T22:46:50.618+0000] {logging_mixin.py:188} INFO - [2023-12-20T22:46:50.617+0000] {dag.py:3820} INFO - Setting next_dagrun for example_skip_dag to 2023-12-19T00:00:00+00:00, run_after=2023-12-20T00:00:00+00:00
[2023-12-20T22:46:50.630+0000] {processor.py:183} INFO - Processing /home/airflow/.local/lib/python3.8/site-packages/airflow/example_dags/example_skip_dag.py took 0.075 seconds
[2023-12-20T22:47:21.362+0000] {processor.py:161} INFO - Started process (PID=1026) to work on /home/airflow/.local/lib/python3.8/site-packages/airflow/example_dags/example_skip_dag.py
[2023-12-20T22:47:21.364+0000] {processor.py:830} INFO - Processing file /home/airflow/.local/lib/python3.8/site-packages/airflow/example_dags/example_skip_dag.py for tasks to queue
[2023-12-20T22:47:21.366+0000] {logging_mixin.py:188} INFO - [2023-12-20T22:47:21.366+0000] {dagbag.py:538} INFO - Filling up the DagBag from /home/airflow/.local/lib/python3.8/site-packages/airflow/example_dags/example_skip_dag.py
[2023-12-20T22:47:21.373+0000] {processor.py:840} INFO - DAG(s) 'example_skip_dag' retrieved from /home/airflow/.local/lib/python3.8/site-packages/airflow/example_dags/example_skip_dag.py
[2023-12-20T22:47:21.396+0000] {logging_mixin.py:188} INFO - [2023-12-20T22:47:21.396+0000] {dag.py:3033} INFO - Sync 1 DAGs
[2023-12-20T22:47:21.413+0000] {logging_mixin.py:188} INFO - [2023-12-20T22:47:21.413+0000] {dag.py:3820} INFO - Setting next_dagrun for example_skip_dag to 2023-12-19T00:00:00+00:00, run_after=2023-12-20T00:00:00+00:00
[2023-12-20T22:47:21.426+0000] {processor.py:183} INFO - Processing /home/airflow/.local/lib/python3.8/site-packages/airflow/example_dags/example_skip_dag.py took 0.069 seconds
[2023-12-20T22:47:51.911+0000] {processor.py:161} INFO - Started process (PID=1080) to work on /home/airflow/.local/lib/python3.8/site-packages/airflow/example_dags/example_skip_dag.py
[2023-12-20T22:47:51.913+0000] {processor.py:830} INFO - Processing file /home/airflow/.local/lib/python3.8/site-packages/airflow/example_dags/example_skip_dag.py for tasks to queue
[2023-12-20T22:47:51.916+0000] {logging_mixin.py:188} INFO - [2023-12-20T22:47:51.916+0000] {dagbag.py:538} INFO - Filling up the DagBag from /home/airflow/.local/lib/python3.8/site-packages/airflow/example_dags/example_skip_dag.py
[2023-12-20T22:47:51.924+0000] {processor.py:840} INFO - DAG(s) 'example_skip_dag' retrieved from /home/airflow/.local/lib/python3.8/site-packages/airflow/example_dags/example_skip_dag.py
[2023-12-20T22:47:51.948+0000] {logging_mixin.py:188} INFO - [2023-12-20T22:47:51.948+0000] {dag.py:3033} INFO - Sync 1 DAGs
[2023-12-20T22:47:51.966+0000] {logging_mixin.py:188} INFO - [2023-12-20T22:47:51.966+0000] {dag.py:3820} INFO - Setting next_dagrun for example_skip_dag to 2023-12-19T00:00:00+00:00, run_after=2023-12-20T00:00:00+00:00
[2023-12-20T22:47:51.978+0000] {processor.py:183} INFO - Processing /home/airflow/.local/lib/python3.8/site-packages/airflow/example_dags/example_skip_dag.py took 0.074 seconds
[2023-12-20T22:48:22.824+0000] {processor.py:161} INFO - Started process (PID=1135) to work on /home/airflow/.local/lib/python3.8/site-packages/airflow/example_dags/example_skip_dag.py
[2023-12-20T22:48:22.826+0000] {processor.py:830} INFO - Processing file /home/airflow/.local/lib/python3.8/site-packages/airflow/example_dags/example_skip_dag.py for tasks to queue
[2023-12-20T22:48:22.829+0000] {logging_mixin.py:188} INFO - [2023-12-20T22:48:22.828+0000] {dagbag.py:538} INFO - Filling up the DagBag from /home/airflow/.local/lib/python3.8/site-packages/airflow/example_dags/example_skip_dag.py
[2023-12-20T22:48:22.837+0000] {processor.py:840} INFO - DAG(s) 'example_skip_dag' retrieved from /home/airflow/.local/lib/python3.8/site-packages/airflow/example_dags/example_skip_dag.py
[2023-12-20T22:48:22.868+0000] {logging_mixin.py:188} INFO - [2023-12-20T22:48:22.867+0000] {dag.py:3033} INFO - Sync 1 DAGs
[2023-12-20T22:48:22.887+0000] {logging_mixin.py:188} INFO - [2023-12-20T22:48:22.887+0000] {dag.py:3820} INFO - Setting next_dagrun for example_skip_dag to 2023-12-19T00:00:00+00:00, run_after=2023-12-20T00:00:00+00:00
[2023-12-20T22:48:22.901+0000] {processor.py:183} INFO - Processing /home/airflow/.local/lib/python3.8/site-packages/airflow/example_dags/example_skip_dag.py took 0.081 seconds
[2023-12-20T22:48:53.094+0000] {processor.py:161} INFO - Started process (PID=1189) to work on /home/airflow/.local/lib/python3.8/site-packages/airflow/example_dags/example_skip_dag.py
[2023-12-20T22:48:53.096+0000] {processor.py:830} INFO - Processing file /home/airflow/.local/lib/python3.8/site-packages/airflow/example_dags/example_skip_dag.py for tasks to queue
[2023-12-20T22:48:53.098+0000] {logging_mixin.py:188} INFO - [2023-12-20T22:48:53.098+0000] {dagbag.py:538} INFO - Filling up the DagBag from /home/airflow/.local/lib/python3.8/site-packages/airflow/example_dags/example_skip_dag.py
[2023-12-20T22:48:53.105+0000] {processor.py:840} INFO - DAG(s) 'example_skip_dag' retrieved from /home/airflow/.local/lib/python3.8/site-packages/airflow/example_dags/example_skip_dag.py
[2023-12-20T22:48:53.127+0000] {logging_mixin.py:188} INFO - [2023-12-20T22:48:53.127+0000] {dag.py:3033} INFO - Sync 1 DAGs
[2023-12-20T22:48:53.144+0000] {logging_mixin.py:188} INFO - [2023-12-20T22:48:53.144+0000] {dag.py:3820} INFO - Setting next_dagrun for example_skip_dag to 2023-12-19T00:00:00+00:00, run_after=2023-12-20T00:00:00+00:00
[2023-12-20T22:48:53.157+0000] {processor.py:183} INFO - Processing /home/airflow/.local/lib/python3.8/site-packages/airflow/example_dags/example_skip_dag.py took 0.066 seconds
[2023-12-20T22:49:23.312+0000] {processor.py:161} INFO - Started process (PID=1243) to work on /home/airflow/.local/lib/python3.8/site-packages/airflow/example_dags/example_skip_dag.py
[2023-12-20T22:49:23.313+0000] {processor.py:830} INFO - Processing file /home/airflow/.local/lib/python3.8/site-packages/airflow/example_dags/example_skip_dag.py for tasks to queue
[2023-12-20T22:49:23.316+0000] {logging_mixin.py:188} INFO - [2023-12-20T22:49:23.315+0000] {dagbag.py:538} INFO - Filling up the DagBag from /home/airflow/.local/lib/python3.8/site-packages/airflow/example_dags/example_skip_dag.py
[2023-12-20T22:49:23.322+0000] {processor.py:840} INFO - DAG(s) 'example_skip_dag' retrieved from /home/airflow/.local/lib/python3.8/site-packages/airflow/example_dags/example_skip_dag.py
[2023-12-20T22:49:23.345+0000] {logging_mixin.py:188} INFO - [2023-12-20T22:49:23.345+0000] {dag.py:3033} INFO - Sync 1 DAGs
[2023-12-20T22:49:23.362+0000] {logging_mixin.py:188} INFO - [2023-12-20T22:49:23.362+0000] {dag.py:3820} INFO - Setting next_dagrun for example_skip_dag to 2023-12-19T00:00:00+00:00, run_after=2023-12-20T00:00:00+00:00
[2023-12-20T22:49:23.374+0000] {processor.py:183} INFO - Processing /home/airflow/.local/lib/python3.8/site-packages/airflow/example_dags/example_skip_dag.py took 0.067 seconds
[2023-12-20T22:49:53.698+0000] {processor.py:161} INFO - Started process (PID=1298) to work on /home/airflow/.local/lib/python3.8/site-packages/airflow/example_dags/example_skip_dag.py
[2023-12-20T22:49:53.700+0000] {processor.py:830} INFO - Processing file /home/airflow/.local/lib/python3.8/site-packages/airflow/example_dags/example_skip_dag.py for tasks to queue
[2023-12-20T22:49:53.703+0000] {logging_mixin.py:188} INFO - [2023-12-20T22:49:53.702+0000] {dagbag.py:538} INFO - Filling up the DagBag from /home/airflow/.local/lib/python3.8/site-packages/airflow/example_dags/example_skip_dag.py
[2023-12-20T22:49:53.709+0000] {processor.py:840} INFO - DAG(s) 'example_skip_dag' retrieved from /home/airflow/.local/lib/python3.8/site-packages/airflow/example_dags/example_skip_dag.py
[2023-12-20T22:49:53.732+0000] {logging_mixin.py:188} INFO - [2023-12-20T22:49:53.732+0000] {dag.py:3033} INFO - Sync 1 DAGs
[2023-12-20T22:49:53.749+0000] {logging_mixin.py:188} INFO - [2023-12-20T22:49:53.749+0000] {dag.py:3820} INFO - Setting next_dagrun for example_skip_dag to 2023-12-19T00:00:00+00:00, run_after=2023-12-20T00:00:00+00:00
[2023-12-20T22:49:53.761+0000] {processor.py:183} INFO - Processing /home/airflow/.local/lib/python3.8/site-packages/airflow/example_dags/example_skip_dag.py took 0.067 seconds
[2023-12-20T22:50:23.955+0000] {processor.py:161} INFO - Started process (PID=1353) to work on /home/airflow/.local/lib/python3.8/site-packages/airflow/example_dags/example_skip_dag.py
[2023-12-20T22:50:23.956+0000] {processor.py:830} INFO - Processing file /home/airflow/.local/lib/python3.8/site-packages/airflow/example_dags/example_skip_dag.py for tasks to queue
[2023-12-20T22:50:23.959+0000] {logging_mixin.py:188} INFO - [2023-12-20T22:50:23.959+0000] {dagbag.py:538} INFO - Filling up the DagBag from /home/airflow/.local/lib/python3.8/site-packages/airflow/example_dags/example_skip_dag.py
[2023-12-20T22:50:23.966+0000] {processor.py:840} INFO - DAG(s) 'example_skip_dag' retrieved from /home/airflow/.local/lib/python3.8/site-packages/airflow/example_dags/example_skip_dag.py
[2023-12-20T22:50:23.990+0000] {logging_mixin.py:188} INFO - [2023-12-20T22:50:23.990+0000] {dag.py:3033} INFO - Sync 1 DAGs
[2023-12-20T22:50:24.008+0000] {logging_mixin.py:188} INFO - [2023-12-20T22:50:24.007+0000] {dag.py:3820} INFO - Setting next_dagrun for example_skip_dag to 2023-12-19T00:00:00+00:00, run_after=2023-12-20T00:00:00+00:00
[2023-12-20T22:50:24.020+0000] {processor.py:183} INFO - Processing /home/airflow/.local/lib/python3.8/site-packages/airflow/example_dags/example_skip_dag.py took 0.070 seconds
[2023-12-20T22:50:54.109+0000] {processor.py:161} INFO - Started process (PID=1408) to work on /home/airflow/.local/lib/python3.8/site-packages/airflow/example_dags/example_skip_dag.py
[2023-12-20T22:50:54.111+0000] {processor.py:830} INFO - Processing file /home/airflow/.local/lib/python3.8/site-packages/airflow/example_dags/example_skip_dag.py for tasks to queue
[2023-12-20T22:50:54.114+0000] {logging_mixin.py:188} INFO - [2023-12-20T22:50:54.113+0000] {dagbag.py:538} INFO - Filling up the DagBag from /home/airflow/.local/lib/python3.8/site-packages/airflow/example_dags/example_skip_dag.py
[2023-12-20T22:50:54.120+0000] {processor.py:840} INFO - DAG(s) 'example_skip_dag' retrieved from /home/airflow/.local/lib/python3.8/site-packages/airflow/example_dags/example_skip_dag.py
[2023-12-20T22:50:54.143+0000] {logging_mixin.py:188} INFO - [2023-12-20T22:50:54.143+0000] {dag.py:3033} INFO - Sync 1 DAGs
[2023-12-20T22:50:54.160+0000] {logging_mixin.py:188} INFO - [2023-12-20T22:50:54.160+0000] {dag.py:3820} INFO - Setting next_dagrun for example_skip_dag to 2023-12-19T00:00:00+00:00, run_after=2023-12-20T00:00:00+00:00
[2023-12-20T22:50:54.173+0000] {processor.py:183} INFO - Processing /home/airflow/.local/lib/python3.8/site-packages/airflow/example_dags/example_skip_dag.py took 0.068 seconds
[2023-12-20T22:51:24.336+0000] {processor.py:161} INFO - Started process (PID=1463) to work on /home/airflow/.local/lib/python3.8/site-packages/airflow/example_dags/example_skip_dag.py
[2023-12-20T22:51:24.338+0000] {processor.py:830} INFO - Processing file /home/airflow/.local/lib/python3.8/site-packages/airflow/example_dags/example_skip_dag.py for tasks to queue
[2023-12-20T22:51:24.347+0000] {logging_mixin.py:188} INFO - [2023-12-20T22:51:24.342+0000] {dagbag.py:538} INFO - Filling up the DagBag from /home/airflow/.local/lib/python3.8/site-packages/airflow/example_dags/example_skip_dag.py
[2023-12-20T22:51:24.356+0000] {processor.py:840} INFO - DAG(s) 'example_skip_dag' retrieved from /home/airflow/.local/lib/python3.8/site-packages/airflow/example_dags/example_skip_dag.py
[2023-12-20T22:51:24.381+0000] {logging_mixin.py:188} INFO - [2023-12-20T22:51:24.381+0000] {dag.py:3033} INFO - Sync 1 DAGs
[2023-12-20T22:51:24.400+0000] {logging_mixin.py:188} INFO - [2023-12-20T22:51:24.400+0000] {dag.py:3820} INFO - Setting next_dagrun for example_skip_dag to 2023-12-19T00:00:00+00:00, run_after=2023-12-20T00:00:00+00:00
[2023-12-20T22:51:24.418+0000] {processor.py:183} INFO - Processing /home/airflow/.local/lib/python3.8/site-packages/airflow/example_dags/example_skip_dag.py took 0.088 seconds
[2023-12-20T22:51:55.067+0000] {processor.py:161} INFO - Started process (PID=1518) to work on /home/airflow/.local/lib/python3.8/site-packages/airflow/example_dags/example_skip_dag.py
[2023-12-20T22:51:55.069+0000] {processor.py:830} INFO - Processing file /home/airflow/.local/lib/python3.8/site-packages/airflow/example_dags/example_skip_dag.py for tasks to queue
[2023-12-20T22:51:55.074+0000] {logging_mixin.py:188} INFO - [2023-12-20T22:51:55.073+0000] {dagbag.py:538} INFO - Filling up the DagBag from /home/airflow/.local/lib/python3.8/site-packages/airflow/example_dags/example_skip_dag.py
[2023-12-20T22:51:55.087+0000] {processor.py:840} INFO - DAG(s) 'example_skip_dag' retrieved from /home/airflow/.local/lib/python3.8/site-packages/airflow/example_dags/example_skip_dag.py
[2023-12-20T22:51:55.115+0000] {logging_mixin.py:188} INFO - [2023-12-20T22:51:55.114+0000] {dag.py:3033} INFO - Sync 1 DAGs
[2023-12-20T22:51:55.133+0000] {logging_mixin.py:188} INFO - [2023-12-20T22:51:55.133+0000] {dag.py:3820} INFO - Setting next_dagrun for example_skip_dag to 2023-12-19T00:00:00+00:00, run_after=2023-12-20T00:00:00+00:00
[2023-12-20T22:51:55.147+0000] {processor.py:183} INFO - Processing /home/airflow/.local/lib/python3.8/site-packages/airflow/example_dags/example_skip_dag.py took 0.084 seconds
[2023-12-20T22:52:25.750+0000] {processor.py:161} INFO - Started process (PID=1573) to work on /home/airflow/.local/lib/python3.8/site-packages/airflow/example_dags/example_skip_dag.py
[2023-12-20T22:52:25.752+0000] {processor.py:830} INFO - Processing file /home/airflow/.local/lib/python3.8/site-packages/airflow/example_dags/example_skip_dag.py for tasks to queue
[2023-12-20T22:52:25.756+0000] {logging_mixin.py:188} INFO - [2023-12-20T22:52:25.755+0000] {dagbag.py:538} INFO - Filling up the DagBag from /home/airflow/.local/lib/python3.8/site-packages/airflow/example_dags/example_skip_dag.py
[2023-12-20T22:52:25.763+0000] {processor.py:840} INFO - DAG(s) 'example_skip_dag' retrieved from /home/airflow/.local/lib/python3.8/site-packages/airflow/example_dags/example_skip_dag.py
[2023-12-20T22:52:25.786+0000] {logging_mixin.py:188} INFO - [2023-12-20T22:52:25.786+0000] {dag.py:3033} INFO - Sync 1 DAGs
[2023-12-20T22:52:25.804+0000] {logging_mixin.py:188} INFO - [2023-12-20T22:52:25.804+0000] {dag.py:3820} INFO - Setting next_dagrun for example_skip_dag to 2023-12-19T00:00:00+00:00, run_after=2023-12-20T00:00:00+00:00
[2023-12-20T22:52:25.818+0000] {processor.py:183} INFO - Processing /home/airflow/.local/lib/python3.8/site-packages/airflow/example_dags/example_skip_dag.py took 0.073 seconds
[2023-12-20T22:52:56.282+0000] {processor.py:161} INFO - Started process (PID=1628) to work on /home/airflow/.local/lib/python3.8/site-packages/airflow/example_dags/example_skip_dag.py
[2023-12-20T22:52:56.283+0000] {processor.py:830} INFO - Processing file /home/airflow/.local/lib/python3.8/site-packages/airflow/example_dags/example_skip_dag.py for tasks to queue
[2023-12-20T22:52:56.286+0000] {logging_mixin.py:188} INFO - [2023-12-20T22:52:56.286+0000] {dagbag.py:538} INFO - Filling up the DagBag from /home/airflow/.local/lib/python3.8/site-packages/airflow/example_dags/example_skip_dag.py
[2023-12-20T22:52:56.294+0000] {processor.py:840} INFO - DAG(s) 'example_skip_dag' retrieved from /home/airflow/.local/lib/python3.8/site-packages/airflow/example_dags/example_skip_dag.py
[2023-12-20T22:52:56.318+0000] {logging_mixin.py:188} INFO - [2023-12-20T22:52:56.318+0000] {dag.py:3033} INFO - Sync 1 DAGs
[2023-12-20T22:52:56.336+0000] {logging_mixin.py:188} INFO - [2023-12-20T22:52:56.336+0000] {dag.py:3820} INFO - Setting next_dagrun for example_skip_dag to 2023-12-19T00:00:00+00:00, run_after=2023-12-20T00:00:00+00:00
[2023-12-20T22:52:56.350+0000] {processor.py:183} INFO - Processing /home/airflow/.local/lib/python3.8/site-packages/airflow/example_dags/example_skip_dag.py took 0.073 seconds
[2023-12-20T22:53:26.923+0000] {processor.py:161} INFO - Started process (PID=1684) to work on /home/airflow/.local/lib/python3.8/site-packages/airflow/example_dags/example_skip_dag.py
[2023-12-20T22:53:26.926+0000] {processor.py:830} INFO - Processing file /home/airflow/.local/lib/python3.8/site-packages/airflow/example_dags/example_skip_dag.py for tasks to queue
[2023-12-20T22:53:26.934+0000] {logging_mixin.py:188} INFO - [2023-12-20T22:53:26.934+0000] {dagbag.py:538} INFO - Filling up the DagBag from /home/airflow/.local/lib/python3.8/site-packages/airflow/example_dags/example_skip_dag.py
[2023-12-20T22:53:26.953+0000] {processor.py:840} INFO - DAG(s) 'example_skip_dag' retrieved from /home/airflow/.local/lib/python3.8/site-packages/airflow/example_dags/example_skip_dag.py
[2023-12-20T22:53:26.988+0000] {logging_mixin.py:188} INFO - [2023-12-20T22:53:26.988+0000] {dag.py:3033} INFO - Sync 1 DAGs
[2023-12-20T22:53:27.030+0000] {logging_mixin.py:188} INFO - [2023-12-20T22:53:27.029+0000] {dag.py:3820} INFO - Setting next_dagrun for example_skip_dag to 2023-12-19T00:00:00+00:00, run_after=2023-12-20T00:00:00+00:00
[2023-12-20T22:53:27.075+0000] {processor.py:183} INFO - Processing /home/airflow/.local/lib/python3.8/site-packages/airflow/example_dags/example_skip_dag.py took 0.161 seconds
[2023-12-20T22:53:57.684+0000] {processor.py:161} INFO - Started process (PID=1740) to work on /home/airflow/.local/lib/python3.8/site-packages/airflow/example_dags/example_skip_dag.py
[2023-12-20T22:53:57.691+0000] {processor.py:830} INFO - Processing file /home/airflow/.local/lib/python3.8/site-packages/airflow/example_dags/example_skip_dag.py for tasks to queue
[2023-12-20T22:53:57.723+0000] {logging_mixin.py:188} INFO - [2023-12-20T22:53:57.708+0000] {dagbag.py:538} INFO - Filling up the DagBag from /home/airflow/.local/lib/python3.8/site-packages/airflow/example_dags/example_skip_dag.py
[2023-12-20T22:53:57.785+0000] {processor.py:840} INFO - DAG(s) 'example_skip_dag' retrieved from /home/airflow/.local/lib/python3.8/site-packages/airflow/example_dags/example_skip_dag.py
[2023-12-20T22:53:57.970+0000] {logging_mixin.py:188} INFO - [2023-12-20T22:53:57.969+0000] {dag.py:3033} INFO - Sync 1 DAGs
[2023-12-20T22:53:58.149+0000] {logging_mixin.py:188} INFO - [2023-12-20T22:53:58.148+0000] {dag.py:3820} INFO - Setting next_dagrun for example_skip_dag to 2023-12-19T00:00:00+00:00, run_after=2023-12-20T00:00:00+00:00
[2023-12-20T22:53:58.236+0000] {processor.py:183} INFO - Processing /home/airflow/.local/lib/python3.8/site-packages/airflow/example_dags/example_skip_dag.py took 0.567 seconds
[2023-12-20T22:54:43.774+0000] {processor.py:161} INFO - Started process (PID=1782) to work on /home/airflow/.local/lib/python3.8/site-packages/airflow/example_dags/example_skip_dag.py
[2023-12-20T22:54:43.782+0000] {processor.py:830} INFO - Processing file /home/airflow/.local/lib/python3.8/site-packages/airflow/example_dags/example_skip_dag.py for tasks to queue
[2023-12-20T22:54:43.828+0000] {logging_mixin.py:188} INFO - [2023-12-20T22:54:43.825+0000] {dagbag.py:538} INFO - Filling up the DagBag from /home/airflow/.local/lib/python3.8/site-packages/airflow/example_dags/example_skip_dag.py
[2023-12-20T22:54:43.915+0000] {processor.py:840} INFO - DAG(s) 'example_skip_dag' retrieved from /home/airflow/.local/lib/python3.8/site-packages/airflow/example_dags/example_skip_dag.py
[2023-12-20T22:54:44.227+0000] {logging_mixin.py:188} INFO - [2023-12-20T22:54:44.226+0000] {dag.py:3033} INFO - Sync 1 DAGs
[2023-12-20T22:54:44.678+0000] {logging_mixin.py:188} INFO - [2023-12-20T22:54:44.676+0000] {dag.py:3820} INFO - Setting next_dagrun for example_skip_dag to 2023-12-19T00:00:00+00:00, run_after=2023-12-20T00:00:00+00:00
[2023-12-20T22:54:45.080+0000] {processor.py:183} INFO - Processing /home/airflow/.local/lib/python3.8/site-packages/airflow/example_dags/example_skip_dag.py took 1.377 seconds
[2023-12-20T22:55:54.658+0000] {processor.py:161} INFO - Started process (PID=1852) to work on /home/airflow/.local/lib/python3.8/site-packages/airflow/example_dags/example_skip_dag.py
[2023-12-20T22:55:54.664+0000] {processor.py:830} INFO - Processing file /home/airflow/.local/lib/python3.8/site-packages/airflow/example_dags/example_skip_dag.py for tasks to queue
[2023-12-20T22:55:54.692+0000] {logging_mixin.py:188} INFO - [2023-12-20T22:55:54.690+0000] {dagbag.py:538} INFO - Filling up the DagBag from /home/airflow/.local/lib/python3.8/site-packages/airflow/example_dags/example_skip_dag.py
[2023-12-20T22:55:54.765+0000] {processor.py:840} INFO - DAG(s) 'example_skip_dag' retrieved from /home/airflow/.local/lib/python3.8/site-packages/airflow/example_dags/example_skip_dag.py
[2023-12-20T22:55:54.982+0000] {logging_mixin.py:188} INFO - [2023-12-20T22:55:54.981+0000] {dag.py:3033} INFO - Sync 1 DAGs
[2023-12-20T22:55:55.094+0000] {logging_mixin.py:188} INFO - [2023-12-20T22:55:55.094+0000] {dag.py:3820} INFO - Setting next_dagrun for example_skip_dag to 2023-12-19T00:00:00+00:00, run_after=2023-12-20T00:00:00+00:00
[2023-12-20T22:55:55.248+0000] {processor.py:183} INFO - Processing /home/airflow/.local/lib/python3.8/site-packages/airflow/example_dags/example_skip_dag.py took 0.645 seconds
[2023-12-20T22:56:33.689+0000] {processor.py:161} INFO - Started process (PID=1920) to work on /home/airflow/.local/lib/python3.8/site-packages/airflow/example_dags/example_skip_dag.py
[2023-12-20T22:56:33.693+0000] {processor.py:830} INFO - Processing file /home/airflow/.local/lib/python3.8/site-packages/airflow/example_dags/example_skip_dag.py for tasks to queue
[2023-12-20T22:56:33.699+0000] {logging_mixin.py:188} INFO - [2023-12-20T22:56:33.699+0000] {dagbag.py:538} INFO - Filling up the DagBag from /home/airflow/.local/lib/python3.8/site-packages/airflow/example_dags/example_skip_dag.py
[2023-12-20T22:56:33.727+0000] {processor.py:840} INFO - DAG(s) 'example_skip_dag' retrieved from /home/airflow/.local/lib/python3.8/site-packages/airflow/example_dags/example_skip_dag.py
[2023-12-20T22:56:33.825+0000] {logging_mixin.py:188} INFO - [2023-12-20T22:56:33.824+0000] {dag.py:3033} INFO - Sync 1 DAGs
[2023-12-20T22:56:35.616+0000] {logging_mixin.py:188} INFO - [2023-12-20T22:56:35.615+0000] {dag.py:3820} INFO - Setting next_dagrun for example_skip_dag to 2023-12-19T00:00:00+00:00, run_after=2023-12-20T00:00:00+00:00
[2023-12-20T22:56:35.714+0000] {processor.py:183} INFO - Processing /home/airflow/.local/lib/python3.8/site-packages/airflow/example_dags/example_skip_dag.py took 2.035 seconds
[2023-12-20T22:57:07.958+0000] {processor.py:161} INFO - Started process (PID=1976) to work on /home/airflow/.local/lib/python3.8/site-packages/airflow/example_dags/example_skip_dag.py
[2023-12-20T22:57:07.966+0000] {processor.py:830} INFO - Processing file /home/airflow/.local/lib/python3.8/site-packages/airflow/example_dags/example_skip_dag.py for tasks to queue
[2023-12-20T22:57:07.987+0000] {logging_mixin.py:188} INFO - [2023-12-20T22:57:07.986+0000] {dagbag.py:538} INFO - Filling up the DagBag from /home/airflow/.local/lib/python3.8/site-packages/airflow/example_dags/example_skip_dag.py
[2023-12-20T22:57:08.061+0000] {processor.py:840} INFO - DAG(s) 'example_skip_dag' retrieved from /home/airflow/.local/lib/python3.8/site-packages/airflow/example_dags/example_skip_dag.py
[2023-12-20T22:57:08.244+0000] {logging_mixin.py:188} INFO - [2023-12-20T22:57:08.243+0000] {dag.py:3033} INFO - Sync 1 DAGs
[2023-12-20T22:57:08.412+0000] {logging_mixin.py:188} INFO - [2023-12-20T22:57:08.411+0000] {dag.py:3820} INFO - Setting next_dagrun for example_skip_dag to 2023-12-19T00:00:00+00:00, run_after=2023-12-20T00:00:00+00:00
[2023-12-20T22:57:11.295+0000] {processor.py:183} INFO - Processing /home/airflow/.local/lib/python3.8/site-packages/airflow/example_dags/example_skip_dag.py took 3.368 seconds
[2023-12-20T22:59:48.213+0000] {processor.py:161} INFO - Started process (PID=2050) to work on /home/airflow/.local/lib/python3.8/site-packages/airflow/example_dags/example_skip_dag.py
[2023-12-20T22:59:48.241+0000] {processor.py:830} INFO - Processing file /home/airflow/.local/lib/python3.8/site-packages/airflow/example_dags/example_skip_dag.py for tasks to queue
[2023-12-20T22:59:48.292+0000] {logging_mixin.py:188} INFO - [2023-12-20T22:59:48.290+0000] {dagbag.py:538} INFO - Filling up the DagBag from /home/airflow/.local/lib/python3.8/site-packages/airflow/example_dags/example_skip_dag.py
[2023-12-20T22:59:48.382+0000] {processor.py:840} INFO - DAG(s) 'example_skip_dag' retrieved from /home/airflow/.local/lib/python3.8/site-packages/airflow/example_dags/example_skip_dag.py
[2023-12-20T22:59:48.584+0000] {logging_mixin.py:188} INFO - [2023-12-20T22:59:48.584+0000] {dag.py:3033} INFO - Sync 1 DAGs
[2023-12-20T22:59:48.782+0000] {logging_mixin.py:188} INFO - [2023-12-20T22:59:48.781+0000] {dag.py:3820} INFO - Setting next_dagrun for example_skip_dag to 2023-12-19T00:00:00+00:00, run_after=2023-12-20T00:00:00+00:00
[2023-12-20T22:59:48.849+0000] {processor.py:183} INFO - Processing /home/airflow/.local/lib/python3.8/site-packages/airflow/example_dags/example_skip_dag.py took 0.657 seconds
[2023-12-20T23:00:38.021+0000] {processor.py:161} INFO - Started process (PID=2096) to work on /home/airflow/.local/lib/python3.8/site-packages/airflow/example_dags/example_skip_dag.py
[2023-12-20T23:00:38.028+0000] {processor.py:830} INFO - Processing file /home/airflow/.local/lib/python3.8/site-packages/airflow/example_dags/example_skip_dag.py for tasks to queue
[2023-12-20T23:00:38.080+0000] {logging_mixin.py:188} INFO - [2023-12-20T23:00:38.077+0000] {dagbag.py:538} INFO - Filling up the DagBag from /home/airflow/.local/lib/python3.8/site-packages/airflow/example_dags/example_skip_dag.py
[2023-12-20T23:00:38.264+0000] {processor.py:840} INFO - DAG(s) 'example_skip_dag' retrieved from /home/airflow/.local/lib/python3.8/site-packages/airflow/example_dags/example_skip_dag.py
[2023-12-20T23:00:38.629+0000] {logging_mixin.py:188} INFO - [2023-12-20T23:00:38.629+0000] {dag.py:3033} INFO - Sync 1 DAGs
[2023-12-20T23:00:41.461+0000] {logging_mixin.py:188} INFO - [2023-12-20T23:00:41.459+0000] {dag.py:3820} INFO - Setting next_dagrun for example_skip_dag to 2023-12-19T00:00:00+00:00, run_after=2023-12-20T00:00:00+00:00
[2023-12-20T23:00:41.585+0000] {processor.py:183} INFO - Processing /home/airflow/.local/lib/python3.8/site-packages/airflow/example_dags/example_skip_dag.py took 3.610 seconds
[2023-12-20T23:01:32.657+0000] {processor.py:161} INFO - Started process (PID=2153) to work on /home/airflow/.local/lib/python3.8/site-packages/airflow/example_dags/example_skip_dag.py
[2023-12-20T23:01:32.676+0000] {processor.py:830} INFO - Processing file /home/airflow/.local/lib/python3.8/site-packages/airflow/example_dags/example_skip_dag.py for tasks to queue
[2023-12-20T23:01:32.716+0000] {logging_mixin.py:188} INFO - [2023-12-20T23:01:32.714+0000] {dagbag.py:538} INFO - Filling up the DagBag from /home/airflow/.local/lib/python3.8/site-packages/airflow/example_dags/example_skip_dag.py
[2023-12-20T23:01:32.795+0000] {processor.py:840} INFO - DAG(s) 'example_skip_dag' retrieved from /home/airflow/.local/lib/python3.8/site-packages/airflow/example_dags/example_skip_dag.py
[2023-12-20T23:01:32.926+0000] {logging_mixin.py:188} INFO - [2023-12-20T23:01:32.926+0000] {dag.py:3033} INFO - Sync 1 DAGs
[2023-12-20T23:01:33.013+0000] {logging_mixin.py:188} INFO - [2023-12-20T23:01:33.013+0000] {dag.py:3820} INFO - Setting next_dagrun for example_skip_dag to 2023-12-19T00:00:00+00:00, run_after=2023-12-20T00:00:00+00:00
[2023-12-20T23:01:33.080+0000] {processor.py:183} INFO - Processing /home/airflow/.local/lib/python3.8/site-packages/airflow/example_dags/example_skip_dag.py took 0.441 seconds
[2023-12-20T23:02:12.291+0000] {processor.py:161} INFO - Started process (PID=2183) to work on /home/airflow/.local/lib/python3.8/site-packages/airflow/example_dags/example_skip_dag.py
[2023-12-20T23:02:12.299+0000] {processor.py:830} INFO - Processing file /home/airflow/.local/lib/python3.8/site-packages/airflow/example_dags/example_skip_dag.py for tasks to queue
[2023-12-20T23:02:12.326+0000] {logging_mixin.py:188} INFO - [2023-12-20T23:02:12.324+0000] {dagbag.py:538} INFO - Filling up the DagBag from /home/airflow/.local/lib/python3.8/site-packages/airflow/example_dags/example_skip_dag.py
[2023-12-20T23:02:12.374+0000] {processor.py:840} INFO - DAG(s) 'example_skip_dag' retrieved from /home/airflow/.local/lib/python3.8/site-packages/airflow/example_dags/example_skip_dag.py
[2023-12-20T23:02:12.546+0000] {logging_mixin.py:188} INFO - [2023-12-20T23:02:12.546+0000] {dag.py:3033} INFO - Sync 1 DAGs
[2023-12-20T23:02:14.510+0000] {logging_mixin.py:188} INFO - [2023-12-20T23:02:14.509+0000] {dag.py:3820} INFO - Setting next_dagrun for example_skip_dag to 2023-12-19T00:00:00+00:00, run_after=2023-12-20T00:00:00+00:00
[2023-12-20T23:02:14.585+0000] {processor.py:183} INFO - Processing /home/airflow/.local/lib/python3.8/site-packages/airflow/example_dags/example_skip_dag.py took 2.322 seconds
[2023-12-20T23:02:52.052+0000] {processor.py:161} INFO - Started process (PID=2223) to work on /home/airflow/.local/lib/python3.8/site-packages/airflow/example_dags/example_skip_dag.py
[2023-12-20T23:02:52.058+0000] {processor.py:830} INFO - Processing file /home/airflow/.local/lib/python3.8/site-packages/airflow/example_dags/example_skip_dag.py for tasks to queue
[2023-12-20T23:02:52.072+0000] {logging_mixin.py:188} INFO - [2023-12-20T23:02:52.070+0000] {dagbag.py:538} INFO - Filling up the DagBag from /home/airflow/.local/lib/python3.8/site-packages/airflow/example_dags/example_skip_dag.py
[2023-12-20T23:02:52.132+0000] {processor.py:840} INFO - DAG(s) 'example_skip_dag' retrieved from /home/airflow/.local/lib/python3.8/site-packages/airflow/example_dags/example_skip_dag.py
[2023-12-20T23:02:52.306+0000] {logging_mixin.py:188} INFO - [2023-12-20T23:02:52.302+0000] {dag.py:3033} INFO - Sync 1 DAGs
[2023-12-20T23:02:52.713+0000] {logging_mixin.py:188} INFO - [2023-12-20T23:02:52.701+0000] {dag.py:3820} INFO - Setting next_dagrun for example_skip_dag to 2023-12-19T00:00:00+00:00, run_after=2023-12-20T00:00:00+00:00
[2023-12-20T23:02:52.969+0000] {processor.py:183} INFO - Processing /home/airflow/.local/lib/python3.8/site-packages/airflow/example_dags/example_skip_dag.py took 0.940 seconds
[2023-12-20T23:03:30.818+0000] {processor.py:161} INFO - Started process (PID=2274) to work on /home/airflow/.local/lib/python3.8/site-packages/airflow/example_dags/example_skip_dag.py
[2023-12-20T23:03:30.832+0000] {processor.py:830} INFO - Processing file /home/airflow/.local/lib/python3.8/site-packages/airflow/example_dags/example_skip_dag.py for tasks to queue
[2023-12-20T23:03:30.874+0000] {logging_mixin.py:188} INFO - [2023-12-20T23:03:30.871+0000] {dagbag.py:538} INFO - Filling up the DagBag from /home/airflow/.local/lib/python3.8/site-packages/airflow/example_dags/example_skip_dag.py
[2023-12-20T23:03:30.919+0000] {processor.py:840} INFO - DAG(s) 'example_skip_dag' retrieved from /home/airflow/.local/lib/python3.8/site-packages/airflow/example_dags/example_skip_dag.py
[2023-12-20T23:03:31.041+0000] {logging_mixin.py:188} INFO - [2023-12-20T23:03:31.041+0000] {dag.py:3033} INFO - Sync 1 DAGs
[2023-12-20T23:03:31.168+0000] {logging_mixin.py:188} INFO - [2023-12-20T23:03:31.167+0000] {dag.py:3820} INFO - Setting next_dagrun for example_skip_dag to 2023-12-19T00:00:00+00:00, run_after=2023-12-20T00:00:00+00:00
[2023-12-20T23:03:31.281+0000] {processor.py:183} INFO - Processing /home/airflow/.local/lib/python3.8/site-packages/airflow/example_dags/example_skip_dag.py took 0.513 seconds
[2023-12-20T23:06:28.908+0000] {processor.py:161} INFO - Started process (PID=2352) to work on /home/airflow/.local/lib/python3.8/site-packages/airflow/example_dags/example_skip_dag.py
[2023-12-20T23:06:28.924+0000] {processor.py:830} INFO - Processing file /home/airflow/.local/lib/python3.8/site-packages/airflow/example_dags/example_skip_dag.py for tasks to queue
[2023-12-20T23:06:28.994+0000] {logging_mixin.py:188} INFO - [2023-12-20T23:06:28.984+0000] {dagbag.py:538} INFO - Filling up the DagBag from /home/airflow/.local/lib/python3.8/site-packages/airflow/example_dags/example_skip_dag.py
[2023-12-20T23:06:29.165+0000] {processor.py:840} INFO - DAG(s) 'example_skip_dag' retrieved from /home/airflow/.local/lib/python3.8/site-packages/airflow/example_dags/example_skip_dag.py
[2023-12-20T23:06:29.609+0000] {logging_mixin.py:188} INFO - [2023-12-20T23:06:29.608+0000] {dag.py:3033} INFO - Sync 1 DAGs
[2023-12-20T23:06:29.887+0000] {logging_mixin.py:188} INFO - [2023-12-20T23:06:29.883+0000] {dag.py:3820} INFO - Setting next_dagrun for example_skip_dag to 2023-12-19T00:00:00+00:00, run_after=2023-12-20T00:00:00+00:00
[2023-12-20T23:06:30.132+0000] {processor.py:183} INFO - Processing /home/airflow/.local/lib/python3.8/site-packages/airflow/example_dags/example_skip_dag.py took 1.342 seconds
[2023-12-20T23:07:53.589+0000] {processor.py:161} INFO - Started process (PID=2408) to work on /home/airflow/.local/lib/python3.8/site-packages/airflow/example_dags/example_skip_dag.py
[2023-12-20T23:07:53.618+0000] {processor.py:830} INFO - Processing file /home/airflow/.local/lib/python3.8/site-packages/airflow/example_dags/example_skip_dag.py for tasks to queue
[2023-12-20T23:07:53.773+0000] {logging_mixin.py:188} INFO - [2023-12-20T23:07:53.748+0000] {dagbag.py:538} INFO - Filling up the DagBag from /home/airflow/.local/lib/python3.8/site-packages/airflow/example_dags/example_skip_dag.py
[2023-12-20T23:07:54.288+0000] {processor.py:840} INFO - DAG(s) 'example_skip_dag' retrieved from /home/airflow/.local/lib/python3.8/site-packages/airflow/example_dags/example_skip_dag.py
[2023-12-20T23:07:56.757+0000] {logging_mixin.py:188} INFO - [2023-12-20T23:07:56.570+0000] {dag.py:3033} INFO - Sync 1 DAGs
[2023-12-20T23:07:59.130+0000] {logging_mixin.py:188} INFO - [2023-12-20T23:07:59.018+0000] {dag.py:3820} INFO - Setting next_dagrun for example_skip_dag to 2023-12-19T00:00:00+00:00, run_after=2023-12-20T00:00:00+00:00
[2023-12-20T23:08:03.446+0000] {processor.py:183} INFO - Processing /home/airflow/.local/lib/python3.8/site-packages/airflow/example_dags/example_skip_dag.py took 10.040 seconds
[2023-12-20T23:08:51.485+0000] {processor.py:161} INFO - Started process (PID=2457) to work on /home/airflow/.local/lib/python3.8/site-packages/airflow/example_dags/example_skip_dag.py
[2023-12-20T23:08:51.501+0000] {processor.py:830} INFO - Processing file /home/airflow/.local/lib/python3.8/site-packages/airflow/example_dags/example_skip_dag.py for tasks to queue
[2023-12-20T23:08:51.529+0000] {logging_mixin.py:188} INFO - [2023-12-20T23:08:51.527+0000] {dagbag.py:538} INFO - Filling up the DagBag from /home/airflow/.local/lib/python3.8/site-packages/airflow/example_dags/example_skip_dag.py
[2023-12-20T23:08:51.587+0000] {processor.py:840} INFO - DAG(s) 'example_skip_dag' retrieved from /home/airflow/.local/lib/python3.8/site-packages/airflow/example_dags/example_skip_dag.py
[2023-12-20T23:08:51.802+0000] {logging_mixin.py:188} INFO - [2023-12-20T23:08:51.802+0000] {dag.py:3033} INFO - Sync 1 DAGs
[2023-12-20T23:08:52.090+0000] {logging_mixin.py:188} INFO - [2023-12-20T23:08:52.089+0000] {dag.py:3820} INFO - Setting next_dagrun for example_skip_dag to 2023-12-19T00:00:00+00:00, run_after=2023-12-20T00:00:00+00:00
[2023-12-20T23:08:52.321+0000] {processor.py:183} INFO - Processing /home/airflow/.local/lib/python3.8/site-packages/airflow/example_dags/example_skip_dag.py took 0.901 seconds
[2023-12-20T23:09:31.857+0000] {processor.py:161} INFO - Started process (PID=2497) to work on /home/airflow/.local/lib/python3.8/site-packages/airflow/example_dags/example_skip_dag.py
[2023-12-20T23:09:31.888+0000] {processor.py:830} INFO - Processing file /home/airflow/.local/lib/python3.8/site-packages/airflow/example_dags/example_skip_dag.py for tasks to queue
[2023-12-20T23:09:32.003+0000] {logging_mixin.py:188} INFO - [2023-12-20T23:09:31.993+0000] {dagbag.py:538} INFO - Filling up the DagBag from /home/airflow/.local/lib/python3.8/site-packages/airflow/example_dags/example_skip_dag.py
[2023-12-20T23:09:32.142+0000] {processor.py:840} INFO - DAG(s) 'example_skip_dag' retrieved from /home/airflow/.local/lib/python3.8/site-packages/airflow/example_dags/example_skip_dag.py
[2023-12-20T23:09:32.481+0000] {logging_mixin.py:188} INFO - [2023-12-20T23:09:32.481+0000] {dag.py:3033} INFO - Sync 1 DAGs
[2023-12-20T23:09:32.749+0000] {logging_mixin.py:188} INFO - [2023-12-20T23:09:32.749+0000] {dag.py:3820} INFO - Setting next_dagrun for example_skip_dag to 2023-12-19T00:00:00+00:00, run_after=2023-12-20T00:00:00+00:00
[2023-12-20T23:09:32.934+0000] {processor.py:183} INFO - Processing /home/airflow/.local/lib/python3.8/site-packages/airflow/example_dags/example_skip_dag.py took 1.198 seconds
[2023-12-20T23:11:22.158+0000] {processor.py:161} INFO - Started process (PID=2571) to work on /home/airflow/.local/lib/python3.8/site-packages/airflow/example_dags/example_skip_dag.py
[2023-12-20T23:11:22.175+0000] {processor.py:830} INFO - Processing file /home/airflow/.local/lib/python3.8/site-packages/airflow/example_dags/example_skip_dag.py for tasks to queue
[2023-12-20T23:11:22.201+0000] {logging_mixin.py:188} INFO - [2023-12-20T23:11:22.200+0000] {dagbag.py:538} INFO - Filling up the DagBag from /home/airflow/.local/lib/python3.8/site-packages/airflow/example_dags/example_skip_dag.py
[2023-12-20T23:11:22.296+0000] {processor.py:840} INFO - DAG(s) 'example_skip_dag' retrieved from /home/airflow/.local/lib/python3.8/site-packages/airflow/example_dags/example_skip_dag.py
[2023-12-20T23:11:22.765+0000] {logging_mixin.py:188} INFO - [2023-12-20T23:11:22.750+0000] {dag.py:3033} INFO - Sync 1 DAGs
[2023-12-20T23:11:23.174+0000] {logging_mixin.py:188} INFO - [2023-12-20T23:11:23.165+0000] {dag.py:3820} INFO - Setting next_dagrun for example_skip_dag to 2023-12-19T00:00:00+00:00, run_after=2023-12-20T00:00:00+00:00
[2023-12-20T23:11:24.200+0000] {processor.py:183} INFO - Processing /home/airflow/.local/lib/python3.8/site-packages/airflow/example_dags/example_skip_dag.py took 2.094 seconds
[2023-12-20T23:12:00.777+0000] {processor.py:161} INFO - Started process (PID=2615) to work on /home/airflow/.local/lib/python3.8/site-packages/airflow/example_dags/example_skip_dag.py
[2023-12-20T23:12:00.786+0000] {processor.py:830} INFO - Processing file /home/airflow/.local/lib/python3.8/site-packages/airflow/example_dags/example_skip_dag.py for tasks to queue
[2023-12-20T23:12:00.802+0000] {logging_mixin.py:188} INFO - [2023-12-20T23:12:00.801+0000] {dagbag.py:538} INFO - Filling up the DagBag from /home/airflow/.local/lib/python3.8/site-packages/airflow/example_dags/example_skip_dag.py
[2023-12-20T23:12:00.912+0000] {processor.py:840} INFO - DAG(s) 'example_skip_dag' retrieved from /home/airflow/.local/lib/python3.8/site-packages/airflow/example_dags/example_skip_dag.py
[2023-12-20T23:12:01.177+0000] {logging_mixin.py:188} INFO - [2023-12-20T23:12:01.177+0000] {dag.py:3033} INFO - Sync 1 DAGs
[2023-12-20T23:12:01.457+0000] {logging_mixin.py:188} INFO - [2023-12-20T23:12:01.456+0000] {dag.py:3820} INFO - Setting next_dagrun for example_skip_dag to 2023-12-19T00:00:00+00:00, run_after=2023-12-20T00:00:00+00:00
[2023-12-20T23:12:01.698+0000] {processor.py:183} INFO - Processing /home/airflow/.local/lib/python3.8/site-packages/airflow/example_dags/example_skip_dag.py took 1.020 seconds
[2023-12-20T23:12:37.599+0000] {processor.py:161} INFO - Started process (PID=2656) to work on /home/airflow/.local/lib/python3.8/site-packages/airflow/example_dags/example_skip_dag.py
[2023-12-20T23:12:37.652+0000] {processor.py:830} INFO - Processing file /home/airflow/.local/lib/python3.8/site-packages/airflow/example_dags/example_skip_dag.py for tasks to queue
[2023-12-20T23:12:37.665+0000] {logging_mixin.py:188} INFO - [2023-12-20T23:12:37.663+0000] {dagbag.py:538} INFO - Filling up the DagBag from /home/airflow/.local/lib/python3.8/site-packages/airflow/example_dags/example_skip_dag.py
[2023-12-20T23:12:37.806+0000] {processor.py:840} INFO - DAG(s) 'example_skip_dag' retrieved from /home/airflow/.local/lib/python3.8/site-packages/airflow/example_dags/example_skip_dag.py
[2023-12-20T23:12:38.067+0000] {logging_mixin.py:188} INFO - [2023-12-20T23:12:38.067+0000] {dag.py:3033} INFO - Sync 1 DAGs
[2023-12-20T23:12:38.202+0000] {logging_mixin.py:188} INFO - [2023-12-20T23:12:38.201+0000] {dag.py:3820} INFO - Setting next_dagrun for example_skip_dag to 2023-12-19T00:00:00+00:00, run_after=2023-12-20T00:00:00+00:00
[2023-12-20T23:12:38.328+0000] {processor.py:183} INFO - Processing /home/airflow/.local/lib/python3.8/site-packages/airflow/example_dags/example_skip_dag.py took 0.794 seconds
[2023-12-20T23:13:37.600+0000] {processor.py:161} INFO - Started process (PID=2719) to work on /home/airflow/.local/lib/python3.8/site-packages/airflow/example_dags/example_skip_dag.py
[2023-12-20T23:13:37.625+0000] {processor.py:830} INFO - Processing file /home/airflow/.local/lib/python3.8/site-packages/airflow/example_dags/example_skip_dag.py for tasks to queue
[2023-12-20T23:13:37.707+0000] {logging_mixin.py:188} INFO - [2023-12-20T23:13:37.703+0000] {dagbag.py:538} INFO - Filling up the DagBag from /home/airflow/.local/lib/python3.8/site-packages/airflow/example_dags/example_skip_dag.py
[2023-12-20T23:13:37.771+0000] {processor.py:840} INFO - DAG(s) 'example_skip_dag' retrieved from /home/airflow/.local/lib/python3.8/site-packages/airflow/example_dags/example_skip_dag.py
[2023-12-20T23:13:38.181+0000] {logging_mixin.py:188} INFO - [2023-12-20T23:13:38.179+0000] {dag.py:3033} INFO - Sync 1 DAGs
[2023-12-20T23:13:38.342+0000] {logging_mixin.py:188} INFO - [2023-12-20T23:13:38.341+0000] {dag.py:3820} INFO - Setting next_dagrun for example_skip_dag to 2023-12-19T00:00:00+00:00, run_after=2023-12-20T00:00:00+00:00
[2023-12-20T23:13:38.550+0000] {processor.py:183} INFO - Processing /home/airflow/.local/lib/python3.8/site-packages/airflow/example_dags/example_skip_dag.py took 1.050 seconds
[2023-12-20T23:14:20.790+0000] {processor.py:161} INFO - Started process (PID=2755) to work on /home/airflow/.local/lib/python3.8/site-packages/airflow/example_dags/example_skip_dag.py
[2023-12-20T23:14:20.975+0000] {processor.py:830} INFO - Processing file /home/airflow/.local/lib/python3.8/site-packages/airflow/example_dags/example_skip_dag.py for tasks to queue
[2023-12-20T23:14:21.115+0000] {logging_mixin.py:188} INFO - [2023-12-20T23:14:21.099+0000] {dagbag.py:538} INFO - Filling up the DagBag from /home/airflow/.local/lib/python3.8/site-packages/airflow/example_dags/example_skip_dag.py
[2023-12-20T23:14:21.293+0000] {processor.py:840} INFO - DAG(s) 'example_skip_dag' retrieved from /home/airflow/.local/lib/python3.8/site-packages/airflow/example_dags/example_skip_dag.py
[2023-12-20T23:14:22.035+0000] {logging_mixin.py:188} INFO - [2023-12-20T23:14:22.033+0000] {dag.py:3033} INFO - Sync 1 DAGs
[2023-12-20T23:14:22.504+0000] {logging_mixin.py:188} INFO - [2023-12-20T23:14:22.504+0000] {dag.py:3820} INFO - Setting next_dagrun for example_skip_dag to 2023-12-19T00:00:00+00:00, run_after=2023-12-20T00:00:00+00:00
[2023-12-20T23:14:23.001+0000] {processor.py:183} INFO - Processing /home/airflow/.local/lib/python3.8/site-packages/airflow/example_dags/example_skip_dag.py took 2.353 seconds
