[2023-12-20T22:38:10.646+0000] {processor.py:161} INFO - Started process (PID=38) to work on /home/airflow/.local/lib/python3.8/site-packages/airflow/example_dags/example_branch_operator_decorator.py
[2023-12-20T22:38:10.656+0000] {processor.py:830} INFO - Processing file /home/airflow/.local/lib/python3.8/site-packages/airflow/example_dags/example_branch_operator_decorator.py for tasks to queue
[2023-12-20T22:38:10.678+0000] {logging_mixin.py:188} INFO - [2023-12-20T22:38:10.673+0000] {dagbag.py:538} INFO - Filling up the DagBag from /home/airflow/.local/lib/python3.8/site-packages/airflow/example_dags/example_branch_operator_decorator.py
[2023-12-20T22:38:10.865+0000] {processor.py:840} INFO - DAG(s) 'example_branch_python_operator_decorator' retrieved from /home/airflow/.local/lib/python3.8/site-packages/airflow/example_dags/example_branch_operator_decorator.py
[2023-12-20T22:38:12.719+0000] {logging_mixin.py:188} INFO - [2023-12-20T22:38:12.678+0000] {dag.py:3033} INFO - Sync 1 DAGs
[2023-12-20T22:38:12.819+0000] {logging_mixin.py:188} INFO - [2023-12-20T22:38:12.819+0000] {dag.py:3820} INFO - Setting next_dagrun for example_branch_python_operator_decorator to 2023-12-19T00:00:00+00:00, run_after=2023-12-20T00:00:00+00:00
[2023-12-20T22:38:12.968+0000] {processor.py:183} INFO - Processing /home/airflow/.local/lib/python3.8/site-packages/airflow/example_dags/example_branch_operator_decorator.py took 2.331 seconds
[2023-12-20T22:38:43.650+0000] {processor.py:161} INFO - Started process (PID=99) to work on /home/airflow/.local/lib/python3.8/site-packages/airflow/example_dags/example_branch_operator_decorator.py
[2023-12-20T22:38:43.652+0000] {processor.py:830} INFO - Processing file /home/airflow/.local/lib/python3.8/site-packages/airflow/example_dags/example_branch_operator_decorator.py for tasks to queue
[2023-12-20T22:38:43.655+0000] {logging_mixin.py:188} INFO - [2023-12-20T22:38:43.654+0000] {dagbag.py:538} INFO - Filling up the DagBag from /home/airflow/.local/lib/python3.8/site-packages/airflow/example_dags/example_branch_operator_decorator.py
[2023-12-20T22:38:43.674+0000] {processor.py:840} INFO - DAG(s) 'example_branch_python_operator_decorator' retrieved from /home/airflow/.local/lib/python3.8/site-packages/airflow/example_dags/example_branch_operator_decorator.py
[2023-12-20T22:38:43.702+0000] {logging_mixin.py:188} INFO - [2023-12-20T22:38:43.702+0000] {dag.py:3033} INFO - Sync 1 DAGs
[2023-12-20T22:38:43.721+0000] {logging_mixin.py:188} INFO - [2023-12-20T22:38:43.721+0000] {dag.py:3820} INFO - Setting next_dagrun for example_branch_python_operator_decorator to 2023-12-19T00:00:00+00:00, run_after=2023-12-20T00:00:00+00:00
[2023-12-20T22:38:43.735+0000] {processor.py:183} INFO - Processing /home/airflow/.local/lib/python3.8/site-packages/airflow/example_dags/example_branch_operator_decorator.py took 0.089 seconds
[2023-12-20T22:39:14.151+0000] {processor.py:161} INFO - Started process (PID=154) to work on /home/airflow/.local/lib/python3.8/site-packages/airflow/example_dags/example_branch_operator_decorator.py
[2023-12-20T22:39:14.154+0000] {processor.py:830} INFO - Processing file /home/airflow/.local/lib/python3.8/site-packages/airflow/example_dags/example_branch_operator_decorator.py for tasks to queue
[2023-12-20T22:39:14.158+0000] {logging_mixin.py:188} INFO - [2023-12-20T22:39:14.157+0000] {dagbag.py:538} INFO - Filling up the DagBag from /home/airflow/.local/lib/python3.8/site-packages/airflow/example_dags/example_branch_operator_decorator.py
[2023-12-20T22:39:14.177+0000] {processor.py:840} INFO - DAG(s) 'example_branch_python_operator_decorator' retrieved from /home/airflow/.local/lib/python3.8/site-packages/airflow/example_dags/example_branch_operator_decorator.py
[2023-12-20T22:39:14.205+0000] {logging_mixin.py:188} INFO - [2023-12-20T22:39:14.205+0000] {dag.py:3033} INFO - Sync 1 DAGs
[2023-12-20T22:39:14.224+0000] {logging_mixin.py:188} INFO - [2023-12-20T22:39:14.224+0000] {dag.py:3820} INFO - Setting next_dagrun for example_branch_python_operator_decorator to 2023-12-19T00:00:00+00:00, run_after=2023-12-20T00:00:00+00:00
[2023-12-20T22:39:14.238+0000] {processor.py:183} INFO - Processing /home/airflow/.local/lib/python3.8/site-packages/airflow/example_dags/example_branch_operator_decorator.py took 0.093 seconds
[2023-12-20T22:39:45.002+0000] {processor.py:161} INFO - Started process (PID=210) to work on /home/airflow/.local/lib/python3.8/site-packages/airflow/example_dags/example_branch_operator_decorator.py
[2023-12-20T22:39:45.004+0000] {processor.py:830} INFO - Processing file /home/airflow/.local/lib/python3.8/site-packages/airflow/example_dags/example_branch_operator_decorator.py for tasks to queue
[2023-12-20T22:39:45.008+0000] {logging_mixin.py:188} INFO - [2023-12-20T22:39:45.007+0000] {dagbag.py:538} INFO - Filling up the DagBag from /home/airflow/.local/lib/python3.8/site-packages/airflow/example_dags/example_branch_operator_decorator.py
[2023-12-20T22:39:45.026+0000] {processor.py:840} INFO - DAG(s) 'example_branch_python_operator_decorator' retrieved from /home/airflow/.local/lib/python3.8/site-packages/airflow/example_dags/example_branch_operator_decorator.py
[2023-12-20T22:39:45.053+0000] {logging_mixin.py:188} INFO - [2023-12-20T22:39:45.053+0000] {dag.py:3033} INFO - Sync 1 DAGs
[2023-12-20T22:39:45.074+0000] {logging_mixin.py:188} INFO - [2023-12-20T22:39:45.073+0000] {dag.py:3820} INFO - Setting next_dagrun for example_branch_python_operator_decorator to 2023-12-19T00:00:00+00:00, run_after=2023-12-20T00:00:00+00:00
[2023-12-20T22:39:45.088+0000] {processor.py:183} INFO - Processing /home/airflow/.local/lib/python3.8/site-packages/airflow/example_dags/example_branch_operator_decorator.py took 0.090 seconds
[2023-12-20T22:40:15.508+0000] {processor.py:161} INFO - Started process (PID=265) to work on /home/airflow/.local/lib/python3.8/site-packages/airflow/example_dags/example_branch_operator_decorator.py
[2023-12-20T22:40:15.514+0000] {processor.py:830} INFO - Processing file /home/airflow/.local/lib/python3.8/site-packages/airflow/example_dags/example_branch_operator_decorator.py for tasks to queue
[2023-12-20T22:40:15.526+0000] {logging_mixin.py:188} INFO - [2023-12-20T22:40:15.525+0000] {dagbag.py:538} INFO - Filling up the DagBag from /home/airflow/.local/lib/python3.8/site-packages/airflow/example_dags/example_branch_operator_decorator.py
[2023-12-20T22:40:15.570+0000] {processor.py:840} INFO - DAG(s) 'example_branch_python_operator_decorator' retrieved from /home/airflow/.local/lib/python3.8/site-packages/airflow/example_dags/example_branch_operator_decorator.py
[2023-12-20T22:40:15.627+0000] {logging_mixin.py:188} INFO - [2023-12-20T22:40:15.627+0000] {dag.py:3033} INFO - Sync 1 DAGs
[2023-12-20T22:40:15.664+0000] {logging_mixin.py:188} INFO - [2023-12-20T22:40:15.664+0000] {dag.py:3820} INFO - Setting next_dagrun for example_branch_python_operator_decorator to 2023-12-19T00:00:00+00:00, run_after=2023-12-20T00:00:00+00:00
[2023-12-20T22:40:15.682+0000] {processor.py:183} INFO - Processing /home/airflow/.local/lib/python3.8/site-packages/airflow/example_dags/example_branch_operator_decorator.py took 0.188 seconds
[2023-12-20T22:40:45.739+0000] {processor.py:161} INFO - Started process (PID=320) to work on /home/airflow/.local/lib/python3.8/site-packages/airflow/example_dags/example_branch_operator_decorator.py
[2023-12-20T22:40:45.741+0000] {processor.py:830} INFO - Processing file /home/airflow/.local/lib/python3.8/site-packages/airflow/example_dags/example_branch_operator_decorator.py for tasks to queue
[2023-12-20T22:40:45.744+0000] {logging_mixin.py:188} INFO - [2023-12-20T22:40:45.744+0000] {dagbag.py:538} INFO - Filling up the DagBag from /home/airflow/.local/lib/python3.8/site-packages/airflow/example_dags/example_branch_operator_decorator.py
[2023-12-20T22:40:45.760+0000] {processor.py:840} INFO - DAG(s) 'example_branch_python_operator_decorator' retrieved from /home/airflow/.local/lib/python3.8/site-packages/airflow/example_dags/example_branch_operator_decorator.py
[2023-12-20T22:40:45.786+0000] {logging_mixin.py:188} INFO - [2023-12-20T22:40:45.786+0000] {dag.py:3033} INFO - Sync 1 DAGs
[2023-12-20T22:40:45.804+0000] {logging_mixin.py:188} INFO - [2023-12-20T22:40:45.804+0000] {dag.py:3820} INFO - Setting next_dagrun for example_branch_python_operator_decorator to 2023-12-19T00:00:00+00:00, run_after=2023-12-20T00:00:00+00:00
[2023-12-20T22:40:45.817+0000] {processor.py:183} INFO - Processing /home/airflow/.local/lib/python3.8/site-packages/airflow/example_dags/example_branch_operator_decorator.py took 0.082 seconds
[2023-12-20T22:41:15.983+0000] {processor.py:161} INFO - Started process (PID=374) to work on /home/airflow/.local/lib/python3.8/site-packages/airflow/example_dags/example_branch_operator_decorator.py
[2023-12-20T22:41:15.985+0000] {processor.py:830} INFO - Processing file /home/airflow/.local/lib/python3.8/site-packages/airflow/example_dags/example_branch_operator_decorator.py for tasks to queue
[2023-12-20T22:41:15.990+0000] {logging_mixin.py:188} INFO - [2023-12-20T22:41:15.989+0000] {dagbag.py:538} INFO - Filling up the DagBag from /home/airflow/.local/lib/python3.8/site-packages/airflow/example_dags/example_branch_operator_decorator.py
[2023-12-20T22:41:16.012+0000] {processor.py:840} INFO - DAG(s) 'example_branch_python_operator_decorator' retrieved from /home/airflow/.local/lib/python3.8/site-packages/airflow/example_dags/example_branch_operator_decorator.py
[2023-12-20T22:41:16.054+0000] {logging_mixin.py:188} INFO - [2023-12-20T22:41:16.054+0000] {dag.py:3033} INFO - Sync 1 DAGs
[2023-12-20T22:41:16.081+0000] {logging_mixin.py:188} INFO - [2023-12-20T22:41:16.081+0000] {dag.py:3820} INFO - Setting next_dagrun for example_branch_python_operator_decorator to 2023-12-19T00:00:00+00:00, run_after=2023-12-20T00:00:00+00:00
[2023-12-20T22:41:16.098+0000] {processor.py:183} INFO - Processing /home/airflow/.local/lib/python3.8/site-packages/airflow/example_dags/example_branch_operator_decorator.py took 0.121 seconds
[2023-12-20T22:41:46.165+0000] {processor.py:161} INFO - Started process (PID=429) to work on /home/airflow/.local/lib/python3.8/site-packages/airflow/example_dags/example_branch_operator_decorator.py
[2023-12-20T22:41:46.167+0000] {processor.py:830} INFO - Processing file /home/airflow/.local/lib/python3.8/site-packages/airflow/example_dags/example_branch_operator_decorator.py for tasks to queue
[2023-12-20T22:41:46.169+0000] {logging_mixin.py:188} INFO - [2023-12-20T22:41:46.169+0000] {dagbag.py:538} INFO - Filling up the DagBag from /home/airflow/.local/lib/python3.8/site-packages/airflow/example_dags/example_branch_operator_decorator.py
[2023-12-20T22:41:46.185+0000] {processor.py:840} INFO - DAG(s) 'example_branch_python_operator_decorator' retrieved from /home/airflow/.local/lib/python3.8/site-packages/airflow/example_dags/example_branch_operator_decorator.py
[2023-12-20T22:41:46.212+0000] {logging_mixin.py:188} INFO - [2023-12-20T22:41:46.212+0000] {dag.py:3033} INFO - Sync 1 DAGs
[2023-12-20T22:41:46.230+0000] {logging_mixin.py:188} INFO - [2023-12-20T22:41:46.230+0000] {dag.py:3820} INFO - Setting next_dagrun for example_branch_python_operator_decorator to 2023-12-19T00:00:00+00:00, run_after=2023-12-20T00:00:00+00:00
[2023-12-20T22:41:46.243+0000] {processor.py:183} INFO - Processing /home/airflow/.local/lib/python3.8/site-packages/airflow/example_dags/example_branch_operator_decorator.py took 0.082 seconds
[2023-12-20T22:42:16.369+0000] {processor.py:161} INFO - Started process (PID=484) to work on /home/airflow/.local/lib/python3.8/site-packages/airflow/example_dags/example_branch_operator_decorator.py
[2023-12-20T22:42:16.370+0000] {processor.py:830} INFO - Processing file /home/airflow/.local/lib/python3.8/site-packages/airflow/example_dags/example_branch_operator_decorator.py for tasks to queue
[2023-12-20T22:42:16.373+0000] {logging_mixin.py:188} INFO - [2023-12-20T22:42:16.373+0000] {dagbag.py:538} INFO - Filling up the DagBag from /home/airflow/.local/lib/python3.8/site-packages/airflow/example_dags/example_branch_operator_decorator.py
[2023-12-20T22:42:16.391+0000] {processor.py:840} INFO - DAG(s) 'example_branch_python_operator_decorator' retrieved from /home/airflow/.local/lib/python3.8/site-packages/airflow/example_dags/example_branch_operator_decorator.py
[2023-12-20T22:42:16.420+0000] {logging_mixin.py:188} INFO - [2023-12-20T22:42:16.420+0000] {dag.py:3033} INFO - Sync 1 DAGs
[2023-12-20T22:42:16.439+0000] {logging_mixin.py:188} INFO - [2023-12-20T22:42:16.438+0000] {dag.py:3820} INFO - Setting next_dagrun for example_branch_python_operator_decorator to 2023-12-19T00:00:00+00:00, run_after=2023-12-20T00:00:00+00:00
[2023-12-20T22:42:16.452+0000] {processor.py:183} INFO - Processing /home/airflow/.local/lib/python3.8/site-packages/airflow/example_dags/example_branch_operator_decorator.py took 0.088 seconds
[2023-12-20T22:42:46.552+0000] {processor.py:161} INFO - Started process (PID=537) to work on /home/airflow/.local/lib/python3.8/site-packages/airflow/example_dags/example_branch_operator_decorator.py
[2023-12-20T22:42:46.553+0000] {processor.py:830} INFO - Processing file /home/airflow/.local/lib/python3.8/site-packages/airflow/example_dags/example_branch_operator_decorator.py for tasks to queue
[2023-12-20T22:42:46.557+0000] {logging_mixin.py:188} INFO - [2023-12-20T22:42:46.556+0000] {dagbag.py:538} INFO - Filling up the DagBag from /home/airflow/.local/lib/python3.8/site-packages/airflow/example_dags/example_branch_operator_decorator.py
[2023-12-20T22:42:46.577+0000] {processor.py:840} INFO - DAG(s) 'example_branch_python_operator_decorator' retrieved from /home/airflow/.local/lib/python3.8/site-packages/airflow/example_dags/example_branch_operator_decorator.py
[2023-12-20T22:42:46.607+0000] {logging_mixin.py:188} INFO - [2023-12-20T22:42:46.606+0000] {dag.py:3033} INFO - Sync 1 DAGs
[2023-12-20T22:42:46.629+0000] {logging_mixin.py:188} INFO - [2023-12-20T22:42:46.629+0000] {dag.py:3820} INFO - Setting next_dagrun for example_branch_python_operator_decorator to 2023-12-19T00:00:00+00:00, run_after=2023-12-20T00:00:00+00:00
[2023-12-20T22:42:46.644+0000] {processor.py:183} INFO - Processing /home/airflow/.local/lib/python3.8/site-packages/airflow/example_dags/example_branch_operator_decorator.py took 0.097 seconds
[2023-12-20T22:43:17.214+0000] {processor.py:161} INFO - Started process (PID=591) to work on /home/airflow/.local/lib/python3.8/site-packages/airflow/example_dags/example_branch_operator_decorator.py
[2023-12-20T22:43:17.218+0000] {processor.py:830} INFO - Processing file /home/airflow/.local/lib/python3.8/site-packages/airflow/example_dags/example_branch_operator_decorator.py for tasks to queue
[2023-12-20T22:43:17.225+0000] {logging_mixin.py:188} INFO - [2023-12-20T22:43:17.224+0000] {dagbag.py:538} INFO - Filling up the DagBag from /home/airflow/.local/lib/python3.8/site-packages/airflow/example_dags/example_branch_operator_decorator.py
[2023-12-20T22:43:17.251+0000] {processor.py:840} INFO - DAG(s) 'example_branch_python_operator_decorator' retrieved from /home/airflow/.local/lib/python3.8/site-packages/airflow/example_dags/example_branch_operator_decorator.py
[2023-12-20T22:43:17.292+0000] {logging_mixin.py:188} INFO - [2023-12-20T22:43:17.292+0000] {dag.py:3033} INFO - Sync 1 DAGs
[2023-12-20T22:43:17.343+0000] {logging_mixin.py:188} INFO - [2023-12-20T22:43:17.342+0000] {dag.py:3820} INFO - Setting next_dagrun for example_branch_python_operator_decorator to 2023-12-19T00:00:00+00:00, run_after=2023-12-20T00:00:00+00:00
[2023-12-20T22:43:17.375+0000] {processor.py:183} INFO - Processing /home/airflow/.local/lib/python3.8/site-packages/airflow/example_dags/example_branch_operator_decorator.py took 0.165 seconds
[2023-12-20T22:43:47.586+0000] {processor.py:161} INFO - Started process (PID=646) to work on /home/airflow/.local/lib/python3.8/site-packages/airflow/example_dags/example_branch_operator_decorator.py
[2023-12-20T22:43:47.588+0000] {processor.py:830} INFO - Processing file /home/airflow/.local/lib/python3.8/site-packages/airflow/example_dags/example_branch_operator_decorator.py for tasks to queue
[2023-12-20T22:43:47.593+0000] {logging_mixin.py:188} INFO - [2023-12-20T22:43:47.593+0000] {dagbag.py:538} INFO - Filling up the DagBag from /home/airflow/.local/lib/python3.8/site-packages/airflow/example_dags/example_branch_operator_decorator.py
[2023-12-20T22:43:47.620+0000] {processor.py:840} INFO - DAG(s) 'example_branch_python_operator_decorator' retrieved from /home/airflow/.local/lib/python3.8/site-packages/airflow/example_dags/example_branch_operator_decorator.py
[2023-12-20T22:43:47.679+0000] {logging_mixin.py:188} INFO - [2023-12-20T22:43:47.678+0000] {dag.py:3033} INFO - Sync 1 DAGs
[2023-12-20T22:43:47.716+0000] {logging_mixin.py:188} INFO - [2023-12-20T22:43:47.716+0000] {dag.py:3820} INFO - Setting next_dagrun for example_branch_python_operator_decorator to 2023-12-19T00:00:00+00:00, run_after=2023-12-20T00:00:00+00:00
[2023-12-20T22:43:47.772+0000] {processor.py:183} INFO - Processing /home/airflow/.local/lib/python3.8/site-packages/airflow/example_dags/example_branch_operator_decorator.py took 0.192 seconds
[2023-12-20T22:44:18.005+0000] {processor.py:161} INFO - Started process (PID=701) to work on /home/airflow/.local/lib/python3.8/site-packages/airflow/example_dags/example_branch_operator_decorator.py
[2023-12-20T22:44:18.006+0000] {processor.py:830} INFO - Processing file /home/airflow/.local/lib/python3.8/site-packages/airflow/example_dags/example_branch_operator_decorator.py for tasks to queue
[2023-12-20T22:44:18.009+0000] {logging_mixin.py:188} INFO - [2023-12-20T22:44:18.009+0000] {dagbag.py:538} INFO - Filling up the DagBag from /home/airflow/.local/lib/python3.8/site-packages/airflow/example_dags/example_branch_operator_decorator.py
[2023-12-20T22:44:18.025+0000] {processor.py:840} INFO - DAG(s) 'example_branch_python_operator_decorator' retrieved from /home/airflow/.local/lib/python3.8/site-packages/airflow/example_dags/example_branch_operator_decorator.py
[2023-12-20T22:44:18.052+0000] {logging_mixin.py:188} INFO - [2023-12-20T22:44:18.051+0000] {dag.py:3033} INFO - Sync 1 DAGs
[2023-12-20T22:44:18.070+0000] {logging_mixin.py:188} INFO - [2023-12-20T22:44:18.070+0000] {dag.py:3820} INFO - Setting next_dagrun for example_branch_python_operator_decorator to 2023-12-19T00:00:00+00:00, run_after=2023-12-20T00:00:00+00:00
[2023-12-20T22:44:18.086+0000] {processor.py:183} INFO - Processing /home/airflow/.local/lib/python3.8/site-packages/airflow/example_dags/example_branch_operator_decorator.py took 0.085 seconds
[2023-12-20T22:44:49.165+0000] {processor.py:161} INFO - Started process (PID=756) to work on /home/airflow/.local/lib/python3.8/site-packages/airflow/example_dags/example_branch_operator_decorator.py
[2023-12-20T22:44:49.167+0000] {processor.py:830} INFO - Processing file /home/airflow/.local/lib/python3.8/site-packages/airflow/example_dags/example_branch_operator_decorator.py for tasks to queue
[2023-12-20T22:44:49.171+0000] {logging_mixin.py:188} INFO - [2023-12-20T22:44:49.171+0000] {dagbag.py:538} INFO - Filling up the DagBag from /home/airflow/.local/lib/python3.8/site-packages/airflow/example_dags/example_branch_operator_decorator.py
[2023-12-20T22:44:49.189+0000] {processor.py:840} INFO - DAG(s) 'example_branch_python_operator_decorator' retrieved from /home/airflow/.local/lib/python3.8/site-packages/airflow/example_dags/example_branch_operator_decorator.py
[2023-12-20T22:44:49.218+0000] {logging_mixin.py:188} INFO - [2023-12-20T22:44:49.218+0000] {dag.py:3033} INFO - Sync 1 DAGs
[2023-12-20T22:44:49.237+0000] {logging_mixin.py:188} INFO - [2023-12-20T22:44:49.236+0000] {dag.py:3820} INFO - Setting next_dagrun for example_branch_python_operator_decorator to 2023-12-19T00:00:00+00:00, run_after=2023-12-20T00:00:00+00:00
[2023-12-20T22:44:49.250+0000] {processor.py:183} INFO - Processing /home/airflow/.local/lib/python3.8/site-packages/airflow/example_dags/example_branch_operator_decorator.py took 0.089 seconds
[2023-12-20T22:45:19.661+0000] {processor.py:161} INFO - Started process (PID=812) to work on /home/airflow/.local/lib/python3.8/site-packages/airflow/example_dags/example_branch_operator_decorator.py
[2023-12-20T22:45:19.662+0000] {processor.py:830} INFO - Processing file /home/airflow/.local/lib/python3.8/site-packages/airflow/example_dags/example_branch_operator_decorator.py for tasks to queue
[2023-12-20T22:45:19.666+0000] {logging_mixin.py:188} INFO - [2023-12-20T22:45:19.665+0000] {dagbag.py:538} INFO - Filling up the DagBag from /home/airflow/.local/lib/python3.8/site-packages/airflow/example_dags/example_branch_operator_decorator.py
[2023-12-20T22:45:19.681+0000] {processor.py:840} INFO - DAG(s) 'example_branch_python_operator_decorator' retrieved from /home/airflow/.local/lib/python3.8/site-packages/airflow/example_dags/example_branch_operator_decorator.py
[2023-12-20T22:45:19.708+0000] {logging_mixin.py:188} INFO - [2023-12-20T22:45:19.708+0000] {dag.py:3033} INFO - Sync 1 DAGs
[2023-12-20T22:45:19.727+0000] {logging_mixin.py:188} INFO - [2023-12-20T22:45:19.727+0000] {dag.py:3820} INFO - Setting next_dagrun for example_branch_python_operator_decorator to 2023-12-19T00:00:00+00:00, run_after=2023-12-20T00:00:00+00:00
[2023-12-20T22:45:19.744+0000] {processor.py:183} INFO - Processing /home/airflow/.local/lib/python3.8/site-packages/airflow/example_dags/example_branch_operator_decorator.py took 0.087 seconds
[2023-12-20T22:45:50.076+0000] {processor.py:161} INFO - Started process (PID=867) to work on /home/airflow/.local/lib/python3.8/site-packages/airflow/example_dags/example_branch_operator_decorator.py
[2023-12-20T22:45:50.077+0000] {processor.py:830} INFO - Processing file /home/airflow/.local/lib/python3.8/site-packages/airflow/example_dags/example_branch_operator_decorator.py for tasks to queue
[2023-12-20T22:45:50.080+0000] {logging_mixin.py:188} INFO - [2023-12-20T22:45:50.080+0000] {dagbag.py:538} INFO - Filling up the DagBag from /home/airflow/.local/lib/python3.8/site-packages/airflow/example_dags/example_branch_operator_decorator.py
[2023-12-20T22:45:50.097+0000] {processor.py:840} INFO - DAG(s) 'example_branch_python_operator_decorator' retrieved from /home/airflow/.local/lib/python3.8/site-packages/airflow/example_dags/example_branch_operator_decorator.py
[2023-12-20T22:45:50.125+0000] {logging_mixin.py:188} INFO - [2023-12-20T22:45:50.125+0000] {dag.py:3033} INFO - Sync 1 DAGs
[2023-12-20T22:45:50.143+0000] {logging_mixin.py:188} INFO - [2023-12-20T22:45:50.143+0000] {dag.py:3820} INFO - Setting next_dagrun for example_branch_python_operator_decorator to 2023-12-19T00:00:00+00:00, run_after=2023-12-20T00:00:00+00:00
[2023-12-20T22:45:50.157+0000] {processor.py:183} INFO - Processing /home/airflow/.local/lib/python3.8/site-packages/airflow/example_dags/example_branch_operator_decorator.py took 0.086 seconds
[2023-12-20T22:46:20.895+0000] {processor.py:161} INFO - Started process (PID=922) to work on /home/airflow/.local/lib/python3.8/site-packages/airflow/example_dags/example_branch_operator_decorator.py
[2023-12-20T22:46:20.897+0000] {processor.py:830} INFO - Processing file /home/airflow/.local/lib/python3.8/site-packages/airflow/example_dags/example_branch_operator_decorator.py for tasks to queue
[2023-12-20T22:46:20.900+0000] {logging_mixin.py:188} INFO - [2023-12-20T22:46:20.899+0000] {dagbag.py:538} INFO - Filling up the DagBag from /home/airflow/.local/lib/python3.8/site-packages/airflow/example_dags/example_branch_operator_decorator.py
[2023-12-20T22:46:20.915+0000] {processor.py:840} INFO - DAG(s) 'example_branch_python_operator_decorator' retrieved from /home/airflow/.local/lib/python3.8/site-packages/airflow/example_dags/example_branch_operator_decorator.py
[2023-12-20T22:46:20.943+0000] {logging_mixin.py:188} INFO - [2023-12-20T22:46:20.943+0000] {dag.py:3033} INFO - Sync 1 DAGs
[2023-12-20T22:46:20.962+0000] {logging_mixin.py:188} INFO - [2023-12-20T22:46:20.962+0000] {dag.py:3820} INFO - Setting next_dagrun for example_branch_python_operator_decorator to 2023-12-19T00:00:00+00:00, run_after=2023-12-20T00:00:00+00:00
[2023-12-20T22:46:20.976+0000] {processor.py:183} INFO - Processing /home/airflow/.local/lib/python3.8/site-packages/airflow/example_dags/example_branch_operator_decorator.py took 0.085 seconds
[2023-12-20T22:46:51.796+0000] {processor.py:161} INFO - Started process (PID=977) to work on /home/airflow/.local/lib/python3.8/site-packages/airflow/example_dags/example_branch_operator_decorator.py
[2023-12-20T22:46:51.798+0000] {processor.py:830} INFO - Processing file /home/airflow/.local/lib/python3.8/site-packages/airflow/example_dags/example_branch_operator_decorator.py for tasks to queue
[2023-12-20T22:46:51.801+0000] {logging_mixin.py:188} INFO - [2023-12-20T22:46:51.800+0000] {dagbag.py:538} INFO - Filling up the DagBag from /home/airflow/.local/lib/python3.8/site-packages/airflow/example_dags/example_branch_operator_decorator.py
[2023-12-20T22:46:51.816+0000] {processor.py:840} INFO - DAG(s) 'example_branch_python_operator_decorator' retrieved from /home/airflow/.local/lib/python3.8/site-packages/airflow/example_dags/example_branch_operator_decorator.py
[2023-12-20T22:46:51.842+0000] {logging_mixin.py:188} INFO - [2023-12-20T22:46:51.842+0000] {dag.py:3033} INFO - Sync 1 DAGs
[2023-12-20T22:46:51.861+0000] {logging_mixin.py:188} INFO - [2023-12-20T22:46:51.861+0000] {dag.py:3820} INFO - Setting next_dagrun for example_branch_python_operator_decorator to 2023-12-19T00:00:00+00:00, run_after=2023-12-20T00:00:00+00:00
[2023-12-20T22:46:51.878+0000] {processor.py:183} INFO - Processing /home/airflow/.local/lib/python3.8/site-packages/airflow/example_dags/example_branch_operator_decorator.py took 0.086 seconds
[2023-12-20T22:47:22.837+0000] {processor.py:161} INFO - Started process (PID=1032) to work on /home/airflow/.local/lib/python3.8/site-packages/airflow/example_dags/example_branch_operator_decorator.py
[2023-12-20T22:47:22.839+0000] {processor.py:830} INFO - Processing file /home/airflow/.local/lib/python3.8/site-packages/airflow/example_dags/example_branch_operator_decorator.py for tasks to queue
[2023-12-20T22:47:22.842+0000] {logging_mixin.py:188} INFO - [2023-12-20T22:47:22.842+0000] {dagbag.py:538} INFO - Filling up the DagBag from /home/airflow/.local/lib/python3.8/site-packages/airflow/example_dags/example_branch_operator_decorator.py
[2023-12-20T22:47:22.863+0000] {processor.py:840} INFO - DAG(s) 'example_branch_python_operator_decorator' retrieved from /home/airflow/.local/lib/python3.8/site-packages/airflow/example_dags/example_branch_operator_decorator.py
[2023-12-20T22:47:22.895+0000] {logging_mixin.py:188} INFO - [2023-12-20T22:47:22.895+0000] {dag.py:3033} INFO - Sync 1 DAGs
[2023-12-20T22:47:22.916+0000] {logging_mixin.py:188} INFO - [2023-12-20T22:47:22.916+0000] {dag.py:3820} INFO - Setting next_dagrun for example_branch_python_operator_decorator to 2023-12-19T00:00:00+00:00, run_after=2023-12-20T00:00:00+00:00
[2023-12-20T22:47:22.933+0000] {processor.py:183} INFO - Processing /home/airflow/.local/lib/python3.8/site-packages/airflow/example_dags/example_branch_operator_decorator.py took 0.101 seconds
[2023-12-20T22:47:53.221+0000] {processor.py:161} INFO - Started process (PID=1086) to work on /home/airflow/.local/lib/python3.8/site-packages/airflow/example_dags/example_branch_operator_decorator.py
[2023-12-20T22:47:53.223+0000] {processor.py:830} INFO - Processing file /home/airflow/.local/lib/python3.8/site-packages/airflow/example_dags/example_branch_operator_decorator.py for tasks to queue
[2023-12-20T22:47:53.225+0000] {logging_mixin.py:188} INFO - [2023-12-20T22:47:53.225+0000] {dagbag.py:538} INFO - Filling up the DagBag from /home/airflow/.local/lib/python3.8/site-packages/airflow/example_dags/example_branch_operator_decorator.py
[2023-12-20T22:47:53.248+0000] {processor.py:840} INFO - DAG(s) 'example_branch_python_operator_decorator' retrieved from /home/airflow/.local/lib/python3.8/site-packages/airflow/example_dags/example_branch_operator_decorator.py
[2023-12-20T22:47:53.282+0000] {logging_mixin.py:188} INFO - [2023-12-20T22:47:53.282+0000] {dag.py:3033} INFO - Sync 1 DAGs
[2023-12-20T22:47:53.302+0000] {logging_mixin.py:188} INFO - [2023-12-20T22:47:53.301+0000] {dag.py:3820} INFO - Setting next_dagrun for example_branch_python_operator_decorator to 2023-12-19T00:00:00+00:00, run_after=2023-12-20T00:00:00+00:00
[2023-12-20T22:47:53.317+0000] {processor.py:183} INFO - Processing /home/airflow/.local/lib/python3.8/site-packages/airflow/example_dags/example_branch_operator_decorator.py took 0.100 seconds
[2023-12-20T22:48:24.178+0000] {processor.py:161} INFO - Started process (PID=1141) to work on /home/airflow/.local/lib/python3.8/site-packages/airflow/example_dags/example_branch_operator_decorator.py
[2023-12-20T22:48:24.179+0000] {processor.py:830} INFO - Processing file /home/airflow/.local/lib/python3.8/site-packages/airflow/example_dags/example_branch_operator_decorator.py for tasks to queue
[2023-12-20T22:48:24.182+0000] {logging_mixin.py:188} INFO - [2023-12-20T22:48:24.182+0000] {dagbag.py:538} INFO - Filling up the DagBag from /home/airflow/.local/lib/python3.8/site-packages/airflow/example_dags/example_branch_operator_decorator.py
[2023-12-20T22:48:24.201+0000] {processor.py:840} INFO - DAG(s) 'example_branch_python_operator_decorator' retrieved from /home/airflow/.local/lib/python3.8/site-packages/airflow/example_dags/example_branch_operator_decorator.py
[2023-12-20T22:48:24.231+0000] {logging_mixin.py:188} INFO - [2023-12-20T22:48:24.231+0000] {dag.py:3033} INFO - Sync 1 DAGs
[2023-12-20T22:48:24.259+0000] {logging_mixin.py:188} INFO - [2023-12-20T22:48:24.259+0000] {dag.py:3820} INFO - Setting next_dagrun for example_branch_python_operator_decorator to 2023-12-19T00:00:00+00:00, run_after=2023-12-20T00:00:00+00:00
[2023-12-20T22:48:24.283+0000] {processor.py:183} INFO - Processing /home/airflow/.local/lib/python3.8/site-packages/airflow/example_dags/example_branch_operator_decorator.py took 0.109 seconds
[2023-12-20T22:48:54.442+0000] {processor.py:161} INFO - Started process (PID=1195) to work on /home/airflow/.local/lib/python3.8/site-packages/airflow/example_dags/example_branch_operator_decorator.py
[2023-12-20T22:48:54.444+0000] {processor.py:830} INFO - Processing file /home/airflow/.local/lib/python3.8/site-packages/airflow/example_dags/example_branch_operator_decorator.py for tasks to queue
[2023-12-20T22:48:54.448+0000] {logging_mixin.py:188} INFO - [2023-12-20T22:48:54.448+0000] {dagbag.py:538} INFO - Filling up the DagBag from /home/airflow/.local/lib/python3.8/site-packages/airflow/example_dags/example_branch_operator_decorator.py
[2023-12-20T22:48:54.470+0000] {processor.py:840} INFO - DAG(s) 'example_branch_python_operator_decorator' retrieved from /home/airflow/.local/lib/python3.8/site-packages/airflow/example_dags/example_branch_operator_decorator.py
[2023-12-20T22:48:54.504+0000] {logging_mixin.py:188} INFO - [2023-12-20T22:48:54.504+0000] {dag.py:3033} INFO - Sync 1 DAGs
[2023-12-20T22:48:54.525+0000] {logging_mixin.py:188} INFO - [2023-12-20T22:48:54.525+0000] {dag.py:3820} INFO - Setting next_dagrun for example_branch_python_operator_decorator to 2023-12-19T00:00:00+00:00, run_after=2023-12-20T00:00:00+00:00
[2023-12-20T22:48:54.560+0000] {processor.py:183} INFO - Processing /home/airflow/.local/lib/python3.8/site-packages/airflow/example_dags/example_branch_operator_decorator.py took 0.125 seconds
[2023-12-20T22:49:24.656+0000] {processor.py:161} INFO - Started process (PID=1249) to work on /home/airflow/.local/lib/python3.8/site-packages/airflow/example_dags/example_branch_operator_decorator.py
[2023-12-20T22:49:24.659+0000] {processor.py:830} INFO - Processing file /home/airflow/.local/lib/python3.8/site-packages/airflow/example_dags/example_branch_operator_decorator.py for tasks to queue
[2023-12-20T22:49:24.665+0000] {logging_mixin.py:188} INFO - [2023-12-20T22:49:24.664+0000] {dagbag.py:538} INFO - Filling up the DagBag from /home/airflow/.local/lib/python3.8/site-packages/airflow/example_dags/example_branch_operator_decorator.py
[2023-12-20T22:49:24.684+0000] {processor.py:840} INFO - DAG(s) 'example_branch_python_operator_decorator' retrieved from /home/airflow/.local/lib/python3.8/site-packages/airflow/example_dags/example_branch_operator_decorator.py
[2023-12-20T22:49:24.714+0000] {logging_mixin.py:188} INFO - [2023-12-20T22:49:24.714+0000] {dag.py:3033} INFO - Sync 1 DAGs
[2023-12-20T22:49:24.737+0000] {logging_mixin.py:188} INFO - [2023-12-20T22:49:24.737+0000] {dag.py:3820} INFO - Setting next_dagrun for example_branch_python_operator_decorator to 2023-12-19T00:00:00+00:00, run_after=2023-12-20T00:00:00+00:00
[2023-12-20T22:49:24.754+0000] {processor.py:183} INFO - Processing /home/airflow/.local/lib/python3.8/site-packages/airflow/example_dags/example_branch_operator_decorator.py took 0.107 seconds
[2023-12-20T22:49:55.038+0000] {processor.py:161} INFO - Started process (PID=1304) to work on /home/airflow/.local/lib/python3.8/site-packages/airflow/example_dags/example_branch_operator_decorator.py
[2023-12-20T22:49:55.039+0000] {processor.py:830} INFO - Processing file /home/airflow/.local/lib/python3.8/site-packages/airflow/example_dags/example_branch_operator_decorator.py for tasks to queue
[2023-12-20T22:49:55.042+0000] {logging_mixin.py:188} INFO - [2023-12-20T22:49:55.042+0000] {dagbag.py:538} INFO - Filling up the DagBag from /home/airflow/.local/lib/python3.8/site-packages/airflow/example_dags/example_branch_operator_decorator.py
[2023-12-20T22:49:55.058+0000] {processor.py:840} INFO - DAG(s) 'example_branch_python_operator_decorator' retrieved from /home/airflow/.local/lib/python3.8/site-packages/airflow/example_dags/example_branch_operator_decorator.py
[2023-12-20T22:49:55.090+0000] {logging_mixin.py:188} INFO - [2023-12-20T22:49:55.090+0000] {dag.py:3033} INFO - Sync 1 DAGs
[2023-12-20T22:49:55.109+0000] {logging_mixin.py:188} INFO - [2023-12-20T22:49:55.108+0000] {dag.py:3820} INFO - Setting next_dagrun for example_branch_python_operator_decorator to 2023-12-19T00:00:00+00:00, run_after=2023-12-20T00:00:00+00:00
[2023-12-20T22:49:55.124+0000] {processor.py:183} INFO - Processing /home/airflow/.local/lib/python3.8/site-packages/airflow/example_dags/example_branch_operator_decorator.py took 0.090 seconds
[2023-12-20T22:50:25.313+0000] {processor.py:161} INFO - Started process (PID=1359) to work on /home/airflow/.local/lib/python3.8/site-packages/airflow/example_dags/example_branch_operator_decorator.py
[2023-12-20T22:50:25.316+0000] {processor.py:830} INFO - Processing file /home/airflow/.local/lib/python3.8/site-packages/airflow/example_dags/example_branch_operator_decorator.py for tasks to queue
[2023-12-20T22:50:25.320+0000] {logging_mixin.py:188} INFO - [2023-12-20T22:50:25.319+0000] {dagbag.py:538} INFO - Filling up the DagBag from /home/airflow/.local/lib/python3.8/site-packages/airflow/example_dags/example_branch_operator_decorator.py
[2023-12-20T22:50:25.340+0000] {processor.py:840} INFO - DAG(s) 'example_branch_python_operator_decorator' retrieved from /home/airflow/.local/lib/python3.8/site-packages/airflow/example_dags/example_branch_operator_decorator.py
[2023-12-20T22:50:25.372+0000] {logging_mixin.py:188} INFO - [2023-12-20T22:50:25.371+0000] {dag.py:3033} INFO - Sync 1 DAGs
[2023-12-20T22:50:25.391+0000] {logging_mixin.py:188} INFO - [2023-12-20T22:50:25.391+0000] {dag.py:3820} INFO - Setting next_dagrun for example_branch_python_operator_decorator to 2023-12-19T00:00:00+00:00, run_after=2023-12-20T00:00:00+00:00
[2023-12-20T22:50:25.407+0000] {processor.py:183} INFO - Processing /home/airflow/.local/lib/python3.8/site-packages/airflow/example_dags/example_branch_operator_decorator.py took 0.101 seconds
[2023-12-20T22:50:55.439+0000] {processor.py:161} INFO - Started process (PID=1413) to work on /home/airflow/.local/lib/python3.8/site-packages/airflow/example_dags/example_branch_operator_decorator.py
[2023-12-20T22:50:55.441+0000] {processor.py:830} INFO - Processing file /home/airflow/.local/lib/python3.8/site-packages/airflow/example_dags/example_branch_operator_decorator.py for tasks to queue
[2023-12-20T22:50:55.443+0000] {logging_mixin.py:188} INFO - [2023-12-20T22:50:55.443+0000] {dagbag.py:538} INFO - Filling up the DagBag from /home/airflow/.local/lib/python3.8/site-packages/airflow/example_dags/example_branch_operator_decorator.py
[2023-12-20T22:50:55.458+0000] {processor.py:840} INFO - DAG(s) 'example_branch_python_operator_decorator' retrieved from /home/airflow/.local/lib/python3.8/site-packages/airflow/example_dags/example_branch_operator_decorator.py
[2023-12-20T22:50:55.486+0000] {logging_mixin.py:188} INFO - [2023-12-20T22:50:55.486+0000] {dag.py:3033} INFO - Sync 1 DAGs
[2023-12-20T22:50:55.504+0000] {logging_mixin.py:188} INFO - [2023-12-20T22:50:55.503+0000] {dag.py:3820} INFO - Setting next_dagrun for example_branch_python_operator_decorator to 2023-12-19T00:00:00+00:00, run_after=2023-12-20T00:00:00+00:00
[2023-12-20T22:50:55.516+0000] {processor.py:183} INFO - Processing /home/airflow/.local/lib/python3.8/site-packages/airflow/example_dags/example_branch_operator_decorator.py took 0.081 seconds
[2023-12-20T22:51:25.552+0000] {processor.py:161} INFO - Started process (PID=1468) to work on /home/airflow/.local/lib/python3.8/site-packages/airflow/example_dags/example_branch_operator_decorator.py
[2023-12-20T22:51:25.554+0000] {processor.py:830} INFO - Processing file /home/airflow/.local/lib/python3.8/site-packages/airflow/example_dags/example_branch_operator_decorator.py for tasks to queue
[2023-12-20T22:51:25.556+0000] {logging_mixin.py:188} INFO - [2023-12-20T22:51:25.556+0000] {dagbag.py:538} INFO - Filling up the DagBag from /home/airflow/.local/lib/python3.8/site-packages/airflow/example_dags/example_branch_operator_decorator.py
[2023-12-20T22:51:25.571+0000] {processor.py:840} INFO - DAG(s) 'example_branch_python_operator_decorator' retrieved from /home/airflow/.local/lib/python3.8/site-packages/airflow/example_dags/example_branch_operator_decorator.py
[2023-12-20T22:51:25.596+0000] {logging_mixin.py:188} INFO - [2023-12-20T22:51:25.595+0000] {dag.py:3033} INFO - Sync 1 DAGs
[2023-12-20T22:51:25.612+0000] {logging_mixin.py:188} INFO - [2023-12-20T22:51:25.612+0000] {dag.py:3820} INFO - Setting next_dagrun for example_branch_python_operator_decorator to 2023-12-19T00:00:00+00:00, run_after=2023-12-20T00:00:00+00:00
[2023-12-20T22:51:25.625+0000] {processor.py:183} INFO - Processing /home/airflow/.local/lib/python3.8/site-packages/airflow/example_dags/example_branch_operator_decorator.py took 0.076 seconds
[2023-12-20T22:51:56.415+0000] {processor.py:161} INFO - Started process (PID=1523) to work on /home/airflow/.local/lib/python3.8/site-packages/airflow/example_dags/example_branch_operator_decorator.py
[2023-12-20T22:51:56.416+0000] {processor.py:830} INFO - Processing file /home/airflow/.local/lib/python3.8/site-packages/airflow/example_dags/example_branch_operator_decorator.py for tasks to queue
[2023-12-20T22:51:56.419+0000] {logging_mixin.py:188} INFO - [2023-12-20T22:51:56.419+0000] {dagbag.py:538} INFO - Filling up the DagBag from /home/airflow/.local/lib/python3.8/site-packages/airflow/example_dags/example_branch_operator_decorator.py
[2023-12-20T22:51:56.436+0000] {processor.py:840} INFO - DAG(s) 'example_branch_python_operator_decorator' retrieved from /home/airflow/.local/lib/python3.8/site-packages/airflow/example_dags/example_branch_operator_decorator.py
[2023-12-20T22:51:56.463+0000] {logging_mixin.py:188} INFO - [2023-12-20T22:51:56.463+0000] {dag.py:3033} INFO - Sync 1 DAGs
[2023-12-20T22:51:56.484+0000] {logging_mixin.py:188} INFO - [2023-12-20T22:51:56.483+0000] {dag.py:3820} INFO - Setting next_dagrun for example_branch_python_operator_decorator to 2023-12-19T00:00:00+00:00, run_after=2023-12-20T00:00:00+00:00
[2023-12-20T22:51:56.504+0000] {processor.py:183} INFO - Processing /home/airflow/.local/lib/python3.8/site-packages/airflow/example_dags/example_branch_operator_decorator.py took 0.093 seconds
[2023-12-20T22:52:27.098+0000] {processor.py:161} INFO - Started process (PID=1578) to work on /home/airflow/.local/lib/python3.8/site-packages/airflow/example_dags/example_branch_operator_decorator.py
[2023-12-20T22:52:27.099+0000] {processor.py:830} INFO - Processing file /home/airflow/.local/lib/python3.8/site-packages/airflow/example_dags/example_branch_operator_decorator.py for tasks to queue
[2023-12-20T22:52:27.102+0000] {logging_mixin.py:188} INFO - [2023-12-20T22:52:27.102+0000] {dagbag.py:538} INFO - Filling up the DagBag from /home/airflow/.local/lib/python3.8/site-packages/airflow/example_dags/example_branch_operator_decorator.py
[2023-12-20T22:52:27.118+0000] {processor.py:840} INFO - DAG(s) 'example_branch_python_operator_decorator' retrieved from /home/airflow/.local/lib/python3.8/site-packages/airflow/example_dags/example_branch_operator_decorator.py
[2023-12-20T22:52:27.145+0000] {logging_mixin.py:188} INFO - [2023-12-20T22:52:27.145+0000] {dag.py:3033} INFO - Sync 1 DAGs
[2023-12-20T22:52:27.163+0000] {logging_mixin.py:188} INFO - [2023-12-20T22:52:27.163+0000] {dag.py:3820} INFO - Setting next_dagrun for example_branch_python_operator_decorator to 2023-12-19T00:00:00+00:00, run_after=2023-12-20T00:00:00+00:00
[2023-12-20T22:52:27.176+0000] {processor.py:183} INFO - Processing /home/airflow/.local/lib/python3.8/site-packages/airflow/example_dags/example_branch_operator_decorator.py took 0.082 seconds
[2023-12-20T22:52:57.497+0000] {processor.py:161} INFO - Started process (PID=1633) to work on /home/airflow/.local/lib/python3.8/site-packages/airflow/example_dags/example_branch_operator_decorator.py
[2023-12-20T22:52:57.499+0000] {processor.py:830} INFO - Processing file /home/airflow/.local/lib/python3.8/site-packages/airflow/example_dags/example_branch_operator_decorator.py for tasks to queue
[2023-12-20T22:52:57.502+0000] {logging_mixin.py:188} INFO - [2023-12-20T22:52:57.501+0000] {dagbag.py:538} INFO - Filling up the DagBag from /home/airflow/.local/lib/python3.8/site-packages/airflow/example_dags/example_branch_operator_decorator.py
[2023-12-20T22:52:57.519+0000] {processor.py:840} INFO - DAG(s) 'example_branch_python_operator_decorator' retrieved from /home/airflow/.local/lib/python3.8/site-packages/airflow/example_dags/example_branch_operator_decorator.py
[2023-12-20T22:52:57.564+0000] {logging_mixin.py:188} INFO - [2023-12-20T22:52:57.563+0000] {dag.py:3033} INFO - Sync 1 DAGs
[2023-12-20T22:52:57.595+0000] {logging_mixin.py:188} INFO - [2023-12-20T22:52:57.595+0000] {dag.py:3820} INFO - Setting next_dagrun for example_branch_python_operator_decorator to 2023-12-19T00:00:00+00:00, run_after=2023-12-20T00:00:00+00:00
[2023-12-20T22:52:57.835+0000] {processor.py:183} INFO - Processing /home/airflow/.local/lib/python3.8/site-packages/airflow/example_dags/example_branch_operator_decorator.py took 0.342 seconds
[2023-12-20T22:53:28.366+0000] {processor.py:161} INFO - Started process (PID=1689) to work on /home/airflow/.local/lib/python3.8/site-packages/airflow/example_dags/example_branch_operator_decorator.py
[2023-12-20T22:53:28.369+0000] {processor.py:830} INFO - Processing file /home/airflow/.local/lib/python3.8/site-packages/airflow/example_dags/example_branch_operator_decorator.py for tasks to queue
[2023-12-20T22:53:28.371+0000] {logging_mixin.py:188} INFO - [2023-12-20T22:53:28.371+0000] {dagbag.py:538} INFO - Filling up the DagBag from /home/airflow/.local/lib/python3.8/site-packages/airflow/example_dags/example_branch_operator_decorator.py
[2023-12-20T22:53:28.389+0000] {processor.py:840} INFO - DAG(s) 'example_branch_python_operator_decorator' retrieved from /home/airflow/.local/lib/python3.8/site-packages/airflow/example_dags/example_branch_operator_decorator.py
[2023-12-20T22:53:28.417+0000] {logging_mixin.py:188} INFO - [2023-12-20T22:53:28.417+0000] {dag.py:3033} INFO - Sync 1 DAGs
[2023-12-20T22:53:28.436+0000] {logging_mixin.py:188} INFO - [2023-12-20T22:53:28.436+0000] {dag.py:3820} INFO - Setting next_dagrun for example_branch_python_operator_decorator to 2023-12-19T00:00:00+00:00, run_after=2023-12-20T00:00:00+00:00
[2023-12-20T22:53:28.452+0000] {processor.py:183} INFO - Processing /home/airflow/.local/lib/python3.8/site-packages/airflow/example_dags/example_branch_operator_decorator.py took 0.093 seconds
[2023-12-20T22:53:59.881+0000] {processor.py:161} INFO - Started process (PID=1745) to work on /home/airflow/.local/lib/python3.8/site-packages/airflow/example_dags/example_branch_operator_decorator.py
[2023-12-20T22:53:59.893+0000] {processor.py:830} INFO - Processing file /home/airflow/.local/lib/python3.8/site-packages/airflow/example_dags/example_branch_operator_decorator.py for tasks to queue
[2023-12-20T22:53:59.931+0000] {logging_mixin.py:188} INFO - [2023-12-20T22:53:59.929+0000] {dagbag.py:538} INFO - Filling up the DagBag from /home/airflow/.local/lib/python3.8/site-packages/airflow/example_dags/example_branch_operator_decorator.py
[2023-12-20T22:54:00.243+0000] {processor.py:840} INFO - DAG(s) 'example_branch_python_operator_decorator' retrieved from /home/airflow/.local/lib/python3.8/site-packages/airflow/example_dags/example_branch_operator_decorator.py
[2023-12-20T22:54:00.573+0000] {logging_mixin.py:188} INFO - [2023-12-20T22:54:00.572+0000] {dag.py:3033} INFO - Sync 1 DAGs
[2023-12-20T22:54:01.084+0000] {logging_mixin.py:188} INFO - [2023-12-20T22:54:01.066+0000] {dag.py:3820} INFO - Setting next_dagrun for example_branch_python_operator_decorator to 2023-12-19T00:00:00+00:00, run_after=2023-12-20T00:00:00+00:00
[2023-12-20T22:54:01.364+0000] {processor.py:183} INFO - Processing /home/airflow/.local/lib/python3.8/site-packages/airflow/example_dags/example_branch_operator_decorator.py took 1.503 seconds
[2023-12-20T22:54:53.377+0000] {processor.py:161} INFO - Started process (PID=1795) to work on /home/airflow/.local/lib/python3.8/site-packages/airflow/example_dags/example_branch_operator_decorator.py
[2023-12-20T22:54:53.397+0000] {processor.py:830} INFO - Processing file /home/airflow/.local/lib/python3.8/site-packages/airflow/example_dags/example_branch_operator_decorator.py for tasks to queue
[2023-12-20T22:54:53.474+0000] {logging_mixin.py:188} INFO - [2023-12-20T22:54:53.448+0000] {dagbag.py:538} INFO - Filling up the DagBag from /home/airflow/.local/lib/python3.8/site-packages/airflow/example_dags/example_branch_operator_decorator.py
[2023-12-20T22:54:53.707+0000] {processor.py:840} INFO - DAG(s) 'example_branch_python_operator_decorator' retrieved from /home/airflow/.local/lib/python3.8/site-packages/airflow/example_dags/example_branch_operator_decorator.py
[2023-12-20T22:54:54.078+0000] {logging_mixin.py:188} INFO - [2023-12-20T22:54:54.077+0000] {dag.py:3033} INFO - Sync 1 DAGs
[2023-12-20T22:54:54.316+0000] {logging_mixin.py:188} INFO - [2023-12-20T22:54:54.308+0000] {dag.py:3820} INFO - Setting next_dagrun for example_branch_python_operator_decorator to 2023-12-19T00:00:00+00:00, run_after=2023-12-20T00:00:00+00:00
[2023-12-20T22:54:54.475+0000] {processor.py:183} INFO - Processing /home/airflow/.local/lib/python3.8/site-packages/airflow/example_dags/example_branch_operator_decorator.py took 1.160 seconds
[2023-12-20T22:55:57.264+0000] {processor.py:161} INFO - Started process (PID=1863) to work on /home/airflow/.local/lib/python3.8/site-packages/airflow/example_dags/example_branch_operator_decorator.py
[2023-12-20T22:55:57.273+0000] {processor.py:830} INFO - Processing file /home/airflow/.local/lib/python3.8/site-packages/airflow/example_dags/example_branch_operator_decorator.py for tasks to queue
[2023-12-20T22:55:57.312+0000] {logging_mixin.py:188} INFO - [2023-12-20T22:55:57.301+0000] {dagbag.py:538} INFO - Filling up the DagBag from /home/airflow/.local/lib/python3.8/site-packages/airflow/example_dags/example_branch_operator_decorator.py
[2023-12-20T22:55:57.565+0000] {processor.py:840} INFO - DAG(s) 'example_branch_python_operator_decorator' retrieved from /home/airflow/.local/lib/python3.8/site-packages/airflow/example_dags/example_branch_operator_decorator.py
[2023-12-20T22:55:57.902+0000] {logging_mixin.py:188} INFO - [2023-12-20T22:55:57.901+0000] {dag.py:3033} INFO - Sync 1 DAGs
[2023-12-20T22:55:58.124+0000] {logging_mixin.py:188} INFO - [2023-12-20T22:55:58.123+0000] {dag.py:3820} INFO - Setting next_dagrun for example_branch_python_operator_decorator to 2023-12-19T00:00:00+00:00, run_after=2023-12-20T00:00:00+00:00
[2023-12-20T22:55:58.236+0000] {processor.py:183} INFO - Processing /home/airflow/.local/lib/python3.8/site-packages/airflow/example_dags/example_branch_operator_decorator.py took 1.014 seconds
[2023-12-20T22:56:40.375+0000] {processor.py:161} INFO - Started process (PID=1927) to work on /home/airflow/.local/lib/python3.8/site-packages/airflow/example_dags/example_branch_operator_decorator.py
[2023-12-20T22:56:40.391+0000] {processor.py:830} INFO - Processing file /home/airflow/.local/lib/python3.8/site-packages/airflow/example_dags/example_branch_operator_decorator.py for tasks to queue
[2023-12-20T22:56:40.402+0000] {logging_mixin.py:188} INFO - [2023-12-20T22:56:40.400+0000] {dagbag.py:538} INFO - Filling up the DagBag from /home/airflow/.local/lib/python3.8/site-packages/airflow/example_dags/example_branch_operator_decorator.py
[2023-12-20T22:56:40.454+0000] {processor.py:840} INFO - DAG(s) 'example_branch_python_operator_decorator' retrieved from /home/airflow/.local/lib/python3.8/site-packages/airflow/example_dags/example_branch_operator_decorator.py
[2023-12-20T22:56:40.543+0000] {logging_mixin.py:188} INFO - [2023-12-20T22:56:40.542+0000] {dag.py:3033} INFO - Sync 1 DAGs
[2023-12-20T22:56:40.618+0000] {logging_mixin.py:188} INFO - [2023-12-20T22:56:40.618+0000] {dag.py:3820} INFO - Setting next_dagrun for example_branch_python_operator_decorator to 2023-12-19T00:00:00+00:00, run_after=2023-12-20T00:00:00+00:00
[2023-12-20T22:56:40.701+0000] {processor.py:183} INFO - Processing /home/airflow/.local/lib/python3.8/site-packages/airflow/example_dags/example_branch_operator_decorator.py took 0.342 seconds
[2023-12-20T22:57:25.789+0000] {processor.py:161} INFO - Started process (PID=1989) to work on /home/airflow/.local/lib/python3.8/site-packages/airflow/example_dags/example_branch_operator_decorator.py
[2023-12-20T22:57:25.817+0000] {processor.py:830} INFO - Processing file /home/airflow/.local/lib/python3.8/site-packages/airflow/example_dags/example_branch_operator_decorator.py for tasks to queue
[2023-12-20T22:57:25.845+0000] {logging_mixin.py:188} INFO - [2023-12-20T22:57:25.844+0000] {dagbag.py:538} INFO - Filling up the DagBag from /home/airflow/.local/lib/python3.8/site-packages/airflow/example_dags/example_branch_operator_decorator.py
[2023-12-20T22:57:26.003+0000] {processor.py:840} INFO - DAG(s) 'example_branch_python_operator_decorator' retrieved from /home/airflow/.local/lib/python3.8/site-packages/airflow/example_dags/example_branch_operator_decorator.py
[2023-12-20T22:57:29.167+0000] {logging_mixin.py:188} INFO - [2023-12-20T22:57:29.164+0000] {dag.py:3033} INFO - Sync 1 DAGs
[2023-12-20T22:57:29.350+0000] {logging_mixin.py:188} INFO - [2023-12-20T22:57:29.349+0000] {dag.py:3820} INFO - Setting next_dagrun for example_branch_python_operator_decorator to 2023-12-19T00:00:00+00:00, run_after=2023-12-20T00:00:00+00:00
[2023-12-20T22:57:29.466+0000] {processor.py:183} INFO - Processing /home/airflow/.local/lib/python3.8/site-packages/airflow/example_dags/example_branch_operator_decorator.py took 3.731 seconds
[2023-12-20T22:59:50.912+0000] {processor.py:161} INFO - Started process (PID=2056) to work on /home/airflow/.local/lib/python3.8/site-packages/airflow/example_dags/example_branch_operator_decorator.py
[2023-12-20T22:59:50.925+0000] {processor.py:830} INFO - Processing file /home/airflow/.local/lib/python3.8/site-packages/airflow/example_dags/example_branch_operator_decorator.py for tasks to queue
[2023-12-20T22:59:50.953+0000] {logging_mixin.py:188} INFO - [2023-12-20T22:59:50.944+0000] {dagbag.py:538} INFO - Filling up the DagBag from /home/airflow/.local/lib/python3.8/site-packages/airflow/example_dags/example_branch_operator_decorator.py
[2023-12-20T22:59:51.108+0000] {processor.py:840} INFO - DAG(s) 'example_branch_python_operator_decorator' retrieved from /home/airflow/.local/lib/python3.8/site-packages/airflow/example_dags/example_branch_operator_decorator.py
[2023-12-20T22:59:51.358+0000] {logging_mixin.py:188} INFO - [2023-12-20T22:59:51.357+0000] {dag.py:3033} INFO - Sync 1 DAGs
[2023-12-20T22:59:51.892+0000] {logging_mixin.py:188} INFO - [2023-12-20T22:59:51.891+0000] {dag.py:3820} INFO - Setting next_dagrun for example_branch_python_operator_decorator to 2023-12-19T00:00:00+00:00, run_after=2023-12-20T00:00:00+00:00
[2023-12-20T22:59:52.052+0000] {processor.py:183} INFO - Processing /home/airflow/.local/lib/python3.8/site-packages/airflow/example_dags/example_branch_operator_decorator.py took 1.231 seconds
[2023-12-20T23:00:53.209+0000] {processor.py:161} INFO - Started process (PID=2108) to work on /home/airflow/.local/lib/python3.8/site-packages/airflow/example_dags/example_branch_operator_decorator.py
[2023-12-20T23:00:53.215+0000] {processor.py:830} INFO - Processing file /home/airflow/.local/lib/python3.8/site-packages/airflow/example_dags/example_branch_operator_decorator.py for tasks to queue
[2023-12-20T23:00:53.254+0000] {logging_mixin.py:188} INFO - [2023-12-20T23:00:53.236+0000] {dagbag.py:538} INFO - Filling up the DagBag from /home/airflow/.local/lib/python3.8/site-packages/airflow/example_dags/example_branch_operator_decorator.py
[2023-12-20T23:00:53.545+0000] {processor.py:840} INFO - DAG(s) 'example_branch_python_operator_decorator' retrieved from /home/airflow/.local/lib/python3.8/site-packages/airflow/example_dags/example_branch_operator_decorator.py
[2023-12-20T23:00:56.311+0000] {logging_mixin.py:188} INFO - [2023-12-20T23:00:56.299+0000] {dag.py:3033} INFO - Sync 1 DAGs
[2023-12-20T23:00:56.589+0000] {logging_mixin.py:188} INFO - [2023-12-20T23:00:56.588+0000] {dag.py:3820} INFO - Setting next_dagrun for example_branch_python_operator_decorator to 2023-12-19T00:00:00+00:00, run_after=2023-12-20T00:00:00+00:00
[2023-12-20T23:00:56.751+0000] {processor.py:183} INFO - Processing /home/airflow/.local/lib/python3.8/site-packages/airflow/example_dags/example_branch_operator_decorator.py took 3.562 seconds
[2023-12-20T23:01:35.850+0000] {processor.py:161} INFO - Started process (PID=2159) to work on /home/airflow/.local/lib/python3.8/site-packages/airflow/example_dags/example_branch_operator_decorator.py
[2023-12-20T23:01:35.881+0000] {processor.py:830} INFO - Processing file /home/airflow/.local/lib/python3.8/site-packages/airflow/example_dags/example_branch_operator_decorator.py for tasks to queue
[2023-12-20T23:01:37.057+0000] {logging_mixin.py:188} INFO - [2023-12-20T23:01:36.919+0000] {dagbag.py:538} INFO - Filling up the DagBag from /home/airflow/.local/lib/python3.8/site-packages/airflow/example_dags/example_branch_operator_decorator.py
[2023-12-20T23:01:37.811+0000] {processor.py:840} INFO - DAG(s) 'example_branch_python_operator_decorator' retrieved from /home/airflow/.local/lib/python3.8/site-packages/airflow/example_dags/example_branch_operator_decorator.py
[2023-12-20T23:01:38.404+0000] {logging_mixin.py:188} INFO - [2023-12-20T23:01:38.403+0000] {dag.py:3033} INFO - Sync 1 DAGs
[2023-12-20T23:01:38.852+0000] {logging_mixin.py:188} INFO - [2023-12-20T23:01:38.851+0000] {dag.py:3820} INFO - Setting next_dagrun for example_branch_python_operator_decorator to 2023-12-19T00:00:00+00:00, run_after=2023-12-20T00:00:00+00:00
[2023-12-20T23:01:39.031+0000] {processor.py:183} INFO - Processing /home/airflow/.local/lib/python3.8/site-packages/airflow/example_dags/example_branch_operator_decorator.py took 3.247 seconds
[2023-12-20T23:02:55.351+0000] {processor.py:161} INFO - Started process (PID=2234) to work on /home/airflow/.local/lib/python3.8/site-packages/airflow/example_dags/example_branch_operator_decorator.py
[2023-12-20T23:02:55.374+0000] {processor.py:830} INFO - Processing file /home/airflow/.local/lib/python3.8/site-packages/airflow/example_dags/example_branch_operator_decorator.py for tasks to queue
[2023-12-20T23:02:55.422+0000] {logging_mixin.py:188} INFO - [2023-12-20T23:02:55.421+0000] {dagbag.py:538} INFO - Filling up the DagBag from /home/airflow/.local/lib/python3.8/site-packages/airflow/example_dags/example_branch_operator_decorator.py
[2023-12-20T23:02:55.739+0000] {processor.py:840} INFO - DAG(s) 'example_branch_python_operator_decorator' retrieved from /home/airflow/.local/lib/python3.8/site-packages/airflow/example_dags/example_branch_operator_decorator.py
[2023-12-20T23:02:55.964+0000] {logging_mixin.py:188} INFO - [2023-12-20T23:02:55.964+0000] {dag.py:3033} INFO - Sync 1 DAGs
[2023-12-20T23:02:56.147+0000] {logging_mixin.py:188} INFO - [2023-12-20T23:02:56.147+0000] {dag.py:3820} INFO - Setting next_dagrun for example_branch_python_operator_decorator to 2023-12-19T00:00:00+00:00, run_after=2023-12-20T00:00:00+00:00
[2023-12-20T23:02:56.261+0000] {processor.py:183} INFO - Processing /home/airflow/.local/lib/python3.8/site-packages/airflow/example_dags/example_branch_operator_decorator.py took 0.973 seconds
[2023-12-20T23:03:34.807+0000] {processor.py:161} INFO - Started process (PID=2279) to work on /home/airflow/.local/lib/python3.8/site-packages/airflow/example_dags/example_branch_operator_decorator.py
[2023-12-20T23:03:34.822+0000] {processor.py:830} INFO - Processing file /home/airflow/.local/lib/python3.8/site-packages/airflow/example_dags/example_branch_operator_decorator.py for tasks to queue
[2023-12-20T23:03:34.859+0000] {logging_mixin.py:188} INFO - [2023-12-20T23:03:34.850+0000] {dagbag.py:538} INFO - Filling up the DagBag from /home/airflow/.local/lib/python3.8/site-packages/airflow/example_dags/example_branch_operator_decorator.py
[2023-12-20T23:03:36.515+0000] {processor.py:840} INFO - DAG(s) 'example_branch_python_operator_decorator' retrieved from /home/airflow/.local/lib/python3.8/site-packages/airflow/example_dags/example_branch_operator_decorator.py
[2023-12-20T23:03:38.453+0000] {logging_mixin.py:188} INFO - [2023-12-20T23:03:38.432+0000] {dag.py:3033} INFO - Sync 1 DAGs
[2023-12-20T23:03:38.612+0000] {logging_mixin.py:188} INFO - [2023-12-20T23:03:38.604+0000] {dag.py:3820} INFO - Setting next_dagrun for example_branch_python_operator_decorator to 2023-12-19T00:00:00+00:00, run_after=2023-12-20T00:00:00+00:00
[2023-12-20T23:03:38.977+0000] {processor.py:183} INFO - Processing /home/airflow/.local/lib/python3.8/site-packages/airflow/example_dags/example_branch_operator_decorator.py took 4.253 seconds
[2023-12-20T23:06:39.249+0000] {processor.py:161} INFO - Started process (PID=2358) to work on /home/airflow/.local/lib/python3.8/site-packages/airflow/example_dags/example_branch_operator_decorator.py
[2023-12-20T23:06:39.324+0000] {processor.py:830} INFO - Processing file /home/airflow/.local/lib/python3.8/site-packages/airflow/example_dags/example_branch_operator_decorator.py for tasks to queue
[2023-12-20T23:06:39.420+0000] {logging_mixin.py:188} INFO - [2023-12-20T23:06:39.413+0000] {dagbag.py:538} INFO - Filling up the DagBag from /home/airflow/.local/lib/python3.8/site-packages/airflow/example_dags/example_branch_operator_decorator.py
[2023-12-20T23:06:40.722+0000] {processor.py:840} INFO - DAG(s) 'example_branch_python_operator_decorator' retrieved from /home/airflow/.local/lib/python3.8/site-packages/airflow/example_dags/example_branch_operator_decorator.py
[2023-12-20T23:06:42.658+0000] {logging_mixin.py:188} INFO - [2023-12-20T23:06:42.650+0000] {dag.py:3033} INFO - Sync 1 DAGs
[2023-12-20T23:06:43.059+0000] {logging_mixin.py:188} INFO - [2023-12-20T23:06:43.058+0000] {dag.py:3820} INFO - Setting next_dagrun for example_branch_python_operator_decorator to 2023-12-19T00:00:00+00:00, run_after=2023-12-20T00:00:00+00:00
[2023-12-20T23:06:43.371+0000] {processor.py:183} INFO - Processing /home/airflow/.local/lib/python3.8/site-packages/airflow/example_dags/example_branch_operator_decorator.py took 4.216 seconds
[2023-12-20T23:08:19.749+0000] {processor.py:161} INFO - Started process (PID=2420) to work on /home/airflow/.local/lib/python3.8/site-packages/airflow/example_dags/example_branch_operator_decorator.py
[2023-12-20T23:08:19.785+0000] {processor.py:830} INFO - Processing file /home/airflow/.local/lib/python3.8/site-packages/airflow/example_dags/example_branch_operator_decorator.py for tasks to queue
[2023-12-20T23:08:19.866+0000] {logging_mixin.py:188} INFO - [2023-12-20T23:08:19.842+0000] {dagbag.py:538} INFO - Filling up the DagBag from /home/airflow/.local/lib/python3.8/site-packages/airflow/example_dags/example_branch_operator_decorator.py
[2023-12-20T23:08:20.649+0000] {processor.py:840} INFO - DAG(s) 'example_branch_python_operator_decorator' retrieved from /home/airflow/.local/lib/python3.8/site-packages/airflow/example_dags/example_branch_operator_decorator.py
[2023-12-20T23:08:21.182+0000] {logging_mixin.py:188} INFO - [2023-12-20T23:08:21.182+0000] {dag.py:3033} INFO - Sync 1 DAGs
[2023-12-20T23:08:21.665+0000] {logging_mixin.py:188} INFO - [2023-12-20T23:08:21.664+0000] {dag.py:3820} INFO - Setting next_dagrun for example_branch_python_operator_decorator to 2023-12-19T00:00:00+00:00, run_after=2023-12-20T00:00:00+00:00
[2023-12-20T23:08:22.085+0000] {processor.py:183} INFO - Processing /home/airflow/.local/lib/python3.8/site-packages/airflow/example_dags/example_branch_operator_decorator.py took 2.553 seconds
[2023-12-20T23:09:06.521+0000] {processor.py:161} INFO - Started process (PID=2483) to work on /home/airflow/.local/lib/python3.8/site-packages/airflow/example_dags/example_branch_operator_decorator.py
[2023-12-20T23:09:06.543+0000] {processor.py:830} INFO - Processing file /home/airflow/.local/lib/python3.8/site-packages/airflow/example_dags/example_branch_operator_decorator.py for tasks to queue
[2023-12-20T23:09:06.745+0000] {logging_mixin.py:188} INFO - [2023-12-20T23:09:06.606+0000] {dagbag.py:538} INFO - Filling up the DagBag from /home/airflow/.local/lib/python3.8/site-packages/airflow/example_dags/example_branch_operator_decorator.py
[2023-12-20T23:09:07.389+0000] {processor.py:840} INFO - DAG(s) 'example_branch_python_operator_decorator' retrieved from /home/airflow/.local/lib/python3.8/site-packages/airflow/example_dags/example_branch_operator_decorator.py
[2023-12-20T23:09:07.995+0000] {logging_mixin.py:188} INFO - [2023-12-20T23:09:07.993+0000] {dag.py:3033} INFO - Sync 1 DAGs
[2023-12-20T23:09:08.662+0000] {logging_mixin.py:188} INFO - [2023-12-20T23:09:08.659+0000] {dag.py:3820} INFO - Setting next_dagrun for example_branch_python_operator_decorator to 2023-12-19T00:00:00+00:00, run_after=2023-12-20T00:00:00+00:00
[2023-12-20T23:09:09.427+0000] {processor.py:183} INFO - Processing /home/airflow/.local/lib/python3.8/site-packages/airflow/example_dags/example_branch_operator_decorator.py took 3.144 seconds
[2023-12-20T23:10:05.481+0000] {processor.py:161} INFO - Started process (PID=2526) to work on /home/airflow/.local/lib/python3.8/site-packages/airflow/example_dags/example_branch_operator_decorator.py
[2023-12-20T23:10:05.497+0000] {processor.py:830} INFO - Processing file /home/airflow/.local/lib/python3.8/site-packages/airflow/example_dags/example_branch_operator_decorator.py for tasks to queue
[2023-12-20T23:10:05.533+0000] {logging_mixin.py:188} INFO - [2023-12-20T23:10:05.531+0000] {dagbag.py:538} INFO - Filling up the DagBag from /home/airflow/.local/lib/python3.8/site-packages/airflow/example_dags/example_branch_operator_decorator.py
[2023-12-20T23:10:06.177+0000] {processor.py:840} INFO - DAG(s) 'example_branch_python_operator_decorator' retrieved from /home/airflow/.local/lib/python3.8/site-packages/airflow/example_dags/example_branch_operator_decorator.py
[2023-12-20T23:10:07.401+0000] {logging_mixin.py:188} INFO - [2023-12-20T23:10:07.387+0000] {dag.py:3033} INFO - Sync 1 DAGs
[2023-12-20T23:10:09.848+0000] {logging_mixin.py:188} INFO - [2023-12-20T23:10:09.843+0000] {dag.py:3820} INFO - Setting next_dagrun for example_branch_python_operator_decorator to 2023-12-19T00:00:00+00:00, run_after=2023-12-20T00:00:00+00:00
[2023-12-20T23:10:10.779+0000] {processor.py:183} INFO - Processing /home/airflow/.local/lib/python3.8/site-packages/airflow/example_dags/example_branch_operator_decorator.py took 5.342 seconds
[2023-12-20T23:11:28.828+0000] {processor.py:161} INFO - Started process (PID=2577) to work on /home/airflow/.local/lib/python3.8/site-packages/airflow/example_dags/example_branch_operator_decorator.py
[2023-12-20T23:11:28.842+0000] {processor.py:830} INFO - Processing file /home/airflow/.local/lib/python3.8/site-packages/airflow/example_dags/example_branch_operator_decorator.py for tasks to queue
[2023-12-20T23:11:28.867+0000] {logging_mixin.py:188} INFO - [2023-12-20T23:11:28.866+0000] {dagbag.py:538} INFO - Filling up the DagBag from /home/airflow/.local/lib/python3.8/site-packages/airflow/example_dags/example_branch_operator_decorator.py
[2023-12-20T23:11:29.405+0000] {processor.py:840} INFO - DAG(s) 'example_branch_python_operator_decorator' retrieved from /home/airflow/.local/lib/python3.8/site-packages/airflow/example_dags/example_branch_operator_decorator.py
[2023-12-20T23:11:29.827+0000] {logging_mixin.py:188} INFO - [2023-12-20T23:11:29.826+0000] {dag.py:3033} INFO - Sync 1 DAGs
[2023-12-20T23:11:29.955+0000] {logging_mixin.py:188} INFO - [2023-12-20T23:11:29.955+0000] {dag.py:3820} INFO - Setting next_dagrun for example_branch_python_operator_decorator to 2023-12-19T00:00:00+00:00, run_after=2023-12-20T00:00:00+00:00
[2023-12-20T23:11:30.046+0000] {processor.py:183} INFO - Processing /home/airflow/.local/lib/python3.8/site-packages/airflow/example_dags/example_branch_operator_decorator.py took 1.263 seconds
[2023-12-20T23:12:24.005+0000] {processor.py:161} INFO - Started process (PID=2639) to work on /home/airflow/.local/lib/python3.8/site-packages/airflow/example_dags/example_branch_operator_decorator.py
[2023-12-20T23:12:24.038+0000] {processor.py:830} INFO - Processing file /home/airflow/.local/lib/python3.8/site-packages/airflow/example_dags/example_branch_operator_decorator.py for tasks to queue
[2023-12-20T23:12:24.096+0000] {logging_mixin.py:188} INFO - [2023-12-20T23:12:24.093+0000] {dagbag.py:538} INFO - Filling up the DagBag from /home/airflow/.local/lib/python3.8/site-packages/airflow/example_dags/example_branch_operator_decorator.py
[2023-12-20T23:12:24.328+0000] {processor.py:840} INFO - DAG(s) 'example_branch_python_operator_decorator' retrieved from /home/airflow/.local/lib/python3.8/site-packages/airflow/example_dags/example_branch_operator_decorator.py
[2023-12-20T23:12:24.733+0000] {logging_mixin.py:188} INFO - [2023-12-20T23:12:24.732+0000] {dag.py:3033} INFO - Sync 1 DAGs
[2023-12-20T23:12:25.290+0000] {logging_mixin.py:188} INFO - [2023-12-20T23:12:25.289+0000] {dag.py:3820} INFO - Setting next_dagrun for example_branch_python_operator_decorator to 2023-12-19T00:00:00+00:00, run_after=2023-12-20T00:00:00+00:00
[2023-12-20T23:12:25.575+0000] {processor.py:183} INFO - Processing /home/airflow/.local/lib/python3.8/site-packages/airflow/example_dags/example_branch_operator_decorator.py took 1.654 seconds
[2023-12-20T23:12:59.916+0000] {processor.py:161} INFO - Started process (PID=2684) to work on /home/airflow/.local/lib/python3.8/site-packages/airflow/example_dags/example_branch_operator_decorator.py
[2023-12-20T23:12:59.942+0000] {processor.py:830} INFO - Processing file /home/airflow/.local/lib/python3.8/site-packages/airflow/example_dags/example_branch_operator_decorator.py for tasks to queue
[2023-12-20T23:12:59.967+0000] {logging_mixin.py:188} INFO - [2023-12-20T23:12:59.966+0000] {dagbag.py:538} INFO - Filling up the DagBag from /home/airflow/.local/lib/python3.8/site-packages/airflow/example_dags/example_branch_operator_decorator.py
[2023-12-20T23:13:00.277+0000] {processor.py:840} INFO - DAG(s) 'example_branch_python_operator_decorator' retrieved from /home/airflow/.local/lib/python3.8/site-packages/airflow/example_dags/example_branch_operator_decorator.py
[2023-12-20T23:13:00.825+0000] {logging_mixin.py:188} INFO - [2023-12-20T23:13:00.812+0000] {dag.py:3033} INFO - Sync 1 DAGs
[2023-12-20T23:13:01.224+0000] {logging_mixin.py:188} INFO - [2023-12-20T23:13:01.223+0000] {dag.py:3820} INFO - Setting next_dagrun for example_branch_python_operator_decorator to 2023-12-19T00:00:00+00:00, run_after=2023-12-20T00:00:00+00:00
[2023-12-20T23:13:01.579+0000] {processor.py:183} INFO - Processing /home/airflow/.local/lib/python3.8/site-packages/airflow/example_dags/example_branch_operator_decorator.py took 1.759 seconds
[2023-12-20T23:13:47.614+0000] {processor.py:161} INFO - Started process (PID=2725) to work on /home/airflow/.local/lib/python3.8/site-packages/airflow/example_dags/example_branch_operator_decorator.py
[2023-12-20T23:13:47.632+0000] {processor.py:830} INFO - Processing file /home/airflow/.local/lib/python3.8/site-packages/airflow/example_dags/example_branch_operator_decorator.py for tasks to queue
[2023-12-20T23:13:47.663+0000] {logging_mixin.py:188} INFO - [2023-12-20T23:13:47.657+0000] {dagbag.py:538} INFO - Filling up the DagBag from /home/airflow/.local/lib/python3.8/site-packages/airflow/example_dags/example_branch_operator_decorator.py
[2023-12-20T23:13:48.086+0000] {processor.py:840} INFO - DAG(s) 'example_branch_python_operator_decorator' retrieved from /home/airflow/.local/lib/python3.8/site-packages/airflow/example_dags/example_branch_operator_decorator.py
[2023-12-20T23:13:49.274+0000] {logging_mixin.py:188} INFO - [2023-12-20T23:13:49.085+0000] {dag.py:3033} INFO - Sync 1 DAGs
[2023-12-20T23:13:49.689+0000] {logging_mixin.py:188} INFO - [2023-12-20T23:13:49.676+0000] {dag.py:3820} INFO - Setting next_dagrun for example_branch_python_operator_decorator to 2023-12-19T00:00:00+00:00, run_after=2023-12-20T00:00:00+00:00
[2023-12-20T23:13:50.199+0000] {processor.py:183} INFO - Processing /home/airflow/.local/lib/python3.8/site-packages/airflow/example_dags/example_branch_operator_decorator.py took 2.650 seconds
