[2023-12-20T22:38:19.296+0000] {processor.py:161} INFO - Started process (PID=50) to work on /home/airflow/.local/lib/python3.8/site-packages/airflow/example_dags/example_external_task_marker_dag.py
[2023-12-20T22:38:19.308+0000] {processor.py:830} INFO - Processing file /home/airflow/.local/lib/python3.8/site-packages/airflow/example_dags/example_external_task_marker_dag.py for tasks to queue
[2023-12-20T22:38:19.314+0000] {logging_mixin.py:188} INFO - [2023-12-20T22:38:19.313+0000] {dagbag.py:538} INFO - Filling up the DagBag from /home/airflow/.local/lib/python3.8/site-packages/airflow/example_dags/example_external_task_marker_dag.py
[2023-12-20T22:38:19.357+0000] {processor.py:840} INFO - DAG(s) 'example_external_task_marker_child', 'example_external_task_marker_parent' retrieved from /home/airflow/.local/lib/python3.8/site-packages/airflow/example_dags/example_external_task_marker_dag.py
[2023-12-20T22:38:19.943+0000] {logging_mixin.py:188} INFO - [2023-12-20T22:38:19.943+0000] {dag.py:3033} INFO - Sync 2 DAGs
[2023-12-20T22:38:20.104+0000] {logging_mixin.py:188} INFO - [2023-12-20T22:38:20.103+0000] {dag.py:3820} INFO - Setting next_dagrun for example_external_task_marker_child to None, run_after=None
[2023-12-20T22:38:20.168+0000] {logging_mixin.py:188} INFO - [2023-12-20T22:38:20.158+0000] {dag.py:3820} INFO - Setting next_dagrun for example_external_task_marker_parent to None, run_after=None
[2023-12-20T22:38:20.394+0000] {processor.py:183} INFO - Processing /home/airflow/.local/lib/python3.8/site-packages/airflow/example_dags/example_external_task_marker_dag.py took 1.106 seconds
[2023-12-20T22:38:50.971+0000] {processor.py:161} INFO - Started process (PID=105) to work on /home/airflow/.local/lib/python3.8/site-packages/airflow/example_dags/example_external_task_marker_dag.py
[2023-12-20T22:38:50.973+0000] {processor.py:830} INFO - Processing file /home/airflow/.local/lib/python3.8/site-packages/airflow/example_dags/example_external_task_marker_dag.py for tasks to queue
[2023-12-20T22:38:50.976+0000] {logging_mixin.py:188} INFO - [2023-12-20T22:38:50.976+0000] {dagbag.py:538} INFO - Filling up the DagBag from /home/airflow/.local/lib/python3.8/site-packages/airflow/example_dags/example_external_task_marker_dag.py
[2023-12-20T22:38:50.986+0000] {processor.py:840} INFO - DAG(s) 'example_external_task_marker_parent', 'example_external_task_marker_child' retrieved from /home/airflow/.local/lib/python3.8/site-packages/airflow/example_dags/example_external_task_marker_dag.py
[2023-12-20T22:38:51.018+0000] {logging_mixin.py:188} INFO - [2023-12-20T22:38:51.018+0000] {dag.py:3033} INFO - Sync 2 DAGs
[2023-12-20T22:38:51.033+0000] {logging_mixin.py:188} INFO - [2023-12-20T22:38:51.033+0000] {dag.py:3820} INFO - Setting next_dagrun for example_external_task_marker_child to None, run_after=None
[2023-12-20T22:38:51.036+0000] {logging_mixin.py:188} INFO - [2023-12-20T22:38:51.036+0000] {dag.py:3820} INFO - Setting next_dagrun for example_external_task_marker_parent to None, run_after=None
[2023-12-20T22:38:51.049+0000] {processor.py:183} INFO - Processing /home/airflow/.local/lib/python3.8/site-packages/airflow/example_dags/example_external_task_marker_dag.py took 0.083 seconds
[2023-12-20T22:39:21.587+0000] {processor.py:161} INFO - Started process (PID=160) to work on /home/airflow/.local/lib/python3.8/site-packages/airflow/example_dags/example_external_task_marker_dag.py
[2023-12-20T22:39:21.590+0000] {processor.py:830} INFO - Processing file /home/airflow/.local/lib/python3.8/site-packages/airflow/example_dags/example_external_task_marker_dag.py for tasks to queue
[2023-12-20T22:39:21.593+0000] {logging_mixin.py:188} INFO - [2023-12-20T22:39:21.592+0000] {dagbag.py:538} INFO - Filling up the DagBag from /home/airflow/.local/lib/python3.8/site-packages/airflow/example_dags/example_external_task_marker_dag.py
[2023-12-20T22:39:21.599+0000] {processor.py:840} INFO - DAG(s) 'example_external_task_marker_child', 'example_external_task_marker_parent' retrieved from /home/airflow/.local/lib/python3.8/site-packages/airflow/example_dags/example_external_task_marker_dag.py
[2023-12-20T22:39:21.625+0000] {logging_mixin.py:188} INFO - [2023-12-20T22:39:21.625+0000] {dag.py:3033} INFO - Sync 2 DAGs
[2023-12-20T22:39:21.635+0000] {logging_mixin.py:188} INFO - [2023-12-20T22:39:21.635+0000] {dag.py:3820} INFO - Setting next_dagrun for example_external_task_marker_child to None, run_after=None
[2023-12-20T22:39:21.639+0000] {logging_mixin.py:188} INFO - [2023-12-20T22:39:21.639+0000] {dag.py:3820} INFO - Setting next_dagrun for example_external_task_marker_parent to None, run_after=None
[2023-12-20T22:39:21.652+0000] {processor.py:183} INFO - Processing /home/airflow/.local/lib/python3.8/site-packages/airflow/example_dags/example_external_task_marker_dag.py took 0.070 seconds
[2023-12-20T22:39:52.452+0000] {processor.py:161} INFO - Started process (PID=216) to work on /home/airflow/.local/lib/python3.8/site-packages/airflow/example_dags/example_external_task_marker_dag.py
[2023-12-20T22:39:52.459+0000] {processor.py:830} INFO - Processing file /home/airflow/.local/lib/python3.8/site-packages/airflow/example_dags/example_external_task_marker_dag.py for tasks to queue
[2023-12-20T22:39:52.463+0000] {logging_mixin.py:188} INFO - [2023-12-20T22:39:52.462+0000] {dagbag.py:538} INFO - Filling up the DagBag from /home/airflow/.local/lib/python3.8/site-packages/airflow/example_dags/example_external_task_marker_dag.py
[2023-12-20T22:39:52.470+0000] {processor.py:840} INFO - DAG(s) 'example_external_task_marker_child', 'example_external_task_marker_parent' retrieved from /home/airflow/.local/lib/python3.8/site-packages/airflow/example_dags/example_external_task_marker_dag.py
[2023-12-20T22:39:52.499+0000] {logging_mixin.py:188} INFO - [2023-12-20T22:39:52.499+0000] {dag.py:3033} INFO - Sync 2 DAGs
[2023-12-20T22:39:52.511+0000] {logging_mixin.py:188} INFO - [2023-12-20T22:39:52.511+0000] {dag.py:3820} INFO - Setting next_dagrun for example_external_task_marker_child to None, run_after=None
[2023-12-20T22:39:52.514+0000] {logging_mixin.py:188} INFO - [2023-12-20T22:39:52.514+0000] {dag.py:3820} INFO - Setting next_dagrun for example_external_task_marker_parent to None, run_after=None
[2023-12-20T22:39:52.527+0000] {processor.py:183} INFO - Processing /home/airflow/.local/lib/python3.8/site-packages/airflow/example_dags/example_external_task_marker_dag.py took 0.082 seconds
[2023-12-20T22:40:22.882+0000] {processor.py:161} INFO - Started process (PID=271) to work on /home/airflow/.local/lib/python3.8/site-packages/airflow/example_dags/example_external_task_marker_dag.py
[2023-12-20T22:40:22.888+0000] {processor.py:830} INFO - Processing file /home/airflow/.local/lib/python3.8/site-packages/airflow/example_dags/example_external_task_marker_dag.py for tasks to queue
[2023-12-20T22:40:22.898+0000] {logging_mixin.py:188} INFO - [2023-12-20T22:40:22.897+0000] {dagbag.py:538} INFO - Filling up the DagBag from /home/airflow/.local/lib/python3.8/site-packages/airflow/example_dags/example_external_task_marker_dag.py
[2023-12-20T22:40:22.912+0000] {processor.py:840} INFO - DAG(s) 'example_external_task_marker_child', 'example_external_task_marker_parent' retrieved from /home/airflow/.local/lib/python3.8/site-packages/airflow/example_dags/example_external_task_marker_dag.py
[2023-12-20T22:40:22.976+0000] {logging_mixin.py:188} INFO - [2023-12-20T22:40:22.976+0000] {dag.py:3033} INFO - Sync 2 DAGs
[2023-12-20T22:40:23.002+0000] {logging_mixin.py:188} INFO - [2023-12-20T22:40:23.002+0000] {dag.py:3820} INFO - Setting next_dagrun for example_external_task_marker_child to None, run_after=None
[2023-12-20T22:40:23.008+0000] {logging_mixin.py:188} INFO - [2023-12-20T22:40:23.008+0000] {dag.py:3820} INFO - Setting next_dagrun for example_external_task_marker_parent to None, run_after=None
[2023-12-20T22:40:23.025+0000] {processor.py:183} INFO - Processing /home/airflow/.local/lib/python3.8/site-packages/airflow/example_dags/example_external_task_marker_dag.py took 0.153 seconds
[2023-12-20T22:40:53.141+0000] {processor.py:161} INFO - Started process (PID=326) to work on /home/airflow/.local/lib/python3.8/site-packages/airflow/example_dags/example_external_task_marker_dag.py
[2023-12-20T22:40:53.143+0000] {processor.py:830} INFO - Processing file /home/airflow/.local/lib/python3.8/site-packages/airflow/example_dags/example_external_task_marker_dag.py for tasks to queue
[2023-12-20T22:40:53.146+0000] {logging_mixin.py:188} INFO - [2023-12-20T22:40:53.146+0000] {dagbag.py:538} INFO - Filling up the DagBag from /home/airflow/.local/lib/python3.8/site-packages/airflow/example_dags/example_external_task_marker_dag.py
[2023-12-20T22:40:53.154+0000] {processor.py:840} INFO - DAG(s) 'example_external_task_marker_parent', 'example_external_task_marker_child' retrieved from /home/airflow/.local/lib/python3.8/site-packages/airflow/example_dags/example_external_task_marker_dag.py
[2023-12-20T22:40:53.180+0000] {logging_mixin.py:188} INFO - [2023-12-20T22:40:53.179+0000] {dag.py:3033} INFO - Sync 2 DAGs
[2023-12-20T22:40:53.191+0000] {logging_mixin.py:188} INFO - [2023-12-20T22:40:53.190+0000] {dag.py:3820} INFO - Setting next_dagrun for example_external_task_marker_child to None, run_after=None
[2023-12-20T22:40:53.194+0000] {logging_mixin.py:188} INFO - [2023-12-20T22:40:53.193+0000] {dag.py:3820} INFO - Setting next_dagrun for example_external_task_marker_parent to None, run_after=None
[2023-12-20T22:40:53.205+0000] {processor.py:183} INFO - Processing /home/airflow/.local/lib/python3.8/site-packages/airflow/example_dags/example_external_task_marker_dag.py took 0.069 seconds
[2023-12-20T22:41:23.445+0000] {processor.py:161} INFO - Started process (PID=380) to work on /home/airflow/.local/lib/python3.8/site-packages/airflow/example_dags/example_external_task_marker_dag.py
[2023-12-20T22:41:23.447+0000] {processor.py:830} INFO - Processing file /home/airflow/.local/lib/python3.8/site-packages/airflow/example_dags/example_external_task_marker_dag.py for tasks to queue
[2023-12-20T22:41:23.450+0000] {logging_mixin.py:188} INFO - [2023-12-20T22:41:23.449+0000] {dagbag.py:538} INFO - Filling up the DagBag from /home/airflow/.local/lib/python3.8/site-packages/airflow/example_dags/example_external_task_marker_dag.py
[2023-12-20T22:41:23.456+0000] {processor.py:840} INFO - DAG(s) 'example_external_task_marker_parent', 'example_external_task_marker_child' retrieved from /home/airflow/.local/lib/python3.8/site-packages/airflow/example_dags/example_external_task_marker_dag.py
[2023-12-20T22:41:23.482+0000] {logging_mixin.py:188} INFO - [2023-12-20T22:41:23.482+0000] {dag.py:3033} INFO - Sync 2 DAGs
[2023-12-20T22:41:23.493+0000] {logging_mixin.py:188} INFO - [2023-12-20T22:41:23.493+0000] {dag.py:3820} INFO - Setting next_dagrun for example_external_task_marker_child to None, run_after=None
[2023-12-20T22:41:23.496+0000] {logging_mixin.py:188} INFO - [2023-12-20T22:41:23.496+0000] {dag.py:3820} INFO - Setting next_dagrun for example_external_task_marker_parent to None, run_after=None
[2023-12-20T22:41:23.508+0000] {processor.py:183} INFO - Processing /home/airflow/.local/lib/python3.8/site-packages/airflow/example_dags/example_external_task_marker_dag.py took 0.068 seconds
[2023-12-20T22:41:53.713+0000] {processor.py:161} INFO - Started process (PID=435) to work on /home/airflow/.local/lib/python3.8/site-packages/airflow/example_dags/example_external_task_marker_dag.py
[2023-12-20T22:41:53.716+0000] {processor.py:830} INFO - Processing file /home/airflow/.local/lib/python3.8/site-packages/airflow/example_dags/example_external_task_marker_dag.py for tasks to queue
[2023-12-20T22:41:53.721+0000] {logging_mixin.py:188} INFO - [2023-12-20T22:41:53.720+0000] {dagbag.py:538} INFO - Filling up the DagBag from /home/airflow/.local/lib/python3.8/site-packages/airflow/example_dags/example_external_task_marker_dag.py
[2023-12-20T22:41:53.728+0000] {processor.py:840} INFO - DAG(s) 'example_external_task_marker_child', 'example_external_task_marker_parent' retrieved from /home/airflow/.local/lib/python3.8/site-packages/airflow/example_dags/example_external_task_marker_dag.py
[2023-12-20T22:41:53.786+0000] {logging_mixin.py:188} INFO - [2023-12-20T22:41:53.786+0000] {dag.py:3033} INFO - Sync 2 DAGs
[2023-12-20T22:41:53.803+0000] {logging_mixin.py:188} INFO - [2023-12-20T22:41:53.803+0000] {dag.py:3820} INFO - Setting next_dagrun for example_external_task_marker_child to None, run_after=None
[2023-12-20T22:41:53.806+0000] {logging_mixin.py:188} INFO - [2023-12-20T22:41:53.806+0000] {dag.py:3820} INFO - Setting next_dagrun for example_external_task_marker_parent to None, run_after=None
[2023-12-20T22:41:53.819+0000] {processor.py:183} INFO - Processing /home/airflow/.local/lib/python3.8/site-packages/airflow/example_dags/example_external_task_marker_dag.py took 0.112 seconds
[2023-12-20T22:42:23.969+0000] {processor.py:161} INFO - Started process (PID=490) to work on /home/airflow/.local/lib/python3.8/site-packages/airflow/example_dags/example_external_task_marker_dag.py
[2023-12-20T22:42:23.971+0000] {processor.py:830} INFO - Processing file /home/airflow/.local/lib/python3.8/site-packages/airflow/example_dags/example_external_task_marker_dag.py for tasks to queue
[2023-12-20T22:42:23.975+0000] {logging_mixin.py:188} INFO - [2023-12-20T22:42:23.975+0000] {dagbag.py:538} INFO - Filling up the DagBag from /home/airflow/.local/lib/python3.8/site-packages/airflow/example_dags/example_external_task_marker_dag.py
[2023-12-20T22:42:23.983+0000] {processor.py:840} INFO - DAG(s) 'example_external_task_marker_parent', 'example_external_task_marker_child' retrieved from /home/airflow/.local/lib/python3.8/site-packages/airflow/example_dags/example_external_task_marker_dag.py
[2023-12-20T22:42:24.010+0000] {logging_mixin.py:188} INFO - [2023-12-20T22:42:24.010+0000] {dag.py:3033} INFO - Sync 2 DAGs
[2023-12-20T22:42:24.022+0000] {logging_mixin.py:188} INFO - [2023-12-20T22:42:24.022+0000] {dag.py:3820} INFO - Setting next_dagrun for example_external_task_marker_child to None, run_after=None
[2023-12-20T22:42:24.025+0000] {logging_mixin.py:188} INFO - [2023-12-20T22:42:24.025+0000] {dag.py:3820} INFO - Setting next_dagrun for example_external_task_marker_parent to None, run_after=None
[2023-12-20T22:42:24.037+0000] {processor.py:183} INFO - Processing /home/airflow/.local/lib/python3.8/site-packages/airflow/example_dags/example_external_task_marker_dag.py took 0.073 seconds
[2023-12-20T22:42:54.370+0000] {processor.py:161} INFO - Started process (PID=544) to work on /home/airflow/.local/lib/python3.8/site-packages/airflow/example_dags/example_external_task_marker_dag.py
[2023-12-20T22:42:54.372+0000] {processor.py:830} INFO - Processing file /home/airflow/.local/lib/python3.8/site-packages/airflow/example_dags/example_external_task_marker_dag.py for tasks to queue
[2023-12-20T22:42:54.374+0000] {logging_mixin.py:188} INFO - [2023-12-20T22:42:54.374+0000] {dagbag.py:538} INFO - Filling up the DagBag from /home/airflow/.local/lib/python3.8/site-packages/airflow/example_dags/example_external_task_marker_dag.py
[2023-12-20T22:42:54.382+0000] {processor.py:840} INFO - DAG(s) 'example_external_task_marker_child', 'example_external_task_marker_parent' retrieved from /home/airflow/.local/lib/python3.8/site-packages/airflow/example_dags/example_external_task_marker_dag.py
[2023-12-20T22:42:54.406+0000] {logging_mixin.py:188} INFO - [2023-12-20T22:42:54.406+0000] {dag.py:3033} INFO - Sync 2 DAGs
[2023-12-20T22:42:54.417+0000] {logging_mixin.py:188} INFO - [2023-12-20T22:42:54.417+0000] {dag.py:3820} INFO - Setting next_dagrun for example_external_task_marker_child to None, run_after=None
[2023-12-20T22:42:54.419+0000] {logging_mixin.py:188} INFO - [2023-12-20T22:42:54.419+0000] {dag.py:3820} INFO - Setting next_dagrun for example_external_task_marker_parent to None, run_after=None
[2023-12-20T22:42:54.431+0000] {processor.py:183} INFO - Processing /home/airflow/.local/lib/python3.8/site-packages/airflow/example_dags/example_external_task_marker_dag.py took 0.065 seconds
[2023-12-20T22:43:24.769+0000] {processor.py:161} INFO - Started process (PID=599) to work on /home/airflow/.local/lib/python3.8/site-packages/airflow/example_dags/example_external_task_marker_dag.py
[2023-12-20T22:43:24.771+0000] {processor.py:830} INFO - Processing file /home/airflow/.local/lib/python3.8/site-packages/airflow/example_dags/example_external_task_marker_dag.py for tasks to queue
[2023-12-20T22:43:24.774+0000] {logging_mixin.py:188} INFO - [2023-12-20T22:43:24.773+0000] {dagbag.py:538} INFO - Filling up the DagBag from /home/airflow/.local/lib/python3.8/site-packages/airflow/example_dags/example_external_task_marker_dag.py
[2023-12-20T22:43:24.780+0000] {processor.py:840} INFO - DAG(s) 'example_external_task_marker_parent', 'example_external_task_marker_child' retrieved from /home/airflow/.local/lib/python3.8/site-packages/airflow/example_dags/example_external_task_marker_dag.py
[2023-12-20T22:43:24.804+0000] {logging_mixin.py:188} INFO - [2023-12-20T22:43:24.804+0000] {dag.py:3033} INFO - Sync 2 DAGs
[2023-12-20T22:43:24.815+0000] {logging_mixin.py:188} INFO - [2023-12-20T22:43:24.815+0000] {dag.py:3820} INFO - Setting next_dagrun for example_external_task_marker_child to None, run_after=None
[2023-12-20T22:43:24.818+0000] {logging_mixin.py:188} INFO - [2023-12-20T22:43:24.818+0000] {dag.py:3820} INFO - Setting next_dagrun for example_external_task_marker_parent to None, run_after=None
[2023-12-20T22:43:24.829+0000] {processor.py:183} INFO - Processing /home/airflow/.local/lib/python3.8/site-packages/airflow/example_dags/example_external_task_marker_dag.py took 0.063 seconds
[2023-12-20T22:43:55.187+0000] {processor.py:161} INFO - Started process (PID=654) to work on /home/airflow/.local/lib/python3.8/site-packages/airflow/example_dags/example_external_task_marker_dag.py
[2023-12-20T22:43:55.188+0000] {processor.py:830} INFO - Processing file /home/airflow/.local/lib/python3.8/site-packages/airflow/example_dags/example_external_task_marker_dag.py for tasks to queue
[2023-12-20T22:43:55.191+0000] {logging_mixin.py:188} INFO - [2023-12-20T22:43:55.191+0000] {dagbag.py:538} INFO - Filling up the DagBag from /home/airflow/.local/lib/python3.8/site-packages/airflow/example_dags/example_external_task_marker_dag.py
[2023-12-20T22:43:55.198+0000] {processor.py:840} INFO - DAG(s) 'example_external_task_marker_parent', 'example_external_task_marker_child' retrieved from /home/airflow/.local/lib/python3.8/site-packages/airflow/example_dags/example_external_task_marker_dag.py
[2023-12-20T22:43:55.221+0000] {logging_mixin.py:188} INFO - [2023-12-20T22:43:55.221+0000] {dag.py:3033} INFO - Sync 2 DAGs
[2023-12-20T22:43:55.232+0000] {logging_mixin.py:188} INFO - [2023-12-20T22:43:55.232+0000] {dag.py:3820} INFO - Setting next_dagrun for example_external_task_marker_child to None, run_after=None
[2023-12-20T22:43:55.235+0000] {logging_mixin.py:188} INFO - [2023-12-20T22:43:55.235+0000] {dag.py:3820} INFO - Setting next_dagrun for example_external_task_marker_parent to None, run_after=None
[2023-12-20T22:43:55.246+0000] {processor.py:183} INFO - Processing /home/airflow/.local/lib/python3.8/site-packages/airflow/example_dags/example_external_task_marker_dag.py took 0.063 seconds
[2023-12-20T22:44:25.530+0000] {processor.py:161} INFO - Started process (PID=709) to work on /home/airflow/.local/lib/python3.8/site-packages/airflow/example_dags/example_external_task_marker_dag.py
[2023-12-20T22:44:25.532+0000] {processor.py:830} INFO - Processing file /home/airflow/.local/lib/python3.8/site-packages/airflow/example_dags/example_external_task_marker_dag.py for tasks to queue
[2023-12-20T22:44:25.535+0000] {logging_mixin.py:188} INFO - [2023-12-20T22:44:25.534+0000] {dagbag.py:538} INFO - Filling up the DagBag from /home/airflow/.local/lib/python3.8/site-packages/airflow/example_dags/example_external_task_marker_dag.py
[2023-12-20T22:44:25.542+0000] {processor.py:840} INFO - DAG(s) 'example_external_task_marker_parent', 'example_external_task_marker_child' retrieved from /home/airflow/.local/lib/python3.8/site-packages/airflow/example_dags/example_external_task_marker_dag.py
[2023-12-20T22:44:25.566+0000] {logging_mixin.py:188} INFO - [2023-12-20T22:44:25.566+0000] {dag.py:3033} INFO - Sync 2 DAGs
[2023-12-20T22:44:25.578+0000] {logging_mixin.py:188} INFO - [2023-12-20T22:44:25.578+0000] {dag.py:3820} INFO - Setting next_dagrun for example_external_task_marker_child to None, run_after=None
[2023-12-20T22:44:25.582+0000] {logging_mixin.py:188} INFO - [2023-12-20T22:44:25.582+0000] {dag.py:3820} INFO - Setting next_dagrun for example_external_task_marker_parent to None, run_after=None
[2023-12-20T22:44:25.594+0000] {processor.py:183} INFO - Processing /home/airflow/.local/lib/python3.8/site-packages/airflow/example_dags/example_external_task_marker_dag.py took 0.068 seconds
[2023-12-20T22:44:56.343+0000] {processor.py:161} INFO - Started process (PID=764) to work on /home/airflow/.local/lib/python3.8/site-packages/airflow/example_dags/example_external_task_marker_dag.py
[2023-12-20T22:44:56.344+0000] {processor.py:830} INFO - Processing file /home/airflow/.local/lib/python3.8/site-packages/airflow/example_dags/example_external_task_marker_dag.py for tasks to queue
[2023-12-20T22:44:56.348+0000] {logging_mixin.py:188} INFO - [2023-12-20T22:44:56.347+0000] {dagbag.py:538} INFO - Filling up the DagBag from /home/airflow/.local/lib/python3.8/site-packages/airflow/example_dags/example_external_task_marker_dag.py
[2023-12-20T22:44:56.354+0000] {processor.py:840} INFO - DAG(s) 'example_external_task_marker_child', 'example_external_task_marker_parent' retrieved from /home/airflow/.local/lib/python3.8/site-packages/airflow/example_dags/example_external_task_marker_dag.py
[2023-12-20T22:44:56.380+0000] {logging_mixin.py:188} INFO - [2023-12-20T22:44:56.380+0000] {dag.py:3033} INFO - Sync 2 DAGs
[2023-12-20T22:44:56.394+0000] {logging_mixin.py:188} INFO - [2023-12-20T22:44:56.394+0000] {dag.py:3820} INFO - Setting next_dagrun for example_external_task_marker_child to None, run_after=None
[2023-12-20T22:44:56.397+0000] {logging_mixin.py:188} INFO - [2023-12-20T22:44:56.397+0000] {dag.py:3820} INFO - Setting next_dagrun for example_external_task_marker_parent to None, run_after=None
[2023-12-20T22:44:56.409+0000] {processor.py:183} INFO - Processing /home/airflow/.local/lib/python3.8/site-packages/airflow/example_dags/example_external_task_marker_dag.py took 0.071 seconds
[2023-12-20T22:45:26.718+0000] {processor.py:161} INFO - Started process (PID=820) to work on /home/airflow/.local/lib/python3.8/site-packages/airflow/example_dags/example_external_task_marker_dag.py
[2023-12-20T22:45:26.719+0000] {processor.py:830} INFO - Processing file /home/airflow/.local/lib/python3.8/site-packages/airflow/example_dags/example_external_task_marker_dag.py for tasks to queue
[2023-12-20T22:45:26.723+0000] {logging_mixin.py:188} INFO - [2023-12-20T22:45:26.722+0000] {dagbag.py:538} INFO - Filling up the DagBag from /home/airflow/.local/lib/python3.8/site-packages/airflow/example_dags/example_external_task_marker_dag.py
[2023-12-20T22:45:26.731+0000] {processor.py:840} INFO - DAG(s) 'example_external_task_marker_parent', 'example_external_task_marker_child' retrieved from /home/airflow/.local/lib/python3.8/site-packages/airflow/example_dags/example_external_task_marker_dag.py
[2023-12-20T22:45:26.756+0000] {logging_mixin.py:188} INFO - [2023-12-20T22:45:26.756+0000] {dag.py:3033} INFO - Sync 2 DAGs
[2023-12-20T22:45:26.767+0000] {logging_mixin.py:188} INFO - [2023-12-20T22:45:26.767+0000] {dag.py:3820} INFO - Setting next_dagrun for example_external_task_marker_child to None, run_after=None
[2023-12-20T22:45:26.770+0000] {logging_mixin.py:188} INFO - [2023-12-20T22:45:26.770+0000] {dag.py:3820} INFO - Setting next_dagrun for example_external_task_marker_parent to None, run_after=None
[2023-12-20T22:45:26.782+0000] {processor.py:183} INFO - Processing /home/airflow/.local/lib/python3.8/site-packages/airflow/example_dags/example_external_task_marker_dag.py took 0.068 seconds
[2023-12-20T22:45:57.267+0000] {processor.py:161} INFO - Started process (PID=875) to work on /home/airflow/.local/lib/python3.8/site-packages/airflow/example_dags/example_external_task_marker_dag.py
[2023-12-20T22:45:57.269+0000] {processor.py:830} INFO - Processing file /home/airflow/.local/lib/python3.8/site-packages/airflow/example_dags/example_external_task_marker_dag.py for tasks to queue
[2023-12-20T22:45:57.276+0000] {logging_mixin.py:188} INFO - [2023-12-20T22:45:57.275+0000] {dagbag.py:538} INFO - Filling up the DagBag from /home/airflow/.local/lib/python3.8/site-packages/airflow/example_dags/example_external_task_marker_dag.py
[2023-12-20T22:45:57.285+0000] {processor.py:840} INFO - DAG(s) 'example_external_task_marker_parent', 'example_external_task_marker_child' retrieved from /home/airflow/.local/lib/python3.8/site-packages/airflow/example_dags/example_external_task_marker_dag.py
[2023-12-20T22:45:57.317+0000] {logging_mixin.py:188} INFO - [2023-12-20T22:45:57.316+0000] {dag.py:3033} INFO - Sync 2 DAGs
[2023-12-20T22:45:57.330+0000] {logging_mixin.py:188} INFO - [2023-12-20T22:45:57.330+0000] {dag.py:3820} INFO - Setting next_dagrun for example_external_task_marker_child to None, run_after=None
[2023-12-20T22:45:57.334+0000] {logging_mixin.py:188} INFO - [2023-12-20T22:45:57.334+0000] {dag.py:3820} INFO - Setting next_dagrun for example_external_task_marker_parent to None, run_after=None
[2023-12-20T22:45:57.348+0000] {processor.py:183} INFO - Processing /home/airflow/.local/lib/python3.8/site-packages/airflow/example_dags/example_external_task_marker_dag.py took 0.088 seconds
[2023-12-20T22:46:28.219+0000] {processor.py:161} INFO - Started process (PID=930) to work on /home/airflow/.local/lib/python3.8/site-packages/airflow/example_dags/example_external_task_marker_dag.py
[2023-12-20T22:46:28.220+0000] {processor.py:830} INFO - Processing file /home/airflow/.local/lib/python3.8/site-packages/airflow/example_dags/example_external_task_marker_dag.py for tasks to queue
[2023-12-20T22:46:28.223+0000] {logging_mixin.py:188} INFO - [2023-12-20T22:46:28.223+0000] {dagbag.py:538} INFO - Filling up the DagBag from /home/airflow/.local/lib/python3.8/site-packages/airflow/example_dags/example_external_task_marker_dag.py
[2023-12-20T22:46:28.231+0000] {processor.py:840} INFO - DAG(s) 'example_external_task_marker_child', 'example_external_task_marker_parent' retrieved from /home/airflow/.local/lib/python3.8/site-packages/airflow/example_dags/example_external_task_marker_dag.py
[2023-12-20T22:46:28.256+0000] {logging_mixin.py:188} INFO - [2023-12-20T22:46:28.256+0000] {dag.py:3033} INFO - Sync 2 DAGs
[2023-12-20T22:46:28.267+0000] {logging_mixin.py:188} INFO - [2023-12-20T22:46:28.267+0000] {dag.py:3820} INFO - Setting next_dagrun for example_external_task_marker_child to None, run_after=None
[2023-12-20T22:46:28.270+0000] {logging_mixin.py:188} INFO - [2023-12-20T22:46:28.270+0000] {dag.py:3820} INFO - Setting next_dagrun for example_external_task_marker_parent to None, run_after=None
[2023-12-20T22:46:28.282+0000] {processor.py:183} INFO - Processing /home/airflow/.local/lib/python3.8/site-packages/airflow/example_dags/example_external_task_marker_dag.py took 0.067 seconds
[2023-12-20T22:46:59.050+0000] {processor.py:161} INFO - Started process (PID=985) to work on /home/airflow/.local/lib/python3.8/site-packages/airflow/example_dags/example_external_task_marker_dag.py
[2023-12-20T22:46:59.051+0000] {processor.py:830} INFO - Processing file /home/airflow/.local/lib/python3.8/site-packages/airflow/example_dags/example_external_task_marker_dag.py for tasks to queue
[2023-12-20T22:46:59.054+0000] {logging_mixin.py:188} INFO - [2023-12-20T22:46:59.054+0000] {dagbag.py:538} INFO - Filling up the DagBag from /home/airflow/.local/lib/python3.8/site-packages/airflow/example_dags/example_external_task_marker_dag.py
[2023-12-20T22:46:59.061+0000] {processor.py:840} INFO - DAG(s) 'example_external_task_marker_parent', 'example_external_task_marker_child' retrieved from /home/airflow/.local/lib/python3.8/site-packages/airflow/example_dags/example_external_task_marker_dag.py
[2023-12-20T22:46:59.084+0000] {logging_mixin.py:188} INFO - [2023-12-20T22:46:59.084+0000] {dag.py:3033} INFO - Sync 2 DAGs
[2023-12-20T22:46:59.095+0000] {logging_mixin.py:188} INFO - [2023-12-20T22:46:59.095+0000] {dag.py:3820} INFO - Setting next_dagrun for example_external_task_marker_child to None, run_after=None
[2023-12-20T22:46:59.099+0000] {logging_mixin.py:188} INFO - [2023-12-20T22:46:59.099+0000] {dag.py:3820} INFO - Setting next_dagrun for example_external_task_marker_parent to None, run_after=None
[2023-12-20T22:46:59.111+0000] {processor.py:183} INFO - Processing /home/airflow/.local/lib/python3.8/site-packages/airflow/example_dags/example_external_task_marker_dag.py took 0.064 seconds
[2023-12-20T22:47:29.431+0000] {processor.py:161} INFO - Started process (PID=1040) to work on /home/airflow/.local/lib/python3.8/site-packages/airflow/example_dags/example_external_task_marker_dag.py
[2023-12-20T22:47:29.433+0000] {processor.py:830} INFO - Processing file /home/airflow/.local/lib/python3.8/site-packages/airflow/example_dags/example_external_task_marker_dag.py for tasks to queue
[2023-12-20T22:47:29.435+0000] {logging_mixin.py:188} INFO - [2023-12-20T22:47:29.435+0000] {dagbag.py:538} INFO - Filling up the DagBag from /home/airflow/.local/lib/python3.8/site-packages/airflow/example_dags/example_external_task_marker_dag.py
[2023-12-20T22:47:29.441+0000] {processor.py:840} INFO - DAG(s) 'example_external_task_marker_child', 'example_external_task_marker_parent' retrieved from /home/airflow/.local/lib/python3.8/site-packages/airflow/example_dags/example_external_task_marker_dag.py
[2023-12-20T22:47:29.466+0000] {logging_mixin.py:188} INFO - [2023-12-20T22:47:29.465+0000] {dag.py:3033} INFO - Sync 2 DAGs
[2023-12-20T22:47:29.477+0000] {logging_mixin.py:188} INFO - [2023-12-20T22:47:29.477+0000] {dag.py:3820} INFO - Setting next_dagrun for example_external_task_marker_child to None, run_after=None
[2023-12-20T22:47:29.481+0000] {logging_mixin.py:188} INFO - [2023-12-20T22:47:29.481+0000] {dag.py:3820} INFO - Setting next_dagrun for example_external_task_marker_parent to None, run_after=None
[2023-12-20T22:47:29.495+0000] {processor.py:183} INFO - Processing /home/airflow/.local/lib/python3.8/site-packages/airflow/example_dags/example_external_task_marker_dag.py took 0.067 seconds
[2023-12-20T22:48:00.235+0000] {processor.py:161} INFO - Started process (PID=1094) to work on /home/airflow/.local/lib/python3.8/site-packages/airflow/example_dags/example_external_task_marker_dag.py
[2023-12-20T22:48:00.237+0000] {processor.py:830} INFO - Processing file /home/airflow/.local/lib/python3.8/site-packages/airflow/example_dags/example_external_task_marker_dag.py for tasks to queue
[2023-12-20T22:48:00.240+0000] {logging_mixin.py:188} INFO - [2023-12-20T22:48:00.240+0000] {dagbag.py:538} INFO - Filling up the DagBag from /home/airflow/.local/lib/python3.8/site-packages/airflow/example_dags/example_external_task_marker_dag.py
[2023-12-20T22:48:00.247+0000] {processor.py:840} INFO - DAG(s) 'example_external_task_marker_parent', 'example_external_task_marker_child' retrieved from /home/airflow/.local/lib/python3.8/site-packages/airflow/example_dags/example_external_task_marker_dag.py
[2023-12-20T22:48:00.274+0000] {logging_mixin.py:188} INFO - [2023-12-20T22:48:00.273+0000] {dag.py:3033} INFO - Sync 2 DAGs
[2023-12-20T22:48:00.285+0000] {logging_mixin.py:188} INFO - [2023-12-20T22:48:00.285+0000] {dag.py:3820} INFO - Setting next_dagrun for example_external_task_marker_child to None, run_after=None
[2023-12-20T22:48:00.288+0000] {logging_mixin.py:188} INFO - [2023-12-20T22:48:00.288+0000] {dag.py:3820} INFO - Setting next_dagrun for example_external_task_marker_parent to None, run_after=None
[2023-12-20T22:48:00.300+0000] {processor.py:183} INFO - Processing /home/airflow/.local/lib/python3.8/site-packages/airflow/example_dags/example_external_task_marker_dag.py took 0.069 seconds
[2023-12-20T22:48:30.725+0000] {processor.py:161} INFO - Started process (PID=1147) to work on /home/airflow/.local/lib/python3.8/site-packages/airflow/example_dags/example_external_task_marker_dag.py
[2023-12-20T22:48:30.727+0000] {processor.py:830} INFO - Processing file /home/airflow/.local/lib/python3.8/site-packages/airflow/example_dags/example_external_task_marker_dag.py for tasks to queue
[2023-12-20T22:48:30.731+0000] {logging_mixin.py:188} INFO - [2023-12-20T22:48:30.730+0000] {dagbag.py:538} INFO - Filling up the DagBag from /home/airflow/.local/lib/python3.8/site-packages/airflow/example_dags/example_external_task_marker_dag.py
[2023-12-20T22:48:30.741+0000] {processor.py:840} INFO - DAG(s) 'example_external_task_marker_parent', 'example_external_task_marker_child' retrieved from /home/airflow/.local/lib/python3.8/site-packages/airflow/example_dags/example_external_task_marker_dag.py
[2023-12-20T22:48:30.774+0000] {logging_mixin.py:188} INFO - [2023-12-20T22:48:30.774+0000] {dag.py:3033} INFO - Sync 2 DAGs
[2023-12-20T22:48:30.795+0000] {logging_mixin.py:188} INFO - [2023-12-20T22:48:30.795+0000] {dag.py:3820} INFO - Setting next_dagrun for example_external_task_marker_child to None, run_after=None
[2023-12-20T22:48:30.799+0000] {logging_mixin.py:188} INFO - [2023-12-20T22:48:30.799+0000] {dag.py:3820} INFO - Setting next_dagrun for example_external_task_marker_parent to None, run_after=None
[2023-12-20T22:48:30.813+0000] {processor.py:183} INFO - Processing /home/airflow/.local/lib/python3.8/site-packages/airflow/example_dags/example_external_task_marker_dag.py took 0.094 seconds
[2023-12-20T22:49:00.933+0000] {processor.py:161} INFO - Started process (PID=1201) to work on /home/airflow/.local/lib/python3.8/site-packages/airflow/example_dags/example_external_task_marker_dag.py
[2023-12-20T22:49:00.937+0000] {processor.py:830} INFO - Processing file /home/airflow/.local/lib/python3.8/site-packages/airflow/example_dags/example_external_task_marker_dag.py for tasks to queue
[2023-12-20T22:49:00.941+0000] {logging_mixin.py:188} INFO - [2023-12-20T22:49:00.941+0000] {dagbag.py:538} INFO - Filling up the DagBag from /home/airflow/.local/lib/python3.8/site-packages/airflow/example_dags/example_external_task_marker_dag.py
[2023-12-20T22:49:00.948+0000] {processor.py:840} INFO - DAG(s) 'example_external_task_marker_parent', 'example_external_task_marker_child' retrieved from /home/airflow/.local/lib/python3.8/site-packages/airflow/example_dags/example_external_task_marker_dag.py
[2023-12-20T22:49:00.976+0000] {logging_mixin.py:188} INFO - [2023-12-20T22:49:00.976+0000] {dag.py:3033} INFO - Sync 2 DAGs
[2023-12-20T22:49:00.988+0000] {logging_mixin.py:188} INFO - [2023-12-20T22:49:00.988+0000] {dag.py:3820} INFO - Setting next_dagrun for example_external_task_marker_child to None, run_after=None
[2023-12-20T22:49:00.992+0000] {logging_mixin.py:188} INFO - [2023-12-20T22:49:00.991+0000] {dag.py:3820} INFO - Setting next_dagrun for example_external_task_marker_parent to None, run_after=None
[2023-12-20T22:49:01.004+0000] {processor.py:183} INFO - Processing /home/airflow/.local/lib/python3.8/site-packages/airflow/example_dags/example_external_task_marker_dag.py took 0.075 seconds
[2023-12-20T22:49:31.144+0000] {processor.py:161} INFO - Started process (PID=1255) to work on /home/airflow/.local/lib/python3.8/site-packages/airflow/example_dags/example_external_task_marker_dag.py
[2023-12-20T22:49:31.145+0000] {processor.py:830} INFO - Processing file /home/airflow/.local/lib/python3.8/site-packages/airflow/example_dags/example_external_task_marker_dag.py for tasks to queue
[2023-12-20T22:49:31.148+0000] {logging_mixin.py:188} INFO - [2023-12-20T22:49:31.148+0000] {dagbag.py:538} INFO - Filling up the DagBag from /home/airflow/.local/lib/python3.8/site-packages/airflow/example_dags/example_external_task_marker_dag.py
[2023-12-20T22:49:31.154+0000] {processor.py:840} INFO - DAG(s) 'example_external_task_marker_parent', 'example_external_task_marker_child' retrieved from /home/airflow/.local/lib/python3.8/site-packages/airflow/example_dags/example_external_task_marker_dag.py
[2023-12-20T22:49:31.179+0000] {logging_mixin.py:188} INFO - [2023-12-20T22:49:31.179+0000] {dag.py:3033} INFO - Sync 2 DAGs
[2023-12-20T22:49:31.190+0000] {logging_mixin.py:188} INFO - [2023-12-20T22:49:31.190+0000] {dag.py:3820} INFO - Setting next_dagrun for example_external_task_marker_child to None, run_after=None
[2023-12-20T22:49:31.193+0000] {logging_mixin.py:188} INFO - [2023-12-20T22:49:31.193+0000] {dag.py:3820} INFO - Setting next_dagrun for example_external_task_marker_parent to None, run_after=None
[2023-12-20T22:49:31.206+0000] {processor.py:183} INFO - Processing /home/airflow/.local/lib/python3.8/site-packages/airflow/example_dags/example_external_task_marker_dag.py took 0.065 seconds
[2023-12-20T22:50:01.423+0000] {processor.py:161} INFO - Started process (PID=1310) to work on /home/airflow/.local/lib/python3.8/site-packages/airflow/example_dags/example_external_task_marker_dag.py
[2023-12-20T22:50:01.425+0000] {processor.py:830} INFO - Processing file /home/airflow/.local/lib/python3.8/site-packages/airflow/example_dags/example_external_task_marker_dag.py for tasks to queue
[2023-12-20T22:50:01.429+0000] {logging_mixin.py:188} INFO - [2023-12-20T22:50:01.429+0000] {dagbag.py:538} INFO - Filling up the DagBag from /home/airflow/.local/lib/python3.8/site-packages/airflow/example_dags/example_external_task_marker_dag.py
[2023-12-20T22:50:01.437+0000] {processor.py:840} INFO - DAG(s) 'example_external_task_marker_parent', 'example_external_task_marker_child' retrieved from /home/airflow/.local/lib/python3.8/site-packages/airflow/example_dags/example_external_task_marker_dag.py
[2023-12-20T22:50:01.461+0000] {logging_mixin.py:188} INFO - [2023-12-20T22:50:01.461+0000] {dag.py:3033} INFO - Sync 2 DAGs
[2023-12-20T22:50:01.471+0000] {logging_mixin.py:188} INFO - [2023-12-20T22:50:01.471+0000] {dag.py:3820} INFO - Setting next_dagrun for example_external_task_marker_child to None, run_after=None
[2023-12-20T22:50:01.474+0000] {logging_mixin.py:188} INFO - [2023-12-20T22:50:01.474+0000] {dag.py:3820} INFO - Setting next_dagrun for example_external_task_marker_parent to None, run_after=None
[2023-12-20T22:50:01.486+0000] {processor.py:183} INFO - Processing /home/airflow/.local/lib/python3.8/site-packages/airflow/example_dags/example_external_task_marker_dag.py took 0.068 seconds
[2023-12-20T22:50:31.743+0000] {processor.py:161} INFO - Started process (PID=1365) to work on /home/airflow/.local/lib/python3.8/site-packages/airflow/example_dags/example_external_task_marker_dag.py
[2023-12-20T22:50:31.745+0000] {processor.py:830} INFO - Processing file /home/airflow/.local/lib/python3.8/site-packages/airflow/example_dags/example_external_task_marker_dag.py for tasks to queue
[2023-12-20T22:50:31.748+0000] {logging_mixin.py:188} INFO - [2023-12-20T22:50:31.747+0000] {dagbag.py:538} INFO - Filling up the DagBag from /home/airflow/.local/lib/python3.8/site-packages/airflow/example_dags/example_external_task_marker_dag.py
[2023-12-20T22:50:31.754+0000] {processor.py:840} INFO - DAG(s) 'example_external_task_marker_parent', 'example_external_task_marker_child' retrieved from /home/airflow/.local/lib/python3.8/site-packages/airflow/example_dags/example_external_task_marker_dag.py
[2023-12-20T22:50:31.784+0000] {logging_mixin.py:188} INFO - [2023-12-20T22:50:31.784+0000] {dag.py:3033} INFO - Sync 2 DAGs
[2023-12-20T22:50:31.796+0000] {logging_mixin.py:188} INFO - [2023-12-20T22:50:31.796+0000] {dag.py:3820} INFO - Setting next_dagrun for example_external_task_marker_child to None, run_after=None
[2023-12-20T22:50:31.800+0000] {logging_mixin.py:188} INFO - [2023-12-20T22:50:31.800+0000] {dag.py:3820} INFO - Setting next_dagrun for example_external_task_marker_parent to None, run_after=None
[2023-12-20T22:50:31.813+0000] {processor.py:183} INFO - Processing /home/airflow/.local/lib/python3.8/site-packages/airflow/example_dags/example_external_task_marker_dag.py took 0.073 seconds
[2023-12-20T22:51:01.989+0000] {processor.py:161} INFO - Started process (PID=1420) to work on /home/airflow/.local/lib/python3.8/site-packages/airflow/example_dags/example_external_task_marker_dag.py
[2023-12-20T22:51:01.991+0000] {processor.py:830} INFO - Processing file /home/airflow/.local/lib/python3.8/site-packages/airflow/example_dags/example_external_task_marker_dag.py for tasks to queue
[2023-12-20T22:51:01.994+0000] {logging_mixin.py:188} INFO - [2023-12-20T22:51:01.994+0000] {dagbag.py:538} INFO - Filling up the DagBag from /home/airflow/.local/lib/python3.8/site-packages/airflow/example_dags/example_external_task_marker_dag.py
[2023-12-20T22:51:02.001+0000] {processor.py:840} INFO - DAG(s) 'example_external_task_marker_child', 'example_external_task_marker_parent' retrieved from /home/airflow/.local/lib/python3.8/site-packages/airflow/example_dags/example_external_task_marker_dag.py
[2023-12-20T22:51:02.038+0000] {logging_mixin.py:188} INFO - [2023-12-20T22:51:02.038+0000] {dag.py:3033} INFO - Sync 2 DAGs
[2023-12-20T22:51:02.050+0000] {logging_mixin.py:188} INFO - [2023-12-20T22:51:02.050+0000] {dag.py:3820} INFO - Setting next_dagrun for example_external_task_marker_child to None, run_after=None
[2023-12-20T22:51:02.053+0000] {logging_mixin.py:188} INFO - [2023-12-20T22:51:02.053+0000] {dag.py:3820} INFO - Setting next_dagrun for example_external_task_marker_parent to None, run_after=None
[2023-12-20T22:51:02.066+0000] {processor.py:183} INFO - Processing /home/airflow/.local/lib/python3.8/site-packages/airflow/example_dags/example_external_task_marker_dag.py took 0.081 seconds
[2023-12-20T22:51:33.061+0000] {processor.py:161} INFO - Started process (PID=1475) to work on /home/airflow/.local/lib/python3.8/site-packages/airflow/example_dags/example_external_task_marker_dag.py
[2023-12-20T22:51:33.063+0000] {processor.py:830} INFO - Processing file /home/airflow/.local/lib/python3.8/site-packages/airflow/example_dags/example_external_task_marker_dag.py for tasks to queue
[2023-12-20T22:51:33.065+0000] {logging_mixin.py:188} INFO - [2023-12-20T22:51:33.065+0000] {dagbag.py:538} INFO - Filling up the DagBag from /home/airflow/.local/lib/python3.8/site-packages/airflow/example_dags/example_external_task_marker_dag.py
[2023-12-20T22:51:33.071+0000] {processor.py:840} INFO - DAG(s) 'example_external_task_marker_parent', 'example_external_task_marker_child' retrieved from /home/airflow/.local/lib/python3.8/site-packages/airflow/example_dags/example_external_task_marker_dag.py
[2023-12-20T22:51:33.097+0000] {logging_mixin.py:188} INFO - [2023-12-20T22:51:33.096+0000] {dag.py:3033} INFO - Sync 2 DAGs
[2023-12-20T22:51:33.107+0000] {logging_mixin.py:188} INFO - [2023-12-20T22:51:33.107+0000] {dag.py:3820} INFO - Setting next_dagrun for example_external_task_marker_child to None, run_after=None
[2023-12-20T22:51:33.110+0000] {logging_mixin.py:188} INFO - [2023-12-20T22:51:33.110+0000] {dag.py:3820} INFO - Setting next_dagrun for example_external_task_marker_parent to None, run_after=None
[2023-12-20T22:51:33.122+0000] {processor.py:183} INFO - Processing /home/airflow/.local/lib/python3.8/site-packages/airflow/example_dags/example_external_task_marker_dag.py took 0.064 seconds
[2023-12-20T22:52:04.093+0000] {processor.py:161} INFO - Started process (PID=1530) to work on /home/airflow/.local/lib/python3.8/site-packages/airflow/example_dags/example_external_task_marker_dag.py
[2023-12-20T22:52:04.094+0000] {processor.py:830} INFO - Processing file /home/airflow/.local/lib/python3.8/site-packages/airflow/example_dags/example_external_task_marker_dag.py for tasks to queue
[2023-12-20T22:52:04.097+0000] {logging_mixin.py:188} INFO - [2023-12-20T22:52:04.096+0000] {dagbag.py:538} INFO - Filling up the DagBag from /home/airflow/.local/lib/python3.8/site-packages/airflow/example_dags/example_external_task_marker_dag.py
[2023-12-20T22:52:04.103+0000] {processor.py:840} INFO - DAG(s) 'example_external_task_marker_parent', 'example_external_task_marker_child' retrieved from /home/airflow/.local/lib/python3.8/site-packages/airflow/example_dags/example_external_task_marker_dag.py
[2023-12-20T22:52:04.129+0000] {logging_mixin.py:188} INFO - [2023-12-20T22:52:04.129+0000] {dag.py:3033} INFO - Sync 2 DAGs
[2023-12-20T22:52:04.139+0000] {logging_mixin.py:188} INFO - [2023-12-20T22:52:04.139+0000] {dag.py:3820} INFO - Setting next_dagrun for example_external_task_marker_child to None, run_after=None
[2023-12-20T22:52:04.142+0000] {logging_mixin.py:188} INFO - [2023-12-20T22:52:04.142+0000] {dag.py:3820} INFO - Setting next_dagrun for example_external_task_marker_parent to None, run_after=None
[2023-12-20T22:52:04.154+0000] {processor.py:183} INFO - Processing /home/airflow/.local/lib/python3.8/site-packages/airflow/example_dags/example_external_task_marker_dag.py took 0.065 seconds
[2023-12-20T22:52:34.448+0000] {processor.py:161} INFO - Started process (PID=1585) to work on /home/airflow/.local/lib/python3.8/site-packages/airflow/example_dags/example_external_task_marker_dag.py
[2023-12-20T22:52:34.449+0000] {processor.py:830} INFO - Processing file /home/airflow/.local/lib/python3.8/site-packages/airflow/example_dags/example_external_task_marker_dag.py for tasks to queue
[2023-12-20T22:52:34.452+0000] {logging_mixin.py:188} INFO - [2023-12-20T22:52:34.451+0000] {dagbag.py:538} INFO - Filling up the DagBag from /home/airflow/.local/lib/python3.8/site-packages/airflow/example_dags/example_external_task_marker_dag.py
[2023-12-20T22:52:34.458+0000] {processor.py:840} INFO - DAG(s) 'example_external_task_marker_child', 'example_external_task_marker_parent' retrieved from /home/airflow/.local/lib/python3.8/site-packages/airflow/example_dags/example_external_task_marker_dag.py
[2023-12-20T22:52:34.481+0000] {logging_mixin.py:188} INFO - [2023-12-20T22:52:34.481+0000] {dag.py:3033} INFO - Sync 2 DAGs
[2023-12-20T22:52:34.492+0000] {logging_mixin.py:188} INFO - [2023-12-20T22:52:34.492+0000] {dag.py:3820} INFO - Setting next_dagrun for example_external_task_marker_child to None, run_after=None
[2023-12-20T22:52:34.494+0000] {logging_mixin.py:188} INFO - [2023-12-20T22:52:34.494+0000] {dag.py:3820} INFO - Setting next_dagrun for example_external_task_marker_parent to None, run_after=None
[2023-12-20T22:52:34.506+0000] {processor.py:183} INFO - Processing /home/airflow/.local/lib/python3.8/site-packages/airflow/example_dags/example_external_task_marker_dag.py took 0.061 seconds
[2023-12-20T22:53:05.578+0000] {processor.py:161} INFO - Started process (PID=1640) to work on /home/airflow/.local/lib/python3.8/site-packages/airflow/example_dags/example_external_task_marker_dag.py
[2023-12-20T22:53:05.580+0000] {processor.py:830} INFO - Processing file /home/airflow/.local/lib/python3.8/site-packages/airflow/example_dags/example_external_task_marker_dag.py for tasks to queue
[2023-12-20T22:53:05.582+0000] {logging_mixin.py:188} INFO - [2023-12-20T22:53:05.582+0000] {dagbag.py:538} INFO - Filling up the DagBag from /home/airflow/.local/lib/python3.8/site-packages/airflow/example_dags/example_external_task_marker_dag.py
[2023-12-20T22:53:05.590+0000] {processor.py:840} INFO - DAG(s) 'example_external_task_marker_child', 'example_external_task_marker_parent' retrieved from /home/airflow/.local/lib/python3.8/site-packages/airflow/example_dags/example_external_task_marker_dag.py
[2023-12-20T22:53:05.629+0000] {logging_mixin.py:188} INFO - [2023-12-20T22:53:05.629+0000] {dag.py:3033} INFO - Sync 2 DAGs
[2023-12-20T22:53:05.646+0000] {logging_mixin.py:188} INFO - [2023-12-20T22:53:05.646+0000] {dag.py:3820} INFO - Setting next_dagrun for example_external_task_marker_child to None, run_after=None
[2023-12-20T22:53:05.651+0000] {logging_mixin.py:188} INFO - [2023-12-20T22:53:05.651+0000] {dag.py:3820} INFO - Setting next_dagrun for example_external_task_marker_parent to None, run_after=None
[2023-12-20T22:53:05.667+0000] {processor.py:183} INFO - Processing /home/airflow/.local/lib/python3.8/site-packages/airflow/example_dags/example_external_task_marker_dag.py took 0.093 seconds
[2023-12-20T22:53:35.969+0000] {processor.py:161} INFO - Started process (PID=1696) to work on /home/airflow/.local/lib/python3.8/site-packages/airflow/example_dags/example_external_task_marker_dag.py
[2023-12-20T22:53:35.971+0000] {processor.py:830} INFO - Processing file /home/airflow/.local/lib/python3.8/site-packages/airflow/example_dags/example_external_task_marker_dag.py for tasks to queue
[2023-12-20T22:53:35.974+0000] {logging_mixin.py:188} INFO - [2023-12-20T22:53:35.974+0000] {dagbag.py:538} INFO - Filling up the DagBag from /home/airflow/.local/lib/python3.8/site-packages/airflow/example_dags/example_external_task_marker_dag.py
[2023-12-20T22:53:35.982+0000] {processor.py:840} INFO - DAG(s) 'example_external_task_marker_parent', 'example_external_task_marker_child' retrieved from /home/airflow/.local/lib/python3.8/site-packages/airflow/example_dags/example_external_task_marker_dag.py
[2023-12-20T22:53:36.014+0000] {logging_mixin.py:188} INFO - [2023-12-20T22:53:36.014+0000] {dag.py:3033} INFO - Sync 2 DAGs
[2023-12-20T22:53:36.031+0000] {logging_mixin.py:188} INFO - [2023-12-20T22:53:36.031+0000] {dag.py:3820} INFO - Setting next_dagrun for example_external_task_marker_child to None, run_after=None
[2023-12-20T22:53:36.035+0000] {logging_mixin.py:188} INFO - [2023-12-20T22:53:36.035+0000] {dag.py:3820} INFO - Setting next_dagrun for example_external_task_marker_parent to None, run_after=None
[2023-12-20T22:53:36.051+0000] {processor.py:183} INFO - Processing /home/airflow/.local/lib/python3.8/site-packages/airflow/example_dags/example_external_task_marker_dag.py took 0.086 seconds
[2023-12-20T22:54:08.119+0000] {processor.py:161} INFO - Started process (PID=1752) to work on /home/airflow/.local/lib/python3.8/site-packages/airflow/example_dags/example_external_task_marker_dag.py
[2023-12-20T22:54:08.148+0000] {processor.py:830} INFO - Processing file /home/airflow/.local/lib/python3.8/site-packages/airflow/example_dags/example_external_task_marker_dag.py for tasks to queue
[2023-12-20T22:54:08.223+0000] {logging_mixin.py:188} INFO - [2023-12-20T22:54:08.212+0000] {dagbag.py:538} INFO - Filling up the DagBag from /home/airflow/.local/lib/python3.8/site-packages/airflow/example_dags/example_external_task_marker_dag.py
[2023-12-20T22:54:08.309+0000] {processor.py:840} INFO - DAG(s) 'example_external_task_marker_child', 'example_external_task_marker_parent' retrieved from /home/airflow/.local/lib/python3.8/site-packages/airflow/example_dags/example_external_task_marker_dag.py
[2023-12-20T22:54:08.546+0000] {logging_mixin.py:188} INFO - [2023-12-20T22:54:08.546+0000] {dag.py:3033} INFO - Sync 2 DAGs
[2023-12-20T22:54:08.651+0000] {logging_mixin.py:188} INFO - [2023-12-20T22:54:08.650+0000] {dag.py:3820} INFO - Setting next_dagrun for example_external_task_marker_child to None, run_after=None
[2023-12-20T22:54:08.669+0000] {logging_mixin.py:188} INFO - [2023-12-20T22:54:08.669+0000] {dag.py:3820} INFO - Setting next_dagrun for example_external_task_marker_parent to None, run_after=None
[2023-12-20T22:54:08.853+0000] {processor.py:183} INFO - Processing /home/airflow/.local/lib/python3.8/site-packages/airflow/example_dags/example_external_task_marker_dag.py took 0.828 seconds
[2023-12-20T22:54:57.333+0000] {processor.py:161} INFO - Started process (PID=1801) to work on /home/airflow/.local/lib/python3.8/site-packages/airflow/example_dags/example_external_task_marker_dag.py
[2023-12-20T22:54:57.350+0000] {processor.py:830} INFO - Processing file /home/airflow/.local/lib/python3.8/site-packages/airflow/example_dags/example_external_task_marker_dag.py for tasks to queue
[2023-12-20T22:54:57.425+0000] {logging_mixin.py:188} INFO - [2023-12-20T22:54:57.386+0000] {dagbag.py:538} INFO - Filling up the DagBag from /home/airflow/.local/lib/python3.8/site-packages/airflow/example_dags/example_external_task_marker_dag.py
[2023-12-20T22:54:57.611+0000] {processor.py:840} INFO - DAG(s) 'example_external_task_marker_parent', 'example_external_task_marker_child' retrieved from /home/airflow/.local/lib/python3.8/site-packages/airflow/example_dags/example_external_task_marker_dag.py
[2023-12-20T22:54:58.262+0000] {logging_mixin.py:188} INFO - [2023-12-20T22:54:58.261+0000] {dag.py:3033} INFO - Sync 2 DAGs
[2023-12-20T22:54:58.463+0000] {logging_mixin.py:188} INFO - [2023-12-20T22:54:58.462+0000] {dag.py:3820} INFO - Setting next_dagrun for example_external_task_marker_child to None, run_after=None
[2023-12-20T22:54:58.550+0000] {logging_mixin.py:188} INFO - [2023-12-20T22:54:58.550+0000] {dag.py:3820} INFO - Setting next_dagrun for example_external_task_marker_parent to None, run_after=None
[2023-12-20T22:54:58.678+0000] {processor.py:183} INFO - Processing /home/airflow/.local/lib/python3.8/site-packages/airflow/example_dags/example_external_task_marker_dag.py took 1.376 seconds
[2023-12-20T22:56:00.282+0000] {processor.py:161} INFO - Started process (PID=1869) to work on /home/airflow/.local/lib/python3.8/site-packages/airflow/example_dags/example_external_task_marker_dag.py
[2023-12-20T22:56:00.300+0000] {processor.py:830} INFO - Processing file /home/airflow/.local/lib/python3.8/site-packages/airflow/example_dags/example_external_task_marker_dag.py for tasks to queue
[2023-12-20T22:56:00.336+0000] {logging_mixin.py:188} INFO - [2023-12-20T22:56:00.335+0000] {dagbag.py:538} INFO - Filling up the DagBag from /home/airflow/.local/lib/python3.8/site-packages/airflow/example_dags/example_external_task_marker_dag.py
[2023-12-20T22:56:00.382+0000] {processor.py:840} INFO - DAG(s) 'example_external_task_marker_parent', 'example_external_task_marker_child' retrieved from /home/airflow/.local/lib/python3.8/site-packages/airflow/example_dags/example_external_task_marker_dag.py
[2023-12-20T22:56:00.592+0000] {logging_mixin.py:188} INFO - [2023-12-20T22:56:00.592+0000] {dag.py:3033} INFO - Sync 2 DAGs
[2023-12-20T22:56:00.679+0000] {logging_mixin.py:188} INFO - [2023-12-20T22:56:00.672+0000] {dag.py:3820} INFO - Setting next_dagrun for example_external_task_marker_child to None, run_after=None
[2023-12-20T22:56:00.715+0000] {logging_mixin.py:188} INFO - [2023-12-20T22:56:00.715+0000] {dag.py:3820} INFO - Setting next_dagrun for example_external_task_marker_parent to None, run_after=None
[2023-12-20T22:56:00.837+0000] {processor.py:183} INFO - Processing /home/airflow/.local/lib/python3.8/site-packages/airflow/example_dags/example_external_task_marker_dag.py took 0.622 seconds
[2023-12-20T22:56:42.218+0000] {processor.py:161} INFO - Started process (PID=1933) to work on /home/airflow/.local/lib/python3.8/site-packages/airflow/example_dags/example_external_task_marker_dag.py
[2023-12-20T22:56:42.232+0000] {processor.py:830} INFO - Processing file /home/airflow/.local/lib/python3.8/site-packages/airflow/example_dags/example_external_task_marker_dag.py for tasks to queue
[2023-12-20T22:56:42.277+0000] {logging_mixin.py:188} INFO - [2023-12-20T22:56:42.276+0000] {dagbag.py:538} INFO - Filling up the DagBag from /home/airflow/.local/lib/python3.8/site-packages/airflow/example_dags/example_external_task_marker_dag.py
[2023-12-20T22:56:42.427+0000] {processor.py:840} INFO - DAG(s) 'example_external_task_marker_parent', 'example_external_task_marker_child' retrieved from /home/airflow/.local/lib/python3.8/site-packages/airflow/example_dags/example_external_task_marker_dag.py
[2023-12-20T22:56:42.628+0000] {logging_mixin.py:188} INFO - [2023-12-20T22:56:42.628+0000] {dag.py:3033} INFO - Sync 2 DAGs
[2023-12-20T22:56:42.720+0000] {logging_mixin.py:188} INFO - [2023-12-20T22:56:42.719+0000] {dag.py:3820} INFO - Setting next_dagrun for example_external_task_marker_child to None, run_after=None
[2023-12-20T22:56:42.746+0000] {logging_mixin.py:188} INFO - [2023-12-20T22:56:42.746+0000] {dag.py:3820} INFO - Setting next_dagrun for example_external_task_marker_parent to None, run_after=None
[2023-12-20T22:56:42.823+0000] {processor.py:183} INFO - Processing /home/airflow/.local/lib/python3.8/site-packages/airflow/example_dags/example_external_task_marker_dag.py took 0.659 seconds
[2023-12-20T22:57:43.373+0000] {processor.py:161} INFO - Started process (PID=1995) to work on /home/airflow/.local/lib/python3.8/site-packages/airflow/example_dags/example_external_task_marker_dag.py
[2023-12-20T22:57:43.395+0000] {processor.py:830} INFO - Processing file /home/airflow/.local/lib/python3.8/site-packages/airflow/example_dags/example_external_task_marker_dag.py for tasks to queue
[2023-12-20T22:57:43.519+0000] {logging_mixin.py:188} INFO - [2023-12-20T22:57:43.481+0000] {dagbag.py:538} INFO - Filling up the DagBag from /home/airflow/.local/lib/python3.8/site-packages/airflow/example_dags/example_external_task_marker_dag.py
[2023-12-20T22:57:43.759+0000] {processor.py:840} INFO - DAG(s) 'example_external_task_marker_parent', 'example_external_task_marker_child' retrieved from /home/airflow/.local/lib/python3.8/site-packages/airflow/example_dags/example_external_task_marker_dag.py
[2023-12-20T22:57:44.084+0000] {logging_mixin.py:188} INFO - [2023-12-20T22:57:44.084+0000] {dag.py:3033} INFO - Sync 2 DAGs
[2023-12-20T22:57:48.982+0000] {logging_mixin.py:188} INFO - [2023-12-20T22:57:48.977+0000] {dag.py:3820} INFO - Setting next_dagrun for example_external_task_marker_child to None, run_after=None
[2023-12-20T22:57:49.009+0000] {logging_mixin.py:188} INFO - [2023-12-20T22:57:49.009+0000] {dag.py:3820} INFO - Setting next_dagrun for example_external_task_marker_parent to None, run_after=None
[2023-12-20T22:57:49.150+0000] {processor.py:183} INFO - Processing /home/airflow/.local/lib/python3.8/site-packages/airflow/example_dags/example_external_task_marker_dag.py took 5.853 seconds
[2023-12-20T22:59:55.549+0000] {processor.py:161} INFO - Started process (PID=2062) to work on /home/airflow/.local/lib/python3.8/site-packages/airflow/example_dags/example_external_task_marker_dag.py
[2023-12-20T22:59:55.571+0000] {processor.py:830} INFO - Processing file /home/airflow/.local/lib/python3.8/site-packages/airflow/example_dags/example_external_task_marker_dag.py for tasks to queue
[2023-12-20T22:59:55.614+0000] {logging_mixin.py:188} INFO - [2023-12-20T22:59:55.609+0000] {dagbag.py:538} INFO - Filling up the DagBag from /home/airflow/.local/lib/python3.8/site-packages/airflow/example_dags/example_external_task_marker_dag.py
[2023-12-20T22:59:55.640+0000] {processor.py:840} INFO - DAG(s) 'example_external_task_marker_child', 'example_external_task_marker_parent' retrieved from /home/airflow/.local/lib/python3.8/site-packages/airflow/example_dags/example_external_task_marker_dag.py
[2023-12-20T22:59:55.846+0000] {logging_mixin.py:188} INFO - [2023-12-20T22:59:55.846+0000] {dag.py:3033} INFO - Sync 2 DAGs
[2023-12-20T22:59:55.895+0000] {logging_mixin.py:188} INFO - [2023-12-20T22:59:55.894+0000] {dag.py:3820} INFO - Setting next_dagrun for example_external_task_marker_child to None, run_after=None
[2023-12-20T22:59:55.915+0000] {logging_mixin.py:188} INFO - [2023-12-20T22:59:55.915+0000] {dag.py:3820} INFO - Setting next_dagrun for example_external_task_marker_parent to None, run_after=None
[2023-12-20T22:59:55.964+0000] {processor.py:183} INFO - Processing /home/airflow/.local/lib/python3.8/site-packages/airflow/example_dags/example_external_task_marker_dag.py took 0.450 seconds
[2023-12-20T23:01:09.166+0000] {processor.py:161} INFO - Started process (PID=2122) to work on /home/airflow/.local/lib/python3.8/site-packages/airflow/example_dags/example_external_task_marker_dag.py
[2023-12-20T23:01:09.173+0000] {processor.py:830} INFO - Processing file /home/airflow/.local/lib/python3.8/site-packages/airflow/example_dags/example_external_task_marker_dag.py for tasks to queue
[2023-12-20T23:01:09.226+0000] {logging_mixin.py:188} INFO - [2023-12-20T23:01:09.223+0000] {dagbag.py:538} INFO - Filling up the DagBag from /home/airflow/.local/lib/python3.8/site-packages/airflow/example_dags/example_external_task_marker_dag.py
[2023-12-20T23:01:09.355+0000] {processor.py:840} INFO - DAG(s) 'example_external_task_marker_parent', 'example_external_task_marker_child' retrieved from /home/airflow/.local/lib/python3.8/site-packages/airflow/example_dags/example_external_task_marker_dag.py
[2023-12-20T23:01:13.671+0000] {logging_mixin.py:188} INFO - [2023-12-20T23:01:13.670+0000] {dag.py:3033} INFO - Sync 2 DAGs
[2023-12-20T23:01:13.785+0000] {logging_mixin.py:188} INFO - [2023-12-20T23:01:13.784+0000] {dag.py:3820} INFO - Setting next_dagrun for example_external_task_marker_child to None, run_after=None
[2023-12-20T23:01:13.843+0000] {logging_mixin.py:188} INFO - [2023-12-20T23:01:13.842+0000] {dag.py:3820} INFO - Setting next_dagrun for example_external_task_marker_parent to None, run_after=None
[2023-12-20T23:01:13.998+0000] {processor.py:183} INFO - Processing /home/airflow/.local/lib/python3.8/site-packages/airflow/example_dags/example_external_task_marker_dag.py took 4.874 seconds
[2023-12-20T23:02:24.159+0000] {processor.py:161} INFO - Started process (PID=2198) to work on /home/airflow/.local/lib/python3.8/site-packages/airflow/example_dags/example_external_task_marker_dag.py
[2023-12-20T23:02:24.173+0000] {processor.py:830} INFO - Processing file /home/airflow/.local/lib/python3.8/site-packages/airflow/example_dags/example_external_task_marker_dag.py for tasks to queue
[2023-12-20T23:02:24.207+0000] {logging_mixin.py:188} INFO - [2023-12-20T23:02:24.203+0000] {dagbag.py:538} INFO - Filling up the DagBag from /home/airflow/.local/lib/python3.8/site-packages/airflow/example_dags/example_external_task_marker_dag.py
[2023-12-20T23:02:24.256+0000] {processor.py:840} INFO - DAG(s) 'example_external_task_marker_child', 'example_external_task_marker_parent' retrieved from /home/airflow/.local/lib/python3.8/site-packages/airflow/example_dags/example_external_task_marker_dag.py
[2023-12-20T23:02:25.834+0000] {logging_mixin.py:188} INFO - [2023-12-20T23:02:25.833+0000] {dag.py:3033} INFO - Sync 2 DAGs
[2023-12-20T23:02:25.890+0000] {logging_mixin.py:188} INFO - [2023-12-20T23:02:25.889+0000] {dag.py:3820} INFO - Setting next_dagrun for example_external_task_marker_child to None, run_after=None
[2023-12-20T23:02:25.936+0000] {logging_mixin.py:188} INFO - [2023-12-20T23:02:25.935+0000] {dag.py:3820} INFO - Setting next_dagrun for example_external_task_marker_parent to None, run_after=None
[2023-12-20T23:02:26.030+0000] {processor.py:183} INFO - Processing /home/airflow/.local/lib/python3.8/site-packages/airflow/example_dags/example_external_task_marker_dag.py took 1.911 seconds
[2023-12-20T23:03:13.857+0000] {processor.py:161} INFO - Started process (PID=2254) to work on /home/airflow/.local/lib/python3.8/site-packages/airflow/example_dags/example_external_task_marker_dag.py
[2023-12-20T23:03:13.875+0000] {processor.py:830} INFO - Processing file /home/airflow/.local/lib/python3.8/site-packages/airflow/example_dags/example_external_task_marker_dag.py for tasks to queue
[2023-12-20T23:03:13.903+0000] {logging_mixin.py:188} INFO - [2023-12-20T23:03:13.899+0000] {dagbag.py:538} INFO - Filling up the DagBag from /home/airflow/.local/lib/python3.8/site-packages/airflow/example_dags/example_external_task_marker_dag.py
[2023-12-20T23:03:13.940+0000] {processor.py:840} INFO - DAG(s) 'example_external_task_marker_parent', 'example_external_task_marker_child' retrieved from /home/airflow/.local/lib/python3.8/site-packages/airflow/example_dags/example_external_task_marker_dag.py
[2023-12-20T23:03:22.846+0000] {logging_mixin.py:188} INFO - [2023-12-20T23:03:22.792+0000] {dag.py:3033} INFO - Sync 2 DAGs
[2023-12-20T23:03:23.765+0000] {logging_mixin.py:188} INFO - [2023-12-20T23:03:23.732+0000] {dag.py:3820} INFO - Setting next_dagrun for example_external_task_marker_child to None, run_after=None
[2023-12-20T23:03:23.878+0000] {logging_mixin.py:188} INFO - [2023-12-20T23:03:23.869+0000] {dag.py:3820} INFO - Setting next_dagrun for example_external_task_marker_parent to None, run_after=None
[2023-12-20T23:03:24.251+0000] {processor.py:183} INFO - Processing /home/airflow/.local/lib/python3.8/site-packages/airflow/example_dags/example_external_task_marker_dag.py took 10.437 seconds
[2023-12-20T23:05:30.330+0000] {processor.py:161} INFO - Started process (PID=2313) to work on /home/airflow/.local/lib/python3.8/site-packages/airflow/example_dags/example_external_task_marker_dag.py
[2023-12-20T23:05:30.479+0000] {processor.py:830} INFO - Processing file /home/airflow/.local/lib/python3.8/site-packages/airflow/example_dags/example_external_task_marker_dag.py for tasks to queue
[2023-12-20T23:05:30.740+0000] {logging_mixin.py:188} INFO - [2023-12-20T23:05:30.710+0000] {dagbag.py:538} INFO - Filling up the DagBag from /home/airflow/.local/lib/python3.8/site-packages/airflow/example_dags/example_external_task_marker_dag.py
[2023-12-20T23:05:31.595+0000] {processor.py:840} INFO - DAG(s) 'example_external_task_marker_parent', 'example_external_task_marker_child' retrieved from /home/airflow/.local/lib/python3.8/site-packages/airflow/example_dags/example_external_task_marker_dag.py
[2023-12-20T23:05:42.155+0000] {logging_mixin.py:188} INFO - [2023-12-20T23:05:42.034+0000] {dag.py:3033} INFO - Sync 2 DAGs
[2023-12-20T23:05:43.371+0000] {logging_mixin.py:188} INFO - [2023-12-20T23:05:43.297+0000] {dag.py:3820} INFO - Setting next_dagrun for example_external_task_marker_child to None, run_after=None
[2023-12-20T23:05:44.306+0000] {logging_mixin.py:188} INFO - [2023-12-20T23:05:44.248+0000] {dag.py:3820} INFO - Setting next_dagrun for example_external_task_marker_parent to None, run_after=None
[2023-12-20T23:05:44.813+0000] {processor.py:183} INFO - Processing /home/airflow/.local/lib/python3.8/site-packages/airflow/example_dags/example_external_task_marker_dag.py took 15.441 seconds
