[2023-12-20T22:38:23.299+0000] {processor.py:161} INFO - Started process (PID=55) to work on /home/airflow/.local/lib/python3.8/site-packages/airflow/example_dags/example_dag_decorator.py
[2023-12-20T22:38:23.302+0000] {processor.py:830} INFO - Processing file /home/airflow/.local/lib/python3.8/site-packages/airflow/example_dags/example_dag_decorator.py for tasks to queue
[2023-12-20T22:38:23.319+0000] {logging_mixin.py:188} INFO - [2023-12-20T22:38:23.317+0000] {dagbag.py:538} INFO - Filling up the DagBag from /home/airflow/.local/lib/python3.8/site-packages/airflow/example_dags/example_dag_decorator.py
[2023-12-20T22:38:24.634+0000] {processor.py:840} INFO - DAG(s) 'example_dag_decorator' retrieved from /home/airflow/.local/lib/python3.8/site-packages/airflow/example_dags/example_dag_decorator.py
[2023-12-20T22:38:25.371+0000] {logging_mixin.py:188} INFO - [2023-12-20T22:38:25.370+0000] {dag.py:3033} INFO - Sync 1 DAGs
[2023-12-20T22:38:25.501+0000] {logging_mixin.py:188} INFO - [2023-12-20T22:38:25.500+0000] {dag.py:3820} INFO - Setting next_dagrun for example_dag_decorator to None, run_after=None
[2023-12-20T22:38:25.646+0000] {processor.py:183} INFO - Processing /home/airflow/.local/lib/python3.8/site-packages/airflow/example_dags/example_dag_decorator.py took 2.371 seconds
[2023-12-20T22:38:56.371+0000] {processor.py:161} INFO - Started process (PID=111) to work on /home/airflow/.local/lib/python3.8/site-packages/airflow/example_dags/example_dag_decorator.py
[2023-12-20T22:38:56.373+0000] {processor.py:830} INFO - Processing file /home/airflow/.local/lib/python3.8/site-packages/airflow/example_dags/example_dag_decorator.py for tasks to queue
[2023-12-20T22:38:56.376+0000] {logging_mixin.py:188} INFO - [2023-12-20T22:38:56.376+0000] {dagbag.py:538} INFO - Filling up the DagBag from /home/airflow/.local/lib/python3.8/site-packages/airflow/example_dags/example_dag_decorator.py
[2023-12-20T22:38:56.462+0000] {processor.py:840} INFO - DAG(s) 'example_dag_decorator' retrieved from /home/airflow/.local/lib/python3.8/site-packages/airflow/example_dags/example_dag_decorator.py
[2023-12-20T22:38:56.568+0000] {logging_mixin.py:188} INFO - [2023-12-20T22:38:56.568+0000] {dag.py:3033} INFO - Sync 1 DAGs
[2023-12-20T22:38:56.578+0000] {logging_mixin.py:188} INFO - [2023-12-20T22:38:56.578+0000] {dag.py:3820} INFO - Setting next_dagrun for example_dag_decorator to None, run_after=None
[2023-12-20T22:38:56.593+0000] {processor.py:183} INFO - Processing /home/airflow/.local/lib/python3.8/site-packages/airflow/example_dags/example_dag_decorator.py took 0.228 seconds
[2023-12-20T22:39:26.841+0000] {processor.py:161} INFO - Started process (PID=166) to work on /home/airflow/.local/lib/python3.8/site-packages/airflow/example_dags/example_dag_decorator.py
[2023-12-20T22:39:26.843+0000] {processor.py:830} INFO - Processing file /home/airflow/.local/lib/python3.8/site-packages/airflow/example_dags/example_dag_decorator.py for tasks to queue
[2023-12-20T22:39:26.846+0000] {logging_mixin.py:188} INFO - [2023-12-20T22:39:26.846+0000] {dagbag.py:538} INFO - Filling up the DagBag from /home/airflow/.local/lib/python3.8/site-packages/airflow/example_dags/example_dag_decorator.py
[2023-12-20T22:39:26.939+0000] {processor.py:840} INFO - DAG(s) 'example_dag_decorator' retrieved from /home/airflow/.local/lib/python3.8/site-packages/airflow/example_dags/example_dag_decorator.py
[2023-12-20T22:39:27.078+0000] {logging_mixin.py:188} INFO - [2023-12-20T22:39:27.078+0000] {dag.py:3033} INFO - Sync 1 DAGs
[2023-12-20T22:39:27.087+0000] {logging_mixin.py:188} INFO - [2023-12-20T22:39:27.087+0000] {dag.py:3820} INFO - Setting next_dagrun for example_dag_decorator to None, run_after=None
[2023-12-20T22:39:27.100+0000] {processor.py:183} INFO - Processing /home/airflow/.local/lib/python3.8/site-packages/airflow/example_dags/example_dag_decorator.py took 0.264 seconds
[2023-12-20T22:39:57.767+0000] {processor.py:161} INFO - Started process (PID=222) to work on /home/airflow/.local/lib/python3.8/site-packages/airflow/example_dags/example_dag_decorator.py
[2023-12-20T22:39:57.769+0000] {processor.py:830} INFO - Processing file /home/airflow/.local/lib/python3.8/site-packages/airflow/example_dags/example_dag_decorator.py for tasks to queue
[2023-12-20T22:39:57.774+0000] {logging_mixin.py:188} INFO - [2023-12-20T22:39:57.773+0000] {dagbag.py:538} INFO - Filling up the DagBag from /home/airflow/.local/lib/python3.8/site-packages/airflow/example_dags/example_dag_decorator.py
[2023-12-20T22:39:57.934+0000] {processor.py:840} INFO - DAG(s) 'example_dag_decorator' retrieved from /home/airflow/.local/lib/python3.8/site-packages/airflow/example_dags/example_dag_decorator.py
[2023-12-20T22:39:58.063+0000] {logging_mixin.py:188} INFO - [2023-12-20T22:39:58.062+0000] {dag.py:3033} INFO - Sync 1 DAGs
[2023-12-20T22:39:58.081+0000] {logging_mixin.py:188} INFO - [2023-12-20T22:39:58.080+0000] {dag.py:3820} INFO - Setting next_dagrun for example_dag_decorator to None, run_after=None
[2023-12-20T22:39:58.109+0000] {processor.py:183} INFO - Processing /home/airflow/.local/lib/python3.8/site-packages/airflow/example_dags/example_dag_decorator.py took 0.347 seconds
[2023-12-20T22:40:28.256+0000] {processor.py:161} INFO - Started process (PID=277) to work on /home/airflow/.local/lib/python3.8/site-packages/airflow/example_dags/example_dag_decorator.py
[2023-12-20T22:40:28.259+0000] {processor.py:830} INFO - Processing file /home/airflow/.local/lib/python3.8/site-packages/airflow/example_dags/example_dag_decorator.py for tasks to queue
[2023-12-20T22:40:28.264+0000] {logging_mixin.py:188} INFO - [2023-12-20T22:40:28.264+0000] {dagbag.py:538} INFO - Filling up the DagBag from /home/airflow/.local/lib/python3.8/site-packages/airflow/example_dags/example_dag_decorator.py
[2023-12-20T22:40:28.412+0000] {processor.py:840} INFO - DAG(s) 'example_dag_decorator' retrieved from /home/airflow/.local/lib/python3.8/site-packages/airflow/example_dags/example_dag_decorator.py
[2023-12-20T22:40:28.526+0000] {logging_mixin.py:188} INFO - [2023-12-20T22:40:28.526+0000] {dag.py:3033} INFO - Sync 1 DAGs
[2023-12-20T22:40:28.535+0000] {logging_mixin.py:188} INFO - [2023-12-20T22:40:28.535+0000] {dag.py:3820} INFO - Setting next_dagrun for example_dag_decorator to None, run_after=None
[2023-12-20T22:40:28.554+0000] {processor.py:183} INFO - Processing /home/airflow/.local/lib/python3.8/site-packages/airflow/example_dags/example_dag_decorator.py took 0.315 seconds
[2023-12-20T22:40:58.613+0000] {processor.py:161} INFO - Started process (PID=333) to work on /home/airflow/.local/lib/python3.8/site-packages/airflow/example_dags/example_dag_decorator.py
[2023-12-20T22:40:58.615+0000] {processor.py:830} INFO - Processing file /home/airflow/.local/lib/python3.8/site-packages/airflow/example_dags/example_dag_decorator.py for tasks to queue
[2023-12-20T22:40:58.617+0000] {logging_mixin.py:188} INFO - [2023-12-20T22:40:58.617+0000] {dagbag.py:538} INFO - Filling up the DagBag from /home/airflow/.local/lib/python3.8/site-packages/airflow/example_dags/example_dag_decorator.py
[2023-12-20T22:40:58.698+0000] {processor.py:840} INFO - DAG(s) 'example_dag_decorator' retrieved from /home/airflow/.local/lib/python3.8/site-packages/airflow/example_dags/example_dag_decorator.py
[2023-12-20T22:40:58.805+0000] {logging_mixin.py:188} INFO - [2023-12-20T22:40:58.805+0000] {dag.py:3033} INFO - Sync 1 DAGs
[2023-12-20T22:40:58.815+0000] {logging_mixin.py:188} INFO - [2023-12-20T22:40:58.815+0000] {dag.py:3820} INFO - Setting next_dagrun for example_dag_decorator to None, run_after=None
[2023-12-20T22:40:58.829+0000] {processor.py:183} INFO - Processing /home/airflow/.local/lib/python3.8/site-packages/airflow/example_dags/example_dag_decorator.py took 0.220 seconds
[2023-12-20T22:41:29.804+0000] {processor.py:161} INFO - Started process (PID=387) to work on /home/airflow/.local/lib/python3.8/site-packages/airflow/example_dags/example_dag_decorator.py
[2023-12-20T22:41:29.806+0000] {processor.py:830} INFO - Processing file /home/airflow/.local/lib/python3.8/site-packages/airflow/example_dags/example_dag_decorator.py for tasks to queue
[2023-12-20T22:41:29.808+0000] {logging_mixin.py:188} INFO - [2023-12-20T22:41:29.808+0000] {dagbag.py:538} INFO - Filling up the DagBag from /home/airflow/.local/lib/python3.8/site-packages/airflow/example_dags/example_dag_decorator.py
[2023-12-20T22:41:29.893+0000] {processor.py:840} INFO - DAG(s) 'example_dag_decorator' retrieved from /home/airflow/.local/lib/python3.8/site-packages/airflow/example_dags/example_dag_decorator.py
[2023-12-20T22:41:30.008+0000] {logging_mixin.py:188} INFO - [2023-12-20T22:41:30.007+0000] {dag.py:3033} INFO - Sync 1 DAGs
[2023-12-20T22:41:30.020+0000] {logging_mixin.py:188} INFO - [2023-12-20T22:41:30.020+0000] {dag.py:3820} INFO - Setting next_dagrun for example_dag_decorator to None, run_after=None
[2023-12-20T22:41:30.280+0000] {processor.py:183} INFO - Processing /home/airflow/.local/lib/python3.8/site-packages/airflow/example_dags/example_dag_decorator.py took 0.481 seconds
[2023-12-20T22:42:01.283+0000] {processor.py:161} INFO - Started process (PID=444) to work on /home/airflow/.local/lib/python3.8/site-packages/airflow/example_dags/example_dag_decorator.py
[2023-12-20T22:42:01.289+0000] {processor.py:830} INFO - Processing file /home/airflow/.local/lib/python3.8/site-packages/airflow/example_dags/example_dag_decorator.py for tasks to queue
[2023-12-20T22:42:01.297+0000] {logging_mixin.py:188} INFO - [2023-12-20T22:42:01.296+0000] {dagbag.py:538} INFO - Filling up the DagBag from /home/airflow/.local/lib/python3.8/site-packages/airflow/example_dags/example_dag_decorator.py
[2023-12-20T22:42:01.435+0000] {processor.py:840} INFO - DAG(s) 'example_dag_decorator' retrieved from /home/airflow/.local/lib/python3.8/site-packages/airflow/example_dags/example_dag_decorator.py
[2023-12-20T22:42:01.539+0000] {logging_mixin.py:188} INFO - [2023-12-20T22:42:01.539+0000] {dag.py:3033} INFO - Sync 1 DAGs
[2023-12-20T22:42:01.852+0000] {logging_mixin.py:188} INFO - [2023-12-20T22:42:01.851+0000] {dag.py:3820} INFO - Setting next_dagrun for example_dag_decorator to None, run_after=None
[2023-12-20T22:42:01.875+0000] {processor.py:183} INFO - Processing /home/airflow/.local/lib/python3.8/site-packages/airflow/example_dags/example_dag_decorator.py took 0.603 seconds
[2023-12-20T22:42:32.771+0000] {processor.py:161} INFO - Started process (PID=502) to work on /home/airflow/.local/lib/python3.8/site-packages/airflow/example_dags/example_dag_decorator.py
[2023-12-20T22:42:32.773+0000] {processor.py:830} INFO - Processing file /home/airflow/.local/lib/python3.8/site-packages/airflow/example_dags/example_dag_decorator.py for tasks to queue
[2023-12-20T22:42:32.775+0000] {logging_mixin.py:188} INFO - [2023-12-20T22:42:32.775+0000] {dagbag.py:538} INFO - Filling up the DagBag from /home/airflow/.local/lib/python3.8/site-packages/airflow/example_dags/example_dag_decorator.py
[2023-12-20T22:42:32.863+0000] {processor.py:840} INFO - DAG(s) 'example_dag_decorator' retrieved from /home/airflow/.local/lib/python3.8/site-packages/airflow/example_dags/example_dag_decorator.py
[2023-12-20T22:42:32.984+0000] {logging_mixin.py:188} INFO - [2023-12-20T22:42:32.984+0000] {dag.py:3033} INFO - Sync 1 DAGs
[2023-12-20T22:42:33.000+0000] {logging_mixin.py:188} INFO - [2023-12-20T22:42:33.000+0000] {dag.py:3820} INFO - Setting next_dagrun for example_dag_decorator to None, run_after=None
[2023-12-20T22:42:33.344+0000] {processor.py:183} INFO - Processing /home/airflow/.local/lib/python3.8/site-packages/airflow/example_dags/example_dag_decorator.py took 0.577 seconds
[2023-12-20T22:43:04.144+0000] {processor.py:161} INFO - Started process (PID=558) to work on /home/airflow/.local/lib/python3.8/site-packages/airflow/example_dags/example_dag_decorator.py
[2023-12-20T22:43:04.146+0000] {processor.py:830} INFO - Processing file /home/airflow/.local/lib/python3.8/site-packages/airflow/example_dags/example_dag_decorator.py for tasks to queue
[2023-12-20T22:43:04.149+0000] {logging_mixin.py:188} INFO - [2023-12-20T22:43:04.148+0000] {dagbag.py:538} INFO - Filling up the DagBag from /home/airflow/.local/lib/python3.8/site-packages/airflow/example_dags/example_dag_decorator.py
[2023-12-20T22:43:04.241+0000] {processor.py:840} INFO - DAG(s) 'example_dag_decorator' retrieved from /home/airflow/.local/lib/python3.8/site-packages/airflow/example_dags/example_dag_decorator.py
[2023-12-20T22:43:04.269+0000] {logging_mixin.py:188} INFO - [2023-12-20T22:43:04.269+0000] {dag.py:3033} INFO - Sync 1 DAGs
[2023-12-20T22:43:04.280+0000] {logging_mixin.py:188} INFO - [2023-12-20T22:43:04.280+0000] {dag.py:3820} INFO - Setting next_dagrun for example_dag_decorator to None, run_after=None
[2023-12-20T22:43:04.295+0000] {processor.py:183} INFO - Processing /home/airflow/.local/lib/python3.8/site-packages/airflow/example_dags/example_dag_decorator.py took 0.156 seconds
[2023-12-20T22:43:34.630+0000] {processor.py:161} INFO - Started process (PID=613) to work on /home/airflow/.local/lib/python3.8/site-packages/airflow/example_dags/example_dag_decorator.py
[2023-12-20T22:43:34.633+0000] {processor.py:830} INFO - Processing file /home/airflow/.local/lib/python3.8/site-packages/airflow/example_dags/example_dag_decorator.py for tasks to queue
[2023-12-20T22:43:34.637+0000] {logging_mixin.py:188} INFO - [2023-12-20T22:43:34.636+0000] {dagbag.py:538} INFO - Filling up the DagBag from /home/airflow/.local/lib/python3.8/site-packages/airflow/example_dags/example_dag_decorator.py
[2023-12-20T22:43:34.719+0000] {processor.py:840} INFO - DAG(s) 'example_dag_decorator' retrieved from /home/airflow/.local/lib/python3.8/site-packages/airflow/example_dags/example_dag_decorator.py
[2023-12-20T22:43:34.810+0000] {logging_mixin.py:188} INFO - [2023-12-20T22:43:34.809+0000] {dag.py:3033} INFO - Sync 1 DAGs
[2023-12-20T22:43:34.819+0000] {logging_mixin.py:188} INFO - [2023-12-20T22:43:34.819+0000] {dag.py:3820} INFO - Setting next_dagrun for example_dag_decorator to None, run_after=None
[2023-12-20T22:43:35.017+0000] {processor.py:183} INFO - Processing /home/airflow/.local/lib/python3.8/site-packages/airflow/example_dags/example_dag_decorator.py took 0.394 seconds
[2023-12-20T22:44:05.156+0000] {processor.py:161} INFO - Started process (PID=671) to work on /home/airflow/.local/lib/python3.8/site-packages/airflow/example_dags/example_dag_decorator.py
[2023-12-20T22:44:05.157+0000] {processor.py:830} INFO - Processing file /home/airflow/.local/lib/python3.8/site-packages/airflow/example_dags/example_dag_decorator.py for tasks to queue
[2023-12-20T22:44:05.160+0000] {logging_mixin.py:188} INFO - [2023-12-20T22:44:05.160+0000] {dagbag.py:538} INFO - Filling up the DagBag from /home/airflow/.local/lib/python3.8/site-packages/airflow/example_dags/example_dag_decorator.py
[2023-12-20T22:44:05.237+0000] {processor.py:840} INFO - DAG(s) 'example_dag_decorator' retrieved from /home/airflow/.local/lib/python3.8/site-packages/airflow/example_dags/example_dag_decorator.py
[2023-12-20T22:44:05.327+0000] {logging_mixin.py:188} INFO - [2023-12-20T22:44:05.327+0000] {dag.py:3033} INFO - Sync 1 DAGs
[2023-12-20T22:44:05.336+0000] {logging_mixin.py:188} INFO - [2023-12-20T22:44:05.336+0000] {dag.py:3820} INFO - Setting next_dagrun for example_dag_decorator to None, run_after=None
[2023-12-20T22:44:05.592+0000] {processor.py:183} INFO - Processing /home/airflow/.local/lib/python3.8/site-packages/airflow/example_dags/example_dag_decorator.py took 0.440 seconds
[2023-12-20T22:44:36.517+0000] {processor.py:161} INFO - Started process (PID=726) to work on /home/airflow/.local/lib/python3.8/site-packages/airflow/example_dags/example_dag_decorator.py
[2023-12-20T22:44:36.519+0000] {processor.py:830} INFO - Processing file /home/airflow/.local/lib/python3.8/site-packages/airflow/example_dags/example_dag_decorator.py for tasks to queue
[2023-12-20T22:44:36.524+0000] {logging_mixin.py:188} INFO - [2023-12-20T22:44:36.523+0000] {dagbag.py:538} INFO - Filling up the DagBag from /home/airflow/.local/lib/python3.8/site-packages/airflow/example_dags/example_dag_decorator.py
[2023-12-20T22:44:36.613+0000] {processor.py:840} INFO - DAG(s) 'example_dag_decorator' retrieved from /home/airflow/.local/lib/python3.8/site-packages/airflow/example_dags/example_dag_decorator.py
[2023-12-20T22:44:36.710+0000] {logging_mixin.py:188} INFO - [2023-12-20T22:44:36.710+0000] {dag.py:3033} INFO - Sync 1 DAGs
[2023-12-20T22:44:36.719+0000] {logging_mixin.py:188} INFO - [2023-12-20T22:44:36.719+0000] {dag.py:3820} INFO - Setting next_dagrun for example_dag_decorator to None, run_after=None
[2023-12-20T22:44:37.014+0000] {processor.py:183} INFO - Processing /home/airflow/.local/lib/python3.8/site-packages/airflow/example_dags/example_dag_decorator.py took 0.502 seconds
[2023-12-20T22:45:07.284+0000] {processor.py:161} INFO - Started process (PID=781) to work on /home/airflow/.local/lib/python3.8/site-packages/airflow/example_dags/example_dag_decorator.py
[2023-12-20T22:45:07.285+0000] {processor.py:830} INFO - Processing file /home/airflow/.local/lib/python3.8/site-packages/airflow/example_dags/example_dag_decorator.py for tasks to queue
[2023-12-20T22:45:07.288+0000] {logging_mixin.py:188} INFO - [2023-12-20T22:45:07.288+0000] {dagbag.py:538} INFO - Filling up the DagBag from /home/airflow/.local/lib/python3.8/site-packages/airflow/example_dags/example_dag_decorator.py
[2023-12-20T22:45:07.369+0000] {processor.py:840} INFO - DAG(s) 'example_dag_decorator' retrieved from /home/airflow/.local/lib/python3.8/site-packages/airflow/example_dags/example_dag_decorator.py
[2023-12-20T22:45:07.477+0000] {logging_mixin.py:188} INFO - [2023-12-20T22:45:07.477+0000] {dag.py:3033} INFO - Sync 1 DAGs
[2023-12-20T22:45:07.486+0000] {logging_mixin.py:188} INFO - [2023-12-20T22:45:07.486+0000] {dag.py:3820} INFO - Setting next_dagrun for example_dag_decorator to None, run_after=None
[2023-12-20T22:45:07.500+0000] {processor.py:183} INFO - Processing /home/airflow/.local/lib/python3.8/site-packages/airflow/example_dags/example_dag_decorator.py took 0.221 seconds
[2023-12-20T22:45:37.660+0000] {processor.py:161} INFO - Started process (PID=837) to work on /home/airflow/.local/lib/python3.8/site-packages/airflow/example_dags/example_dag_decorator.py
[2023-12-20T22:45:37.662+0000] {processor.py:830} INFO - Processing file /home/airflow/.local/lib/python3.8/site-packages/airflow/example_dags/example_dag_decorator.py for tasks to queue
[2023-12-20T22:45:37.665+0000] {logging_mixin.py:188} INFO - [2023-12-20T22:45:37.665+0000] {dagbag.py:538} INFO - Filling up the DagBag from /home/airflow/.local/lib/python3.8/site-packages/airflow/example_dags/example_dag_decorator.py
[2023-12-20T22:45:37.751+0000] {processor.py:840} INFO - DAG(s) 'example_dag_decorator' retrieved from /home/airflow/.local/lib/python3.8/site-packages/airflow/example_dags/example_dag_decorator.py
[2023-12-20T22:45:37.859+0000] {logging_mixin.py:188} INFO - [2023-12-20T22:45:37.859+0000] {dag.py:3033} INFO - Sync 1 DAGs
[2023-12-20T22:45:37.869+0000] {logging_mixin.py:188} INFO - [2023-12-20T22:45:37.869+0000] {dag.py:3820} INFO - Setting next_dagrun for example_dag_decorator to None, run_after=None
[2023-12-20T22:45:37.885+0000] {processor.py:183} INFO - Processing /home/airflow/.local/lib/python3.8/site-packages/airflow/example_dags/example_dag_decorator.py took 0.229 seconds
[2023-12-20T22:46:08.285+0000] {processor.py:161} INFO - Started process (PID=892) to work on /home/airflow/.local/lib/python3.8/site-packages/airflow/example_dags/example_dag_decorator.py
[2023-12-20T22:46:08.286+0000] {processor.py:830} INFO - Processing file /home/airflow/.local/lib/python3.8/site-packages/airflow/example_dags/example_dag_decorator.py for tasks to queue
[2023-12-20T22:46:08.289+0000] {logging_mixin.py:188} INFO - [2023-12-20T22:46:08.289+0000] {dagbag.py:538} INFO - Filling up the DagBag from /home/airflow/.local/lib/python3.8/site-packages/airflow/example_dags/example_dag_decorator.py
[2023-12-20T22:46:08.372+0000] {processor.py:840} INFO - DAG(s) 'example_dag_decorator' retrieved from /home/airflow/.local/lib/python3.8/site-packages/airflow/example_dags/example_dag_decorator.py
[2023-12-20T22:46:08.736+0000] {logging_mixin.py:188} INFO - [2023-12-20T22:46:08.736+0000] {dag.py:3033} INFO - Sync 1 DAGs
[2023-12-20T22:46:08.744+0000] {logging_mixin.py:188} INFO - [2023-12-20T22:46:08.744+0000] {dag.py:3820} INFO - Setting next_dagrun for example_dag_decorator to None, run_after=None
[2023-12-20T22:46:08.757+0000] {processor.py:183} INFO - Processing /home/airflow/.local/lib/python3.8/site-packages/airflow/example_dags/example_dag_decorator.py took 0.477 seconds
[2023-12-20T22:46:39.245+0000] {processor.py:161} INFO - Started process (PID=947) to work on /home/airflow/.local/lib/python3.8/site-packages/airflow/example_dags/example_dag_decorator.py
[2023-12-20T22:46:39.247+0000] {processor.py:830} INFO - Processing file /home/airflow/.local/lib/python3.8/site-packages/airflow/example_dags/example_dag_decorator.py for tasks to queue
[2023-12-20T22:46:39.250+0000] {logging_mixin.py:188} INFO - [2023-12-20T22:46:39.250+0000] {dagbag.py:538} INFO - Filling up the DagBag from /home/airflow/.local/lib/python3.8/site-packages/airflow/example_dags/example_dag_decorator.py
[2023-12-20T22:46:39.339+0000] {processor.py:840} INFO - DAG(s) 'example_dag_decorator' retrieved from /home/airflow/.local/lib/python3.8/site-packages/airflow/example_dags/example_dag_decorator.py
[2023-12-20T22:46:39.727+0000] {logging_mixin.py:188} INFO - [2023-12-20T22:46:39.727+0000] {dag.py:3033} INFO - Sync 1 DAGs
[2023-12-20T22:46:39.735+0000] {logging_mixin.py:188} INFO - [2023-12-20T22:46:39.735+0000] {dag.py:3820} INFO - Setting next_dagrun for example_dag_decorator to None, run_after=None
[2023-12-20T22:46:39.748+0000] {processor.py:183} INFO - Processing /home/airflow/.local/lib/python3.8/site-packages/airflow/example_dags/example_dag_decorator.py took 0.509 seconds
[2023-12-20T22:47:09.969+0000] {processor.py:161} INFO - Started process (PID=1002) to work on /home/airflow/.local/lib/python3.8/site-packages/airflow/example_dags/example_dag_decorator.py
[2023-12-20T22:47:09.971+0000] {processor.py:830} INFO - Processing file /home/airflow/.local/lib/python3.8/site-packages/airflow/example_dags/example_dag_decorator.py for tasks to queue
[2023-12-20T22:47:09.974+0000] {logging_mixin.py:188} INFO - [2023-12-20T22:47:09.974+0000] {dagbag.py:538} INFO - Filling up the DagBag from /home/airflow/.local/lib/python3.8/site-packages/airflow/example_dags/example_dag_decorator.py
[2023-12-20T22:47:10.057+0000] {processor.py:840} INFO - DAG(s) 'example_dag_decorator' retrieved from /home/airflow/.local/lib/python3.8/site-packages/airflow/example_dags/example_dag_decorator.py
[2023-12-20T22:47:10.151+0000] {logging_mixin.py:188} INFO - [2023-12-20T22:47:10.151+0000] {dag.py:3033} INFO - Sync 1 DAGs
[2023-12-20T22:47:10.548+0000] {logging_mixin.py:188} INFO - [2023-12-20T22:47:10.548+0000] {dag.py:3820} INFO - Setting next_dagrun for example_dag_decorator to None, run_after=None
[2023-12-20T22:47:10.568+0000] {processor.py:183} INFO - Processing /home/airflow/.local/lib/python3.8/site-packages/airflow/example_dags/example_dag_decorator.py took 0.603 seconds
[2023-12-20T22:47:40.672+0000] {processor.py:161} INFO - Started process (PID=1060) to work on /home/airflow/.local/lib/python3.8/site-packages/airflow/example_dags/example_dag_decorator.py
[2023-12-20T22:47:40.673+0000] {processor.py:830} INFO - Processing file /home/airflow/.local/lib/python3.8/site-packages/airflow/example_dags/example_dag_decorator.py for tasks to queue
[2023-12-20T22:47:40.676+0000] {logging_mixin.py:188} INFO - [2023-12-20T22:47:40.675+0000] {dagbag.py:538} INFO - Filling up the DagBag from /home/airflow/.local/lib/python3.8/site-packages/airflow/example_dags/example_dag_decorator.py
[2023-12-20T22:47:40.759+0000] {processor.py:840} INFO - DAG(s) 'example_dag_decorator' retrieved from /home/airflow/.local/lib/python3.8/site-packages/airflow/example_dags/example_dag_decorator.py
[2023-12-20T22:47:40.867+0000] {logging_mixin.py:188} INFO - [2023-12-20T22:47:40.866+0000] {dag.py:3033} INFO - Sync 1 DAGs
[2023-12-20T22:47:40.877+0000] {logging_mixin.py:188} INFO - [2023-12-20T22:47:40.877+0000] {dag.py:3820} INFO - Setting next_dagrun for example_dag_decorator to None, run_after=None
[2023-12-20T22:47:41.191+0000] {processor.py:183} INFO - Processing /home/airflow/.local/lib/python3.8/site-packages/airflow/example_dags/example_dag_decorator.py took 0.523 seconds
[2023-12-20T22:48:11.360+0000] {processor.py:161} INFO - Started process (PID=1111) to work on /home/airflow/.local/lib/python3.8/site-packages/airflow/example_dags/example_dag_decorator.py
[2023-12-20T22:48:11.362+0000] {processor.py:830} INFO - Processing file /home/airflow/.local/lib/python3.8/site-packages/airflow/example_dags/example_dag_decorator.py for tasks to queue
[2023-12-20T22:48:11.366+0000] {logging_mixin.py:188} INFO - [2023-12-20T22:48:11.365+0000] {dagbag.py:538} INFO - Filling up the DagBag from /home/airflow/.local/lib/python3.8/site-packages/airflow/example_dags/example_dag_decorator.py
[2023-12-20T22:48:11.472+0000] {processor.py:840} INFO - DAG(s) 'example_dag_decorator' retrieved from /home/airflow/.local/lib/python3.8/site-packages/airflow/example_dags/example_dag_decorator.py
[2023-12-20T22:48:11.834+0000] {logging_mixin.py:188} INFO - [2023-12-20T22:48:11.834+0000] {dag.py:3033} INFO - Sync 1 DAGs
[2023-12-20T22:48:11.847+0000] {logging_mixin.py:188} INFO - [2023-12-20T22:48:11.846+0000] {dag.py:3820} INFO - Setting next_dagrun for example_dag_decorator to None, run_after=None
[2023-12-20T22:48:11.865+0000] {processor.py:183} INFO - Processing /home/airflow/.local/lib/python3.8/site-packages/airflow/example_dags/example_dag_decorator.py took 0.512 seconds
[2023-12-20T22:48:41.927+0000] {processor.py:161} INFO - Started process (PID=1169) to work on /home/airflow/.local/lib/python3.8/site-packages/airflow/example_dags/example_dag_decorator.py
[2023-12-20T22:48:41.929+0000] {processor.py:830} INFO - Processing file /home/airflow/.local/lib/python3.8/site-packages/airflow/example_dags/example_dag_decorator.py for tasks to queue
[2023-12-20T22:48:41.931+0000] {logging_mixin.py:188} INFO - [2023-12-20T22:48:41.931+0000] {dagbag.py:538} INFO - Filling up the DagBag from /home/airflow/.local/lib/python3.8/site-packages/airflow/example_dags/example_dag_decorator.py
[2023-12-20T22:48:42.016+0000] {processor.py:840} INFO - DAG(s) 'example_dag_decorator' retrieved from /home/airflow/.local/lib/python3.8/site-packages/airflow/example_dags/example_dag_decorator.py
[2023-12-20T22:48:42.346+0000] {logging_mixin.py:188} INFO - [2023-12-20T22:48:42.346+0000] {dag.py:3033} INFO - Sync 1 DAGs
[2023-12-20T22:48:42.354+0000] {logging_mixin.py:188} INFO - [2023-12-20T22:48:42.353+0000] {dag.py:3820} INFO - Setting next_dagrun for example_dag_decorator to None, run_after=None
[2023-12-20T22:48:42.366+0000] {processor.py:183} INFO - Processing /home/airflow/.local/lib/python3.8/site-packages/airflow/example_dags/example_dag_decorator.py took 0.443 seconds
[2023-12-20T22:49:12.895+0000] {processor.py:161} INFO - Started process (PID=1227) to work on /home/airflow/.local/lib/python3.8/site-packages/airflow/example_dags/example_dag_decorator.py
[2023-12-20T22:49:12.899+0000] {processor.py:830} INFO - Processing file /home/airflow/.local/lib/python3.8/site-packages/airflow/example_dags/example_dag_decorator.py for tasks to queue
[2023-12-20T22:49:12.906+0000] {logging_mixin.py:188} INFO - [2023-12-20T22:49:12.905+0000] {dagbag.py:538} INFO - Filling up the DagBag from /home/airflow/.local/lib/python3.8/site-packages/airflow/example_dags/example_dag_decorator.py
[2023-12-20T22:49:13.193+0000] {processor.py:840} INFO - DAG(s) 'example_dag_decorator' retrieved from /home/airflow/.local/lib/python3.8/site-packages/airflow/example_dags/example_dag_decorator.py
[2023-12-20T22:49:13.650+0000] {logging_mixin.py:188} INFO - [2023-12-20T22:49:13.649+0000] {dag.py:3033} INFO - Sync 1 DAGs
[2023-12-20T22:49:13.660+0000] {logging_mixin.py:188} INFO - [2023-12-20T22:49:13.660+0000] {dag.py:3820} INFO - Setting next_dagrun for example_dag_decorator to None, run_after=None
[2023-12-20T22:49:13.674+0000] {processor.py:183} INFO - Processing /home/airflow/.local/lib/python3.8/site-packages/airflow/example_dags/example_dag_decorator.py took 0.790 seconds
[2023-12-20T22:49:44.556+0000] {processor.py:161} INFO - Started process (PID=1283) to work on /home/airflow/.local/lib/python3.8/site-packages/airflow/example_dags/example_dag_decorator.py
[2023-12-20T22:49:44.561+0000] {processor.py:830} INFO - Processing file /home/airflow/.local/lib/python3.8/site-packages/airflow/example_dags/example_dag_decorator.py for tasks to queue
[2023-12-20T22:49:44.568+0000] {logging_mixin.py:188} INFO - [2023-12-20T22:49:44.567+0000] {dagbag.py:538} INFO - Filling up the DagBag from /home/airflow/.local/lib/python3.8/site-packages/airflow/example_dags/example_dag_decorator.py
[2023-12-20T22:49:44.989+0000] {processor.py:840} INFO - DAG(s) 'example_dag_decorator' retrieved from /home/airflow/.local/lib/python3.8/site-packages/airflow/example_dags/example_dag_decorator.py
[2023-12-20T22:49:46.291+0000] {logging_mixin.py:188} INFO - [2023-12-20T22:49:46.290+0000] {dag.py:3033} INFO - Sync 1 DAGs
[2023-12-20T22:49:46.307+0000] {logging_mixin.py:188} INFO - [2023-12-20T22:49:46.307+0000] {dag.py:3820} INFO - Setting next_dagrun for example_dag_decorator to None, run_after=None
[2023-12-20T22:49:46.344+0000] {processor.py:183} INFO - Processing /home/airflow/.local/lib/python3.8/site-packages/airflow/example_dags/example_dag_decorator.py took 1.804 seconds
[2023-12-20T22:50:16.958+0000] {processor.py:161} INFO - Started process (PID=1346) to work on /home/airflow/.local/lib/python3.8/site-packages/airflow/example_dags/example_dag_decorator.py
[2023-12-20T22:50:16.960+0000] {processor.py:830} INFO - Processing file /home/airflow/.local/lib/python3.8/site-packages/airflow/example_dags/example_dag_decorator.py for tasks to queue
[2023-12-20T22:50:16.964+0000] {logging_mixin.py:188} INFO - [2023-12-20T22:50:16.963+0000] {dagbag.py:538} INFO - Filling up the DagBag from /home/airflow/.local/lib/python3.8/site-packages/airflow/example_dags/example_dag_decorator.py
[2023-12-20T22:50:17.084+0000] {processor.py:840} INFO - DAG(s) 'example_dag_decorator' retrieved from /home/airflow/.local/lib/python3.8/site-packages/airflow/example_dags/example_dag_decorator.py
[2023-12-20T22:50:17.616+0000] {logging_mixin.py:188} INFO - [2023-12-20T22:50:17.616+0000] {dag.py:3033} INFO - Sync 1 DAGs
[2023-12-20T22:50:17.625+0000] {logging_mixin.py:188} INFO - [2023-12-20T22:50:17.625+0000] {dag.py:3820} INFO - Setting next_dagrun for example_dag_decorator to None, run_after=None
[2023-12-20T22:50:17.640+0000] {processor.py:183} INFO - Processing /home/airflow/.local/lib/python3.8/site-packages/airflow/example_dags/example_dag_decorator.py took 0.687 seconds
[2023-12-20T22:50:48.338+0000] {processor.py:161} INFO - Started process (PID=1404) to work on /home/airflow/.local/lib/python3.8/site-packages/airflow/example_dags/example_dag_decorator.py
[2023-12-20T22:50:48.339+0000] {processor.py:830} INFO - Processing file /home/airflow/.local/lib/python3.8/site-packages/airflow/example_dags/example_dag_decorator.py for tasks to queue
[2023-12-20T22:50:48.342+0000] {logging_mixin.py:188} INFO - [2023-12-20T22:50:48.342+0000] {dagbag.py:538} INFO - Filling up the DagBag from /home/airflow/.local/lib/python3.8/site-packages/airflow/example_dags/example_dag_decorator.py
[2023-12-20T22:50:48.426+0000] {processor.py:840} INFO - DAG(s) 'example_dag_decorator' retrieved from /home/airflow/.local/lib/python3.8/site-packages/airflow/example_dags/example_dag_decorator.py
[2023-12-20T22:50:48.839+0000] {logging_mixin.py:188} INFO - [2023-12-20T22:50:48.838+0000] {dag.py:3033} INFO - Sync 1 DAGs
[2023-12-20T22:50:48.848+0000] {logging_mixin.py:188} INFO - [2023-12-20T22:50:48.847+0000] {dag.py:3820} INFO - Setting next_dagrun for example_dag_decorator to None, run_after=None
[2023-12-20T22:50:48.861+0000] {processor.py:183} INFO - Processing /home/airflow/.local/lib/python3.8/site-packages/airflow/example_dags/example_dag_decorator.py took 0.527 seconds
[2023-12-20T22:51:19.547+0000] {processor.py:161} INFO - Started process (PID=1460) to work on /home/airflow/.local/lib/python3.8/site-packages/airflow/example_dags/example_dag_decorator.py
[2023-12-20T22:51:19.548+0000] {processor.py:830} INFO - Processing file /home/airflow/.local/lib/python3.8/site-packages/airflow/example_dags/example_dag_decorator.py for tasks to queue
[2023-12-20T22:51:19.552+0000] {logging_mixin.py:188} INFO - [2023-12-20T22:51:19.552+0000] {dagbag.py:538} INFO - Filling up the DagBag from /home/airflow/.local/lib/python3.8/site-packages/airflow/example_dags/example_dag_decorator.py
[2023-12-20T22:51:19.641+0000] {processor.py:840} INFO - DAG(s) 'example_dag_decorator' retrieved from /home/airflow/.local/lib/python3.8/site-packages/airflow/example_dags/example_dag_decorator.py
[2023-12-20T22:51:20.086+0000] {logging_mixin.py:188} INFO - [2023-12-20T22:51:20.086+0000] {dag.py:3033} INFO - Sync 1 DAGs
[2023-12-20T22:51:20.096+0000] {logging_mixin.py:188} INFO - [2023-12-20T22:51:20.096+0000] {dag.py:3820} INFO - Setting next_dagrun for example_dag_decorator to None, run_after=None
[2023-12-20T22:51:20.109+0000] {processor.py:183} INFO - Processing /home/airflow/.local/lib/python3.8/site-packages/airflow/example_dags/example_dag_decorator.py took 0.568 seconds
[2023-12-20T22:51:50.175+0000] {processor.py:161} INFO - Started process (PID=1515) to work on /home/airflow/.local/lib/python3.8/site-packages/airflow/example_dags/example_dag_decorator.py
[2023-12-20T22:51:50.177+0000] {processor.py:830} INFO - Processing file /home/airflow/.local/lib/python3.8/site-packages/airflow/example_dags/example_dag_decorator.py for tasks to queue
[2023-12-20T22:51:50.180+0000] {logging_mixin.py:188} INFO - [2023-12-20T22:51:50.179+0000] {dagbag.py:538} INFO - Filling up the DagBag from /home/airflow/.local/lib/python3.8/site-packages/airflow/example_dags/example_dag_decorator.py
[2023-12-20T22:51:50.283+0000] {processor.py:840} INFO - DAG(s) 'example_dag_decorator' retrieved from /home/airflow/.local/lib/python3.8/site-packages/airflow/example_dags/example_dag_decorator.py
[2023-12-20T22:51:50.760+0000] {logging_mixin.py:188} INFO - [2023-12-20T22:51:50.759+0000] {dag.py:3033} INFO - Sync 1 DAGs
[2023-12-20T22:51:50.775+0000] {logging_mixin.py:188} INFO - [2023-12-20T22:51:50.775+0000] {dag.py:3820} INFO - Setting next_dagrun for example_dag_decorator to None, run_after=None
[2023-12-20T22:51:50.790+0000] {processor.py:183} INFO - Processing /home/airflow/.local/lib/python3.8/site-packages/airflow/example_dags/example_dag_decorator.py took 0.620 seconds
[2023-12-20T22:52:21.553+0000] {processor.py:161} INFO - Started process (PID=1570) to work on /home/airflow/.local/lib/python3.8/site-packages/airflow/example_dags/example_dag_decorator.py
[2023-12-20T22:52:21.554+0000] {processor.py:830} INFO - Processing file /home/airflow/.local/lib/python3.8/site-packages/airflow/example_dags/example_dag_decorator.py for tasks to queue
[2023-12-20T22:52:21.557+0000] {logging_mixin.py:188} INFO - [2023-12-20T22:52:21.557+0000] {dagbag.py:538} INFO - Filling up the DagBag from /home/airflow/.local/lib/python3.8/site-packages/airflow/example_dags/example_dag_decorator.py
[2023-12-20T22:52:21.633+0000] {processor.py:840} INFO - DAG(s) 'example_dag_decorator' retrieved from /home/airflow/.local/lib/python3.8/site-packages/airflow/example_dags/example_dag_decorator.py
[2023-12-20T22:52:21.857+0000] {logging_mixin.py:188} INFO - [2023-12-20T22:52:21.857+0000] {dag.py:3033} INFO - Sync 1 DAGs
[2023-12-20T22:52:21.866+0000] {logging_mixin.py:188} INFO - [2023-12-20T22:52:21.866+0000] {dag.py:3820} INFO - Setting next_dagrun for example_dag_decorator to None, run_after=None
[2023-12-20T22:52:21.879+0000] {processor.py:183} INFO - Processing /home/airflow/.local/lib/python3.8/site-packages/airflow/example_dags/example_dag_decorator.py took 0.331 seconds
[2023-12-20T22:52:52.020+0000] {processor.py:161} INFO - Started process (PID=1625) to work on /home/airflow/.local/lib/python3.8/site-packages/airflow/example_dags/example_dag_decorator.py
[2023-12-20T22:52:52.027+0000] {processor.py:830} INFO - Processing file /home/airflow/.local/lib/python3.8/site-packages/airflow/example_dags/example_dag_decorator.py for tasks to queue
[2023-12-20T22:52:52.031+0000] {logging_mixin.py:188} INFO - [2023-12-20T22:52:52.030+0000] {dagbag.py:538} INFO - Filling up the DagBag from /home/airflow/.local/lib/python3.8/site-packages/airflow/example_dags/example_dag_decorator.py
[2023-12-20T22:52:52.475+0000] {processor.py:840} INFO - DAG(s) 'example_dag_decorator' retrieved from /home/airflow/.local/lib/python3.8/site-packages/airflow/example_dags/example_dag_decorator.py
[2023-12-20T22:52:52.592+0000] {logging_mixin.py:188} INFO - [2023-12-20T22:52:52.592+0000] {dag.py:3033} INFO - Sync 1 DAGs
[2023-12-20T22:52:52.602+0000] {logging_mixin.py:188} INFO - [2023-12-20T22:52:52.602+0000] {dag.py:3820} INFO - Setting next_dagrun for example_dag_decorator to None, run_after=None
[2023-12-20T22:52:52.618+0000] {processor.py:183} INFO - Processing /home/airflow/.local/lib/python3.8/site-packages/airflow/example_dags/example_dag_decorator.py took 0.602 seconds
[2023-12-20T22:53:23.422+0000] {processor.py:161} INFO - Started process (PID=1681) to work on /home/airflow/.local/lib/python3.8/site-packages/airflow/example_dags/example_dag_decorator.py
[2023-12-20T22:53:23.425+0000] {processor.py:830} INFO - Processing file /home/airflow/.local/lib/python3.8/site-packages/airflow/example_dags/example_dag_decorator.py for tasks to queue
[2023-12-20T22:53:23.428+0000] {logging_mixin.py:188} INFO - [2023-12-20T22:53:23.428+0000] {dagbag.py:538} INFO - Filling up the DagBag from /home/airflow/.local/lib/python3.8/site-packages/airflow/example_dags/example_dag_decorator.py
[2023-12-20T22:53:23.839+0000] {processor.py:840} INFO - DAG(s) 'example_dag_decorator' retrieved from /home/airflow/.local/lib/python3.8/site-packages/airflow/example_dags/example_dag_decorator.py
[2023-12-20T22:53:23.929+0000] {logging_mixin.py:188} INFO - [2023-12-20T22:53:23.929+0000] {dag.py:3033} INFO - Sync 1 DAGs
[2023-12-20T22:53:23.939+0000] {logging_mixin.py:188} INFO - [2023-12-20T22:53:23.939+0000] {dag.py:3820} INFO - Setting next_dagrun for example_dag_decorator to None, run_after=None
[2023-12-20T22:53:23.952+0000] {processor.py:183} INFO - Processing /home/airflow/.local/lib/python3.8/site-packages/airflow/example_dags/example_dag_decorator.py took 0.535 seconds
[2023-12-20T22:53:54.879+0000] {processor.py:161} INFO - Started process (PID=1737) to work on /home/airflow/.local/lib/python3.8/site-packages/airflow/example_dags/example_dag_decorator.py
[2023-12-20T22:53:54.890+0000] {processor.py:830} INFO - Processing file /home/airflow/.local/lib/python3.8/site-packages/airflow/example_dags/example_dag_decorator.py for tasks to queue
[2023-12-20T22:53:54.905+0000] {logging_mixin.py:188} INFO - [2023-12-20T22:53:54.904+0000] {dagbag.py:538} INFO - Filling up the DagBag from /home/airflow/.local/lib/python3.8/site-packages/airflow/example_dags/example_dag_decorator.py
[2023-12-20T22:53:55.356+0000] {processor.py:840} INFO - DAG(s) 'example_dag_decorator' retrieved from /home/airflow/.local/lib/python3.8/site-packages/airflow/example_dags/example_dag_decorator.py
[2023-12-20T22:53:56.841+0000] {logging_mixin.py:188} INFO - [2023-12-20T22:53:56.841+0000] {dag.py:3033} INFO - Sync 1 DAGs
[2023-12-20T22:53:56.873+0000] {logging_mixin.py:188} INFO - [2023-12-20T22:53:56.872+0000] {dag.py:3820} INFO - Setting next_dagrun for example_dag_decorator to None, run_after=None
[2023-12-20T22:53:56.938+0000] {processor.py:183} INFO - Processing /home/airflow/.local/lib/python3.8/site-packages/airflow/example_dags/example_dag_decorator.py took 2.106 seconds
[2023-12-20T22:54:59.249+0000] {processor.py:161} INFO - Started process (PID=1804) to work on /home/airflow/.local/lib/python3.8/site-packages/airflow/example_dags/example_dag_decorator.py
[2023-12-20T22:54:59.258+0000] {processor.py:830} INFO - Processing file /home/airflow/.local/lib/python3.8/site-packages/airflow/example_dags/example_dag_decorator.py for tasks to queue
[2023-12-20T22:54:59.331+0000] {logging_mixin.py:188} INFO - [2023-12-20T22:54:59.330+0000] {dagbag.py:538} INFO - Filling up the DagBag from /home/airflow/.local/lib/python3.8/site-packages/airflow/example_dags/example_dag_decorator.py
[2023-12-20T22:55:00.710+0000] {processor.py:840} INFO - DAG(s) 'example_dag_decorator' retrieved from /home/airflow/.local/lib/python3.8/site-packages/airflow/example_dags/example_dag_decorator.py
[2023-12-20T22:55:10.123+0000] {logging_mixin.py:188} INFO - [2023-12-20T22:55:10.122+0000] {dag.py:3033} INFO - Sync 1 DAGs
[2023-12-20T22:55:10.160+0000] {logging_mixin.py:188} INFO - [2023-12-20T22:55:10.159+0000] {dag.py:3820} INFO - Setting next_dagrun for example_dag_decorator to None, run_after=None
[2023-12-20T22:55:10.258+0000] {processor.py:183} INFO - Processing /home/airflow/.local/lib/python3.8/site-packages/airflow/example_dags/example_dag_decorator.py took 11.036 seconds
[2023-12-20T22:56:01.650+0000] {processor.py:161} INFO - Started process (PID=1873) to work on /home/airflow/.local/lib/python3.8/site-packages/airflow/example_dags/example_dag_decorator.py
[2023-12-20T22:56:01.654+0000] {processor.py:830} INFO - Processing file /home/airflow/.local/lib/python3.8/site-packages/airflow/example_dags/example_dag_decorator.py for tasks to queue
[2023-12-20T22:56:01.666+0000] {logging_mixin.py:188} INFO - [2023-12-20T22:56:01.665+0000] {dagbag.py:538} INFO - Filling up the DagBag from /home/airflow/.local/lib/python3.8/site-packages/airflow/example_dags/example_dag_decorator.py
[2023-12-20T22:56:02.130+0000] {processor.py:840} INFO - DAG(s) 'example_dag_decorator' retrieved from /home/airflow/.local/lib/python3.8/site-packages/airflow/example_dags/example_dag_decorator.py
[2023-12-20T22:56:04.538+0000] {logging_mixin.py:188} INFO - [2023-12-20T22:56:04.536+0000] {dag.py:3033} INFO - Sync 1 DAGs
[2023-12-20T22:56:04.617+0000] {logging_mixin.py:188} INFO - [2023-12-20T22:56:04.617+0000] {dag.py:3820} INFO - Setting next_dagrun for example_dag_decorator to None, run_after=None
[2023-12-20T22:56:04.726+0000] {processor.py:183} INFO - Processing /home/airflow/.local/lib/python3.8/site-packages/airflow/example_dags/example_dag_decorator.py took 3.090 seconds
[2023-12-20T22:56:43.693+0000] {processor.py:161} INFO - Started process (PID=1937) to work on /home/airflow/.local/lib/python3.8/site-packages/airflow/example_dags/example_dag_decorator.py
[2023-12-20T22:56:43.696+0000] {processor.py:830} INFO - Processing file /home/airflow/.local/lib/python3.8/site-packages/airflow/example_dags/example_dag_decorator.py for tasks to queue
[2023-12-20T22:56:43.705+0000] {logging_mixin.py:188} INFO - [2023-12-20T22:56:43.704+0000] {dagbag.py:538} INFO - Filling up the DagBag from /home/airflow/.local/lib/python3.8/site-packages/airflow/example_dags/example_dag_decorator.py
[2023-12-20T22:56:44.181+0000] {processor.py:840} INFO - DAG(s) 'example_dag_decorator' retrieved from /home/airflow/.local/lib/python3.8/site-packages/airflow/example_dags/example_dag_decorator.py
[2023-12-20T22:56:44.321+0000] {logging_mixin.py:188} INFO - [2023-12-20T22:56:44.320+0000] {dag.py:3033} INFO - Sync 1 DAGs
[2023-12-20T22:56:45.894+0000] {logging_mixin.py:188} INFO - [2023-12-20T22:56:45.893+0000] {dag.py:3820} INFO - Setting next_dagrun for example_dag_decorator to None, run_after=None
[2023-12-20T22:56:46.005+0000] {processor.py:183} INFO - Processing /home/airflow/.local/lib/python3.8/site-packages/airflow/example_dags/example_dag_decorator.py took 2.325 seconds
[2023-12-20T22:57:56.454+0000] {processor.py:161} INFO - Started process (PID=2007) to work on /home/airflow/.local/lib/python3.8/site-packages/airflow/example_dags/example_dag_decorator.py
[2023-12-20T22:57:56.471+0000] {processor.py:830} INFO - Processing file /home/airflow/.local/lib/python3.8/site-packages/airflow/example_dags/example_dag_decorator.py for tasks to queue
[2023-12-20T22:57:56.494+0000] {logging_mixin.py:188} INFO - [2023-12-20T22:57:56.489+0000] {dagbag.py:538} INFO - Filling up the DagBag from /home/airflow/.local/lib/python3.8/site-packages/airflow/example_dags/example_dag_decorator.py
[2023-12-20T22:57:57.406+0000] {processor.py:840} INFO - DAG(s) 'example_dag_decorator' retrieved from /home/airflow/.local/lib/python3.8/site-packages/airflow/example_dags/example_dag_decorator.py
[2023-12-20T22:58:17.993+0000] {logging_mixin.py:188} INFO - [2023-12-20T22:58:17.968+0000] {dag.py:3033} INFO - Sync 1 DAGs
[2023-12-20T22:58:18.444+0000] {logging_mixin.py:188} INFO - [2023-12-20T22:58:18.444+0000] {dag.py:3820} INFO - Setting next_dagrun for example_dag_decorator to None, run_after=None
[2023-12-20T22:58:18.721+0000] {processor.py:183} INFO - Processing /home/airflow/.local/lib/python3.8/site-packages/airflow/example_dags/example_dag_decorator.py took 22.343 seconds
[2023-12-20T22:59:57.789+0000] {processor.py:161} INFO - Started process (PID=2067) to work on /home/airflow/.local/lib/python3.8/site-packages/airflow/example_dags/example_dag_decorator.py
[2023-12-20T22:59:57.796+0000] {processor.py:830} INFO - Processing file /home/airflow/.local/lib/python3.8/site-packages/airflow/example_dags/example_dag_decorator.py for tasks to queue
[2023-12-20T22:59:57.824+0000] {logging_mixin.py:188} INFO - [2023-12-20T22:59:57.819+0000] {dagbag.py:538} INFO - Filling up the DagBag from /home/airflow/.local/lib/python3.8/site-packages/airflow/example_dags/example_dag_decorator.py
[2023-12-20T23:00:03.188+0000] {processor.py:840} INFO - DAG(s) 'example_dag_decorator' retrieved from /home/airflow/.local/lib/python3.8/site-packages/airflow/example_dags/example_dag_decorator.py
[2023-12-20T23:00:04.177+0000] {logging_mixin.py:188} INFO - [2023-12-20T23:00:04.175+0000] {dag.py:3033} INFO - Sync 1 DAGs
[2023-12-20T23:00:04.299+0000] {logging_mixin.py:188} INFO - [2023-12-20T23:00:04.291+0000] {dag.py:3820} INFO - Setting next_dagrun for example_dag_decorator to None, run_after=None
[2023-12-20T23:00:04.526+0000] {processor.py:183} INFO - Processing /home/airflow/.local/lib/python3.8/site-packages/airflow/example_dags/example_dag_decorator.py took 6.933 seconds
[2023-12-20T23:01:39.522+0000] {processor.py:161} INFO - Started process (PID=2161) to work on /home/airflow/.local/lib/python3.8/site-packages/airflow/example_dags/example_dag_decorator.py
[2023-12-20T23:01:39.531+0000] {processor.py:830} INFO - Processing file /home/airflow/.local/lib/python3.8/site-packages/airflow/example_dags/example_dag_decorator.py for tasks to queue
[2023-12-20T23:01:39.543+0000] {logging_mixin.py:188} INFO - [2023-12-20T23:01:39.542+0000] {dagbag.py:538} INFO - Filling up the DagBag from /home/airflow/.local/lib/python3.8/site-packages/airflow/example_dags/example_dag_decorator.py
[2023-12-20T23:01:45.886+0000] {processor.py:840} INFO - DAG(s) 'example_dag_decorator' retrieved from /home/airflow/.local/lib/python3.8/site-packages/airflow/example_dags/example_dag_decorator.py
[2023-12-20T23:01:46.831+0000] {logging_mixin.py:188} INFO - [2023-12-20T23:01:46.830+0000] {dag.py:3033} INFO - Sync 1 DAGs
[2023-12-20T23:01:46.929+0000] {logging_mixin.py:188} INFO - [2023-12-20T23:01:46.928+0000] {dag.py:3820} INFO - Setting next_dagrun for example_dag_decorator to None, run_after=None
[2023-12-20T23:01:47.017+0000] {processor.py:183} INFO - Processing /home/airflow/.local/lib/python3.8/site-packages/airflow/example_dags/example_dag_decorator.py took 7.525 seconds
[2023-12-20T23:02:56.569+0000] {processor.py:161} INFO - Started process (PID=2236) to work on /home/airflow/.local/lib/python3.8/site-packages/airflow/example_dags/example_dag_decorator.py
[2023-12-20T23:02:56.574+0000] {processor.py:830} INFO - Processing file /home/airflow/.local/lib/python3.8/site-packages/airflow/example_dags/example_dag_decorator.py for tasks to queue
[2023-12-20T23:02:56.588+0000] {logging_mixin.py:188} INFO - [2023-12-20T23:02:56.587+0000] {dagbag.py:538} INFO - Filling up the DagBag from /home/airflow/.local/lib/python3.8/site-packages/airflow/example_dags/example_dag_decorator.py
[2023-12-20T23:02:57.262+0000] {processor.py:840} INFO - DAG(s) 'example_dag_decorator' retrieved from /home/airflow/.local/lib/python3.8/site-packages/airflow/example_dags/example_dag_decorator.py
[2023-12-20T23:02:59.082+0000] {logging_mixin.py:188} INFO - [2023-12-20T23:02:59.081+0000] {dag.py:3033} INFO - Sync 1 DAGs
[2023-12-20T23:02:59.300+0000] {logging_mixin.py:188} INFO - [2023-12-20T23:02:59.300+0000] {dag.py:3820} INFO - Setting next_dagrun for example_dag_decorator to None, run_after=None
[2023-12-20T23:02:59.622+0000] {processor.py:183} INFO - Processing /home/airflow/.local/lib/python3.8/site-packages/airflow/example_dags/example_dag_decorator.py took 3.073 seconds
[2023-12-20T23:05:48.963+0000] {processor.py:161} INFO - Started process (PID=2318) to work on /home/airflow/.local/lib/python3.8/site-packages/airflow/example_dags/example_dag_decorator.py
[2023-12-20T23:05:48.985+0000] {processor.py:830} INFO - Processing file /home/airflow/.local/lib/python3.8/site-packages/airflow/example_dags/example_dag_decorator.py for tasks to queue
[2023-12-20T23:05:49.122+0000] {logging_mixin.py:188} INFO - [2023-12-20T23:05:49.120+0000] {dagbag.py:538} INFO - Filling up the DagBag from /home/airflow/.local/lib/python3.8/site-packages/airflow/example_dags/example_dag_decorator.py
[2023-12-20T23:05:51.689+0000] {processor.py:840} INFO - DAG(s) 'example_dag_decorator' retrieved from /home/airflow/.local/lib/python3.8/site-packages/airflow/example_dags/example_dag_decorator.py
[2023-12-20T23:05:53.583+0000] {logging_mixin.py:188} INFO - [2023-12-20T23:05:53.580+0000] {dag.py:3033} INFO - Sync 1 DAGs
[2023-12-20T23:05:53.890+0000] {logging_mixin.py:188} INFO - [2023-12-20T23:05:53.889+0000] {dag.py:3820} INFO - Setting next_dagrun for example_dag_decorator to None, run_after=None
[2023-12-20T23:05:54.208+0000] {processor.py:183} INFO - Processing /home/airflow/.local/lib/python3.8/site-packages/airflow/example_dags/example_dag_decorator.py took 5.278 seconds
