[2023-12-20T22:38:29.187+0000] {processor.py:161} INFO - Started process (PID=66) to work on /home/airflow/.local/lib/python3.8/site-packages/airflow/example_dags/example_task_group.py
[2023-12-20T22:38:29.191+0000] {processor.py:830} INFO - Processing file /home/airflow/.local/lib/python3.8/site-packages/airflow/example_dags/example_task_group.py for tasks to queue
[2023-12-20T22:38:29.196+0000] {logging_mixin.py:188} INFO - [2023-12-20T22:38:29.195+0000] {dagbag.py:538} INFO - Filling up the DagBag from /home/airflow/.local/lib/python3.8/site-packages/airflow/example_dags/example_task_group.py
[2023-12-20T22:38:29.216+0000] {processor.py:840} INFO - DAG(s) 'example_task_group' retrieved from /home/airflow/.local/lib/python3.8/site-packages/airflow/example_dags/example_task_group.py
[2023-12-20T22:38:29.423+0000] {logging_mixin.py:188} INFO - [2023-12-20T22:38:29.423+0000] {dag.py:3033} INFO - Sync 1 DAGs
[2023-12-20T22:38:29.459+0000] {logging_mixin.py:188} INFO - [2023-12-20T22:38:29.458+0000] {dag.py:3820} INFO - Setting next_dagrun for example_task_group to 2023-12-19T00:00:00+00:00, run_after=2023-12-20T00:00:00+00:00
[2023-12-20T22:38:29.492+0000] {processor.py:183} INFO - Processing /home/airflow/.local/lib/python3.8/site-packages/airflow/example_dags/example_task_group.py took 0.311 seconds
[2023-12-20T22:38:59.931+0000] {processor.py:161} INFO - Started process (PID=121) to work on /home/airflow/.local/lib/python3.8/site-packages/airflow/example_dags/example_task_group.py
[2023-12-20T22:38:59.932+0000] {processor.py:830} INFO - Processing file /home/airflow/.local/lib/python3.8/site-packages/airflow/example_dags/example_task_group.py for tasks to queue
[2023-12-20T22:38:59.935+0000] {logging_mixin.py:188} INFO - [2023-12-20T22:38:59.934+0000] {dagbag.py:538} INFO - Filling up the DagBag from /home/airflow/.local/lib/python3.8/site-packages/airflow/example_dags/example_task_group.py
[2023-12-20T22:38:59.942+0000] {processor.py:840} INFO - DAG(s) 'example_task_group' retrieved from /home/airflow/.local/lib/python3.8/site-packages/airflow/example_dags/example_task_group.py
[2023-12-20T22:38:59.964+0000] {logging_mixin.py:188} INFO - [2023-12-20T22:38:59.964+0000] {dag.py:3033} INFO - Sync 1 DAGs
[2023-12-20T22:38:59.984+0000] {logging_mixin.py:188} INFO - [2023-12-20T22:38:59.984+0000] {dag.py:3820} INFO - Setting next_dagrun for example_task_group to 2023-12-19T00:00:00+00:00, run_after=2023-12-20T00:00:00+00:00
[2023-12-20T22:38:59.997+0000] {processor.py:183} INFO - Processing /home/airflow/.local/lib/python3.8/site-packages/airflow/example_dags/example_task_group.py took 0.071 seconds
[2023-12-20T22:39:30.523+0000] {processor.py:161} INFO - Started process (PID=176) to work on /home/airflow/.local/lib/python3.8/site-packages/airflow/example_dags/example_task_group.py
[2023-12-20T22:39:30.524+0000] {processor.py:830} INFO - Processing file /home/airflow/.local/lib/python3.8/site-packages/airflow/example_dags/example_task_group.py for tasks to queue
[2023-12-20T22:39:30.527+0000] {logging_mixin.py:188} INFO - [2023-12-20T22:39:30.526+0000] {dagbag.py:538} INFO - Filling up the DagBag from /home/airflow/.local/lib/python3.8/site-packages/airflow/example_dags/example_task_group.py
[2023-12-20T22:39:30.534+0000] {processor.py:840} INFO - DAG(s) 'example_task_group' retrieved from /home/airflow/.local/lib/python3.8/site-packages/airflow/example_dags/example_task_group.py
[2023-12-20T22:39:30.559+0000] {logging_mixin.py:188} INFO - [2023-12-20T22:39:30.559+0000] {dag.py:3033} INFO - Sync 1 DAGs
[2023-12-20T22:39:30.578+0000] {logging_mixin.py:188} INFO - [2023-12-20T22:39:30.578+0000] {dag.py:3820} INFO - Setting next_dagrun for example_task_group to 2023-12-19T00:00:00+00:00, run_after=2023-12-20T00:00:00+00:00
[2023-12-20T22:39:30.593+0000] {processor.py:183} INFO - Processing /home/airflow/.local/lib/python3.8/site-packages/airflow/example_dags/example_task_group.py took 0.074 seconds
[2023-12-20T22:40:00.865+0000] {processor.py:161} INFO - Started process (PID=232) to work on /home/airflow/.local/lib/python3.8/site-packages/airflow/example_dags/example_task_group.py
[2023-12-20T22:40:00.867+0000] {processor.py:830} INFO - Processing file /home/airflow/.local/lib/python3.8/site-packages/airflow/example_dags/example_task_group.py for tasks to queue
[2023-12-20T22:40:00.870+0000] {logging_mixin.py:188} INFO - [2023-12-20T22:40:00.869+0000] {dagbag.py:538} INFO - Filling up the DagBag from /home/airflow/.local/lib/python3.8/site-packages/airflow/example_dags/example_task_group.py
[2023-12-20T22:40:00.878+0000] {processor.py:840} INFO - DAG(s) 'example_task_group' retrieved from /home/airflow/.local/lib/python3.8/site-packages/airflow/example_dags/example_task_group.py
[2023-12-20T22:40:00.905+0000] {logging_mixin.py:188} INFO - [2023-12-20T22:40:00.904+0000] {dag.py:3033} INFO - Sync 1 DAGs
[2023-12-20T22:40:00.928+0000] {logging_mixin.py:188} INFO - [2023-12-20T22:40:00.928+0000] {dag.py:3820} INFO - Setting next_dagrun for example_task_group to 2023-12-19T00:00:00+00:00, run_after=2023-12-20T00:00:00+00:00
[2023-12-20T22:40:00.948+0000] {processor.py:183} INFO - Processing /home/airflow/.local/lib/python3.8/site-packages/airflow/example_dags/example_task_group.py took 0.087 seconds
[2023-12-20T22:40:31.354+0000] {processor.py:161} INFO - Started process (PID=287) to work on /home/airflow/.local/lib/python3.8/site-packages/airflow/example_dags/example_task_group.py
[2023-12-20T22:40:31.356+0000] {processor.py:830} INFO - Processing file /home/airflow/.local/lib/python3.8/site-packages/airflow/example_dags/example_task_group.py for tasks to queue
[2023-12-20T22:40:31.359+0000] {logging_mixin.py:188} INFO - [2023-12-20T22:40:31.359+0000] {dagbag.py:538} INFO - Filling up the DagBag from /home/airflow/.local/lib/python3.8/site-packages/airflow/example_dags/example_task_group.py
[2023-12-20T22:40:31.370+0000] {processor.py:840} INFO - DAG(s) 'example_task_group' retrieved from /home/airflow/.local/lib/python3.8/site-packages/airflow/example_dags/example_task_group.py
[2023-12-20T22:40:31.403+0000] {logging_mixin.py:188} INFO - [2023-12-20T22:40:31.403+0000] {dag.py:3033} INFO - Sync 1 DAGs
[2023-12-20T22:40:31.424+0000] {logging_mixin.py:188} INFO - [2023-12-20T22:40:31.424+0000] {dag.py:3820} INFO - Setting next_dagrun for example_task_group to 2023-12-19T00:00:00+00:00, run_after=2023-12-20T00:00:00+00:00
[2023-12-20T22:40:31.440+0000] {processor.py:183} INFO - Processing /home/airflow/.local/lib/python3.8/site-packages/airflow/example_dags/example_task_group.py took 0.093 seconds
[2023-12-20T22:41:01.491+0000] {processor.py:161} INFO - Started process (PID=342) to work on /home/airflow/.local/lib/python3.8/site-packages/airflow/example_dags/example_task_group.py
[2023-12-20T22:41:01.492+0000] {processor.py:830} INFO - Processing file /home/airflow/.local/lib/python3.8/site-packages/airflow/example_dags/example_task_group.py for tasks to queue
[2023-12-20T22:41:01.495+0000] {logging_mixin.py:188} INFO - [2023-12-20T22:41:01.494+0000] {dagbag.py:538} INFO - Filling up the DagBag from /home/airflow/.local/lib/python3.8/site-packages/airflow/example_dags/example_task_group.py
[2023-12-20T22:41:01.503+0000] {processor.py:840} INFO - DAG(s) 'example_task_group' retrieved from /home/airflow/.local/lib/python3.8/site-packages/airflow/example_dags/example_task_group.py
[2023-12-20T22:41:01.530+0000] {logging_mixin.py:188} INFO - [2023-12-20T22:41:01.530+0000] {dag.py:3033} INFO - Sync 1 DAGs
[2023-12-20T22:41:01.549+0000] {logging_mixin.py:188} INFO - [2023-12-20T22:41:01.549+0000] {dag.py:3820} INFO - Setting next_dagrun for example_task_group to 2023-12-19T00:00:00+00:00, run_after=2023-12-20T00:00:00+00:00
[2023-12-20T22:41:01.565+0000] {processor.py:183} INFO - Processing /home/airflow/.local/lib/python3.8/site-packages/airflow/example_dags/example_task_group.py took 0.078 seconds
[2023-12-20T22:41:31.917+0000] {processor.py:161} INFO - Started process (PID=396) to work on /home/airflow/.local/lib/python3.8/site-packages/airflow/example_dags/example_task_group.py
[2023-12-20T22:41:31.918+0000] {processor.py:830} INFO - Processing file /home/airflow/.local/lib/python3.8/site-packages/airflow/example_dags/example_task_group.py for tasks to queue
[2023-12-20T22:41:31.921+0000] {logging_mixin.py:188} INFO - [2023-12-20T22:41:31.920+0000] {dagbag.py:538} INFO - Filling up the DagBag from /home/airflow/.local/lib/python3.8/site-packages/airflow/example_dags/example_task_group.py
[2023-12-20T22:41:31.928+0000] {processor.py:840} INFO - DAG(s) 'example_task_group' retrieved from /home/airflow/.local/lib/python3.8/site-packages/airflow/example_dags/example_task_group.py
[2023-12-20T22:41:31.951+0000] {logging_mixin.py:188} INFO - [2023-12-20T22:41:31.950+0000] {dag.py:3033} INFO - Sync 1 DAGs
[2023-12-20T22:41:31.967+0000] {logging_mixin.py:188} INFO - [2023-12-20T22:41:31.967+0000] {dag.py:3820} INFO - Setting next_dagrun for example_task_group to 2023-12-19T00:00:00+00:00, run_after=2023-12-20T00:00:00+00:00
[2023-12-20T22:41:31.981+0000] {processor.py:183} INFO - Processing /home/airflow/.local/lib/python3.8/site-packages/airflow/example_dags/example_task_group.py took 0.068 seconds
[2023-12-20T22:42:02.206+0000] {processor.py:161} INFO - Started process (PID=451) to work on /home/airflow/.local/lib/python3.8/site-packages/airflow/example_dags/example_task_group.py
[2023-12-20T22:42:02.208+0000] {processor.py:830} INFO - Processing file /home/airflow/.local/lib/python3.8/site-packages/airflow/example_dags/example_task_group.py for tasks to queue
[2023-12-20T22:42:02.213+0000] {logging_mixin.py:188} INFO - [2023-12-20T22:42:02.212+0000] {dagbag.py:538} INFO - Filling up the DagBag from /home/airflow/.local/lib/python3.8/site-packages/airflow/example_dags/example_task_group.py
[2023-12-20T22:42:02.226+0000] {processor.py:840} INFO - DAG(s) 'example_task_group' retrieved from /home/airflow/.local/lib/python3.8/site-packages/airflow/example_dags/example_task_group.py
[2023-12-20T22:42:02.263+0000] {logging_mixin.py:188} INFO - [2023-12-20T22:42:02.263+0000] {dag.py:3033} INFO - Sync 1 DAGs
[2023-12-20T22:42:02.298+0000] {logging_mixin.py:188} INFO - [2023-12-20T22:42:02.298+0000] {dag.py:3820} INFO - Setting next_dagrun for example_task_group to 2023-12-19T00:00:00+00:00, run_after=2023-12-20T00:00:00+00:00
[2023-12-20T22:42:02.316+0000] {processor.py:183} INFO - Processing /home/airflow/.local/lib/python3.8/site-packages/airflow/example_dags/example_task_group.py took 0.117 seconds
[2023-12-20T22:42:33.210+0000] {processor.py:161} INFO - Started process (PID=506) to work on /home/airflow/.local/lib/python3.8/site-packages/airflow/example_dags/example_task_group.py
[2023-12-20T22:42:33.212+0000] {processor.py:830} INFO - Processing file /home/airflow/.local/lib/python3.8/site-packages/airflow/example_dags/example_task_group.py for tasks to queue
[2023-12-20T22:42:33.216+0000] {logging_mixin.py:188} INFO - [2023-12-20T22:42:33.215+0000] {dagbag.py:538} INFO - Filling up the DagBag from /home/airflow/.local/lib/python3.8/site-packages/airflow/example_dags/example_task_group.py
[2023-12-20T22:42:33.227+0000] {processor.py:840} INFO - DAG(s) 'example_task_group' retrieved from /home/airflow/.local/lib/python3.8/site-packages/airflow/example_dags/example_task_group.py
[2023-12-20T22:42:33.262+0000] {logging_mixin.py:188} INFO - [2023-12-20T22:42:33.261+0000] {dag.py:3033} INFO - Sync 1 DAGs
[2023-12-20T22:42:33.288+0000] {logging_mixin.py:188} INFO - [2023-12-20T22:42:33.288+0000] {dag.py:3820} INFO - Setting next_dagrun for example_task_group to 2023-12-19T00:00:00+00:00, run_after=2023-12-20T00:00:00+00:00
[2023-12-20T22:42:33.304+0000] {processor.py:183} INFO - Processing /home/airflow/.local/lib/python3.8/site-packages/airflow/example_dags/example_task_group.py took 0.099 seconds
[2023-12-20T22:43:04.291+0000] {processor.py:161} INFO - Started process (PID=560) to work on /home/airflow/.local/lib/python3.8/site-packages/airflow/example_dags/example_task_group.py
[2023-12-20T22:43:04.293+0000] {processor.py:830} INFO - Processing file /home/airflow/.local/lib/python3.8/site-packages/airflow/example_dags/example_task_group.py for tasks to queue
[2023-12-20T22:43:04.295+0000] {logging_mixin.py:188} INFO - [2023-12-20T22:43:04.295+0000] {dagbag.py:538} INFO - Filling up the DagBag from /home/airflow/.local/lib/python3.8/site-packages/airflow/example_dags/example_task_group.py
[2023-12-20T22:43:04.304+0000] {processor.py:840} INFO - DAG(s) 'example_task_group' retrieved from /home/airflow/.local/lib/python3.8/site-packages/airflow/example_dags/example_task_group.py
[2023-12-20T22:43:04.328+0000] {logging_mixin.py:188} INFO - [2023-12-20T22:43:04.327+0000] {dag.py:3033} INFO - Sync 1 DAGs
[2023-12-20T22:43:04.345+0000] {logging_mixin.py:188} INFO - [2023-12-20T22:43:04.345+0000] {dag.py:3820} INFO - Setting next_dagrun for example_task_group to 2023-12-19T00:00:00+00:00, run_after=2023-12-20T00:00:00+00:00
[2023-12-20T22:43:04.360+0000] {processor.py:183} INFO - Processing /home/airflow/.local/lib/python3.8/site-packages/airflow/example_dags/example_task_group.py took 0.072 seconds
[2023-12-20T22:43:34.759+0000] {processor.py:161} INFO - Started process (PID=615) to work on /home/airflow/.local/lib/python3.8/site-packages/airflow/example_dags/example_task_group.py
[2023-12-20T22:43:34.761+0000] {processor.py:830} INFO - Processing file /home/airflow/.local/lib/python3.8/site-packages/airflow/example_dags/example_task_group.py for tasks to queue
[2023-12-20T22:43:34.764+0000] {logging_mixin.py:188} INFO - [2023-12-20T22:43:34.763+0000] {dagbag.py:538} INFO - Filling up the DagBag from /home/airflow/.local/lib/python3.8/site-packages/airflow/example_dags/example_task_group.py
[2023-12-20T22:43:34.771+0000] {processor.py:840} INFO - DAG(s) 'example_task_group' retrieved from /home/airflow/.local/lib/python3.8/site-packages/airflow/example_dags/example_task_group.py
[2023-12-20T22:43:34.796+0000] {logging_mixin.py:188} INFO - [2023-12-20T22:43:34.796+0000] {dag.py:3033} INFO - Sync 1 DAGs
[2023-12-20T22:43:34.815+0000] {logging_mixin.py:188} INFO - [2023-12-20T22:43:34.815+0000] {dag.py:3820} INFO - Setting next_dagrun for example_task_group to 2023-12-19T00:00:00+00:00, run_after=2023-12-20T00:00:00+00:00
[2023-12-20T22:43:34.830+0000] {processor.py:183} INFO - Processing /home/airflow/.local/lib/python3.8/site-packages/airflow/example_dags/example_task_group.py took 0.075 seconds
[2023-12-20T22:44:04.947+0000] {processor.py:161} INFO - Started process (PID=669) to work on /home/airflow/.local/lib/python3.8/site-packages/airflow/example_dags/example_task_group.py
[2023-12-20T22:44:04.949+0000] {processor.py:830} INFO - Processing file /home/airflow/.local/lib/python3.8/site-packages/airflow/example_dags/example_task_group.py for tasks to queue
[2023-12-20T22:44:04.951+0000] {logging_mixin.py:188} INFO - [2023-12-20T22:44:04.951+0000] {dagbag.py:538} INFO - Filling up the DagBag from /home/airflow/.local/lib/python3.8/site-packages/airflow/example_dags/example_task_group.py
[2023-12-20T22:44:04.959+0000] {processor.py:840} INFO - DAG(s) 'example_task_group' retrieved from /home/airflow/.local/lib/python3.8/site-packages/airflow/example_dags/example_task_group.py
[2023-12-20T22:44:04.983+0000] {logging_mixin.py:188} INFO - [2023-12-20T22:44:04.983+0000] {dag.py:3033} INFO - Sync 1 DAGs
[2023-12-20T22:44:05.001+0000] {logging_mixin.py:188} INFO - [2023-12-20T22:44:05.001+0000] {dag.py:3820} INFO - Setting next_dagrun for example_task_group to 2023-12-19T00:00:00+00:00, run_after=2023-12-20T00:00:00+00:00
[2023-12-20T22:44:05.016+0000] {processor.py:183} INFO - Processing /home/airflow/.local/lib/python3.8/site-packages/airflow/example_dags/example_task_group.py took 0.072 seconds
[2023-12-20T22:44:35.367+0000] {processor.py:161} INFO - Started process (PID=724) to work on /home/airflow/.local/lib/python3.8/site-packages/airflow/example_dags/example_task_group.py
[2023-12-20T22:44:35.369+0000] {processor.py:830} INFO - Processing file /home/airflow/.local/lib/python3.8/site-packages/airflow/example_dags/example_task_group.py for tasks to queue
[2023-12-20T22:44:35.371+0000] {logging_mixin.py:188} INFO - [2023-12-20T22:44:35.371+0000] {dagbag.py:538} INFO - Filling up the DagBag from /home/airflow/.local/lib/python3.8/site-packages/airflow/example_dags/example_task_group.py
[2023-12-20T22:44:35.380+0000] {processor.py:840} INFO - DAG(s) 'example_task_group' retrieved from /home/airflow/.local/lib/python3.8/site-packages/airflow/example_dags/example_task_group.py
[2023-12-20T22:44:35.410+0000] {logging_mixin.py:188} INFO - [2023-12-20T22:44:35.410+0000] {dag.py:3033} INFO - Sync 1 DAGs
[2023-12-20T22:44:35.429+0000] {logging_mixin.py:188} INFO - [2023-12-20T22:44:35.428+0000] {dag.py:3820} INFO - Setting next_dagrun for example_task_group to 2023-12-19T00:00:00+00:00, run_after=2023-12-20T00:00:00+00:00
[2023-12-20T22:44:35.445+0000] {processor.py:183} INFO - Processing /home/airflow/.local/lib/python3.8/site-packages/airflow/example_dags/example_task_group.py took 0.081 seconds
[2023-12-20T22:45:06.147+0000] {processor.py:161} INFO - Started process (PID=779) to work on /home/airflow/.local/lib/python3.8/site-packages/airflow/example_dags/example_task_group.py
[2023-12-20T22:45:06.149+0000] {processor.py:830} INFO - Processing file /home/airflow/.local/lib/python3.8/site-packages/airflow/example_dags/example_task_group.py for tasks to queue
[2023-12-20T22:45:06.152+0000] {logging_mixin.py:188} INFO - [2023-12-20T22:45:06.151+0000] {dagbag.py:538} INFO - Filling up the DagBag from /home/airflow/.local/lib/python3.8/site-packages/airflow/example_dags/example_task_group.py
[2023-12-20T22:45:06.161+0000] {processor.py:840} INFO - DAG(s) 'example_task_group' retrieved from /home/airflow/.local/lib/python3.8/site-packages/airflow/example_dags/example_task_group.py
[2023-12-20T22:45:06.188+0000] {logging_mixin.py:188} INFO - [2023-12-20T22:45:06.188+0000] {dag.py:3033} INFO - Sync 1 DAGs
[2023-12-20T22:45:06.209+0000] {logging_mixin.py:188} INFO - [2023-12-20T22:45:06.209+0000] {dag.py:3820} INFO - Setting next_dagrun for example_task_group to 2023-12-19T00:00:00+00:00, run_after=2023-12-20T00:00:00+00:00
[2023-12-20T22:45:06.226+0000] {processor.py:183} INFO - Processing /home/airflow/.local/lib/python3.8/site-packages/airflow/example_dags/example_task_group.py took 0.083 seconds
[2023-12-20T22:45:36.496+0000] {processor.py:161} INFO - Started process (PID=835) to work on /home/airflow/.local/lib/python3.8/site-packages/airflow/example_dags/example_task_group.py
[2023-12-20T22:45:36.498+0000] {processor.py:830} INFO - Processing file /home/airflow/.local/lib/python3.8/site-packages/airflow/example_dags/example_task_group.py for tasks to queue
[2023-12-20T22:45:36.501+0000] {logging_mixin.py:188} INFO - [2023-12-20T22:45:36.500+0000] {dagbag.py:538} INFO - Filling up the DagBag from /home/airflow/.local/lib/python3.8/site-packages/airflow/example_dags/example_task_group.py
[2023-12-20T22:45:36.510+0000] {processor.py:840} INFO - DAG(s) 'example_task_group' retrieved from /home/airflow/.local/lib/python3.8/site-packages/airflow/example_dags/example_task_group.py
[2023-12-20T22:45:36.536+0000] {logging_mixin.py:188} INFO - [2023-12-20T22:45:36.536+0000] {dag.py:3033} INFO - Sync 1 DAGs
[2023-12-20T22:45:36.556+0000] {logging_mixin.py:188} INFO - [2023-12-20T22:45:36.556+0000] {dag.py:3820} INFO - Setting next_dagrun for example_task_group to 2023-12-19T00:00:00+00:00, run_after=2023-12-20T00:00:00+00:00
[2023-12-20T22:45:36.571+0000] {processor.py:183} INFO - Processing /home/airflow/.local/lib/python3.8/site-packages/airflow/example_dags/example_task_group.py took 0.080 seconds
[2023-12-20T22:46:07.163+0000] {processor.py:161} INFO - Started process (PID=890) to work on /home/airflow/.local/lib/python3.8/site-packages/airflow/example_dags/example_task_group.py
[2023-12-20T22:46:07.164+0000] {processor.py:830} INFO - Processing file /home/airflow/.local/lib/python3.8/site-packages/airflow/example_dags/example_task_group.py for tasks to queue
[2023-12-20T22:46:07.167+0000] {logging_mixin.py:188} INFO - [2023-12-20T22:46:07.166+0000] {dagbag.py:538} INFO - Filling up the DagBag from /home/airflow/.local/lib/python3.8/site-packages/airflow/example_dags/example_task_group.py
[2023-12-20T22:46:07.174+0000] {processor.py:840} INFO - DAG(s) 'example_task_group' retrieved from /home/airflow/.local/lib/python3.8/site-packages/airflow/example_dags/example_task_group.py
[2023-12-20T22:46:07.198+0000] {logging_mixin.py:188} INFO - [2023-12-20T22:46:07.198+0000] {dag.py:3033} INFO - Sync 1 DAGs
[2023-12-20T22:46:07.215+0000] {logging_mixin.py:188} INFO - [2023-12-20T22:46:07.215+0000] {dag.py:3820} INFO - Setting next_dagrun for example_task_group to 2023-12-19T00:00:00+00:00, run_after=2023-12-20T00:00:00+00:00
[2023-12-20T22:46:07.228+0000] {processor.py:183} INFO - Processing /home/airflow/.local/lib/python3.8/site-packages/airflow/example_dags/example_task_group.py took 0.069 seconds
[2023-12-20T22:46:38.036+0000] {processor.py:161} INFO - Started process (PID=945) to work on /home/airflow/.local/lib/python3.8/site-packages/airflow/example_dags/example_task_group.py
[2023-12-20T22:46:38.038+0000] {processor.py:830} INFO - Processing file /home/airflow/.local/lib/python3.8/site-packages/airflow/example_dags/example_task_group.py for tasks to queue
[2023-12-20T22:46:38.043+0000] {logging_mixin.py:188} INFO - [2023-12-20T22:46:38.042+0000] {dagbag.py:538} INFO - Filling up the DagBag from /home/airflow/.local/lib/python3.8/site-packages/airflow/example_dags/example_task_group.py
[2023-12-20T22:46:38.057+0000] {processor.py:840} INFO - DAG(s) 'example_task_group' retrieved from /home/airflow/.local/lib/python3.8/site-packages/airflow/example_dags/example_task_group.py
[2023-12-20T22:46:38.101+0000] {logging_mixin.py:188} INFO - [2023-12-20T22:46:38.100+0000] {dag.py:3033} INFO - Sync 1 DAGs
[2023-12-20T22:46:38.128+0000] {logging_mixin.py:188} INFO - [2023-12-20T22:46:38.128+0000] {dag.py:3820} INFO - Setting next_dagrun for example_task_group to 2023-12-19T00:00:00+00:00, run_after=2023-12-20T00:00:00+00:00
[2023-12-20T22:46:38.155+0000] {processor.py:183} INFO - Processing /home/airflow/.local/lib/python3.8/site-packages/airflow/example_dags/example_task_group.py took 0.124 seconds
[2023-12-20T22:47:08.838+0000] {processor.py:161} INFO - Started process (PID=1000) to work on /home/airflow/.local/lib/python3.8/site-packages/airflow/example_dags/example_task_group.py
[2023-12-20T22:47:08.840+0000] {processor.py:830} INFO - Processing file /home/airflow/.local/lib/python3.8/site-packages/airflow/example_dags/example_task_group.py for tasks to queue
[2023-12-20T22:47:08.843+0000] {logging_mixin.py:188} INFO - [2023-12-20T22:47:08.842+0000] {dagbag.py:538} INFO - Filling up the DagBag from /home/airflow/.local/lib/python3.8/site-packages/airflow/example_dags/example_task_group.py
[2023-12-20T22:47:08.851+0000] {processor.py:840} INFO - DAG(s) 'example_task_group' retrieved from /home/airflow/.local/lib/python3.8/site-packages/airflow/example_dags/example_task_group.py
[2023-12-20T22:47:08.876+0000] {logging_mixin.py:188} INFO - [2023-12-20T22:47:08.876+0000] {dag.py:3033} INFO - Sync 1 DAGs
[2023-12-20T22:47:08.893+0000] {logging_mixin.py:188} INFO - [2023-12-20T22:47:08.893+0000] {dag.py:3820} INFO - Setting next_dagrun for example_task_group to 2023-12-19T00:00:00+00:00, run_after=2023-12-20T00:00:00+00:00
[2023-12-20T22:47:08.907+0000] {processor.py:183} INFO - Processing /home/airflow/.local/lib/python3.8/site-packages/airflow/example_dags/example_task_group.py took 0.073 seconds
[2023-12-20T22:47:39.321+0000] {processor.py:161} INFO - Started process (PID=1055) to work on /home/airflow/.local/lib/python3.8/site-packages/airflow/example_dags/example_task_group.py
[2023-12-20T22:47:39.323+0000] {processor.py:830} INFO - Processing file /home/airflow/.local/lib/python3.8/site-packages/airflow/example_dags/example_task_group.py for tasks to queue
[2023-12-20T22:47:39.326+0000] {logging_mixin.py:188} INFO - [2023-12-20T22:47:39.325+0000] {dagbag.py:538} INFO - Filling up the DagBag from /home/airflow/.local/lib/python3.8/site-packages/airflow/example_dags/example_task_group.py
[2023-12-20T22:47:39.333+0000] {processor.py:840} INFO - DAG(s) 'example_task_group' retrieved from /home/airflow/.local/lib/python3.8/site-packages/airflow/example_dags/example_task_group.py
[2023-12-20T22:47:39.356+0000] {logging_mixin.py:188} INFO - [2023-12-20T22:47:39.356+0000] {dag.py:3033} INFO - Sync 1 DAGs
[2023-12-20T22:47:39.374+0000] {logging_mixin.py:188} INFO - [2023-12-20T22:47:39.374+0000] {dag.py:3820} INFO - Setting next_dagrun for example_task_group to 2023-12-19T00:00:00+00:00, run_after=2023-12-20T00:00:00+00:00
[2023-12-20T22:47:39.388+0000] {processor.py:183} INFO - Processing /home/airflow/.local/lib/python3.8/site-packages/airflow/example_dags/example_task_group.py took 0.070 seconds
[2023-12-20T22:48:10.209+0000] {processor.py:161} INFO - Started process (PID=1109) to work on /home/airflow/.local/lib/python3.8/site-packages/airflow/example_dags/example_task_group.py
[2023-12-20T22:48:10.211+0000] {processor.py:830} INFO - Processing file /home/airflow/.local/lib/python3.8/site-packages/airflow/example_dags/example_task_group.py for tasks to queue
[2023-12-20T22:48:10.214+0000] {logging_mixin.py:188} INFO - [2023-12-20T22:48:10.214+0000] {dagbag.py:538} INFO - Filling up the DagBag from /home/airflow/.local/lib/python3.8/site-packages/airflow/example_dags/example_task_group.py
[2023-12-20T22:48:10.224+0000] {processor.py:840} INFO - DAG(s) 'example_task_group' retrieved from /home/airflow/.local/lib/python3.8/site-packages/airflow/example_dags/example_task_group.py
[2023-12-20T22:48:10.257+0000] {logging_mixin.py:188} INFO - [2023-12-20T22:48:10.257+0000] {dag.py:3033} INFO - Sync 1 DAGs
[2023-12-20T22:48:10.277+0000] {logging_mixin.py:188} INFO - [2023-12-20T22:48:10.277+0000] {dag.py:3820} INFO - Setting next_dagrun for example_task_group to 2023-12-19T00:00:00+00:00, run_after=2023-12-20T00:00:00+00:00
[2023-12-20T22:48:10.293+0000] {processor.py:183} INFO - Processing /home/airflow/.local/lib/python3.8/site-packages/airflow/example_dags/example_task_group.py took 0.089 seconds
[2023-12-20T22:48:40.541+0000] {processor.py:161} INFO - Started process (PID=1164) to work on /home/airflow/.local/lib/python3.8/site-packages/airflow/example_dags/example_task_group.py
[2023-12-20T22:48:40.543+0000] {processor.py:830} INFO - Processing file /home/airflow/.local/lib/python3.8/site-packages/airflow/example_dags/example_task_group.py for tasks to queue
[2023-12-20T22:48:40.547+0000] {logging_mixin.py:188} INFO - [2023-12-20T22:48:40.547+0000] {dagbag.py:538} INFO - Filling up the DagBag from /home/airflow/.local/lib/python3.8/site-packages/airflow/example_dags/example_task_group.py
[2023-12-20T22:48:40.559+0000] {processor.py:840} INFO - DAG(s) 'example_task_group' retrieved from /home/airflow/.local/lib/python3.8/site-packages/airflow/example_dags/example_task_group.py
[2023-12-20T22:48:40.590+0000] {logging_mixin.py:188} INFO - [2023-12-20T22:48:40.590+0000] {dag.py:3033} INFO - Sync 1 DAGs
[2023-12-20T22:48:40.611+0000] {logging_mixin.py:188} INFO - [2023-12-20T22:48:40.611+0000] {dag.py:3820} INFO - Setting next_dagrun for example_task_group to 2023-12-19T00:00:00+00:00, run_after=2023-12-20T00:00:00+00:00
[2023-12-20T22:48:40.644+0000] {processor.py:183} INFO - Processing /home/airflow/.local/lib/python3.8/site-packages/airflow/example_dags/example_task_group.py took 0.107 seconds
[2023-12-20T22:49:11.529+0000] {processor.py:161} INFO - Started process (PID=1218) to work on /home/airflow/.local/lib/python3.8/site-packages/airflow/example_dags/example_task_group.py
[2023-12-20T22:49:11.531+0000] {processor.py:830} INFO - Processing file /home/airflow/.local/lib/python3.8/site-packages/airflow/example_dags/example_task_group.py for tasks to queue
[2023-12-20T22:49:11.538+0000] {logging_mixin.py:188} INFO - [2023-12-20T22:49:11.537+0000] {dagbag.py:538} INFO - Filling up the DagBag from /home/airflow/.local/lib/python3.8/site-packages/airflow/example_dags/example_task_group.py
[2023-12-20T22:49:11.555+0000] {processor.py:840} INFO - DAG(s) 'example_task_group' retrieved from /home/airflow/.local/lib/python3.8/site-packages/airflow/example_dags/example_task_group.py
[2023-12-20T22:49:11.605+0000] {logging_mixin.py:188} INFO - [2023-12-20T22:49:11.605+0000] {dag.py:3033} INFO - Sync 1 DAGs
[2023-12-20T22:49:11.641+0000] {logging_mixin.py:188} INFO - [2023-12-20T22:49:11.641+0000] {dag.py:3820} INFO - Setting next_dagrun for example_task_group to 2023-12-19T00:00:00+00:00, run_after=2023-12-20T00:00:00+00:00
[2023-12-20T22:49:11.669+0000] {processor.py:183} INFO - Processing /home/airflow/.local/lib/python3.8/site-packages/airflow/example_dags/example_task_group.py took 0.147 seconds
[2023-12-20T22:49:41.788+0000] {processor.py:161} INFO - Started process (PID=1272) to work on /home/airflow/.local/lib/python3.8/site-packages/airflow/example_dags/example_task_group.py
[2023-12-20T22:49:41.790+0000] {processor.py:830} INFO - Processing file /home/airflow/.local/lib/python3.8/site-packages/airflow/example_dags/example_task_group.py for tasks to queue
[2023-12-20T22:49:41.793+0000] {logging_mixin.py:188} INFO - [2023-12-20T22:49:41.793+0000] {dagbag.py:538} INFO - Filling up the DagBag from /home/airflow/.local/lib/python3.8/site-packages/airflow/example_dags/example_task_group.py
[2023-12-20T22:49:41.803+0000] {processor.py:840} INFO - DAG(s) 'example_task_group' retrieved from /home/airflow/.local/lib/python3.8/site-packages/airflow/example_dags/example_task_group.py
[2023-12-20T22:49:41.831+0000] {logging_mixin.py:188} INFO - [2023-12-20T22:49:41.831+0000] {dag.py:3033} INFO - Sync 1 DAGs
[2023-12-20T22:49:41.852+0000] {logging_mixin.py:188} INFO - [2023-12-20T22:49:41.852+0000] {dag.py:3820} INFO - Setting next_dagrun for example_task_group to 2023-12-19T00:00:00+00:00, run_after=2023-12-20T00:00:00+00:00
[2023-12-20T22:49:41.868+0000] {processor.py:183} INFO - Processing /home/airflow/.local/lib/python3.8/site-packages/airflow/example_dags/example_task_group.py took 0.085 seconds
[2023-12-20T22:50:12.153+0000] {processor.py:161} INFO - Started process (PID=1327) to work on /home/airflow/.local/lib/python3.8/site-packages/airflow/example_dags/example_task_group.py
[2023-12-20T22:50:12.154+0000] {processor.py:830} INFO - Processing file /home/airflow/.local/lib/python3.8/site-packages/airflow/example_dags/example_task_group.py for tasks to queue
[2023-12-20T22:50:12.157+0000] {logging_mixin.py:188} INFO - [2023-12-20T22:50:12.157+0000] {dagbag.py:538} INFO - Filling up the DagBag from /home/airflow/.local/lib/python3.8/site-packages/airflow/example_dags/example_task_group.py
[2023-12-20T22:50:12.165+0000] {processor.py:840} INFO - DAG(s) 'example_task_group' retrieved from /home/airflow/.local/lib/python3.8/site-packages/airflow/example_dags/example_task_group.py
[2023-12-20T22:50:12.190+0000] {logging_mixin.py:188} INFO - [2023-12-20T22:50:12.190+0000] {dag.py:3033} INFO - Sync 1 DAGs
[2023-12-20T22:50:12.208+0000] {logging_mixin.py:188} INFO - [2023-12-20T22:50:12.208+0000] {dag.py:3820} INFO - Setting next_dagrun for example_task_group to 2023-12-19T00:00:00+00:00, run_after=2023-12-20T00:00:00+00:00
[2023-12-20T22:50:12.228+0000] {processor.py:183} INFO - Processing /home/airflow/.local/lib/python3.8/site-packages/airflow/example_dags/example_task_group.py took 0.078 seconds
[2023-12-20T22:50:42.324+0000] {processor.py:161} INFO - Started process (PID=1382) to work on /home/airflow/.local/lib/python3.8/site-packages/airflow/example_dags/example_task_group.py
[2023-12-20T22:50:42.325+0000] {processor.py:830} INFO - Processing file /home/airflow/.local/lib/python3.8/site-packages/airflow/example_dags/example_task_group.py for tasks to queue
[2023-12-20T22:50:42.328+0000] {logging_mixin.py:188} INFO - [2023-12-20T22:50:42.328+0000] {dagbag.py:538} INFO - Filling up the DagBag from /home/airflow/.local/lib/python3.8/site-packages/airflow/example_dags/example_task_group.py
[2023-12-20T22:50:42.337+0000] {processor.py:840} INFO - DAG(s) 'example_task_group' retrieved from /home/airflow/.local/lib/python3.8/site-packages/airflow/example_dags/example_task_group.py
[2023-12-20T22:50:42.366+0000] {logging_mixin.py:188} INFO - [2023-12-20T22:50:42.366+0000] {dag.py:3033} INFO - Sync 1 DAGs
[2023-12-20T22:50:42.390+0000] {logging_mixin.py:188} INFO - [2023-12-20T22:50:42.390+0000] {dag.py:3820} INFO - Setting next_dagrun for example_task_group to 2023-12-19T00:00:00+00:00, run_after=2023-12-20T00:00:00+00:00
[2023-12-20T22:50:42.409+0000] {processor.py:183} INFO - Processing /home/airflow/.local/lib/python3.8/site-packages/airflow/example_dags/example_task_group.py took 0.089 seconds
[2023-12-20T22:51:12.480+0000] {processor.py:161} INFO - Started process (PID=1437) to work on /home/airflow/.local/lib/python3.8/site-packages/airflow/example_dags/example_task_group.py
[2023-12-20T22:51:12.481+0000] {processor.py:830} INFO - Processing file /home/airflow/.local/lib/python3.8/site-packages/airflow/example_dags/example_task_group.py for tasks to queue
[2023-12-20T22:51:12.484+0000] {logging_mixin.py:188} INFO - [2023-12-20T22:51:12.484+0000] {dagbag.py:538} INFO - Filling up the DagBag from /home/airflow/.local/lib/python3.8/site-packages/airflow/example_dags/example_task_group.py
[2023-12-20T22:51:12.494+0000] {processor.py:840} INFO - DAG(s) 'example_task_group' retrieved from /home/airflow/.local/lib/python3.8/site-packages/airflow/example_dags/example_task_group.py
[2023-12-20T22:51:12.526+0000] {logging_mixin.py:188} INFO - [2023-12-20T22:51:12.526+0000] {dag.py:3033} INFO - Sync 1 DAGs
[2023-12-20T22:51:12.548+0000] {logging_mixin.py:188} INFO - [2023-12-20T22:51:12.547+0000] {dag.py:3820} INFO - Setting next_dagrun for example_task_group to 2023-12-19T00:00:00+00:00, run_after=2023-12-20T00:00:00+00:00
[2023-12-20T22:51:12.576+0000] {processor.py:183} INFO - Processing /home/airflow/.local/lib/python3.8/site-packages/airflow/example_dags/example_task_group.py took 0.100 seconds
[2023-12-20T22:51:43.180+0000] {processor.py:161} INFO - Started process (PID=1492) to work on /home/airflow/.local/lib/python3.8/site-packages/airflow/example_dags/example_task_group.py
[2023-12-20T22:51:43.182+0000] {processor.py:830} INFO - Processing file /home/airflow/.local/lib/python3.8/site-packages/airflow/example_dags/example_task_group.py for tasks to queue
[2023-12-20T22:51:43.186+0000] {logging_mixin.py:188} INFO - [2023-12-20T22:51:43.185+0000] {dagbag.py:538} INFO - Filling up the DagBag from /home/airflow/.local/lib/python3.8/site-packages/airflow/example_dags/example_task_group.py
[2023-12-20T22:51:43.196+0000] {processor.py:840} INFO - DAG(s) 'example_task_group' retrieved from /home/airflow/.local/lib/python3.8/site-packages/airflow/example_dags/example_task_group.py
[2023-12-20T22:51:43.249+0000] {logging_mixin.py:188} INFO - [2023-12-20T22:51:43.249+0000] {dag.py:3033} INFO - Sync 1 DAGs
[2023-12-20T22:51:43.276+0000] {logging_mixin.py:188} INFO - [2023-12-20T22:51:43.276+0000] {dag.py:3820} INFO - Setting next_dagrun for example_task_group to 2023-12-19T00:00:00+00:00, run_after=2023-12-20T00:00:00+00:00
[2023-12-20T22:51:43.297+0000] {processor.py:183} INFO - Processing /home/airflow/.local/lib/python3.8/site-packages/airflow/example_dags/example_task_group.py took 0.122 seconds
[2023-12-20T22:52:13.466+0000] {processor.py:161} INFO - Started process (PID=1547) to work on /home/airflow/.local/lib/python3.8/site-packages/airflow/example_dags/example_task_group.py
[2023-12-20T22:52:13.468+0000] {processor.py:830} INFO - Processing file /home/airflow/.local/lib/python3.8/site-packages/airflow/example_dags/example_task_group.py for tasks to queue
[2023-12-20T22:52:13.470+0000] {logging_mixin.py:188} INFO - [2023-12-20T22:52:13.470+0000] {dagbag.py:538} INFO - Filling up the DagBag from /home/airflow/.local/lib/python3.8/site-packages/airflow/example_dags/example_task_group.py
[2023-12-20T22:52:13.478+0000] {processor.py:840} INFO - DAG(s) 'example_task_group' retrieved from /home/airflow/.local/lib/python3.8/site-packages/airflow/example_dags/example_task_group.py
[2023-12-20T22:52:13.500+0000] {logging_mixin.py:188} INFO - [2023-12-20T22:52:13.500+0000] {dag.py:3033} INFO - Sync 1 DAGs
[2023-12-20T22:52:13.518+0000] {logging_mixin.py:188} INFO - [2023-12-20T22:52:13.517+0000] {dag.py:3820} INFO - Setting next_dagrun for example_task_group to 2023-12-19T00:00:00+00:00, run_after=2023-12-20T00:00:00+00:00
[2023-12-20T22:52:13.532+0000] {processor.py:183} INFO - Processing /home/airflow/.local/lib/python3.8/site-packages/airflow/example_dags/example_task_group.py took 0.069 seconds
[2023-12-20T22:52:43.864+0000] {processor.py:161} INFO - Started process (PID=1602) to work on /home/airflow/.local/lib/python3.8/site-packages/airflow/example_dags/example_task_group.py
[2023-12-20T22:52:43.866+0000] {processor.py:830} INFO - Processing file /home/airflow/.local/lib/python3.8/site-packages/airflow/example_dags/example_task_group.py for tasks to queue
[2023-12-20T22:52:43.868+0000] {logging_mixin.py:188} INFO - [2023-12-20T22:52:43.868+0000] {dagbag.py:538} INFO - Filling up the DagBag from /home/airflow/.local/lib/python3.8/site-packages/airflow/example_dags/example_task_group.py
[2023-12-20T22:52:43.876+0000] {processor.py:840} INFO - DAG(s) 'example_task_group' retrieved from /home/airflow/.local/lib/python3.8/site-packages/airflow/example_dags/example_task_group.py
[2023-12-20T22:52:43.904+0000] {logging_mixin.py:188} INFO - [2023-12-20T22:52:43.904+0000] {dag.py:3033} INFO - Sync 1 DAGs
[2023-12-20T22:52:43.924+0000] {logging_mixin.py:188} INFO - [2023-12-20T22:52:43.924+0000] {dag.py:3820} INFO - Setting next_dagrun for example_task_group to 2023-12-19T00:00:00+00:00, run_after=2023-12-20T00:00:00+00:00
[2023-12-20T22:52:43.941+0000] {processor.py:183} INFO - Processing /home/airflow/.local/lib/python3.8/site-packages/airflow/example_dags/example_task_group.py took 0.081 seconds
[2023-12-20T22:53:14.075+0000] {processor.py:161} INFO - Started process (PID=1658) to work on /home/airflow/.local/lib/python3.8/site-packages/airflow/example_dags/example_task_group.py
[2023-12-20T22:53:14.076+0000] {processor.py:830} INFO - Processing file /home/airflow/.local/lib/python3.8/site-packages/airflow/example_dags/example_task_group.py for tasks to queue
[2023-12-20T22:53:14.078+0000] {logging_mixin.py:188} INFO - [2023-12-20T22:53:14.078+0000] {dagbag.py:538} INFO - Filling up the DagBag from /home/airflow/.local/lib/python3.8/site-packages/airflow/example_dags/example_task_group.py
[2023-12-20T22:53:14.089+0000] {processor.py:840} INFO - DAG(s) 'example_task_group' retrieved from /home/airflow/.local/lib/python3.8/site-packages/airflow/example_dags/example_task_group.py
[2023-12-20T22:53:14.116+0000] {logging_mixin.py:188} INFO - [2023-12-20T22:53:14.115+0000] {dag.py:3033} INFO - Sync 1 DAGs
[2023-12-20T22:53:14.133+0000] {logging_mixin.py:188} INFO - [2023-12-20T22:53:14.132+0000] {dag.py:3820} INFO - Setting next_dagrun for example_task_group to 2023-12-19T00:00:00+00:00, run_after=2023-12-20T00:00:00+00:00
[2023-12-20T22:53:14.146+0000] {processor.py:183} INFO - Processing /home/airflow/.local/lib/python3.8/site-packages/airflow/example_dags/example_task_group.py took 0.075 seconds
[2023-12-20T22:53:44.940+0000] {processor.py:161} INFO - Started process (PID=1714) to work on /home/airflow/.local/lib/python3.8/site-packages/airflow/example_dags/example_task_group.py
[2023-12-20T22:53:44.944+0000] {processor.py:830} INFO - Processing file /home/airflow/.local/lib/python3.8/site-packages/airflow/example_dags/example_task_group.py for tasks to queue
[2023-12-20T22:53:44.962+0000] {logging_mixin.py:188} INFO - [2023-12-20T22:53:44.959+0000] {dagbag.py:538} INFO - Filling up the DagBag from /home/airflow/.local/lib/python3.8/site-packages/airflow/example_dags/example_task_group.py
[2023-12-20T22:53:44.996+0000] {processor.py:840} INFO - DAG(s) 'example_task_group' retrieved from /home/airflow/.local/lib/python3.8/site-packages/airflow/example_dags/example_task_group.py
[2023-12-20T22:53:45.073+0000] {logging_mixin.py:188} INFO - [2023-12-20T22:53:45.073+0000] {dag.py:3033} INFO - Sync 1 DAGs
[2023-12-20T22:53:45.133+0000] {logging_mixin.py:188} INFO - [2023-12-20T22:53:45.133+0000] {dag.py:3820} INFO - Setting next_dagrun for example_task_group to 2023-12-19T00:00:00+00:00, run_after=2023-12-20T00:00:00+00:00
[2023-12-20T22:53:45.179+0000] {processor.py:183} INFO - Processing /home/airflow/.local/lib/python3.8/site-packages/airflow/example_dags/example_task_group.py took 0.250 seconds
[2023-12-20T22:54:37.388+0000] {processor.py:161} INFO - Started process (PID=1774) to work on /home/airflow/.local/lib/python3.8/site-packages/airflow/example_dags/example_task_group.py
[2023-12-20T22:54:37.394+0000] {processor.py:830} INFO - Processing file /home/airflow/.local/lib/python3.8/site-packages/airflow/example_dags/example_task_group.py for tasks to queue
[2023-12-20T22:54:37.414+0000] {logging_mixin.py:188} INFO - [2023-12-20T22:54:37.412+0000] {dagbag.py:538} INFO - Filling up the DagBag from /home/airflow/.local/lib/python3.8/site-packages/airflow/example_dags/example_task_group.py
[2023-12-20T22:54:37.515+0000] {processor.py:840} INFO - DAG(s) 'example_task_group' retrieved from /home/airflow/.local/lib/python3.8/site-packages/airflow/example_dags/example_task_group.py
[2023-12-20T22:54:37.717+0000] {logging_mixin.py:188} INFO - [2023-12-20T22:54:37.716+0000] {dag.py:3033} INFO - Sync 1 DAGs
[2023-12-20T22:54:37.954+0000] {logging_mixin.py:188} INFO - [2023-12-20T22:54:37.953+0000] {dag.py:3820} INFO - Setting next_dagrun for example_task_group to 2023-12-19T00:00:00+00:00, run_after=2023-12-20T00:00:00+00:00
[2023-12-20T22:54:38.060+0000] {processor.py:183} INFO - Processing /home/airflow/.local/lib/python3.8/site-packages/airflow/example_dags/example_task_group.py took 0.753 seconds
[2023-12-20T22:55:50.174+0000] {processor.py:161} INFO - Started process (PID=1843) to work on /home/airflow/.local/lib/python3.8/site-packages/airflow/example_dags/example_task_group.py
[2023-12-20T22:55:50.218+0000] {processor.py:830} INFO - Processing file /home/airflow/.local/lib/python3.8/site-packages/airflow/example_dags/example_task_group.py for tasks to queue
[2023-12-20T22:55:50.327+0000] {logging_mixin.py:188} INFO - [2023-12-20T22:55:50.293+0000] {dagbag.py:538} INFO - Filling up the DagBag from /home/airflow/.local/lib/python3.8/site-packages/airflow/example_dags/example_task_group.py
[2023-12-20T22:55:50.551+0000] {processor.py:840} INFO - DAG(s) 'example_task_group' retrieved from /home/airflow/.local/lib/python3.8/site-packages/airflow/example_dags/example_task_group.py
[2023-12-20T22:55:51.145+0000] {logging_mixin.py:188} INFO - [2023-12-20T22:55:51.144+0000] {dag.py:3033} INFO - Sync 1 DAGs
[2023-12-20T22:55:51.707+0000] {logging_mixin.py:188} INFO - [2023-12-20T22:55:51.689+0000] {dag.py:3820} INFO - Setting next_dagrun for example_task_group to 2023-12-19T00:00:00+00:00, run_after=2023-12-20T00:00:00+00:00
[2023-12-20T22:55:51.934+0000] {processor.py:183} INFO - Processing /home/airflow/.local/lib/python3.8/site-packages/airflow/example_dags/example_task_group.py took 1.957 seconds
[2023-12-20T22:56:22.912+0000] {processor.py:161} INFO - Started process (PID=1914) to work on /home/airflow/.local/lib/python3.8/site-packages/airflow/example_dags/example_task_group.py
[2023-12-20T22:56:22.916+0000] {processor.py:830} INFO - Processing file /home/airflow/.local/lib/python3.8/site-packages/airflow/example_dags/example_task_group.py for tasks to queue
[2023-12-20T22:56:22.929+0000] {logging_mixin.py:188} INFO - [2023-12-20T22:56:22.928+0000] {dagbag.py:538} INFO - Filling up the DagBag from /home/airflow/.local/lib/python3.8/site-packages/airflow/example_dags/example_task_group.py
[2023-12-20T22:56:22.995+0000] {processor.py:840} INFO - DAG(s) 'example_task_group' retrieved from /home/airflow/.local/lib/python3.8/site-packages/airflow/example_dags/example_task_group.py
[2023-12-20T22:56:23.096+0000] {logging_mixin.py:188} INFO - [2023-12-20T22:56:23.096+0000] {dag.py:3033} INFO - Sync 1 DAGs
[2023-12-20T22:56:24.207+0000] {logging_mixin.py:188} INFO - [2023-12-20T22:56:24.206+0000] {dag.py:3820} INFO - Setting next_dagrun for example_task_group to 2023-12-19T00:00:00+00:00, run_after=2023-12-20T00:00:00+00:00
[2023-12-20T22:56:24.449+0000] {processor.py:183} INFO - Processing /home/airflow/.local/lib/python3.8/site-packages/airflow/example_dags/example_task_group.py took 1.553 seconds
[2023-12-20T22:56:58.888+0000] {processor.py:161} INFO - Started process (PID=1970) to work on /home/airflow/.local/lib/python3.8/site-packages/airflow/example_dags/example_task_group.py
[2023-12-20T22:56:58.895+0000] {processor.py:830} INFO - Processing file /home/airflow/.local/lib/python3.8/site-packages/airflow/example_dags/example_task_group.py for tasks to queue
[2023-12-20T22:56:58.937+0000] {logging_mixin.py:188} INFO - [2023-12-20T22:56:58.935+0000] {dagbag.py:538} INFO - Filling up the DagBag from /home/airflow/.local/lib/python3.8/site-packages/airflow/example_dags/example_task_group.py
[2023-12-20T22:56:58.999+0000] {processor.py:840} INFO - DAG(s) 'example_task_group' retrieved from /home/airflow/.local/lib/python3.8/site-packages/airflow/example_dags/example_task_group.py
[2023-12-20T22:56:59.189+0000] {logging_mixin.py:188} INFO - [2023-12-20T22:56:59.187+0000] {dag.py:3033} INFO - Sync 1 DAGs
[2023-12-20T22:56:59.441+0000] {logging_mixin.py:188} INFO - [2023-12-20T22:56:59.440+0000] {dag.py:3820} INFO - Setting next_dagrun for example_task_group to 2023-12-19T00:00:00+00:00, run_after=2023-12-20T00:00:00+00:00
[2023-12-20T22:57:01.193+0000] {processor.py:183} INFO - Processing /home/airflow/.local/lib/python3.8/site-packages/airflow/example_dags/example_task_group.py took 2.349 seconds
[2023-12-20T22:58:26.353+0000] {processor.py:161} INFO - Started process (PID=2023) to work on /home/airflow/.local/lib/python3.8/site-packages/airflow/example_dags/example_task_group.py
[2023-12-20T22:58:26.367+0000] {processor.py:830} INFO - Processing file /home/airflow/.local/lib/python3.8/site-packages/airflow/example_dags/example_task_group.py for tasks to queue
[2023-12-20T22:58:26.493+0000] {logging_mixin.py:188} INFO - [2023-12-20T22:58:26.491+0000] {dagbag.py:538} INFO - Filling up the DagBag from /home/airflow/.local/lib/python3.8/site-packages/airflow/example_dags/example_task_group.py
[2023-12-20T22:58:26.638+0000] {processor.py:840} INFO - DAG(s) 'example_task_group' retrieved from /home/airflow/.local/lib/python3.8/site-packages/airflow/example_dags/example_task_group.py
[2023-12-20T22:58:26.931+0000] {logging_mixin.py:188} INFO - [2023-12-20T22:58:26.919+0000] {dag.py:3033} INFO - Sync 1 DAGs
[2023-12-20T22:58:27.666+0000] {logging_mixin.py:188} INFO - [2023-12-20T22:58:27.425+0000] {dag.py:3820} INFO - Setting next_dagrun for example_task_group to 2023-12-19T00:00:00+00:00, run_after=2023-12-20T00:00:00+00:00
[2023-12-20T22:58:36.131+0000] {processor.py:183} INFO - Processing /home/airflow/.local/lib/python3.8/site-packages/airflow/example_dags/example_task_group.py took 9.925 seconds
[2023-12-20T23:00:19.636+0000] {processor.py:161} INFO - Started process (PID=2091) to work on /home/airflow/.local/lib/python3.8/site-packages/airflow/example_dags/example_task_group.py
[2023-12-20T23:00:19.709+0000] {processor.py:830} INFO - Processing file /home/airflow/.local/lib/python3.8/site-packages/airflow/example_dags/example_task_group.py for tasks to queue
[2023-12-20T23:00:19.909+0000] {logging_mixin.py:188} INFO - [2023-12-20T23:00:19.873+0000] {dagbag.py:538} INFO - Filling up the DagBag from /home/airflow/.local/lib/python3.8/site-packages/airflow/example_dags/example_task_group.py
[2023-12-20T23:00:20.233+0000] {processor.py:840} INFO - DAG(s) 'example_task_group' retrieved from /home/airflow/.local/lib/python3.8/site-packages/airflow/example_dags/example_task_group.py
[2023-12-20T23:00:21.218+0000] {logging_mixin.py:188} INFO - [2023-12-20T23:00:21.199+0000] {dag.py:3033} INFO - Sync 1 DAGs
[2023-12-20T23:00:27.312+0000] {logging_mixin.py:188} INFO - [2023-12-20T23:00:27.311+0000] {dag.py:3820} INFO - Setting next_dagrun for example_task_group to 2023-12-19T00:00:00+00:00, run_after=2023-12-20T00:00:00+00:00
[2023-12-20T23:00:27.532+0000] {processor.py:183} INFO - Processing /home/airflow/.local/lib/python3.8/site-packages/airflow/example_dags/example_task_group.py took 8.133 seconds
[2023-12-20T23:02:04.818+0000] {processor.py:161} INFO - Started process (PID=2177) to work on /home/airflow/.local/lib/python3.8/site-packages/airflow/example_dags/example_task_group.py
[2023-12-20T23:02:04.830+0000] {processor.py:830} INFO - Processing file /home/airflow/.local/lib/python3.8/site-packages/airflow/example_dags/example_task_group.py for tasks to queue
[2023-12-20T23:02:04.845+0000] {logging_mixin.py:188} INFO - [2023-12-20T23:02:04.844+0000] {dagbag.py:538} INFO - Filling up the DagBag from /home/airflow/.local/lib/python3.8/site-packages/airflow/example_dags/example_task_group.py
[2023-12-20T23:02:04.897+0000] {processor.py:840} INFO - DAG(s) 'example_task_group' retrieved from /home/airflow/.local/lib/python3.8/site-packages/airflow/example_dags/example_task_group.py
[2023-12-20T23:02:05.002+0000] {logging_mixin.py:188} INFO - [2023-12-20T23:02:05.001+0000] {dag.py:3033} INFO - Sync 1 DAGs
[2023-12-20T23:02:06.932+0000] {logging_mixin.py:188} INFO - [2023-12-20T23:02:06.931+0000] {dag.py:3820} INFO - Setting next_dagrun for example_task_group to 2023-12-19T00:00:00+00:00, run_after=2023-12-20T00:00:00+00:00
[2023-12-20T23:02:07.016+0000] {processor.py:183} INFO - Processing /home/airflow/.local/lib/python3.8/site-packages/airflow/example_dags/example_task_group.py took 2.239 seconds
[2023-12-20T23:03:06.146+0000] {processor.py:161} INFO - Started process (PID=2246) to work on /home/airflow/.local/lib/python3.8/site-packages/airflow/example_dags/example_task_group.py
[2023-12-20T23:03:06.188+0000] {processor.py:830} INFO - Processing file /home/airflow/.local/lib/python3.8/site-packages/airflow/example_dags/example_task_group.py for tasks to queue
[2023-12-20T23:03:06.342+0000] {logging_mixin.py:188} INFO - [2023-12-20T23:03:06.339+0000] {dagbag.py:538} INFO - Filling up the DagBag from /home/airflow/.local/lib/python3.8/site-packages/airflow/example_dags/example_task_group.py
[2023-12-20T23:03:06.508+0000] {processor.py:840} INFO - DAG(s) 'example_task_group' retrieved from /home/airflow/.local/lib/python3.8/site-packages/airflow/example_dags/example_task_group.py
[2023-12-20T23:03:06.945+0000] {logging_mixin.py:188} INFO - [2023-12-20T23:03:06.943+0000] {dag.py:3033} INFO - Sync 1 DAGs
[2023-12-20T23:03:07.179+0000] {logging_mixin.py:188} INFO - [2023-12-20T23:03:07.178+0000] {dag.py:3820} INFO - Setting next_dagrun for example_task_group to 2023-12-19T00:00:00+00:00, run_after=2023-12-20T00:00:00+00:00
[2023-12-20T23:03:07.293+0000] {processor.py:183} INFO - Processing /home/airflow/.local/lib/python3.8/site-packages/airflow/example_dags/example_task_group.py took 1.262 seconds
[2023-12-20T23:06:09.501+0000] {processor.py:161} INFO - Started process (PID=2335) to work on /home/airflow/.local/lib/python3.8/site-packages/airflow/example_dags/example_task_group.py
[2023-12-20T23:06:09.546+0000] {processor.py:830} INFO - Processing file /home/airflow/.local/lib/python3.8/site-packages/airflow/example_dags/example_task_group.py for tasks to queue
[2023-12-20T23:06:09.641+0000] {logging_mixin.py:188} INFO - [2023-12-20T23:06:09.624+0000] {dagbag.py:538} INFO - Filling up the DagBag from /home/airflow/.local/lib/python3.8/site-packages/airflow/example_dags/example_task_group.py
[2023-12-20T23:06:09.879+0000] {processor.py:840} INFO - DAG(s) 'example_task_group' retrieved from /home/airflow/.local/lib/python3.8/site-packages/airflow/example_dags/example_task_group.py
[2023-12-20T23:06:10.460+0000] {logging_mixin.py:188} INFO - [2023-12-20T23:06:10.445+0000] {dag.py:3033} INFO - Sync 1 DAGs
[2023-12-20T23:06:10.948+0000] {logging_mixin.py:188} INFO - [2023-12-20T23:06:10.933+0000] {dag.py:3820} INFO - Setting next_dagrun for example_task_group to 2023-12-19T00:00:00+00:00, run_after=2023-12-20T00:00:00+00:00
[2023-12-20T23:06:11.375+0000] {processor.py:183} INFO - Processing /home/airflow/.local/lib/python3.8/site-packages/airflow/example_dags/example_task_group.py took 1.922 seconds
