[2023-12-20T22:38:09.360+0000] {processor.py:161} INFO - Started process (PID=34) to work on /home/airflow/.local/lib/python3.8/site-packages/airflow/example_dags/example_sla_dag.py
[2023-12-20T22:38:09.364+0000] {processor.py:830} INFO - Processing file /home/airflow/.local/lib/python3.8/site-packages/airflow/example_dags/example_sla_dag.py for tasks to queue
[2023-12-20T22:38:09.372+0000] {logging_mixin.py:188} INFO - [2023-12-20T22:38:09.371+0000] {dagbag.py:538} INFO - Filling up the DagBag from /home/airflow/.local/lib/python3.8/site-packages/airflow/example_dags/example_sla_dag.py
[2023-12-20T22:38:09.408+0000] {processor.py:840} INFO - DAG(s) 'example_sla_dag' retrieved from /home/airflow/.local/lib/python3.8/site-packages/airflow/example_dags/example_sla_dag.py
[2023-12-20T22:38:09.680+0000] {logging_mixin.py:188} INFO - [2023-12-20T22:38:09.680+0000] {dag.py:3033} INFO - Sync 1 DAGs
[2023-12-20T22:38:09.730+0000] {logging_mixin.py:188} INFO - [2023-12-20T22:38:09.730+0000] {dag.py:3820} INFO - Setting next_dagrun for example_sla_dag to 2023-12-20T22:36:00+00:00, run_after=2023-12-20T22:38:00+00:00
[2023-12-20T22:38:09.808+0000] {processor.py:183} INFO - Processing /home/airflow/.local/lib/python3.8/site-packages/airflow/example_dags/example_sla_dag.py took 0.454 seconds
[2023-12-20T22:38:40.314+0000] {processor.py:161} INFO - Started process (PID=89) to work on /home/airflow/.local/lib/python3.8/site-packages/airflow/example_dags/example_sla_dag.py
[2023-12-20T22:38:40.316+0000] {processor.py:830} INFO - Processing file /home/airflow/.local/lib/python3.8/site-packages/airflow/example_dags/example_sla_dag.py for tasks to queue
[2023-12-20T22:38:40.319+0000] {logging_mixin.py:188} INFO - [2023-12-20T22:38:40.318+0000] {dagbag.py:538} INFO - Filling up the DagBag from /home/airflow/.local/lib/python3.8/site-packages/airflow/example_dags/example_sla_dag.py
[2023-12-20T22:38:40.329+0000] {processor.py:840} INFO - DAG(s) 'example_sla_dag' retrieved from /home/airflow/.local/lib/python3.8/site-packages/airflow/example_dags/example_sla_dag.py
[2023-12-20T22:38:40.352+0000] {logging_mixin.py:188} INFO - [2023-12-20T22:38:40.352+0000] {dag.py:3033} INFO - Sync 1 DAGs
[2023-12-20T22:38:40.374+0000] {logging_mixin.py:188} INFO - [2023-12-20T22:38:40.374+0000] {dag.py:3820} INFO - Setting next_dagrun for example_sla_dag to 2023-12-20T22:36:00+00:00, run_after=2023-12-20T22:38:00+00:00
[2023-12-20T22:38:40.388+0000] {processor.py:183} INFO - Processing /home/airflow/.local/lib/python3.8/site-packages/airflow/example_dags/example_sla_dag.py took 0.078 seconds
[2023-12-20T22:39:10.847+0000] {processor.py:161} INFO - Started process (PID=144) to work on /home/airflow/.local/lib/python3.8/site-packages/airflow/example_dags/example_sla_dag.py
[2023-12-20T22:39:10.849+0000] {processor.py:830} INFO - Processing file /home/airflow/.local/lib/python3.8/site-packages/airflow/example_dags/example_sla_dag.py for tasks to queue
[2023-12-20T22:39:10.852+0000] {logging_mixin.py:188} INFO - [2023-12-20T22:39:10.851+0000] {dagbag.py:538} INFO - Filling up the DagBag from /home/airflow/.local/lib/python3.8/site-packages/airflow/example_dags/example_sla_dag.py
[2023-12-20T22:39:10.860+0000] {processor.py:840} INFO - DAG(s) 'example_sla_dag' retrieved from /home/airflow/.local/lib/python3.8/site-packages/airflow/example_dags/example_sla_dag.py
[2023-12-20T22:39:10.881+0000] {logging_mixin.py:188} INFO - [2023-12-20T22:39:10.880+0000] {dag.py:3033} INFO - Sync 1 DAGs
[2023-12-20T22:39:10.899+0000] {logging_mixin.py:188} INFO - [2023-12-20T22:39:10.899+0000] {dag.py:3820} INFO - Setting next_dagrun for example_sla_dag to 2023-12-20T22:36:00+00:00, run_after=2023-12-20T22:38:00+00:00
[2023-12-20T22:39:10.916+0000] {processor.py:183} INFO - Processing /home/airflow/.local/lib/python3.8/site-packages/airflow/example_dags/example_sla_dag.py took 0.072 seconds
[2023-12-20T22:39:41.722+0000] {processor.py:161} INFO - Started process (PID=199) to work on /home/airflow/.local/lib/python3.8/site-packages/airflow/example_dags/example_sla_dag.py
[2023-12-20T22:39:41.723+0000] {processor.py:830} INFO - Processing file /home/airflow/.local/lib/python3.8/site-packages/airflow/example_dags/example_sla_dag.py for tasks to queue
[2023-12-20T22:39:41.727+0000] {logging_mixin.py:188} INFO - [2023-12-20T22:39:41.727+0000] {dagbag.py:538} INFO - Filling up the DagBag from /home/airflow/.local/lib/python3.8/site-packages/airflow/example_dags/example_sla_dag.py
[2023-12-20T22:39:41.737+0000] {processor.py:840} INFO - DAG(s) 'example_sla_dag' retrieved from /home/airflow/.local/lib/python3.8/site-packages/airflow/example_dags/example_sla_dag.py
[2023-12-20T22:39:41.758+0000] {logging_mixin.py:188} INFO - [2023-12-20T22:39:41.758+0000] {dag.py:3033} INFO - Sync 1 DAGs
[2023-12-20T22:39:41.776+0000] {logging_mixin.py:188} INFO - [2023-12-20T22:39:41.776+0000] {dag.py:3820} INFO - Setting next_dagrun for example_sla_dag to 2023-12-20T22:36:00+00:00, run_after=2023-12-20T22:38:00+00:00
[2023-12-20T22:39:41.789+0000] {processor.py:183} INFO - Processing /home/airflow/.local/lib/python3.8/site-packages/airflow/example_dags/example_sla_dag.py took 0.071 seconds
[2023-12-20T22:40:12.120+0000] {processor.py:161} INFO - Started process (PID=255) to work on /home/airflow/.local/lib/python3.8/site-packages/airflow/example_dags/example_sla_dag.py
[2023-12-20T22:40:12.121+0000] {processor.py:830} INFO - Processing file /home/airflow/.local/lib/python3.8/site-packages/airflow/example_dags/example_sla_dag.py for tasks to queue
[2023-12-20T22:40:12.125+0000] {logging_mixin.py:188} INFO - [2023-12-20T22:40:12.125+0000] {dagbag.py:538} INFO - Filling up the DagBag from /home/airflow/.local/lib/python3.8/site-packages/airflow/example_dags/example_sla_dag.py
[2023-12-20T22:40:12.134+0000] {processor.py:840} INFO - DAG(s) 'example_sla_dag' retrieved from /home/airflow/.local/lib/python3.8/site-packages/airflow/example_dags/example_sla_dag.py
[2023-12-20T22:40:12.159+0000] {logging_mixin.py:188} INFO - [2023-12-20T22:40:12.159+0000] {dag.py:3033} INFO - Sync 1 DAGs
[2023-12-20T22:40:12.179+0000] {logging_mixin.py:188} INFO - [2023-12-20T22:40:12.178+0000] {dag.py:3820} INFO - Setting next_dagrun for example_sla_dag to 2023-12-20T22:38:00+00:00, run_after=2023-12-20T22:40:00+00:00
[2023-12-20T22:40:12.192+0000] {processor.py:183} INFO - Processing /home/airflow/.local/lib/python3.8/site-packages/airflow/example_dags/example_sla_dag.py took 0.076 seconds
[2023-12-20T22:40:42.481+0000] {processor.py:161} INFO - Started process (PID=310) to work on /home/airflow/.local/lib/python3.8/site-packages/airflow/example_dags/example_sla_dag.py
[2023-12-20T22:40:42.482+0000] {processor.py:830} INFO - Processing file /home/airflow/.local/lib/python3.8/site-packages/airflow/example_dags/example_sla_dag.py for tasks to queue
[2023-12-20T22:40:42.485+0000] {logging_mixin.py:188} INFO - [2023-12-20T22:40:42.485+0000] {dagbag.py:538} INFO - Filling up the DagBag from /home/airflow/.local/lib/python3.8/site-packages/airflow/example_dags/example_sla_dag.py
[2023-12-20T22:40:42.493+0000] {processor.py:840} INFO - DAG(s) 'example_sla_dag' retrieved from /home/airflow/.local/lib/python3.8/site-packages/airflow/example_dags/example_sla_dag.py
[2023-12-20T22:40:42.514+0000] {logging_mixin.py:188} INFO - [2023-12-20T22:40:42.514+0000] {dag.py:3033} INFO - Sync 1 DAGs
[2023-12-20T22:40:42.533+0000] {logging_mixin.py:188} INFO - [2023-12-20T22:40:42.533+0000] {dag.py:3820} INFO - Setting next_dagrun for example_sla_dag to 2023-12-20T22:38:00+00:00, run_after=2023-12-20T22:40:00+00:00
[2023-12-20T22:40:42.545+0000] {processor.py:183} INFO - Processing /home/airflow/.local/lib/python3.8/site-packages/airflow/example_dags/example_sla_dag.py took 0.068 seconds
[2023-12-20T22:41:13.503+0000] {processor.py:161} INFO - Started process (PID=370) to work on /home/airflow/.local/lib/python3.8/site-packages/airflow/example_dags/example_sla_dag.py
[2023-12-20T22:41:13.506+0000] {processor.py:830} INFO - Processing file /home/airflow/.local/lib/python3.8/site-packages/airflow/example_dags/example_sla_dag.py for tasks to queue
[2023-12-20T22:41:13.513+0000] {logging_mixin.py:188} INFO - [2023-12-20T22:41:13.512+0000] {dagbag.py:538} INFO - Filling up the DagBag from /home/airflow/.local/lib/python3.8/site-packages/airflow/example_dags/example_sla_dag.py
[2023-12-20T22:41:13.533+0000] {processor.py:840} INFO - DAG(s) 'example_sla_dag' retrieved from /home/airflow/.local/lib/python3.8/site-packages/airflow/example_dags/example_sla_dag.py
[2023-12-20T22:41:13.592+0000] {logging_mixin.py:188} INFO - [2023-12-20T22:41:13.592+0000] {dag.py:3033} INFO - Sync 1 DAGs
[2023-12-20T22:41:13.639+0000] {logging_mixin.py:188} INFO - [2023-12-20T22:41:13.639+0000] {dag.py:3820} INFO - Setting next_dagrun for example_sla_dag to 2023-12-20T22:38:00+00:00, run_after=2023-12-20T22:40:00+00:00
[2023-12-20T22:41:13.671+0000] {processor.py:183} INFO - Processing /home/airflow/.local/lib/python3.8/site-packages/airflow/example_dags/example_sla_dag.py took 0.176 seconds
[2023-12-20T22:41:44.179+0000] {processor.py:161} INFO - Started process (PID=423) to work on /home/airflow/.local/lib/python3.8/site-packages/airflow/example_dags/example_sla_dag.py
[2023-12-20T22:41:44.180+0000] {processor.py:830} INFO - Processing file /home/airflow/.local/lib/python3.8/site-packages/airflow/example_dags/example_sla_dag.py for tasks to queue
[2023-12-20T22:41:44.183+0000] {logging_mixin.py:188} INFO - [2023-12-20T22:41:44.183+0000] {dagbag.py:538} INFO - Filling up the DagBag from /home/airflow/.local/lib/python3.8/site-packages/airflow/example_dags/example_sla_dag.py
[2023-12-20T22:41:44.192+0000] {processor.py:840} INFO - DAG(s) 'example_sla_dag' retrieved from /home/airflow/.local/lib/python3.8/site-packages/airflow/example_dags/example_sla_dag.py
[2023-12-20T22:41:44.225+0000] {logging_mixin.py:188} INFO - [2023-12-20T22:41:44.225+0000] {dag.py:3033} INFO - Sync 1 DAGs
[2023-12-20T22:41:44.261+0000] {logging_mixin.py:188} INFO - [2023-12-20T22:41:44.261+0000] {dag.py:3820} INFO - Setting next_dagrun for example_sla_dag to 2023-12-20T22:38:00+00:00, run_after=2023-12-20T22:40:00+00:00
[2023-12-20T22:41:44.278+0000] {processor.py:183} INFO - Processing /home/airflow/.local/lib/python3.8/site-packages/airflow/example_dags/example_sla_dag.py took 0.103 seconds
[2023-12-20T22:42:14.395+0000] {processor.py:161} INFO - Started process (PID=478) to work on /home/airflow/.local/lib/python3.8/site-packages/airflow/example_dags/example_sla_dag.py
[2023-12-20T22:42:14.397+0000] {processor.py:830} INFO - Processing file /home/airflow/.local/lib/python3.8/site-packages/airflow/example_dags/example_sla_dag.py for tasks to queue
[2023-12-20T22:42:14.399+0000] {logging_mixin.py:188} INFO - [2023-12-20T22:42:14.399+0000] {dagbag.py:538} INFO - Filling up the DagBag from /home/airflow/.local/lib/python3.8/site-packages/airflow/example_dags/example_sla_dag.py
[2023-12-20T22:42:14.409+0000] {processor.py:840} INFO - DAG(s) 'example_sla_dag' retrieved from /home/airflow/.local/lib/python3.8/site-packages/airflow/example_dags/example_sla_dag.py
[2023-12-20T22:42:14.432+0000] {logging_mixin.py:188} INFO - [2023-12-20T22:42:14.432+0000] {dag.py:3033} INFO - Sync 1 DAGs
[2023-12-20T22:42:14.452+0000] {logging_mixin.py:188} INFO - [2023-12-20T22:42:14.452+0000] {dag.py:3820} INFO - Setting next_dagrun for example_sla_dag to 2023-12-20T22:40:00+00:00, run_after=2023-12-20T22:42:00+00:00
[2023-12-20T22:42:14.472+0000] {processor.py:183} INFO - Processing /home/airflow/.local/lib/python3.8/site-packages/airflow/example_dags/example_sla_dag.py took 0.081 seconds
[2023-12-20T22:42:45.260+0000] {processor.py:161} INFO - Started process (PID=532) to work on /home/airflow/.local/lib/python3.8/site-packages/airflow/example_dags/example_sla_dag.py
[2023-12-20T22:42:45.262+0000] {processor.py:830} INFO - Processing file /home/airflow/.local/lib/python3.8/site-packages/airflow/example_dags/example_sla_dag.py for tasks to queue
[2023-12-20T22:42:45.265+0000] {logging_mixin.py:188} INFO - [2023-12-20T22:42:45.264+0000] {dagbag.py:538} INFO - Filling up the DagBag from /home/airflow/.local/lib/python3.8/site-packages/airflow/example_dags/example_sla_dag.py
[2023-12-20T22:42:45.273+0000] {processor.py:840} INFO - DAG(s) 'example_sla_dag' retrieved from /home/airflow/.local/lib/python3.8/site-packages/airflow/example_dags/example_sla_dag.py
[2023-12-20T22:42:45.294+0000] {logging_mixin.py:188} INFO - [2023-12-20T22:42:45.294+0000] {dag.py:3033} INFO - Sync 1 DAGs
[2023-12-20T22:42:45.314+0000] {logging_mixin.py:188} INFO - [2023-12-20T22:42:45.314+0000] {dag.py:3820} INFO - Setting next_dagrun for example_sla_dag to 2023-12-20T22:40:00+00:00, run_after=2023-12-20T22:42:00+00:00
[2023-12-20T22:42:45.327+0000] {processor.py:183} INFO - Processing /home/airflow/.local/lib/python3.8/site-packages/airflow/example_dags/example_sla_dag.py took 0.071 seconds
[2023-12-20T22:43:15.847+0000] {processor.py:161} INFO - Started process (PID=587) to work on /home/airflow/.local/lib/python3.8/site-packages/airflow/example_dags/example_sla_dag.py
[2023-12-20T22:43:15.849+0000] {processor.py:830} INFO - Processing file /home/airflow/.local/lib/python3.8/site-packages/airflow/example_dags/example_sla_dag.py for tasks to queue
[2023-12-20T22:43:15.853+0000] {logging_mixin.py:188} INFO - [2023-12-20T22:43:15.852+0000] {dagbag.py:538} INFO - Filling up the DagBag from /home/airflow/.local/lib/python3.8/site-packages/airflow/example_dags/example_sla_dag.py
[2023-12-20T22:43:15.878+0000] {processor.py:840} INFO - DAG(s) 'example_sla_dag' retrieved from /home/airflow/.local/lib/python3.8/site-packages/airflow/example_dags/example_sla_dag.py
[2023-12-20T22:43:15.928+0000] {logging_mixin.py:188} INFO - [2023-12-20T22:43:15.928+0000] {dag.py:3033} INFO - Sync 1 DAGs
[2023-12-20T22:43:15.980+0000] {logging_mixin.py:188} INFO - [2023-12-20T22:43:15.979+0000] {dag.py:3820} INFO - Setting next_dagrun for example_sla_dag to 2023-12-20T22:40:00+00:00, run_after=2023-12-20T22:42:00+00:00
[2023-12-20T22:43:16.030+0000] {processor.py:183} INFO - Processing /home/airflow/.local/lib/python3.8/site-packages/airflow/example_dags/example_sla_dag.py took 0.188 seconds
[2023-12-20T22:43:46.093+0000] {processor.py:161} INFO - Started process (PID=642) to work on /home/airflow/.local/lib/python3.8/site-packages/airflow/example_dags/example_sla_dag.py
[2023-12-20T22:43:46.094+0000] {processor.py:830} INFO - Processing file /home/airflow/.local/lib/python3.8/site-packages/airflow/example_dags/example_sla_dag.py for tasks to queue
[2023-12-20T22:43:46.097+0000] {logging_mixin.py:188} INFO - [2023-12-20T22:43:46.096+0000] {dagbag.py:538} INFO - Filling up the DagBag from /home/airflow/.local/lib/python3.8/site-packages/airflow/example_dags/example_sla_dag.py
[2023-12-20T22:43:46.105+0000] {processor.py:840} INFO - DAG(s) 'example_sla_dag' retrieved from /home/airflow/.local/lib/python3.8/site-packages/airflow/example_dags/example_sla_dag.py
[2023-12-20T22:43:46.127+0000] {logging_mixin.py:188} INFO - [2023-12-20T22:43:46.127+0000] {dag.py:3033} INFO - Sync 1 DAGs
[2023-12-20T22:43:46.146+0000] {logging_mixin.py:188} INFO - [2023-12-20T22:43:46.146+0000] {dag.py:3820} INFO - Setting next_dagrun for example_sla_dag to 2023-12-20T22:40:00+00:00, run_after=2023-12-20T22:42:00+00:00
[2023-12-20T22:43:46.159+0000] {processor.py:183} INFO - Processing /home/airflow/.local/lib/python3.8/site-packages/airflow/example_dags/example_sla_dag.py took 0.070 seconds
[2023-12-20T22:44:16.787+0000] {processor.py:161} INFO - Started process (PID=697) to work on /home/airflow/.local/lib/python3.8/site-packages/airflow/example_dags/example_sla_dag.py
[2023-12-20T22:44:16.789+0000] {processor.py:830} INFO - Processing file /home/airflow/.local/lib/python3.8/site-packages/airflow/example_dags/example_sla_dag.py for tasks to queue
[2023-12-20T22:44:16.792+0000] {logging_mixin.py:188} INFO - [2023-12-20T22:44:16.791+0000] {dagbag.py:538} INFO - Filling up the DagBag from /home/airflow/.local/lib/python3.8/site-packages/airflow/example_dags/example_sla_dag.py
[2023-12-20T22:44:16.800+0000] {processor.py:840} INFO - DAG(s) 'example_sla_dag' retrieved from /home/airflow/.local/lib/python3.8/site-packages/airflow/example_dags/example_sla_dag.py
[2023-12-20T22:44:16.821+0000] {logging_mixin.py:188} INFO - [2023-12-20T22:44:16.821+0000] {dag.py:3033} INFO - Sync 1 DAGs
[2023-12-20T22:44:16.845+0000] {logging_mixin.py:188} INFO - [2023-12-20T22:44:16.845+0000] {dag.py:3820} INFO - Setting next_dagrun for example_sla_dag to 2023-12-20T22:42:00+00:00, run_after=2023-12-20T22:44:00+00:00
[2023-12-20T22:44:16.860+0000] {processor.py:183} INFO - Processing /home/airflow/.local/lib/python3.8/site-packages/airflow/example_dags/example_sla_dag.py took 0.076 seconds
[2023-12-20T22:44:47.829+0000] {processor.py:161} INFO - Started process (PID=752) to work on /home/airflow/.local/lib/python3.8/site-packages/airflow/example_dags/example_sla_dag.py
[2023-12-20T22:44:47.830+0000] {processor.py:830} INFO - Processing file /home/airflow/.local/lib/python3.8/site-packages/airflow/example_dags/example_sla_dag.py for tasks to queue
[2023-12-20T22:44:47.833+0000] {logging_mixin.py:188} INFO - [2023-12-20T22:44:47.832+0000] {dagbag.py:538} INFO - Filling up the DagBag from /home/airflow/.local/lib/python3.8/site-packages/airflow/example_dags/example_sla_dag.py
[2023-12-20T22:44:47.842+0000] {processor.py:840} INFO - DAG(s) 'example_sla_dag' retrieved from /home/airflow/.local/lib/python3.8/site-packages/airflow/example_dags/example_sla_dag.py
[2023-12-20T22:44:47.869+0000] {logging_mixin.py:188} INFO - [2023-12-20T22:44:47.869+0000] {dag.py:3033} INFO - Sync 1 DAGs
[2023-12-20T22:44:47.895+0000] {logging_mixin.py:188} INFO - [2023-12-20T22:44:47.895+0000] {dag.py:3820} INFO - Setting next_dagrun for example_sla_dag to 2023-12-20T22:42:00+00:00, run_after=2023-12-20T22:44:00+00:00
[2023-12-20T22:44:47.919+0000] {processor.py:183} INFO - Processing /home/airflow/.local/lib/python3.8/site-packages/airflow/example_dags/example_sla_dag.py took 0.094 seconds
[2023-12-20T22:45:18.412+0000] {processor.py:161} INFO - Started process (PID=808) to work on /home/airflow/.local/lib/python3.8/site-packages/airflow/example_dags/example_sla_dag.py
[2023-12-20T22:45:18.413+0000] {processor.py:830} INFO - Processing file /home/airflow/.local/lib/python3.8/site-packages/airflow/example_dags/example_sla_dag.py for tasks to queue
[2023-12-20T22:45:18.416+0000] {logging_mixin.py:188} INFO - [2023-12-20T22:45:18.416+0000] {dagbag.py:538} INFO - Filling up the DagBag from /home/airflow/.local/lib/python3.8/site-packages/airflow/example_dags/example_sla_dag.py
[2023-12-20T22:45:18.426+0000] {processor.py:840} INFO - DAG(s) 'example_sla_dag' retrieved from /home/airflow/.local/lib/python3.8/site-packages/airflow/example_dags/example_sla_dag.py
[2023-12-20T22:45:18.447+0000] {logging_mixin.py:188} INFO - [2023-12-20T22:45:18.447+0000] {dag.py:3033} INFO - Sync 1 DAGs
[2023-12-20T22:45:18.476+0000] {logging_mixin.py:188} INFO - [2023-12-20T22:45:18.476+0000] {dag.py:3820} INFO - Setting next_dagrun for example_sla_dag to 2023-12-20T22:42:00+00:00, run_after=2023-12-20T22:44:00+00:00
[2023-12-20T22:45:18.490+0000] {processor.py:183} INFO - Processing /home/airflow/.local/lib/python3.8/site-packages/airflow/example_dags/example_sla_dag.py took 0.082 seconds
[2023-12-20T22:45:48.780+0000] {processor.py:161} INFO - Started process (PID=863) to work on /home/airflow/.local/lib/python3.8/site-packages/airflow/example_dags/example_sla_dag.py
[2023-12-20T22:45:48.782+0000] {processor.py:830} INFO - Processing file /home/airflow/.local/lib/python3.8/site-packages/airflow/example_dags/example_sla_dag.py for tasks to queue
[2023-12-20T22:45:48.786+0000] {logging_mixin.py:188} INFO - [2023-12-20T22:45:48.786+0000] {dagbag.py:538} INFO - Filling up the DagBag from /home/airflow/.local/lib/python3.8/site-packages/airflow/example_dags/example_sla_dag.py
[2023-12-20T22:45:48.798+0000] {processor.py:840} INFO - DAG(s) 'example_sla_dag' retrieved from /home/airflow/.local/lib/python3.8/site-packages/airflow/example_dags/example_sla_dag.py
[2023-12-20T22:45:48.828+0000] {logging_mixin.py:188} INFO - [2023-12-20T22:45:48.828+0000] {dag.py:3033} INFO - Sync 1 DAGs
[2023-12-20T22:45:48.860+0000] {logging_mixin.py:188} INFO - [2023-12-20T22:45:48.860+0000] {dag.py:3820} INFO - Setting next_dagrun for example_sla_dag to 2023-12-20T22:42:00+00:00, run_after=2023-12-20T22:44:00+00:00
[2023-12-20T22:45:48.882+0000] {processor.py:183} INFO - Processing /home/airflow/.local/lib/python3.8/site-packages/airflow/example_dags/example_sla_dag.py took 0.108 seconds
[2023-12-20T22:46:19.644+0000] {processor.py:161} INFO - Started process (PID=918) to work on /home/airflow/.local/lib/python3.8/site-packages/airflow/example_dags/example_sla_dag.py
[2023-12-20T22:46:19.645+0000] {processor.py:830} INFO - Processing file /home/airflow/.local/lib/python3.8/site-packages/airflow/example_dags/example_sla_dag.py for tasks to queue
[2023-12-20T22:46:19.648+0000] {logging_mixin.py:188} INFO - [2023-12-20T22:46:19.648+0000] {dagbag.py:538} INFO - Filling up the DagBag from /home/airflow/.local/lib/python3.8/site-packages/airflow/example_dags/example_sla_dag.py
[2023-12-20T22:46:19.658+0000] {processor.py:840} INFO - DAG(s) 'example_sla_dag' retrieved from /home/airflow/.local/lib/python3.8/site-packages/airflow/example_dags/example_sla_dag.py
[2023-12-20T22:46:19.680+0000] {logging_mixin.py:188} INFO - [2023-12-20T22:46:19.680+0000] {dag.py:3033} INFO - Sync 1 DAGs
[2023-12-20T22:46:19.707+0000] {logging_mixin.py:188} INFO - [2023-12-20T22:46:19.707+0000] {dag.py:3820} INFO - Setting next_dagrun for example_sla_dag to 2023-12-20T22:44:00+00:00, run_after=2023-12-20T22:46:00+00:00
[2023-12-20T22:46:19.733+0000] {processor.py:183} INFO - Processing /home/airflow/.local/lib/python3.8/site-packages/airflow/example_dags/example_sla_dag.py took 0.092 seconds
[2023-12-20T22:46:50.653+0000] {processor.py:161} INFO - Started process (PID=973) to work on /home/airflow/.local/lib/python3.8/site-packages/airflow/example_dags/example_sla_dag.py
[2023-12-20T22:46:50.654+0000] {processor.py:830} INFO - Processing file /home/airflow/.local/lib/python3.8/site-packages/airflow/example_dags/example_sla_dag.py for tasks to queue
[2023-12-20T22:46:50.657+0000] {logging_mixin.py:188} INFO - [2023-12-20T22:46:50.656+0000] {dagbag.py:538} INFO - Filling up the DagBag from /home/airflow/.local/lib/python3.8/site-packages/airflow/example_dags/example_sla_dag.py
[2023-12-20T22:46:50.665+0000] {processor.py:840} INFO - DAG(s) 'example_sla_dag' retrieved from /home/airflow/.local/lib/python3.8/site-packages/airflow/example_dags/example_sla_dag.py
[2023-12-20T22:46:50.686+0000] {logging_mixin.py:188} INFO - [2023-12-20T22:46:50.686+0000] {dag.py:3033} INFO - Sync 1 DAGs
[2023-12-20T22:46:50.705+0000] {logging_mixin.py:188} INFO - [2023-12-20T22:46:50.705+0000] {dag.py:3820} INFO - Setting next_dagrun for example_sla_dag to 2023-12-20T22:44:00+00:00, run_after=2023-12-20T22:46:00+00:00
[2023-12-20T22:46:50.717+0000] {processor.py:183} INFO - Processing /home/airflow/.local/lib/python3.8/site-packages/airflow/example_dags/example_sla_dag.py took 0.068 seconds
[2023-12-20T22:47:21.457+0000] {processor.py:161} INFO - Started process (PID=1028) to work on /home/airflow/.local/lib/python3.8/site-packages/airflow/example_dags/example_sla_dag.py
[2023-12-20T22:47:21.459+0000] {processor.py:830} INFO - Processing file /home/airflow/.local/lib/python3.8/site-packages/airflow/example_dags/example_sla_dag.py for tasks to queue
[2023-12-20T22:47:21.461+0000] {logging_mixin.py:188} INFO - [2023-12-20T22:47:21.461+0000] {dagbag.py:538} INFO - Filling up the DagBag from /home/airflow/.local/lib/python3.8/site-packages/airflow/example_dags/example_sla_dag.py
[2023-12-20T22:47:21.471+0000] {processor.py:840} INFO - DAG(s) 'example_sla_dag' retrieved from /home/airflow/.local/lib/python3.8/site-packages/airflow/example_dags/example_sla_dag.py
[2023-12-20T22:47:21.491+0000] {logging_mixin.py:188} INFO - [2023-12-20T22:47:21.490+0000] {dag.py:3033} INFO - Sync 1 DAGs
[2023-12-20T22:47:21.510+0000] {logging_mixin.py:188} INFO - [2023-12-20T22:47:21.510+0000] {dag.py:3820} INFO - Setting next_dagrun for example_sla_dag to 2023-12-20T22:44:00+00:00, run_after=2023-12-20T22:46:00+00:00
[2023-12-20T22:47:21.523+0000] {processor.py:183} INFO - Processing /home/airflow/.local/lib/python3.8/site-packages/airflow/example_dags/example_sla_dag.py took 0.069 seconds
[2023-12-20T22:47:52.013+0000] {processor.py:161} INFO - Started process (PID=1082) to work on /home/airflow/.local/lib/python3.8/site-packages/airflow/example_dags/example_sla_dag.py
[2023-12-20T22:47:52.014+0000] {processor.py:830} INFO - Processing file /home/airflow/.local/lib/python3.8/site-packages/airflow/example_dags/example_sla_dag.py for tasks to queue
[2023-12-20T22:47:52.017+0000] {logging_mixin.py:188} INFO - [2023-12-20T22:47:52.017+0000] {dagbag.py:538} INFO - Filling up the DagBag from /home/airflow/.local/lib/python3.8/site-packages/airflow/example_dags/example_sla_dag.py
[2023-12-20T22:47:52.026+0000] {processor.py:840} INFO - DAG(s) 'example_sla_dag' retrieved from /home/airflow/.local/lib/python3.8/site-packages/airflow/example_dags/example_sla_dag.py
[2023-12-20T22:47:52.046+0000] {logging_mixin.py:188} INFO - [2023-12-20T22:47:52.046+0000] {dag.py:3033} INFO - Sync 1 DAGs
[2023-12-20T22:47:52.065+0000] {logging_mixin.py:188} INFO - [2023-12-20T22:47:52.065+0000] {dag.py:3820} INFO - Setting next_dagrun for example_sla_dag to 2023-12-20T22:44:00+00:00, run_after=2023-12-20T22:46:00+00:00
[2023-12-20T22:47:52.080+0000] {processor.py:183} INFO - Processing /home/airflow/.local/lib/python3.8/site-packages/airflow/example_dags/example_sla_dag.py took 0.071 seconds
[2023-12-20T22:48:22.932+0000] {processor.py:161} INFO - Started process (PID=1137) to work on /home/airflow/.local/lib/python3.8/site-packages/airflow/example_dags/example_sla_dag.py
[2023-12-20T22:48:22.934+0000] {processor.py:830} INFO - Processing file /home/airflow/.local/lib/python3.8/site-packages/airflow/example_dags/example_sla_dag.py for tasks to queue
[2023-12-20T22:48:22.936+0000] {logging_mixin.py:188} INFO - [2023-12-20T22:48:22.936+0000] {dagbag.py:538} INFO - Filling up the DagBag from /home/airflow/.local/lib/python3.8/site-packages/airflow/example_dags/example_sla_dag.py
[2023-12-20T22:48:22.946+0000] {processor.py:840} INFO - DAG(s) 'example_sla_dag' retrieved from /home/airflow/.local/lib/python3.8/site-packages/airflow/example_dags/example_sla_dag.py
[2023-12-20T22:48:22.969+0000] {logging_mixin.py:188} INFO - [2023-12-20T22:48:22.969+0000] {dag.py:3033} INFO - Sync 1 DAGs
[2023-12-20T22:48:22.990+0000] {logging_mixin.py:188} INFO - [2023-12-20T22:48:22.990+0000] {dag.py:3820} INFO - Setting next_dagrun for example_sla_dag to 2023-12-20T22:46:00+00:00, run_after=2023-12-20T22:48:00+00:00
[2023-12-20T22:48:23.004+0000] {processor.py:183} INFO - Processing /home/airflow/.local/lib/python3.8/site-packages/airflow/example_dags/example_sla_dag.py took 0.075 seconds
[2023-12-20T22:48:53.267+0000] {processor.py:161} INFO - Started process (PID=1191) to work on /home/airflow/.local/lib/python3.8/site-packages/airflow/example_dags/example_sla_dag.py
[2023-12-20T22:48:53.268+0000] {processor.py:830} INFO - Processing file /home/airflow/.local/lib/python3.8/site-packages/airflow/example_dags/example_sla_dag.py for tasks to queue
[2023-12-20T22:48:53.270+0000] {logging_mixin.py:188} INFO - [2023-12-20T22:48:53.270+0000] {dagbag.py:538} INFO - Filling up the DagBag from /home/airflow/.local/lib/python3.8/site-packages/airflow/example_dags/example_sla_dag.py
[2023-12-20T22:48:53.280+0000] {processor.py:840} INFO - DAG(s) 'example_sla_dag' retrieved from /home/airflow/.local/lib/python3.8/site-packages/airflow/example_dags/example_sla_dag.py
[2023-12-20T22:48:53.300+0000] {logging_mixin.py:188} INFO - [2023-12-20T22:48:53.300+0000] {dag.py:3033} INFO - Sync 1 DAGs
[2023-12-20T22:48:53.320+0000] {logging_mixin.py:188} INFO - [2023-12-20T22:48:53.320+0000] {dag.py:3820} INFO - Setting next_dagrun for example_sla_dag to 2023-12-20T22:46:00+00:00, run_after=2023-12-20T22:48:00+00:00
[2023-12-20T22:48:53.332+0000] {processor.py:183} INFO - Processing /home/airflow/.local/lib/python3.8/site-packages/airflow/example_dags/example_sla_dag.py took 0.069 seconds
[2023-12-20T22:49:23.407+0000] {processor.py:161} INFO - Started process (PID=1245) to work on /home/airflow/.local/lib/python3.8/site-packages/airflow/example_dags/example_sla_dag.py
[2023-12-20T22:49:23.409+0000] {processor.py:830} INFO - Processing file /home/airflow/.local/lib/python3.8/site-packages/airflow/example_dags/example_sla_dag.py for tasks to queue
[2023-12-20T22:49:23.412+0000] {logging_mixin.py:188} INFO - [2023-12-20T22:49:23.412+0000] {dagbag.py:538} INFO - Filling up the DagBag from /home/airflow/.local/lib/python3.8/site-packages/airflow/example_dags/example_sla_dag.py
[2023-12-20T22:49:23.421+0000] {processor.py:840} INFO - DAG(s) 'example_sla_dag' retrieved from /home/airflow/.local/lib/python3.8/site-packages/airflow/example_dags/example_sla_dag.py
[2023-12-20T22:49:23.443+0000] {logging_mixin.py:188} INFO - [2023-12-20T22:49:23.442+0000] {dag.py:3033} INFO - Sync 1 DAGs
[2023-12-20T22:49:23.464+0000] {logging_mixin.py:188} INFO - [2023-12-20T22:49:23.464+0000] {dag.py:3820} INFO - Setting next_dagrun for example_sla_dag to 2023-12-20T22:46:00+00:00, run_after=2023-12-20T22:48:00+00:00
[2023-12-20T22:49:23.480+0000] {processor.py:183} INFO - Processing /home/airflow/.local/lib/python3.8/site-packages/airflow/example_dags/example_sla_dag.py took 0.077 seconds
[2023-12-20T22:49:53.795+0000] {processor.py:161} INFO - Started process (PID=1300) to work on /home/airflow/.local/lib/python3.8/site-packages/airflow/example_dags/example_sla_dag.py
[2023-12-20T22:49:53.797+0000] {processor.py:830} INFO - Processing file /home/airflow/.local/lib/python3.8/site-packages/airflow/example_dags/example_sla_dag.py for tasks to queue
[2023-12-20T22:49:53.802+0000] {logging_mixin.py:188} INFO - [2023-12-20T22:49:53.801+0000] {dagbag.py:538} INFO - Filling up the DagBag from /home/airflow/.local/lib/python3.8/site-packages/airflow/example_dags/example_sla_dag.py
[2023-12-20T22:49:53.815+0000] {processor.py:840} INFO - DAG(s) 'example_sla_dag' retrieved from /home/airflow/.local/lib/python3.8/site-packages/airflow/example_dags/example_sla_dag.py
[2023-12-20T22:49:53.839+0000] {logging_mixin.py:188} INFO - [2023-12-20T22:49:53.839+0000] {dag.py:3033} INFO - Sync 1 DAGs
[2023-12-20T22:49:53.859+0000] {logging_mixin.py:188} INFO - [2023-12-20T22:49:53.859+0000] {dag.py:3820} INFO - Setting next_dagrun for example_sla_dag to 2023-12-20T22:46:00+00:00, run_after=2023-12-20T22:48:00+00:00
[2023-12-20T22:49:53.872+0000] {processor.py:183} INFO - Processing /home/airflow/.local/lib/python3.8/site-packages/airflow/example_dags/example_sla_dag.py took 0.082 seconds
[2023-12-20T22:50:24.055+0000] {processor.py:161} INFO - Started process (PID=1355) to work on /home/airflow/.local/lib/python3.8/site-packages/airflow/example_dags/example_sla_dag.py
[2023-12-20T22:50:24.056+0000] {processor.py:830} INFO - Processing file /home/airflow/.local/lib/python3.8/site-packages/airflow/example_dags/example_sla_dag.py for tasks to queue
[2023-12-20T22:50:24.059+0000] {logging_mixin.py:188} INFO - [2023-12-20T22:50:24.059+0000] {dagbag.py:538} INFO - Filling up the DagBag from /home/airflow/.local/lib/python3.8/site-packages/airflow/example_dags/example_sla_dag.py
[2023-12-20T22:50:24.069+0000] {processor.py:840} INFO - DAG(s) 'example_sla_dag' retrieved from /home/airflow/.local/lib/python3.8/site-packages/airflow/example_dags/example_sla_dag.py
[2023-12-20T22:50:24.096+0000] {logging_mixin.py:188} INFO - [2023-12-20T22:50:24.096+0000] {dag.py:3033} INFO - Sync 1 DAGs
[2023-12-20T22:50:24.119+0000] {logging_mixin.py:188} INFO - [2023-12-20T22:50:24.119+0000] {dag.py:3820} INFO - Setting next_dagrun for example_sla_dag to 2023-12-20T22:48:00+00:00, run_after=2023-12-20T22:50:00+00:00
[2023-12-20T22:50:24.138+0000] {processor.py:183} INFO - Processing /home/airflow/.local/lib/python3.8/site-packages/airflow/example_dags/example_sla_dag.py took 0.087 seconds
[2023-12-20T22:50:54.209+0000] {processor.py:161} INFO - Started process (PID=1410) to work on /home/airflow/.local/lib/python3.8/site-packages/airflow/example_dags/example_sla_dag.py
[2023-12-20T22:50:54.210+0000] {processor.py:830} INFO - Processing file /home/airflow/.local/lib/python3.8/site-packages/airflow/example_dags/example_sla_dag.py for tasks to queue
[2023-12-20T22:50:54.214+0000] {logging_mixin.py:188} INFO - [2023-12-20T22:50:54.214+0000] {dagbag.py:538} INFO - Filling up the DagBag from /home/airflow/.local/lib/python3.8/site-packages/airflow/example_dags/example_sla_dag.py
[2023-12-20T22:50:54.230+0000] {processor.py:840} INFO - DAG(s) 'example_sla_dag' retrieved from /home/airflow/.local/lib/python3.8/site-packages/airflow/example_dags/example_sla_dag.py
[2023-12-20T22:50:54.253+0000] {logging_mixin.py:188} INFO - [2023-12-20T22:50:54.253+0000] {dag.py:3033} INFO - Sync 1 DAGs
[2023-12-20T22:50:54.275+0000] {logging_mixin.py:188} INFO - [2023-12-20T22:50:54.275+0000] {dag.py:3820} INFO - Setting next_dagrun for example_sla_dag to 2023-12-20T22:48:00+00:00, run_after=2023-12-20T22:50:00+00:00
[2023-12-20T22:50:54.290+0000] {processor.py:183} INFO - Processing /home/airflow/.local/lib/python3.8/site-packages/airflow/example_dags/example_sla_dag.py took 0.085 seconds
[2023-12-20T22:51:24.440+0000] {processor.py:161} INFO - Started process (PID=1465) to work on /home/airflow/.local/lib/python3.8/site-packages/airflow/example_dags/example_sla_dag.py
[2023-12-20T22:51:24.441+0000] {processor.py:830} INFO - Processing file /home/airflow/.local/lib/python3.8/site-packages/airflow/example_dags/example_sla_dag.py for tasks to queue
[2023-12-20T22:51:24.445+0000] {logging_mixin.py:188} INFO - [2023-12-20T22:51:24.444+0000] {dagbag.py:538} INFO - Filling up the DagBag from /home/airflow/.local/lib/python3.8/site-packages/airflow/example_dags/example_sla_dag.py
[2023-12-20T22:51:24.453+0000] {processor.py:840} INFO - DAG(s) 'example_sla_dag' retrieved from /home/airflow/.local/lib/python3.8/site-packages/airflow/example_dags/example_sla_dag.py
[2023-12-20T22:51:24.475+0000] {logging_mixin.py:188} INFO - [2023-12-20T22:51:24.475+0000] {dag.py:3033} INFO - Sync 1 DAGs
[2023-12-20T22:51:24.494+0000] {logging_mixin.py:188} INFO - [2023-12-20T22:51:24.494+0000] {dag.py:3820} INFO - Setting next_dagrun for example_sla_dag to 2023-12-20T22:48:00+00:00, run_after=2023-12-20T22:50:00+00:00
[2023-12-20T22:51:24.507+0000] {processor.py:183} INFO - Processing /home/airflow/.local/lib/python3.8/site-packages/airflow/example_dags/example_sla_dag.py took 0.070 seconds
[2023-12-20T22:51:55.191+0000] {processor.py:161} INFO - Started process (PID=1520) to work on /home/airflow/.local/lib/python3.8/site-packages/airflow/example_dags/example_sla_dag.py
[2023-12-20T22:51:55.193+0000] {processor.py:830} INFO - Processing file /home/airflow/.local/lib/python3.8/site-packages/airflow/example_dags/example_sla_dag.py for tasks to queue
[2023-12-20T22:51:55.196+0000] {logging_mixin.py:188} INFO - [2023-12-20T22:51:55.196+0000] {dagbag.py:538} INFO - Filling up the DagBag from /home/airflow/.local/lib/python3.8/site-packages/airflow/example_dags/example_sla_dag.py
[2023-12-20T22:51:55.205+0000] {processor.py:840} INFO - DAG(s) 'example_sla_dag' retrieved from /home/airflow/.local/lib/python3.8/site-packages/airflow/example_dags/example_sla_dag.py
[2023-12-20T22:51:55.226+0000] {logging_mixin.py:188} INFO - [2023-12-20T22:51:55.226+0000] {dag.py:3033} INFO - Sync 1 DAGs
[2023-12-20T22:51:55.246+0000] {logging_mixin.py:188} INFO - [2023-12-20T22:51:55.246+0000] {dag.py:3820} INFO - Setting next_dagrun for example_sla_dag to 2023-12-20T22:48:00+00:00, run_after=2023-12-20T22:50:00+00:00
[2023-12-20T22:51:55.273+0000] {processor.py:183} INFO - Processing /home/airflow/.local/lib/python3.8/site-packages/airflow/example_dags/example_sla_dag.py took 0.086 seconds
[2023-12-20T22:52:25.856+0000] {processor.py:161} INFO - Started process (PID=1575) to work on /home/airflow/.local/lib/python3.8/site-packages/airflow/example_dags/example_sla_dag.py
[2023-12-20T22:52:25.857+0000] {processor.py:830} INFO - Processing file /home/airflow/.local/lib/python3.8/site-packages/airflow/example_dags/example_sla_dag.py for tasks to queue
[2023-12-20T22:52:25.860+0000] {logging_mixin.py:188} INFO - [2023-12-20T22:52:25.860+0000] {dagbag.py:538} INFO - Filling up the DagBag from /home/airflow/.local/lib/python3.8/site-packages/airflow/example_dags/example_sla_dag.py
[2023-12-20T22:52:25.870+0000] {processor.py:840} INFO - DAG(s) 'example_sla_dag' retrieved from /home/airflow/.local/lib/python3.8/site-packages/airflow/example_dags/example_sla_dag.py
[2023-12-20T22:52:25.893+0000] {logging_mixin.py:188} INFO - [2023-12-20T22:52:25.893+0000] {dag.py:3033} INFO - Sync 1 DAGs
[2023-12-20T22:52:25.913+0000] {logging_mixin.py:188} INFO - [2023-12-20T22:52:25.913+0000] {dag.py:3820} INFO - Setting next_dagrun for example_sla_dag to 2023-12-20T22:50:00+00:00, run_after=2023-12-20T22:52:00+00:00
[2023-12-20T22:52:25.931+0000] {processor.py:183} INFO - Processing /home/airflow/.local/lib/python3.8/site-packages/airflow/example_dags/example_sla_dag.py took 0.079 seconds
[2023-12-20T22:52:56.373+0000] {processor.py:161} INFO - Started process (PID=1630) to work on /home/airflow/.local/lib/python3.8/site-packages/airflow/example_dags/example_sla_dag.py
[2023-12-20T22:52:56.374+0000] {processor.py:830} INFO - Processing file /home/airflow/.local/lib/python3.8/site-packages/airflow/example_dags/example_sla_dag.py for tasks to queue
[2023-12-20T22:52:56.378+0000] {logging_mixin.py:188} INFO - [2023-12-20T22:52:56.377+0000] {dagbag.py:538} INFO - Filling up the DagBag from /home/airflow/.local/lib/python3.8/site-packages/airflow/example_dags/example_sla_dag.py
[2023-12-20T22:52:56.386+0000] {processor.py:840} INFO - DAG(s) 'example_sla_dag' retrieved from /home/airflow/.local/lib/python3.8/site-packages/airflow/example_dags/example_sla_dag.py
[2023-12-20T22:52:56.408+0000] {logging_mixin.py:188} INFO - [2023-12-20T22:52:56.407+0000] {dag.py:3033} INFO - Sync 1 DAGs
[2023-12-20T22:52:56.427+0000] {logging_mixin.py:188} INFO - [2023-12-20T22:52:56.427+0000] {dag.py:3820} INFO - Setting next_dagrun for example_sla_dag to 2023-12-20T22:50:00+00:00, run_after=2023-12-20T22:52:00+00:00
[2023-12-20T22:52:56.440+0000] {processor.py:183} INFO - Processing /home/airflow/.local/lib/python3.8/site-packages/airflow/example_dags/example_sla_dag.py took 0.070 seconds
[2023-12-20T22:53:27.125+0000] {processor.py:161} INFO - Started process (PID=1686) to work on /home/airflow/.local/lib/python3.8/site-packages/airflow/example_dags/example_sla_dag.py
[2023-12-20T22:53:27.127+0000] {processor.py:830} INFO - Processing file /home/airflow/.local/lib/python3.8/site-packages/airflow/example_dags/example_sla_dag.py for tasks to queue
[2023-12-20T22:53:27.131+0000] {logging_mixin.py:188} INFO - [2023-12-20T22:53:27.130+0000] {dagbag.py:538} INFO - Filling up the DagBag from /home/airflow/.local/lib/python3.8/site-packages/airflow/example_dags/example_sla_dag.py
[2023-12-20T22:53:27.143+0000] {processor.py:840} INFO - DAG(s) 'example_sla_dag' retrieved from /home/airflow/.local/lib/python3.8/site-packages/airflow/example_dags/example_sla_dag.py
[2023-12-20T22:53:27.184+0000] {logging_mixin.py:188} INFO - [2023-12-20T22:53:27.183+0000] {dag.py:3033} INFO - Sync 1 DAGs
[2023-12-20T22:53:27.212+0000] {logging_mixin.py:188} INFO - [2023-12-20T22:53:27.212+0000] {dag.py:3820} INFO - Setting next_dagrun for example_sla_dag to 2023-12-20T22:50:00+00:00, run_after=2023-12-20T22:52:00+00:00
[2023-12-20T22:53:27.227+0000] {processor.py:183} INFO - Processing /home/airflow/.local/lib/python3.8/site-packages/airflow/example_dags/example_sla_dag.py took 0.107 seconds
[2023-12-20T22:53:58.762+0000] {processor.py:161} INFO - Started process (PID=1742) to work on /home/airflow/.local/lib/python3.8/site-packages/airflow/example_dags/example_sla_dag.py
[2023-12-20T22:53:58.769+0000] {processor.py:830} INFO - Processing file /home/airflow/.local/lib/python3.8/site-packages/airflow/example_dags/example_sla_dag.py for tasks to queue
[2023-12-20T22:53:58.786+0000] {logging_mixin.py:188} INFO - [2023-12-20T22:53:58.785+0000] {dagbag.py:538} INFO - Filling up the DagBag from /home/airflow/.local/lib/python3.8/site-packages/airflow/example_dags/example_sla_dag.py
[2023-12-20T22:53:58.919+0000] {processor.py:840} INFO - DAG(s) 'example_sla_dag' retrieved from /home/airflow/.local/lib/python3.8/site-packages/airflow/example_dags/example_sla_dag.py
[2023-12-20T22:53:59.125+0000] {logging_mixin.py:188} INFO - [2023-12-20T22:53:59.124+0000] {dag.py:3033} INFO - Sync 1 DAGs
[2023-12-20T22:53:59.318+0000] {logging_mixin.py:188} INFO - [2023-12-20T22:53:59.318+0000] {dag.py:3820} INFO - Setting next_dagrun for example_sla_dag to 2023-12-20T22:50:00+00:00, run_after=2023-12-20T22:52:00+00:00
[2023-12-20T22:53:59.513+0000] {processor.py:183} INFO - Processing /home/airflow/.local/lib/python3.8/site-packages/airflow/example_dags/example_sla_dag.py took 0.772 seconds
[2023-12-20T22:54:46.376+0000] {processor.py:161} INFO - Started process (PID=1784) to work on /home/airflow/.local/lib/python3.8/site-packages/airflow/example_dags/example_sla_dag.py
[2023-12-20T22:54:46.389+0000] {processor.py:830} INFO - Processing file /home/airflow/.local/lib/python3.8/site-packages/airflow/example_dags/example_sla_dag.py for tasks to queue
[2023-12-20T22:54:46.419+0000] {logging_mixin.py:188} INFO - [2023-12-20T22:54:46.416+0000] {dagbag.py:538} INFO - Filling up the DagBag from /home/airflow/.local/lib/python3.8/site-packages/airflow/example_dags/example_sla_dag.py
[2023-12-20T22:54:46.463+0000] {processor.py:840} INFO - DAG(s) 'example_sla_dag' retrieved from /home/airflow/.local/lib/python3.8/site-packages/airflow/example_dags/example_sla_dag.py
[2023-12-20T22:54:46.711+0000] {logging_mixin.py:188} INFO - [2023-12-20T22:54:46.710+0000] {dag.py:3033} INFO - Sync 1 DAGs
[2023-12-20T22:54:47.563+0000] {logging_mixin.py:188} INFO - [2023-12-20T22:54:47.551+0000] {dag.py:3820} INFO - Setting next_dagrun for example_sla_dag to 2023-12-20T22:52:00+00:00, run_after=2023-12-20T22:54:00+00:00
[2023-12-20T22:54:47.967+0000] {processor.py:183} INFO - Processing /home/airflow/.local/lib/python3.8/site-packages/airflow/example_dags/example_sla_dag.py took 1.638 seconds
[2023-12-20T22:55:55.164+0000] {processor.py:161} INFO - Started process (PID=1854) to work on /home/airflow/.local/lib/python3.8/site-packages/airflow/example_dags/example_sla_dag.py
[2023-12-20T22:55:55.176+0000] {processor.py:830} INFO - Processing file /home/airflow/.local/lib/python3.8/site-packages/airflow/example_dags/example_sla_dag.py for tasks to queue
[2023-12-20T22:55:55.189+0000] {logging_mixin.py:188} INFO - [2023-12-20T22:55:55.188+0000] {dagbag.py:538} INFO - Filling up the DagBag from /home/airflow/.local/lib/python3.8/site-packages/airflow/example_dags/example_sla_dag.py
[2023-12-20T22:55:55.260+0000] {processor.py:840} INFO - DAG(s) 'example_sla_dag' retrieved from /home/airflow/.local/lib/python3.8/site-packages/airflow/example_dags/example_sla_dag.py
[2023-12-20T22:55:55.413+0000] {logging_mixin.py:188} INFO - [2023-12-20T22:55:55.412+0000] {dag.py:3033} INFO - Sync 1 DAGs
[2023-12-20T22:55:55.605+0000] {logging_mixin.py:188} INFO - [2023-12-20T22:55:55.605+0000] {dag.py:3820} INFO - Setting next_dagrun for example_sla_dag to 2023-12-20T22:52:00+00:00, run_after=2023-12-20T22:54:00+00:00
[2023-12-20T22:55:55.754+0000] {processor.py:183} INFO - Processing /home/airflow/.local/lib/python3.8/site-packages/airflow/example_dags/example_sla_dag.py took 0.632 seconds
[2023-12-20T22:56:36.767+0000] {processor.py:161} INFO - Started process (PID=1923) to work on /home/airflow/.local/lib/python3.8/site-packages/airflow/example_dags/example_sla_dag.py
[2023-12-20T22:56:36.771+0000] {processor.py:830} INFO - Processing file /home/airflow/.local/lib/python3.8/site-packages/airflow/example_dags/example_sla_dag.py for tasks to queue
[2023-12-20T22:56:36.779+0000] {logging_mixin.py:188} INFO - [2023-12-20T22:56:36.778+0000] {dagbag.py:538} INFO - Filling up the DagBag from /home/airflow/.local/lib/python3.8/site-packages/airflow/example_dags/example_sla_dag.py
[2023-12-20T22:56:36.826+0000] {processor.py:840} INFO - DAG(s) 'example_sla_dag' retrieved from /home/airflow/.local/lib/python3.8/site-packages/airflow/example_dags/example_sla_dag.py
[2023-12-20T22:56:36.935+0000] {logging_mixin.py:188} INFO - [2023-12-20T22:56:36.934+0000] {dag.py:3033} INFO - Sync 1 DAGs
[2023-12-20T22:56:38.030+0000] {logging_mixin.py:188} INFO - [2023-12-20T22:56:38.030+0000] {dag.py:3820} INFO - Setting next_dagrun for example_sla_dag to 2023-12-20T22:54:00+00:00, run_after=2023-12-20T22:56:00+00:00
[2023-12-20T22:56:38.158+0000] {processor.py:183} INFO - Processing /home/airflow/.local/lib/python3.8/site-packages/airflow/example_dags/example_sla_dag.py took 1.404 seconds
[2023-12-20T22:57:15.108+0000] {processor.py:161} INFO - Started process (PID=1979) to work on /home/airflow/.local/lib/python3.8/site-packages/airflow/example_dags/example_sla_dag.py
[2023-12-20T22:57:15.114+0000] {processor.py:830} INFO - Processing file /home/airflow/.local/lib/python3.8/site-packages/airflow/example_dags/example_sla_dag.py for tasks to queue
[2023-12-20T22:57:15.136+0000] {logging_mixin.py:188} INFO - [2023-12-20T22:57:15.133+0000] {dagbag.py:538} INFO - Filling up the DagBag from /home/airflow/.local/lib/python3.8/site-packages/airflow/example_dags/example_sla_dag.py
[2023-12-20T22:57:15.222+0000] {processor.py:840} INFO - DAG(s) 'example_sla_dag' retrieved from /home/airflow/.local/lib/python3.8/site-packages/airflow/example_dags/example_sla_dag.py
[2023-12-20T22:57:15.358+0000] {logging_mixin.py:188} INFO - [2023-12-20T22:57:15.357+0000] {dag.py:3033} INFO - Sync 1 DAGs
[2023-12-20T22:57:20.419+0000] {logging_mixin.py:188} INFO - [2023-12-20T22:57:20.418+0000] {dag.py:3820} INFO - Setting next_dagrun for example_sla_dag to 2023-12-20T22:54:00+00:00, run_after=2023-12-20T22:56:00+00:00
[2023-12-20T22:57:20.772+0000] {processor.py:183} INFO - Processing /home/airflow/.local/lib/python3.8/site-packages/airflow/example_dags/example_sla_dag.py took 5.710 seconds
[2023-12-20T22:59:49.031+0000] {processor.py:161} INFO - Started process (PID=2052) to work on /home/airflow/.local/lib/python3.8/site-packages/airflow/example_dags/example_sla_dag.py
[2023-12-20T22:59:49.044+0000] {processor.py:830} INFO - Processing file /home/airflow/.local/lib/python3.8/site-packages/airflow/example_dags/example_sla_dag.py for tasks to queue
[2023-12-20T22:59:49.066+0000] {logging_mixin.py:188} INFO - [2023-12-20T22:59:49.059+0000] {dagbag.py:538} INFO - Filling up the DagBag from /home/airflow/.local/lib/python3.8/site-packages/airflow/example_dags/example_sla_dag.py
[2023-12-20T22:59:49.138+0000] {processor.py:840} INFO - DAG(s) 'example_sla_dag' retrieved from /home/airflow/.local/lib/python3.8/site-packages/airflow/example_dags/example_sla_dag.py
[2023-12-20T22:59:49.253+0000] {logging_mixin.py:188} INFO - [2023-12-20T22:59:49.252+0000] {dag.py:3033} INFO - Sync 1 DAGs
[2023-12-20T22:59:49.422+0000] {logging_mixin.py:188} INFO - [2023-12-20T22:59:49.421+0000] {dag.py:3820} INFO - Setting next_dagrun for example_sla_dag to 2023-12-20T22:56:00+00:00, run_after=2023-12-20T22:58:00+00:00
[2023-12-20T22:59:49.552+0000] {processor.py:183} INFO - Processing /home/airflow/.local/lib/python3.8/site-packages/airflow/example_dags/example_sla_dag.py took 0.547 seconds
[2023-12-20T23:00:42.436+0000] {processor.py:161} INFO - Started process (PID=2098) to work on /home/airflow/.local/lib/python3.8/site-packages/airflow/example_dags/example_sla_dag.py
[2023-12-20T23:00:42.457+0000] {processor.py:830} INFO - Processing file /home/airflow/.local/lib/python3.8/site-packages/airflow/example_dags/example_sla_dag.py for tasks to queue
[2023-12-20T23:00:42.494+0000] {logging_mixin.py:188} INFO - [2023-12-20T23:00:42.492+0000] {dagbag.py:538} INFO - Filling up the DagBag from /home/airflow/.local/lib/python3.8/site-packages/airflow/example_dags/example_sla_dag.py
[2023-12-20T23:00:42.670+0000] {processor.py:840} INFO - DAG(s) 'example_sla_dag' retrieved from /home/airflow/.local/lib/python3.8/site-packages/airflow/example_dags/example_sla_dag.py
[2023-12-20T23:00:42.945+0000] {logging_mixin.py:188} INFO - [2023-12-20T23:00:42.945+0000] {dag.py:3033} INFO - Sync 1 DAGs
[2023-12-20T23:00:46.293+0000] {logging_mixin.py:188} INFO - [2023-12-20T23:00:46.291+0000] {dag.py:3820} INFO - Setting next_dagrun for example_sla_dag to 2023-12-20T22:58:00+00:00, run_after=2023-12-20T23:00:00+00:00
[2023-12-20T23:00:46.388+0000] {processor.py:183} INFO - Processing /home/airflow/.local/lib/python3.8/site-packages/airflow/example_dags/example_sla_dag.py took 4.034 seconds
[2023-12-20T23:01:33.927+0000] {processor.py:161} INFO - Started process (PID=2155) to work on /home/airflow/.local/lib/python3.8/site-packages/airflow/example_dags/example_sla_dag.py
[2023-12-20T23:01:33.938+0000] {processor.py:830} INFO - Processing file /home/airflow/.local/lib/python3.8/site-packages/airflow/example_dags/example_sla_dag.py for tasks to queue
[2023-12-20T23:01:33.955+0000] {logging_mixin.py:188} INFO - [2023-12-20T23:01:33.953+0000] {dagbag.py:538} INFO - Filling up the DagBag from /home/airflow/.local/lib/python3.8/site-packages/airflow/example_dags/example_sla_dag.py
[2023-12-20T23:01:34.006+0000] {processor.py:840} INFO - DAG(s) 'example_sla_dag' retrieved from /home/airflow/.local/lib/python3.8/site-packages/airflow/example_dags/example_sla_dag.py
[2023-12-20T23:01:34.212+0000] {logging_mixin.py:188} INFO - [2023-12-20T23:01:34.209+0000] {dag.py:3033} INFO - Sync 1 DAGs
[2023-12-20T23:01:34.372+0000] {logging_mixin.py:188} INFO - [2023-12-20T23:01:34.371+0000] {dag.py:3820} INFO - Setting next_dagrun for example_sla_dag to 2023-12-20T22:58:00+00:00, run_after=2023-12-20T23:00:00+00:00
[2023-12-20T23:01:34.554+0000] {processor.py:183} INFO - Processing /home/airflow/.local/lib/python3.8/site-packages/airflow/example_dags/example_sla_dag.py took 0.647 seconds
[2023-12-20T23:02:14.769+0000] {processor.py:161} INFO - Started process (PID=2185) to work on /home/airflow/.local/lib/python3.8/site-packages/airflow/example_dags/example_sla_dag.py
[2023-12-20T23:02:14.791+0000] {processor.py:830} INFO - Processing file /home/airflow/.local/lib/python3.8/site-packages/airflow/example_dags/example_sla_dag.py for tasks to queue
[2023-12-20T23:02:14.828+0000] {logging_mixin.py:188} INFO - [2023-12-20T23:02:14.827+0000] {dagbag.py:538} INFO - Filling up the DagBag from /home/airflow/.local/lib/python3.8/site-packages/airflow/example_dags/example_sla_dag.py
[2023-12-20T23:02:14.929+0000] {processor.py:840} INFO - DAG(s) 'example_sla_dag' retrieved from /home/airflow/.local/lib/python3.8/site-packages/airflow/example_dags/example_sla_dag.py
[2023-12-20T23:02:15.079+0000] {logging_mixin.py:188} INFO - [2023-12-20T23:02:15.079+0000] {dag.py:3033} INFO - Sync 1 DAGs
[2023-12-20T23:02:18.137+0000] {logging_mixin.py:188} INFO - [2023-12-20T23:02:18.137+0000] {dag.py:3820} INFO - Setting next_dagrun for example_sla_dag to 2023-12-20T23:00:00+00:00, run_after=2023-12-20T23:02:00+00:00
[2023-12-20T23:02:18.266+0000] {processor.py:183} INFO - Processing /home/airflow/.local/lib/python3.8/site-packages/airflow/example_dags/example_sla_dag.py took 3.529 seconds
[2023-12-20T23:02:53.360+0000] {processor.py:161} INFO - Started process (PID=2231) to work on /home/airflow/.local/lib/python3.8/site-packages/airflow/example_dags/example_sla_dag.py
[2023-12-20T23:02:53.390+0000] {processor.py:830} INFO - Processing file /home/airflow/.local/lib/python3.8/site-packages/airflow/example_dags/example_sla_dag.py for tasks to queue
[2023-12-20T23:02:53.420+0000] {logging_mixin.py:188} INFO - [2023-12-20T23:02:53.419+0000] {dagbag.py:538} INFO - Filling up the DagBag from /home/airflow/.local/lib/python3.8/site-packages/airflow/example_dags/example_sla_dag.py
[2023-12-20T23:02:53.521+0000] {processor.py:840} INFO - DAG(s) 'example_sla_dag' retrieved from /home/airflow/.local/lib/python3.8/site-packages/airflow/example_dags/example_sla_dag.py
[2023-12-20T23:02:53.749+0000] {logging_mixin.py:188} INFO - [2023-12-20T23:02:53.748+0000] {dag.py:3033} INFO - Sync 1 DAGs
[2023-12-20T23:02:53.985+0000] {logging_mixin.py:188} INFO - [2023-12-20T23:02:53.983+0000] {dag.py:3820} INFO - Setting next_dagrun for example_sla_dag to 2023-12-20T23:00:00+00:00, run_after=2023-12-20T23:02:00+00:00
[2023-12-20T23:02:54.110+0000] {processor.py:183} INFO - Processing /home/airflow/.local/lib/python3.8/site-packages/airflow/example_dags/example_sla_dag.py took 0.801 seconds
[2023-12-20T23:03:31.743+0000] {processor.py:161} INFO - Started process (PID=2276) to work on /home/airflow/.local/lib/python3.8/site-packages/airflow/example_dags/example_sla_dag.py
[2023-12-20T23:03:31.767+0000] {processor.py:830} INFO - Processing file /home/airflow/.local/lib/python3.8/site-packages/airflow/example_dags/example_sla_dag.py for tasks to queue
[2023-12-20T23:03:31.822+0000] {logging_mixin.py:188} INFO - [2023-12-20T23:03:31.798+0000] {dagbag.py:538} INFO - Filling up the DagBag from /home/airflow/.local/lib/python3.8/site-packages/airflow/example_dags/example_sla_dag.py
[2023-12-20T23:03:32.034+0000] {processor.py:840} INFO - DAG(s) 'example_sla_dag' retrieved from /home/airflow/.local/lib/python3.8/site-packages/airflow/example_dags/example_sla_dag.py
[2023-12-20T23:03:32.505+0000] {logging_mixin.py:188} INFO - [2023-12-20T23:03:32.503+0000] {dag.py:3033} INFO - Sync 1 DAGs
[2023-12-20T23:03:32.655+0000] {logging_mixin.py:188} INFO - [2023-12-20T23:03:32.654+0000] {dag.py:3820} INFO - Setting next_dagrun for example_sla_dag to 2023-12-20T23:00:00+00:00, run_after=2023-12-20T23:02:00+00:00
[2023-12-20T23:03:32.784+0000] {processor.py:183} INFO - Processing /home/airflow/.local/lib/python3.8/site-packages/airflow/example_dags/example_sla_dag.py took 1.131 seconds
