[2023-12-20T22:38:28.801+0000] {processor.py:161} INFO - Started process (PID=64) to work on /home/airflow/.local/lib/python3.8/site-packages/airflow/example_dags/example_python_decorator.py
[2023-12-20T22:38:28.854+0000] {processor.py:830} INFO - Processing file /home/airflow/.local/lib/python3.8/site-packages/airflow/example_dags/example_python_decorator.py for tasks to queue
[2023-12-20T22:38:28.874+0000] {logging_mixin.py:188} INFO - [2023-12-20T22:38:28.873+0000] {dagbag.py:538} INFO - Filling up the DagBag from /home/airflow/.local/lib/python3.8/site-packages/airflow/example_dags/example_python_decorator.py
[2023-12-20T22:38:28.915+0000] {processor.py:840} INFO - DAG(s) 'example_python_decorator' retrieved from /home/airflow/.local/lib/python3.8/site-packages/airflow/example_dags/example_python_decorator.py
[2023-12-20T22:38:29.084+0000] {logging_mixin.py:188} INFO - [2023-12-20T22:38:29.083+0000] {dag.py:3033} INFO - Sync 1 DAGs
[2023-12-20T22:38:29.098+0000] {logging_mixin.py:188} INFO - [2023-12-20T22:38:29.098+0000] {dag.py:3820} INFO - Setting next_dagrun for example_python_decorator to None, run_after=None
[2023-12-20T22:38:29.122+0000] {processor.py:183} INFO - Processing /home/airflow/.local/lib/python3.8/site-packages/airflow/example_dags/example_python_decorator.py took 0.327 seconds
[2023-12-20T22:38:59.829+0000] {processor.py:161} INFO - Started process (PID=119) to work on /home/airflow/.local/lib/python3.8/site-packages/airflow/example_dags/example_python_decorator.py
[2023-12-20T22:38:59.830+0000] {processor.py:830} INFO - Processing file /home/airflow/.local/lib/python3.8/site-packages/airflow/example_dags/example_python_decorator.py for tasks to queue
[2023-12-20T22:38:59.833+0000] {logging_mixin.py:188} INFO - [2023-12-20T22:38:59.833+0000] {dagbag.py:538} INFO - Filling up the DagBag from /home/airflow/.local/lib/python3.8/site-packages/airflow/example_dags/example_python_decorator.py
[2023-12-20T22:38:59.843+0000] {processor.py:840} INFO - DAG(s) 'example_python_decorator' retrieved from /home/airflow/.local/lib/python3.8/site-packages/airflow/example_dags/example_python_decorator.py
[2023-12-20T22:38:59.867+0000] {logging_mixin.py:188} INFO - [2023-12-20T22:38:59.866+0000] {dag.py:3033} INFO - Sync 1 DAGs
[2023-12-20T22:38:59.877+0000] {logging_mixin.py:188} INFO - [2023-12-20T22:38:59.876+0000] {dag.py:3820} INFO - Setting next_dagrun for example_python_decorator to None, run_after=None
[2023-12-20T22:38:59.890+0000] {processor.py:183} INFO - Processing /home/airflow/.local/lib/python3.8/site-packages/airflow/example_dags/example_python_decorator.py took 0.066 seconds
[2023-12-20T22:39:30.318+0000] {processor.py:161} INFO - Started process (PID=174) to work on /home/airflow/.local/lib/python3.8/site-packages/airflow/example_dags/example_python_decorator.py
[2023-12-20T22:39:30.320+0000] {processor.py:830} INFO - Processing file /home/airflow/.local/lib/python3.8/site-packages/airflow/example_dags/example_python_decorator.py for tasks to queue
[2023-12-20T22:39:30.323+0000] {logging_mixin.py:188} INFO - [2023-12-20T22:39:30.322+0000] {dagbag.py:538} INFO - Filling up the DagBag from /home/airflow/.local/lib/python3.8/site-packages/airflow/example_dags/example_python_decorator.py
[2023-12-20T22:39:30.333+0000] {processor.py:840} INFO - DAG(s) 'example_python_decorator' retrieved from /home/airflow/.local/lib/python3.8/site-packages/airflow/example_dags/example_python_decorator.py
[2023-12-20T22:39:30.360+0000] {logging_mixin.py:188} INFO - [2023-12-20T22:39:30.359+0000] {dag.py:3033} INFO - Sync 1 DAGs
[2023-12-20T22:39:30.371+0000] {logging_mixin.py:188} INFO - [2023-12-20T22:39:30.370+0000] {dag.py:3820} INFO - Setting next_dagrun for example_python_decorator to None, run_after=None
[2023-12-20T22:39:30.387+0000] {processor.py:183} INFO - Processing /home/airflow/.local/lib/python3.8/site-packages/airflow/example_dags/example_python_decorator.py took 0.073 seconds
[2023-12-20T22:40:00.699+0000] {processor.py:161} INFO - Started process (PID=230) to work on /home/airflow/.local/lib/python3.8/site-packages/airflow/example_dags/example_python_decorator.py
[2023-12-20T22:40:00.702+0000] {processor.py:830} INFO - Processing file /home/airflow/.local/lib/python3.8/site-packages/airflow/example_dags/example_python_decorator.py for tasks to queue
[2023-12-20T22:40:00.707+0000] {logging_mixin.py:188} INFO - [2023-12-20T22:40:00.706+0000] {dagbag.py:538} INFO - Filling up the DagBag from /home/airflow/.local/lib/python3.8/site-packages/airflow/example_dags/example_python_decorator.py
[2023-12-20T22:40:00.725+0000] {processor.py:840} INFO - DAG(s) 'example_python_decorator' retrieved from /home/airflow/.local/lib/python3.8/site-packages/airflow/example_dags/example_python_decorator.py
[2023-12-20T22:40:00.768+0000] {logging_mixin.py:188} INFO - [2023-12-20T22:40:00.768+0000] {dag.py:3033} INFO - Sync 1 DAGs
[2023-12-20T22:40:00.791+0000] {logging_mixin.py:188} INFO - [2023-12-20T22:40:00.791+0000] {dag.py:3820} INFO - Setting next_dagrun for example_python_decorator to None, run_after=None
[2023-12-20T22:40:00.815+0000] {processor.py:183} INFO - Processing /home/airflow/.local/lib/python3.8/site-packages/airflow/example_dags/example_python_decorator.py took 0.124 seconds
[2023-12-20T22:40:31.062+0000] {processor.py:161} INFO - Started process (PID=285) to work on /home/airflow/.local/lib/python3.8/site-packages/airflow/example_dags/example_python_decorator.py
[2023-12-20T22:40:31.065+0000] {processor.py:830} INFO - Processing file /home/airflow/.local/lib/python3.8/site-packages/airflow/example_dags/example_python_decorator.py for tasks to queue
[2023-12-20T22:40:31.074+0000] {logging_mixin.py:188} INFO - [2023-12-20T22:40:31.073+0000] {dagbag.py:538} INFO - Filling up the DagBag from /home/airflow/.local/lib/python3.8/site-packages/airflow/example_dags/example_python_decorator.py
[2023-12-20T22:40:31.105+0000] {processor.py:840} INFO - DAG(s) 'example_python_decorator' retrieved from /home/airflow/.local/lib/python3.8/site-packages/airflow/example_dags/example_python_decorator.py
[2023-12-20T22:40:31.167+0000] {logging_mixin.py:188} INFO - [2023-12-20T22:40:31.166+0000] {dag.py:3033} INFO - Sync 1 DAGs
[2023-12-20T22:40:31.199+0000] {logging_mixin.py:188} INFO - [2023-12-20T22:40:31.199+0000] {dag.py:3820} INFO - Setting next_dagrun for example_python_decorator to None, run_after=None
[2023-12-20T22:40:31.293+0000] {processor.py:183} INFO - Processing /home/airflow/.local/lib/python3.8/site-packages/airflow/example_dags/example_python_decorator.py took 0.237 seconds
[2023-12-20T22:41:01.394+0000] {processor.py:161} INFO - Started process (PID=340) to work on /home/airflow/.local/lib/python3.8/site-packages/airflow/example_dags/example_python_decorator.py
[2023-12-20T22:41:01.396+0000] {processor.py:830} INFO - Processing file /home/airflow/.local/lib/python3.8/site-packages/airflow/example_dags/example_python_decorator.py for tasks to queue
[2023-12-20T22:41:01.399+0000] {logging_mixin.py:188} INFO - [2023-12-20T22:41:01.398+0000] {dagbag.py:538} INFO - Filling up the DagBag from /home/airflow/.local/lib/python3.8/site-packages/airflow/example_dags/example_python_decorator.py
[2023-12-20T22:41:01.408+0000] {processor.py:840} INFO - DAG(s) 'example_python_decorator' retrieved from /home/airflow/.local/lib/python3.8/site-packages/airflow/example_dags/example_python_decorator.py
[2023-12-20T22:41:01.432+0000] {logging_mixin.py:188} INFO - [2023-12-20T22:41:01.432+0000] {dag.py:3033} INFO - Sync 1 DAGs
[2023-12-20T22:41:01.443+0000] {logging_mixin.py:188} INFO - [2023-12-20T22:41:01.443+0000] {dag.py:3820} INFO - Setting next_dagrun for example_python_decorator to None, run_after=None
[2023-12-20T22:41:01.456+0000] {processor.py:183} INFO - Processing /home/airflow/.local/lib/python3.8/site-packages/airflow/example_dags/example_python_decorator.py took 0.066 seconds
[2023-12-20T22:41:31.707+0000] {processor.py:161} INFO - Started process (PID=394) to work on /home/airflow/.local/lib/python3.8/site-packages/airflow/example_dags/example_python_decorator.py
[2023-12-20T22:41:31.709+0000] {processor.py:830} INFO - Processing file /home/airflow/.local/lib/python3.8/site-packages/airflow/example_dags/example_python_decorator.py for tasks to queue
[2023-12-20T22:41:31.713+0000] {logging_mixin.py:188} INFO - [2023-12-20T22:41:31.712+0000] {dagbag.py:538} INFO - Filling up the DagBag from /home/airflow/.local/lib/python3.8/site-packages/airflow/example_dags/example_python_decorator.py
[2023-12-20T22:41:31.723+0000] {processor.py:840} INFO - DAG(s) 'example_python_decorator' retrieved from /home/airflow/.local/lib/python3.8/site-packages/airflow/example_dags/example_python_decorator.py
[2023-12-20T22:41:31.747+0000] {logging_mixin.py:188} INFO - [2023-12-20T22:41:31.747+0000] {dag.py:3033} INFO - Sync 1 DAGs
[2023-12-20T22:41:31.759+0000] {logging_mixin.py:188} INFO - [2023-12-20T22:41:31.758+0000] {dag.py:3820} INFO - Setting next_dagrun for example_python_decorator to None, run_after=None
[2023-12-20T22:41:31.774+0000] {processor.py:183} INFO - Processing /home/airflow/.local/lib/python3.8/site-packages/airflow/example_dags/example_python_decorator.py took 0.072 seconds
[2023-12-20T22:42:01.944+0000] {processor.py:161} INFO - Started process (PID=449) to work on /home/airflow/.local/lib/python3.8/site-packages/airflow/example_dags/example_python_decorator.py
[2023-12-20T22:42:01.945+0000] {processor.py:830} INFO - Processing file /home/airflow/.local/lib/python3.8/site-packages/airflow/example_dags/example_python_decorator.py for tasks to queue
[2023-12-20T22:42:01.948+0000] {logging_mixin.py:188} INFO - [2023-12-20T22:42:01.948+0000] {dagbag.py:538} INFO - Filling up the DagBag from /home/airflow/.local/lib/python3.8/site-packages/airflow/example_dags/example_python_decorator.py
[2023-12-20T22:42:01.961+0000] {processor.py:840} INFO - DAG(s) 'example_python_decorator' retrieved from /home/airflow/.local/lib/python3.8/site-packages/airflow/example_dags/example_python_decorator.py
[2023-12-20T22:42:02.032+0000] {logging_mixin.py:188} INFO - [2023-12-20T22:42:02.032+0000] {dag.py:3033} INFO - Sync 1 DAGs
[2023-12-20T22:42:02.060+0000] {logging_mixin.py:188} INFO - [2023-12-20T22:42:02.060+0000] {dag.py:3820} INFO - Setting next_dagrun for example_python_decorator to None, run_after=None
[2023-12-20T22:42:02.102+0000] {processor.py:183} INFO - Processing /home/airflow/.local/lib/python3.8/site-packages/airflow/example_dags/example_python_decorator.py took 0.163 seconds
[2023-12-20T22:42:32.886+0000] {processor.py:161} INFO - Started process (PID=504) to work on /home/airflow/.local/lib/python3.8/site-packages/airflow/example_dags/example_python_decorator.py
[2023-12-20T22:42:32.888+0000] {processor.py:830} INFO - Processing file /home/airflow/.local/lib/python3.8/site-packages/airflow/example_dags/example_python_decorator.py for tasks to queue
[2023-12-20T22:42:32.891+0000] {logging_mixin.py:188} INFO - [2023-12-20T22:42:32.890+0000] {dagbag.py:538} INFO - Filling up the DagBag from /home/airflow/.local/lib/python3.8/site-packages/airflow/example_dags/example_python_decorator.py
[2023-12-20T22:42:32.903+0000] {processor.py:840} INFO - DAG(s) 'example_python_decorator' retrieved from /home/airflow/.local/lib/python3.8/site-packages/airflow/example_dags/example_python_decorator.py
[2023-12-20T22:42:32.938+0000] {logging_mixin.py:188} INFO - [2023-12-20T22:42:32.937+0000] {dag.py:3033} INFO - Sync 1 DAGs
[2023-12-20T22:42:32.954+0000] {logging_mixin.py:188} INFO - [2023-12-20T22:42:32.954+0000] {dag.py:3820} INFO - Setting next_dagrun for example_python_decorator to None, run_after=None
[2023-12-20T22:42:32.974+0000] {processor.py:183} INFO - Processing /home/airflow/.local/lib/python3.8/site-packages/airflow/example_dags/example_python_decorator.py took 0.092 seconds
[2023-12-20T22:43:03.039+0000] {processor.py:161} INFO - Started process (PID=557) to work on /home/airflow/.local/lib/python3.8/site-packages/airflow/example_dags/example_python_decorator.py
[2023-12-20T22:43:03.041+0000] {processor.py:830} INFO - Processing file /home/airflow/.local/lib/python3.8/site-packages/airflow/example_dags/example_python_decorator.py for tasks to queue
[2023-12-20T22:43:03.044+0000] {logging_mixin.py:188} INFO - [2023-12-20T22:43:03.043+0000] {dagbag.py:538} INFO - Filling up the DagBag from /home/airflow/.local/lib/python3.8/site-packages/airflow/example_dags/example_python_decorator.py
[2023-12-20T22:43:03.055+0000] {processor.py:840} INFO - DAG(s) 'example_python_decorator' retrieved from /home/airflow/.local/lib/python3.8/site-packages/airflow/example_dags/example_python_decorator.py
[2023-12-20T22:43:03.095+0000] {logging_mixin.py:188} INFO - [2023-12-20T22:43:03.094+0000] {dag.py:3033} INFO - Sync 1 DAGs
[2023-12-20T22:43:03.110+0000] {logging_mixin.py:188} INFO - [2023-12-20T22:43:03.110+0000] {dag.py:3820} INFO - Setting next_dagrun for example_python_decorator to None, run_after=None
[2023-12-20T22:43:03.129+0000] {processor.py:183} INFO - Processing /home/airflow/.local/lib/python3.8/site-packages/airflow/example_dags/example_python_decorator.py took 0.095 seconds
[2023-12-20T22:43:33.505+0000] {processor.py:161} INFO - Started process (PID=612) to work on /home/airflow/.local/lib/python3.8/site-packages/airflow/example_dags/example_python_decorator.py
[2023-12-20T22:43:33.507+0000] {processor.py:830} INFO - Processing file /home/airflow/.local/lib/python3.8/site-packages/airflow/example_dags/example_python_decorator.py for tasks to queue
[2023-12-20T22:43:33.509+0000] {logging_mixin.py:188} INFO - [2023-12-20T22:43:33.509+0000] {dagbag.py:538} INFO - Filling up the DagBag from /home/airflow/.local/lib/python3.8/site-packages/airflow/example_dags/example_python_decorator.py
[2023-12-20T22:43:33.519+0000] {processor.py:840} INFO - DAG(s) 'example_python_decorator' retrieved from /home/airflow/.local/lib/python3.8/site-packages/airflow/example_dags/example_python_decorator.py
[2023-12-20T22:43:33.542+0000] {logging_mixin.py:188} INFO - [2023-12-20T22:43:33.542+0000] {dag.py:3033} INFO - Sync 1 DAGs
[2023-12-20T22:43:33.552+0000] {logging_mixin.py:188} INFO - [2023-12-20T22:43:33.552+0000] {dag.py:3820} INFO - Setting next_dagrun for example_python_decorator to None, run_after=None
[2023-12-20T22:43:33.567+0000] {processor.py:183} INFO - Processing /home/airflow/.local/lib/python3.8/site-packages/airflow/example_dags/example_python_decorator.py took 0.066 seconds
[2023-12-20T22:44:03.838+0000] {processor.py:161} INFO - Started process (PID=667) to work on /home/airflow/.local/lib/python3.8/site-packages/airflow/example_dags/example_python_decorator.py
[2023-12-20T22:44:03.839+0000] {processor.py:830} INFO - Processing file /home/airflow/.local/lib/python3.8/site-packages/airflow/example_dags/example_python_decorator.py for tasks to queue
[2023-12-20T22:44:03.842+0000] {logging_mixin.py:188} INFO - [2023-12-20T22:44:03.841+0000] {dagbag.py:538} INFO - Filling up the DagBag from /home/airflow/.local/lib/python3.8/site-packages/airflow/example_dags/example_python_decorator.py
[2023-12-20T22:44:03.851+0000] {processor.py:840} INFO - DAG(s) 'example_python_decorator' retrieved from /home/airflow/.local/lib/python3.8/site-packages/airflow/example_dags/example_python_decorator.py
[2023-12-20T22:44:03.875+0000] {logging_mixin.py:188} INFO - [2023-12-20T22:44:03.875+0000] {dag.py:3033} INFO - Sync 1 DAGs
[2023-12-20T22:44:03.886+0000] {logging_mixin.py:188} INFO - [2023-12-20T22:44:03.886+0000] {dag.py:3820} INFO - Setting next_dagrun for example_python_decorator to None, run_after=None
[2023-12-20T22:44:03.900+0000] {processor.py:183} INFO - Processing /home/airflow/.local/lib/python3.8/site-packages/airflow/example_dags/example_python_decorator.py took 0.067 seconds
[2023-12-20T22:44:34.260+0000] {processor.py:161} INFO - Started process (PID=722) to work on /home/airflow/.local/lib/python3.8/site-packages/airflow/example_dags/example_python_decorator.py
[2023-12-20T22:44:34.261+0000] {processor.py:830} INFO - Processing file /home/airflow/.local/lib/python3.8/site-packages/airflow/example_dags/example_python_decorator.py for tasks to queue
[2023-12-20T22:44:34.264+0000] {logging_mixin.py:188} INFO - [2023-12-20T22:44:34.264+0000] {dagbag.py:538} INFO - Filling up the DagBag from /home/airflow/.local/lib/python3.8/site-packages/airflow/example_dags/example_python_decorator.py
[2023-12-20T22:44:34.274+0000] {processor.py:840} INFO - DAG(s) 'example_python_decorator' retrieved from /home/airflow/.local/lib/python3.8/site-packages/airflow/example_dags/example_python_decorator.py
[2023-12-20T22:44:34.296+0000] {logging_mixin.py:188} INFO - [2023-12-20T22:44:34.296+0000] {dag.py:3033} INFO - Sync 1 DAGs
[2023-12-20T22:44:34.306+0000] {logging_mixin.py:188} INFO - [2023-12-20T22:44:34.306+0000] {dag.py:3820} INFO - Setting next_dagrun for example_python_decorator to None, run_after=None
[2023-12-20T22:44:34.320+0000] {processor.py:183} INFO - Processing /home/airflow/.local/lib/python3.8/site-packages/airflow/example_dags/example_python_decorator.py took 0.064 seconds
[2023-12-20T22:45:05.042+0000] {processor.py:161} INFO - Started process (PID=777) to work on /home/airflow/.local/lib/python3.8/site-packages/airflow/example_dags/example_python_decorator.py
[2023-12-20T22:45:05.043+0000] {processor.py:830} INFO - Processing file /home/airflow/.local/lib/python3.8/site-packages/airflow/example_dags/example_python_decorator.py for tasks to queue
[2023-12-20T22:45:05.046+0000] {logging_mixin.py:188} INFO - [2023-12-20T22:45:05.046+0000] {dagbag.py:538} INFO - Filling up the DagBag from /home/airflow/.local/lib/python3.8/site-packages/airflow/example_dags/example_python_decorator.py
[2023-12-20T22:45:05.055+0000] {processor.py:840} INFO - DAG(s) 'example_python_decorator' retrieved from /home/airflow/.local/lib/python3.8/site-packages/airflow/example_dags/example_python_decorator.py
[2023-12-20T22:45:05.078+0000] {logging_mixin.py:188} INFO - [2023-12-20T22:45:05.077+0000] {dag.py:3033} INFO - Sync 1 DAGs
[2023-12-20T22:45:05.087+0000] {logging_mixin.py:188} INFO - [2023-12-20T22:45:05.087+0000] {dag.py:3820} INFO - Setting next_dagrun for example_python_decorator to None, run_after=None
[2023-12-20T22:45:05.101+0000] {processor.py:183} INFO - Processing /home/airflow/.local/lib/python3.8/site-packages/airflow/example_dags/example_python_decorator.py took 0.064 seconds
[2023-12-20T22:45:35.366+0000] {processor.py:161} INFO - Started process (PID=833) to work on /home/airflow/.local/lib/python3.8/site-packages/airflow/example_dags/example_python_decorator.py
[2023-12-20T22:45:35.368+0000] {processor.py:830} INFO - Processing file /home/airflow/.local/lib/python3.8/site-packages/airflow/example_dags/example_python_decorator.py for tasks to queue
[2023-12-20T22:45:35.372+0000] {logging_mixin.py:188} INFO - [2023-12-20T22:45:35.371+0000] {dagbag.py:538} INFO - Filling up the DagBag from /home/airflow/.local/lib/python3.8/site-packages/airflow/example_dags/example_python_decorator.py
[2023-12-20T22:45:35.382+0000] {processor.py:840} INFO - DAG(s) 'example_python_decorator' retrieved from /home/airflow/.local/lib/python3.8/site-packages/airflow/example_dags/example_python_decorator.py
[2023-12-20T22:45:35.409+0000] {logging_mixin.py:188} INFO - [2023-12-20T22:45:35.409+0000] {dag.py:3033} INFO - Sync 1 DAGs
[2023-12-20T22:45:35.421+0000] {logging_mixin.py:188} INFO - [2023-12-20T22:45:35.421+0000] {dag.py:3820} INFO - Setting next_dagrun for example_python_decorator to None, run_after=None
[2023-12-20T22:45:35.437+0000] {processor.py:183} INFO - Processing /home/airflow/.local/lib/python3.8/site-packages/airflow/example_dags/example_python_decorator.py took 0.076 seconds
[2023-12-20T22:46:06.032+0000] {processor.py:161} INFO - Started process (PID=888) to work on /home/airflow/.local/lib/python3.8/site-packages/airflow/example_dags/example_python_decorator.py
[2023-12-20T22:46:06.033+0000] {processor.py:830} INFO - Processing file /home/airflow/.local/lib/python3.8/site-packages/airflow/example_dags/example_python_decorator.py for tasks to queue
[2023-12-20T22:46:06.036+0000] {logging_mixin.py:188} INFO - [2023-12-20T22:46:06.035+0000] {dagbag.py:538} INFO - Filling up the DagBag from /home/airflow/.local/lib/python3.8/site-packages/airflow/example_dags/example_python_decorator.py
[2023-12-20T22:46:06.045+0000] {processor.py:840} INFO - DAG(s) 'example_python_decorator' retrieved from /home/airflow/.local/lib/python3.8/site-packages/airflow/example_dags/example_python_decorator.py
[2023-12-20T22:46:06.069+0000] {logging_mixin.py:188} INFO - [2023-12-20T22:46:06.069+0000] {dag.py:3033} INFO - Sync 1 DAGs
[2023-12-20T22:46:06.079+0000] {logging_mixin.py:188} INFO - [2023-12-20T22:46:06.079+0000] {dag.py:3820} INFO - Setting next_dagrun for example_python_decorator to None, run_after=None
[2023-12-20T22:46:06.092+0000] {processor.py:183} INFO - Processing /home/airflow/.local/lib/python3.8/site-packages/airflow/example_dags/example_python_decorator.py took 0.065 seconds
[2023-12-20T22:46:36.915+0000] {processor.py:161} INFO - Started process (PID=943) to work on /home/airflow/.local/lib/python3.8/site-packages/airflow/example_dags/example_python_decorator.py
[2023-12-20T22:46:36.918+0000] {processor.py:830} INFO - Processing file /home/airflow/.local/lib/python3.8/site-packages/airflow/example_dags/example_python_decorator.py for tasks to queue
[2023-12-20T22:46:36.921+0000] {logging_mixin.py:188} INFO - [2023-12-20T22:46:36.921+0000] {dagbag.py:538} INFO - Filling up the DagBag from /home/airflow/.local/lib/python3.8/site-packages/airflow/example_dags/example_python_decorator.py
[2023-12-20T22:46:36.932+0000] {processor.py:840} INFO - DAG(s) 'example_python_decorator' retrieved from /home/airflow/.local/lib/python3.8/site-packages/airflow/example_dags/example_python_decorator.py
[2023-12-20T22:46:36.957+0000] {logging_mixin.py:188} INFO - [2023-12-20T22:46:36.957+0000] {dag.py:3033} INFO - Sync 1 DAGs
[2023-12-20T22:46:36.969+0000] {logging_mixin.py:188} INFO - [2023-12-20T22:46:36.969+0000] {dag.py:3820} INFO - Setting next_dagrun for example_python_decorator to None, run_after=None
[2023-12-20T22:46:36.985+0000] {processor.py:183} INFO - Processing /home/airflow/.local/lib/python3.8/site-packages/airflow/example_dags/example_python_decorator.py took 0.075 seconds
[2023-12-20T22:47:07.724+0000] {processor.py:161} INFO - Started process (PID=998) to work on /home/airflow/.local/lib/python3.8/site-packages/airflow/example_dags/example_python_decorator.py
[2023-12-20T22:47:07.726+0000] {processor.py:830} INFO - Processing file /home/airflow/.local/lib/python3.8/site-packages/airflow/example_dags/example_python_decorator.py for tasks to queue
[2023-12-20T22:47:07.730+0000] {logging_mixin.py:188} INFO - [2023-12-20T22:47:07.729+0000] {dagbag.py:538} INFO - Filling up the DagBag from /home/airflow/.local/lib/python3.8/site-packages/airflow/example_dags/example_python_decorator.py
[2023-12-20T22:47:07.743+0000] {processor.py:840} INFO - DAG(s) 'example_python_decorator' retrieved from /home/airflow/.local/lib/python3.8/site-packages/airflow/example_dags/example_python_decorator.py
[2023-12-20T22:47:07.767+0000] {logging_mixin.py:188} INFO - [2023-12-20T22:47:07.767+0000] {dag.py:3033} INFO - Sync 1 DAGs
[2023-12-20T22:47:07.778+0000] {logging_mixin.py:188} INFO - [2023-12-20T22:47:07.778+0000] {dag.py:3820} INFO - Setting next_dagrun for example_python_decorator to None, run_after=None
[2023-12-20T22:47:07.792+0000] {processor.py:183} INFO - Processing /home/airflow/.local/lib/python3.8/site-packages/airflow/example_dags/example_python_decorator.py took 0.073 seconds
[2023-12-20T22:47:38.188+0000] {processor.py:161} INFO - Started process (PID=1053) to work on /home/airflow/.local/lib/python3.8/site-packages/airflow/example_dags/example_python_decorator.py
[2023-12-20T22:47:38.190+0000] {processor.py:830} INFO - Processing file /home/airflow/.local/lib/python3.8/site-packages/airflow/example_dags/example_python_decorator.py for tasks to queue
[2023-12-20T22:47:38.193+0000] {logging_mixin.py:188} INFO - [2023-12-20T22:47:38.192+0000] {dagbag.py:538} INFO - Filling up the DagBag from /home/airflow/.local/lib/python3.8/site-packages/airflow/example_dags/example_python_decorator.py
[2023-12-20T22:47:38.209+0000] {processor.py:840} INFO - DAG(s) 'example_python_decorator' retrieved from /home/airflow/.local/lib/python3.8/site-packages/airflow/example_dags/example_python_decorator.py
[2023-12-20T22:47:38.241+0000] {logging_mixin.py:188} INFO - [2023-12-20T22:47:38.240+0000] {dag.py:3033} INFO - Sync 1 DAGs
[2023-12-20T22:47:38.256+0000] {logging_mixin.py:188} INFO - [2023-12-20T22:47:38.256+0000] {dag.py:3820} INFO - Setting next_dagrun for example_python_decorator to None, run_after=None
[2023-12-20T22:47:38.274+0000] {processor.py:183} INFO - Processing /home/airflow/.local/lib/python3.8/site-packages/airflow/example_dags/example_python_decorator.py took 0.092 seconds
[2023-12-20T22:48:09.070+0000] {processor.py:161} INFO - Started process (PID=1107) to work on /home/airflow/.local/lib/python3.8/site-packages/airflow/example_dags/example_python_decorator.py
[2023-12-20T22:48:09.072+0000] {processor.py:830} INFO - Processing file /home/airflow/.local/lib/python3.8/site-packages/airflow/example_dags/example_python_decorator.py for tasks to queue
[2023-12-20T22:48:09.078+0000] {logging_mixin.py:188} INFO - [2023-12-20T22:48:09.077+0000] {dagbag.py:538} INFO - Filling up the DagBag from /home/airflow/.local/lib/python3.8/site-packages/airflow/example_dags/example_python_decorator.py
[2023-12-20T22:48:09.092+0000] {processor.py:840} INFO - DAG(s) 'example_python_decorator' retrieved from /home/airflow/.local/lib/python3.8/site-packages/airflow/example_dags/example_python_decorator.py
[2023-12-20T22:48:09.123+0000] {logging_mixin.py:188} INFO - [2023-12-20T22:48:09.123+0000] {dag.py:3033} INFO - Sync 1 DAGs
[2023-12-20T22:48:09.138+0000] {logging_mixin.py:188} INFO - [2023-12-20T22:48:09.138+0000] {dag.py:3820} INFO - Setting next_dagrun for example_python_decorator to None, run_after=None
[2023-12-20T22:48:09.157+0000] {processor.py:183} INFO - Processing /home/airflow/.local/lib/python3.8/site-packages/airflow/example_dags/example_python_decorator.py took 0.093 seconds
[2023-12-20T22:48:39.335+0000] {processor.py:161} INFO - Started process (PID=1162) to work on /home/airflow/.local/lib/python3.8/site-packages/airflow/example_dags/example_python_decorator.py
[2023-12-20T22:48:39.339+0000] {processor.py:830} INFO - Processing file /home/airflow/.local/lib/python3.8/site-packages/airflow/example_dags/example_python_decorator.py for tasks to queue
[2023-12-20T22:48:39.351+0000] {logging_mixin.py:188} INFO - [2023-12-20T22:48:39.349+0000] {dagbag.py:538} INFO - Filling up the DagBag from /home/airflow/.local/lib/python3.8/site-packages/airflow/example_dags/example_python_decorator.py
[2023-12-20T22:48:39.382+0000] {processor.py:840} INFO - DAG(s) 'example_python_decorator' retrieved from /home/airflow/.local/lib/python3.8/site-packages/airflow/example_dags/example_python_decorator.py
[2023-12-20T22:48:39.419+0000] {logging_mixin.py:188} INFO - [2023-12-20T22:48:39.419+0000] {dag.py:3033} INFO - Sync 1 DAGs
[2023-12-20T22:48:39.457+0000] {logging_mixin.py:188} INFO - [2023-12-20T22:48:39.457+0000] {dag.py:3820} INFO - Setting next_dagrun for example_python_decorator to None, run_after=None
[2023-12-20T22:48:39.484+0000] {processor.py:183} INFO - Processing /home/airflow/.local/lib/python3.8/site-packages/airflow/example_dags/example_python_decorator.py took 0.166 seconds
[2023-12-20T22:49:10.413+0000] {processor.py:161} INFO - Started process (PID=1216) to work on /home/airflow/.local/lib/python3.8/site-packages/airflow/example_dags/example_python_decorator.py
[2023-12-20T22:49:10.414+0000] {processor.py:830} INFO - Processing file /home/airflow/.local/lib/python3.8/site-packages/airflow/example_dags/example_python_decorator.py for tasks to queue
[2023-12-20T22:49:10.418+0000] {logging_mixin.py:188} INFO - [2023-12-20T22:49:10.417+0000] {dagbag.py:538} INFO - Filling up the DagBag from /home/airflow/.local/lib/python3.8/site-packages/airflow/example_dags/example_python_decorator.py
[2023-12-20T22:49:10.428+0000] {processor.py:840} INFO - DAG(s) 'example_python_decorator' retrieved from /home/airflow/.local/lib/python3.8/site-packages/airflow/example_dags/example_python_decorator.py
[2023-12-20T22:49:10.455+0000] {logging_mixin.py:188} INFO - [2023-12-20T22:49:10.455+0000] {dag.py:3033} INFO - Sync 1 DAGs
[2023-12-20T22:49:10.470+0000] {logging_mixin.py:188} INFO - [2023-12-20T22:49:10.470+0000] {dag.py:3820} INFO - Setting next_dagrun for example_python_decorator to None, run_after=None
[2023-12-20T22:49:10.492+0000] {processor.py:183} INFO - Processing /home/airflow/.local/lib/python3.8/site-packages/airflow/example_dags/example_python_decorator.py took 0.084 seconds
[2023-12-20T22:49:40.648+0000] {processor.py:161} INFO - Started process (PID=1270) to work on /home/airflow/.local/lib/python3.8/site-packages/airflow/example_dags/example_python_decorator.py
[2023-12-20T22:49:40.650+0000] {processor.py:830} INFO - Processing file /home/airflow/.local/lib/python3.8/site-packages/airflow/example_dags/example_python_decorator.py for tasks to queue
[2023-12-20T22:49:40.654+0000] {logging_mixin.py:188} INFO - [2023-12-20T22:49:40.653+0000] {dagbag.py:538} INFO - Filling up the DagBag from /home/airflow/.local/lib/python3.8/site-packages/airflow/example_dags/example_python_decorator.py
[2023-12-20T22:49:40.666+0000] {processor.py:840} INFO - DAG(s) 'example_python_decorator' retrieved from /home/airflow/.local/lib/python3.8/site-packages/airflow/example_dags/example_python_decorator.py
[2023-12-20T22:49:40.698+0000] {logging_mixin.py:188} INFO - [2023-12-20T22:49:40.698+0000] {dag.py:3033} INFO - Sync 1 DAGs
[2023-12-20T22:49:40.711+0000] {logging_mixin.py:188} INFO - [2023-12-20T22:49:40.711+0000] {dag.py:3820} INFO - Setting next_dagrun for example_python_decorator to None, run_after=None
[2023-12-20T22:49:40.728+0000] {processor.py:183} INFO - Processing /home/airflow/.local/lib/python3.8/site-packages/airflow/example_dags/example_python_decorator.py took 0.085 seconds
[2023-12-20T22:50:11.031+0000] {processor.py:161} INFO - Started process (PID=1325) to work on /home/airflow/.local/lib/python3.8/site-packages/airflow/example_dags/example_python_decorator.py
[2023-12-20T22:50:11.033+0000] {processor.py:830} INFO - Processing file /home/airflow/.local/lib/python3.8/site-packages/airflow/example_dags/example_python_decorator.py for tasks to queue
[2023-12-20T22:50:11.036+0000] {logging_mixin.py:188} INFO - [2023-12-20T22:50:11.036+0000] {dagbag.py:538} INFO - Filling up the DagBag from /home/airflow/.local/lib/python3.8/site-packages/airflow/example_dags/example_python_decorator.py
[2023-12-20T22:50:11.046+0000] {processor.py:840} INFO - DAG(s) 'example_python_decorator' retrieved from /home/airflow/.local/lib/python3.8/site-packages/airflow/example_dags/example_python_decorator.py
[2023-12-20T22:50:11.074+0000] {logging_mixin.py:188} INFO - [2023-12-20T22:50:11.074+0000] {dag.py:3033} INFO - Sync 1 DAGs
[2023-12-20T22:50:11.085+0000] {logging_mixin.py:188} INFO - [2023-12-20T22:50:11.085+0000] {dag.py:3820} INFO - Setting next_dagrun for example_python_decorator to None, run_after=None
[2023-12-20T22:50:11.099+0000] {processor.py:183} INFO - Processing /home/airflow/.local/lib/python3.8/site-packages/airflow/example_dags/example_python_decorator.py took 0.073 seconds
[2023-12-20T22:50:41.171+0000] {processor.py:161} INFO - Started process (PID=1380) to work on /home/airflow/.local/lib/python3.8/site-packages/airflow/example_dags/example_python_decorator.py
[2023-12-20T22:50:41.173+0000] {processor.py:830} INFO - Processing file /home/airflow/.local/lib/python3.8/site-packages/airflow/example_dags/example_python_decorator.py for tasks to queue
[2023-12-20T22:50:41.176+0000] {logging_mixin.py:188} INFO - [2023-12-20T22:50:41.175+0000] {dagbag.py:538} INFO - Filling up the DagBag from /home/airflow/.local/lib/python3.8/site-packages/airflow/example_dags/example_python_decorator.py
[2023-12-20T22:50:41.187+0000] {processor.py:840} INFO - DAG(s) 'example_python_decorator' retrieved from /home/airflow/.local/lib/python3.8/site-packages/airflow/example_dags/example_python_decorator.py
[2023-12-20T22:50:41.226+0000] {logging_mixin.py:188} INFO - [2023-12-20T22:50:41.226+0000] {dag.py:3033} INFO - Sync 1 DAGs
[2023-12-20T22:50:41.251+0000] {logging_mixin.py:188} INFO - [2023-12-20T22:50:41.251+0000] {dag.py:3820} INFO - Setting next_dagrun for example_python_decorator to None, run_after=None
[2023-12-20T22:50:41.270+0000] {processor.py:183} INFO - Processing /home/airflow/.local/lib/python3.8/site-packages/airflow/example_dags/example_python_decorator.py took 0.104 seconds
[2023-12-20T22:51:11.354+0000] {processor.py:161} INFO - Started process (PID=1435) to work on /home/airflow/.local/lib/python3.8/site-packages/airflow/example_dags/example_python_decorator.py
[2023-12-20T22:51:11.356+0000] {processor.py:830} INFO - Processing file /home/airflow/.local/lib/python3.8/site-packages/airflow/example_dags/example_python_decorator.py for tasks to queue
[2023-12-20T22:51:11.358+0000] {logging_mixin.py:188} INFO - [2023-12-20T22:51:11.358+0000] {dagbag.py:538} INFO - Filling up the DagBag from /home/airflow/.local/lib/python3.8/site-packages/airflow/example_dags/example_python_decorator.py
[2023-12-20T22:51:11.370+0000] {processor.py:840} INFO - DAG(s) 'example_python_decorator' retrieved from /home/airflow/.local/lib/python3.8/site-packages/airflow/example_dags/example_python_decorator.py
[2023-12-20T22:51:11.393+0000] {logging_mixin.py:188} INFO - [2023-12-20T22:51:11.393+0000] {dag.py:3033} INFO - Sync 1 DAGs
[2023-12-20T22:51:11.403+0000] {logging_mixin.py:188} INFO - [2023-12-20T22:51:11.403+0000] {dag.py:3820} INFO - Setting next_dagrun for example_python_decorator to None, run_after=None
[2023-12-20T22:51:11.423+0000] {processor.py:183} INFO - Processing /home/airflow/.local/lib/python3.8/site-packages/airflow/example_dags/example_python_decorator.py took 0.073 seconds
[2023-12-20T22:51:41.970+0000] {processor.py:161} INFO - Started process (PID=1490) to work on /home/airflow/.local/lib/python3.8/site-packages/airflow/example_dags/example_python_decorator.py
[2023-12-20T22:51:41.972+0000] {processor.py:830} INFO - Processing file /home/airflow/.local/lib/python3.8/site-packages/airflow/example_dags/example_python_decorator.py for tasks to queue
[2023-12-20T22:51:41.975+0000] {logging_mixin.py:188} INFO - [2023-12-20T22:51:41.975+0000] {dagbag.py:538} INFO - Filling up the DagBag from /home/airflow/.local/lib/python3.8/site-packages/airflow/example_dags/example_python_decorator.py
[2023-12-20T22:51:41.994+0000] {processor.py:840} INFO - DAG(s) 'example_python_decorator' retrieved from /home/airflow/.local/lib/python3.8/site-packages/airflow/example_dags/example_python_decorator.py
[2023-12-20T22:51:42.057+0000] {logging_mixin.py:188} INFO - [2023-12-20T22:51:42.057+0000] {dag.py:3033} INFO - Sync 1 DAGs
[2023-12-20T22:51:42.072+0000] {logging_mixin.py:188} INFO - [2023-12-20T22:51:42.072+0000] {dag.py:3820} INFO - Setting next_dagrun for example_python_decorator to None, run_after=None
[2023-12-20T22:51:42.091+0000] {processor.py:183} INFO - Processing /home/airflow/.local/lib/python3.8/site-packages/airflow/example_dags/example_python_decorator.py took 0.126 seconds
[2023-12-20T22:52:12.357+0000] {processor.py:161} INFO - Started process (PID=1545) to work on /home/airflow/.local/lib/python3.8/site-packages/airflow/example_dags/example_python_decorator.py
[2023-12-20T22:52:12.358+0000] {processor.py:830} INFO - Processing file /home/airflow/.local/lib/python3.8/site-packages/airflow/example_dags/example_python_decorator.py for tasks to queue
[2023-12-20T22:52:12.361+0000] {logging_mixin.py:188} INFO - [2023-12-20T22:52:12.361+0000] {dagbag.py:538} INFO - Filling up the DagBag from /home/airflow/.local/lib/python3.8/site-packages/airflow/example_dags/example_python_decorator.py
[2023-12-20T22:52:12.371+0000] {processor.py:840} INFO - DAG(s) 'example_python_decorator' retrieved from /home/airflow/.local/lib/python3.8/site-packages/airflow/example_dags/example_python_decorator.py
[2023-12-20T22:52:12.393+0000] {logging_mixin.py:188} INFO - [2023-12-20T22:52:12.393+0000] {dag.py:3033} INFO - Sync 1 DAGs
[2023-12-20T22:52:12.403+0000] {logging_mixin.py:188} INFO - [2023-12-20T22:52:12.403+0000] {dag.py:3820} INFO - Setting next_dagrun for example_python_decorator to None, run_after=None
[2023-12-20T22:52:12.417+0000] {processor.py:183} INFO - Processing /home/airflow/.local/lib/python3.8/site-packages/airflow/example_dags/example_python_decorator.py took 0.064 seconds
[2023-12-20T22:52:42.734+0000] {processor.py:161} INFO - Started process (PID=1600) to work on /home/airflow/.local/lib/python3.8/site-packages/airflow/example_dags/example_python_decorator.py
[2023-12-20T22:52:42.735+0000] {processor.py:830} INFO - Processing file /home/airflow/.local/lib/python3.8/site-packages/airflow/example_dags/example_python_decorator.py for tasks to queue
[2023-12-20T22:52:42.738+0000] {logging_mixin.py:188} INFO - [2023-12-20T22:52:42.737+0000] {dagbag.py:538} INFO - Filling up the DagBag from /home/airflow/.local/lib/python3.8/site-packages/airflow/example_dags/example_python_decorator.py
[2023-12-20T22:52:42.747+0000] {processor.py:840} INFO - DAG(s) 'example_python_decorator' retrieved from /home/airflow/.local/lib/python3.8/site-packages/airflow/example_dags/example_python_decorator.py
[2023-12-20T22:52:42.769+0000] {logging_mixin.py:188} INFO - [2023-12-20T22:52:42.769+0000] {dag.py:3033} INFO - Sync 1 DAGs
[2023-12-20T22:52:42.778+0000] {logging_mixin.py:188} INFO - [2023-12-20T22:52:42.778+0000] {dag.py:3820} INFO - Setting next_dagrun for example_python_decorator to None, run_after=None
[2023-12-20T22:52:42.792+0000] {processor.py:183} INFO - Processing /home/airflow/.local/lib/python3.8/site-packages/airflow/example_dags/example_python_decorator.py took 0.062 seconds
[2023-12-20T22:53:13.444+0000] {processor.py:161} INFO - Started process (PID=1654) to work on /home/airflow/.local/lib/python3.8/site-packages/airflow/example_dags/example_python_decorator.py
[2023-12-20T22:53:13.446+0000] {processor.py:830} INFO - Processing file /home/airflow/.local/lib/python3.8/site-packages/airflow/example_dags/example_python_decorator.py for tasks to queue
[2023-12-20T22:53:13.449+0000] {logging_mixin.py:188} INFO - [2023-12-20T22:53:13.449+0000] {dagbag.py:538} INFO - Filling up the DagBag from /home/airflow/.local/lib/python3.8/site-packages/airflow/example_dags/example_python_decorator.py
[2023-12-20T22:53:13.462+0000] {processor.py:840} INFO - DAG(s) 'example_python_decorator' retrieved from /home/airflow/.local/lib/python3.8/site-packages/airflow/example_dags/example_python_decorator.py
[2023-12-20T22:53:13.486+0000] {logging_mixin.py:188} INFO - [2023-12-20T22:53:13.485+0000] {dag.py:3033} INFO - Sync 1 DAGs
[2023-12-20T22:53:13.497+0000] {logging_mixin.py:188} INFO - [2023-12-20T22:53:13.496+0000] {dag.py:3820} INFO - Setting next_dagrun for example_python_decorator to None, run_after=None
[2023-12-20T22:53:13.512+0000] {processor.py:183} INFO - Processing /home/airflow/.local/lib/python3.8/site-packages/airflow/example_dags/example_python_decorator.py took 0.074 seconds
[2023-12-20T22:53:44.260+0000] {processor.py:161} INFO - Started process (PID=1710) to work on /home/airflow/.local/lib/python3.8/site-packages/airflow/example_dags/example_python_decorator.py
[2023-12-20T22:53:44.265+0000] {processor.py:830} INFO - Processing file /home/airflow/.local/lib/python3.8/site-packages/airflow/example_dags/example_python_decorator.py for tasks to queue
[2023-12-20T22:53:44.287+0000] {logging_mixin.py:188} INFO - [2023-12-20T22:53:44.285+0000] {dagbag.py:538} INFO - Filling up the DagBag from /home/airflow/.local/lib/python3.8/site-packages/airflow/example_dags/example_python_decorator.py
[2023-12-20T22:53:44.349+0000] {processor.py:840} INFO - DAG(s) 'example_python_decorator' retrieved from /home/airflow/.local/lib/python3.8/site-packages/airflow/example_dags/example_python_decorator.py
[2023-12-20T22:53:44.440+0000] {logging_mixin.py:188} INFO - [2023-12-20T22:53:44.439+0000] {dag.py:3033} INFO - Sync 1 DAGs
[2023-12-20T22:53:44.464+0000] {logging_mixin.py:188} INFO - [2023-12-20T22:53:44.464+0000] {dag.py:3820} INFO - Setting next_dagrun for example_python_decorator to None, run_after=None
[2023-12-20T22:53:44.493+0000] {processor.py:183} INFO - Processing /home/airflow/.local/lib/python3.8/site-packages/airflow/example_dags/example_python_decorator.py took 0.256 seconds
[2023-12-20T22:54:32.222+0000] {processor.py:161} INFO - Started process (PID=1772) to work on /home/airflow/.local/lib/python3.8/site-packages/airflow/example_dags/example_python_decorator.py
[2023-12-20T22:54:32.237+0000] {processor.py:830} INFO - Processing file /home/airflow/.local/lib/python3.8/site-packages/airflow/example_dags/example_python_decorator.py for tasks to queue
[2023-12-20T22:54:32.272+0000] {logging_mixin.py:188} INFO - [2023-12-20T22:54:32.268+0000] {dagbag.py:538} INFO - Filling up the DagBag from /home/airflow/.local/lib/python3.8/site-packages/airflow/example_dags/example_python_decorator.py
[2023-12-20T22:54:32.358+0000] {processor.py:840} INFO - DAG(s) 'example_python_decorator' retrieved from /home/airflow/.local/lib/python3.8/site-packages/airflow/example_dags/example_python_decorator.py
[2023-12-20T22:54:32.606+0000] {logging_mixin.py:188} INFO - [2023-12-20T22:54:32.605+0000] {dag.py:3033} INFO - Sync 1 DAGs
[2023-12-20T22:54:36.079+0000] {logging_mixin.py:188} INFO - [2023-12-20T22:54:36.074+0000] {dag.py:3820} INFO - Setting next_dagrun for example_python_decorator to None, run_after=None
[2023-12-20T22:54:36.262+0000] {processor.py:183} INFO - Processing /home/airflow/.local/lib/python3.8/site-packages/airflow/example_dags/example_python_decorator.py took 4.064 seconds
[2023-12-20T22:55:48.157+0000] {processor.py:161} INFO - Started process (PID=1837) to work on /home/airflow/.local/lib/python3.8/site-packages/airflow/example_dags/example_python_decorator.py
[2023-12-20T22:55:48.164+0000] {processor.py:830} INFO - Processing file /home/airflow/.local/lib/python3.8/site-packages/airflow/example_dags/example_python_decorator.py for tasks to queue
[2023-12-20T22:55:48.188+0000] {logging_mixin.py:188} INFO - [2023-12-20T22:55:48.187+0000] {dagbag.py:538} INFO - Filling up the DagBag from /home/airflow/.local/lib/python3.8/site-packages/airflow/example_dags/example_python_decorator.py
[2023-12-20T22:55:48.238+0000] {processor.py:840} INFO - DAG(s) 'example_python_decorator' retrieved from /home/airflow/.local/lib/python3.8/site-packages/airflow/example_dags/example_python_decorator.py
[2023-12-20T22:55:48.696+0000] {logging_mixin.py:188} INFO - [2023-12-20T22:55:48.685+0000] {dag.py:3033} INFO - Sync 1 DAGs
[2023-12-20T22:55:48.949+0000] {logging_mixin.py:188} INFO - [2023-12-20T22:55:48.948+0000] {dag.py:3820} INFO - Setting next_dagrun for example_python_decorator to None, run_after=None
[2023-12-20T22:55:49.455+0000] {processor.py:183} INFO - Processing /home/airflow/.local/lib/python3.8/site-packages/airflow/example_dags/example_python_decorator.py took 1.314 seconds
[2023-12-20T22:56:21.012+0000] {processor.py:161} INFO - Started process (PID=1912) to work on /home/airflow/.local/lib/python3.8/site-packages/airflow/example_dags/example_python_decorator.py
[2023-12-20T22:56:21.025+0000] {processor.py:830} INFO - Processing file /home/airflow/.local/lib/python3.8/site-packages/airflow/example_dags/example_python_decorator.py for tasks to queue
[2023-12-20T22:56:21.090+0000] {logging_mixin.py:188} INFO - [2023-12-20T22:56:21.072+0000] {dagbag.py:538} INFO - Filling up the DagBag from /home/airflow/.local/lib/python3.8/site-packages/airflow/example_dags/example_python_decorator.py
[2023-12-20T22:56:21.241+0000] {processor.py:840} INFO - DAG(s) 'example_python_decorator' retrieved from /home/airflow/.local/lib/python3.8/site-packages/airflow/example_dags/example_python_decorator.py
[2023-12-20T22:56:21.478+0000] {logging_mixin.py:188} INFO - [2023-12-20T22:56:21.477+0000] {dag.py:3033} INFO - Sync 1 DAGs
[2023-12-20T22:56:21.532+0000] {logging_mixin.py:188} INFO - [2023-12-20T22:56:21.531+0000] {dag.py:3820} INFO - Setting next_dagrun for example_python_decorator to None, run_after=None
[2023-12-20T22:56:22.690+0000] {processor.py:183} INFO - Processing /home/airflow/.local/lib/python3.8/site-packages/airflow/example_dags/example_python_decorator.py took 1.701 seconds
[2023-12-20T22:56:57.681+0000] {processor.py:161} INFO - Started process (PID=1968) to work on /home/airflow/.local/lib/python3.8/site-packages/airflow/example_dags/example_python_decorator.py
[2023-12-20T22:56:57.701+0000] {processor.py:830} INFO - Processing file /home/airflow/.local/lib/python3.8/site-packages/airflow/example_dags/example_python_decorator.py for tasks to queue
[2023-12-20T22:56:57.719+0000] {logging_mixin.py:188} INFO - [2023-12-20T22:56:57.717+0000] {dagbag.py:538} INFO - Filling up the DagBag from /home/airflow/.local/lib/python3.8/site-packages/airflow/example_dags/example_python_decorator.py
[2023-12-20T22:56:57.771+0000] {processor.py:840} INFO - DAG(s) 'example_python_decorator' retrieved from /home/airflow/.local/lib/python3.8/site-packages/airflow/example_dags/example_python_decorator.py
[2023-12-20T22:56:57.910+0000] {logging_mixin.py:188} INFO - [2023-12-20T22:56:57.909+0000] {dag.py:3033} INFO - Sync 1 DAGs
[2023-12-20T22:56:57.962+0000] {logging_mixin.py:188} INFO - [2023-12-20T22:56:57.962+0000] {dag.py:3820} INFO - Setting next_dagrun for example_python_decorator to None, run_after=None
[2023-12-20T22:56:58.045+0000] {processor.py:183} INFO - Processing /home/airflow/.local/lib/python3.8/site-packages/airflow/example_dags/example_python_decorator.py took 0.392 seconds
[2023-12-20T22:58:23.180+0000] {processor.py:161} INFO - Started process (PID=2016) to work on /home/airflow/.local/lib/python3.8/site-packages/airflow/example_dags/example_python_decorator.py
[2023-12-20T22:58:23.229+0000] {processor.py:830} INFO - Processing file /home/airflow/.local/lib/python3.8/site-packages/airflow/example_dags/example_python_decorator.py for tasks to queue
[2023-12-20T22:58:23.298+0000] {logging_mixin.py:188} INFO - [2023-12-20T22:58:23.297+0000] {dagbag.py:538} INFO - Filling up the DagBag from /home/airflow/.local/lib/python3.8/site-packages/airflow/example_dags/example_python_decorator.py
[2023-12-20T22:58:23.740+0000] {processor.py:840} INFO - DAG(s) 'example_python_decorator' retrieved from /home/airflow/.local/lib/python3.8/site-packages/airflow/example_dags/example_python_decorator.py
[2023-12-20T22:58:24.346+0000] {logging_mixin.py:188} INFO - [2023-12-20T22:58:24.331+0000] {dag.py:3033} INFO - Sync 1 DAGs
[2023-12-20T22:58:24.884+0000] {logging_mixin.py:188} INFO - [2023-12-20T22:58:24.852+0000] {dag.py:3820} INFO - Setting next_dagrun for example_python_decorator to None, run_after=None
[2023-12-20T22:58:25.254+0000] {processor.py:183} INFO - Processing /home/airflow/.local/lib/python3.8/site-packages/airflow/example_dags/example_python_decorator.py took 2.357 seconds
[2023-12-20T23:00:13.577+0000] {processor.py:161} INFO - Started process (PID=2077) to work on /home/airflow/.local/lib/python3.8/site-packages/airflow/example_dags/example_python_decorator.py
[2023-12-20T23:00:13.583+0000] {processor.py:830} INFO - Processing file /home/airflow/.local/lib/python3.8/site-packages/airflow/example_dags/example_python_decorator.py for tasks to queue
[2023-12-20T23:00:13.611+0000] {logging_mixin.py:188} INFO - [2023-12-20T23:00:13.603+0000] {dagbag.py:538} INFO - Filling up the DagBag from /home/airflow/.local/lib/python3.8/site-packages/airflow/example_dags/example_python_decorator.py
[2023-12-20T23:00:13.722+0000] {processor.py:840} INFO - DAG(s) 'example_python_decorator' retrieved from /home/airflow/.local/lib/python3.8/site-packages/airflow/example_dags/example_python_decorator.py
[2023-12-20T23:00:14.065+0000] {logging_mixin.py:188} INFO - [2023-12-20T23:00:14.063+0000] {dag.py:3033} INFO - Sync 1 DAGs
[2023-12-20T23:00:14.224+0000] {logging_mixin.py:188} INFO - [2023-12-20T23:00:14.223+0000] {dag.py:3820} INFO - Setting next_dagrun for example_python_decorator to None, run_after=None
[2023-12-20T23:00:14.403+0000] {processor.py:183} INFO - Processing /home/airflow/.local/lib/python3.8/site-packages/airflow/example_dags/example_python_decorator.py took 0.863 seconds
[2023-12-20T23:02:00.779+0000] {processor.py:161} INFO - Started process (PID=2175) to work on /home/airflow/.local/lib/python3.8/site-packages/airflow/example_dags/example_python_decorator.py
[2023-12-20T23:02:00.820+0000] {processor.py:830} INFO - Processing file /home/airflow/.local/lib/python3.8/site-packages/airflow/example_dags/example_python_decorator.py for tasks to queue
[2023-12-20T23:02:00.886+0000] {logging_mixin.py:188} INFO - [2023-12-20T23:02:00.884+0000] {dagbag.py:538} INFO - Filling up the DagBag from /home/airflow/.local/lib/python3.8/site-packages/airflow/example_dags/example_python_decorator.py
[2023-12-20T23:02:01.160+0000] {processor.py:840} INFO - DAG(s) 'example_python_decorator' retrieved from /home/airflow/.local/lib/python3.8/site-packages/airflow/example_dags/example_python_decorator.py
[2023-12-20T23:02:01.689+0000] {logging_mixin.py:188} INFO - [2023-12-20T23:02:01.688+0000] {dag.py:3033} INFO - Sync 1 DAGs
[2023-12-20T23:02:01.866+0000] {logging_mixin.py:188} INFO - [2023-12-20T23:02:01.863+0000] {dag.py:3820} INFO - Setting next_dagrun for example_python_decorator to None, run_after=None
[2023-12-20T23:02:04.449+0000] {processor.py:183} INFO - Processing /home/airflow/.local/lib/python3.8/site-packages/airflow/example_dags/example_python_decorator.py took 3.799 seconds
[2023-12-20T23:03:04.695+0000] {processor.py:161} INFO - Started process (PID=2244) to work on /home/airflow/.local/lib/python3.8/site-packages/airflow/example_dags/example_python_decorator.py
[2023-12-20T23:03:04.709+0000] {processor.py:830} INFO - Processing file /home/airflow/.local/lib/python3.8/site-packages/airflow/example_dags/example_python_decorator.py for tasks to queue
[2023-12-20T23:03:04.728+0000] {logging_mixin.py:188} INFO - [2023-12-20T23:03:04.727+0000] {dagbag.py:538} INFO - Filling up the DagBag from /home/airflow/.local/lib/python3.8/site-packages/airflow/example_dags/example_python_decorator.py
[2023-12-20T23:03:04.853+0000] {processor.py:840} INFO - DAG(s) 'example_python_decorator' retrieved from /home/airflow/.local/lib/python3.8/site-packages/airflow/example_dags/example_python_decorator.py
[2023-12-20T23:03:05.213+0000] {logging_mixin.py:188} INFO - [2023-12-20T23:03:05.212+0000] {dag.py:3033} INFO - Sync 1 DAGs
[2023-12-20T23:03:05.288+0000] {logging_mixin.py:188} INFO - [2023-12-20T23:03:05.287+0000] {dag.py:3820} INFO - Setting next_dagrun for example_python_decorator to None, run_after=None
[2023-12-20T23:03:05.388+0000] {processor.py:183} INFO - Processing /home/airflow/.local/lib/python3.8/site-packages/airflow/example_dags/example_python_decorator.py took 0.729 seconds
[2023-12-20T23:06:05.547+0000] {processor.py:161} INFO - Started process (PID=2333) to work on /home/airflow/.local/lib/python3.8/site-packages/airflow/example_dags/example_python_decorator.py
[2023-12-20T23:06:05.560+0000] {processor.py:830} INFO - Processing file /home/airflow/.local/lib/python3.8/site-packages/airflow/example_dags/example_python_decorator.py for tasks to queue
[2023-12-20T23:06:05.584+0000] {logging_mixin.py:188} INFO - [2023-12-20T23:06:05.579+0000] {dagbag.py:538} INFO - Filling up the DagBag from /home/airflow/.local/lib/python3.8/site-packages/airflow/example_dags/example_python_decorator.py
[2023-12-20T23:06:06.012+0000] {processor.py:840} INFO - DAG(s) 'example_python_decorator' retrieved from /home/airflow/.local/lib/python3.8/site-packages/airflow/example_dags/example_python_decorator.py
[2023-12-20T23:06:07.436+0000] {logging_mixin.py:188} INFO - [2023-12-20T23:06:07.346+0000] {dag.py:3033} INFO - Sync 1 DAGs
[2023-12-20T23:06:08.060+0000] {logging_mixin.py:188} INFO - [2023-12-20T23:06:08.059+0000] {dag.py:3820} INFO - Setting next_dagrun for example_python_decorator to None, run_after=None
[2023-12-20T23:06:08.622+0000] {processor.py:183} INFO - Processing /home/airflow/.local/lib/python3.8/site-packages/airflow/example_dags/example_python_decorator.py took 3.133 seconds
[2023-12-20T23:08:38.451+0000] {processor.py:161} INFO - Started process (PID=2444) to work on /home/airflow/.local/lib/python3.8/site-packages/airflow/example_dags/example_python_decorator.py
[2023-12-20T23:08:38.476+0000] {processor.py:830} INFO - Processing file /home/airflow/.local/lib/python3.8/site-packages/airflow/example_dags/example_python_decorator.py for tasks to queue
[2023-12-20T23:08:38.503+0000] {logging_mixin.py:188} INFO - [2023-12-20T23:08:38.502+0000] {dagbag.py:538} INFO - Filling up the DagBag from /home/airflow/.local/lib/python3.8/site-packages/airflow/example_dags/example_python_decorator.py
[2023-12-20T23:08:38.598+0000] {processor.py:840} INFO - DAG(s) 'example_python_decorator' retrieved from /home/airflow/.local/lib/python3.8/site-packages/airflow/example_dags/example_python_decorator.py
[2023-12-20T23:08:38.819+0000] {logging_mixin.py:188} INFO - [2023-12-20T23:08:38.818+0000] {dag.py:3033} INFO - Sync 1 DAGs
[2023-12-20T23:08:39.066+0000] {logging_mixin.py:188} INFO - [2023-12-20T23:08:39.065+0000] {dag.py:3820} INFO - Setting next_dagrun for example_python_decorator to None, run_after=None
[2023-12-20T23:08:39.641+0000] {processor.py:183} INFO - Processing /home/airflow/.local/lib/python3.8/site-packages/airflow/example_dags/example_python_decorator.py took 1.236 seconds
[2023-12-20T23:09:44.934+0000] {processor.py:161} INFO - Started process (PID=2514) to work on /home/airflow/.local/lib/python3.8/site-packages/airflow/example_dags/example_python_decorator.py
[2023-12-20T23:09:45.007+0000] {processor.py:830} INFO - Processing file /home/airflow/.local/lib/python3.8/site-packages/airflow/example_dags/example_python_decorator.py for tasks to queue
[2023-12-20T23:09:45.191+0000] {logging_mixin.py:188} INFO - [2023-12-20T23:09:45.172+0000] {dagbag.py:538} INFO - Filling up the DagBag from /home/airflow/.local/lib/python3.8/site-packages/airflow/example_dags/example_python_decorator.py
[2023-12-20T23:09:45.408+0000] {processor.py:840} INFO - DAG(s) 'example_python_decorator' retrieved from /home/airflow/.local/lib/python3.8/site-packages/airflow/example_dags/example_python_decorator.py
[2023-12-20T23:09:45.984+0000] {logging_mixin.py:188} INFO - [2023-12-20T23:09:45.983+0000] {dag.py:3033} INFO - Sync 1 DAGs
[2023-12-20T23:09:46.196+0000] {logging_mixin.py:188} INFO - [2023-12-20T23:09:46.196+0000] {dag.py:3820} INFO - Setting next_dagrun for example_python_decorator to None, run_after=None
[2023-12-20T23:09:46.622+0000] {processor.py:183} INFO - Processing /home/airflow/.local/lib/python3.8/site-packages/airflow/example_dags/example_python_decorator.py took 1.840 seconds
[2023-12-20T23:11:48.512+0000] {processor.py:161} INFO - Started process (PID=2597) to work on /home/airflow/.local/lib/python3.8/site-packages/airflow/example_dags/example_python_decorator.py
[2023-12-20T23:11:48.518+0000] {processor.py:830} INFO - Processing file /home/airflow/.local/lib/python3.8/site-packages/airflow/example_dags/example_python_decorator.py for tasks to queue
[2023-12-20T23:11:48.538+0000] {logging_mixin.py:188} INFO - [2023-12-20T23:11:48.533+0000] {dagbag.py:538} INFO - Filling up the DagBag from /home/airflow/.local/lib/python3.8/site-packages/airflow/example_dags/example_python_decorator.py
[2023-12-20T23:11:48.706+0000] {processor.py:840} INFO - DAG(s) 'example_python_decorator' retrieved from /home/airflow/.local/lib/python3.8/site-packages/airflow/example_dags/example_python_decorator.py
[2023-12-20T23:11:49.067+0000] {logging_mixin.py:188} INFO - [2023-12-20T23:11:49.066+0000] {dag.py:3033} INFO - Sync 1 DAGs
[2023-12-20T23:11:49.249+0000] {logging_mixin.py:188} INFO - [2023-12-20T23:11:49.245+0000] {dag.py:3820} INFO - Setting next_dagrun for example_python_decorator to None, run_after=None
[2023-12-20T23:11:49.510+0000] {processor.py:183} INFO - Processing /home/airflow/.local/lib/python3.8/site-packages/airflow/example_dags/example_python_decorator.py took 1.038 seconds
[2023-12-20T23:12:43.923+0000] {processor.py:161} INFO - Started process (PID=2665) to work on /home/airflow/.local/lib/python3.8/site-packages/airflow/example_dags/example_python_decorator.py
[2023-12-20T23:12:43.942+0000] {processor.py:830} INFO - Processing file /home/airflow/.local/lib/python3.8/site-packages/airflow/example_dags/example_python_decorator.py for tasks to queue
[2023-12-20T23:12:43.974+0000] {logging_mixin.py:188} INFO - [2023-12-20T23:12:43.963+0000] {dagbag.py:538} INFO - Filling up the DagBag from /home/airflow/.local/lib/python3.8/site-packages/airflow/example_dags/example_python_decorator.py
[2023-12-20T23:12:44.163+0000] {processor.py:840} INFO - DAG(s) 'example_python_decorator' retrieved from /home/airflow/.local/lib/python3.8/site-packages/airflow/example_dags/example_python_decorator.py
[2023-12-20T23:12:44.472+0000] {logging_mixin.py:188} INFO - [2023-12-20T23:12:44.468+0000] {dag.py:3033} INFO - Sync 1 DAGs
[2023-12-20T23:12:44.689+0000] {logging_mixin.py:188} INFO - [2023-12-20T23:12:44.689+0000] {dag.py:3820} INFO - Setting next_dagrun for example_python_decorator to None, run_after=None
[2023-12-20T23:12:44.813+0000] {processor.py:183} INFO - Processing /home/airflow/.local/lib/python3.8/site-packages/airflow/example_dags/example_python_decorator.py took 0.912 seconds
[2023-12-20T23:13:58.486+0000] {processor.py:161} INFO - Started process (PID=2738) to work on /home/airflow/.local/lib/python3.8/site-packages/airflow/example_dags/example_python_decorator.py
[2023-12-20T23:13:58.495+0000] {processor.py:830} INFO - Processing file /home/airflow/.local/lib/python3.8/site-packages/airflow/example_dags/example_python_decorator.py for tasks to queue
[2023-12-20T23:13:58.519+0000] {logging_mixin.py:188} INFO - [2023-12-20T23:13:58.517+0000] {dagbag.py:538} INFO - Filling up the DagBag from /home/airflow/.local/lib/python3.8/site-packages/airflow/example_dags/example_python_decorator.py
[2023-12-20T23:13:58.737+0000] {processor.py:840} INFO - DAG(s) 'example_python_decorator' retrieved from /home/airflow/.local/lib/python3.8/site-packages/airflow/example_dags/example_python_decorator.py
[2023-12-20T23:13:59.045+0000] {logging_mixin.py:188} INFO - [2023-12-20T23:13:59.044+0000] {dag.py:3033} INFO - Sync 1 DAGs
[2023-12-20T23:13:59.471+0000] {logging_mixin.py:188} INFO - [2023-12-20T23:13:59.458+0000] {dag.py:3820} INFO - Setting next_dagrun for example_python_decorator to None, run_after=None
[2023-12-20T23:14:00.434+0000] {processor.py:183} INFO - Processing /home/airflow/.local/lib/python3.8/site-packages/airflow/example_dags/example_python_decorator.py took 1.993 seconds
