[2023-12-20T22:38:30.811+0000] {processor.py:161} INFO - Started process (PID=77) to work on /home/airflow/.local/lib/python3.8/site-packages/airflow/example_dags/example_branch_python_dop_operator_3.py
[2023-12-20T22:38:30.813+0000] {processor.py:830} INFO - Processing file /home/airflow/.local/lib/python3.8/site-packages/airflow/example_dags/example_branch_python_dop_operator_3.py for tasks to queue
[2023-12-20T22:38:30.817+0000] {logging_mixin.py:188} INFO - [2023-12-20T22:38:30.816+0000] {dagbag.py:538} INFO - Filling up the DagBag from /home/airflow/.local/lib/python3.8/site-packages/airflow/example_dags/example_branch_python_dop_operator_3.py
[2023-12-20T22:38:30.830+0000] {processor.py:840} INFO - DAG(s) 'example_branch_dop_operator_v3' retrieved from /home/airflow/.local/lib/python3.8/site-packages/airflow/example_dags/example_branch_python_dop_operator_3.py
[2023-12-20T22:38:31.000+0000] {logging_mixin.py:188} INFO - [2023-12-20T22:38:31.000+0000] {dag.py:3033} INFO - Sync 1 DAGs
[2023-12-20T22:38:31.088+0000] {logging_mixin.py:188} INFO - [2023-12-20T22:38:31.083+0000] {dag.py:3820} INFO - Setting next_dagrun for example_branch_dop_operator_v3 to 2023-12-20T22:37:00+00:00, run_after=2023-12-20T22:38:00+00:00
[2023-12-20T22:38:31.161+0000] {processor.py:183} INFO - Processing /home/airflow/.local/lib/python3.8/site-packages/airflow/example_dags/example_branch_python_dop_operator_3.py took 0.356 seconds
[2023-12-20T22:39:01.759+0000] {processor.py:161} INFO - Started process (PID=132) to work on /home/airflow/.local/lib/python3.8/site-packages/airflow/example_dags/example_branch_python_dop_operator_3.py
[2023-12-20T22:39:01.760+0000] {processor.py:830} INFO - Processing file /home/airflow/.local/lib/python3.8/site-packages/airflow/example_dags/example_branch_python_dop_operator_3.py for tasks to queue
[2023-12-20T22:39:01.763+0000] {logging_mixin.py:188} INFO - [2023-12-20T22:39:01.763+0000] {dagbag.py:538} INFO - Filling up the DagBag from /home/airflow/.local/lib/python3.8/site-packages/airflow/example_dags/example_branch_python_dop_operator_3.py
[2023-12-20T22:39:01.772+0000] {processor.py:840} INFO - DAG(s) 'example_branch_dop_operator_v3' retrieved from /home/airflow/.local/lib/python3.8/site-packages/airflow/example_dags/example_branch_python_dop_operator_3.py
[2023-12-20T22:39:01.794+0000] {logging_mixin.py:188} INFO - [2023-12-20T22:39:01.794+0000] {dag.py:3033} INFO - Sync 1 DAGs
[2023-12-20T22:39:01.815+0000] {logging_mixin.py:188} INFO - [2023-12-20T22:39:01.815+0000] {dag.py:3820} INFO - Setting next_dagrun for example_branch_dop_operator_v3 to 2023-12-20T22:38:00+00:00, run_after=2023-12-20T22:39:00+00:00
[2023-12-20T22:39:01.828+0000] {processor.py:183} INFO - Processing /home/airflow/.local/lib/python3.8/site-packages/airflow/example_dags/example_branch_python_dop_operator_3.py took 0.073 seconds
[2023-12-20T22:39:32.168+0000] {processor.py:161} INFO - Started process (PID=187) to work on /home/airflow/.local/lib/python3.8/site-packages/airflow/example_dags/example_branch_python_dop_operator_3.py
[2023-12-20T22:39:32.169+0000] {processor.py:830} INFO - Processing file /home/airflow/.local/lib/python3.8/site-packages/airflow/example_dags/example_branch_python_dop_operator_3.py for tasks to queue
[2023-12-20T22:39:32.172+0000] {logging_mixin.py:188} INFO - [2023-12-20T22:39:32.172+0000] {dagbag.py:538} INFO - Filling up the DagBag from /home/airflow/.local/lib/python3.8/site-packages/airflow/example_dags/example_branch_python_dop_operator_3.py
[2023-12-20T22:39:32.181+0000] {processor.py:840} INFO - DAG(s) 'example_branch_dop_operator_v3' retrieved from /home/airflow/.local/lib/python3.8/site-packages/airflow/example_dags/example_branch_python_dop_operator_3.py
[2023-12-20T22:39:32.205+0000] {logging_mixin.py:188} INFO - [2023-12-20T22:39:32.205+0000] {dag.py:3033} INFO - Sync 1 DAGs
[2023-12-20T22:39:32.225+0000] {logging_mixin.py:188} INFO - [2023-12-20T22:39:32.225+0000] {dag.py:3820} INFO - Setting next_dagrun for example_branch_dop_operator_v3 to 2023-12-20T22:38:00+00:00, run_after=2023-12-20T22:39:00+00:00
[2023-12-20T22:39:32.238+0000] {processor.py:183} INFO - Processing /home/airflow/.local/lib/python3.8/site-packages/airflow/example_dags/example_branch_python_dop_operator_3.py took 0.074 seconds
[2023-12-20T22:40:02.560+0000] {processor.py:161} INFO - Started process (PID=243) to work on /home/airflow/.local/lib/python3.8/site-packages/airflow/example_dags/example_branch_python_dop_operator_3.py
[2023-12-20T22:40:02.562+0000] {processor.py:830} INFO - Processing file /home/airflow/.local/lib/python3.8/site-packages/airflow/example_dags/example_branch_python_dop_operator_3.py for tasks to queue
[2023-12-20T22:40:02.565+0000] {logging_mixin.py:188} INFO - [2023-12-20T22:40:02.564+0000] {dagbag.py:538} INFO - Filling up the DagBag from /home/airflow/.local/lib/python3.8/site-packages/airflow/example_dags/example_branch_python_dop_operator_3.py
[2023-12-20T22:40:02.574+0000] {processor.py:840} INFO - DAG(s) 'example_branch_dop_operator_v3' retrieved from /home/airflow/.local/lib/python3.8/site-packages/airflow/example_dags/example_branch_python_dop_operator_3.py
[2023-12-20T22:40:02.599+0000] {logging_mixin.py:188} INFO - [2023-12-20T22:40:02.599+0000] {dag.py:3033} INFO - Sync 1 DAGs
[2023-12-20T22:40:02.621+0000] {logging_mixin.py:188} INFO - [2023-12-20T22:40:02.621+0000] {dag.py:3820} INFO - Setting next_dagrun for example_branch_dop_operator_v3 to 2023-12-20T22:39:00+00:00, run_after=2023-12-20T22:40:00+00:00
[2023-12-20T22:40:02.636+0000] {processor.py:183} INFO - Processing /home/airflow/.local/lib/python3.8/site-packages/airflow/example_dags/example_branch_python_dop_operator_3.py took 0.080 seconds
[2023-12-20T22:40:33.209+0000] {processor.py:161} INFO - Started process (PID=298) to work on /home/airflow/.local/lib/python3.8/site-packages/airflow/example_dags/example_branch_python_dop_operator_3.py
[2023-12-20T22:40:33.210+0000] {processor.py:830} INFO - Processing file /home/airflow/.local/lib/python3.8/site-packages/airflow/example_dags/example_branch_python_dop_operator_3.py for tasks to queue
[2023-12-20T22:40:33.212+0000] {logging_mixin.py:188} INFO - [2023-12-20T22:40:33.212+0000] {dagbag.py:538} INFO - Filling up the DagBag from /home/airflow/.local/lib/python3.8/site-packages/airflow/example_dags/example_branch_python_dop_operator_3.py
[2023-12-20T22:40:33.222+0000] {processor.py:840} INFO - DAG(s) 'example_branch_dop_operator_v3' retrieved from /home/airflow/.local/lib/python3.8/site-packages/airflow/example_dags/example_branch_python_dop_operator_3.py
[2023-12-20T22:40:33.245+0000] {logging_mixin.py:188} INFO - [2023-12-20T22:40:33.244+0000] {dag.py:3033} INFO - Sync 1 DAGs
[2023-12-20T22:40:33.265+0000] {logging_mixin.py:188} INFO - [2023-12-20T22:40:33.265+0000] {dag.py:3820} INFO - Setting next_dagrun for example_branch_dop_operator_v3 to 2023-12-20T22:39:00+00:00, run_after=2023-12-20T22:40:00+00:00
[2023-12-20T22:40:33.279+0000] {processor.py:183} INFO - Processing /home/airflow/.local/lib/python3.8/site-packages/airflow/example_dags/example_branch_python_dop_operator_3.py took 0.074 seconds
[2023-12-20T22:41:04.468+0000] {processor.py:161} INFO - Started process (PID=353) to work on /home/airflow/.local/lib/python3.8/site-packages/airflow/example_dags/example_branch_python_dop_operator_3.py
[2023-12-20T22:41:04.480+0000] {processor.py:830} INFO - Processing file /home/airflow/.local/lib/python3.8/site-packages/airflow/example_dags/example_branch_python_dop_operator_3.py for tasks to queue
[2023-12-20T22:41:04.502+0000] {logging_mixin.py:188} INFO - [2023-12-20T22:41:04.501+0000] {dagbag.py:538} INFO - Filling up the DagBag from /home/airflow/.local/lib/python3.8/site-packages/airflow/example_dags/example_branch_python_dop_operator_3.py
[2023-12-20T22:41:04.535+0000] {processor.py:840} INFO - DAG(s) 'example_branch_dop_operator_v3' retrieved from /home/airflow/.local/lib/python3.8/site-packages/airflow/example_dags/example_branch_python_dop_operator_3.py
[2023-12-20T22:41:04.724+0000] {logging_mixin.py:188} INFO - [2023-12-20T22:41:04.724+0000] {dag.py:3033} INFO - Sync 1 DAGs
[2023-12-20T22:41:04.830+0000] {logging_mixin.py:188} INFO - [2023-12-20T22:41:04.830+0000] {dag.py:3820} INFO - Setting next_dagrun for example_branch_dop_operator_v3 to 2023-12-20T22:40:00+00:00, run_after=2023-12-20T22:41:00+00:00
[2023-12-20T22:41:04.955+0000] {processor.py:183} INFO - Processing /home/airflow/.local/lib/python3.8/site-packages/airflow/example_dags/example_branch_python_dop_operator_3.py took 0.527 seconds
[2023-12-20T22:41:35.601+0000] {processor.py:161} INFO - Started process (PID=407) to work on /home/airflow/.local/lib/python3.8/site-packages/airflow/example_dags/example_branch_python_dop_operator_3.py
[2023-12-20T22:41:35.602+0000] {processor.py:830} INFO - Processing file /home/airflow/.local/lib/python3.8/site-packages/airflow/example_dags/example_branch_python_dop_operator_3.py for tasks to queue
[2023-12-20T22:41:35.605+0000] {logging_mixin.py:188} INFO - [2023-12-20T22:41:35.605+0000] {dagbag.py:538} INFO - Filling up the DagBag from /home/airflow/.local/lib/python3.8/site-packages/airflow/example_dags/example_branch_python_dop_operator_3.py
[2023-12-20T22:41:35.616+0000] {processor.py:840} INFO - DAG(s) 'example_branch_dop_operator_v3' retrieved from /home/airflow/.local/lib/python3.8/site-packages/airflow/example_dags/example_branch_python_dop_operator_3.py
[2023-12-20T22:41:35.640+0000] {logging_mixin.py:188} INFO - [2023-12-20T22:41:35.640+0000] {dag.py:3033} INFO - Sync 1 DAGs
[2023-12-20T22:41:35.661+0000] {logging_mixin.py:188} INFO - [2023-12-20T22:41:35.661+0000] {dag.py:3820} INFO - Setting next_dagrun for example_branch_dop_operator_v3 to 2023-12-20T22:40:00+00:00, run_after=2023-12-20T22:41:00+00:00
[2023-12-20T22:41:35.675+0000] {processor.py:183} INFO - Processing /home/airflow/.local/lib/python3.8/site-packages/airflow/example_dags/example_branch_python_dop_operator_3.py took 0.079 seconds
[2023-12-20T22:42:06.323+0000] {processor.py:161} INFO - Started process (PID=462) to work on /home/airflow/.local/lib/python3.8/site-packages/airflow/example_dags/example_branch_python_dop_operator_3.py
[2023-12-20T22:42:06.341+0000] {processor.py:830} INFO - Processing file /home/airflow/.local/lib/python3.8/site-packages/airflow/example_dags/example_branch_python_dop_operator_3.py for tasks to queue
[2023-12-20T22:42:06.353+0000] {logging_mixin.py:188} INFO - [2023-12-20T22:42:06.351+0000] {dagbag.py:538} INFO - Filling up the DagBag from /home/airflow/.local/lib/python3.8/site-packages/airflow/example_dags/example_branch_python_dop_operator_3.py
[2023-12-20T22:42:06.380+0000] {processor.py:840} INFO - DAG(s) 'example_branch_dop_operator_v3' retrieved from /home/airflow/.local/lib/python3.8/site-packages/airflow/example_dags/example_branch_python_dop_operator_3.py
[2023-12-20T22:42:06.447+0000] {logging_mixin.py:188} INFO - [2023-12-20T22:42:06.446+0000] {dag.py:3033} INFO - Sync 1 DAGs
[2023-12-20T22:42:06.506+0000] {logging_mixin.py:188} INFO - [2023-12-20T22:42:06.506+0000] {dag.py:3820} INFO - Setting next_dagrun for example_branch_dop_operator_v3 to 2023-12-20T22:41:00+00:00, run_after=2023-12-20T22:42:00+00:00
[2023-12-20T22:42:06.545+0000] {processor.py:183} INFO - Processing /home/airflow/.local/lib/python3.8/site-packages/airflow/example_dags/example_branch_python_dop_operator_3.py took 0.288 seconds
[2023-12-20T22:42:36.796+0000] {processor.py:161} INFO - Started process (PID=517) to work on /home/airflow/.local/lib/python3.8/site-packages/airflow/example_dags/example_branch_python_dop_operator_3.py
[2023-12-20T22:42:36.799+0000] {processor.py:830} INFO - Processing file /home/airflow/.local/lib/python3.8/site-packages/airflow/example_dags/example_branch_python_dop_operator_3.py for tasks to queue
[2023-12-20T22:42:36.803+0000] {logging_mixin.py:188} INFO - [2023-12-20T22:42:36.802+0000] {dagbag.py:538} INFO - Filling up the DagBag from /home/airflow/.local/lib/python3.8/site-packages/airflow/example_dags/example_branch_python_dop_operator_3.py
[2023-12-20T22:42:36.814+0000] {processor.py:840} INFO - DAG(s) 'example_branch_dop_operator_v3' retrieved from /home/airflow/.local/lib/python3.8/site-packages/airflow/example_dags/example_branch_python_dop_operator_3.py
[2023-12-20T22:42:36.839+0000] {logging_mixin.py:188} INFO - [2023-12-20T22:42:36.839+0000] {dag.py:3033} INFO - Sync 1 DAGs
[2023-12-20T22:42:36.863+0000] {logging_mixin.py:188} INFO - [2023-12-20T22:42:36.863+0000] {dag.py:3820} INFO - Setting next_dagrun for example_branch_dop_operator_v3 to 2023-12-20T22:41:00+00:00, run_after=2023-12-20T22:42:00+00:00
[2023-12-20T22:42:36.878+0000] {processor.py:183} INFO - Processing /home/airflow/.local/lib/python3.8/site-packages/airflow/example_dags/example_branch_python_dop_operator_3.py took 0.089 seconds
[2023-12-20T22:43:06.924+0000] {processor.py:161} INFO - Started process (PID=571) to work on /home/airflow/.local/lib/python3.8/site-packages/airflow/example_dags/example_branch_python_dop_operator_3.py
[2023-12-20T22:43:06.926+0000] {processor.py:830} INFO - Processing file /home/airflow/.local/lib/python3.8/site-packages/airflow/example_dags/example_branch_python_dop_operator_3.py for tasks to queue
[2023-12-20T22:43:06.931+0000] {logging_mixin.py:188} INFO - [2023-12-20T22:43:06.930+0000] {dagbag.py:538} INFO - Filling up the DagBag from /home/airflow/.local/lib/python3.8/site-packages/airflow/example_dags/example_branch_python_dop_operator_3.py
[2023-12-20T22:43:06.940+0000] {processor.py:840} INFO - DAG(s) 'example_branch_dop_operator_v3' retrieved from /home/airflow/.local/lib/python3.8/site-packages/airflow/example_dags/example_branch_python_dop_operator_3.py
[2023-12-20T22:43:06.966+0000] {logging_mixin.py:188} INFO - [2023-12-20T22:43:06.966+0000] {dag.py:3033} INFO - Sync 1 DAGs
[2023-12-20T22:43:06.994+0000] {logging_mixin.py:188} INFO - [2023-12-20T22:43:06.994+0000] {dag.py:3820} INFO - Setting next_dagrun for example_branch_dop_operator_v3 to 2023-12-20T22:42:00+00:00, run_after=2023-12-20T22:43:00+00:00
[2023-12-20T22:43:07.010+0000] {processor.py:183} INFO - Processing /home/airflow/.local/lib/python3.8/site-packages/airflow/example_dags/example_branch_python_dop_operator_3.py took 0.091 seconds
[2023-12-20T22:43:37.547+0000] {processor.py:161} INFO - Started process (PID=626) to work on /home/airflow/.local/lib/python3.8/site-packages/airflow/example_dags/example_branch_python_dop_operator_3.py
[2023-12-20T22:43:37.549+0000] {processor.py:830} INFO - Processing file /home/airflow/.local/lib/python3.8/site-packages/airflow/example_dags/example_branch_python_dop_operator_3.py for tasks to queue
[2023-12-20T22:43:37.552+0000] {logging_mixin.py:188} INFO - [2023-12-20T22:43:37.552+0000] {dagbag.py:538} INFO - Filling up the DagBag from /home/airflow/.local/lib/python3.8/site-packages/airflow/example_dags/example_branch_python_dop_operator_3.py
[2023-12-20T22:43:37.563+0000] {processor.py:840} INFO - DAG(s) 'example_branch_dop_operator_v3' retrieved from /home/airflow/.local/lib/python3.8/site-packages/airflow/example_dags/example_branch_python_dop_operator_3.py
[2023-12-20T22:43:37.588+0000] {logging_mixin.py:188} INFO - [2023-12-20T22:43:37.587+0000] {dag.py:3033} INFO - Sync 1 DAGs
[2023-12-20T22:43:37.610+0000] {logging_mixin.py:188} INFO - [2023-12-20T22:43:37.610+0000] {dag.py:3820} INFO - Setting next_dagrun for example_branch_dop_operator_v3 to 2023-12-20T22:42:00+00:00, run_after=2023-12-20T22:43:00+00:00
[2023-12-20T22:43:37.624+0000] {processor.py:183} INFO - Processing /home/airflow/.local/lib/python3.8/site-packages/airflow/example_dags/example_branch_python_dop_operator_3.py took 0.082 seconds
[2023-12-20T22:44:08.141+0000] {processor.py:161} INFO - Started process (PID=681) to work on /home/airflow/.local/lib/python3.8/site-packages/airflow/example_dags/example_branch_python_dop_operator_3.py
[2023-12-20T22:44:08.143+0000] {processor.py:830} INFO - Processing file /home/airflow/.local/lib/python3.8/site-packages/airflow/example_dags/example_branch_python_dop_operator_3.py for tasks to queue
[2023-12-20T22:44:08.145+0000] {logging_mixin.py:188} INFO - [2023-12-20T22:44:08.145+0000] {dagbag.py:538} INFO - Filling up the DagBag from /home/airflow/.local/lib/python3.8/site-packages/airflow/example_dags/example_branch_python_dop_operator_3.py
[2023-12-20T22:44:08.156+0000] {processor.py:840} INFO - DAG(s) 'example_branch_dop_operator_v3' retrieved from /home/airflow/.local/lib/python3.8/site-packages/airflow/example_dags/example_branch_python_dop_operator_3.py
[2023-12-20T22:44:08.179+0000] {logging_mixin.py:188} INFO - [2023-12-20T22:44:08.179+0000] {dag.py:3033} INFO - Sync 1 DAGs
[2023-12-20T22:44:08.200+0000] {logging_mixin.py:188} INFO - [2023-12-20T22:44:08.200+0000] {dag.py:3820} INFO - Setting next_dagrun for example_branch_dop_operator_v3 to 2023-12-20T22:43:00+00:00, run_after=2023-12-20T22:44:00+00:00
[2023-12-20T22:44:08.215+0000] {processor.py:183} INFO - Processing /home/airflow/.local/lib/python3.8/site-packages/airflow/example_dags/example_branch_python_dop_operator_3.py took 0.078 seconds
[2023-12-20T22:44:38.297+0000] {processor.py:161} INFO - Started process (PID=736) to work on /home/airflow/.local/lib/python3.8/site-packages/airflow/example_dags/example_branch_python_dop_operator_3.py
[2023-12-20T22:44:38.299+0000] {processor.py:830} INFO - Processing file /home/airflow/.local/lib/python3.8/site-packages/airflow/example_dags/example_branch_python_dop_operator_3.py for tasks to queue
[2023-12-20T22:44:38.302+0000] {logging_mixin.py:188} INFO - [2023-12-20T22:44:38.301+0000] {dagbag.py:538} INFO - Filling up the DagBag from /home/airflow/.local/lib/python3.8/site-packages/airflow/example_dags/example_branch_python_dop_operator_3.py
[2023-12-20T22:44:38.311+0000] {processor.py:840} INFO - DAG(s) 'example_branch_dop_operator_v3' retrieved from /home/airflow/.local/lib/python3.8/site-packages/airflow/example_dags/example_branch_python_dop_operator_3.py
[2023-12-20T22:44:38.334+0000] {logging_mixin.py:188} INFO - [2023-12-20T22:44:38.334+0000] {dag.py:3033} INFO - Sync 1 DAGs
[2023-12-20T22:44:38.355+0000] {logging_mixin.py:188} INFO - [2023-12-20T22:44:38.355+0000] {dag.py:3820} INFO - Setting next_dagrun for example_branch_dop_operator_v3 to 2023-12-20T22:43:00+00:00, run_after=2023-12-20T22:44:00+00:00
[2023-12-20T22:44:38.368+0000] {processor.py:183} INFO - Processing /home/airflow/.local/lib/python3.8/site-packages/airflow/example_dags/example_branch_python_dop_operator_3.py took 0.076 seconds
[2023-12-20T22:45:08.839+0000] {processor.py:161} INFO - Started process (PID=791) to work on /home/airflow/.local/lib/python3.8/site-packages/airflow/example_dags/example_branch_python_dop_operator_3.py
[2023-12-20T22:45:08.842+0000] {processor.py:830} INFO - Processing file /home/airflow/.local/lib/python3.8/site-packages/airflow/example_dags/example_branch_python_dop_operator_3.py for tasks to queue
[2023-12-20T22:45:08.845+0000] {logging_mixin.py:188} INFO - [2023-12-20T22:45:08.845+0000] {dagbag.py:538} INFO - Filling up the DagBag from /home/airflow/.local/lib/python3.8/site-packages/airflow/example_dags/example_branch_python_dop_operator_3.py
[2023-12-20T22:45:08.856+0000] {processor.py:840} INFO - DAG(s) 'example_branch_dop_operator_v3' retrieved from /home/airflow/.local/lib/python3.8/site-packages/airflow/example_dags/example_branch_python_dop_operator_3.py
[2023-12-20T22:45:08.878+0000] {logging_mixin.py:188} INFO - [2023-12-20T22:45:08.878+0000] {dag.py:3033} INFO - Sync 1 DAGs
[2023-12-20T22:45:08.899+0000] {logging_mixin.py:188} INFO - [2023-12-20T22:45:08.898+0000] {dag.py:3820} INFO - Setting next_dagrun for example_branch_dop_operator_v3 to 2023-12-20T22:44:00+00:00, run_after=2023-12-20T22:45:00+00:00
[2023-12-20T22:45:08.912+0000] {processor.py:183} INFO - Processing /home/airflow/.local/lib/python3.8/site-packages/airflow/example_dags/example_branch_python_dop_operator_3.py took 0.078 seconds
[2023-12-20T22:45:39.272+0000] {processor.py:161} INFO - Started process (PID=847) to work on /home/airflow/.local/lib/python3.8/site-packages/airflow/example_dags/example_branch_python_dop_operator_3.py
[2023-12-20T22:45:39.276+0000] {processor.py:830} INFO - Processing file /home/airflow/.local/lib/python3.8/site-packages/airflow/example_dags/example_branch_python_dop_operator_3.py for tasks to queue
[2023-12-20T22:45:39.280+0000] {logging_mixin.py:188} INFO - [2023-12-20T22:45:39.280+0000] {dagbag.py:538} INFO - Filling up the DagBag from /home/airflow/.local/lib/python3.8/site-packages/airflow/example_dags/example_branch_python_dop_operator_3.py
[2023-12-20T22:45:39.291+0000] {processor.py:840} INFO - DAG(s) 'example_branch_dop_operator_v3' retrieved from /home/airflow/.local/lib/python3.8/site-packages/airflow/example_dags/example_branch_python_dop_operator_3.py
[2023-12-20T22:45:39.317+0000] {logging_mixin.py:188} INFO - [2023-12-20T22:45:39.317+0000] {dag.py:3033} INFO - Sync 1 DAGs
[2023-12-20T22:45:39.337+0000] {logging_mixin.py:188} INFO - [2023-12-20T22:45:39.337+0000] {dag.py:3820} INFO - Setting next_dagrun for example_branch_dop_operator_v3 to 2023-12-20T22:44:00+00:00, run_after=2023-12-20T22:45:00+00:00
[2023-12-20T22:45:39.350+0000] {processor.py:183} INFO - Processing /home/airflow/.local/lib/python3.8/site-packages/airflow/example_dags/example_branch_python_dop_operator_3.py took 0.084 seconds
[2023-12-20T22:46:10.026+0000] {processor.py:161} INFO - Started process (PID=902) to work on /home/airflow/.local/lib/python3.8/site-packages/airflow/example_dags/example_branch_python_dop_operator_3.py
[2023-12-20T22:46:10.028+0000] {processor.py:830} INFO - Processing file /home/airflow/.local/lib/python3.8/site-packages/airflow/example_dags/example_branch_python_dop_operator_3.py for tasks to queue
[2023-12-20T22:46:10.031+0000] {logging_mixin.py:188} INFO - [2023-12-20T22:46:10.031+0000] {dagbag.py:538} INFO - Filling up the DagBag from /home/airflow/.local/lib/python3.8/site-packages/airflow/example_dags/example_branch_python_dop_operator_3.py
[2023-12-20T22:46:10.041+0000] {processor.py:840} INFO - DAG(s) 'example_branch_dop_operator_v3' retrieved from /home/airflow/.local/lib/python3.8/site-packages/airflow/example_dags/example_branch_python_dop_operator_3.py
[2023-12-20T22:46:10.064+0000] {logging_mixin.py:188} INFO - [2023-12-20T22:46:10.064+0000] {dag.py:3033} INFO - Sync 1 DAGs
[2023-12-20T22:46:10.085+0000] {logging_mixin.py:188} INFO - [2023-12-20T22:46:10.085+0000] {dag.py:3820} INFO - Setting next_dagrun for example_branch_dop_operator_v3 to 2023-12-20T22:45:00+00:00, run_after=2023-12-20T22:46:00+00:00
[2023-12-20T22:46:10.098+0000] {processor.py:183} INFO - Processing /home/airflow/.local/lib/python3.8/site-packages/airflow/example_dags/example_branch_python_dop_operator_3.py took 0.077 seconds
[2023-12-20T22:46:41.023+0000] {processor.py:161} INFO - Started process (PID=957) to work on /home/airflow/.local/lib/python3.8/site-packages/airflow/example_dags/example_branch_python_dop_operator_3.py
[2023-12-20T22:46:41.025+0000] {processor.py:830} INFO - Processing file /home/airflow/.local/lib/python3.8/site-packages/airflow/example_dags/example_branch_python_dop_operator_3.py for tasks to queue
[2023-12-20T22:46:41.029+0000] {logging_mixin.py:188} INFO - [2023-12-20T22:46:41.029+0000] {dagbag.py:538} INFO - Filling up the DagBag from /home/airflow/.local/lib/python3.8/site-packages/airflow/example_dags/example_branch_python_dop_operator_3.py
[2023-12-20T22:46:41.042+0000] {processor.py:840} INFO - DAG(s) 'example_branch_dop_operator_v3' retrieved from /home/airflow/.local/lib/python3.8/site-packages/airflow/example_dags/example_branch_python_dop_operator_3.py
[2023-12-20T22:46:41.072+0000] {logging_mixin.py:188} INFO - [2023-12-20T22:46:41.072+0000] {dag.py:3033} INFO - Sync 1 DAGs
[2023-12-20T22:46:41.103+0000] {logging_mixin.py:188} INFO - [2023-12-20T22:46:41.103+0000] {dag.py:3820} INFO - Setting next_dagrun for example_branch_dop_operator_v3 to 2023-12-20T22:45:00+00:00, run_after=2023-12-20T22:46:00+00:00
[2023-12-20T22:46:41.122+0000] {processor.py:183} INFO - Processing /home/airflow/.local/lib/python3.8/site-packages/airflow/example_dags/example_branch_python_dop_operator_3.py took 0.107 seconds
[2023-12-20T22:47:11.860+0000] {processor.py:161} INFO - Started process (PID=1012) to work on /home/airflow/.local/lib/python3.8/site-packages/airflow/example_dags/example_branch_python_dop_operator_3.py
[2023-12-20T22:47:11.862+0000] {processor.py:830} INFO - Processing file /home/airflow/.local/lib/python3.8/site-packages/airflow/example_dags/example_branch_python_dop_operator_3.py for tasks to queue
[2023-12-20T22:47:11.865+0000] {logging_mixin.py:188} INFO - [2023-12-20T22:47:11.864+0000] {dagbag.py:538} INFO - Filling up the DagBag from /home/airflow/.local/lib/python3.8/site-packages/airflow/example_dags/example_branch_python_dop_operator_3.py
[2023-12-20T22:47:11.875+0000] {processor.py:840} INFO - DAG(s) 'example_branch_dop_operator_v3' retrieved from /home/airflow/.local/lib/python3.8/site-packages/airflow/example_dags/example_branch_python_dop_operator_3.py
[2023-12-20T22:47:11.899+0000] {logging_mixin.py:188} INFO - [2023-12-20T22:47:11.899+0000] {dag.py:3033} INFO - Sync 1 DAGs
[2023-12-20T22:47:11.923+0000] {logging_mixin.py:188} INFO - [2023-12-20T22:47:11.923+0000] {dag.py:3820} INFO - Setting next_dagrun for example_branch_dop_operator_v3 to 2023-12-20T22:46:00+00:00, run_after=2023-12-20T22:47:00+00:00
[2023-12-20T22:47:11.937+0000] {processor.py:183} INFO - Processing /home/airflow/.local/lib/python3.8/site-packages/airflow/example_dags/example_branch_python_dop_operator_3.py took 0.082 seconds
[2023-12-20T22:47:42.306+0000] {processor.py:161} INFO - Started process (PID=1067) to work on /home/airflow/.local/lib/python3.8/site-packages/airflow/example_dags/example_branch_python_dop_operator_3.py
[2023-12-20T22:47:42.309+0000] {processor.py:830} INFO - Processing file /home/airflow/.local/lib/python3.8/site-packages/airflow/example_dags/example_branch_python_dop_operator_3.py for tasks to queue
[2023-12-20T22:47:42.312+0000] {logging_mixin.py:188} INFO - [2023-12-20T22:47:42.311+0000] {dagbag.py:538} INFO - Filling up the DagBag from /home/airflow/.local/lib/python3.8/site-packages/airflow/example_dags/example_branch_python_dop_operator_3.py
[2023-12-20T22:47:42.321+0000] {processor.py:840} INFO - DAG(s) 'example_branch_dop_operator_v3' retrieved from /home/airflow/.local/lib/python3.8/site-packages/airflow/example_dags/example_branch_python_dop_operator_3.py
[2023-12-20T22:47:42.344+0000] {logging_mixin.py:188} INFO - [2023-12-20T22:47:42.344+0000] {dag.py:3033} INFO - Sync 1 DAGs
[2023-12-20T22:47:42.365+0000] {logging_mixin.py:188} INFO - [2023-12-20T22:47:42.365+0000] {dag.py:3820} INFO - Setting next_dagrun for example_branch_dop_operator_v3 to 2023-12-20T22:46:00+00:00, run_after=2023-12-20T22:47:00+00:00
[2023-12-20T22:47:42.380+0000] {processor.py:183} INFO - Processing /home/airflow/.local/lib/python3.8/site-packages/airflow/example_dags/example_branch_python_dop_operator_3.py took 0.079 seconds
[2023-12-20T22:48:13.171+0000] {processor.py:161} INFO - Started process (PID=1121) to work on /home/airflow/.local/lib/python3.8/site-packages/airflow/example_dags/example_branch_python_dop_operator_3.py
[2023-12-20T22:48:13.174+0000] {processor.py:830} INFO - Processing file /home/airflow/.local/lib/python3.8/site-packages/airflow/example_dags/example_branch_python_dop_operator_3.py for tasks to queue
[2023-12-20T22:48:13.177+0000] {logging_mixin.py:188} INFO - [2023-12-20T22:48:13.177+0000] {dagbag.py:538} INFO - Filling up the DagBag from /home/airflow/.local/lib/python3.8/site-packages/airflow/example_dags/example_branch_python_dop_operator_3.py
[2023-12-20T22:48:13.189+0000] {processor.py:840} INFO - DAG(s) 'example_branch_dop_operator_v3' retrieved from /home/airflow/.local/lib/python3.8/site-packages/airflow/example_dags/example_branch_python_dop_operator_3.py
[2023-12-20T22:48:13.213+0000] {logging_mixin.py:188} INFO - [2023-12-20T22:48:13.213+0000] {dag.py:3033} INFO - Sync 1 DAGs
[2023-12-20T22:48:13.236+0000] {logging_mixin.py:188} INFO - [2023-12-20T22:48:13.236+0000] {dag.py:3820} INFO - Setting next_dagrun for example_branch_dop_operator_v3 to 2023-12-20T22:47:00+00:00, run_after=2023-12-20T22:48:00+00:00
[2023-12-20T22:48:13.250+0000] {processor.py:183} INFO - Processing /home/airflow/.local/lib/python3.8/site-packages/airflow/example_dags/example_branch_python_dop_operator_3.py took 0.085 seconds
[2023-12-20T22:48:43.472+0000] {processor.py:161} INFO - Started process (PID=1176) to work on /home/airflow/.local/lib/python3.8/site-packages/airflow/example_dags/example_branch_python_dop_operator_3.py
[2023-12-20T22:48:43.474+0000] {processor.py:830} INFO - Processing file /home/airflow/.local/lib/python3.8/site-packages/airflow/example_dags/example_branch_python_dop_operator_3.py for tasks to queue
[2023-12-20T22:48:43.476+0000] {logging_mixin.py:188} INFO - [2023-12-20T22:48:43.476+0000] {dagbag.py:538} INFO - Filling up the DagBag from /home/airflow/.local/lib/python3.8/site-packages/airflow/example_dags/example_branch_python_dop_operator_3.py
[2023-12-20T22:48:43.486+0000] {processor.py:840} INFO - DAG(s) 'example_branch_dop_operator_v3' retrieved from /home/airflow/.local/lib/python3.8/site-packages/airflow/example_dags/example_branch_python_dop_operator_3.py
[2023-12-20T22:48:43.509+0000] {logging_mixin.py:188} INFO - [2023-12-20T22:48:43.509+0000] {dag.py:3033} INFO - Sync 1 DAGs
[2023-12-20T22:48:43.529+0000] {logging_mixin.py:188} INFO - [2023-12-20T22:48:43.529+0000] {dag.py:3820} INFO - Setting next_dagrun for example_branch_dop_operator_v3 to 2023-12-20T22:47:00+00:00, run_after=2023-12-20T22:48:00+00:00
[2023-12-20T22:48:43.541+0000] {processor.py:183} INFO - Processing /home/airflow/.local/lib/python3.8/site-packages/airflow/example_dags/example_branch_python_dop_operator_3.py took 0.074 seconds
[2023-12-20T22:49:13.718+0000] {processor.py:161} INFO - Started process (PID=1230) to work on /home/airflow/.local/lib/python3.8/site-packages/airflow/example_dags/example_branch_python_dop_operator_3.py
[2023-12-20T22:49:13.720+0000] {processor.py:830} INFO - Processing file /home/airflow/.local/lib/python3.8/site-packages/airflow/example_dags/example_branch_python_dop_operator_3.py for tasks to queue
[2023-12-20T22:49:13.723+0000] {logging_mixin.py:188} INFO - [2023-12-20T22:49:13.723+0000] {dagbag.py:538} INFO - Filling up the DagBag from /home/airflow/.local/lib/python3.8/site-packages/airflow/example_dags/example_branch_python_dop_operator_3.py
[2023-12-20T22:49:13.733+0000] {processor.py:840} INFO - DAG(s) 'example_branch_dop_operator_v3' retrieved from /home/airflow/.local/lib/python3.8/site-packages/airflow/example_dags/example_branch_python_dop_operator_3.py
[2023-12-20T22:49:13.757+0000] {logging_mixin.py:188} INFO - [2023-12-20T22:49:13.757+0000] {dag.py:3033} INFO - Sync 1 DAGs
[2023-12-20T22:49:13.806+0000] {logging_mixin.py:188} INFO - [2023-12-20T22:49:13.806+0000] {dag.py:3820} INFO - Setting next_dagrun for example_branch_dop_operator_v3 to 2023-12-20T22:48:00+00:00, run_after=2023-12-20T22:49:00+00:00
[2023-12-20T22:49:13.831+0000] {processor.py:183} INFO - Processing /home/airflow/.local/lib/python3.8/site-packages/airflow/example_dags/example_branch_python_dop_operator_3.py took 0.117 seconds
[2023-12-20T22:49:44.575+0000] {processor.py:161} INFO - Started process (PID=1284) to work on /home/airflow/.local/lib/python3.8/site-packages/airflow/example_dags/example_branch_python_dop_operator_3.py
[2023-12-20T22:49:44.579+0000] {processor.py:830} INFO - Processing file /home/airflow/.local/lib/python3.8/site-packages/airflow/example_dags/example_branch_python_dop_operator_3.py for tasks to queue
[2023-12-20T22:49:44.586+0000] {logging_mixin.py:188} INFO - [2023-12-20T22:49:44.585+0000] {dagbag.py:538} INFO - Filling up the DagBag from /home/airflow/.local/lib/python3.8/site-packages/airflow/example_dags/example_branch_python_dop_operator_3.py
[2023-12-20T22:49:44.628+0000] {processor.py:840} INFO - DAG(s) 'example_branch_dop_operator_v3' retrieved from /home/airflow/.local/lib/python3.8/site-packages/airflow/example_dags/example_branch_python_dop_operator_3.py
[2023-12-20T22:49:44.746+0000] {logging_mixin.py:188} INFO - [2023-12-20T22:49:44.745+0000] {dag.py:3033} INFO - Sync 1 DAGs
[2023-12-20T22:49:44.861+0000] {logging_mixin.py:188} INFO - [2023-12-20T22:49:44.859+0000] {dag.py:3820} INFO - Setting next_dagrun for example_branch_dop_operator_v3 to 2023-12-20T22:48:00+00:00, run_after=2023-12-20T22:49:00+00:00
[2023-12-20T22:49:45.063+0000] {processor.py:183} INFO - Processing /home/airflow/.local/lib/python3.8/site-packages/airflow/example_dags/example_branch_python_dop_operator_3.py took 0.495 seconds
[2023-12-20T22:50:15.888+0000] {processor.py:161} INFO - Started process (PID=1344) to work on /home/airflow/.local/lib/python3.8/site-packages/airflow/example_dags/example_branch_python_dop_operator_3.py
[2023-12-20T22:50:15.891+0000] {processor.py:830} INFO - Processing file /home/airflow/.local/lib/python3.8/site-packages/airflow/example_dags/example_branch_python_dop_operator_3.py for tasks to queue
[2023-12-20T22:50:15.898+0000] {logging_mixin.py:188} INFO - [2023-12-20T22:50:15.897+0000] {dagbag.py:538} INFO - Filling up the DagBag from /home/airflow/.local/lib/python3.8/site-packages/airflow/example_dags/example_branch_python_dop_operator_3.py
[2023-12-20T22:50:15.918+0000] {processor.py:840} INFO - DAG(s) 'example_branch_dop_operator_v3' retrieved from /home/airflow/.local/lib/python3.8/site-packages/airflow/example_dags/example_branch_python_dop_operator_3.py
[2023-12-20T22:50:15.959+0000] {logging_mixin.py:188} INFO - [2023-12-20T22:50:15.959+0000] {dag.py:3033} INFO - Sync 1 DAGs
[2023-12-20T22:50:15.988+0000] {logging_mixin.py:188} INFO - [2023-12-20T22:50:15.988+0000] {dag.py:3820} INFO - Setting next_dagrun for example_branch_dop_operator_v3 to 2023-12-20T22:49:00+00:00, run_after=2023-12-20T22:50:00+00:00
[2023-12-20T22:50:16.002+0000] {processor.py:183} INFO - Processing /home/airflow/.local/lib/python3.8/site-packages/airflow/example_dags/example_branch_python_dop_operator_3.py took 0.123 seconds
[2023-12-20T22:50:46.073+0000] {processor.py:161} INFO - Started process (PID=1399) to work on /home/airflow/.local/lib/python3.8/site-packages/airflow/example_dags/example_branch_python_dop_operator_3.py
[2023-12-20T22:50:46.076+0000] {processor.py:830} INFO - Processing file /home/airflow/.local/lib/python3.8/site-packages/airflow/example_dags/example_branch_python_dop_operator_3.py for tasks to queue
[2023-12-20T22:50:46.080+0000] {logging_mixin.py:188} INFO - [2023-12-20T22:50:46.079+0000] {dagbag.py:538} INFO - Filling up the DagBag from /home/airflow/.local/lib/python3.8/site-packages/airflow/example_dags/example_branch_python_dop_operator_3.py
[2023-12-20T22:50:46.097+0000] {processor.py:840} INFO - DAG(s) 'example_branch_dop_operator_v3' retrieved from /home/airflow/.local/lib/python3.8/site-packages/airflow/example_dags/example_branch_python_dop_operator_3.py
[2023-12-20T22:50:46.142+0000] {logging_mixin.py:188} INFO - [2023-12-20T22:50:46.142+0000] {dag.py:3033} INFO - Sync 1 DAGs
[2023-12-20T22:50:46.171+0000] {logging_mixin.py:188} INFO - [2023-12-20T22:50:46.171+0000] {dag.py:3820} INFO - Setting next_dagrun for example_branch_dop_operator_v3 to 2023-12-20T22:49:00+00:00, run_after=2023-12-20T22:50:00+00:00
[2023-12-20T22:50:46.189+0000] {processor.py:183} INFO - Processing /home/airflow/.local/lib/python3.8/site-packages/airflow/example_dags/example_branch_python_dop_operator_3.py took 0.127 seconds
[2023-12-20T22:51:16.279+0000] {processor.py:161} INFO - Started process (PID=1454) to work on /home/airflow/.local/lib/python3.8/site-packages/airflow/example_dags/example_branch_python_dop_operator_3.py
[2023-12-20T22:51:16.281+0000] {processor.py:830} INFO - Processing file /home/airflow/.local/lib/python3.8/site-packages/airflow/example_dags/example_branch_python_dop_operator_3.py for tasks to queue
[2023-12-20T22:51:16.285+0000] {logging_mixin.py:188} INFO - [2023-12-20T22:51:16.285+0000] {dagbag.py:538} INFO - Filling up the DagBag from /home/airflow/.local/lib/python3.8/site-packages/airflow/example_dags/example_branch_python_dop_operator_3.py
[2023-12-20T22:51:16.303+0000] {processor.py:840} INFO - DAG(s) 'example_branch_dop_operator_v3' retrieved from /home/airflow/.local/lib/python3.8/site-packages/airflow/example_dags/example_branch_python_dop_operator_3.py
[2023-12-20T22:51:16.334+0000] {logging_mixin.py:188} INFO - [2023-12-20T22:51:16.334+0000] {dag.py:3033} INFO - Sync 1 DAGs
[2023-12-20T22:51:16.367+0000] {logging_mixin.py:188} INFO - [2023-12-20T22:51:16.367+0000] {dag.py:3820} INFO - Setting next_dagrun for example_branch_dop_operator_v3 to 2023-12-20T22:50:00+00:00, run_after=2023-12-20T22:51:00+00:00
[2023-12-20T22:51:16.393+0000] {processor.py:183} INFO - Processing /home/airflow/.local/lib/python3.8/site-packages/airflow/example_dags/example_branch_python_dop_operator_3.py took 0.123 seconds
[2023-12-20T22:51:46.908+0000] {processor.py:161} INFO - Started process (PID=1509) to work on /home/airflow/.local/lib/python3.8/site-packages/airflow/example_dags/example_branch_python_dop_operator_3.py
[2023-12-20T22:51:46.910+0000] {processor.py:830} INFO - Processing file /home/airflow/.local/lib/python3.8/site-packages/airflow/example_dags/example_branch_python_dop_operator_3.py for tasks to queue
[2023-12-20T22:51:46.913+0000] {logging_mixin.py:188} INFO - [2023-12-20T22:51:46.913+0000] {dagbag.py:538} INFO - Filling up the DagBag from /home/airflow/.local/lib/python3.8/site-packages/airflow/example_dags/example_branch_python_dop_operator_3.py
[2023-12-20T22:51:46.925+0000] {processor.py:840} INFO - DAG(s) 'example_branch_dop_operator_v3' retrieved from /home/airflow/.local/lib/python3.8/site-packages/airflow/example_dags/example_branch_python_dop_operator_3.py
[2023-12-20T22:51:46.952+0000] {logging_mixin.py:188} INFO - [2023-12-20T22:51:46.952+0000] {dag.py:3033} INFO - Sync 1 DAGs
[2023-12-20T22:51:46.979+0000] {logging_mixin.py:188} INFO - [2023-12-20T22:51:46.979+0000] {dag.py:3820} INFO - Setting next_dagrun for example_branch_dop_operator_v3 to 2023-12-20T22:50:00+00:00, run_after=2023-12-20T22:51:00+00:00
[2023-12-20T22:51:46.996+0000] {processor.py:183} INFO - Processing /home/airflow/.local/lib/python3.8/site-packages/airflow/example_dags/example_branch_python_dop_operator_3.py took 0.093 seconds
[2023-12-20T22:52:17.147+0000] {processor.py:161} INFO - Started process (PID=1564) to work on /home/airflow/.local/lib/python3.8/site-packages/airflow/example_dags/example_branch_python_dop_operator_3.py
[2023-12-20T22:52:17.151+0000] {processor.py:830} INFO - Processing file /home/airflow/.local/lib/python3.8/site-packages/airflow/example_dags/example_branch_python_dop_operator_3.py for tasks to queue
[2023-12-20T22:52:17.160+0000] {logging_mixin.py:188} INFO - [2023-12-20T22:52:17.159+0000] {dagbag.py:538} INFO - Filling up the DagBag from /home/airflow/.local/lib/python3.8/site-packages/airflow/example_dags/example_branch_python_dop_operator_3.py
[2023-12-20T22:52:17.182+0000] {processor.py:840} INFO - DAG(s) 'example_branch_dop_operator_v3' retrieved from /home/airflow/.local/lib/python3.8/site-packages/airflow/example_dags/example_branch_python_dop_operator_3.py
[2023-12-20T22:52:17.228+0000] {logging_mixin.py:188} INFO - [2023-12-20T22:52:17.228+0000] {dag.py:3033} INFO - Sync 1 DAGs
[2023-12-20T22:52:17.284+0000] {logging_mixin.py:188} INFO - [2023-12-20T22:52:17.284+0000] {dag.py:3820} INFO - Setting next_dagrun for example_branch_dop_operator_v3 to 2023-12-20T22:51:00+00:00, run_after=2023-12-20T22:52:00+00:00
[2023-12-20T22:52:17.308+0000] {processor.py:183} INFO - Processing /home/airflow/.local/lib/python3.8/site-packages/airflow/example_dags/example_branch_python_dop_operator_3.py took 0.178 seconds
[2023-12-20T22:52:47.606+0000] {processor.py:161} INFO - Started process (PID=1619) to work on /home/airflow/.local/lib/python3.8/site-packages/airflow/example_dags/example_branch_python_dop_operator_3.py
[2023-12-20T22:52:47.608+0000] {processor.py:830} INFO - Processing file /home/airflow/.local/lib/python3.8/site-packages/airflow/example_dags/example_branch_python_dop_operator_3.py for tasks to queue
[2023-12-20T22:52:47.614+0000] {logging_mixin.py:188} INFO - [2023-12-20T22:52:47.614+0000] {dagbag.py:538} INFO - Filling up the DagBag from /home/airflow/.local/lib/python3.8/site-packages/airflow/example_dags/example_branch_python_dop_operator_3.py
[2023-12-20T22:52:47.641+0000] {processor.py:840} INFO - DAG(s) 'example_branch_dop_operator_v3' retrieved from /home/airflow/.local/lib/python3.8/site-packages/airflow/example_dags/example_branch_python_dop_operator_3.py
[2023-12-20T22:52:47.683+0000] {logging_mixin.py:188} INFO - [2023-12-20T22:52:47.682+0000] {dag.py:3033} INFO - Sync 1 DAGs
[2023-12-20T22:52:47.710+0000] {logging_mixin.py:188} INFO - [2023-12-20T22:52:47.710+0000] {dag.py:3820} INFO - Setting next_dagrun for example_branch_dop_operator_v3 to 2023-12-20T22:51:00+00:00, run_after=2023-12-20T22:52:00+00:00
[2023-12-20T22:52:47.723+0000] {processor.py:183} INFO - Processing /home/airflow/.local/lib/python3.8/site-packages/airflow/example_dags/example_branch_python_dop_operator_3.py took 0.124 seconds
[2023-12-20T22:53:18.139+0000] {processor.py:161} INFO - Started process (PID=1675) to work on /home/airflow/.local/lib/python3.8/site-packages/airflow/example_dags/example_branch_python_dop_operator_3.py
[2023-12-20T22:53:18.140+0000] {processor.py:830} INFO - Processing file /home/airflow/.local/lib/python3.8/site-packages/airflow/example_dags/example_branch_python_dop_operator_3.py for tasks to queue
[2023-12-20T22:53:18.143+0000] {logging_mixin.py:188} INFO - [2023-12-20T22:53:18.143+0000] {dagbag.py:538} INFO - Filling up the DagBag from /home/airflow/.local/lib/python3.8/site-packages/airflow/example_dags/example_branch_python_dop_operator_3.py
[2023-12-20T22:53:18.154+0000] {processor.py:840} INFO - DAG(s) 'example_branch_dop_operator_v3' retrieved from /home/airflow/.local/lib/python3.8/site-packages/airflow/example_dags/example_branch_python_dop_operator_3.py
[2023-12-20T22:53:18.177+0000] {logging_mixin.py:188} INFO - [2023-12-20T22:53:18.177+0000] {dag.py:3033} INFO - Sync 1 DAGs
[2023-12-20T22:53:18.198+0000] {logging_mixin.py:188} INFO - [2023-12-20T22:53:18.198+0000] {dag.py:3820} INFO - Setting next_dagrun for example_branch_dop_operator_v3 to 2023-12-20T22:52:00+00:00, run_after=2023-12-20T22:53:00+00:00
[2023-12-20T22:53:18.213+0000] {processor.py:183} INFO - Processing /home/airflow/.local/lib/python3.8/site-packages/airflow/example_dags/example_branch_python_dop_operator_3.py took 0.079 seconds
[2023-12-20T22:53:48.827+0000] {processor.py:161} INFO - Started process (PID=1731) to work on /home/airflow/.local/lib/python3.8/site-packages/airflow/example_dags/example_branch_python_dop_operator_3.py
[2023-12-20T22:53:48.836+0000] {processor.py:830} INFO - Processing file /home/airflow/.local/lib/python3.8/site-packages/airflow/example_dags/example_branch_python_dop_operator_3.py for tasks to queue
[2023-12-20T22:53:48.843+0000] {logging_mixin.py:188} INFO - [2023-12-20T22:53:48.842+0000] {dagbag.py:538} INFO - Filling up the DagBag from /home/airflow/.local/lib/python3.8/site-packages/airflow/example_dags/example_branch_python_dop_operator_3.py
[2023-12-20T22:53:48.922+0000] {processor.py:840} INFO - DAG(s) 'example_branch_dop_operator_v3' retrieved from /home/airflow/.local/lib/python3.8/site-packages/airflow/example_dags/example_branch_python_dop_operator_3.py
[2023-12-20T22:53:49.112+0000] {logging_mixin.py:188} INFO - [2023-12-20T22:53:49.112+0000] {dag.py:3033} INFO - Sync 1 DAGs
[2023-12-20T22:53:49.335+0000] {logging_mixin.py:188} INFO - [2023-12-20T22:53:49.335+0000] {dag.py:3820} INFO - Setting next_dagrun for example_branch_dop_operator_v3 to 2023-12-20T22:52:00+00:00, run_after=2023-12-20T22:53:00+00:00
[2023-12-20T22:53:49.405+0000] {processor.py:183} INFO - Processing /home/airflow/.local/lib/python3.8/site-packages/airflow/example_dags/example_branch_python_dop_operator_3.py took 0.588 seconds
[2023-12-20T22:55:11.255+0000] {processor.py:161} INFO - Started process (PID=1812) to work on /home/airflow/.local/lib/python3.8/site-packages/airflow/example_dags/example_branch_python_dop_operator_3.py
[2023-12-20T22:55:11.281+0000] {processor.py:830} INFO - Processing file /home/airflow/.local/lib/python3.8/site-packages/airflow/example_dags/example_branch_python_dop_operator_3.py for tasks to queue
[2023-12-20T22:55:11.329+0000] {logging_mixin.py:188} INFO - [2023-12-20T22:55:11.328+0000] {dagbag.py:538} INFO - Filling up the DagBag from /home/airflow/.local/lib/python3.8/site-packages/airflow/example_dags/example_branch_python_dop_operator_3.py
[2023-12-20T22:55:11.532+0000] {processor.py:840} INFO - DAG(s) 'example_branch_dop_operator_v3' retrieved from /home/airflow/.local/lib/python3.8/site-packages/airflow/example_dags/example_branch_python_dop_operator_3.py
[2023-12-20T22:55:11.770+0000] {logging_mixin.py:188} INFO - [2023-12-20T22:55:11.762+0000] {dag.py:3033} INFO - Sync 1 DAGs
[2023-12-20T22:55:12.170+0000] {logging_mixin.py:188} INFO - [2023-12-20T22:55:12.160+0000] {dag.py:3820} INFO - Setting next_dagrun for example_branch_dop_operator_v3 to 2023-12-20T22:54:00+00:00, run_after=2023-12-20T22:55:00+00:00
[2023-12-20T22:55:12.350+0000] {processor.py:183} INFO - Processing /home/airflow/.local/lib/python3.8/site-packages/airflow/example_dags/example_branch_python_dop_operator_3.py took 1.121 seconds
[2023-12-20T22:56:06.115+0000] {processor.py:161} INFO - Started process (PID=1881) to work on /home/airflow/.local/lib/python3.8/site-packages/airflow/example_dags/example_branch_python_dop_operator_3.py
[2023-12-20T22:56:06.119+0000] {processor.py:830} INFO - Processing file /home/airflow/.local/lib/python3.8/site-packages/airflow/example_dags/example_branch_python_dop_operator_3.py for tasks to queue
[2023-12-20T22:56:06.134+0000] {logging_mixin.py:188} INFO - [2023-12-20T22:56:06.133+0000] {dagbag.py:538} INFO - Filling up the DagBag from /home/airflow/.local/lib/python3.8/site-packages/airflow/example_dags/example_branch_python_dop_operator_3.py
[2023-12-20T22:56:06.166+0000] {processor.py:840} INFO - DAG(s) 'example_branch_dop_operator_v3' retrieved from /home/airflow/.local/lib/python3.8/site-packages/airflow/example_dags/example_branch_python_dop_operator_3.py
[2023-12-20T22:56:06.259+0000] {logging_mixin.py:188} INFO - [2023-12-20T22:56:06.259+0000] {dag.py:3033} INFO - Sync 1 DAGs
[2023-12-20T22:56:06.428+0000] {logging_mixin.py:188} INFO - [2023-12-20T22:56:06.415+0000] {dag.py:3820} INFO - Setting next_dagrun for example_branch_dop_operator_v3 to 2023-12-20T22:55:00+00:00, run_after=2023-12-20T22:56:00+00:00
[2023-12-20T22:56:06.506+0000] {processor.py:183} INFO - Processing /home/airflow/.local/lib/python3.8/site-packages/airflow/example_dags/example_branch_python_dop_operator_3.py took 0.408 seconds
[2023-12-20T22:56:46.933+0000] {processor.py:161} INFO - Started process (PID=1945) to work on /home/airflow/.local/lib/python3.8/site-packages/airflow/example_dags/example_branch_python_dop_operator_3.py
[2023-12-20T22:56:46.938+0000] {processor.py:830} INFO - Processing file /home/airflow/.local/lib/python3.8/site-packages/airflow/example_dags/example_branch_python_dop_operator_3.py for tasks to queue
[2023-12-20T22:56:46.954+0000] {logging_mixin.py:188} INFO - [2023-12-20T22:56:46.951+0000] {dagbag.py:538} INFO - Filling up the DagBag from /home/airflow/.local/lib/python3.8/site-packages/airflow/example_dags/example_branch_python_dop_operator_3.py
[2023-12-20T22:56:46.996+0000] {processor.py:840} INFO - DAG(s) 'example_branch_dop_operator_v3' retrieved from /home/airflow/.local/lib/python3.8/site-packages/airflow/example_dags/example_branch_python_dop_operator_3.py
[2023-12-20T22:56:47.141+0000] {logging_mixin.py:188} INFO - [2023-12-20T22:56:47.140+0000] {dag.py:3033} INFO - Sync 1 DAGs
[2023-12-20T22:56:47.376+0000] {logging_mixin.py:188} INFO - [2023-12-20T22:56:47.372+0000] {dag.py:3820} INFO - Setting next_dagrun for example_branch_dop_operator_v3 to 2023-12-20T22:55:00+00:00, run_after=2023-12-20T22:56:00+00:00
[2023-12-20T22:56:47.422+0000] {processor.py:183} INFO - Processing /home/airflow/.local/lib/python3.8/site-packages/airflow/example_dags/example_branch_python_dop_operator_3.py took 0.511 seconds
[2023-12-20T22:58:58.865+0000] {processor.py:161} INFO - Started process (PID=2039) to work on /home/airflow/.local/lib/python3.8/site-packages/airflow/example_dags/example_branch_python_dop_operator_3.py
[2023-12-20T22:58:58.887+0000] {processor.py:830} INFO - Processing file /home/airflow/.local/lib/python3.8/site-packages/airflow/example_dags/example_branch_python_dop_operator_3.py for tasks to queue
[2023-12-20T22:58:58.924+0000] {logging_mixin.py:188} INFO - [2023-12-20T22:58:58.922+0000] {dagbag.py:538} INFO - Filling up the DagBag from /home/airflow/.local/lib/python3.8/site-packages/airflow/example_dags/example_branch_python_dop_operator_3.py
[2023-12-20T22:58:59.193+0000] {processor.py:840} INFO - DAG(s) 'example_branch_dop_operator_v3' retrieved from /home/airflow/.local/lib/python3.8/site-packages/airflow/example_dags/example_branch_python_dop_operator_3.py
[2023-12-20T22:58:59.439+0000] {logging_mixin.py:188} INFO - [2023-12-20T22:58:59.439+0000] {dag.py:3033} INFO - Sync 1 DAGs
[2023-12-20T22:59:08.810+0000] {logging_mixin.py:188} INFO - [2023-12-20T22:59:08.690+0000] {dag.py:3820} INFO - Setting next_dagrun for example_branch_dop_operator_v3 to 2023-12-20T22:58:00+00:00, run_after=2023-12-20T22:59:00+00:00
[2023-12-20T22:59:09.513+0000] {processor.py:183} INFO - Processing /home/airflow/.local/lib/python3.8/site-packages/airflow/example_dags/example_branch_python_dop_operator_3.py took 10.633 seconds
[2023-12-20T23:01:26.591+0000] {processor.py:161} INFO - Started process (PID=2142) to work on /home/airflow/.local/lib/python3.8/site-packages/airflow/example_dags/example_branch_python_dop_operator_3.py
[2023-12-20T23:01:26.606+0000] {processor.py:830} INFO - Processing file /home/airflow/.local/lib/python3.8/site-packages/airflow/example_dags/example_branch_python_dop_operator_3.py for tasks to queue
[2023-12-20T23:01:26.623+0000] {logging_mixin.py:188} INFO - [2023-12-20T23:01:26.621+0000] {dagbag.py:538} INFO - Filling up the DagBag from /home/airflow/.local/lib/python3.8/site-packages/airflow/example_dags/example_branch_python_dop_operator_3.py
[2023-12-20T23:01:26.704+0000] {processor.py:840} INFO - DAG(s) 'example_branch_dop_operator_v3' retrieved from /home/airflow/.local/lib/python3.8/site-packages/airflow/example_dags/example_branch_python_dop_operator_3.py
[2023-12-20T23:01:26.835+0000] {logging_mixin.py:188} INFO - [2023-12-20T23:01:26.834+0000] {dag.py:3033} INFO - Sync 1 DAGs
[2023-12-20T23:01:27.013+0000] {logging_mixin.py:188} INFO - [2023-12-20T23:01:27.012+0000] {dag.py:3820} INFO - Setting next_dagrun for example_branch_dop_operator_v3 to 2023-12-20T23:00:00+00:00, run_after=2023-12-20T23:01:00+00:00
[2023-12-20T23:01:27.190+0000] {processor.py:183} INFO - Processing /home/airflow/.local/lib/python3.8/site-packages/airflow/example_dags/example_branch_python_dop_operator_3.py took 0.635 seconds
[2023-12-20T23:02:40.467+0000] {processor.py:161} INFO - Started process (PID=2212) to work on /home/airflow/.local/lib/python3.8/site-packages/airflow/example_dags/example_branch_python_dop_operator_3.py
[2023-12-20T23:02:40.475+0000] {processor.py:830} INFO - Processing file /home/airflow/.local/lib/python3.8/site-packages/airflow/example_dags/example_branch_python_dop_operator_3.py for tasks to queue
[2023-12-20T23:02:40.506+0000] {logging_mixin.py:188} INFO - [2023-12-20T23:02:40.502+0000] {dagbag.py:538} INFO - Filling up the DagBag from /home/airflow/.local/lib/python3.8/site-packages/airflow/example_dags/example_branch_python_dop_operator_3.py
[2023-12-20T23:02:43.366+0000] {processor.py:840} INFO - DAG(s) 'example_branch_dop_operator_v3' retrieved from /home/airflow/.local/lib/python3.8/site-packages/airflow/example_dags/example_branch_python_dop_operator_3.py
[2023-12-20T23:02:43.613+0000] {logging_mixin.py:188} INFO - [2023-12-20T23:02:43.612+0000] {dag.py:3033} INFO - Sync 1 DAGs
[2023-12-20T23:02:43.803+0000] {logging_mixin.py:188} INFO - [2023-12-20T23:02:43.803+0000] {dag.py:3820} INFO - Setting next_dagrun for example_branch_dop_operator_v3 to 2023-12-20T23:01:00+00:00, run_after=2023-12-20T23:02:00+00:00
[2023-12-20T23:02:43.908+0000] {processor.py:183} INFO - Processing /home/airflow/.local/lib/python3.8/site-packages/airflow/example_dags/example_branch_python_dop_operator_3.py took 3.462 seconds
[2023-12-20T23:03:51.893+0000] {processor.py:161} INFO - Started process (PID=2285) to work on /home/airflow/.local/lib/python3.8/site-packages/airflow/example_dags/example_branch_python_dop_operator_3.py
[2023-12-20T23:03:51.912+0000] {processor.py:830} INFO - Processing file /home/airflow/.local/lib/python3.8/site-packages/airflow/example_dags/example_branch_python_dop_operator_3.py for tasks to queue
[2023-12-20T23:03:51.950+0000] {logging_mixin.py:188} INFO - [2023-12-20T23:03:51.946+0000] {dagbag.py:538} INFO - Filling up the DagBag from /home/airflow/.local/lib/python3.8/site-packages/airflow/example_dags/example_branch_python_dop_operator_3.py
[2023-12-20T23:03:52.161+0000] {processor.py:840} INFO - DAG(s) 'example_branch_dop_operator_v3' retrieved from /home/airflow/.local/lib/python3.8/site-packages/airflow/example_dags/example_branch_python_dop_operator_3.py
[2023-12-20T23:03:52.761+0000] {logging_mixin.py:188} INFO - [2023-12-20T23:03:52.752+0000] {dag.py:3033} INFO - Sync 1 DAGs
[2023-12-20T23:03:53.233+0000] {logging_mixin.py:188} INFO - [2023-12-20T23:03:53.232+0000] {dag.py:3820} INFO - Setting next_dagrun for example_branch_dop_operator_v3 to 2023-12-20T23:02:00+00:00, run_after=2023-12-20T23:03:00+00:00
[2023-12-20T23:03:53.684+0000] {processor.py:183} INFO - Processing /home/airflow/.local/lib/python3.8/site-packages/airflow/example_dags/example_branch_python_dop_operator_3.py took 1.821 seconds
