[2023-12-20T22:38:21.611+0000] {processor.py:161} INFO - Started process (PID=53) to work on /home/airflow/.local/lib/python3.8/site-packages/airflow/example_dags/example_short_circuit_decorator.py
[2023-12-20T22:38:21.656+0000] {processor.py:830} INFO - Processing file /home/airflow/.local/lib/python3.8/site-packages/airflow/example_dags/example_short_circuit_decorator.py for tasks to queue
[2023-12-20T22:38:21.794+0000] {logging_mixin.py:188} INFO - [2023-12-20T22:38:21.791+0000] {dagbag.py:538} INFO - Filling up the DagBag from /home/airflow/.local/lib/python3.8/site-packages/airflow/example_dags/example_short_circuit_decorator.py
[2023-12-20T22:38:22.016+0000] {processor.py:840} INFO - DAG(s) 'example_short_circuit_decorator' retrieved from /home/airflow/.local/lib/python3.8/site-packages/airflow/example_dags/example_short_circuit_decorator.py
[2023-12-20T22:38:22.674+0000] {logging_mixin.py:188} INFO - [2023-12-20T22:38:22.673+0000] {dag.py:3033} INFO - Sync 1 DAGs
[2023-12-20T22:38:22.739+0000] {logging_mixin.py:188} INFO - [2023-12-20T22:38:22.738+0000] {dag.py:3820} INFO - Setting next_dagrun for example_short_circuit_decorator to 2023-12-19T00:00:00+00:00, run_after=2023-12-20T00:00:00+00:00
[2023-12-20T22:38:22.916+0000] {processor.py:183} INFO - Processing /home/airflow/.local/lib/python3.8/site-packages/airflow/example_dags/example_short_circuit_decorator.py took 1.352 seconds
[2023-12-20T22:38:53.127+0000] {processor.py:161} INFO - Started process (PID=108) to work on /home/airflow/.local/lib/python3.8/site-packages/airflow/example_dags/example_short_circuit_decorator.py
[2023-12-20T22:38:53.130+0000] {processor.py:830} INFO - Processing file /home/airflow/.local/lib/python3.8/site-packages/airflow/example_dags/example_short_circuit_decorator.py for tasks to queue
[2023-12-20T22:38:53.135+0000] {logging_mixin.py:188} INFO - [2023-12-20T22:38:53.134+0000] {dagbag.py:538} INFO - Filling up the DagBag from /home/airflow/.local/lib/python3.8/site-packages/airflow/example_dags/example_short_circuit_decorator.py
[2023-12-20T22:38:53.163+0000] {processor.py:840} INFO - DAG(s) 'example_short_circuit_decorator' retrieved from /home/airflow/.local/lib/python3.8/site-packages/airflow/example_dags/example_short_circuit_decorator.py
[2023-12-20T22:38:53.218+0000] {logging_mixin.py:188} INFO - [2023-12-20T22:38:53.218+0000] {dag.py:3033} INFO - Sync 1 DAGs
[2023-12-20T22:38:53.254+0000] {logging_mixin.py:188} INFO - [2023-12-20T22:38:53.254+0000] {dag.py:3820} INFO - Setting next_dagrun for example_short_circuit_decorator to 2023-12-19T00:00:00+00:00, run_after=2023-12-20T00:00:00+00:00
[2023-12-20T22:38:53.280+0000] {processor.py:183} INFO - Processing /home/airflow/.local/lib/python3.8/site-packages/airflow/example_dags/example_short_circuit_decorator.py took 0.159 seconds
[2023-12-20T22:39:23.709+0000] {processor.py:161} INFO - Started process (PID=163) to work on /home/airflow/.local/lib/python3.8/site-packages/airflow/example_dags/example_short_circuit_decorator.py
[2023-12-20T22:39:23.711+0000] {processor.py:830} INFO - Processing file /home/airflow/.local/lib/python3.8/site-packages/airflow/example_dags/example_short_circuit_decorator.py for tasks to queue
[2023-12-20T22:39:23.714+0000] {logging_mixin.py:188} INFO - [2023-12-20T22:39:23.713+0000] {dagbag.py:538} INFO - Filling up the DagBag from /home/airflow/.local/lib/python3.8/site-packages/airflow/example_dags/example_short_circuit_decorator.py
[2023-12-20T22:39:23.723+0000] {processor.py:840} INFO - DAG(s) 'example_short_circuit_decorator' retrieved from /home/airflow/.local/lib/python3.8/site-packages/airflow/example_dags/example_short_circuit_decorator.py
[2023-12-20T22:39:23.749+0000] {logging_mixin.py:188} INFO - [2023-12-20T22:39:23.749+0000] {dag.py:3033} INFO - Sync 1 DAGs
[2023-12-20T22:39:23.766+0000] {logging_mixin.py:188} INFO - [2023-12-20T22:39:23.766+0000] {dag.py:3820} INFO - Setting next_dagrun for example_short_circuit_decorator to 2023-12-19T00:00:00+00:00, run_after=2023-12-20T00:00:00+00:00
[2023-12-20T22:39:23.779+0000] {processor.py:183} INFO - Processing /home/airflow/.local/lib/python3.8/site-packages/airflow/example_dags/example_short_circuit_decorator.py took 0.075 seconds
[2023-12-20T22:39:54.581+0000] {processor.py:161} INFO - Started process (PID=219) to work on /home/airflow/.local/lib/python3.8/site-packages/airflow/example_dags/example_short_circuit_decorator.py
[2023-12-20T22:39:54.583+0000] {processor.py:830} INFO - Processing file /home/airflow/.local/lib/python3.8/site-packages/airflow/example_dags/example_short_circuit_decorator.py for tasks to queue
[2023-12-20T22:39:54.588+0000] {logging_mixin.py:188} INFO - [2023-12-20T22:39:54.587+0000] {dagbag.py:538} INFO - Filling up the DagBag from /home/airflow/.local/lib/python3.8/site-packages/airflow/example_dags/example_short_circuit_decorator.py
[2023-12-20T22:39:54.612+0000] {processor.py:840} INFO - DAG(s) 'example_short_circuit_decorator' retrieved from /home/airflow/.local/lib/python3.8/site-packages/airflow/example_dags/example_short_circuit_decorator.py
[2023-12-20T22:39:54.659+0000] {logging_mixin.py:188} INFO - [2023-12-20T22:39:54.658+0000] {dag.py:3033} INFO - Sync 1 DAGs
[2023-12-20T22:39:54.689+0000] {logging_mixin.py:188} INFO - [2023-12-20T22:39:54.689+0000] {dag.py:3820} INFO - Setting next_dagrun for example_short_circuit_decorator to 2023-12-19T00:00:00+00:00, run_after=2023-12-20T00:00:00+00:00
[2023-12-20T22:39:54.704+0000] {processor.py:183} INFO - Processing /home/airflow/.local/lib/python3.8/site-packages/airflow/example_dags/example_short_circuit_decorator.py took 0.128 seconds
[2023-12-20T22:40:25.078+0000] {processor.py:161} INFO - Started process (PID=274) to work on /home/airflow/.local/lib/python3.8/site-packages/airflow/example_dags/example_short_circuit_decorator.py
[2023-12-20T22:40:25.079+0000] {processor.py:830} INFO - Processing file /home/airflow/.local/lib/python3.8/site-packages/airflow/example_dags/example_short_circuit_decorator.py for tasks to queue
[2023-12-20T22:40:25.082+0000] {logging_mixin.py:188} INFO - [2023-12-20T22:40:25.082+0000] {dagbag.py:538} INFO - Filling up the DagBag from /home/airflow/.local/lib/python3.8/site-packages/airflow/example_dags/example_short_circuit_decorator.py
[2023-12-20T22:40:25.094+0000] {processor.py:840} INFO - DAG(s) 'example_short_circuit_decorator' retrieved from /home/airflow/.local/lib/python3.8/site-packages/airflow/example_dags/example_short_circuit_decorator.py
[2023-12-20T22:40:25.122+0000] {logging_mixin.py:188} INFO - [2023-12-20T22:40:25.122+0000] {dag.py:3033} INFO - Sync 1 DAGs
[2023-12-20T22:40:25.144+0000] {logging_mixin.py:188} INFO - [2023-12-20T22:40:25.143+0000] {dag.py:3820} INFO - Setting next_dagrun for example_short_circuit_decorator to 2023-12-19T00:00:00+00:00, run_after=2023-12-20T00:00:00+00:00
[2023-12-20T22:40:25.162+0000] {processor.py:183} INFO - Processing /home/airflow/.local/lib/python3.8/site-packages/airflow/example_dags/example_short_circuit_decorator.py took 0.089 seconds
[2023-12-20T22:40:55.260+0000] {processor.py:161} INFO - Started process (PID=329) to work on /home/airflow/.local/lib/python3.8/site-packages/airflow/example_dags/example_short_circuit_decorator.py
[2023-12-20T22:40:55.262+0000] {processor.py:830} INFO - Processing file /home/airflow/.local/lib/python3.8/site-packages/airflow/example_dags/example_short_circuit_decorator.py for tasks to queue
[2023-12-20T22:40:55.265+0000] {logging_mixin.py:188} INFO - [2023-12-20T22:40:55.264+0000] {dagbag.py:538} INFO - Filling up the DagBag from /home/airflow/.local/lib/python3.8/site-packages/airflow/example_dags/example_short_circuit_decorator.py
[2023-12-20T22:40:55.274+0000] {processor.py:840} INFO - DAG(s) 'example_short_circuit_decorator' retrieved from /home/airflow/.local/lib/python3.8/site-packages/airflow/example_dags/example_short_circuit_decorator.py
[2023-12-20T22:40:55.298+0000] {logging_mixin.py:188} INFO - [2023-12-20T22:40:55.298+0000] {dag.py:3033} INFO - Sync 1 DAGs
[2023-12-20T22:40:55.314+0000] {logging_mixin.py:188} INFO - [2023-12-20T22:40:55.314+0000] {dag.py:3820} INFO - Setting next_dagrun for example_short_circuit_decorator to 2023-12-19T00:00:00+00:00, run_after=2023-12-20T00:00:00+00:00
[2023-12-20T22:40:55.331+0000] {processor.py:183} INFO - Processing /home/airflow/.local/lib/python3.8/site-packages/airflow/example_dags/example_short_circuit_decorator.py took 0.076 seconds
[2023-12-20T22:41:25.564+0000] {processor.py:161} INFO - Started process (PID=383) to work on /home/airflow/.local/lib/python3.8/site-packages/airflow/example_dags/example_short_circuit_decorator.py
[2023-12-20T22:41:25.566+0000] {processor.py:830} INFO - Processing file /home/airflow/.local/lib/python3.8/site-packages/airflow/example_dags/example_short_circuit_decorator.py for tasks to queue
[2023-12-20T22:41:25.569+0000] {logging_mixin.py:188} INFO - [2023-12-20T22:41:25.568+0000] {dagbag.py:538} INFO - Filling up the DagBag from /home/airflow/.local/lib/python3.8/site-packages/airflow/example_dags/example_short_circuit_decorator.py
[2023-12-20T22:41:25.578+0000] {processor.py:840} INFO - DAG(s) 'example_short_circuit_decorator' retrieved from /home/airflow/.local/lib/python3.8/site-packages/airflow/example_dags/example_short_circuit_decorator.py
[2023-12-20T22:41:25.602+0000] {logging_mixin.py:188} INFO - [2023-12-20T22:41:25.602+0000] {dag.py:3033} INFO - Sync 1 DAGs
[2023-12-20T22:41:25.620+0000] {logging_mixin.py:188} INFO - [2023-12-20T22:41:25.620+0000] {dag.py:3820} INFO - Setting next_dagrun for example_short_circuit_decorator to 2023-12-19T00:00:00+00:00, run_after=2023-12-20T00:00:00+00:00
[2023-12-20T22:41:25.633+0000] {processor.py:183} INFO - Processing /home/airflow/.local/lib/python3.8/site-packages/airflow/example_dags/example_short_circuit_decorator.py took 0.073 seconds
[2023-12-20T22:41:55.896+0000] {processor.py:161} INFO - Started process (PID=438) to work on /home/airflow/.local/lib/python3.8/site-packages/airflow/example_dags/example_short_circuit_decorator.py
[2023-12-20T22:41:55.898+0000] {processor.py:830} INFO - Processing file /home/airflow/.local/lib/python3.8/site-packages/airflow/example_dags/example_short_circuit_decorator.py for tasks to queue
[2023-12-20T22:41:55.901+0000] {logging_mixin.py:188} INFO - [2023-12-20T22:41:55.901+0000] {dagbag.py:538} INFO - Filling up the DagBag from /home/airflow/.local/lib/python3.8/site-packages/airflow/example_dags/example_short_circuit_decorator.py
[2023-12-20T22:41:55.912+0000] {processor.py:840} INFO - DAG(s) 'example_short_circuit_decorator' retrieved from /home/airflow/.local/lib/python3.8/site-packages/airflow/example_dags/example_short_circuit_decorator.py
[2023-12-20T22:41:55.939+0000] {logging_mixin.py:188} INFO - [2023-12-20T22:41:55.938+0000] {dag.py:3033} INFO - Sync 1 DAGs
[2023-12-20T22:41:55.957+0000] {logging_mixin.py:188} INFO - [2023-12-20T22:41:55.956+0000] {dag.py:3820} INFO - Setting next_dagrun for example_short_circuit_decorator to 2023-12-19T00:00:00+00:00, run_after=2023-12-20T00:00:00+00:00
[2023-12-20T22:41:55.970+0000] {processor.py:183} INFO - Processing /home/airflow/.local/lib/python3.8/site-packages/airflow/example_dags/example_short_circuit_decorator.py took 0.078 seconds
[2023-12-20T22:42:26.179+0000] {processor.py:161} INFO - Started process (PID=493) to work on /home/airflow/.local/lib/python3.8/site-packages/airflow/example_dags/example_short_circuit_decorator.py
[2023-12-20T22:42:26.182+0000] {processor.py:830} INFO - Processing file /home/airflow/.local/lib/python3.8/site-packages/airflow/example_dags/example_short_circuit_decorator.py for tasks to queue
[2023-12-20T22:42:26.185+0000] {logging_mixin.py:188} INFO - [2023-12-20T22:42:26.185+0000] {dagbag.py:538} INFO - Filling up the DagBag from /home/airflow/.local/lib/python3.8/site-packages/airflow/example_dags/example_short_circuit_decorator.py
[2023-12-20T22:42:26.196+0000] {processor.py:840} INFO - DAG(s) 'example_short_circuit_decorator' retrieved from /home/airflow/.local/lib/python3.8/site-packages/airflow/example_dags/example_short_circuit_decorator.py
[2023-12-20T22:42:26.223+0000] {logging_mixin.py:188} INFO - [2023-12-20T22:42:26.223+0000] {dag.py:3033} INFO - Sync 1 DAGs
[2023-12-20T22:42:26.243+0000] {logging_mixin.py:188} INFO - [2023-12-20T22:42:26.243+0000] {dag.py:3820} INFO - Setting next_dagrun for example_short_circuit_decorator to 2023-12-19T00:00:00+00:00, run_after=2023-12-20T00:00:00+00:00
[2023-12-20T22:42:26.267+0000] {processor.py:183} INFO - Processing /home/airflow/.local/lib/python3.8/site-packages/airflow/example_dags/example_short_circuit_decorator.py took 0.094 seconds
[2023-12-20T22:42:56.495+0000] {processor.py:161} INFO - Started process (PID=547) to work on /home/airflow/.local/lib/python3.8/site-packages/airflow/example_dags/example_short_circuit_decorator.py
[2023-12-20T22:42:56.497+0000] {processor.py:830} INFO - Processing file /home/airflow/.local/lib/python3.8/site-packages/airflow/example_dags/example_short_circuit_decorator.py for tasks to queue
[2023-12-20T22:42:56.502+0000] {logging_mixin.py:188} INFO - [2023-12-20T22:42:56.501+0000] {dagbag.py:538} INFO - Filling up the DagBag from /home/airflow/.local/lib/python3.8/site-packages/airflow/example_dags/example_short_circuit_decorator.py
[2023-12-20T22:42:56.511+0000] {processor.py:840} INFO - DAG(s) 'example_short_circuit_decorator' retrieved from /home/airflow/.local/lib/python3.8/site-packages/airflow/example_dags/example_short_circuit_decorator.py
[2023-12-20T22:42:56.537+0000] {logging_mixin.py:188} INFO - [2023-12-20T22:42:56.537+0000] {dag.py:3033} INFO - Sync 1 DAGs
[2023-12-20T22:42:56.554+0000] {logging_mixin.py:188} INFO - [2023-12-20T22:42:56.554+0000] {dag.py:3820} INFO - Setting next_dagrun for example_short_circuit_decorator to 2023-12-19T00:00:00+00:00, run_after=2023-12-20T00:00:00+00:00
[2023-12-20T22:42:56.567+0000] {processor.py:183} INFO - Processing /home/airflow/.local/lib/python3.8/site-packages/airflow/example_dags/example_short_circuit_decorator.py took 0.078 seconds
[2023-12-20T22:43:26.976+0000] {processor.py:161} INFO - Started process (PID=602) to work on /home/airflow/.local/lib/python3.8/site-packages/airflow/example_dags/example_short_circuit_decorator.py
[2023-12-20T22:43:26.979+0000] {processor.py:830} INFO - Processing file /home/airflow/.local/lib/python3.8/site-packages/airflow/example_dags/example_short_circuit_decorator.py for tasks to queue
[2023-12-20T22:43:26.983+0000] {logging_mixin.py:188} INFO - [2023-12-20T22:43:26.982+0000] {dagbag.py:538} INFO - Filling up the DagBag from /home/airflow/.local/lib/python3.8/site-packages/airflow/example_dags/example_short_circuit_decorator.py
[2023-12-20T22:43:26.993+0000] {processor.py:840} INFO - DAG(s) 'example_short_circuit_decorator' retrieved from /home/airflow/.local/lib/python3.8/site-packages/airflow/example_dags/example_short_circuit_decorator.py
[2023-12-20T22:43:27.017+0000] {logging_mixin.py:188} INFO - [2023-12-20T22:43:27.017+0000] {dag.py:3033} INFO - Sync 1 DAGs
[2023-12-20T22:43:27.034+0000] {logging_mixin.py:188} INFO - [2023-12-20T22:43:27.034+0000] {dag.py:3820} INFO - Setting next_dagrun for example_short_circuit_decorator to 2023-12-19T00:00:00+00:00, run_after=2023-12-20T00:00:00+00:00
[2023-12-20T22:43:27.049+0000] {processor.py:183} INFO - Processing /home/airflow/.local/lib/python3.8/site-packages/airflow/example_dags/example_short_circuit_decorator.py took 0.078 seconds
[2023-12-20T22:43:57.390+0000] {processor.py:161} INFO - Started process (PID=657) to work on /home/airflow/.local/lib/python3.8/site-packages/airflow/example_dags/example_short_circuit_decorator.py
[2023-12-20T22:43:57.392+0000] {processor.py:830} INFO - Processing file /home/airflow/.local/lib/python3.8/site-packages/airflow/example_dags/example_short_circuit_decorator.py for tasks to queue
[2023-12-20T22:43:57.396+0000] {logging_mixin.py:188} INFO - [2023-12-20T22:43:57.395+0000] {dagbag.py:538} INFO - Filling up the DagBag from /home/airflow/.local/lib/python3.8/site-packages/airflow/example_dags/example_short_circuit_decorator.py
[2023-12-20T22:43:57.405+0000] {processor.py:840} INFO - DAG(s) 'example_short_circuit_decorator' retrieved from /home/airflow/.local/lib/python3.8/site-packages/airflow/example_dags/example_short_circuit_decorator.py
[2023-12-20T22:43:57.431+0000] {logging_mixin.py:188} INFO - [2023-12-20T22:43:57.431+0000] {dag.py:3033} INFO - Sync 1 DAGs
[2023-12-20T22:43:57.449+0000] {logging_mixin.py:188} INFO - [2023-12-20T22:43:57.448+0000] {dag.py:3820} INFO - Setting next_dagrun for example_short_circuit_decorator to 2023-12-19T00:00:00+00:00, run_after=2023-12-20T00:00:00+00:00
[2023-12-20T22:43:57.461+0000] {processor.py:183} INFO - Processing /home/airflow/.local/lib/python3.8/site-packages/airflow/example_dags/example_short_circuit_decorator.py took 0.077 seconds
[2023-12-20T22:44:27.718+0000] {processor.py:161} INFO - Started process (PID=712) to work on /home/airflow/.local/lib/python3.8/site-packages/airflow/example_dags/example_short_circuit_decorator.py
[2023-12-20T22:44:27.720+0000] {processor.py:830} INFO - Processing file /home/airflow/.local/lib/python3.8/site-packages/airflow/example_dags/example_short_circuit_decorator.py for tasks to queue
[2023-12-20T22:44:27.724+0000] {logging_mixin.py:188} INFO - [2023-12-20T22:44:27.723+0000] {dagbag.py:538} INFO - Filling up the DagBag from /home/airflow/.local/lib/python3.8/site-packages/airflow/example_dags/example_short_circuit_decorator.py
[2023-12-20T22:44:27.733+0000] {processor.py:840} INFO - DAG(s) 'example_short_circuit_decorator' retrieved from /home/airflow/.local/lib/python3.8/site-packages/airflow/example_dags/example_short_circuit_decorator.py
[2023-12-20T22:44:27.768+0000] {logging_mixin.py:188} INFO - [2023-12-20T22:44:27.767+0000] {dag.py:3033} INFO - Sync 1 DAGs
[2023-12-20T22:44:27.795+0000] {logging_mixin.py:188} INFO - [2023-12-20T22:44:27.795+0000] {dag.py:3820} INFO - Setting next_dagrun for example_short_circuit_decorator to 2023-12-19T00:00:00+00:00, run_after=2023-12-20T00:00:00+00:00
[2023-12-20T22:44:27.824+0000] {processor.py:183} INFO - Processing /home/airflow/.local/lib/python3.8/site-packages/airflow/example_dags/example_short_circuit_decorator.py took 0.111 seconds
[2023-12-20T22:44:58.545+0000] {processor.py:161} INFO - Started process (PID=767) to work on /home/airflow/.local/lib/python3.8/site-packages/airflow/example_dags/example_short_circuit_decorator.py
[2023-12-20T22:44:58.547+0000] {processor.py:830} INFO - Processing file /home/airflow/.local/lib/python3.8/site-packages/airflow/example_dags/example_short_circuit_decorator.py for tasks to queue
[2023-12-20T22:44:58.550+0000] {logging_mixin.py:188} INFO - [2023-12-20T22:44:58.549+0000] {dagbag.py:538} INFO - Filling up the DagBag from /home/airflow/.local/lib/python3.8/site-packages/airflow/example_dags/example_short_circuit_decorator.py
[2023-12-20T22:44:58.560+0000] {processor.py:840} INFO - DAG(s) 'example_short_circuit_decorator' retrieved from /home/airflow/.local/lib/python3.8/site-packages/airflow/example_dags/example_short_circuit_decorator.py
[2023-12-20T22:44:58.588+0000] {logging_mixin.py:188} INFO - [2023-12-20T22:44:58.588+0000] {dag.py:3033} INFO - Sync 1 DAGs
[2023-12-20T22:44:58.609+0000] {logging_mixin.py:188} INFO - [2023-12-20T22:44:58.608+0000] {dag.py:3820} INFO - Setting next_dagrun for example_short_circuit_decorator to 2023-12-19T00:00:00+00:00, run_after=2023-12-20T00:00:00+00:00
[2023-12-20T22:44:58.626+0000] {processor.py:183} INFO - Processing /home/airflow/.local/lib/python3.8/site-packages/airflow/example_dags/example_short_circuit_decorator.py took 0.086 seconds
[2023-12-20T22:45:28.854+0000] {processor.py:161} INFO - Started process (PID=823) to work on /home/airflow/.local/lib/python3.8/site-packages/airflow/example_dags/example_short_circuit_decorator.py
[2023-12-20T22:45:28.858+0000] {processor.py:830} INFO - Processing file /home/airflow/.local/lib/python3.8/site-packages/airflow/example_dags/example_short_circuit_decorator.py for tasks to queue
[2023-12-20T22:45:28.864+0000] {logging_mixin.py:188} INFO - [2023-12-20T22:45:28.864+0000] {dagbag.py:538} INFO - Filling up the DagBag from /home/airflow/.local/lib/python3.8/site-packages/airflow/example_dags/example_short_circuit_decorator.py
[2023-12-20T22:45:28.879+0000] {processor.py:840} INFO - DAG(s) 'example_short_circuit_decorator' retrieved from /home/airflow/.local/lib/python3.8/site-packages/airflow/example_dags/example_short_circuit_decorator.py
[2023-12-20T22:45:28.910+0000] {logging_mixin.py:188} INFO - [2023-12-20T22:45:28.910+0000] {dag.py:3033} INFO - Sync 1 DAGs
[2023-12-20T22:45:28.931+0000] {logging_mixin.py:188} INFO - [2023-12-20T22:45:28.931+0000] {dag.py:3820} INFO - Setting next_dagrun for example_short_circuit_decorator to 2023-12-19T00:00:00+00:00, run_after=2023-12-20T00:00:00+00:00
[2023-12-20T22:45:28.946+0000] {processor.py:183} INFO - Processing /home/airflow/.local/lib/python3.8/site-packages/airflow/example_dags/example_short_circuit_decorator.py took 0.099 seconds
[2023-12-20T22:45:59.497+0000] {processor.py:161} INFO - Started process (PID=878) to work on /home/airflow/.local/lib/python3.8/site-packages/airflow/example_dags/example_short_circuit_decorator.py
[2023-12-20T22:45:59.498+0000] {processor.py:830} INFO - Processing file /home/airflow/.local/lib/python3.8/site-packages/airflow/example_dags/example_short_circuit_decorator.py for tasks to queue
[2023-12-20T22:45:59.503+0000] {logging_mixin.py:188} INFO - [2023-12-20T22:45:59.502+0000] {dagbag.py:538} INFO - Filling up the DagBag from /home/airflow/.local/lib/python3.8/site-packages/airflow/example_dags/example_short_circuit_decorator.py
[2023-12-20T22:45:59.516+0000] {processor.py:840} INFO - DAG(s) 'example_short_circuit_decorator' retrieved from /home/airflow/.local/lib/python3.8/site-packages/airflow/example_dags/example_short_circuit_decorator.py
[2023-12-20T22:45:59.544+0000] {logging_mixin.py:188} INFO - [2023-12-20T22:45:59.544+0000] {dag.py:3033} INFO - Sync 1 DAGs
[2023-12-20T22:45:59.566+0000] {logging_mixin.py:188} INFO - [2023-12-20T22:45:59.565+0000] {dag.py:3820} INFO - Setting next_dagrun for example_short_circuit_decorator to 2023-12-19T00:00:00+00:00, run_after=2023-12-20T00:00:00+00:00
[2023-12-20T22:45:59.581+0000] {processor.py:183} INFO - Processing /home/airflow/.local/lib/python3.8/site-packages/airflow/example_dags/example_short_circuit_decorator.py took 0.091 seconds
[2023-12-20T22:46:30.415+0000] {processor.py:161} INFO - Started process (PID=933) to work on /home/airflow/.local/lib/python3.8/site-packages/airflow/example_dags/example_short_circuit_decorator.py
[2023-12-20T22:46:30.418+0000] {processor.py:830} INFO - Processing file /home/airflow/.local/lib/python3.8/site-packages/airflow/example_dags/example_short_circuit_decorator.py for tasks to queue
[2023-12-20T22:46:30.429+0000] {logging_mixin.py:188} INFO - [2023-12-20T22:46:30.429+0000] {dagbag.py:538} INFO - Filling up the DagBag from /home/airflow/.local/lib/python3.8/site-packages/airflow/example_dags/example_short_circuit_decorator.py
[2023-12-20T22:46:30.448+0000] {processor.py:840} INFO - DAG(s) 'example_short_circuit_decorator' retrieved from /home/airflow/.local/lib/python3.8/site-packages/airflow/example_dags/example_short_circuit_decorator.py
[2023-12-20T22:46:30.511+0000] {logging_mixin.py:188} INFO - [2023-12-20T22:46:30.511+0000] {dag.py:3033} INFO - Sync 1 DAGs
[2023-12-20T22:46:30.545+0000] {logging_mixin.py:188} INFO - [2023-12-20T22:46:30.545+0000] {dag.py:3820} INFO - Setting next_dagrun for example_short_circuit_decorator to 2023-12-19T00:00:00+00:00, run_after=2023-12-20T00:00:00+00:00
[2023-12-20T22:46:30.567+0000] {processor.py:183} INFO - Processing /home/airflow/.local/lib/python3.8/site-packages/airflow/example_dags/example_short_circuit_decorator.py took 0.158 seconds
[2023-12-20T22:47:01.186+0000] {processor.py:161} INFO - Started process (PID=988) to work on /home/airflow/.local/lib/python3.8/site-packages/airflow/example_dags/example_short_circuit_decorator.py
[2023-12-20T22:47:01.188+0000] {processor.py:830} INFO - Processing file /home/airflow/.local/lib/python3.8/site-packages/airflow/example_dags/example_short_circuit_decorator.py for tasks to queue
[2023-12-20T22:47:01.191+0000] {logging_mixin.py:188} INFO - [2023-12-20T22:47:01.191+0000] {dagbag.py:538} INFO - Filling up the DagBag from /home/airflow/.local/lib/python3.8/site-packages/airflow/example_dags/example_short_circuit_decorator.py
[2023-12-20T22:47:01.201+0000] {processor.py:840} INFO - DAG(s) 'example_short_circuit_decorator' retrieved from /home/airflow/.local/lib/python3.8/site-packages/airflow/example_dags/example_short_circuit_decorator.py
[2023-12-20T22:47:01.228+0000] {logging_mixin.py:188} INFO - [2023-12-20T22:47:01.227+0000] {dag.py:3033} INFO - Sync 1 DAGs
[2023-12-20T22:47:01.246+0000] {logging_mixin.py:188} INFO - [2023-12-20T22:47:01.246+0000] {dag.py:3820} INFO - Setting next_dagrun for example_short_circuit_decorator to 2023-12-19T00:00:00+00:00, run_after=2023-12-20T00:00:00+00:00
[2023-12-20T22:47:01.275+0000] {processor.py:183} INFO - Processing /home/airflow/.local/lib/python3.8/site-packages/airflow/example_dags/example_short_circuit_decorator.py took 0.093 seconds
[2023-12-20T22:47:31.648+0000] {processor.py:161} INFO - Started process (PID=1043) to work on /home/airflow/.local/lib/python3.8/site-packages/airflow/example_dags/example_short_circuit_decorator.py
[2023-12-20T22:47:31.651+0000] {processor.py:830} INFO - Processing file /home/airflow/.local/lib/python3.8/site-packages/airflow/example_dags/example_short_circuit_decorator.py for tasks to queue
[2023-12-20T22:47:31.654+0000] {logging_mixin.py:188} INFO - [2023-12-20T22:47:31.653+0000] {dagbag.py:538} INFO - Filling up the DagBag from /home/airflow/.local/lib/python3.8/site-packages/airflow/example_dags/example_short_circuit_decorator.py
[2023-12-20T22:47:31.664+0000] {processor.py:840} INFO - DAG(s) 'example_short_circuit_decorator' retrieved from /home/airflow/.local/lib/python3.8/site-packages/airflow/example_dags/example_short_circuit_decorator.py
[2023-12-20T22:47:31.689+0000] {logging_mixin.py:188} INFO - [2023-12-20T22:47:31.688+0000] {dag.py:3033} INFO - Sync 1 DAGs
[2023-12-20T22:47:31.707+0000] {logging_mixin.py:188} INFO - [2023-12-20T22:47:31.707+0000] {dag.py:3820} INFO - Setting next_dagrun for example_short_circuit_decorator to 2023-12-19T00:00:00+00:00, run_after=2023-12-20T00:00:00+00:00
[2023-12-20T22:47:31.721+0000] {processor.py:183} INFO - Processing /home/airflow/.local/lib/python3.8/site-packages/airflow/example_dags/example_short_circuit_decorator.py took 0.078 seconds
[2023-12-20T22:48:02.355+0000] {processor.py:161} INFO - Started process (PID=1097) to work on /home/airflow/.local/lib/python3.8/site-packages/airflow/example_dags/example_short_circuit_decorator.py
[2023-12-20T22:48:02.358+0000] {processor.py:830} INFO - Processing file /home/airflow/.local/lib/python3.8/site-packages/airflow/example_dags/example_short_circuit_decorator.py for tasks to queue
[2023-12-20T22:48:02.363+0000] {logging_mixin.py:188} INFO - [2023-12-20T22:48:02.362+0000] {dagbag.py:538} INFO - Filling up the DagBag from /home/airflow/.local/lib/python3.8/site-packages/airflow/example_dags/example_short_circuit_decorator.py
[2023-12-20T22:48:02.375+0000] {processor.py:840} INFO - DAG(s) 'example_short_circuit_decorator' retrieved from /home/airflow/.local/lib/python3.8/site-packages/airflow/example_dags/example_short_circuit_decorator.py
[2023-12-20T22:48:02.398+0000] {logging_mixin.py:188} INFO - [2023-12-20T22:48:02.398+0000] {dag.py:3033} INFO - Sync 1 DAGs
[2023-12-20T22:48:02.416+0000] {logging_mixin.py:188} INFO - [2023-12-20T22:48:02.416+0000] {dag.py:3820} INFO - Setting next_dagrun for example_short_circuit_decorator to 2023-12-19T00:00:00+00:00, run_after=2023-12-20T00:00:00+00:00
[2023-12-20T22:48:02.429+0000] {processor.py:183} INFO - Processing /home/airflow/.local/lib/python3.8/site-packages/airflow/example_dags/example_short_circuit_decorator.py took 0.081 seconds
[2023-12-20T22:48:32.650+0000] {processor.py:161} INFO - Started process (PID=1152) to work on /home/airflow/.local/lib/python3.8/site-packages/airflow/example_dags/example_short_circuit_decorator.py
[2023-12-20T22:48:32.651+0000] {processor.py:830} INFO - Processing file /home/airflow/.local/lib/python3.8/site-packages/airflow/example_dags/example_short_circuit_decorator.py for tasks to queue
[2023-12-20T22:48:32.654+0000] {logging_mixin.py:188} INFO - [2023-12-20T22:48:32.654+0000] {dagbag.py:538} INFO - Filling up the DagBag from /home/airflow/.local/lib/python3.8/site-packages/airflow/example_dags/example_short_circuit_decorator.py
[2023-12-20T22:48:32.664+0000] {processor.py:840} INFO - DAG(s) 'example_short_circuit_decorator' retrieved from /home/airflow/.local/lib/python3.8/site-packages/airflow/example_dags/example_short_circuit_decorator.py
[2023-12-20T22:48:32.689+0000] {logging_mixin.py:188} INFO - [2023-12-20T22:48:32.689+0000] {dag.py:3033} INFO - Sync 1 DAGs
[2023-12-20T22:48:32.705+0000] {logging_mixin.py:188} INFO - [2023-12-20T22:48:32.705+0000] {dag.py:3820} INFO - Setting next_dagrun for example_short_circuit_decorator to 2023-12-19T00:00:00+00:00, run_after=2023-12-20T00:00:00+00:00
[2023-12-20T22:48:32.718+0000] {processor.py:183} INFO - Processing /home/airflow/.local/lib/python3.8/site-packages/airflow/example_dags/example_short_circuit_decorator.py took 0.073 seconds
[2023-12-20T22:49:02.875+0000] {processor.py:161} INFO - Started process (PID=1206) to work on /home/airflow/.local/lib/python3.8/site-packages/airflow/example_dags/example_short_circuit_decorator.py
[2023-12-20T22:49:02.877+0000] {processor.py:830} INFO - Processing file /home/airflow/.local/lib/python3.8/site-packages/airflow/example_dags/example_short_circuit_decorator.py for tasks to queue
[2023-12-20T22:49:02.882+0000] {logging_mixin.py:188} INFO - [2023-12-20T22:49:02.881+0000] {dagbag.py:538} INFO - Filling up the DagBag from /home/airflow/.local/lib/python3.8/site-packages/airflow/example_dags/example_short_circuit_decorator.py
[2023-12-20T22:49:02.897+0000] {processor.py:840} INFO - DAG(s) 'example_short_circuit_decorator' retrieved from /home/airflow/.local/lib/python3.8/site-packages/airflow/example_dags/example_short_circuit_decorator.py
[2023-12-20T22:49:02.925+0000] {logging_mixin.py:188} INFO - [2023-12-20T22:49:02.925+0000] {dag.py:3033} INFO - Sync 1 DAGs
[2023-12-20T22:49:02.946+0000] {logging_mixin.py:188} INFO - [2023-12-20T22:49:02.946+0000] {dag.py:3820} INFO - Setting next_dagrun for example_short_circuit_decorator to 2023-12-19T00:00:00+00:00, run_after=2023-12-20T00:00:00+00:00
[2023-12-20T22:49:02.961+0000] {processor.py:183} INFO - Processing /home/airflow/.local/lib/python3.8/site-packages/airflow/example_dags/example_short_circuit_decorator.py took 0.092 seconds
[2023-12-20T22:49:33.353+0000] {processor.py:161} INFO - Started process (PID=1258) to work on /home/airflow/.local/lib/python3.8/site-packages/airflow/example_dags/example_short_circuit_decorator.py
[2023-12-20T22:49:33.355+0000] {processor.py:830} INFO - Processing file /home/airflow/.local/lib/python3.8/site-packages/airflow/example_dags/example_short_circuit_decorator.py for tasks to queue
[2023-12-20T22:49:33.359+0000] {logging_mixin.py:188} INFO - [2023-12-20T22:49:33.358+0000] {dagbag.py:538} INFO - Filling up the DagBag from /home/airflow/.local/lib/python3.8/site-packages/airflow/example_dags/example_short_circuit_decorator.py
[2023-12-20T22:49:33.370+0000] {processor.py:840} INFO - DAG(s) 'example_short_circuit_decorator' retrieved from /home/airflow/.local/lib/python3.8/site-packages/airflow/example_dags/example_short_circuit_decorator.py
[2023-12-20T22:49:33.395+0000] {logging_mixin.py:188} INFO - [2023-12-20T22:49:33.395+0000] {dag.py:3033} INFO - Sync 1 DAGs
[2023-12-20T22:49:33.415+0000] {logging_mixin.py:188} INFO - [2023-12-20T22:49:33.415+0000] {dag.py:3820} INFO - Setting next_dagrun for example_short_circuit_decorator to 2023-12-19T00:00:00+00:00, run_after=2023-12-20T00:00:00+00:00
[2023-12-20T22:49:33.428+0000] {processor.py:183} INFO - Processing /home/airflow/.local/lib/python3.8/site-packages/airflow/example_dags/example_short_circuit_decorator.py took 0.081 seconds
[2023-12-20T22:50:03.553+0000] {processor.py:161} INFO - Started process (PID=1313) to work on /home/airflow/.local/lib/python3.8/site-packages/airflow/example_dags/example_short_circuit_decorator.py
[2023-12-20T22:50:03.556+0000] {processor.py:830} INFO - Processing file /home/airflow/.local/lib/python3.8/site-packages/airflow/example_dags/example_short_circuit_decorator.py for tasks to queue
[2023-12-20T22:50:03.561+0000] {logging_mixin.py:188} INFO - [2023-12-20T22:50:03.561+0000] {dagbag.py:538} INFO - Filling up the DagBag from /home/airflow/.local/lib/python3.8/site-packages/airflow/example_dags/example_short_circuit_decorator.py
[2023-12-20T22:50:03.575+0000] {processor.py:840} INFO - DAG(s) 'example_short_circuit_decorator' retrieved from /home/airflow/.local/lib/python3.8/site-packages/airflow/example_dags/example_short_circuit_decorator.py
[2023-12-20T22:50:03.601+0000] {logging_mixin.py:188} INFO - [2023-12-20T22:50:03.601+0000] {dag.py:3033} INFO - Sync 1 DAGs
[2023-12-20T22:50:03.620+0000] {logging_mixin.py:188} INFO - [2023-12-20T22:50:03.619+0000] {dag.py:3820} INFO - Setting next_dagrun for example_short_circuit_decorator to 2023-12-19T00:00:00+00:00, run_after=2023-12-20T00:00:00+00:00
[2023-12-20T22:50:03.634+0000] {processor.py:183} INFO - Processing /home/airflow/.local/lib/python3.8/site-packages/airflow/example_dags/example_short_circuit_decorator.py took 0.088 seconds
[2023-12-20T22:50:33.946+0000] {processor.py:161} INFO - Started process (PID=1368) to work on /home/airflow/.local/lib/python3.8/site-packages/airflow/example_dags/example_short_circuit_decorator.py
[2023-12-20T22:50:33.948+0000] {processor.py:830} INFO - Processing file /home/airflow/.local/lib/python3.8/site-packages/airflow/example_dags/example_short_circuit_decorator.py for tasks to queue
[2023-12-20T22:50:33.951+0000] {logging_mixin.py:188} INFO - [2023-12-20T22:50:33.950+0000] {dagbag.py:538} INFO - Filling up the DagBag from /home/airflow/.local/lib/python3.8/site-packages/airflow/example_dags/example_short_circuit_decorator.py
[2023-12-20T22:50:33.961+0000] {processor.py:840} INFO - DAG(s) 'example_short_circuit_decorator' retrieved from /home/airflow/.local/lib/python3.8/site-packages/airflow/example_dags/example_short_circuit_decorator.py
[2023-12-20T22:50:33.985+0000] {logging_mixin.py:188} INFO - [2023-12-20T22:50:33.985+0000] {dag.py:3033} INFO - Sync 1 DAGs
[2023-12-20T22:50:34.002+0000] {logging_mixin.py:188} INFO - [2023-12-20T22:50:34.001+0000] {dag.py:3820} INFO - Setting next_dagrun for example_short_circuit_decorator to 2023-12-19T00:00:00+00:00, run_after=2023-12-20T00:00:00+00:00
[2023-12-20T22:50:34.016+0000] {processor.py:183} INFO - Processing /home/airflow/.local/lib/python3.8/site-packages/airflow/example_dags/example_short_circuit_decorator.py took 0.074 seconds
[2023-12-20T22:51:04.220+0000] {processor.py:161} INFO - Started process (PID=1423) to work on /home/airflow/.local/lib/python3.8/site-packages/airflow/example_dags/example_short_circuit_decorator.py
[2023-12-20T22:51:04.223+0000] {processor.py:830} INFO - Processing file /home/airflow/.local/lib/python3.8/site-packages/airflow/example_dags/example_short_circuit_decorator.py for tasks to queue
[2023-12-20T22:51:04.226+0000] {logging_mixin.py:188} INFO - [2023-12-20T22:51:04.225+0000] {dagbag.py:538} INFO - Filling up the DagBag from /home/airflow/.local/lib/python3.8/site-packages/airflow/example_dags/example_short_circuit_decorator.py
[2023-12-20T22:51:04.236+0000] {processor.py:840} INFO - DAG(s) 'example_short_circuit_decorator' retrieved from /home/airflow/.local/lib/python3.8/site-packages/airflow/example_dags/example_short_circuit_decorator.py
[2023-12-20T22:51:04.264+0000] {logging_mixin.py:188} INFO - [2023-12-20T22:51:04.264+0000] {dag.py:3033} INFO - Sync 1 DAGs
[2023-12-20T22:51:04.283+0000] {logging_mixin.py:188} INFO - [2023-12-20T22:51:04.283+0000] {dag.py:3820} INFO - Setting next_dagrun for example_short_circuit_decorator to 2023-12-19T00:00:00+00:00, run_after=2023-12-20T00:00:00+00:00
[2023-12-20T22:51:04.296+0000] {processor.py:183} INFO - Processing /home/airflow/.local/lib/python3.8/site-packages/airflow/example_dags/example_short_circuit_decorator.py took 0.083 seconds
[2023-12-20T22:51:35.258+0000] {processor.py:161} INFO - Started process (PID=1478) to work on /home/airflow/.local/lib/python3.8/site-packages/airflow/example_dags/example_short_circuit_decorator.py
[2023-12-20T22:51:35.261+0000] {processor.py:830} INFO - Processing file /home/airflow/.local/lib/python3.8/site-packages/airflow/example_dags/example_short_circuit_decorator.py for tasks to queue
[2023-12-20T22:51:35.265+0000] {logging_mixin.py:188} INFO - [2023-12-20T22:51:35.264+0000] {dagbag.py:538} INFO - Filling up the DagBag from /home/airflow/.local/lib/python3.8/site-packages/airflow/example_dags/example_short_circuit_decorator.py
[2023-12-20T22:51:35.277+0000] {processor.py:840} INFO - DAG(s) 'example_short_circuit_decorator' retrieved from /home/airflow/.local/lib/python3.8/site-packages/airflow/example_dags/example_short_circuit_decorator.py
[2023-12-20T22:51:35.308+0000] {logging_mixin.py:188} INFO - [2023-12-20T22:51:35.308+0000] {dag.py:3033} INFO - Sync 1 DAGs
[2023-12-20T22:51:35.329+0000] {logging_mixin.py:188} INFO - [2023-12-20T22:51:35.329+0000] {dag.py:3820} INFO - Setting next_dagrun for example_short_circuit_decorator to 2023-12-19T00:00:00+00:00, run_after=2023-12-20T00:00:00+00:00
[2023-12-20T22:51:35.347+0000] {processor.py:183} INFO - Processing /home/airflow/.local/lib/python3.8/site-packages/airflow/example_dags/example_short_circuit_decorator.py took 0.094 seconds
[2023-12-20T22:52:06.204+0000] {processor.py:161} INFO - Started process (PID=1533) to work on /home/airflow/.local/lib/python3.8/site-packages/airflow/example_dags/example_short_circuit_decorator.py
[2023-12-20T22:52:06.206+0000] {processor.py:830} INFO - Processing file /home/airflow/.local/lib/python3.8/site-packages/airflow/example_dags/example_short_circuit_decorator.py for tasks to queue
[2023-12-20T22:52:06.209+0000] {logging_mixin.py:188} INFO - [2023-12-20T22:52:06.209+0000] {dagbag.py:538} INFO - Filling up the DagBag from /home/airflow/.local/lib/python3.8/site-packages/airflow/example_dags/example_short_circuit_decorator.py
[2023-12-20T22:52:06.219+0000] {processor.py:840} INFO - DAG(s) 'example_short_circuit_decorator' retrieved from /home/airflow/.local/lib/python3.8/site-packages/airflow/example_dags/example_short_circuit_decorator.py
[2023-12-20T22:52:06.245+0000] {logging_mixin.py:188} INFO - [2023-12-20T22:52:06.245+0000] {dag.py:3033} INFO - Sync 1 DAGs
[2023-12-20T22:52:06.263+0000] {logging_mixin.py:188} INFO - [2023-12-20T22:52:06.263+0000] {dag.py:3820} INFO - Setting next_dagrun for example_short_circuit_decorator to 2023-12-19T00:00:00+00:00, run_after=2023-12-20T00:00:00+00:00
[2023-12-20T22:52:06.280+0000] {processor.py:183} INFO - Processing /home/airflow/.local/lib/python3.8/site-packages/airflow/example_dags/example_short_circuit_decorator.py took 0.081 seconds
[2023-12-20T22:52:36.564+0000] {processor.py:161} INFO - Started process (PID=1588) to work on /home/airflow/.local/lib/python3.8/site-packages/airflow/example_dags/example_short_circuit_decorator.py
[2023-12-20T22:52:36.566+0000] {processor.py:830} INFO - Processing file /home/airflow/.local/lib/python3.8/site-packages/airflow/example_dags/example_short_circuit_decorator.py for tasks to queue
[2023-12-20T22:52:36.569+0000] {logging_mixin.py:188} INFO - [2023-12-20T22:52:36.569+0000] {dagbag.py:538} INFO - Filling up the DagBag from /home/airflow/.local/lib/python3.8/site-packages/airflow/example_dags/example_short_circuit_decorator.py
[2023-12-20T22:52:36.581+0000] {processor.py:840} INFO - DAG(s) 'example_short_circuit_decorator' retrieved from /home/airflow/.local/lib/python3.8/site-packages/airflow/example_dags/example_short_circuit_decorator.py
[2023-12-20T22:52:36.608+0000] {logging_mixin.py:188} INFO - [2023-12-20T22:52:36.608+0000] {dag.py:3033} INFO - Sync 1 DAGs
[2023-12-20T22:52:36.627+0000] {logging_mixin.py:188} INFO - [2023-12-20T22:52:36.627+0000] {dag.py:3820} INFO - Setting next_dagrun for example_short_circuit_decorator to 2023-12-19T00:00:00+00:00, run_after=2023-12-20T00:00:00+00:00
[2023-12-20T22:52:36.641+0000] {processor.py:183} INFO - Processing /home/airflow/.local/lib/python3.8/site-packages/airflow/example_dags/example_short_circuit_decorator.py took 0.083 seconds
[2023-12-20T22:53:06.714+0000] {processor.py:161} INFO - Started process (PID=1643) to work on /home/airflow/.local/lib/python3.8/site-packages/airflow/example_dags/example_short_circuit_decorator.py
[2023-12-20T22:53:06.716+0000] {processor.py:830} INFO - Processing file /home/airflow/.local/lib/python3.8/site-packages/airflow/example_dags/example_short_circuit_decorator.py for tasks to queue
[2023-12-20T22:53:06.718+0000] {logging_mixin.py:188} INFO - [2023-12-20T22:53:06.718+0000] {dagbag.py:538} INFO - Filling up the DagBag from /home/airflow/.local/lib/python3.8/site-packages/airflow/example_dags/example_short_circuit_decorator.py
[2023-12-20T22:53:06.728+0000] {processor.py:840} INFO - DAG(s) 'example_short_circuit_decorator' retrieved from /home/airflow/.local/lib/python3.8/site-packages/airflow/example_dags/example_short_circuit_decorator.py
[2023-12-20T22:53:06.752+0000] {logging_mixin.py:188} INFO - [2023-12-20T22:53:06.751+0000] {dag.py:3033} INFO - Sync 1 DAGs
[2023-12-20T22:53:06.769+0000] {logging_mixin.py:188} INFO - [2023-12-20T22:53:06.769+0000] {dag.py:3820} INFO - Setting next_dagrun for example_short_circuit_decorator to 2023-12-19T00:00:00+00:00, run_after=2023-12-20T00:00:00+00:00
[2023-12-20T22:53:06.925+0000] {processor.py:183} INFO - Processing /home/airflow/.local/lib/python3.8/site-packages/airflow/example_dags/example_short_circuit_decorator.py took 0.215 seconds
[2023-12-20T22:53:37.310+0000] {processor.py:161} INFO - Started process (PID=1699) to work on /home/airflow/.local/lib/python3.8/site-packages/airflow/example_dags/example_short_circuit_decorator.py
[2023-12-20T22:53:37.313+0000] {processor.py:830} INFO - Processing file /home/airflow/.local/lib/python3.8/site-packages/airflow/example_dags/example_short_circuit_decorator.py for tasks to queue
[2023-12-20T22:53:37.318+0000] {logging_mixin.py:188} INFO - [2023-12-20T22:53:37.317+0000] {dagbag.py:538} INFO - Filling up the DagBag from /home/airflow/.local/lib/python3.8/site-packages/airflow/example_dags/example_short_circuit_decorator.py
[2023-12-20T22:53:37.329+0000] {processor.py:840} INFO - DAG(s) 'example_short_circuit_decorator' retrieved from /home/airflow/.local/lib/python3.8/site-packages/airflow/example_dags/example_short_circuit_decorator.py
[2023-12-20T22:53:37.362+0000] {logging_mixin.py:188} INFO - [2023-12-20T22:53:37.362+0000] {dag.py:3033} INFO - Sync 1 DAGs
[2023-12-20T22:53:37.409+0000] {logging_mixin.py:188} INFO - [2023-12-20T22:53:37.409+0000] {dag.py:3820} INFO - Setting next_dagrun for example_short_circuit_decorator to 2023-12-19T00:00:00+00:00, run_after=2023-12-20T00:00:00+00:00
[2023-12-20T22:53:37.600+0000] {processor.py:183} INFO - Processing /home/airflow/.local/lib/python3.8/site-packages/airflow/example_dags/example_short_circuit_decorator.py took 0.296 seconds
[2023-12-20T22:54:09.884+0000] {processor.py:161} INFO - Started process (PID=1755) to work on /home/airflow/.local/lib/python3.8/site-packages/airflow/example_dags/example_short_circuit_decorator.py
[2023-12-20T22:54:09.892+0000] {processor.py:830} INFO - Processing file /home/airflow/.local/lib/python3.8/site-packages/airflow/example_dags/example_short_circuit_decorator.py for tasks to queue
[2023-12-20T22:54:09.914+0000] {logging_mixin.py:188} INFO - [2023-12-20T22:54:09.911+0000] {dagbag.py:538} INFO - Filling up the DagBag from /home/airflow/.local/lib/python3.8/site-packages/airflow/example_dags/example_short_circuit_decorator.py
[2023-12-20T22:54:09.980+0000] {processor.py:840} INFO - DAG(s) 'example_short_circuit_decorator' retrieved from /home/airflow/.local/lib/python3.8/site-packages/airflow/example_dags/example_short_circuit_decorator.py
[2023-12-20T22:54:10.241+0000] {logging_mixin.py:188} INFO - [2023-12-20T22:54:10.240+0000] {dag.py:3033} INFO - Sync 1 DAGs
[2023-12-20T22:54:10.393+0000] {logging_mixin.py:188} INFO - [2023-12-20T22:54:10.393+0000] {dag.py:3820} INFO - Setting next_dagrun for example_short_circuit_decorator to 2023-12-19T00:00:00+00:00, run_after=2023-12-20T00:00:00+00:00
[2023-12-20T22:54:10.483+0000] {processor.py:183} INFO - Processing /home/airflow/.local/lib/python3.8/site-packages/airflow/example_dags/example_short_circuit_decorator.py took 0.624 seconds
[2023-12-20T22:55:14.817+0000] {processor.py:161} INFO - Started process (PID=1821) to work on /home/airflow/.local/lib/python3.8/site-packages/airflow/example_dags/example_short_circuit_decorator.py
[2023-12-20T22:55:14.820+0000] {processor.py:830} INFO - Processing file /home/airflow/.local/lib/python3.8/site-packages/airflow/example_dags/example_short_circuit_decorator.py for tasks to queue
[2023-12-20T22:55:14.830+0000] {logging_mixin.py:188} INFO - [2023-12-20T22:55:14.829+0000] {dagbag.py:538} INFO - Filling up the DagBag from /home/airflow/.local/lib/python3.8/site-packages/airflow/example_dags/example_short_circuit_decorator.py
[2023-12-20T22:55:14.871+0000] {processor.py:840} INFO - DAG(s) 'example_short_circuit_decorator' retrieved from /home/airflow/.local/lib/python3.8/site-packages/airflow/example_dags/example_short_circuit_decorator.py
[2023-12-20T22:55:15.109+0000] {logging_mixin.py:188} INFO - [2023-12-20T22:55:15.106+0000] {dag.py:3033} INFO - Sync 1 DAGs
[2023-12-20T22:55:16.037+0000] {logging_mixin.py:188} INFO - [2023-12-20T22:55:16.023+0000] {dag.py:3820} INFO - Setting next_dagrun for example_short_circuit_decorator to 2023-12-19T00:00:00+00:00, run_after=2023-12-20T00:00:00+00:00
[2023-12-20T22:55:20.913+0000] {processor.py:183} INFO - Processing /home/airflow/.local/lib/python3.8/site-packages/airflow/example_dags/example_short_circuit_decorator.py took 6.114 seconds
[2023-12-20T22:56:01.262+0000] {processor.py:161} INFO - Started process (PID=1872) to work on /home/airflow/.local/lib/python3.8/site-packages/airflow/example_dags/example_short_circuit_decorator.py
[2023-12-20T22:56:01.276+0000] {processor.py:830} INFO - Processing file /home/airflow/.local/lib/python3.8/site-packages/airflow/example_dags/example_short_circuit_decorator.py for tasks to queue
[2023-12-20T22:56:01.336+0000] {logging_mixin.py:188} INFO - [2023-12-20T22:56:01.335+0000] {dagbag.py:538} INFO - Filling up the DagBag from /home/airflow/.local/lib/python3.8/site-packages/airflow/example_dags/example_short_circuit_decorator.py
[2023-12-20T22:56:01.406+0000] {processor.py:840} INFO - DAG(s) 'example_short_circuit_decorator' retrieved from /home/airflow/.local/lib/python3.8/site-packages/airflow/example_dags/example_short_circuit_decorator.py
[2023-12-20T22:56:01.517+0000] {logging_mixin.py:188} INFO - [2023-12-20T22:56:01.516+0000] {dag.py:3033} INFO - Sync 1 DAGs
[2023-12-20T22:56:01.590+0000] {logging_mixin.py:188} INFO - [2023-12-20T22:56:01.589+0000] {dag.py:3820} INFO - Setting next_dagrun for example_short_circuit_decorator to 2023-12-19T00:00:00+00:00, run_after=2023-12-20T00:00:00+00:00
[2023-12-20T22:56:01.654+0000] {processor.py:183} INFO - Processing /home/airflow/.local/lib/python3.8/site-packages/airflow/example_dags/example_short_circuit_decorator.py took 0.424 seconds
[2023-12-20T22:56:43.346+0000] {processor.py:161} INFO - Started process (PID=1936) to work on /home/airflow/.local/lib/python3.8/site-packages/airflow/example_dags/example_short_circuit_decorator.py
[2023-12-20T22:56:43.349+0000] {processor.py:830} INFO - Processing file /home/airflow/.local/lib/python3.8/site-packages/airflow/example_dags/example_short_circuit_decorator.py for tasks to queue
[2023-12-20T22:56:43.357+0000] {logging_mixin.py:188} INFO - [2023-12-20T22:56:43.356+0000] {dagbag.py:538} INFO - Filling up the DagBag from /home/airflow/.local/lib/python3.8/site-packages/airflow/example_dags/example_short_circuit_decorator.py
[2023-12-20T22:56:43.393+0000] {processor.py:840} INFO - DAG(s) 'example_short_circuit_decorator' retrieved from /home/airflow/.local/lib/python3.8/site-packages/airflow/example_dags/example_short_circuit_decorator.py
[2023-12-20T22:56:43.522+0000] {logging_mixin.py:188} INFO - [2023-12-20T22:56:43.522+0000] {dag.py:3033} INFO - Sync 1 DAGs
[2023-12-20T22:56:43.612+0000] {logging_mixin.py:188} INFO - [2023-12-20T22:56:43.611+0000] {dag.py:3820} INFO - Setting next_dagrun for example_short_circuit_decorator to 2023-12-19T00:00:00+00:00, run_after=2023-12-20T00:00:00+00:00
[2023-12-20T22:56:43.687+0000] {processor.py:183} INFO - Processing /home/airflow/.local/lib/python3.8/site-packages/airflow/example_dags/example_short_circuit_decorator.py took 0.351 seconds
[2023-12-20T22:57:51.770+0000] {processor.py:161} INFO - Started process (PID=1998) to work on /home/airflow/.local/lib/python3.8/site-packages/airflow/example_dags/example_short_circuit_decorator.py
[2023-12-20T22:57:51.812+0000] {processor.py:830} INFO - Processing file /home/airflow/.local/lib/python3.8/site-packages/airflow/example_dags/example_short_circuit_decorator.py for tasks to queue
[2023-12-20T22:57:51.955+0000] {logging_mixin.py:188} INFO - [2023-12-20T22:57:51.923+0000] {dagbag.py:538} INFO - Filling up the DagBag from /home/airflow/.local/lib/python3.8/site-packages/airflow/example_dags/example_short_circuit_decorator.py
[2023-12-20T22:57:52.931+0000] {processor.py:840} INFO - DAG(s) 'example_short_circuit_decorator' retrieved from /home/airflow/.local/lib/python3.8/site-packages/airflow/example_dags/example_short_circuit_decorator.py
[2023-12-20T22:57:53.678+0000] {logging_mixin.py:188} INFO - [2023-12-20T22:57:53.653+0000] {dag.py:3033} INFO - Sync 1 DAGs
[2023-12-20T22:57:53.949+0000] {logging_mixin.py:188} INFO - [2023-12-20T22:57:53.948+0000] {dag.py:3820} INFO - Setting next_dagrun for example_short_circuit_decorator to 2023-12-19T00:00:00+00:00, run_after=2023-12-20T00:00:00+00:00
[2023-12-20T22:57:54.181+0000] {processor.py:183} INFO - Processing /home/airflow/.local/lib/python3.8/site-packages/airflow/example_dags/example_short_circuit_decorator.py took 2.799 seconds
[2023-12-20T22:59:56.535+0000] {processor.py:161} INFO - Started process (PID=2065) to work on /home/airflow/.local/lib/python3.8/site-packages/airflow/example_dags/example_short_circuit_decorator.py
[2023-12-20T22:59:56.541+0000] {processor.py:830} INFO - Processing file /home/airflow/.local/lib/python3.8/site-packages/airflow/example_dags/example_short_circuit_decorator.py for tasks to queue
[2023-12-20T22:59:56.569+0000] {logging_mixin.py:188} INFO - [2023-12-20T22:59:56.568+0000] {dagbag.py:538} INFO - Filling up the DagBag from /home/airflow/.local/lib/python3.8/site-packages/airflow/example_dags/example_short_circuit_decorator.py
[2023-12-20T22:59:56.664+0000] {processor.py:840} INFO - DAG(s) 'example_short_circuit_decorator' retrieved from /home/airflow/.local/lib/python3.8/site-packages/airflow/example_dags/example_short_circuit_decorator.py
[2023-12-20T22:59:56.883+0000] {logging_mixin.py:188} INFO - [2023-12-20T22:59:56.883+0000] {dag.py:3033} INFO - Sync 1 DAGs
[2023-12-20T22:59:57.312+0000] {logging_mixin.py:188} INFO - [2023-12-20T22:59:57.279+0000] {dag.py:3820} INFO - Setting next_dagrun for example_short_circuit_decorator to 2023-12-19T00:00:00+00:00, run_after=2023-12-20T00:00:00+00:00
[2023-12-20T22:59:57.630+0000] {processor.py:183} INFO - Processing /home/airflow/.local/lib/python3.8/site-packages/airflow/example_dags/example_short_circuit_decorator.py took 1.135 seconds
[2023-12-20T23:01:14.825+0000] {processor.py:161} INFO - Started process (PID=2125) to work on /home/airflow/.local/lib/python3.8/site-packages/airflow/example_dags/example_short_circuit_decorator.py
[2023-12-20T23:01:14.834+0000] {processor.py:830} INFO - Processing file /home/airflow/.local/lib/python3.8/site-packages/airflow/example_dags/example_short_circuit_decorator.py for tasks to queue
[2023-12-20T23:01:14.857+0000] {logging_mixin.py:188} INFO - [2023-12-20T23:01:14.856+0000] {dagbag.py:538} INFO - Filling up the DagBag from /home/airflow/.local/lib/python3.8/site-packages/airflow/example_dags/example_short_circuit_decorator.py
[2023-12-20T23:01:14.949+0000] {processor.py:840} INFO - DAG(s) 'example_short_circuit_decorator' retrieved from /home/airflow/.local/lib/python3.8/site-packages/airflow/example_dags/example_short_circuit_decorator.py
[2023-12-20T23:01:19.216+0000] {logging_mixin.py:188} INFO - [2023-12-20T23:01:19.214+0000] {dag.py:3033} INFO - Sync 1 DAGs
[2023-12-20T23:01:19.587+0000] {logging_mixin.py:188} INFO - [2023-12-20T23:01:19.586+0000] {dag.py:3820} INFO - Setting next_dagrun for example_short_circuit_decorator to 2023-12-19T00:00:00+00:00, run_after=2023-12-20T00:00:00+00:00
[2023-12-20T23:01:19.874+0000] {processor.py:183} INFO - Processing /home/airflow/.local/lib/python3.8/site-packages/airflow/example_dags/example_short_circuit_decorator.py took 5.103 seconds
[2023-12-20T23:02:27.918+0000] {processor.py:161} INFO - Started process (PID=2201) to work on /home/airflow/.local/lib/python3.8/site-packages/airflow/example_dags/example_short_circuit_decorator.py
[2023-12-20T23:02:27.924+0000] {processor.py:830} INFO - Processing file /home/airflow/.local/lib/python3.8/site-packages/airflow/example_dags/example_short_circuit_decorator.py for tasks to queue
[2023-12-20T23:02:27.952+0000] {logging_mixin.py:188} INFO - [2023-12-20T23:02:27.948+0000] {dagbag.py:538} INFO - Filling up the DagBag from /home/airflow/.local/lib/python3.8/site-packages/airflow/example_dags/example_short_circuit_decorator.py
[2023-12-20T23:02:28.002+0000] {processor.py:840} INFO - DAG(s) 'example_short_circuit_decorator' retrieved from /home/airflow/.local/lib/python3.8/site-packages/airflow/example_dags/example_short_circuit_decorator.py
[2023-12-20T23:02:29.176+0000] {logging_mixin.py:188} INFO - [2023-12-20T23:02:29.175+0000] {dag.py:3033} INFO - Sync 1 DAGs
[2023-12-20T23:02:29.249+0000] {logging_mixin.py:188} INFO - [2023-12-20T23:02:29.249+0000] {dag.py:3820} INFO - Setting next_dagrun for example_short_circuit_decorator to 2023-12-19T00:00:00+00:00, run_after=2023-12-20T00:00:00+00:00
[2023-12-20T23:02:29.320+0000] {processor.py:183} INFO - Processing /home/airflow/.local/lib/python3.8/site-packages/airflow/example_dags/example_short_circuit_decorator.py took 1.423 seconds
[2023-12-20T23:03:25.466+0000] {processor.py:161} INFO - Started process (PID=2263) to work on /home/airflow/.local/lib/python3.8/site-packages/airflow/example_dags/example_short_circuit_decorator.py
[2023-12-20T23:03:25.486+0000] {processor.py:830} INFO - Processing file /home/airflow/.local/lib/python3.8/site-packages/airflow/example_dags/example_short_circuit_decorator.py for tasks to queue
[2023-12-20T23:03:25.530+0000] {logging_mixin.py:188} INFO - [2023-12-20T23:03:25.526+0000] {dagbag.py:538} INFO - Filling up the DagBag from /home/airflow/.local/lib/python3.8/site-packages/airflow/example_dags/example_short_circuit_decorator.py
[2023-12-20T23:03:25.629+0000] {processor.py:840} INFO - DAG(s) 'example_short_circuit_decorator' retrieved from /home/airflow/.local/lib/python3.8/site-packages/airflow/example_dags/example_short_circuit_decorator.py
[2023-12-20T23:03:25.792+0000] {logging_mixin.py:188} INFO - [2023-12-20T23:03:25.792+0000] {dag.py:3033} INFO - Sync 1 DAGs
[2023-12-20T23:03:25.891+0000] {logging_mixin.py:188} INFO - [2023-12-20T23:03:25.890+0000] {dag.py:3820} INFO - Setting next_dagrun for example_short_circuit_decorator to 2023-12-19T00:00:00+00:00, run_after=2023-12-20T00:00:00+00:00
[2023-12-20T23:03:25.956+0000] {processor.py:183} INFO - Processing /home/airflow/.local/lib/python3.8/site-packages/airflow/example_dags/example_short_circuit_decorator.py took 0.541 seconds
[2023-12-20T23:05:45.708+0000] {processor.py:161} INFO - Started process (PID=2316) to work on /home/airflow/.local/lib/python3.8/site-packages/airflow/example_dags/example_short_circuit_decorator.py
[2023-12-20T23:05:45.724+0000] {processor.py:830} INFO - Processing file /home/airflow/.local/lib/python3.8/site-packages/airflow/example_dags/example_short_circuit_decorator.py for tasks to queue
[2023-12-20T23:05:45.786+0000] {logging_mixin.py:188} INFO - [2023-12-20T23:05:45.784+0000] {dagbag.py:538} INFO - Filling up the DagBag from /home/airflow/.local/lib/python3.8/site-packages/airflow/example_dags/example_short_circuit_decorator.py
[2023-12-20T23:05:46.048+0000] {processor.py:840} INFO - DAG(s) 'example_short_circuit_decorator' retrieved from /home/airflow/.local/lib/python3.8/site-packages/airflow/example_dags/example_short_circuit_decorator.py
[2023-12-20T23:05:46.575+0000] {logging_mixin.py:188} INFO - [2023-12-20T23:05:46.573+0000] {dag.py:3033} INFO - Sync 1 DAGs
[2023-12-20T23:05:47.167+0000] {logging_mixin.py:188} INFO - [2023-12-20T23:05:47.146+0000] {dag.py:3820} INFO - Setting next_dagrun for example_short_circuit_decorator to 2023-12-19T00:00:00+00:00, run_after=2023-12-20T00:00:00+00:00
[2023-12-20T23:05:47.430+0000] {processor.py:183} INFO - Processing /home/airflow/.local/lib/python3.8/site-packages/airflow/example_dags/example_short_circuit_decorator.py took 1.776 seconds
[2023-12-20T23:07:00.107+0000] {processor.py:161} INFO - Started process (PID=2372) to work on /home/airflow/.local/lib/python3.8/site-packages/airflow/example_dags/example_short_circuit_decorator.py
[2023-12-20T23:07:00.131+0000] {processor.py:830} INFO - Processing file /home/airflow/.local/lib/python3.8/site-packages/airflow/example_dags/example_short_circuit_decorator.py for tasks to queue
[2023-12-20T23:07:00.170+0000] {logging_mixin.py:188} INFO - [2023-12-20T23:07:00.167+0000] {dagbag.py:538} INFO - Filling up the DagBag from /home/airflow/.local/lib/python3.8/site-packages/airflow/example_dags/example_short_circuit_decorator.py
[2023-12-20T23:07:00.609+0000] {processor.py:840} INFO - DAG(s) 'example_short_circuit_decorator' retrieved from /home/airflow/.local/lib/python3.8/site-packages/airflow/example_dags/example_short_circuit_decorator.py
[2023-12-20T23:07:01.244+0000] {logging_mixin.py:188} INFO - [2023-12-20T23:07:01.242+0000] {dag.py:3033} INFO - Sync 1 DAGs
[2023-12-20T23:07:01.901+0000] {logging_mixin.py:188} INFO - [2023-12-20T23:07:01.900+0000] {dag.py:3820} INFO - Setting next_dagrun for example_short_circuit_decorator to 2023-12-19T00:00:00+00:00, run_after=2023-12-20T00:00:00+00:00
[2023-12-20T23:07:02.546+0000] {processor.py:183} INFO - Processing /home/airflow/.local/lib/python3.8/site-packages/airflow/example_dags/example_short_circuit_decorator.py took 2.534 seconds
[2023-12-20T23:08:29.698+0000] {processor.py:161} INFO - Started process (PID=2429) to work on /home/airflow/.local/lib/python3.8/site-packages/airflow/example_dags/example_short_circuit_decorator.py
[2023-12-20T23:08:29.726+0000] {processor.py:830} INFO - Processing file /home/airflow/.local/lib/python3.8/site-packages/airflow/example_dags/example_short_circuit_decorator.py for tasks to queue
[2023-12-20T23:08:29.759+0000] {logging_mixin.py:188} INFO - [2023-12-20T23:08:29.757+0000] {dagbag.py:538} INFO - Filling up the DagBag from /home/airflow/.local/lib/python3.8/site-packages/airflow/example_dags/example_short_circuit_decorator.py
[2023-12-20T23:08:30.066+0000] {processor.py:840} INFO - DAG(s) 'example_short_circuit_decorator' retrieved from /home/airflow/.local/lib/python3.8/site-packages/airflow/example_dags/example_short_circuit_decorator.py
[2023-12-20T23:08:30.683+0000] {logging_mixin.py:188} INFO - [2023-12-20T23:08:30.658+0000] {dag.py:3033} INFO - Sync 1 DAGs
[2023-12-20T23:08:31.070+0000] {logging_mixin.py:188} INFO - [2023-12-20T23:08:31.069+0000] {dag.py:3820} INFO - Setting next_dagrun for example_short_circuit_decorator to 2023-12-19T00:00:00+00:00, run_after=2023-12-20T00:00:00+00:00
[2023-12-20T23:08:31.591+0000] {processor.py:183} INFO - Processing /home/airflow/.local/lib/python3.8/site-packages/airflow/example_dags/example_short_circuit_decorator.py took 2.000 seconds
[2023-12-20T23:09:23.348+0000] {processor.py:161} INFO - Started process (PID=2492) to work on /home/airflow/.local/lib/python3.8/site-packages/airflow/example_dags/example_short_circuit_decorator.py
[2023-12-20T23:09:23.469+0000] {processor.py:830} INFO - Processing file /home/airflow/.local/lib/python3.8/site-packages/airflow/example_dags/example_short_circuit_decorator.py for tasks to queue
[2023-12-20T23:09:23.623+0000] {logging_mixin.py:188} INFO - [2023-12-20T23:09:23.584+0000] {dagbag.py:538} INFO - Filling up the DagBag from /home/airflow/.local/lib/python3.8/site-packages/airflow/example_dags/example_short_circuit_decorator.py
[2023-12-20T23:09:23.975+0000] {processor.py:840} INFO - DAG(s) 'example_short_circuit_decorator' retrieved from /home/airflow/.local/lib/python3.8/site-packages/airflow/example_dags/example_short_circuit_decorator.py
[2023-12-20T23:09:24.270+0000] {logging_mixin.py:188} INFO - [2023-12-20T23:09:24.259+0000] {dag.py:3033} INFO - Sync 1 DAGs
[2023-12-20T23:09:24.749+0000] {logging_mixin.py:188} INFO - [2023-12-20T23:09:24.748+0000] {dag.py:3820} INFO - Setting next_dagrun for example_short_circuit_decorator to 2023-12-19T00:00:00+00:00, run_after=2023-12-20T00:00:00+00:00
[2023-12-20T23:09:24.968+0000] {processor.py:183} INFO - Processing /home/airflow/.local/lib/python3.8/site-packages/airflow/example_dags/example_short_circuit_decorator.py took 1.738 seconds
[2023-12-20T23:10:20.884+0000] {processor.py:161} INFO - Started process (PID=2541) to work on /home/airflow/.local/lib/python3.8/site-packages/airflow/example_dags/example_short_circuit_decorator.py
[2023-12-20T23:10:20.905+0000] {processor.py:830} INFO - Processing file /home/airflow/.local/lib/python3.8/site-packages/airflow/example_dags/example_short_circuit_decorator.py for tasks to queue
[2023-12-20T23:10:20.922+0000] {logging_mixin.py:188} INFO - [2023-12-20T23:10:20.921+0000] {dagbag.py:538} INFO - Filling up the DagBag from /home/airflow/.local/lib/python3.8/site-packages/airflow/example_dags/example_short_circuit_decorator.py
[2023-12-20T23:10:21.146+0000] {processor.py:840} INFO - DAG(s) 'example_short_circuit_decorator' retrieved from /home/airflow/.local/lib/python3.8/site-packages/airflow/example_dags/example_short_circuit_decorator.py
[2023-12-20T23:10:21.625+0000] {logging_mixin.py:188} INFO - [2023-12-20T23:10:21.624+0000] {dag.py:3033} INFO - Sync 1 DAGs
[2023-12-20T23:10:22.213+0000] {logging_mixin.py:188} INFO - [2023-12-20T23:10:22.211+0000] {dag.py:3820} INFO - Setting next_dagrun for example_short_circuit_decorator to 2023-12-19T00:00:00+00:00, run_after=2023-12-20T00:00:00+00:00
[2023-12-20T23:10:22.690+0000] {processor.py:183} INFO - Processing /home/airflow/.local/lib/python3.8/site-packages/airflow/example_dags/example_short_circuit_decorator.py took 1.885 seconds
[2023-12-20T23:11:36.483+0000] {processor.py:161} INFO - Started process (PID=2586) to work on /home/airflow/.local/lib/python3.8/site-packages/airflow/example_dags/example_short_circuit_decorator.py
[2023-12-20T23:11:36.506+0000] {processor.py:830} INFO - Processing file /home/airflow/.local/lib/python3.8/site-packages/airflow/example_dags/example_short_circuit_decorator.py for tasks to queue
[2023-12-20T23:11:36.542+0000] {logging_mixin.py:188} INFO - [2023-12-20T23:11:36.541+0000] {dagbag.py:538} INFO - Filling up the DagBag from /home/airflow/.local/lib/python3.8/site-packages/airflow/example_dags/example_short_circuit_decorator.py
[2023-12-20T23:11:36.655+0000] {processor.py:840} INFO - DAG(s) 'example_short_circuit_decorator' retrieved from /home/airflow/.local/lib/python3.8/site-packages/airflow/example_dags/example_short_circuit_decorator.py
[2023-12-20T23:11:36.946+0000] {logging_mixin.py:188} INFO - [2023-12-20T23:11:36.946+0000] {dag.py:3033} INFO - Sync 1 DAGs
[2023-12-20T23:11:37.073+0000] {logging_mixin.py:188} INFO - [2023-12-20T23:11:37.072+0000] {dag.py:3820} INFO - Setting next_dagrun for example_short_circuit_decorator to 2023-12-19T00:00:00+00:00, run_after=2023-12-20T00:00:00+00:00
[2023-12-20T23:11:37.298+0000] {processor.py:183} INFO - Processing /home/airflow/.local/lib/python3.8/site-packages/airflow/example_dags/example_short_circuit_decorator.py took 0.857 seconds
[2023-12-20T23:12:30.923+0000] {processor.py:161} INFO - Started process (PID=2648) to work on /home/airflow/.local/lib/python3.8/site-packages/airflow/example_dags/example_short_circuit_decorator.py
[2023-12-20T23:12:30.933+0000] {processor.py:830} INFO - Processing file /home/airflow/.local/lib/python3.8/site-packages/airflow/example_dags/example_short_circuit_decorator.py for tasks to queue
[2023-12-20T23:12:30.986+0000] {logging_mixin.py:188} INFO - [2023-12-20T23:12:30.980+0000] {dagbag.py:538} INFO - Filling up the DagBag from /home/airflow/.local/lib/python3.8/site-packages/airflow/example_dags/example_short_circuit_decorator.py
[2023-12-20T23:12:31.085+0000] {processor.py:840} INFO - DAG(s) 'example_short_circuit_decorator' retrieved from /home/airflow/.local/lib/python3.8/site-packages/airflow/example_dags/example_short_circuit_decorator.py
[2023-12-20T23:12:31.349+0000] {logging_mixin.py:188} INFO - [2023-12-20T23:12:31.348+0000] {dag.py:3033} INFO - Sync 1 DAGs
[2023-12-20T23:12:31.753+0000] {logging_mixin.py:188} INFO - [2023-12-20T23:12:31.753+0000] {dag.py:3820} INFO - Setting next_dagrun for example_short_circuit_decorator to 2023-12-19T00:00:00+00:00, run_after=2023-12-20T00:00:00+00:00
[2023-12-20T23:12:31.969+0000] {processor.py:183} INFO - Processing /home/airflow/.local/lib/python3.8/site-packages/airflow/example_dags/example_short_circuit_decorator.py took 1.062 seconds
[2023-12-20T23:13:28.049+0000] {processor.py:161} INFO - Started process (PID=2714) to work on /home/airflow/.local/lib/python3.8/site-packages/airflow/example_dags/example_short_circuit_decorator.py
[2023-12-20T23:13:28.085+0000] {processor.py:830} INFO - Processing file /home/airflow/.local/lib/python3.8/site-packages/airflow/example_dags/example_short_circuit_decorator.py for tasks to queue
[2023-12-20T23:13:28.139+0000] {logging_mixin.py:188} INFO - [2023-12-20T23:13:28.121+0000] {dagbag.py:538} INFO - Filling up the DagBag from /home/airflow/.local/lib/python3.8/site-packages/airflow/example_dags/example_short_circuit_decorator.py
[2023-12-20T23:13:28.331+0000] {processor.py:840} INFO - DAG(s) 'example_short_circuit_decorator' retrieved from /home/airflow/.local/lib/python3.8/site-packages/airflow/example_dags/example_short_circuit_decorator.py
[2023-12-20T23:13:28.495+0000] {logging_mixin.py:188} INFO - [2023-12-20T23:13:28.494+0000] {dag.py:3033} INFO - Sync 1 DAGs
[2023-12-20T23:13:28.606+0000] {logging_mixin.py:188} INFO - [2023-12-20T23:13:28.605+0000] {dag.py:3820} INFO - Setting next_dagrun for example_short_circuit_decorator to 2023-12-19T00:00:00+00:00, run_after=2023-12-20T00:00:00+00:00
[2023-12-20T23:13:28.769+0000] {processor.py:183} INFO - Processing /home/airflow/.local/lib/python3.8/site-packages/airflow/example_dags/example_short_circuit_decorator.py took 0.770 seconds
