[2023-12-20T22:38:27.419+0000] {processor.py:161} INFO - Started process (PID=60) to work on /home/airflow/.local/lib/python3.8/site-packages/airflow/example_dags/example_local_kubernetes_executor.py
[2023-12-20T22:38:27.422+0000] {processor.py:830} INFO - Processing file /home/airflow/.local/lib/python3.8/site-packages/airflow/example_dags/example_local_kubernetes_executor.py for tasks to queue
[2023-12-20T22:38:27.450+0000] {logging_mixin.py:188} INFO - [2023-12-20T22:38:27.448+0000] {dagbag.py:538} INFO - Filling up the DagBag from /home/airflow/.local/lib/python3.8/site-packages/airflow/example_dags/example_local_kubernetes_executor.py
[2023-12-20T22:38:27.550+0000] {processor.py:840} INFO - DAG(s) 'example_local_kubernetes_executor' retrieved from /home/airflow/.local/lib/python3.8/site-packages/airflow/example_dags/example_local_kubernetes_executor.py
[2023-12-20T22:38:28.070+0000] {logging_mixin.py:188} INFO - [2023-12-20T22:38:28.069+0000] {dag.py:3033} INFO - Sync 1 DAGs
[2023-12-20T22:38:28.129+0000] {logging_mixin.py:188} INFO - [2023-12-20T22:38:28.128+0000] {dag.py:3820} INFO - Setting next_dagrun for example_local_kubernetes_executor to None, run_after=None
[2023-12-20T22:38:28.169+0000] {processor.py:183} INFO - Processing /home/airflow/.local/lib/python3.8/site-packages/airflow/example_dags/example_local_kubernetes_executor.py took 0.785 seconds
[2023-12-20T22:38:58.678+0000] {processor.py:161} INFO - Started process (PID=115) to work on /home/airflow/.local/lib/python3.8/site-packages/airflow/example_dags/example_local_kubernetes_executor.py
[2023-12-20T22:38:58.681+0000] {processor.py:830} INFO - Processing file /home/airflow/.local/lib/python3.8/site-packages/airflow/example_dags/example_local_kubernetes_executor.py for tasks to queue
[2023-12-20T22:38:58.684+0000] {logging_mixin.py:188} INFO - [2023-12-20T22:38:58.683+0000] {dagbag.py:538} INFO - Filling up the DagBag from /home/airflow/.local/lib/python3.8/site-packages/airflow/example_dags/example_local_kubernetes_executor.py
[2023-12-20T22:38:58.694+0000] {processor.py:840} INFO - DAG(s) 'example_local_kubernetes_executor' retrieved from /home/airflow/.local/lib/python3.8/site-packages/airflow/example_dags/example_local_kubernetes_executor.py
[2023-12-20T22:38:58.732+0000] {logging_mixin.py:188} INFO - [2023-12-20T22:38:58.732+0000] {dag.py:3033} INFO - Sync 1 DAGs
[2023-12-20T22:38:58.742+0000] {logging_mixin.py:188} INFO - [2023-12-20T22:38:58.742+0000] {dag.py:3820} INFO - Setting next_dagrun for example_local_kubernetes_executor to None, run_after=None
[2023-12-20T22:38:58.756+0000] {processor.py:183} INFO - Processing /home/airflow/.local/lib/python3.8/site-packages/airflow/example_dags/example_local_kubernetes_executor.py took 0.083 seconds
[2023-12-20T22:39:29.157+0000] {processor.py:161} INFO - Started process (PID=170) to work on /home/airflow/.local/lib/python3.8/site-packages/airflow/example_dags/example_local_kubernetes_executor.py
[2023-12-20T22:39:29.159+0000] {processor.py:830} INFO - Processing file /home/airflow/.local/lib/python3.8/site-packages/airflow/example_dags/example_local_kubernetes_executor.py for tasks to queue
[2023-12-20T22:39:29.162+0000] {logging_mixin.py:188} INFO - [2023-12-20T22:39:29.162+0000] {dagbag.py:538} INFO - Filling up the DagBag from /home/airflow/.local/lib/python3.8/site-packages/airflow/example_dags/example_local_kubernetes_executor.py
[2023-12-20T22:39:29.174+0000] {processor.py:840} INFO - DAG(s) 'example_local_kubernetes_executor' retrieved from /home/airflow/.local/lib/python3.8/site-packages/airflow/example_dags/example_local_kubernetes_executor.py
[2023-12-20T22:39:29.220+0000] {logging_mixin.py:188} INFO - [2023-12-20T22:39:29.220+0000] {dag.py:3033} INFO - Sync 1 DAGs
[2023-12-20T22:39:29.231+0000] {logging_mixin.py:188} INFO - [2023-12-20T22:39:29.231+0000] {dag.py:3820} INFO - Setting next_dagrun for example_local_kubernetes_executor to None, run_after=None
[2023-12-20T22:39:29.246+0000] {processor.py:183} INFO - Processing /home/airflow/.local/lib/python3.8/site-packages/airflow/example_dags/example_local_kubernetes_executor.py took 0.096 seconds
[2023-12-20T22:39:59.525+0000] {processor.py:161} INFO - Started process (PID=226) to work on /home/airflow/.local/lib/python3.8/site-packages/airflow/example_dags/example_local_kubernetes_executor.py
[2023-12-20T22:39:59.527+0000] {processor.py:830} INFO - Processing file /home/airflow/.local/lib/python3.8/site-packages/airflow/example_dags/example_local_kubernetes_executor.py for tasks to queue
[2023-12-20T22:39:59.530+0000] {logging_mixin.py:188} INFO - [2023-12-20T22:39:59.529+0000] {dagbag.py:538} INFO - Filling up the DagBag from /home/airflow/.local/lib/python3.8/site-packages/airflow/example_dags/example_local_kubernetes_executor.py
[2023-12-20T22:39:59.542+0000] {processor.py:840} INFO - DAG(s) 'example_local_kubernetes_executor' retrieved from /home/airflow/.local/lib/python3.8/site-packages/airflow/example_dags/example_local_kubernetes_executor.py
[2023-12-20T22:39:59.585+0000] {logging_mixin.py:188} INFO - [2023-12-20T22:39:59.584+0000] {dag.py:3033} INFO - Sync 1 DAGs
[2023-12-20T22:39:59.596+0000] {logging_mixin.py:188} INFO - [2023-12-20T22:39:59.596+0000] {dag.py:3820} INFO - Setting next_dagrun for example_local_kubernetes_executor to None, run_after=None
[2023-12-20T22:39:59.611+0000] {processor.py:183} INFO - Processing /home/airflow/.local/lib/python3.8/site-packages/airflow/example_dags/example_local_kubernetes_executor.py took 0.091 seconds
[2023-12-20T22:40:29.716+0000] {processor.py:161} INFO - Started process (PID=281) to work on /home/airflow/.local/lib/python3.8/site-packages/airflow/example_dags/example_local_kubernetes_executor.py
[2023-12-20T22:40:29.718+0000] {processor.py:830} INFO - Processing file /home/airflow/.local/lib/python3.8/site-packages/airflow/example_dags/example_local_kubernetes_executor.py for tasks to queue
[2023-12-20T22:40:29.725+0000] {logging_mixin.py:188} INFO - [2023-12-20T22:40:29.723+0000] {dagbag.py:538} INFO - Filling up the DagBag from /home/airflow/.local/lib/python3.8/site-packages/airflow/example_dags/example_local_kubernetes_executor.py
[2023-12-20T22:40:29.751+0000] {processor.py:840} INFO - DAG(s) 'example_local_kubernetes_executor' retrieved from /home/airflow/.local/lib/python3.8/site-packages/airflow/example_dags/example_local_kubernetes_executor.py
[2023-12-20T22:40:29.863+0000] {logging_mixin.py:188} INFO - [2023-12-20T22:40:29.863+0000] {dag.py:3033} INFO - Sync 1 DAGs
[2023-12-20T22:40:29.886+0000] {logging_mixin.py:188} INFO - [2023-12-20T22:40:29.886+0000] {dag.py:3820} INFO - Setting next_dagrun for example_local_kubernetes_executor to None, run_after=None
[2023-12-20T22:40:29.911+0000] {processor.py:183} INFO - Processing /home/airflow/.local/lib/python3.8/site-packages/airflow/example_dags/example_local_kubernetes_executor.py took 0.202 seconds
[2023-12-20T22:40:59.994+0000] {processor.py:161} INFO - Started process (PID=336) to work on /home/airflow/.local/lib/python3.8/site-packages/airflow/example_dags/example_local_kubernetes_executor.py
[2023-12-20T22:40:59.996+0000] {processor.py:830} INFO - Processing file /home/airflow/.local/lib/python3.8/site-packages/airflow/example_dags/example_local_kubernetes_executor.py for tasks to queue
[2023-12-20T22:41:00.001+0000] {logging_mixin.py:188} INFO - [2023-12-20T22:41:00.001+0000] {dagbag.py:538} INFO - Filling up the DagBag from /home/airflow/.local/lib/python3.8/site-packages/airflow/example_dags/example_local_kubernetes_executor.py
[2023-12-20T22:41:00.019+0000] {processor.py:840} INFO - DAG(s) 'example_local_kubernetes_executor' retrieved from /home/airflow/.local/lib/python3.8/site-packages/airflow/example_dags/example_local_kubernetes_executor.py
[2023-12-20T22:41:00.070+0000] {logging_mixin.py:188} INFO - [2023-12-20T22:41:00.069+0000] {dag.py:3033} INFO - Sync 1 DAGs
[2023-12-20T22:41:00.082+0000] {logging_mixin.py:188} INFO - [2023-12-20T22:41:00.082+0000] {dag.py:3820} INFO - Setting next_dagrun for example_local_kubernetes_executor to None, run_after=None
[2023-12-20T22:41:00.108+0000] {processor.py:183} INFO - Processing /home/airflow/.local/lib/python3.8/site-packages/airflow/example_dags/example_local_kubernetes_executor.py took 0.121 seconds
[2023-12-20T22:41:30.517+0000] {processor.py:161} INFO - Started process (PID=390) to work on /home/airflow/.local/lib/python3.8/site-packages/airflow/example_dags/example_local_kubernetes_executor.py
[2023-12-20T22:41:30.523+0000] {processor.py:830} INFO - Processing file /home/airflow/.local/lib/python3.8/site-packages/airflow/example_dags/example_local_kubernetes_executor.py for tasks to queue
[2023-12-20T22:41:30.532+0000] {logging_mixin.py:188} INFO - [2023-12-20T22:41:30.531+0000] {dagbag.py:538} INFO - Filling up the DagBag from /home/airflow/.local/lib/python3.8/site-packages/airflow/example_dags/example_local_kubernetes_executor.py
[2023-12-20T22:41:30.561+0000] {processor.py:840} INFO - DAG(s) 'example_local_kubernetes_executor' retrieved from /home/airflow/.local/lib/python3.8/site-packages/airflow/example_dags/example_local_kubernetes_executor.py
[2023-12-20T22:41:30.619+0000] {logging_mixin.py:188} INFO - [2023-12-20T22:41:30.618+0000] {dag.py:3033} INFO - Sync 1 DAGs
[2023-12-20T22:41:30.634+0000] {logging_mixin.py:188} INFO - [2023-12-20T22:41:30.634+0000] {dag.py:3820} INFO - Setting next_dagrun for example_local_kubernetes_executor to None, run_after=None
[2023-12-20T22:41:30.652+0000] {processor.py:183} INFO - Processing /home/airflow/.local/lib/python3.8/site-packages/airflow/example_dags/example_local_kubernetes_executor.py took 0.151 seconds
[2023-12-20T22:42:01.307+0000] {processor.py:161} INFO - Started process (PID=445) to work on /home/airflow/.local/lib/python3.8/site-packages/airflow/example_dags/example_local_kubernetes_executor.py
[2023-12-20T22:42:01.310+0000] {processor.py:830} INFO - Processing file /home/airflow/.local/lib/python3.8/site-packages/airflow/example_dags/example_local_kubernetes_executor.py for tasks to queue
[2023-12-20T22:42:01.315+0000] {logging_mixin.py:188} INFO - [2023-12-20T22:42:01.314+0000] {dagbag.py:538} INFO - Filling up the DagBag from /home/airflow/.local/lib/python3.8/site-packages/airflow/example_dags/example_local_kubernetes_executor.py
[2023-12-20T22:42:01.355+0000] {processor.py:840} INFO - DAG(s) 'example_local_kubernetes_executor' retrieved from /home/airflow/.local/lib/python3.8/site-packages/airflow/example_dags/example_local_kubernetes_executor.py
[2023-12-20T22:42:01.417+0000] {logging_mixin.py:188} INFO - [2023-12-20T22:42:01.417+0000] {dag.py:3033} INFO - Sync 1 DAGs
[2023-12-20T22:42:01.436+0000] {logging_mixin.py:188} INFO - [2023-12-20T22:42:01.436+0000] {dag.py:3820} INFO - Setting next_dagrun for example_local_kubernetes_executor to None, run_after=None
[2023-12-20T22:42:01.456+0000] {processor.py:183} INFO - Processing /home/airflow/.local/lib/python3.8/site-packages/airflow/example_dags/example_local_kubernetes_executor.py took 0.154 seconds
[2023-12-20T22:42:31.532+0000] {processor.py:161} INFO - Started process (PID=499) to work on /home/airflow/.local/lib/python3.8/site-packages/airflow/example_dags/example_local_kubernetes_executor.py
[2023-12-20T22:42:31.534+0000] {processor.py:830} INFO - Processing file /home/airflow/.local/lib/python3.8/site-packages/airflow/example_dags/example_local_kubernetes_executor.py for tasks to queue
[2023-12-20T22:42:31.538+0000] {logging_mixin.py:188} INFO - [2023-12-20T22:42:31.537+0000] {dagbag.py:538} INFO - Filling up the DagBag from /home/airflow/.local/lib/python3.8/site-packages/airflow/example_dags/example_local_kubernetes_executor.py
[2023-12-20T22:42:31.551+0000] {processor.py:840} INFO - DAG(s) 'example_local_kubernetes_executor' retrieved from /home/airflow/.local/lib/python3.8/site-packages/airflow/example_dags/example_local_kubernetes_executor.py
[2023-12-20T22:42:31.597+0000] {logging_mixin.py:188} INFO - [2023-12-20T22:42:31.597+0000] {dag.py:3033} INFO - Sync 1 DAGs
[2023-12-20T22:42:31.609+0000] {logging_mixin.py:188} INFO - [2023-12-20T22:42:31.609+0000] {dag.py:3820} INFO - Setting next_dagrun for example_local_kubernetes_executor to None, run_after=None
[2023-12-20T22:42:31.627+0000] {processor.py:183} INFO - Processing /home/airflow/.local/lib/python3.8/site-packages/airflow/example_dags/example_local_kubernetes_executor.py took 0.100 seconds
[2023-12-20T22:43:01.808+0000] {processor.py:161} INFO - Started process (PID=553) to work on /home/airflow/.local/lib/python3.8/site-packages/airflow/example_dags/example_local_kubernetes_executor.py
[2023-12-20T22:43:01.810+0000] {processor.py:830} INFO - Processing file /home/airflow/.local/lib/python3.8/site-packages/airflow/example_dags/example_local_kubernetes_executor.py for tasks to queue
[2023-12-20T22:43:01.813+0000] {logging_mixin.py:188} INFO - [2023-12-20T22:43:01.813+0000] {dagbag.py:538} INFO - Filling up the DagBag from /home/airflow/.local/lib/python3.8/site-packages/airflow/example_dags/example_local_kubernetes_executor.py
[2023-12-20T22:43:01.823+0000] {processor.py:840} INFO - DAG(s) 'example_local_kubernetes_executor' retrieved from /home/airflow/.local/lib/python3.8/site-packages/airflow/example_dags/example_local_kubernetes_executor.py
[2023-12-20T22:43:01.866+0000] {logging_mixin.py:188} INFO - [2023-12-20T22:43:01.865+0000] {dag.py:3033} INFO - Sync 1 DAGs
[2023-12-20T22:43:01.878+0000] {logging_mixin.py:188} INFO - [2023-12-20T22:43:01.878+0000] {dag.py:3820} INFO - Setting next_dagrun for example_local_kubernetes_executor to None, run_after=None
[2023-12-20T22:43:01.893+0000] {processor.py:183} INFO - Processing /home/airflow/.local/lib/python3.8/site-packages/airflow/example_dags/example_local_kubernetes_executor.py took 0.092 seconds
[2023-12-20T22:43:32.350+0000] {processor.py:161} INFO - Started process (PID=608) to work on /home/airflow/.local/lib/python3.8/site-packages/airflow/example_dags/example_local_kubernetes_executor.py
[2023-12-20T22:43:32.353+0000] {processor.py:830} INFO - Processing file /home/airflow/.local/lib/python3.8/site-packages/airflow/example_dags/example_local_kubernetes_executor.py for tasks to queue
[2023-12-20T22:43:32.356+0000] {logging_mixin.py:188} INFO - [2023-12-20T22:43:32.356+0000] {dagbag.py:538} INFO - Filling up the DagBag from /home/airflow/.local/lib/python3.8/site-packages/airflow/example_dags/example_local_kubernetes_executor.py
[2023-12-20T22:43:32.367+0000] {processor.py:840} INFO - DAG(s) 'example_local_kubernetes_executor' retrieved from /home/airflow/.local/lib/python3.8/site-packages/airflow/example_dags/example_local_kubernetes_executor.py
[2023-12-20T22:43:32.404+0000] {logging_mixin.py:188} INFO - [2023-12-20T22:43:32.404+0000] {dag.py:3033} INFO - Sync 1 DAGs
[2023-12-20T22:43:32.414+0000] {logging_mixin.py:188} INFO - [2023-12-20T22:43:32.414+0000] {dag.py:3820} INFO - Setting next_dagrun for example_local_kubernetes_executor to None, run_after=None
[2023-12-20T22:43:32.429+0000] {processor.py:183} INFO - Processing /home/airflow/.local/lib/python3.8/site-packages/airflow/example_dags/example_local_kubernetes_executor.py took 0.084 seconds
[2023-12-20T22:44:02.692+0000] {processor.py:161} INFO - Started process (PID=663) to work on /home/airflow/.local/lib/python3.8/site-packages/airflow/example_dags/example_local_kubernetes_executor.py
[2023-12-20T22:44:02.693+0000] {processor.py:830} INFO - Processing file /home/airflow/.local/lib/python3.8/site-packages/airflow/example_dags/example_local_kubernetes_executor.py for tasks to queue
[2023-12-20T22:44:02.696+0000] {logging_mixin.py:188} INFO - [2023-12-20T22:44:02.696+0000] {dagbag.py:538} INFO - Filling up the DagBag from /home/airflow/.local/lib/python3.8/site-packages/airflow/example_dags/example_local_kubernetes_executor.py
[2023-12-20T22:44:02.709+0000] {processor.py:840} INFO - DAG(s) 'example_local_kubernetes_executor' retrieved from /home/airflow/.local/lib/python3.8/site-packages/airflow/example_dags/example_local_kubernetes_executor.py
[2023-12-20T22:44:02.751+0000] {logging_mixin.py:188} INFO - [2023-12-20T22:44:02.751+0000] {dag.py:3033} INFO - Sync 1 DAGs
[2023-12-20T22:44:02.764+0000] {logging_mixin.py:188} INFO - [2023-12-20T22:44:02.764+0000] {dag.py:3820} INFO - Setting next_dagrun for example_local_kubernetes_executor to None, run_after=None
[2023-12-20T22:44:02.782+0000] {processor.py:183} INFO - Processing /home/airflow/.local/lib/python3.8/site-packages/airflow/example_dags/example_local_kubernetes_executor.py took 0.096 seconds
[2023-12-20T22:44:33.129+0000] {processor.py:161} INFO - Started process (PID=718) to work on /home/airflow/.local/lib/python3.8/site-packages/airflow/example_dags/example_local_kubernetes_executor.py
[2023-12-20T22:44:33.130+0000] {processor.py:830} INFO - Processing file /home/airflow/.local/lib/python3.8/site-packages/airflow/example_dags/example_local_kubernetes_executor.py for tasks to queue
[2023-12-20T22:44:33.133+0000] {logging_mixin.py:188} INFO - [2023-12-20T22:44:33.133+0000] {dagbag.py:538} INFO - Filling up the DagBag from /home/airflow/.local/lib/python3.8/site-packages/airflow/example_dags/example_local_kubernetes_executor.py
[2023-12-20T22:44:33.145+0000] {processor.py:840} INFO - DAG(s) 'example_local_kubernetes_executor' retrieved from /home/airflow/.local/lib/python3.8/site-packages/airflow/example_dags/example_local_kubernetes_executor.py
[2023-12-20T22:44:33.183+0000] {logging_mixin.py:188} INFO - [2023-12-20T22:44:33.183+0000] {dag.py:3033} INFO - Sync 1 DAGs
[2023-12-20T22:44:33.193+0000] {logging_mixin.py:188} INFO - [2023-12-20T22:44:33.193+0000] {dag.py:3820} INFO - Setting next_dagrun for example_local_kubernetes_executor to None, run_after=None
[2023-12-20T22:44:33.209+0000] {processor.py:183} INFO - Processing /home/airflow/.local/lib/python3.8/site-packages/airflow/example_dags/example_local_kubernetes_executor.py took 0.085 seconds
[2023-12-20T22:45:03.881+0000] {processor.py:161} INFO - Started process (PID=773) to work on /home/airflow/.local/lib/python3.8/site-packages/airflow/example_dags/example_local_kubernetes_executor.py
[2023-12-20T22:45:03.883+0000] {processor.py:830} INFO - Processing file /home/airflow/.local/lib/python3.8/site-packages/airflow/example_dags/example_local_kubernetes_executor.py for tasks to queue
[2023-12-20T22:45:03.886+0000] {logging_mixin.py:188} INFO - [2023-12-20T22:45:03.885+0000] {dagbag.py:538} INFO - Filling up the DagBag from /home/airflow/.local/lib/python3.8/site-packages/airflow/example_dags/example_local_kubernetes_executor.py
[2023-12-20T22:45:03.897+0000] {processor.py:840} INFO - DAG(s) 'example_local_kubernetes_executor' retrieved from /home/airflow/.local/lib/python3.8/site-packages/airflow/example_dags/example_local_kubernetes_executor.py
[2023-12-20T22:45:03.939+0000] {logging_mixin.py:188} INFO - [2023-12-20T22:45:03.939+0000] {dag.py:3033} INFO - Sync 1 DAGs
[2023-12-20T22:45:03.952+0000] {logging_mixin.py:188} INFO - [2023-12-20T22:45:03.952+0000] {dag.py:3820} INFO - Setting next_dagrun for example_local_kubernetes_executor to None, run_after=None
[2023-12-20T22:45:03.967+0000] {processor.py:183} INFO - Processing /home/airflow/.local/lib/python3.8/site-packages/airflow/example_dags/example_local_kubernetes_executor.py took 0.092 seconds
[2023-12-20T22:45:34.213+0000] {processor.py:161} INFO - Started process (PID=829) to work on /home/airflow/.local/lib/python3.8/site-packages/airflow/example_dags/example_local_kubernetes_executor.py
[2023-12-20T22:45:34.215+0000] {processor.py:830} INFO - Processing file /home/airflow/.local/lib/python3.8/site-packages/airflow/example_dags/example_local_kubernetes_executor.py for tasks to queue
[2023-12-20T22:45:34.218+0000] {logging_mixin.py:188} INFO - [2023-12-20T22:45:34.218+0000] {dagbag.py:538} INFO - Filling up the DagBag from /home/airflow/.local/lib/python3.8/site-packages/airflow/example_dags/example_local_kubernetes_executor.py
[2023-12-20T22:45:34.232+0000] {processor.py:840} INFO - DAG(s) 'example_local_kubernetes_executor' retrieved from /home/airflow/.local/lib/python3.8/site-packages/airflow/example_dags/example_local_kubernetes_executor.py
[2023-12-20T22:45:34.277+0000] {logging_mixin.py:188} INFO - [2023-12-20T22:45:34.277+0000] {dag.py:3033} INFO - Sync 1 DAGs
[2023-12-20T22:45:34.291+0000] {logging_mixin.py:188} INFO - [2023-12-20T22:45:34.291+0000] {dag.py:3820} INFO - Setting next_dagrun for example_local_kubernetes_executor to None, run_after=None
[2023-12-20T22:45:34.308+0000] {processor.py:183} INFO - Processing /home/airflow/.local/lib/python3.8/site-packages/airflow/example_dags/example_local_kubernetes_executor.py took 0.100 seconds
[2023-12-20T22:46:04.867+0000] {processor.py:161} INFO - Started process (PID=884) to work on /home/airflow/.local/lib/python3.8/site-packages/airflow/example_dags/example_local_kubernetes_executor.py
[2023-12-20T22:46:04.869+0000] {processor.py:830} INFO - Processing file /home/airflow/.local/lib/python3.8/site-packages/airflow/example_dags/example_local_kubernetes_executor.py for tasks to queue
[2023-12-20T22:46:04.873+0000] {logging_mixin.py:188} INFO - [2023-12-20T22:46:04.873+0000] {dagbag.py:538} INFO - Filling up the DagBag from /home/airflow/.local/lib/python3.8/site-packages/airflow/example_dags/example_local_kubernetes_executor.py
[2023-12-20T22:46:04.886+0000] {processor.py:840} INFO - DAG(s) 'example_local_kubernetes_executor' retrieved from /home/airflow/.local/lib/python3.8/site-packages/airflow/example_dags/example_local_kubernetes_executor.py
[2023-12-20T22:46:04.925+0000] {logging_mixin.py:188} INFO - [2023-12-20T22:46:04.925+0000] {dag.py:3033} INFO - Sync 1 DAGs
[2023-12-20T22:46:04.935+0000] {logging_mixin.py:188} INFO - [2023-12-20T22:46:04.935+0000] {dag.py:3820} INFO - Setting next_dagrun for example_local_kubernetes_executor to None, run_after=None
[2023-12-20T22:46:04.949+0000] {processor.py:183} INFO - Processing /home/airflow/.local/lib/python3.8/site-packages/airflow/example_dags/example_local_kubernetes_executor.py took 0.090 seconds
[2023-12-20T22:46:35.735+0000] {processor.py:161} INFO - Started process (PID=939) to work on /home/airflow/.local/lib/python3.8/site-packages/airflow/example_dags/example_local_kubernetes_executor.py
[2023-12-20T22:46:35.737+0000] {processor.py:830} INFO - Processing file /home/airflow/.local/lib/python3.8/site-packages/airflow/example_dags/example_local_kubernetes_executor.py for tasks to queue
[2023-12-20T22:46:35.742+0000] {logging_mixin.py:188} INFO - [2023-12-20T22:46:35.742+0000] {dagbag.py:538} INFO - Filling up the DagBag from /home/airflow/.local/lib/python3.8/site-packages/airflow/example_dags/example_local_kubernetes_executor.py
[2023-12-20T22:46:35.768+0000] {processor.py:840} INFO - DAG(s) 'example_local_kubernetes_executor' retrieved from /home/airflow/.local/lib/python3.8/site-packages/airflow/example_dags/example_local_kubernetes_executor.py
[2023-12-20T22:46:35.822+0000] {logging_mixin.py:188} INFO - [2023-12-20T22:46:35.821+0000] {dag.py:3033} INFO - Sync 1 DAGs
[2023-12-20T22:46:35.834+0000] {logging_mixin.py:188} INFO - [2023-12-20T22:46:35.834+0000] {dag.py:3820} INFO - Setting next_dagrun for example_local_kubernetes_executor to None, run_after=None
[2023-12-20T22:46:35.848+0000] {processor.py:183} INFO - Processing /home/airflow/.local/lib/python3.8/site-packages/airflow/example_dags/example_local_kubernetes_executor.py took 0.119 seconds
[2023-12-20T22:47:06.557+0000] {processor.py:161} INFO - Started process (PID=994) to work on /home/airflow/.local/lib/python3.8/site-packages/airflow/example_dags/example_local_kubernetes_executor.py
[2023-12-20T22:47:06.559+0000] {processor.py:830} INFO - Processing file /home/airflow/.local/lib/python3.8/site-packages/airflow/example_dags/example_local_kubernetes_executor.py for tasks to queue
[2023-12-20T22:47:06.562+0000] {logging_mixin.py:188} INFO - [2023-12-20T22:47:06.562+0000] {dagbag.py:538} INFO - Filling up the DagBag from /home/airflow/.local/lib/python3.8/site-packages/airflow/example_dags/example_local_kubernetes_executor.py
[2023-12-20T22:47:06.574+0000] {processor.py:840} INFO - DAG(s) 'example_local_kubernetes_executor' retrieved from /home/airflow/.local/lib/python3.8/site-packages/airflow/example_dags/example_local_kubernetes_executor.py
[2023-12-20T22:47:06.621+0000] {logging_mixin.py:188} INFO - [2023-12-20T22:47:06.621+0000] {dag.py:3033} INFO - Sync 1 DAGs
[2023-12-20T22:47:06.633+0000] {logging_mixin.py:188} INFO - [2023-12-20T22:47:06.632+0000] {dag.py:3820} INFO - Setting next_dagrun for example_local_kubernetes_executor to None, run_after=None
[2023-12-20T22:47:06.651+0000] {processor.py:183} INFO - Processing /home/airflow/.local/lib/python3.8/site-packages/airflow/example_dags/example_local_kubernetes_executor.py took 0.100 seconds
[2023-12-20T22:47:37.022+0000] {processor.py:161} INFO - Started process (PID=1049) to work on /home/airflow/.local/lib/python3.8/site-packages/airflow/example_dags/example_local_kubernetes_executor.py
[2023-12-20T22:47:37.024+0000] {processor.py:830} INFO - Processing file /home/airflow/.local/lib/python3.8/site-packages/airflow/example_dags/example_local_kubernetes_executor.py for tasks to queue
[2023-12-20T22:47:37.027+0000] {logging_mixin.py:188} INFO - [2023-12-20T22:47:37.026+0000] {dagbag.py:538} INFO - Filling up the DagBag from /home/airflow/.local/lib/python3.8/site-packages/airflow/example_dags/example_local_kubernetes_executor.py
[2023-12-20T22:47:37.036+0000] {processor.py:840} INFO - DAG(s) 'example_local_kubernetes_executor' retrieved from /home/airflow/.local/lib/python3.8/site-packages/airflow/example_dags/example_local_kubernetes_executor.py
[2023-12-20T22:47:37.072+0000] {logging_mixin.py:188} INFO - [2023-12-20T22:47:37.072+0000] {dag.py:3033} INFO - Sync 1 DAGs
[2023-12-20T22:47:37.082+0000] {logging_mixin.py:188} INFO - [2023-12-20T22:47:37.082+0000] {dag.py:3820} INFO - Setting next_dagrun for example_local_kubernetes_executor to None, run_after=None
[2023-12-20T22:47:37.097+0000] {processor.py:183} INFO - Processing /home/airflow/.local/lib/python3.8/site-packages/airflow/example_dags/example_local_kubernetes_executor.py took 0.079 seconds
[2023-12-20T22:48:07.748+0000] {processor.py:161} INFO - Started process (PID=1103) to work on /home/airflow/.local/lib/python3.8/site-packages/airflow/example_dags/example_local_kubernetes_executor.py
[2023-12-20T22:48:07.751+0000] {processor.py:830} INFO - Processing file /home/airflow/.local/lib/python3.8/site-packages/airflow/example_dags/example_local_kubernetes_executor.py for tasks to queue
[2023-12-20T22:48:07.759+0000] {logging_mixin.py:188} INFO - [2023-12-20T22:48:07.759+0000] {dagbag.py:538} INFO - Filling up the DagBag from /home/airflow/.local/lib/python3.8/site-packages/airflow/example_dags/example_local_kubernetes_executor.py
[2023-12-20T22:48:07.780+0000] {processor.py:840} INFO - DAG(s) 'example_local_kubernetes_executor' retrieved from /home/airflow/.local/lib/python3.8/site-packages/airflow/example_dags/example_local_kubernetes_executor.py
[2023-12-20T22:48:07.904+0000] {logging_mixin.py:188} INFO - [2023-12-20T22:48:07.904+0000] {dag.py:3033} INFO - Sync 1 DAGs
[2023-12-20T22:48:07.931+0000] {logging_mixin.py:188} INFO - [2023-12-20T22:48:07.931+0000] {dag.py:3820} INFO - Setting next_dagrun for example_local_kubernetes_executor to None, run_after=None
[2023-12-20T22:48:07.958+0000] {processor.py:183} INFO - Processing /home/airflow/.local/lib/python3.8/site-packages/airflow/example_dags/example_local_kubernetes_executor.py took 0.219 seconds
[2023-12-20T22:48:38.159+0000] {processor.py:161} INFO - Started process (PID=1159) to work on /home/airflow/.local/lib/python3.8/site-packages/airflow/example_dags/example_local_kubernetes_executor.py
[2023-12-20T22:48:38.163+0000] {processor.py:830} INFO - Processing file /home/airflow/.local/lib/python3.8/site-packages/airflow/example_dags/example_local_kubernetes_executor.py for tasks to queue
[2023-12-20T22:48:38.167+0000] {logging_mixin.py:188} INFO - [2023-12-20T22:48:38.166+0000] {dagbag.py:538} INFO - Filling up the DagBag from /home/airflow/.local/lib/python3.8/site-packages/airflow/example_dags/example_local_kubernetes_executor.py
[2023-12-20T22:48:38.177+0000] {processor.py:840} INFO - DAG(s) 'example_local_kubernetes_executor' retrieved from /home/airflow/.local/lib/python3.8/site-packages/airflow/example_dags/example_local_kubernetes_executor.py
[2023-12-20T22:48:38.219+0000] {logging_mixin.py:188} INFO - [2023-12-20T22:48:38.219+0000] {dag.py:3033} INFO - Sync 1 DAGs
[2023-12-20T22:48:38.232+0000] {logging_mixin.py:188} INFO - [2023-12-20T22:48:38.231+0000] {dag.py:3820} INFO - Setting next_dagrun for example_local_kubernetes_executor to None, run_after=None
[2023-12-20T22:48:38.256+0000] {processor.py:183} INFO - Processing /home/airflow/.local/lib/python3.8/site-packages/airflow/example_dags/example_local_kubernetes_executor.py took 0.100 seconds
[2023-12-20T22:49:08.382+0000] {processor.py:161} INFO - Started process (PID=1214) to work on /home/airflow/.local/lib/python3.8/site-packages/airflow/example_dags/example_local_kubernetes_executor.py
[2023-12-20T22:49:08.383+0000] {processor.py:830} INFO - Processing file /home/airflow/.local/lib/python3.8/site-packages/airflow/example_dags/example_local_kubernetes_executor.py for tasks to queue
[2023-12-20T22:49:08.386+0000] {logging_mixin.py:188} INFO - [2023-12-20T22:49:08.385+0000] {dagbag.py:538} INFO - Filling up the DagBag from /home/airflow/.local/lib/python3.8/site-packages/airflow/example_dags/example_local_kubernetes_executor.py
[2023-12-20T22:49:08.395+0000] {processor.py:840} INFO - DAG(s) 'example_local_kubernetes_executor' retrieved from /home/airflow/.local/lib/python3.8/site-packages/airflow/example_dags/example_local_kubernetes_executor.py
[2023-12-20T22:49:08.432+0000] {logging_mixin.py:188} INFO - [2023-12-20T22:49:08.432+0000] {dag.py:3033} INFO - Sync 1 DAGs
[2023-12-20T22:49:08.442+0000] {logging_mixin.py:188} INFO - [2023-12-20T22:49:08.442+0000] {dag.py:3820} INFO - Setting next_dagrun for example_local_kubernetes_executor to None, run_after=None
[2023-12-20T22:49:08.455+0000] {processor.py:183} INFO - Processing /home/airflow/.local/lib/python3.8/site-packages/airflow/example_dags/example_local_kubernetes_executor.py took 0.077 seconds
[2023-12-20T22:49:38.501+0000] {processor.py:161} INFO - Started process (PID=1266) to work on /home/airflow/.local/lib/python3.8/site-packages/airflow/example_dags/example_local_kubernetes_executor.py
[2023-12-20T22:49:38.503+0000] {processor.py:830} INFO - Processing file /home/airflow/.local/lib/python3.8/site-packages/airflow/example_dags/example_local_kubernetes_executor.py for tasks to queue
[2023-12-20T22:49:38.506+0000] {logging_mixin.py:188} INFO - [2023-12-20T22:49:38.505+0000] {dagbag.py:538} INFO - Filling up the DagBag from /home/airflow/.local/lib/python3.8/site-packages/airflow/example_dags/example_local_kubernetes_executor.py
[2023-12-20T22:49:38.516+0000] {processor.py:840} INFO - DAG(s) 'example_local_kubernetes_executor' retrieved from /home/airflow/.local/lib/python3.8/site-packages/airflow/example_dags/example_local_kubernetes_executor.py
[2023-12-20T22:49:38.556+0000] {logging_mixin.py:188} INFO - [2023-12-20T22:49:38.556+0000] {dag.py:3033} INFO - Sync 1 DAGs
[2023-12-20T22:49:38.567+0000] {logging_mixin.py:188} INFO - [2023-12-20T22:49:38.567+0000] {dag.py:3820} INFO - Setting next_dagrun for example_local_kubernetes_executor to None, run_after=None
[2023-12-20T22:49:38.581+0000] {processor.py:183} INFO - Processing /home/airflow/.local/lib/python3.8/site-packages/airflow/example_dags/example_local_kubernetes_executor.py took 0.085 seconds
[2023-12-20T22:50:08.875+0000] {processor.py:161} INFO - Started process (PID=1321) to work on /home/airflow/.local/lib/python3.8/site-packages/airflow/example_dags/example_local_kubernetes_executor.py
[2023-12-20T22:50:08.878+0000] {processor.py:830} INFO - Processing file /home/airflow/.local/lib/python3.8/site-packages/airflow/example_dags/example_local_kubernetes_executor.py for tasks to queue
[2023-12-20T22:50:08.881+0000] {logging_mixin.py:188} INFO - [2023-12-20T22:50:08.880+0000] {dagbag.py:538} INFO - Filling up the DagBag from /home/airflow/.local/lib/python3.8/site-packages/airflow/example_dags/example_local_kubernetes_executor.py
[2023-12-20T22:50:08.890+0000] {processor.py:840} INFO - DAG(s) 'example_local_kubernetes_executor' retrieved from /home/airflow/.local/lib/python3.8/site-packages/airflow/example_dags/example_local_kubernetes_executor.py
[2023-12-20T22:50:08.926+0000] {logging_mixin.py:188} INFO - [2023-12-20T22:50:08.926+0000] {dag.py:3033} INFO - Sync 1 DAGs
[2023-12-20T22:50:08.936+0000] {logging_mixin.py:188} INFO - [2023-12-20T22:50:08.936+0000] {dag.py:3820} INFO - Setting next_dagrun for example_local_kubernetes_executor to None, run_after=None
[2023-12-20T22:50:08.949+0000] {processor.py:183} INFO - Processing /home/airflow/.local/lib/python3.8/site-packages/airflow/example_dags/example_local_kubernetes_executor.py took 0.079 seconds
[2023-12-20T22:50:39.000+0000] {processor.py:161} INFO - Started process (PID=1376) to work on /home/airflow/.local/lib/python3.8/site-packages/airflow/example_dags/example_local_kubernetes_executor.py
[2023-12-20T22:50:39.002+0000] {processor.py:830} INFO - Processing file /home/airflow/.local/lib/python3.8/site-packages/airflow/example_dags/example_local_kubernetes_executor.py for tasks to queue
[2023-12-20T22:50:39.005+0000] {logging_mixin.py:188} INFO - [2023-12-20T22:50:39.004+0000] {dagbag.py:538} INFO - Filling up the DagBag from /home/airflow/.local/lib/python3.8/site-packages/airflow/example_dags/example_local_kubernetes_executor.py
[2023-12-20T22:50:39.016+0000] {processor.py:840} INFO - DAG(s) 'example_local_kubernetes_executor' retrieved from /home/airflow/.local/lib/python3.8/site-packages/airflow/example_dags/example_local_kubernetes_executor.py
[2023-12-20T22:50:39.061+0000] {logging_mixin.py:188} INFO - [2023-12-20T22:50:39.061+0000] {dag.py:3033} INFO - Sync 1 DAGs
[2023-12-20T22:50:39.073+0000] {logging_mixin.py:188} INFO - [2023-12-20T22:50:39.073+0000] {dag.py:3820} INFO - Setting next_dagrun for example_local_kubernetes_executor to None, run_after=None
[2023-12-20T22:50:39.090+0000] {processor.py:183} INFO - Processing /home/airflow/.local/lib/python3.8/site-packages/airflow/example_dags/example_local_kubernetes_executor.py took 0.094 seconds
[2023-12-20T22:51:09.207+0000] {processor.py:161} INFO - Started process (PID=1431) to work on /home/airflow/.local/lib/python3.8/site-packages/airflow/example_dags/example_local_kubernetes_executor.py
[2023-12-20T22:51:09.208+0000] {processor.py:830} INFO - Processing file /home/airflow/.local/lib/python3.8/site-packages/airflow/example_dags/example_local_kubernetes_executor.py for tasks to queue
[2023-12-20T22:51:09.212+0000] {logging_mixin.py:188} INFO - [2023-12-20T22:51:09.211+0000] {dagbag.py:538} INFO - Filling up the DagBag from /home/airflow/.local/lib/python3.8/site-packages/airflow/example_dags/example_local_kubernetes_executor.py
[2023-12-20T22:51:09.222+0000] {processor.py:840} INFO - DAG(s) 'example_local_kubernetes_executor' retrieved from /home/airflow/.local/lib/python3.8/site-packages/airflow/example_dags/example_local_kubernetes_executor.py
[2023-12-20T22:51:09.262+0000] {logging_mixin.py:188} INFO - [2023-12-20T22:51:09.262+0000] {dag.py:3033} INFO - Sync 1 DAGs
[2023-12-20T22:51:09.272+0000] {logging_mixin.py:188} INFO - [2023-12-20T22:51:09.272+0000] {dag.py:3820} INFO - Setting next_dagrun for example_local_kubernetes_executor to None, run_after=None
[2023-12-20T22:51:09.287+0000] {processor.py:183} INFO - Processing /home/airflow/.local/lib/python3.8/site-packages/airflow/example_dags/example_local_kubernetes_executor.py took 0.086 seconds
[2023-12-20T22:51:39.659+0000] {processor.py:161} INFO - Started process (PID=1486) to work on /home/airflow/.local/lib/python3.8/site-packages/airflow/example_dags/example_local_kubernetes_executor.py
[2023-12-20T22:51:39.662+0000] {processor.py:830} INFO - Processing file /home/airflow/.local/lib/python3.8/site-packages/airflow/example_dags/example_local_kubernetes_executor.py for tasks to queue
[2023-12-20T22:51:39.667+0000] {logging_mixin.py:188} INFO - [2023-12-20T22:51:39.666+0000] {dagbag.py:538} INFO - Filling up the DagBag from /home/airflow/.local/lib/python3.8/site-packages/airflow/example_dags/example_local_kubernetes_executor.py
[2023-12-20T22:51:39.686+0000] {processor.py:840} INFO - DAG(s) 'example_local_kubernetes_executor' retrieved from /home/airflow/.local/lib/python3.8/site-packages/airflow/example_dags/example_local_kubernetes_executor.py
[2023-12-20T22:51:39.765+0000] {logging_mixin.py:188} INFO - [2023-12-20T22:51:39.765+0000] {dag.py:3033} INFO - Sync 1 DAGs
[2023-12-20T22:51:39.782+0000] {logging_mixin.py:188} INFO - [2023-12-20T22:51:39.782+0000] {dag.py:3820} INFO - Setting next_dagrun for example_local_kubernetes_executor to None, run_after=None
[2023-12-20T22:51:39.801+0000] {processor.py:183} INFO - Processing /home/airflow/.local/lib/python3.8/site-packages/airflow/example_dags/example_local_kubernetes_executor.py took 0.153 seconds
[2023-12-20T22:52:10.455+0000] {processor.py:161} INFO - Started process (PID=1539) to work on /home/airflow/.local/lib/python3.8/site-packages/airflow/example_dags/example_local_kubernetes_executor.py
[2023-12-20T22:52:10.457+0000] {processor.py:830} INFO - Processing file /home/airflow/.local/lib/python3.8/site-packages/airflow/example_dags/example_local_kubernetes_executor.py for tasks to queue
[2023-12-20T22:52:10.460+0000] {logging_mixin.py:188} INFO - [2023-12-20T22:52:10.459+0000] {dagbag.py:538} INFO - Filling up the DagBag from /home/airflow/.local/lib/python3.8/site-packages/airflow/example_dags/example_local_kubernetes_executor.py
[2023-12-20T22:52:10.471+0000] {processor.py:840} INFO - DAG(s) 'example_local_kubernetes_executor' retrieved from /home/airflow/.local/lib/python3.8/site-packages/airflow/example_dags/example_local_kubernetes_executor.py
[2023-12-20T22:52:10.509+0000] {logging_mixin.py:188} INFO - [2023-12-20T22:52:10.509+0000] {dag.py:3033} INFO - Sync 1 DAGs
[2023-12-20T22:52:10.525+0000] {logging_mixin.py:188} INFO - [2023-12-20T22:52:10.525+0000] {dag.py:3820} INFO - Setting next_dagrun for example_local_kubernetes_executor to None, run_after=None
[2023-12-20T22:52:10.545+0000] {processor.py:183} INFO - Processing /home/airflow/.local/lib/python3.8/site-packages/airflow/example_dags/example_local_kubernetes_executor.py took 0.094 seconds
[2023-12-20T22:52:40.847+0000] {processor.py:161} INFO - Started process (PID=1594) to work on /home/airflow/.local/lib/python3.8/site-packages/airflow/example_dags/example_local_kubernetes_executor.py
[2023-12-20T22:52:40.849+0000] {processor.py:830} INFO - Processing file /home/airflow/.local/lib/python3.8/site-packages/airflow/example_dags/example_local_kubernetes_executor.py for tasks to queue
[2023-12-20T22:52:40.854+0000] {logging_mixin.py:188} INFO - [2023-12-20T22:52:40.854+0000] {dagbag.py:538} INFO - Filling up the DagBag from /home/airflow/.local/lib/python3.8/site-packages/airflow/example_dags/example_local_kubernetes_executor.py
[2023-12-20T22:52:40.870+0000] {processor.py:840} INFO - DAG(s) 'example_local_kubernetes_executor' retrieved from /home/airflow/.local/lib/python3.8/site-packages/airflow/example_dags/example_local_kubernetes_executor.py
[2023-12-20T22:52:40.917+0000] {logging_mixin.py:188} INFO - [2023-12-20T22:52:40.916+0000] {dag.py:3033} INFO - Sync 1 DAGs
[2023-12-20T22:52:40.930+0000] {logging_mixin.py:188} INFO - [2023-12-20T22:52:40.930+0000] {dag.py:3820} INFO - Setting next_dagrun for example_local_kubernetes_executor to None, run_after=None
[2023-12-20T22:52:40.948+0000] {processor.py:183} INFO - Processing /home/airflow/.local/lib/python3.8/site-packages/airflow/example_dags/example_local_kubernetes_executor.py took 0.107 seconds
[2023-12-20T22:53:11.268+0000] {processor.py:161} INFO - Started process (PID=1650) to work on /home/airflow/.local/lib/python3.8/site-packages/airflow/example_dags/example_local_kubernetes_executor.py
[2023-12-20T22:53:11.272+0000] {processor.py:830} INFO - Processing file /home/airflow/.local/lib/python3.8/site-packages/airflow/example_dags/example_local_kubernetes_executor.py for tasks to queue
[2023-12-20T22:53:11.275+0000] {logging_mixin.py:188} INFO - [2023-12-20T22:53:11.274+0000] {dagbag.py:538} INFO - Filling up the DagBag from /home/airflow/.local/lib/python3.8/site-packages/airflow/example_dags/example_local_kubernetes_executor.py
[2023-12-20T22:53:11.285+0000] {processor.py:840} INFO - DAG(s) 'example_local_kubernetes_executor' retrieved from /home/airflow/.local/lib/python3.8/site-packages/airflow/example_dags/example_local_kubernetes_executor.py
[2023-12-20T22:53:11.322+0000] {logging_mixin.py:188} INFO - [2023-12-20T22:53:11.322+0000] {dag.py:3033} INFO - Sync 1 DAGs
[2023-12-20T22:53:11.333+0000] {logging_mixin.py:188} INFO - [2023-12-20T22:53:11.332+0000] {dag.py:3820} INFO - Setting next_dagrun for example_local_kubernetes_executor to None, run_after=None
[2023-12-20T22:53:11.346+0000] {processor.py:183} INFO - Processing /home/airflow/.local/lib/python3.8/site-packages/airflow/example_dags/example_local_kubernetes_executor.py took 0.083 seconds
[2023-12-20T22:53:41.994+0000] {processor.py:161} INFO - Started process (PID=1706) to work on /home/airflow/.local/lib/python3.8/site-packages/airflow/example_dags/example_local_kubernetes_executor.py
[2023-12-20T22:53:41.996+0000] {processor.py:830} INFO - Processing file /home/airflow/.local/lib/python3.8/site-packages/airflow/example_dags/example_local_kubernetes_executor.py for tasks to queue
[2023-12-20T22:53:41.998+0000] {logging_mixin.py:188} INFO - [2023-12-20T22:53:41.998+0000] {dagbag.py:538} INFO - Filling up the DagBag from /home/airflow/.local/lib/python3.8/site-packages/airflow/example_dags/example_local_kubernetes_executor.py
[2023-12-20T22:53:42.009+0000] {processor.py:840} INFO - DAG(s) 'example_local_kubernetes_executor' retrieved from /home/airflow/.local/lib/python3.8/site-packages/airflow/example_dags/example_local_kubernetes_executor.py
[2023-12-20T22:53:42.052+0000] {logging_mixin.py:188} INFO - [2023-12-20T22:53:42.052+0000] {dag.py:3033} INFO - Sync 1 DAGs
[2023-12-20T22:53:42.063+0000] {logging_mixin.py:188} INFO - [2023-12-20T22:53:42.063+0000] {dag.py:3820} INFO - Setting next_dagrun for example_local_kubernetes_executor to None, run_after=None
[2023-12-20T22:53:42.084+0000] {processor.py:183} INFO - Processing /home/airflow/.local/lib/python3.8/site-packages/airflow/example_dags/example_local_kubernetes_executor.py took 0.095 seconds
[2023-12-20T22:54:19.152+0000] {processor.py:161} INFO - Started process (PID=1768) to work on /home/airflow/.local/lib/python3.8/site-packages/airflow/example_dags/example_local_kubernetes_executor.py
[2023-12-20T22:54:19.166+0000] {processor.py:830} INFO - Processing file /home/airflow/.local/lib/python3.8/site-packages/airflow/example_dags/example_local_kubernetes_executor.py for tasks to queue
[2023-12-20T22:54:19.193+0000] {logging_mixin.py:188} INFO - [2023-12-20T22:54:19.191+0000] {dagbag.py:538} INFO - Filling up the DagBag from /home/airflow/.local/lib/python3.8/site-packages/airflow/example_dags/example_local_kubernetes_executor.py
[2023-12-20T22:54:19.300+0000] {processor.py:840} INFO - DAG(s) 'example_local_kubernetes_executor' retrieved from /home/airflow/.local/lib/python3.8/site-packages/airflow/example_dags/example_local_kubernetes_executor.py
[2023-12-20T22:54:19.732+0000] {logging_mixin.py:188} INFO - [2023-12-20T22:54:19.731+0000] {dag.py:3033} INFO - Sync 1 DAGs
[2023-12-20T22:54:19.842+0000] {logging_mixin.py:188} INFO - [2023-12-20T22:54:19.841+0000] {dag.py:3820} INFO - Setting next_dagrun for example_local_kubernetes_executor to None, run_after=None
[2023-12-20T22:54:27.552+0000] {processor.py:183} INFO - Processing /home/airflow/.local/lib/python3.8/site-packages/airflow/example_dags/example_local_kubernetes_executor.py took 8.427 seconds
[2023-12-20T22:55:38.298+0000] {processor.py:161} INFO - Started process (PID=1833) to work on /home/airflow/.local/lib/python3.8/site-packages/airflow/example_dags/example_local_kubernetes_executor.py
[2023-12-20T22:55:38.340+0000] {processor.py:830} INFO - Processing file /home/airflow/.local/lib/python3.8/site-packages/airflow/example_dags/example_local_kubernetes_executor.py for tasks to queue
[2023-12-20T22:55:38.411+0000] {logging_mixin.py:188} INFO - [2023-12-20T22:55:38.371+0000] {dagbag.py:538} INFO - Filling up the DagBag from /home/airflow/.local/lib/python3.8/site-packages/airflow/example_dags/example_local_kubernetes_executor.py
[2023-12-20T22:55:38.673+0000] {processor.py:840} INFO - DAG(s) 'example_local_kubernetes_executor' retrieved from /home/airflow/.local/lib/python3.8/site-packages/airflow/example_dags/example_local_kubernetes_executor.py
[2023-12-20T22:55:39.353+0000] {logging_mixin.py:188} INFO - [2023-12-20T22:55:39.352+0000] {dag.py:3033} INFO - Sync 1 DAGs
[2023-12-20T22:55:48.211+0000] {logging_mixin.py:188} INFO - [2023-12-20T22:55:48.210+0000] {dag.py:3820} INFO - Setting next_dagrun for example_local_kubernetes_executor to None, run_after=None
[2023-12-20T22:55:48.319+0000] {processor.py:183} INFO - Processing /home/airflow/.local/lib/python3.8/site-packages/airflow/example_dags/example_local_kubernetes_executor.py took 10.134 seconds
[2023-12-20T22:56:19.800+0000] {processor.py:161} INFO - Started process (PID=1906) to work on /home/airflow/.local/lib/python3.8/site-packages/airflow/example_dags/example_local_kubernetes_executor.py
[2023-12-20T22:56:19.816+0000] {processor.py:830} INFO - Processing file /home/airflow/.local/lib/python3.8/site-packages/airflow/example_dags/example_local_kubernetes_executor.py for tasks to queue
[2023-12-20T22:56:19.869+0000] {logging_mixin.py:188} INFO - [2023-12-20T22:56:19.865+0000] {dagbag.py:538} INFO - Filling up the DagBag from /home/airflow/.local/lib/python3.8/site-packages/airflow/example_dags/example_local_kubernetes_executor.py
[2023-12-20T22:56:19.951+0000] {processor.py:840} INFO - DAG(s) 'example_local_kubernetes_executor' retrieved from /home/airflow/.local/lib/python3.8/site-packages/airflow/example_dags/example_local_kubernetes_executor.py
[2023-12-20T22:56:20.114+0000] {logging_mixin.py:188} INFO - [2023-12-20T22:56:20.113+0000] {dag.py:3033} INFO - Sync 1 DAGs
[2023-12-20T22:56:20.156+0000] {logging_mixin.py:188} INFO - [2023-12-20T22:56:20.155+0000] {dag.py:3820} INFO - Setting next_dagrun for example_local_kubernetes_executor to None, run_after=None
[2023-12-20T22:56:21.623+0000] {processor.py:183} INFO - Processing /home/airflow/.local/lib/python3.8/site-packages/airflow/example_dags/example_local_kubernetes_executor.py took 1.893 seconds
[2023-12-20T22:56:56.194+0000] {processor.py:161} INFO - Started process (PID=1966) to work on /home/airflow/.local/lib/python3.8/site-packages/airflow/example_dags/example_local_kubernetes_executor.py
[2023-12-20T22:56:56.213+0000] {processor.py:830} INFO - Processing file /home/airflow/.local/lib/python3.8/site-packages/airflow/example_dags/example_local_kubernetes_executor.py for tasks to queue
[2023-12-20T22:56:56.290+0000] {logging_mixin.py:188} INFO - [2023-12-20T22:56:56.289+0000] {dagbag.py:538} INFO - Filling up the DagBag from /home/airflow/.local/lib/python3.8/site-packages/airflow/example_dags/example_local_kubernetes_executor.py
[2023-12-20T22:56:56.822+0000] {processor.py:840} INFO - DAG(s) 'example_local_kubernetes_executor' retrieved from /home/airflow/.local/lib/python3.8/site-packages/airflow/example_dags/example_local_kubernetes_executor.py
[2023-12-20T22:56:57.187+0000] {logging_mixin.py:188} INFO - [2023-12-20T22:56:57.186+0000] {dag.py:3033} INFO - Sync 1 DAGs
[2023-12-20T22:56:57.323+0000] {logging_mixin.py:188} INFO - [2023-12-20T22:56:57.323+0000] {dag.py:3820} INFO - Setting next_dagrun for example_local_kubernetes_executor to None, run_after=None
[2023-12-20T22:56:57.436+0000] {processor.py:183} INFO - Processing /home/airflow/.local/lib/python3.8/site-packages/airflow/example_dags/example_local_kubernetes_executor.py took 1.307 seconds
[2023-12-20T22:58:18.767+0000] {processor.py:161} INFO - Started process (PID=2012) to work on /home/airflow/.local/lib/python3.8/site-packages/airflow/example_dags/example_local_kubernetes_executor.py
[2023-12-20T22:58:18.787+0000] {processor.py:830} INFO - Processing file /home/airflow/.local/lib/python3.8/site-packages/airflow/example_dags/example_local_kubernetes_executor.py for tasks to queue
[2023-12-20T22:58:18.854+0000] {logging_mixin.py:188} INFO - [2023-12-20T22:58:18.847+0000] {dagbag.py:538} INFO - Filling up the DagBag from /home/airflow/.local/lib/python3.8/site-packages/airflow/example_dags/example_local_kubernetes_executor.py
[2023-12-20T22:58:19.108+0000] {processor.py:840} INFO - DAG(s) 'example_local_kubernetes_executor' retrieved from /home/airflow/.local/lib/python3.8/site-packages/airflow/example_dags/example_local_kubernetes_executor.py
[2023-12-20T22:58:19.634+0000] {logging_mixin.py:188} INFO - [2023-12-20T22:58:19.633+0000] {dag.py:3033} INFO - Sync 1 DAGs
[2023-12-20T22:58:19.882+0000] {logging_mixin.py:188} INFO - [2023-12-20T22:58:19.881+0000] {dag.py:3820} INFO - Setting next_dagrun for example_local_kubernetes_executor to None, run_after=None
[2023-12-20T22:58:20.208+0000] {processor.py:183} INFO - Processing /home/airflow/.local/lib/python3.8/site-packages/airflow/example_dags/example_local_kubernetes_executor.py took 1.526 seconds
[2023-12-20T23:00:07.009+0000] {processor.py:161} INFO - Started process (PID=2073) to work on /home/airflow/.local/lib/python3.8/site-packages/airflow/example_dags/example_local_kubernetes_executor.py
[2023-12-20T23:00:07.014+0000] {processor.py:830} INFO - Processing file /home/airflow/.local/lib/python3.8/site-packages/airflow/example_dags/example_local_kubernetes_executor.py for tasks to queue
[2023-12-20T23:00:07.046+0000] {logging_mixin.py:188} INFO - [2023-12-20T23:00:07.044+0000] {dagbag.py:538} INFO - Filling up the DagBag from /home/airflow/.local/lib/python3.8/site-packages/airflow/example_dags/example_local_kubernetes_executor.py
[2023-12-20T23:00:07.129+0000] {processor.py:840} INFO - DAG(s) 'example_local_kubernetes_executor' retrieved from /home/airflow/.local/lib/python3.8/site-packages/airflow/example_dags/example_local_kubernetes_executor.py
[2023-12-20T23:00:07.612+0000] {logging_mixin.py:188} INFO - [2023-12-20T23:00:07.611+0000] {dag.py:3033} INFO - Sync 1 DAGs
[2023-12-20T23:00:07.729+0000] {logging_mixin.py:188} INFO - [2023-12-20T23:00:07.729+0000] {dag.py:3820} INFO - Setting next_dagrun for example_local_kubernetes_executor to None, run_after=None
[2023-12-20T23:00:07.782+0000] {processor.py:183} INFO - Processing /home/airflow/.local/lib/python3.8/site-packages/airflow/example_dags/example_local_kubernetes_executor.py took 0.864 seconds
[2023-12-20T23:01:47.438+0000] {processor.py:161} INFO - Started process (PID=2165) to work on /home/airflow/.local/lib/python3.8/site-packages/airflow/example_dags/example_local_kubernetes_executor.py
[2023-12-20T23:01:47.444+0000] {processor.py:830} INFO - Processing file /home/airflow/.local/lib/python3.8/site-packages/airflow/example_dags/example_local_kubernetes_executor.py for tasks to queue
[2023-12-20T23:01:47.457+0000] {logging_mixin.py:188} INFO - [2023-12-20T23:01:47.456+0000] {dagbag.py:538} INFO - Filling up the DagBag from /home/airflow/.local/lib/python3.8/site-packages/airflow/example_dags/example_local_kubernetes_executor.py
[2023-12-20T23:01:47.551+0000] {processor.py:840} INFO - DAG(s) 'example_local_kubernetes_executor' retrieved from /home/airflow/.local/lib/python3.8/site-packages/airflow/example_dags/example_local_kubernetes_executor.py
[2023-12-20T23:01:47.728+0000] {logging_mixin.py:188} INFO - [2023-12-20T23:01:47.727+0000] {dag.py:3033} INFO - Sync 1 DAGs
[2023-12-20T23:01:47.857+0000] {logging_mixin.py:188} INFO - [2023-12-20T23:01:47.857+0000] {dag.py:3820} INFO - Setting next_dagrun for example_local_kubernetes_executor to None, run_after=None
[2023-12-20T23:01:50.495+0000] {processor.py:183} INFO - Processing /home/airflow/.local/lib/python3.8/site-packages/airflow/example_dags/example_local_kubernetes_executor.py took 3.089 seconds
[2023-12-20T23:03:00.933+0000] {processor.py:161} INFO - Started process (PID=2240) to work on /home/airflow/.local/lib/python3.8/site-packages/airflow/example_dags/example_local_kubernetes_executor.py
[2023-12-20T23:03:00.955+0000] {processor.py:830} INFO - Processing file /home/airflow/.local/lib/python3.8/site-packages/airflow/example_dags/example_local_kubernetes_executor.py for tasks to queue
[2023-12-20T23:03:01.040+0000] {logging_mixin.py:188} INFO - [2023-12-20T23:03:01.029+0000] {dagbag.py:538} INFO - Filling up the DagBag from /home/airflow/.local/lib/python3.8/site-packages/airflow/example_dags/example_local_kubernetes_executor.py
[2023-12-20T23:03:01.407+0000] {processor.py:840} INFO - DAG(s) 'example_local_kubernetes_executor' retrieved from /home/airflow/.local/lib/python3.8/site-packages/airflow/example_dags/example_local_kubernetes_executor.py
[2023-12-20T23:03:01.976+0000] {logging_mixin.py:188} INFO - [2023-12-20T23:03:01.975+0000] {dag.py:3033} INFO - Sync 1 DAGs
[2023-12-20T23:03:02.062+0000] {logging_mixin.py:188} INFO - [2023-12-20T23:03:02.062+0000] {dag.py:3820} INFO - Setting next_dagrun for example_local_kubernetes_executor to None, run_after=None
[2023-12-20T23:03:02.170+0000] {processor.py:183} INFO - Processing /home/airflow/.local/lib/python3.8/site-packages/airflow/example_dags/example_local_kubernetes_executor.py took 1.321 seconds
[2023-12-20T23:05:59.801+0000] {processor.py:161} INFO - Started process (PID=2329) to work on /home/airflow/.local/lib/python3.8/site-packages/airflow/example_dags/example_local_kubernetes_executor.py
[2023-12-20T23:05:59.818+0000] {processor.py:830} INFO - Processing file /home/airflow/.local/lib/python3.8/site-packages/airflow/example_dags/example_local_kubernetes_executor.py for tasks to queue
[2023-12-20T23:05:59.887+0000] {logging_mixin.py:188} INFO - [2023-12-20T23:05:59.885+0000] {dagbag.py:538} INFO - Filling up the DagBag from /home/airflow/.local/lib/python3.8/site-packages/airflow/example_dags/example_local_kubernetes_executor.py
[2023-12-20T23:06:00.360+0000] {processor.py:840} INFO - DAG(s) 'example_local_kubernetes_executor' retrieved from /home/airflow/.local/lib/python3.8/site-packages/airflow/example_dags/example_local_kubernetes_executor.py
[2023-12-20T23:06:01.083+0000] {logging_mixin.py:188} INFO - [2023-12-20T23:06:01.069+0000] {dag.py:3033} INFO - Sync 1 DAGs
[2023-12-20T23:06:01.507+0000] {logging_mixin.py:188} INFO - [2023-12-20T23:06:01.502+0000] {dag.py:3820} INFO - Setting next_dagrun for example_local_kubernetes_executor to None, run_after=None
[2023-12-20T23:06:01.869+0000] {processor.py:183} INFO - Processing /home/airflow/.local/lib/python3.8/site-packages/airflow/example_dags/example_local_kubernetes_executor.py took 2.141 seconds
