[2023-12-20T22:38:30.266+0000] {processor.py:161} INFO - Started process (PID=73) to work on /home/airflow/.local/lib/python3.8/site-packages/airflow/example_dags/example_sensors.py
[2023-12-20T22:38:30.269+0000] {processor.py:830} INFO - Processing file /home/airflow/.local/lib/python3.8/site-packages/airflow/example_dags/example_sensors.py for tasks to queue
[2023-12-20T22:38:30.275+0000] {logging_mixin.py:188} INFO - [2023-12-20T22:38:30.275+0000] {dagbag.py:538} INFO - Filling up the DagBag from /home/airflow/.local/lib/python3.8/site-packages/airflow/example_dags/example_sensors.py
[2023-12-20T22:38:30.296+0000] {processor.py:840} INFO - DAG(s) 'example_sensors' retrieved from /home/airflow/.local/lib/python3.8/site-packages/airflow/example_dags/example_sensors.py
[2023-12-20T22:38:30.450+0000] {logging_mixin.py:188} INFO - [2023-12-20T22:38:30.449+0000] {dag.py:3033} INFO - Sync 1 DAGs
[2023-12-20T22:38:30.465+0000] {logging_mixin.py:188} INFO - [2023-12-20T22:38:30.464+0000] {dag.py:3820} INFO - Setting next_dagrun for example_sensors to None, run_after=None
[2023-12-20T22:38:30.490+0000] {processor.py:183} INFO - Processing /home/airflow/.local/lib/python3.8/site-packages/airflow/example_dags/example_sensors.py took 0.230 seconds
[2023-12-20T22:39:00.551+0000] {processor.py:161} INFO - Started process (PID=128) to work on /home/airflow/.local/lib/python3.8/site-packages/airflow/example_dags/example_sensors.py
[2023-12-20T22:39:00.552+0000] {processor.py:830} INFO - Processing file /home/airflow/.local/lib/python3.8/site-packages/airflow/example_dags/example_sensors.py for tasks to queue
[2023-12-20T22:39:00.555+0000] {logging_mixin.py:188} INFO - [2023-12-20T22:39:00.554+0000] {dagbag.py:538} INFO - Filling up the DagBag from /home/airflow/.local/lib/python3.8/site-packages/airflow/example_dags/example_sensors.py
[2023-12-20T22:39:00.564+0000] {processor.py:840} INFO - DAG(s) 'example_sensors' retrieved from /home/airflow/.local/lib/python3.8/site-packages/airflow/example_dags/example_sensors.py
[2023-12-20T22:39:00.589+0000] {logging_mixin.py:188} INFO - [2023-12-20T22:39:00.589+0000] {dag.py:3033} INFO - Sync 1 DAGs
[2023-12-20T22:39:00.599+0000] {logging_mixin.py:188} INFO - [2023-12-20T22:39:00.599+0000] {dag.py:3820} INFO - Setting next_dagrun for example_sensors to None, run_after=None
[2023-12-20T22:39:00.611+0000] {processor.py:183} INFO - Processing /home/airflow/.local/lib/python3.8/site-packages/airflow/example_dags/example_sensors.py took 0.065 seconds
[2023-12-20T22:39:30.892+0000] {processor.py:161} INFO - Started process (PID=183) to work on /home/airflow/.local/lib/python3.8/site-packages/airflow/example_dags/example_sensors.py
[2023-12-20T22:39:30.895+0000] {processor.py:830} INFO - Processing file /home/airflow/.local/lib/python3.8/site-packages/airflow/example_dags/example_sensors.py for tasks to queue
[2023-12-20T22:39:30.899+0000] {logging_mixin.py:188} INFO - [2023-12-20T22:39:30.898+0000] {dagbag.py:538} INFO - Filling up the DagBag from /home/airflow/.local/lib/python3.8/site-packages/airflow/example_dags/example_sensors.py
[2023-12-20T22:39:30.913+0000] {processor.py:840} INFO - DAG(s) 'example_sensors' retrieved from /home/airflow/.local/lib/python3.8/site-packages/airflow/example_dags/example_sensors.py
[2023-12-20T22:39:30.954+0000] {logging_mixin.py:188} INFO - [2023-12-20T22:39:30.954+0000] {dag.py:3033} INFO - Sync 1 DAGs
[2023-12-20T22:39:30.968+0000] {logging_mixin.py:188} INFO - [2023-12-20T22:39:30.968+0000] {dag.py:3820} INFO - Setting next_dagrun for example_sensors to None, run_after=None
[2023-12-20T22:39:30.991+0000] {processor.py:183} INFO - Processing /home/airflow/.local/lib/python3.8/site-packages/airflow/example_dags/example_sensors.py took 0.104 seconds
[2023-12-20T22:40:01.421+0000] {processor.py:161} INFO - Started process (PID=239) to work on /home/airflow/.local/lib/python3.8/site-packages/airflow/example_dags/example_sensors.py
[2023-12-20T22:40:01.423+0000] {processor.py:830} INFO - Processing file /home/airflow/.local/lib/python3.8/site-packages/airflow/example_dags/example_sensors.py for tasks to queue
[2023-12-20T22:40:01.426+0000] {logging_mixin.py:188} INFO - [2023-12-20T22:40:01.426+0000] {dagbag.py:538} INFO - Filling up the DagBag from /home/airflow/.local/lib/python3.8/site-packages/airflow/example_dags/example_sensors.py
[2023-12-20T22:40:01.436+0000] {processor.py:840} INFO - DAG(s) 'example_sensors' retrieved from /home/airflow/.local/lib/python3.8/site-packages/airflow/example_dags/example_sensors.py
[2023-12-20T22:40:01.462+0000] {logging_mixin.py:188} INFO - [2023-12-20T22:40:01.462+0000] {dag.py:3033} INFO - Sync 1 DAGs
[2023-12-20T22:40:01.472+0000] {logging_mixin.py:188} INFO - [2023-12-20T22:40:01.472+0000] {dag.py:3820} INFO - Setting next_dagrun for example_sensors to None, run_after=None
[2023-12-20T22:40:01.487+0000] {processor.py:183} INFO - Processing /home/airflow/.local/lib/python3.8/site-packages/airflow/example_dags/example_sensors.py took 0.071 seconds
[2023-12-20T22:40:31.934+0000] {processor.py:161} INFO - Started process (PID=294) to work on /home/airflow/.local/lib/python3.8/site-packages/airflow/example_dags/example_sensors.py
[2023-12-20T22:40:31.936+0000] {processor.py:830} INFO - Processing file /home/airflow/.local/lib/python3.8/site-packages/airflow/example_dags/example_sensors.py for tasks to queue
[2023-12-20T22:40:31.939+0000] {logging_mixin.py:188} INFO - [2023-12-20T22:40:31.938+0000] {dagbag.py:538} INFO - Filling up the DagBag from /home/airflow/.local/lib/python3.8/site-packages/airflow/example_dags/example_sensors.py
[2023-12-20T22:40:31.948+0000] {processor.py:840} INFO - DAG(s) 'example_sensors' retrieved from /home/airflow/.local/lib/python3.8/site-packages/airflow/example_dags/example_sensors.py
[2023-12-20T22:40:31.982+0000] {logging_mixin.py:188} INFO - [2023-12-20T22:40:31.982+0000] {dag.py:3033} INFO - Sync 1 DAGs
[2023-12-20T22:40:31.995+0000] {logging_mixin.py:188} INFO - [2023-12-20T22:40:31.995+0000] {dag.py:3820} INFO - Setting next_dagrun for example_sensors to None, run_after=None
[2023-12-20T22:40:32.010+0000] {processor.py:183} INFO - Processing /home/airflow/.local/lib/python3.8/site-packages/airflow/example_dags/example_sensors.py took 0.080 seconds
[2023-12-20T22:41:02.068+0000] {processor.py:161} INFO - Started process (PID=349) to work on /home/airflow/.local/lib/python3.8/site-packages/airflow/example_dags/example_sensors.py
[2023-12-20T22:41:02.069+0000] {processor.py:830} INFO - Processing file /home/airflow/.local/lib/python3.8/site-packages/airflow/example_dags/example_sensors.py for tasks to queue
[2023-12-20T22:41:02.073+0000] {logging_mixin.py:188} INFO - [2023-12-20T22:41:02.072+0000] {dagbag.py:538} INFO - Filling up the DagBag from /home/airflow/.local/lib/python3.8/site-packages/airflow/example_dags/example_sensors.py
[2023-12-20T22:41:02.082+0000] {processor.py:840} INFO - DAG(s) 'example_sensors' retrieved from /home/airflow/.local/lib/python3.8/site-packages/airflow/example_dags/example_sensors.py
[2023-12-20T22:41:02.112+0000] {logging_mixin.py:188} INFO - [2023-12-20T22:41:02.112+0000] {dag.py:3033} INFO - Sync 1 DAGs
[2023-12-20T22:41:02.127+0000] {logging_mixin.py:188} INFO - [2023-12-20T22:41:02.126+0000] {dag.py:3820} INFO - Setting next_dagrun for example_sensors to None, run_after=None
[2023-12-20T22:41:02.165+0000] {processor.py:183} INFO - Processing /home/airflow/.local/lib/python3.8/site-packages/airflow/example_dags/example_sensors.py took 0.101 seconds
[2023-12-20T22:41:32.303+0000] {processor.py:161} INFO - Started process (PID=402) to work on /home/airflow/.local/lib/python3.8/site-packages/airflow/example_dags/example_sensors.py
[2023-12-20T22:41:32.304+0000] {processor.py:830} INFO - Processing file /home/airflow/.local/lib/python3.8/site-packages/airflow/example_dags/example_sensors.py for tasks to queue
[2023-12-20T22:41:32.307+0000] {logging_mixin.py:188} INFO - [2023-12-20T22:41:32.307+0000] {dagbag.py:538} INFO - Filling up the DagBag from /home/airflow/.local/lib/python3.8/site-packages/airflow/example_dags/example_sensors.py
[2023-12-20T22:41:32.315+0000] {processor.py:840} INFO - DAG(s) 'example_sensors' retrieved from /home/airflow/.local/lib/python3.8/site-packages/airflow/example_dags/example_sensors.py
[2023-12-20T22:41:32.341+0000] {logging_mixin.py:188} INFO - [2023-12-20T22:41:32.340+0000] {dag.py:3033} INFO - Sync 1 DAGs
[2023-12-20T22:41:32.350+0000] {logging_mixin.py:188} INFO - [2023-12-20T22:41:32.350+0000] {dag.py:3820} INFO - Setting next_dagrun for example_sensors to None, run_after=None
[2023-12-20T22:41:32.364+0000] {processor.py:183} INFO - Processing /home/airflow/.local/lib/python3.8/site-packages/airflow/example_dags/example_sensors.py took 0.064 seconds
[2023-12-20T22:42:03.613+0000] {processor.py:161} INFO - Started process (PID=458) to work on /home/airflow/.local/lib/python3.8/site-packages/airflow/example_dags/example_sensors.py
[2023-12-20T22:42:03.691+0000] {processor.py:830} INFO - Processing file /home/airflow/.local/lib/python3.8/site-packages/airflow/example_dags/example_sensors.py for tasks to queue
[2023-12-20T22:42:03.705+0000] {logging_mixin.py:188} INFO - [2023-12-20T22:42:03.704+0000] {dagbag.py:538} INFO - Filling up the DagBag from /home/airflow/.local/lib/python3.8/site-packages/airflow/example_dags/example_sensors.py
[2023-12-20T22:42:03.740+0000] {processor.py:840} INFO - DAG(s) 'example_sensors' retrieved from /home/airflow/.local/lib/python3.8/site-packages/airflow/example_dags/example_sensors.py
[2023-12-20T22:42:03.877+0000] {logging_mixin.py:188} INFO - [2023-12-20T22:42:03.876+0000] {dag.py:3033} INFO - Sync 1 DAGs
[2023-12-20T22:42:03.912+0000] {logging_mixin.py:188} INFO - [2023-12-20T22:42:03.911+0000] {dag.py:3820} INFO - Setting next_dagrun for example_sensors to None, run_after=None
[2023-12-20T22:42:03.949+0000] {processor.py:183} INFO - Processing /home/airflow/.local/lib/python3.8/site-packages/airflow/example_dags/example_sensors.py took 0.383 seconds
[2023-12-20T22:42:34.666+0000] {processor.py:161} INFO - Started process (PID=513) to work on /home/airflow/.local/lib/python3.8/site-packages/airflow/example_dags/example_sensors.py
[2023-12-20T22:42:34.667+0000] {processor.py:830} INFO - Processing file /home/airflow/.local/lib/python3.8/site-packages/airflow/example_dags/example_sensors.py for tasks to queue
[2023-12-20T22:42:34.670+0000] {logging_mixin.py:188} INFO - [2023-12-20T22:42:34.670+0000] {dagbag.py:538} INFO - Filling up the DagBag from /home/airflow/.local/lib/python3.8/site-packages/airflow/example_dags/example_sensors.py
[2023-12-20T22:42:34.680+0000] {processor.py:840} INFO - DAG(s) 'example_sensors' retrieved from /home/airflow/.local/lib/python3.8/site-packages/airflow/example_dags/example_sensors.py
[2023-12-20T22:42:34.706+0000] {logging_mixin.py:188} INFO - [2023-12-20T22:42:34.706+0000] {dag.py:3033} INFO - Sync 1 DAGs
[2023-12-20T22:42:34.717+0000] {logging_mixin.py:188} INFO - [2023-12-20T22:42:34.717+0000] {dag.py:3820} INFO - Setting next_dagrun for example_sensors to None, run_after=None
[2023-12-20T22:42:34.729+0000] {processor.py:183} INFO - Processing /home/airflow/.local/lib/python3.8/site-packages/airflow/example_dags/example_sensors.py took 0.069 seconds
[2023-12-20T22:43:05.677+0000] {processor.py:161} INFO - Started process (PID=567) to work on /home/airflow/.local/lib/python3.8/site-packages/airflow/example_dags/example_sensors.py
[2023-12-20T22:43:05.679+0000] {processor.py:830} INFO - Processing file /home/airflow/.local/lib/python3.8/site-packages/airflow/example_dags/example_sensors.py for tasks to queue
[2023-12-20T22:43:05.683+0000] {logging_mixin.py:188} INFO - [2023-12-20T22:43:05.683+0000] {dagbag.py:538} INFO - Filling up the DagBag from /home/airflow/.local/lib/python3.8/site-packages/airflow/example_dags/example_sensors.py
[2023-12-20T22:43:05.695+0000] {processor.py:840} INFO - DAG(s) 'example_sensors' retrieved from /home/airflow/.local/lib/python3.8/site-packages/airflow/example_dags/example_sensors.py
[2023-12-20T22:43:05.745+0000] {logging_mixin.py:188} INFO - [2023-12-20T22:43:05.744+0000] {dag.py:3033} INFO - Sync 1 DAGs
[2023-12-20T22:43:05.760+0000] {logging_mixin.py:188} INFO - [2023-12-20T22:43:05.760+0000] {dag.py:3820} INFO - Setting next_dagrun for example_sensors to None, run_after=None
[2023-12-20T22:43:05.776+0000] {processor.py:183} INFO - Processing /home/airflow/.local/lib/python3.8/site-packages/airflow/example_dags/example_sensors.py took 0.104 seconds
[2023-12-20T22:43:36.340+0000] {processor.py:161} INFO - Started process (PID=622) to work on /home/airflow/.local/lib/python3.8/site-packages/airflow/example_dags/example_sensors.py
[2023-12-20T22:43:36.342+0000] {processor.py:830} INFO - Processing file /home/airflow/.local/lib/python3.8/site-packages/airflow/example_dags/example_sensors.py for tasks to queue
[2023-12-20T22:43:36.347+0000] {logging_mixin.py:188} INFO - [2023-12-20T22:43:36.346+0000] {dagbag.py:538} INFO - Filling up the DagBag from /home/airflow/.local/lib/python3.8/site-packages/airflow/example_dags/example_sensors.py
[2023-12-20T22:43:36.361+0000] {processor.py:840} INFO - DAG(s) 'example_sensors' retrieved from /home/airflow/.local/lib/python3.8/site-packages/airflow/example_dags/example_sensors.py
[2023-12-20T22:43:36.392+0000] {logging_mixin.py:188} INFO - [2023-12-20T22:43:36.391+0000] {dag.py:3033} INFO - Sync 1 DAGs
[2023-12-20T22:43:36.405+0000] {logging_mixin.py:188} INFO - [2023-12-20T22:43:36.405+0000] {dag.py:3820} INFO - Setting next_dagrun for example_sensors to None, run_after=None
[2023-12-20T22:43:36.419+0000] {processor.py:183} INFO - Processing /home/airflow/.local/lib/python3.8/site-packages/airflow/example_dags/example_sensors.py took 0.085 seconds
[2023-12-20T22:44:06.934+0000] {processor.py:161} INFO - Started process (PID=677) to work on /home/airflow/.local/lib/python3.8/site-packages/airflow/example_dags/example_sensors.py
[2023-12-20T22:44:06.936+0000] {processor.py:830} INFO - Processing file /home/airflow/.local/lib/python3.8/site-packages/airflow/example_dags/example_sensors.py for tasks to queue
[2023-12-20T22:44:06.941+0000] {logging_mixin.py:188} INFO - [2023-12-20T22:44:06.941+0000] {dagbag.py:538} INFO - Filling up the DagBag from /home/airflow/.local/lib/python3.8/site-packages/airflow/example_dags/example_sensors.py
[2023-12-20T22:44:06.953+0000] {processor.py:840} INFO - DAG(s) 'example_sensors' retrieved from /home/airflow/.local/lib/python3.8/site-packages/airflow/example_dags/example_sensors.py
[2023-12-20T22:44:06.983+0000] {logging_mixin.py:188} INFO - [2023-12-20T22:44:06.983+0000] {dag.py:3033} INFO - Sync 1 DAGs
[2023-12-20T22:44:06.996+0000] {logging_mixin.py:188} INFO - [2023-12-20T22:44:06.995+0000] {dag.py:3820} INFO - Setting next_dagrun for example_sensors to None, run_after=None
[2023-12-20T22:44:07.010+0000] {processor.py:183} INFO - Processing /home/airflow/.local/lib/python3.8/site-packages/airflow/example_dags/example_sensors.py took 0.083 seconds
[2023-12-20T22:44:37.063+0000] {processor.py:161} INFO - Started process (PID=732) to work on /home/airflow/.local/lib/python3.8/site-packages/airflow/example_dags/example_sensors.py
[2023-12-20T22:44:37.065+0000] {processor.py:830} INFO - Processing file /home/airflow/.local/lib/python3.8/site-packages/airflow/example_dags/example_sensors.py for tasks to queue
[2023-12-20T22:44:37.068+0000] {logging_mixin.py:188} INFO - [2023-12-20T22:44:37.067+0000] {dagbag.py:538} INFO - Filling up the DagBag from /home/airflow/.local/lib/python3.8/site-packages/airflow/example_dags/example_sensors.py
[2023-12-20T22:44:37.078+0000] {processor.py:840} INFO - DAG(s) 'example_sensors' retrieved from /home/airflow/.local/lib/python3.8/site-packages/airflow/example_dags/example_sensors.py
[2023-12-20T22:44:37.107+0000] {logging_mixin.py:188} INFO - [2023-12-20T22:44:37.107+0000] {dag.py:3033} INFO - Sync 1 DAGs
[2023-12-20T22:44:37.120+0000] {logging_mixin.py:188} INFO - [2023-12-20T22:44:37.120+0000] {dag.py:3820} INFO - Setting next_dagrun for example_sensors to None, run_after=None
[2023-12-20T22:44:37.136+0000] {processor.py:183} INFO - Processing /home/airflow/.local/lib/python3.8/site-packages/airflow/example_dags/example_sensors.py took 0.077 seconds
[2023-12-20T22:45:07.621+0000] {processor.py:161} INFO - Started process (PID=787) to work on /home/airflow/.local/lib/python3.8/site-packages/airflow/example_dags/example_sensors.py
[2023-12-20T22:45:07.623+0000] {processor.py:830} INFO - Processing file /home/airflow/.local/lib/python3.8/site-packages/airflow/example_dags/example_sensors.py for tasks to queue
[2023-12-20T22:45:07.625+0000] {logging_mixin.py:188} INFO - [2023-12-20T22:45:07.625+0000] {dagbag.py:538} INFO - Filling up the DagBag from /home/airflow/.local/lib/python3.8/site-packages/airflow/example_dags/example_sensors.py
[2023-12-20T22:45:07.634+0000] {processor.py:840} INFO - DAG(s) 'example_sensors' retrieved from /home/airflow/.local/lib/python3.8/site-packages/airflow/example_dags/example_sensors.py
[2023-12-20T22:45:07.662+0000] {logging_mixin.py:188} INFO - [2023-12-20T22:45:07.662+0000] {dag.py:3033} INFO - Sync 1 DAGs
[2023-12-20T22:45:07.673+0000] {logging_mixin.py:188} INFO - [2023-12-20T22:45:07.673+0000] {dag.py:3820} INFO - Setting next_dagrun for example_sensors to None, run_after=None
[2023-12-20T22:45:07.687+0000] {processor.py:183} INFO - Processing /home/airflow/.local/lib/python3.8/site-packages/airflow/example_dags/example_sensors.py took 0.071 seconds
[2023-12-20T22:45:38.030+0000] {processor.py:161} INFO - Started process (PID=843) to work on /home/airflow/.local/lib/python3.8/site-packages/airflow/example_dags/example_sensors.py
[2023-12-20T22:45:38.032+0000] {processor.py:830} INFO - Processing file /home/airflow/.local/lib/python3.8/site-packages/airflow/example_dags/example_sensors.py for tasks to queue
[2023-12-20T22:45:38.035+0000] {logging_mixin.py:188} INFO - [2023-12-20T22:45:38.035+0000] {dagbag.py:538} INFO - Filling up the DagBag from /home/airflow/.local/lib/python3.8/site-packages/airflow/example_dags/example_sensors.py
[2023-12-20T22:45:38.045+0000] {processor.py:840} INFO - DAG(s) 'example_sensors' retrieved from /home/airflow/.local/lib/python3.8/site-packages/airflow/example_dags/example_sensors.py
[2023-12-20T22:45:38.076+0000] {logging_mixin.py:188} INFO - [2023-12-20T22:45:38.076+0000] {dag.py:3033} INFO - Sync 1 DAGs
[2023-12-20T22:45:38.089+0000] {logging_mixin.py:188} INFO - [2023-12-20T22:45:38.089+0000] {dag.py:3820} INFO - Setting next_dagrun for example_sensors to None, run_after=None
[2023-12-20T22:45:38.106+0000] {processor.py:183} INFO - Processing /home/airflow/.local/lib/python3.8/site-packages/airflow/example_dags/example_sensors.py took 0.080 seconds
[2023-12-20T22:46:08.808+0000] {processor.py:161} INFO - Started process (PID=898) to work on /home/airflow/.local/lib/python3.8/site-packages/airflow/example_dags/example_sensors.py
[2023-12-20T22:46:08.810+0000] {processor.py:830} INFO - Processing file /home/airflow/.local/lib/python3.8/site-packages/airflow/example_dags/example_sensors.py for tasks to queue
[2023-12-20T22:46:08.813+0000] {logging_mixin.py:188} INFO - [2023-12-20T22:46:08.813+0000] {dagbag.py:538} INFO - Filling up the DagBag from /home/airflow/.local/lib/python3.8/site-packages/airflow/example_dags/example_sensors.py
[2023-12-20T22:46:08.822+0000] {processor.py:840} INFO - DAG(s) 'example_sensors' retrieved from /home/airflow/.local/lib/python3.8/site-packages/airflow/example_dags/example_sensors.py
[2023-12-20T22:46:08.847+0000] {logging_mixin.py:188} INFO - [2023-12-20T22:46:08.847+0000] {dag.py:3033} INFO - Sync 1 DAGs
[2023-12-20T22:46:08.857+0000] {logging_mixin.py:188} INFO - [2023-12-20T22:46:08.857+0000] {dag.py:3820} INFO - Setting next_dagrun for example_sensors to None, run_after=None
[2023-12-20T22:46:08.870+0000] {processor.py:183} INFO - Processing /home/airflow/.local/lib/python3.8/site-packages/airflow/example_dags/example_sensors.py took 0.066 seconds
[2023-12-20T22:46:39.800+0000] {processor.py:161} INFO - Started process (PID=953) to work on /home/airflow/.local/lib/python3.8/site-packages/airflow/example_dags/example_sensors.py
[2023-12-20T22:46:39.801+0000] {processor.py:830} INFO - Processing file /home/airflow/.local/lib/python3.8/site-packages/airflow/example_dags/example_sensors.py for tasks to queue
[2023-12-20T22:46:39.805+0000] {logging_mixin.py:188} INFO - [2023-12-20T22:46:39.804+0000] {dagbag.py:538} INFO - Filling up the DagBag from /home/airflow/.local/lib/python3.8/site-packages/airflow/example_dags/example_sensors.py
[2023-12-20T22:46:39.814+0000] {processor.py:840} INFO - DAG(s) 'example_sensors' retrieved from /home/airflow/.local/lib/python3.8/site-packages/airflow/example_dags/example_sensors.py
[2023-12-20T22:46:39.840+0000] {logging_mixin.py:188} INFO - [2023-12-20T22:46:39.840+0000] {dag.py:3033} INFO - Sync 1 DAGs
[2023-12-20T22:46:39.851+0000] {logging_mixin.py:188} INFO - [2023-12-20T22:46:39.851+0000] {dag.py:3820} INFO - Setting next_dagrun for example_sensors to None, run_after=None
[2023-12-20T22:46:39.865+0000] {processor.py:183} INFO - Processing /home/airflow/.local/lib/python3.8/site-packages/airflow/example_dags/example_sensors.py took 0.069 seconds
[2023-12-20T22:47:10.625+0000] {processor.py:161} INFO - Started process (PID=1008) to work on /home/airflow/.local/lib/python3.8/site-packages/airflow/example_dags/example_sensors.py
[2023-12-20T22:47:10.627+0000] {processor.py:830} INFO - Processing file /home/airflow/.local/lib/python3.8/site-packages/airflow/example_dags/example_sensors.py for tasks to queue
[2023-12-20T22:47:10.631+0000] {logging_mixin.py:188} INFO - [2023-12-20T22:47:10.631+0000] {dagbag.py:538} INFO - Filling up the DagBag from /home/airflow/.local/lib/python3.8/site-packages/airflow/example_dags/example_sensors.py
[2023-12-20T22:47:10.643+0000] {processor.py:840} INFO - DAG(s) 'example_sensors' retrieved from /home/airflow/.local/lib/python3.8/site-packages/airflow/example_dags/example_sensors.py
[2023-12-20T22:47:10.671+0000] {logging_mixin.py:188} INFO - [2023-12-20T22:47:10.671+0000] {dag.py:3033} INFO - Sync 1 DAGs
[2023-12-20T22:47:10.681+0000] {logging_mixin.py:188} INFO - [2023-12-20T22:47:10.681+0000] {dag.py:3820} INFO - Setting next_dagrun for example_sensors to None, run_after=None
[2023-12-20T22:47:10.699+0000] {processor.py:183} INFO - Processing /home/airflow/.local/lib/python3.8/site-packages/airflow/example_dags/example_sensors.py took 0.084 seconds
[2023-12-20T22:47:40.895+0000] {processor.py:161} INFO - Started process (PID=1063) to work on /home/airflow/.local/lib/python3.8/site-packages/airflow/example_dags/example_sensors.py
[2023-12-20T22:47:40.897+0000] {processor.py:830} INFO - Processing file /home/airflow/.local/lib/python3.8/site-packages/airflow/example_dags/example_sensors.py for tasks to queue
[2023-12-20T22:47:40.900+0000] {logging_mixin.py:188} INFO - [2023-12-20T22:47:40.899+0000] {dagbag.py:538} INFO - Filling up the DagBag from /home/airflow/.local/lib/python3.8/site-packages/airflow/example_dags/example_sensors.py
[2023-12-20T22:47:40.909+0000] {processor.py:840} INFO - DAG(s) 'example_sensors' retrieved from /home/airflow/.local/lib/python3.8/site-packages/airflow/example_dags/example_sensors.py
[2023-12-20T22:47:40.953+0000] {logging_mixin.py:188} INFO - [2023-12-20T22:47:40.952+0000] {dag.py:3033} INFO - Sync 1 DAGs
[2023-12-20T22:47:40.980+0000] {logging_mixin.py:188} INFO - [2023-12-20T22:47:40.980+0000] {dag.py:3820} INFO - Setting next_dagrun for example_sensors to None, run_after=None
[2023-12-20T22:47:41.004+0000] {processor.py:183} INFO - Processing /home/airflow/.local/lib/python3.8/site-packages/airflow/example_dags/example_sensors.py took 0.113 seconds
[2023-12-20T22:48:11.917+0000] {processor.py:161} INFO - Started process (PID=1117) to work on /home/airflow/.local/lib/python3.8/site-packages/airflow/example_dags/example_sensors.py
[2023-12-20T22:48:11.918+0000] {processor.py:830} INFO - Processing file /home/airflow/.local/lib/python3.8/site-packages/airflow/example_dags/example_sensors.py for tasks to queue
[2023-12-20T22:48:11.921+0000] {logging_mixin.py:188} INFO - [2023-12-20T22:48:11.921+0000] {dagbag.py:538} INFO - Filling up the DagBag from /home/airflow/.local/lib/python3.8/site-packages/airflow/example_dags/example_sensors.py
[2023-12-20T22:48:11.930+0000] {processor.py:840} INFO - DAG(s) 'example_sensors' retrieved from /home/airflow/.local/lib/python3.8/site-packages/airflow/example_dags/example_sensors.py
[2023-12-20T22:48:11.960+0000] {logging_mixin.py:188} INFO - [2023-12-20T22:48:11.960+0000] {dag.py:3033} INFO - Sync 1 DAGs
[2023-12-20T22:48:11.972+0000] {logging_mixin.py:188} INFO - [2023-12-20T22:48:11.972+0000] {dag.py:3820} INFO - Setting next_dagrun for example_sensors to None, run_after=None
[2023-12-20T22:48:11.987+0000] {processor.py:183} INFO - Processing /home/airflow/.local/lib/python3.8/site-packages/airflow/example_dags/example_sensors.py took 0.074 seconds
[2023-12-20T22:48:42.151+0000] {processor.py:161} INFO - Started process (PID=1172) to work on /home/airflow/.local/lib/python3.8/site-packages/airflow/example_dags/example_sensors.py
[2023-12-20T22:48:42.153+0000] {processor.py:830} INFO - Processing file /home/airflow/.local/lib/python3.8/site-packages/airflow/example_dags/example_sensors.py for tasks to queue
[2023-12-20T22:48:42.156+0000] {logging_mixin.py:188} INFO - [2023-12-20T22:48:42.156+0000] {dagbag.py:538} INFO - Filling up the DagBag from /home/airflow/.local/lib/python3.8/site-packages/airflow/example_dags/example_sensors.py
[2023-12-20T22:48:42.167+0000] {processor.py:840} INFO - DAG(s) 'example_sensors' retrieved from /home/airflow/.local/lib/python3.8/site-packages/airflow/example_dags/example_sensors.py
[2023-12-20T22:48:42.197+0000] {logging_mixin.py:188} INFO - [2023-12-20T22:48:42.197+0000] {dag.py:3033} INFO - Sync 1 DAGs
[2023-12-20T22:48:42.209+0000] {logging_mixin.py:188} INFO - [2023-12-20T22:48:42.209+0000] {dag.py:3820} INFO - Setting next_dagrun for example_sensors to None, run_after=None
[2023-12-20T22:48:42.226+0000] {processor.py:183} INFO - Processing /home/airflow/.local/lib/python3.8/site-packages/airflow/example_dags/example_sensors.py took 0.079 seconds
[2023-12-20T22:49:12.399+0000] {processor.py:161} INFO - Started process (PID=1225) to work on /home/airflow/.local/lib/python3.8/site-packages/airflow/example_dags/example_sensors.py
[2023-12-20T22:49:12.401+0000] {processor.py:830} INFO - Processing file /home/airflow/.local/lib/python3.8/site-packages/airflow/example_dags/example_sensors.py for tasks to queue
[2023-12-20T22:49:12.406+0000] {logging_mixin.py:188} INFO - [2023-12-20T22:49:12.406+0000] {dagbag.py:538} INFO - Filling up the DagBag from /home/airflow/.local/lib/python3.8/site-packages/airflow/example_dags/example_sensors.py
[2023-12-20T22:49:12.425+0000] {processor.py:840} INFO - DAG(s) 'example_sensors' retrieved from /home/airflow/.local/lib/python3.8/site-packages/airflow/example_dags/example_sensors.py
[2023-12-20T22:49:12.561+0000] {logging_mixin.py:188} INFO - [2023-12-20T22:49:12.560+0000] {dag.py:3033} INFO - Sync 1 DAGs
[2023-12-20T22:49:12.596+0000] {logging_mixin.py:188} INFO - [2023-12-20T22:49:12.596+0000] {dag.py:3820} INFO - Setting next_dagrun for example_sensors to None, run_after=None
[2023-12-20T22:49:12.644+0000] {processor.py:183} INFO - Processing /home/airflow/.local/lib/python3.8/site-packages/airflow/example_dags/example_sensors.py took 0.252 seconds
[2023-12-20T22:49:43.293+0000] {processor.py:161} INFO - Started process (PID=1279) to work on /home/airflow/.local/lib/python3.8/site-packages/airflow/example_dags/example_sensors.py
[2023-12-20T22:49:43.295+0000] {processor.py:830} INFO - Processing file /home/airflow/.local/lib/python3.8/site-packages/airflow/example_dags/example_sensors.py for tasks to queue
[2023-12-20T22:49:43.299+0000] {logging_mixin.py:188} INFO - [2023-12-20T22:49:43.298+0000] {dagbag.py:538} INFO - Filling up the DagBag from /home/airflow/.local/lib/python3.8/site-packages/airflow/example_dags/example_sensors.py
[2023-12-20T22:49:43.309+0000] {processor.py:840} INFO - DAG(s) 'example_sensors' retrieved from /home/airflow/.local/lib/python3.8/site-packages/airflow/example_dags/example_sensors.py
[2023-12-20T22:49:43.337+0000] {logging_mixin.py:188} INFO - [2023-12-20T22:49:43.337+0000] {dag.py:3033} INFO - Sync 1 DAGs
[2023-12-20T22:49:43.349+0000] {logging_mixin.py:188} INFO - [2023-12-20T22:49:43.348+0000] {dag.py:3820} INFO - Setting next_dagrun for example_sensors to None, run_after=None
[2023-12-20T22:49:43.364+0000] {processor.py:183} INFO - Processing /home/airflow/.local/lib/python3.8/site-packages/airflow/example_dags/example_sensors.py took 0.076 seconds
[2023-12-20T22:50:13.513+0000] {processor.py:161} INFO - Started process (PID=1334) to work on /home/airflow/.local/lib/python3.8/site-packages/airflow/example_dags/example_sensors.py
[2023-12-20T22:50:13.514+0000] {processor.py:830} INFO - Processing file /home/airflow/.local/lib/python3.8/site-packages/airflow/example_dags/example_sensors.py for tasks to queue
[2023-12-20T22:50:13.517+0000] {logging_mixin.py:188} INFO - [2023-12-20T22:50:13.517+0000] {dagbag.py:538} INFO - Filling up the DagBag from /home/airflow/.local/lib/python3.8/site-packages/airflow/example_dags/example_sensors.py
[2023-12-20T22:50:13.526+0000] {processor.py:840} INFO - DAG(s) 'example_sensors' retrieved from /home/airflow/.local/lib/python3.8/site-packages/airflow/example_dags/example_sensors.py
[2023-12-20T22:50:13.550+0000] {logging_mixin.py:188} INFO - [2023-12-20T22:50:13.550+0000] {dag.py:3033} INFO - Sync 1 DAGs
[2023-12-20T22:50:13.560+0000] {logging_mixin.py:188} INFO - [2023-12-20T22:50:13.560+0000] {dag.py:3820} INFO - Setting next_dagrun for example_sensors to None, run_after=None
[2023-12-20T22:50:13.574+0000] {processor.py:183} INFO - Processing /home/airflow/.local/lib/python3.8/site-packages/airflow/example_dags/example_sensors.py took 0.065 seconds
[2023-12-20T22:50:43.791+0000] {processor.py:161} INFO - Started process (PID=1389) to work on /home/airflow/.local/lib/python3.8/site-packages/airflow/example_dags/example_sensors.py
[2023-12-20T22:50:43.793+0000] {processor.py:830} INFO - Processing file /home/airflow/.local/lib/python3.8/site-packages/airflow/example_dags/example_sensors.py for tasks to queue
[2023-12-20T22:50:43.795+0000] {logging_mixin.py:188} INFO - [2023-12-20T22:50:43.795+0000] {dagbag.py:538} INFO - Filling up the DagBag from /home/airflow/.local/lib/python3.8/site-packages/airflow/example_dags/example_sensors.py
[2023-12-20T22:50:43.805+0000] {processor.py:840} INFO - DAG(s) 'example_sensors' retrieved from /home/airflow/.local/lib/python3.8/site-packages/airflow/example_dags/example_sensors.py
[2023-12-20T22:50:43.835+0000] {logging_mixin.py:188} INFO - [2023-12-20T22:50:43.835+0000] {dag.py:3033} INFO - Sync 1 DAGs
[2023-12-20T22:50:43.846+0000] {logging_mixin.py:188} INFO - [2023-12-20T22:50:43.846+0000] {dag.py:3820} INFO - Setting next_dagrun for example_sensors to None, run_after=None
[2023-12-20T22:50:43.868+0000] {processor.py:183} INFO - Processing /home/airflow/.local/lib/python3.8/site-packages/airflow/example_dags/example_sensors.py took 0.081 seconds
[2023-12-20T22:51:13.904+0000] {processor.py:161} INFO - Started process (PID=1443) to work on /home/airflow/.local/lib/python3.8/site-packages/airflow/example_dags/example_sensors.py
[2023-12-20T22:51:13.905+0000] {processor.py:830} INFO - Processing file /home/airflow/.local/lib/python3.8/site-packages/airflow/example_dags/example_sensors.py for tasks to queue
[2023-12-20T22:51:13.908+0000] {logging_mixin.py:188} INFO - [2023-12-20T22:51:13.907+0000] {dagbag.py:538} INFO - Filling up the DagBag from /home/airflow/.local/lib/python3.8/site-packages/airflow/example_dags/example_sensors.py
[2023-12-20T22:51:13.916+0000] {processor.py:840} INFO - DAG(s) 'example_sensors' retrieved from /home/airflow/.local/lib/python3.8/site-packages/airflow/example_dags/example_sensors.py
[2023-12-20T22:51:13.942+0000] {logging_mixin.py:188} INFO - [2023-12-20T22:51:13.941+0000] {dag.py:3033} INFO - Sync 1 DAGs
[2023-12-20T22:51:13.952+0000] {logging_mixin.py:188} INFO - [2023-12-20T22:51:13.952+0000] {dag.py:3820} INFO - Setting next_dagrun for example_sensors to None, run_after=None
[2023-12-20T22:51:13.970+0000] {processor.py:183} INFO - Processing /home/airflow/.local/lib/python3.8/site-packages/airflow/example_dags/example_sensors.py took 0.070 seconds
[2023-12-20T22:51:44.695+0000] {processor.py:161} INFO - Started process (PID=1499) to work on /home/airflow/.local/lib/python3.8/site-packages/airflow/example_dags/example_sensors.py
[2023-12-20T22:51:44.697+0000] {processor.py:830} INFO - Processing file /home/airflow/.local/lib/python3.8/site-packages/airflow/example_dags/example_sensors.py for tasks to queue
[2023-12-20T22:51:44.700+0000] {logging_mixin.py:188} INFO - [2023-12-20T22:51:44.700+0000] {dagbag.py:538} INFO - Filling up the DagBag from /home/airflow/.local/lib/python3.8/site-packages/airflow/example_dags/example_sensors.py
[2023-12-20T22:51:44.710+0000] {processor.py:840} INFO - DAG(s) 'example_sensors' retrieved from /home/airflow/.local/lib/python3.8/site-packages/airflow/example_dags/example_sensors.py
[2023-12-20T22:51:44.736+0000] {logging_mixin.py:188} INFO - [2023-12-20T22:51:44.736+0000] {dag.py:3033} INFO - Sync 1 DAGs
[2023-12-20T22:51:44.747+0000] {logging_mixin.py:188} INFO - [2023-12-20T22:51:44.747+0000] {dag.py:3820} INFO - Setting next_dagrun for example_sensors to None, run_after=None
[2023-12-20T22:51:44.760+0000] {processor.py:183} INFO - Processing /home/airflow/.local/lib/python3.8/site-packages/airflow/example_dags/example_sensors.py took 0.069 seconds
[2023-12-20T22:52:14.848+0000] {processor.py:161} INFO - Started process (PID=1554) to work on /home/airflow/.local/lib/python3.8/site-packages/airflow/example_dags/example_sensors.py
[2023-12-20T22:52:14.850+0000] {processor.py:830} INFO - Processing file /home/airflow/.local/lib/python3.8/site-packages/airflow/example_dags/example_sensors.py for tasks to queue
[2023-12-20T22:52:14.852+0000] {logging_mixin.py:188} INFO - [2023-12-20T22:52:14.852+0000] {dagbag.py:538} INFO - Filling up the DagBag from /home/airflow/.local/lib/python3.8/site-packages/airflow/example_dags/example_sensors.py
[2023-12-20T22:52:14.861+0000] {processor.py:840} INFO - DAG(s) 'example_sensors' retrieved from /home/airflow/.local/lib/python3.8/site-packages/airflow/example_dags/example_sensors.py
[2023-12-20T22:52:14.887+0000] {logging_mixin.py:188} INFO - [2023-12-20T22:52:14.887+0000] {dag.py:3033} INFO - Sync 1 DAGs
[2023-12-20T22:52:14.897+0000] {logging_mixin.py:188} INFO - [2023-12-20T22:52:14.897+0000] {dag.py:3820} INFO - Setting next_dagrun for example_sensors to None, run_after=None
[2023-12-20T22:52:14.911+0000] {processor.py:183} INFO - Processing /home/airflow/.local/lib/python3.8/site-packages/airflow/example_dags/example_sensors.py took 0.067 seconds
[2023-12-20T22:52:45.221+0000] {processor.py:161} INFO - Started process (PID=1609) to work on /home/airflow/.local/lib/python3.8/site-packages/airflow/example_dags/example_sensors.py
[2023-12-20T22:52:45.223+0000] {processor.py:830} INFO - Processing file /home/airflow/.local/lib/python3.8/site-packages/airflow/example_dags/example_sensors.py for tasks to queue
[2023-12-20T22:52:45.226+0000] {logging_mixin.py:188} INFO - [2023-12-20T22:52:45.225+0000] {dagbag.py:538} INFO - Filling up the DagBag from /home/airflow/.local/lib/python3.8/site-packages/airflow/example_dags/example_sensors.py
[2023-12-20T22:52:45.236+0000] {processor.py:840} INFO - DAG(s) 'example_sensors' retrieved from /home/airflow/.local/lib/python3.8/site-packages/airflow/example_dags/example_sensors.py
[2023-12-20T22:52:45.264+0000] {logging_mixin.py:188} INFO - [2023-12-20T22:52:45.263+0000] {dag.py:3033} INFO - Sync 1 DAGs
[2023-12-20T22:52:45.275+0000] {logging_mixin.py:188} INFO - [2023-12-20T22:52:45.275+0000] {dag.py:3820} INFO - Setting next_dagrun for example_sensors to None, run_after=None
[2023-12-20T22:52:45.295+0000] {processor.py:183} INFO - Processing /home/airflow/.local/lib/python3.8/site-packages/airflow/example_dags/example_sensors.py took 0.078 seconds
[2023-12-20T22:53:15.839+0000] {processor.py:161} INFO - Started process (PID=1665) to work on /home/airflow/.local/lib/python3.8/site-packages/airflow/example_dags/example_sensors.py
[2023-12-20T22:53:15.842+0000] {processor.py:830} INFO - Processing file /home/airflow/.local/lib/python3.8/site-packages/airflow/example_dags/example_sensors.py for tasks to queue
[2023-12-20T22:53:15.845+0000] {logging_mixin.py:188} INFO - [2023-12-20T22:53:15.845+0000] {dagbag.py:538} INFO - Filling up the DagBag from /home/airflow/.local/lib/python3.8/site-packages/airflow/example_dags/example_sensors.py
[2023-12-20T22:53:15.855+0000] {processor.py:840} INFO - DAG(s) 'example_sensors' retrieved from /home/airflow/.local/lib/python3.8/site-packages/airflow/example_dags/example_sensors.py
[2023-12-20T22:53:15.893+0000] {logging_mixin.py:188} INFO - [2023-12-20T22:53:15.893+0000] {dag.py:3033} INFO - Sync 1 DAGs
[2023-12-20T22:53:15.911+0000] {logging_mixin.py:188} INFO - [2023-12-20T22:53:15.911+0000] {dag.py:3820} INFO - Setting next_dagrun for example_sensors to None, run_after=None
[2023-12-20T22:53:15.928+0000] {processor.py:183} INFO - Processing /home/airflow/.local/lib/python3.8/site-packages/airflow/example_dags/example_sensors.py took 0.094 seconds
[2023-12-20T22:53:47.071+0000] {processor.py:161} INFO - Started process (PID=1727) to work on /home/airflow/.local/lib/python3.8/site-packages/airflow/example_dags/example_sensors.py
[2023-12-20T22:53:47.073+0000] {processor.py:830} INFO - Processing file /home/airflow/.local/lib/python3.8/site-packages/airflow/example_dags/example_sensors.py for tasks to queue
[2023-12-20T22:53:47.079+0000] {logging_mixin.py:188} INFO - [2023-12-20T22:53:47.078+0000] {dagbag.py:538} INFO - Filling up the DagBag from /home/airflow/.local/lib/python3.8/site-packages/airflow/example_dags/example_sensors.py
[2023-12-20T22:53:47.096+0000] {processor.py:840} INFO - DAG(s) 'example_sensors' retrieved from /home/airflow/.local/lib/python3.8/site-packages/airflow/example_dags/example_sensors.py
[2023-12-20T22:53:47.192+0000] {logging_mixin.py:188} INFO - [2023-12-20T22:53:47.191+0000] {dag.py:3033} INFO - Sync 1 DAGs
[2023-12-20T22:53:47.274+0000] {logging_mixin.py:188} INFO - [2023-12-20T22:53:47.273+0000] {dag.py:3820} INFO - Setting next_dagrun for example_sensors to None, run_after=None
[2023-12-20T22:53:47.312+0000] {processor.py:183} INFO - Processing /home/airflow/.local/lib/python3.8/site-packages/airflow/example_dags/example_sensors.py took 0.246 seconds
[2023-12-20T22:55:06.934+0000] {processor.py:161} INFO - Started process (PID=1808) to work on /home/airflow/.local/lib/python3.8/site-packages/airflow/example_dags/example_sensors.py
[2023-12-20T22:55:06.968+0000] {processor.py:830} INFO - Processing file /home/airflow/.local/lib/python3.8/site-packages/airflow/example_dags/example_sensors.py for tasks to queue
[2023-12-20T22:55:07.036+0000] {logging_mixin.py:188} INFO - [2023-12-20T22:55:07.035+0000] {dagbag.py:538} INFO - Filling up the DagBag from /home/airflow/.local/lib/python3.8/site-packages/airflow/example_dags/example_sensors.py
[2023-12-20T22:55:07.225+0000] {processor.py:840} INFO - DAG(s) 'example_sensors' retrieved from /home/airflow/.local/lib/python3.8/site-packages/airflow/example_dags/example_sensors.py
[2023-12-20T22:55:07.671+0000] {logging_mixin.py:188} INFO - [2023-12-20T22:55:07.670+0000] {dag.py:3033} INFO - Sync 1 DAGs
[2023-12-20T22:55:07.932+0000] {logging_mixin.py:188} INFO - [2023-12-20T22:55:07.928+0000] {dag.py:3820} INFO - Setting next_dagrun for example_sensors to None, run_after=None
[2023-12-20T22:55:08.140+0000] {processor.py:183} INFO - Processing /home/airflow/.local/lib/python3.8/site-packages/airflow/example_dags/example_sensors.py took 1.373 seconds
[2023-12-20T22:56:04.348+0000] {processor.py:161} INFO - Started process (PID=1877) to work on /home/airflow/.local/lib/python3.8/site-packages/airflow/example_dags/example_sensors.py
[2023-12-20T22:56:04.352+0000] {processor.py:830} INFO - Processing file /home/airflow/.local/lib/python3.8/site-packages/airflow/example_dags/example_sensors.py for tasks to queue
[2023-12-20T22:56:04.362+0000] {logging_mixin.py:188} INFO - [2023-12-20T22:56:04.360+0000] {dagbag.py:538} INFO - Filling up the DagBag from /home/airflow/.local/lib/python3.8/site-packages/airflow/example_dags/example_sensors.py
[2023-12-20T22:56:04.425+0000] {processor.py:840} INFO - DAG(s) 'example_sensors' retrieved from /home/airflow/.local/lib/python3.8/site-packages/airflow/example_dags/example_sensors.py
[2023-12-20T22:56:04.794+0000] {logging_mixin.py:188} INFO - [2023-12-20T22:56:04.793+0000] {dag.py:3033} INFO - Sync 1 DAGs
[2023-12-20T22:56:04.931+0000] {logging_mixin.py:188} INFO - [2023-12-20T22:56:04.931+0000] {dag.py:3820} INFO - Setting next_dagrun for example_sensors to None, run_after=None
[2023-12-20T22:56:05.153+0000] {processor.py:183} INFO - Processing /home/airflow/.local/lib/python3.8/site-packages/airflow/example_dags/example_sensors.py took 0.821 seconds
[2023-12-20T22:56:45.607+0000] {processor.py:161} INFO - Started process (PID=1941) to work on /home/airflow/.local/lib/python3.8/site-packages/airflow/example_dags/example_sensors.py
[2023-12-20T22:56:45.611+0000] {processor.py:830} INFO - Processing file /home/airflow/.local/lib/python3.8/site-packages/airflow/example_dags/example_sensors.py for tasks to queue
[2023-12-20T22:56:45.621+0000] {logging_mixin.py:188} INFO - [2023-12-20T22:56:45.619+0000] {dagbag.py:538} INFO - Filling up the DagBag from /home/airflow/.local/lib/python3.8/site-packages/airflow/example_dags/example_sensors.py
[2023-12-20T22:56:45.656+0000] {processor.py:840} INFO - DAG(s) 'example_sensors' retrieved from /home/airflow/.local/lib/python3.8/site-packages/airflow/example_dags/example_sensors.py
[2023-12-20T22:56:45.789+0000] {logging_mixin.py:188} INFO - [2023-12-20T22:56:45.789+0000] {dag.py:3033} INFO - Sync 1 DAGs
[2023-12-20T22:56:45.848+0000] {logging_mixin.py:188} INFO - [2023-12-20T22:56:45.848+0000] {dag.py:3820} INFO - Setting next_dagrun for example_sensors to None, run_after=None
[2023-12-20T22:56:45.955+0000] {processor.py:183} INFO - Processing /home/airflow/.local/lib/python3.8/site-packages/airflow/example_dags/example_sensors.py took 0.361 seconds
[2023-12-20T22:58:47.268+0000] {processor.py:161} INFO - Started process (PID=2029) to work on /home/airflow/.local/lib/python3.8/site-packages/airflow/example_dags/example_sensors.py
[2023-12-20T22:58:47.277+0000] {processor.py:830} INFO - Processing file /home/airflow/.local/lib/python3.8/site-packages/airflow/example_dags/example_sensors.py for tasks to queue
[2023-12-20T22:58:47.301+0000] {logging_mixin.py:188} INFO - [2023-12-20T22:58:47.296+0000] {dagbag.py:538} INFO - Filling up the DagBag from /home/airflow/.local/lib/python3.8/site-packages/airflow/example_dags/example_sensors.py
[2023-12-20T22:58:47.466+0000] {processor.py:840} INFO - DAG(s) 'example_sensors' retrieved from /home/airflow/.local/lib/python3.8/site-packages/airflow/example_dags/example_sensors.py
[2023-12-20T22:58:47.681+0000] {logging_mixin.py:188} INFO - [2023-12-20T22:58:47.680+0000] {dag.py:3033} INFO - Sync 1 DAGs
[2023-12-20T22:58:51.521+0000] {logging_mixin.py:188} INFO - [2023-12-20T22:58:51.512+0000] {dag.py:3820} INFO - Setting next_dagrun for example_sensors to None, run_after=None
[2023-12-20T22:58:51.670+0000] {processor.py:183} INFO - Processing /home/airflow/.local/lib/python3.8/site-packages/airflow/example_dags/example_sensors.py took 4.424 seconds
[2023-12-20T23:01:24.832+0000] {processor.py:161} INFO - Started process (PID=2138) to work on /home/airflow/.local/lib/python3.8/site-packages/airflow/example_dags/example_sensors.py
[2023-12-20T23:01:24.866+0000] {processor.py:830} INFO - Processing file /home/airflow/.local/lib/python3.8/site-packages/airflow/example_dags/example_sensors.py for tasks to queue
[2023-12-20T23:01:24.939+0000] {logging_mixin.py:188} INFO - [2023-12-20T23:01:24.938+0000] {dagbag.py:538} INFO - Filling up the DagBag from /home/airflow/.local/lib/python3.8/site-packages/airflow/example_dags/example_sensors.py
[2023-12-20T23:01:25.010+0000] {processor.py:840} INFO - DAG(s) 'example_sensors' retrieved from /home/airflow/.local/lib/python3.8/site-packages/airflow/example_dags/example_sensors.py
[2023-12-20T23:01:25.381+0000] {logging_mixin.py:188} INFO - [2023-12-20T23:01:25.380+0000] {dag.py:3033} INFO - Sync 1 DAGs
[2023-12-20T23:01:25.533+0000] {logging_mixin.py:188} INFO - [2023-12-20T23:01:25.528+0000] {dag.py:3820} INFO - Setting next_dagrun for example_sensors to None, run_after=None
[2023-12-20T23:01:25.681+0000] {processor.py:183} INFO - Processing /home/airflow/.local/lib/python3.8/site-packages/airflow/example_dags/example_sensors.py took 0.896 seconds
[2023-12-20T23:02:35.349+0000] {processor.py:161} INFO - Started process (PID=2208) to work on /home/airflow/.local/lib/python3.8/site-packages/airflow/example_dags/example_sensors.py
[2023-12-20T23:02:35.361+0000] {processor.py:830} INFO - Processing file /home/airflow/.local/lib/python3.8/site-packages/airflow/example_dags/example_sensors.py for tasks to queue
[2023-12-20T23:02:35.372+0000] {logging_mixin.py:188} INFO - [2023-12-20T23:02:35.371+0000] {dagbag.py:538} INFO - Filling up the DagBag from /home/airflow/.local/lib/python3.8/site-packages/airflow/example_dags/example_sensors.py
[2023-12-20T23:02:36.998+0000] {processor.py:840} INFO - DAG(s) 'example_sensors' retrieved from /home/airflow/.local/lib/python3.8/site-packages/airflow/example_dags/example_sensors.py
[2023-12-20T23:02:37.208+0000] {logging_mixin.py:188} INFO - [2023-12-20T23:02:37.207+0000] {dag.py:3033} INFO - Sync 1 DAGs
[2023-12-20T23:02:37.301+0000] {logging_mixin.py:188} INFO - [2023-12-20T23:02:37.301+0000] {dag.py:3820} INFO - Setting next_dagrun for example_sensors to None, run_after=None
[2023-12-20T23:02:37.473+0000] {processor.py:183} INFO - Processing /home/airflow/.local/lib/python3.8/site-packages/airflow/example_dags/example_sensors.py took 2.160 seconds
[2023-12-20T23:03:28.222+0000] {processor.py:161} INFO - Started process (PID=2270) to work on /home/airflow/.local/lib/python3.8/site-packages/airflow/example_dags/example_sensors.py
[2023-12-20T23:03:28.229+0000] {processor.py:830} INFO - Processing file /home/airflow/.local/lib/python3.8/site-packages/airflow/example_dags/example_sensors.py for tasks to queue
[2023-12-20T23:03:28.256+0000] {logging_mixin.py:188} INFO - [2023-12-20T23:03:28.252+0000] {dagbag.py:538} INFO - Filling up the DagBag from /home/airflow/.local/lib/python3.8/site-packages/airflow/example_dags/example_sensors.py
[2023-12-20T23:03:28.369+0000] {processor.py:840} INFO - DAG(s) 'example_sensors' retrieved from /home/airflow/.local/lib/python3.8/site-packages/airflow/example_dags/example_sensors.py
[2023-12-20T23:03:28.636+0000] {logging_mixin.py:188} INFO - [2023-12-20T23:03:28.635+0000] {dag.py:3033} INFO - Sync 1 DAGs
[2023-12-20T23:03:28.803+0000] {logging_mixin.py:188} INFO - [2023-12-20T23:03:28.794+0000] {dag.py:3820} INFO - Setting next_dagrun for example_sensors to None, run_after=None
[2023-12-20T23:03:29.043+0000] {processor.py:183} INFO - Processing /home/airflow/.local/lib/python3.8/site-packages/airflow/example_dags/example_sensors.py took 0.851 seconds
[2023-12-20T23:06:24.659+0000] {processor.py:161} INFO - Started process (PID=2349) to work on /home/airflow/.local/lib/python3.8/site-packages/airflow/example_dags/example_sensors.py
[2023-12-20T23:06:24.703+0000] {processor.py:830} INFO - Processing file /home/airflow/.local/lib/python3.8/site-packages/airflow/example_dags/example_sensors.py for tasks to queue
[2023-12-20T23:06:24.849+0000] {logging_mixin.py:188} INFO - [2023-12-20T23:06:24.829+0000] {dagbag.py:538} INFO - Filling up the DagBag from /home/airflow/.local/lib/python3.8/site-packages/airflow/example_dags/example_sensors.py
[2023-12-20T23:06:25.172+0000] {processor.py:840} INFO - DAG(s) 'example_sensors' retrieved from /home/airflow/.local/lib/python3.8/site-packages/airflow/example_dags/example_sensors.py
[2023-12-20T23:06:25.724+0000] {logging_mixin.py:188} INFO - [2023-12-20T23:06:25.723+0000] {dag.py:3033} INFO - Sync 1 DAGs
[2023-12-20T23:06:26.079+0000] {logging_mixin.py:188} INFO - [2023-12-20T23:06:26.079+0000] {dag.py:3820} INFO - Setting next_dagrun for example_sensors to None, run_after=None
[2023-12-20T23:06:26.510+0000] {processor.py:183} INFO - Processing /home/airflow/.local/lib/python3.8/site-packages/airflow/example_dags/example_sensors.py took 2.032 seconds
[2023-12-20T23:08:49.002+0000] {processor.py:161} INFO - Started process (PID=2454) to work on /home/airflow/.local/lib/python3.8/site-packages/airflow/example_dags/example_sensors.py
[2023-12-20T23:08:49.010+0000] {processor.py:830} INFO - Processing file /home/airflow/.local/lib/python3.8/site-packages/airflow/example_dags/example_sensors.py for tasks to queue
[2023-12-20T23:08:49.052+0000] {logging_mixin.py:188} INFO - [2023-12-20T23:08:49.049+0000] {dagbag.py:538} INFO - Filling up the DagBag from /home/airflow/.local/lib/python3.8/site-packages/airflow/example_dags/example_sensors.py
[2023-12-20T23:08:49.188+0000] {processor.py:840} INFO - DAG(s) 'example_sensors' retrieved from /home/airflow/.local/lib/python3.8/site-packages/airflow/example_dags/example_sensors.py
[2023-12-20T23:08:49.679+0000] {logging_mixin.py:188} INFO - [2023-12-20T23:08:49.678+0000] {dag.py:3033} INFO - Sync 1 DAGs
[2023-12-20T23:08:49.879+0000] {logging_mixin.py:188} INFO - [2023-12-20T23:08:49.879+0000] {dag.py:3820} INFO - Setting next_dagrun for example_sensors to None, run_after=None
[2023-12-20T23:08:49.996+0000] {processor.py:183} INFO - Processing /home/airflow/.local/lib/python3.8/site-packages/airflow/example_dags/example_sensors.py took 1.035 seconds
[2023-12-20T23:10:01.076+0000] {processor.py:161} INFO - Started process (PID=2523) to work on /home/airflow/.local/lib/python3.8/site-packages/airflow/example_dags/example_sensors.py
[2023-12-20T23:10:01.098+0000] {processor.py:830} INFO - Processing file /home/airflow/.local/lib/python3.8/site-packages/airflow/example_dags/example_sensors.py for tasks to queue
[2023-12-20T23:10:01.155+0000] {logging_mixin.py:188} INFO - [2023-12-20T23:10:01.151+0000] {dagbag.py:538} INFO - Filling up the DagBag from /home/airflow/.local/lib/python3.8/site-packages/airflow/example_dags/example_sensors.py
[2023-12-20T23:10:01.339+0000] {processor.py:840} INFO - DAG(s) 'example_sensors' retrieved from /home/airflow/.local/lib/python3.8/site-packages/airflow/example_dags/example_sensors.py
[2023-12-20T23:10:01.894+0000] {logging_mixin.py:188} INFO - [2023-12-20T23:10:01.894+0000] {dag.py:3033} INFO - Sync 1 DAGs
[2023-12-20T23:10:02.292+0000] {logging_mixin.py:188} INFO - [2023-12-20T23:10:02.290+0000] {dag.py:3820} INFO - Setting next_dagrun for example_sensors to None, run_after=None
[2023-12-20T23:10:03.034+0000] {processor.py:183} INFO - Processing /home/airflow/.local/lib/python3.8/site-packages/airflow/example_dags/example_sensors.py took 2.088 seconds
[2023-12-20T23:11:57.127+0000] {processor.py:161} INFO - Started process (PID=2612) to work on /home/airflow/.local/lib/python3.8/site-packages/airflow/example_dags/example_sensors.py
[2023-12-20T23:11:57.137+0000] {processor.py:830} INFO - Processing file /home/airflow/.local/lib/python3.8/site-packages/airflow/example_dags/example_sensors.py for tasks to queue
[2023-12-20T23:11:57.171+0000] {logging_mixin.py:188} INFO - [2023-12-20T23:11:57.169+0000] {dagbag.py:538} INFO - Filling up the DagBag from /home/airflow/.local/lib/python3.8/site-packages/airflow/example_dags/example_sensors.py
[2023-12-20T23:11:57.284+0000] {processor.py:840} INFO - DAG(s) 'example_sensors' retrieved from /home/airflow/.local/lib/python3.8/site-packages/airflow/example_dags/example_sensors.py
[2023-12-20T23:11:57.690+0000] {logging_mixin.py:188} INFO - [2023-12-20T23:11:57.689+0000] {dag.py:3033} INFO - Sync 1 DAGs
[2023-12-20T23:11:57.805+0000] {logging_mixin.py:188} INFO - [2023-12-20T23:11:57.805+0000] {dag.py:3820} INFO - Setting next_dagrun for example_sensors to None, run_after=None
[2023-12-20T23:11:57.935+0000] {processor.py:183} INFO - Processing /home/airflow/.local/lib/python3.8/site-packages/airflow/example_dags/example_sensors.py took 0.838 seconds
[2023-12-20T23:12:56.058+0000] {processor.py:161} INFO - Started process (PID=2681) to work on /home/airflow/.local/lib/python3.8/site-packages/airflow/example_dags/example_sensors.py
[2023-12-20T23:12:56.081+0000] {processor.py:830} INFO - Processing file /home/airflow/.local/lib/python3.8/site-packages/airflow/example_dags/example_sensors.py for tasks to queue
[2023-12-20T23:12:56.101+0000] {logging_mixin.py:188} INFO - [2023-12-20T23:12:56.098+0000] {dagbag.py:538} INFO - Filling up the DagBag from /home/airflow/.local/lib/python3.8/site-packages/airflow/example_dags/example_sensors.py
[2023-12-20T23:12:56.220+0000] {processor.py:840} INFO - DAG(s) 'example_sensors' retrieved from /home/airflow/.local/lib/python3.8/site-packages/airflow/example_dags/example_sensors.py
[2023-12-20T23:12:56.501+0000] {logging_mixin.py:188} INFO - [2023-12-20T23:12:56.500+0000] {dag.py:3033} INFO - Sync 1 DAGs
[2023-12-20T23:12:56.755+0000] {logging_mixin.py:188} INFO - [2023-12-20T23:12:56.754+0000] {dag.py:3820} INFO - Setting next_dagrun for example_sensors to None, run_after=None
[2023-12-20T23:12:56.960+0000] {processor.py:183} INFO - Processing /home/airflow/.local/lib/python3.8/site-packages/airflow/example_dags/example_sensors.py took 0.945 seconds
[2023-12-20T23:14:12.398+0000] {processor.py:161} INFO - Started process (PID=2747) to work on /home/airflow/.local/lib/python3.8/site-packages/airflow/example_dags/example_sensors.py
[2023-12-20T23:14:12.422+0000] {processor.py:830} INFO - Processing file /home/airflow/.local/lib/python3.8/site-packages/airflow/example_dags/example_sensors.py for tasks to queue
[2023-12-20T23:14:12.496+0000] {logging_mixin.py:188} INFO - [2023-12-20T23:14:12.494+0000] {dagbag.py:538} INFO - Filling up the DagBag from /home/airflow/.local/lib/python3.8/site-packages/airflow/example_dags/example_sensors.py
[2023-12-20T23:14:12.786+0000] {processor.py:840} INFO - DAG(s) 'example_sensors' retrieved from /home/airflow/.local/lib/python3.8/site-packages/airflow/example_dags/example_sensors.py
[2023-12-20T23:14:13.279+0000] {logging_mixin.py:188} INFO - [2023-12-20T23:14:13.272+0000] {dag.py:3033} INFO - Sync 1 DAGs
[2023-12-20T23:14:13.487+0000] {logging_mixin.py:188} INFO - [2023-12-20T23:14:13.486+0000] {dag.py:3820} INFO - Setting next_dagrun for example_sensors to None, run_after=None
[2023-12-20T23:14:13.660+0000] {processor.py:183} INFO - Processing /home/airflow/.local/lib/python3.8/site-packages/airflow/example_dags/example_sensors.py took 1.323 seconds
