[2023-12-20T22:38:25.798+0000] {processor.py:161} INFO - Started process (PID=58) to work on /home/airflow/.local/lib/python3.8/site-packages/airflow/example_dags/example_complex.py
[2023-12-20T22:38:25.801+0000] {processor.py:830} INFO - Processing file /home/airflow/.local/lib/python3.8/site-packages/airflow/example_dags/example_complex.py for tasks to queue
[2023-12-20T22:38:25.814+0000] {logging_mixin.py:188} INFO - [2023-12-20T22:38:25.811+0000] {dagbag.py:538} INFO - Filling up the DagBag from /home/airflow/.local/lib/python3.8/site-packages/airflow/example_dags/example_complex.py
[2023-12-20T22:38:25.895+0000] {processor.py:840} INFO - DAG(s) 'example_complex' retrieved from /home/airflow/.local/lib/python3.8/site-packages/airflow/example_dags/example_complex.py
[2023-12-20T22:38:26.955+0000] {logging_mixin.py:188} INFO - [2023-12-20T22:38:26.942+0000] {dag.py:3033} INFO - Sync 1 DAGs
[2023-12-20T22:38:27.060+0000] {logging_mixin.py:188} INFO - [2023-12-20T22:38:27.059+0000] {dag.py:3820} INFO - Setting next_dagrun for example_complex to None, run_after=None
[2023-12-20T22:38:27.216+0000] {processor.py:183} INFO - Processing /home/airflow/.local/lib/python3.8/site-packages/airflow/example_dags/example_complex.py took 1.444 seconds
[2023-12-20T22:38:57.532+0000] {processor.py:161} INFO - Started process (PID=113) to work on /home/airflow/.local/lib/python3.8/site-packages/airflow/example_dags/example_complex.py
[2023-12-20T22:38:57.537+0000] {processor.py:830} INFO - Processing file /home/airflow/.local/lib/python3.8/site-packages/airflow/example_dags/example_complex.py for tasks to queue
[2023-12-20T22:38:57.540+0000] {logging_mixin.py:188} INFO - [2023-12-20T22:38:57.540+0000] {dagbag.py:538} INFO - Filling up the DagBag from /home/airflow/.local/lib/python3.8/site-packages/airflow/example_dags/example_complex.py
[2023-12-20T22:38:57.552+0000] {processor.py:840} INFO - DAG(s) 'example_complex' retrieved from /home/airflow/.local/lib/python3.8/site-packages/airflow/example_dags/example_complex.py
[2023-12-20T22:38:57.595+0000] {logging_mixin.py:188} INFO - [2023-12-20T22:38:57.594+0000] {dag.py:3033} INFO - Sync 1 DAGs
[2023-12-20T22:38:57.609+0000] {logging_mixin.py:188} INFO - [2023-12-20T22:38:57.609+0000] {dag.py:3820} INFO - Setting next_dagrun for example_complex to None, run_after=None
[2023-12-20T22:38:57.626+0000] {processor.py:183} INFO - Processing /home/airflow/.local/lib/python3.8/site-packages/airflow/example_dags/example_complex.py took 0.099 seconds
[2023-12-20T22:39:28.019+0000] {processor.py:161} INFO - Started process (PID=168) to work on /home/airflow/.local/lib/python3.8/site-packages/airflow/example_dags/example_complex.py
[2023-12-20T22:39:28.021+0000] {processor.py:830} INFO - Processing file /home/airflow/.local/lib/python3.8/site-packages/airflow/example_dags/example_complex.py for tasks to queue
[2023-12-20T22:39:28.024+0000] {logging_mixin.py:188} INFO - [2023-12-20T22:39:28.023+0000] {dagbag.py:538} INFO - Filling up the DagBag from /home/airflow/.local/lib/python3.8/site-packages/airflow/example_dags/example_complex.py
[2023-12-20T22:39:28.036+0000] {processor.py:840} INFO - DAG(s) 'example_complex' retrieved from /home/airflow/.local/lib/python3.8/site-packages/airflow/example_dags/example_complex.py
[2023-12-20T22:39:28.073+0000] {logging_mixin.py:188} INFO - [2023-12-20T22:39:28.073+0000] {dag.py:3033} INFO - Sync 1 DAGs
[2023-12-20T22:39:28.087+0000] {logging_mixin.py:188} INFO - [2023-12-20T22:39:28.086+0000] {dag.py:3820} INFO - Setting next_dagrun for example_complex to None, run_after=None
[2023-12-20T22:39:28.102+0000] {processor.py:183} INFO - Processing /home/airflow/.local/lib/python3.8/site-packages/airflow/example_dags/example_complex.py took 0.088 seconds
[2023-12-20T22:39:58.191+0000] {processor.py:161} INFO - Started process (PID=224) to work on /home/airflow/.local/lib/python3.8/site-packages/airflow/example_dags/example_complex.py
[2023-12-20T22:39:58.195+0000] {processor.py:830} INFO - Processing file /home/airflow/.local/lib/python3.8/site-packages/airflow/example_dags/example_complex.py for tasks to queue
[2023-12-20T22:39:58.207+0000] {logging_mixin.py:188} INFO - [2023-12-20T22:39:58.206+0000] {dagbag.py:538} INFO - Filling up the DagBag from /home/airflow/.local/lib/python3.8/site-packages/airflow/example_dags/example_complex.py
[2023-12-20T22:39:58.249+0000] {processor.py:840} INFO - DAG(s) 'example_complex' retrieved from /home/airflow/.local/lib/python3.8/site-packages/airflow/example_dags/example_complex.py
[2023-12-20T22:39:58.406+0000] {logging_mixin.py:188} INFO - [2023-12-20T22:39:58.406+0000] {dag.py:3033} INFO - Sync 1 DAGs
[2023-12-20T22:39:58.448+0000] {logging_mixin.py:188} INFO - [2023-12-20T22:39:58.448+0000] {dag.py:3820} INFO - Setting next_dagrun for example_complex to None, run_after=None
[2023-12-20T22:39:58.478+0000] {processor.py:183} INFO - Processing /home/airflow/.local/lib/python3.8/site-packages/airflow/example_dags/example_complex.py took 0.309 seconds
[2023-12-20T22:40:28.592+0000] {processor.py:161} INFO - Started process (PID=279) to work on /home/airflow/.local/lib/python3.8/site-packages/airflow/example_dags/example_complex.py
[2023-12-20T22:40:28.594+0000] {processor.py:830} INFO - Processing file /home/airflow/.local/lib/python3.8/site-packages/airflow/example_dags/example_complex.py for tasks to queue
[2023-12-20T22:40:28.597+0000] {logging_mixin.py:188} INFO - [2023-12-20T22:40:28.597+0000] {dagbag.py:538} INFO - Filling up the DagBag from /home/airflow/.local/lib/python3.8/site-packages/airflow/example_dags/example_complex.py
[2023-12-20T22:40:28.608+0000] {processor.py:840} INFO - DAG(s) 'example_complex' retrieved from /home/airflow/.local/lib/python3.8/site-packages/airflow/example_dags/example_complex.py
[2023-12-20T22:40:28.641+0000] {logging_mixin.py:188} INFO - [2023-12-20T22:40:28.641+0000] {dag.py:3033} INFO - Sync 1 DAGs
[2023-12-20T22:40:28.653+0000] {logging_mixin.py:188} INFO - [2023-12-20T22:40:28.653+0000] {dag.py:3820} INFO - Setting next_dagrun for example_complex to None, run_after=None
[2023-12-20T22:40:28.668+0000] {processor.py:183} INFO - Processing /home/airflow/.local/lib/python3.8/site-packages/airflow/example_dags/example_complex.py took 0.081 seconds
[2023-12-20T22:40:58.864+0000] {processor.py:161} INFO - Started process (PID=334) to work on /home/airflow/.local/lib/python3.8/site-packages/airflow/example_dags/example_complex.py
[2023-12-20T22:40:58.866+0000] {processor.py:830} INFO - Processing file /home/airflow/.local/lib/python3.8/site-packages/airflow/example_dags/example_complex.py for tasks to queue
[2023-12-20T22:40:58.868+0000] {logging_mixin.py:188} INFO - [2023-12-20T22:40:58.868+0000] {dagbag.py:538} INFO - Filling up the DagBag from /home/airflow/.local/lib/python3.8/site-packages/airflow/example_dags/example_complex.py
[2023-12-20T22:40:58.880+0000] {processor.py:840} INFO - DAG(s) 'example_complex' retrieved from /home/airflow/.local/lib/python3.8/site-packages/airflow/example_dags/example_complex.py
[2023-12-20T22:40:58.912+0000] {logging_mixin.py:188} INFO - [2023-12-20T22:40:58.912+0000] {dag.py:3033} INFO - Sync 1 DAGs
[2023-12-20T22:40:58.923+0000] {logging_mixin.py:188} INFO - [2023-12-20T22:40:58.923+0000] {dag.py:3820} INFO - Setting next_dagrun for example_complex to None, run_after=None
[2023-12-20T22:40:58.937+0000] {processor.py:183} INFO - Processing /home/airflow/.local/lib/python3.8/site-packages/airflow/example_dags/example_complex.py took 0.077 seconds
[2023-12-20T22:41:29.811+0000] {processor.py:161} INFO - Started process (PID=388) to work on /home/airflow/.local/lib/python3.8/site-packages/airflow/example_dags/example_complex.py
[2023-12-20T22:41:29.812+0000] {processor.py:830} INFO - Processing file /home/airflow/.local/lib/python3.8/site-packages/airflow/example_dags/example_complex.py for tasks to queue
[2023-12-20T22:41:29.815+0000] {logging_mixin.py:188} INFO - [2023-12-20T22:41:29.815+0000] {dagbag.py:538} INFO - Filling up the DagBag from /home/airflow/.local/lib/python3.8/site-packages/airflow/example_dags/example_complex.py
[2023-12-20T22:41:29.826+0000] {processor.py:840} INFO - DAG(s) 'example_complex' retrieved from /home/airflow/.local/lib/python3.8/site-packages/airflow/example_dags/example_complex.py
[2023-12-20T22:41:29.856+0000] {logging_mixin.py:188} INFO - [2023-12-20T22:41:29.856+0000] {dag.py:3033} INFO - Sync 1 DAGs
[2023-12-20T22:41:29.868+0000] {logging_mixin.py:188} INFO - [2023-12-20T22:41:29.867+0000] {dag.py:3820} INFO - Setting next_dagrun for example_complex to None, run_after=None
[2023-12-20T22:41:29.883+0000] {processor.py:183} INFO - Processing /home/airflow/.local/lib/python3.8/site-packages/airflow/example_dags/example_complex.py took 0.076 seconds
[2023-12-20T22:42:00.146+0000] {processor.py:161} INFO - Started process (PID=442) to work on /home/airflow/.local/lib/python3.8/site-packages/airflow/example_dags/example_complex.py
[2023-12-20T22:42:00.148+0000] {processor.py:830} INFO - Processing file /home/airflow/.local/lib/python3.8/site-packages/airflow/example_dags/example_complex.py for tasks to queue
[2023-12-20T22:42:00.151+0000] {logging_mixin.py:188} INFO - [2023-12-20T22:42:00.151+0000] {dagbag.py:538} INFO - Filling up the DagBag from /home/airflow/.local/lib/python3.8/site-packages/airflow/example_dags/example_complex.py
[2023-12-20T22:42:00.162+0000] {processor.py:840} INFO - DAG(s) 'example_complex' retrieved from /home/airflow/.local/lib/python3.8/site-packages/airflow/example_dags/example_complex.py
[2023-12-20T22:42:00.194+0000] {logging_mixin.py:188} INFO - [2023-12-20T22:42:00.194+0000] {dag.py:3033} INFO - Sync 1 DAGs
[2023-12-20T22:42:00.205+0000] {logging_mixin.py:188} INFO - [2023-12-20T22:42:00.205+0000] {dag.py:3820} INFO - Setting next_dagrun for example_complex to None, run_after=None
[2023-12-20T22:42:00.219+0000] {processor.py:183} INFO - Processing /home/airflow/.local/lib/python3.8/site-packages/airflow/example_dags/example_complex.py took 0.078 seconds
[2023-12-20T22:42:30.384+0000] {processor.py:161} INFO - Started process (PID=497) to work on /home/airflow/.local/lib/python3.8/site-packages/airflow/example_dags/example_complex.py
[2023-12-20T22:42:30.386+0000] {processor.py:830} INFO - Processing file /home/airflow/.local/lib/python3.8/site-packages/airflow/example_dags/example_complex.py for tasks to queue
[2023-12-20T22:42:30.391+0000] {logging_mixin.py:188} INFO - [2023-12-20T22:42:30.390+0000] {dagbag.py:538} INFO - Filling up the DagBag from /home/airflow/.local/lib/python3.8/site-packages/airflow/example_dags/example_complex.py
[2023-12-20T22:42:30.407+0000] {processor.py:840} INFO - DAG(s) 'example_complex' retrieved from /home/airflow/.local/lib/python3.8/site-packages/airflow/example_dags/example_complex.py
[2023-12-20T22:42:30.448+0000] {logging_mixin.py:188} INFO - [2023-12-20T22:42:30.447+0000] {dag.py:3033} INFO - Sync 1 DAGs
[2023-12-20T22:42:30.463+0000] {logging_mixin.py:188} INFO - [2023-12-20T22:42:30.463+0000] {dag.py:3820} INFO - Setting next_dagrun for example_complex to None, run_after=None
[2023-12-20T22:42:30.479+0000] {processor.py:183} INFO - Processing /home/airflow/.local/lib/python3.8/site-packages/airflow/example_dags/example_complex.py took 0.101 seconds
[2023-12-20T22:43:00.662+0000] {processor.py:161} INFO - Started process (PID=551) to work on /home/airflow/.local/lib/python3.8/site-packages/airflow/example_dags/example_complex.py
[2023-12-20T22:43:00.665+0000] {processor.py:830} INFO - Processing file /home/airflow/.local/lib/python3.8/site-packages/airflow/example_dags/example_complex.py for tasks to queue
[2023-12-20T22:43:00.669+0000] {logging_mixin.py:188} INFO - [2023-12-20T22:43:00.668+0000] {dagbag.py:538} INFO - Filling up the DagBag from /home/airflow/.local/lib/python3.8/site-packages/airflow/example_dags/example_complex.py
[2023-12-20T22:43:00.680+0000] {processor.py:840} INFO - DAG(s) 'example_complex' retrieved from /home/airflow/.local/lib/python3.8/site-packages/airflow/example_dags/example_complex.py
[2023-12-20T22:43:00.717+0000] {logging_mixin.py:188} INFO - [2023-12-20T22:43:00.717+0000] {dag.py:3033} INFO - Sync 1 DAGs
[2023-12-20T22:43:00.729+0000] {logging_mixin.py:188} INFO - [2023-12-20T22:43:00.729+0000] {dag.py:3820} INFO - Setting next_dagrun for example_complex to None, run_after=None
[2023-12-20T22:43:00.745+0000] {processor.py:183} INFO - Processing /home/airflow/.local/lib/python3.8/site-packages/airflow/example_dags/example_complex.py took 0.087 seconds
[2023-12-20T22:43:31.216+0000] {processor.py:161} INFO - Started process (PID=606) to work on /home/airflow/.local/lib/python3.8/site-packages/airflow/example_dags/example_complex.py
[2023-12-20T22:43:31.218+0000] {processor.py:830} INFO - Processing file /home/airflow/.local/lib/python3.8/site-packages/airflow/example_dags/example_complex.py for tasks to queue
[2023-12-20T22:43:31.221+0000] {logging_mixin.py:188} INFO - [2023-12-20T22:43:31.221+0000] {dagbag.py:538} INFO - Filling up the DagBag from /home/airflow/.local/lib/python3.8/site-packages/airflow/example_dags/example_complex.py
[2023-12-20T22:43:31.232+0000] {processor.py:840} INFO - DAG(s) 'example_complex' retrieved from /home/airflow/.local/lib/python3.8/site-packages/airflow/example_dags/example_complex.py
[2023-12-20T22:43:31.263+0000] {logging_mixin.py:188} INFO - [2023-12-20T22:43:31.263+0000] {dag.py:3033} INFO - Sync 1 DAGs
[2023-12-20T22:43:31.275+0000] {logging_mixin.py:188} INFO - [2023-12-20T22:43:31.275+0000] {dag.py:3820} INFO - Setting next_dagrun for example_complex to None, run_after=None
[2023-12-20T22:43:31.288+0000] {processor.py:183} INFO - Processing /home/airflow/.local/lib/python3.8/site-packages/airflow/example_dags/example_complex.py took 0.076 seconds
[2023-12-20T22:44:01.573+0000] {processor.py:161} INFO - Started process (PID=661) to work on /home/airflow/.local/lib/python3.8/site-packages/airflow/example_dags/example_complex.py
[2023-12-20T22:44:01.575+0000] {processor.py:830} INFO - Processing file /home/airflow/.local/lib/python3.8/site-packages/airflow/example_dags/example_complex.py for tasks to queue
[2023-12-20T22:44:01.578+0000] {logging_mixin.py:188} INFO - [2023-12-20T22:44:01.578+0000] {dagbag.py:538} INFO - Filling up the DagBag from /home/airflow/.local/lib/python3.8/site-packages/airflow/example_dags/example_complex.py
[2023-12-20T22:44:01.589+0000] {processor.py:840} INFO - DAG(s) 'example_complex' retrieved from /home/airflow/.local/lib/python3.8/site-packages/airflow/example_dags/example_complex.py
[2023-12-20T22:44:01.621+0000] {logging_mixin.py:188} INFO - [2023-12-20T22:44:01.620+0000] {dag.py:3033} INFO - Sync 1 DAGs
[2023-12-20T22:44:01.634+0000] {logging_mixin.py:188} INFO - [2023-12-20T22:44:01.634+0000] {dag.py:3820} INFO - Setting next_dagrun for example_complex to None, run_after=None
[2023-12-20T22:44:01.649+0000] {processor.py:183} INFO - Processing /home/airflow/.local/lib/python3.8/site-packages/airflow/example_dags/example_complex.py took 0.080 seconds
[2023-12-20T22:44:32.009+0000] {processor.py:161} INFO - Started process (PID=716) to work on /home/airflow/.local/lib/python3.8/site-packages/airflow/example_dags/example_complex.py
[2023-12-20T22:44:32.010+0000] {processor.py:830} INFO - Processing file /home/airflow/.local/lib/python3.8/site-packages/airflow/example_dags/example_complex.py for tasks to queue
[2023-12-20T22:44:32.013+0000] {logging_mixin.py:188} INFO - [2023-12-20T22:44:32.013+0000] {dagbag.py:538} INFO - Filling up the DagBag from /home/airflow/.local/lib/python3.8/site-packages/airflow/example_dags/example_complex.py
[2023-12-20T22:44:32.024+0000] {processor.py:840} INFO - DAG(s) 'example_complex' retrieved from /home/airflow/.local/lib/python3.8/site-packages/airflow/example_dags/example_complex.py
[2023-12-20T22:44:32.062+0000] {logging_mixin.py:188} INFO - [2023-12-20T22:44:32.061+0000] {dag.py:3033} INFO - Sync 1 DAGs
[2023-12-20T22:44:32.075+0000] {logging_mixin.py:188} INFO - [2023-12-20T22:44:32.075+0000] {dag.py:3820} INFO - Setting next_dagrun for example_complex to None, run_after=None
[2023-12-20T22:44:32.091+0000] {processor.py:183} INFO - Processing /home/airflow/.local/lib/python3.8/site-packages/airflow/example_dags/example_complex.py took 0.086 seconds
[2023-12-20T22:45:02.749+0000] {processor.py:161} INFO - Started process (PID=771) to work on /home/airflow/.local/lib/python3.8/site-packages/airflow/example_dags/example_complex.py
[2023-12-20T22:45:02.752+0000] {processor.py:830} INFO - Processing file /home/airflow/.local/lib/python3.8/site-packages/airflow/example_dags/example_complex.py for tasks to queue
[2023-12-20T22:45:02.755+0000] {logging_mixin.py:188} INFO - [2023-12-20T22:45:02.755+0000] {dagbag.py:538} INFO - Filling up the DagBag from /home/airflow/.local/lib/python3.8/site-packages/airflow/example_dags/example_complex.py
[2023-12-20T22:45:02.768+0000] {processor.py:840} INFO - DAG(s) 'example_complex' retrieved from /home/airflow/.local/lib/python3.8/site-packages/airflow/example_dags/example_complex.py
[2023-12-20T22:45:02.801+0000] {logging_mixin.py:188} INFO - [2023-12-20T22:45:02.801+0000] {dag.py:3033} INFO - Sync 1 DAGs
[2023-12-20T22:45:02.812+0000] {logging_mixin.py:188} INFO - [2023-12-20T22:45:02.812+0000] {dag.py:3820} INFO - Setting next_dagrun for example_complex to None, run_after=None
[2023-12-20T22:45:02.826+0000] {processor.py:183} INFO - Processing /home/airflow/.local/lib/python3.8/site-packages/airflow/example_dags/example_complex.py took 0.082 seconds
[2023-12-20T22:45:33.094+0000] {processor.py:161} INFO - Started process (PID=827) to work on /home/airflow/.local/lib/python3.8/site-packages/airflow/example_dags/example_complex.py
[2023-12-20T22:45:33.096+0000] {processor.py:830} INFO - Processing file /home/airflow/.local/lib/python3.8/site-packages/airflow/example_dags/example_complex.py for tasks to queue
[2023-12-20T22:45:33.100+0000] {logging_mixin.py:188} INFO - [2023-12-20T22:45:33.099+0000] {dagbag.py:538} INFO - Filling up the DagBag from /home/airflow/.local/lib/python3.8/site-packages/airflow/example_dags/example_complex.py
[2023-12-20T22:45:33.110+0000] {processor.py:840} INFO - DAG(s) 'example_complex' retrieved from /home/airflow/.local/lib/python3.8/site-packages/airflow/example_dags/example_complex.py
[2023-12-20T22:45:33.145+0000] {logging_mixin.py:188} INFO - [2023-12-20T22:45:33.145+0000] {dag.py:3033} INFO - Sync 1 DAGs
[2023-12-20T22:45:33.159+0000] {logging_mixin.py:188} INFO - [2023-12-20T22:45:33.159+0000] {dag.py:3820} INFO - Setting next_dagrun for example_complex to None, run_after=None
[2023-12-20T22:45:33.174+0000] {processor.py:183} INFO - Processing /home/airflow/.local/lib/python3.8/site-packages/airflow/example_dags/example_complex.py took 0.086 seconds
[2023-12-20T22:46:03.735+0000] {processor.py:161} INFO - Started process (PID=882) to work on /home/airflow/.local/lib/python3.8/site-packages/airflow/example_dags/example_complex.py
[2023-12-20T22:46:03.736+0000] {processor.py:830} INFO - Processing file /home/airflow/.local/lib/python3.8/site-packages/airflow/example_dags/example_complex.py for tasks to queue
[2023-12-20T22:46:03.739+0000] {logging_mixin.py:188} INFO - [2023-12-20T22:46:03.739+0000] {dagbag.py:538} INFO - Filling up the DagBag from /home/airflow/.local/lib/python3.8/site-packages/airflow/example_dags/example_complex.py
[2023-12-20T22:46:03.750+0000] {processor.py:840} INFO - DAG(s) 'example_complex' retrieved from /home/airflow/.local/lib/python3.8/site-packages/airflow/example_dags/example_complex.py
[2023-12-20T22:46:03.780+0000] {logging_mixin.py:188} INFO - [2023-12-20T22:46:03.780+0000] {dag.py:3033} INFO - Sync 1 DAGs
[2023-12-20T22:46:03.792+0000] {logging_mixin.py:188} INFO - [2023-12-20T22:46:03.792+0000] {dag.py:3820} INFO - Setting next_dagrun for example_complex to None, run_after=None
[2023-12-20T22:46:03.806+0000] {processor.py:183} INFO - Processing /home/airflow/.local/lib/python3.8/site-packages/airflow/example_dags/example_complex.py took 0.076 seconds
[2023-12-20T22:46:34.614+0000] {processor.py:161} INFO - Started process (PID=937) to work on /home/airflow/.local/lib/python3.8/site-packages/airflow/example_dags/example_complex.py
[2023-12-20T22:46:34.616+0000] {processor.py:830} INFO - Processing file /home/airflow/.local/lib/python3.8/site-packages/airflow/example_dags/example_complex.py for tasks to queue
[2023-12-20T22:46:34.621+0000] {logging_mixin.py:188} INFO - [2023-12-20T22:46:34.620+0000] {dagbag.py:538} INFO - Filling up the DagBag from /home/airflow/.local/lib/python3.8/site-packages/airflow/example_dags/example_complex.py
[2023-12-20T22:46:34.633+0000] {processor.py:840} INFO - DAG(s) 'example_complex' retrieved from /home/airflow/.local/lib/python3.8/site-packages/airflow/example_dags/example_complex.py
[2023-12-20T22:46:34.667+0000] {logging_mixin.py:188} INFO - [2023-12-20T22:46:34.667+0000] {dag.py:3033} INFO - Sync 1 DAGs
[2023-12-20T22:46:34.680+0000] {logging_mixin.py:188} INFO - [2023-12-20T22:46:34.680+0000] {dag.py:3820} INFO - Setting next_dagrun for example_complex to None, run_after=None
[2023-12-20T22:46:34.695+0000] {processor.py:183} INFO - Processing /home/airflow/.local/lib/python3.8/site-packages/airflow/example_dags/example_complex.py took 0.087 seconds
[2023-12-20T22:47:05.353+0000] {processor.py:161} INFO - Started process (PID=992) to work on /home/airflow/.local/lib/python3.8/site-packages/airflow/example_dags/example_complex.py
[2023-12-20T22:47:05.356+0000] {processor.py:830} INFO - Processing file /home/airflow/.local/lib/python3.8/site-packages/airflow/example_dags/example_complex.py for tasks to queue
[2023-12-20T22:47:05.359+0000] {logging_mixin.py:188} INFO - [2023-12-20T22:47:05.359+0000] {dagbag.py:538} INFO - Filling up the DagBag from /home/airflow/.local/lib/python3.8/site-packages/airflow/example_dags/example_complex.py
[2023-12-20T22:47:05.378+0000] {processor.py:840} INFO - DAG(s) 'example_complex' retrieved from /home/airflow/.local/lib/python3.8/site-packages/airflow/example_dags/example_complex.py
[2023-12-20T22:47:05.449+0000] {logging_mixin.py:188} INFO - [2023-12-20T22:47:05.449+0000] {dag.py:3033} INFO - Sync 1 DAGs
[2023-12-20T22:47:05.473+0000] {logging_mixin.py:188} INFO - [2023-12-20T22:47:05.472+0000] {dag.py:3820} INFO - Setting next_dagrun for example_complex to None, run_after=None
[2023-12-20T22:47:05.500+0000] {processor.py:183} INFO - Processing /home/airflow/.local/lib/python3.8/site-packages/airflow/example_dags/example_complex.py took 0.151 seconds
[2023-12-20T22:47:35.902+0000] {processor.py:161} INFO - Started process (PID=1047) to work on /home/airflow/.local/lib/python3.8/site-packages/airflow/example_dags/example_complex.py
[2023-12-20T22:47:35.904+0000] {processor.py:830} INFO - Processing file /home/airflow/.local/lib/python3.8/site-packages/airflow/example_dags/example_complex.py for tasks to queue
[2023-12-20T22:47:35.907+0000] {logging_mixin.py:188} INFO - [2023-12-20T22:47:35.906+0000] {dagbag.py:538} INFO - Filling up the DagBag from /home/airflow/.local/lib/python3.8/site-packages/airflow/example_dags/example_complex.py
[2023-12-20T22:47:35.917+0000] {processor.py:840} INFO - DAG(s) 'example_complex' retrieved from /home/airflow/.local/lib/python3.8/site-packages/airflow/example_dags/example_complex.py
[2023-12-20T22:47:35.957+0000] {logging_mixin.py:188} INFO - [2023-12-20T22:47:35.957+0000] {dag.py:3033} INFO - Sync 1 DAGs
[2023-12-20T22:47:35.969+0000] {logging_mixin.py:188} INFO - [2023-12-20T22:47:35.969+0000] {dag.py:3820} INFO - Setting next_dagrun for example_complex to None, run_after=None
[2023-12-20T22:47:35.983+0000] {processor.py:183} INFO - Processing /home/airflow/.local/lib/python3.8/site-packages/airflow/example_dags/example_complex.py took 0.086 seconds
[2023-12-20T22:48:06.579+0000] {processor.py:161} INFO - Started process (PID=1101) to work on /home/airflow/.local/lib/python3.8/site-packages/airflow/example_dags/example_complex.py
[2023-12-20T22:48:06.582+0000] {processor.py:830} INFO - Processing file /home/airflow/.local/lib/python3.8/site-packages/airflow/example_dags/example_complex.py for tasks to queue
[2023-12-20T22:48:06.588+0000] {logging_mixin.py:188} INFO - [2023-12-20T22:48:06.587+0000] {dagbag.py:538} INFO - Filling up the DagBag from /home/airflow/.local/lib/python3.8/site-packages/airflow/example_dags/example_complex.py
[2023-12-20T22:48:06.612+0000] {processor.py:840} INFO - DAG(s) 'example_complex' retrieved from /home/airflow/.local/lib/python3.8/site-packages/airflow/example_dags/example_complex.py
[2023-12-20T22:48:06.660+0000] {logging_mixin.py:188} INFO - [2023-12-20T22:48:06.660+0000] {dag.py:3033} INFO - Sync 1 DAGs
[2023-12-20T22:48:06.676+0000] {logging_mixin.py:188} INFO - [2023-12-20T22:48:06.675+0000] {dag.py:3820} INFO - Setting next_dagrun for example_complex to None, run_after=None
[2023-12-20T22:48:06.701+0000] {processor.py:183} INFO - Processing /home/airflow/.local/lib/python3.8/site-packages/airflow/example_dags/example_complex.py took 0.131 seconds
[2023-12-20T22:48:36.869+0000] {processor.py:161} INFO - Started process (PID=1156) to work on /home/airflow/.local/lib/python3.8/site-packages/airflow/example_dags/example_complex.py
[2023-12-20T22:48:36.871+0000] {processor.py:830} INFO - Processing file /home/airflow/.local/lib/python3.8/site-packages/airflow/example_dags/example_complex.py for tasks to queue
[2023-12-20T22:48:36.875+0000] {logging_mixin.py:188} INFO - [2023-12-20T22:48:36.874+0000] {dagbag.py:538} INFO - Filling up the DagBag from /home/airflow/.local/lib/python3.8/site-packages/airflow/example_dags/example_complex.py
[2023-12-20T22:48:36.885+0000] {processor.py:840} INFO - DAG(s) 'example_complex' retrieved from /home/airflow/.local/lib/python3.8/site-packages/airflow/example_dags/example_complex.py
[2023-12-20T22:48:36.918+0000] {logging_mixin.py:188} INFO - [2023-12-20T22:48:36.918+0000] {dag.py:3033} INFO - Sync 1 DAGs
[2023-12-20T22:48:36.929+0000] {logging_mixin.py:188} INFO - [2023-12-20T22:48:36.929+0000] {dag.py:3820} INFO - Setting next_dagrun for example_complex to None, run_after=None
[2023-12-20T22:48:36.943+0000] {processor.py:183} INFO - Processing /home/airflow/.local/lib/python3.8/site-packages/airflow/example_dags/example_complex.py took 0.079 seconds
[2023-12-20T22:49:07.040+0000] {processor.py:161} INFO - Started process (PID=1210) to work on /home/airflow/.local/lib/python3.8/site-packages/airflow/example_dags/example_complex.py
[2023-12-20T22:49:07.042+0000] {processor.py:830} INFO - Processing file /home/airflow/.local/lib/python3.8/site-packages/airflow/example_dags/example_complex.py for tasks to queue
[2023-12-20T22:49:07.045+0000] {logging_mixin.py:188} INFO - [2023-12-20T22:49:07.045+0000] {dagbag.py:538} INFO - Filling up the DagBag from /home/airflow/.local/lib/python3.8/site-packages/airflow/example_dags/example_complex.py
[2023-12-20T22:49:07.056+0000] {processor.py:840} INFO - DAG(s) 'example_complex' retrieved from /home/airflow/.local/lib/python3.8/site-packages/airflow/example_dags/example_complex.py
[2023-12-20T22:49:07.088+0000] {logging_mixin.py:188} INFO - [2023-12-20T22:49:07.088+0000] {dag.py:3033} INFO - Sync 1 DAGs
[2023-12-20T22:49:07.100+0000] {logging_mixin.py:188} INFO - [2023-12-20T22:49:07.100+0000] {dag.py:3820} INFO - Setting next_dagrun for example_complex to None, run_after=None
[2023-12-20T22:49:07.114+0000] {processor.py:183} INFO - Processing /home/airflow/.local/lib/python3.8/site-packages/airflow/example_dags/example_complex.py took 0.079 seconds
[2023-12-20T22:49:37.384+0000] {processor.py:161} INFO - Started process (PID=1264) to work on /home/airflow/.local/lib/python3.8/site-packages/airflow/example_dags/example_complex.py
[2023-12-20T22:49:37.386+0000] {processor.py:830} INFO - Processing file /home/airflow/.local/lib/python3.8/site-packages/airflow/example_dags/example_complex.py for tasks to queue
[2023-12-20T22:49:37.389+0000] {logging_mixin.py:188} INFO - [2023-12-20T22:49:37.388+0000] {dagbag.py:538} INFO - Filling up the DagBag from /home/airflow/.local/lib/python3.8/site-packages/airflow/example_dags/example_complex.py
[2023-12-20T22:49:37.401+0000] {processor.py:840} INFO - DAG(s) 'example_complex' retrieved from /home/airflow/.local/lib/python3.8/site-packages/airflow/example_dags/example_complex.py
[2023-12-20T22:49:37.437+0000] {logging_mixin.py:188} INFO - [2023-12-20T22:49:37.437+0000] {dag.py:3033} INFO - Sync 1 DAGs
[2023-12-20T22:49:37.448+0000] {logging_mixin.py:188} INFO - [2023-12-20T22:49:37.448+0000] {dag.py:3820} INFO - Setting next_dagrun for example_complex to None, run_after=None
[2023-12-20T22:49:37.463+0000] {processor.py:183} INFO - Processing /home/airflow/.local/lib/python3.8/site-packages/airflow/example_dags/example_complex.py took 0.083 seconds
[2023-12-20T22:50:07.711+0000] {processor.py:161} INFO - Started process (PID=1319) to work on /home/airflow/.local/lib/python3.8/site-packages/airflow/example_dags/example_complex.py
[2023-12-20T22:50:07.713+0000] {processor.py:830} INFO - Processing file /home/airflow/.local/lib/python3.8/site-packages/airflow/example_dags/example_complex.py for tasks to queue
[2023-12-20T22:50:07.716+0000] {logging_mixin.py:188} INFO - [2023-12-20T22:50:07.716+0000] {dagbag.py:538} INFO - Filling up the DagBag from /home/airflow/.local/lib/python3.8/site-packages/airflow/example_dags/example_complex.py
[2023-12-20T22:50:07.728+0000] {processor.py:840} INFO - DAG(s) 'example_complex' retrieved from /home/airflow/.local/lib/python3.8/site-packages/airflow/example_dags/example_complex.py
[2023-12-20T22:50:07.772+0000] {logging_mixin.py:188} INFO - [2023-12-20T22:50:07.772+0000] {dag.py:3033} INFO - Sync 1 DAGs
[2023-12-20T22:50:07.786+0000] {logging_mixin.py:188} INFO - [2023-12-20T22:50:07.786+0000] {dag.py:3820} INFO - Setting next_dagrun for example_complex to None, run_after=None
[2023-12-20T22:50:07.813+0000] {processor.py:183} INFO - Processing /home/airflow/.local/lib/python3.8/site-packages/airflow/example_dags/example_complex.py took 0.109 seconds
[2023-12-20T22:50:37.887+0000] {processor.py:161} INFO - Started process (PID=1374) to work on /home/airflow/.local/lib/python3.8/site-packages/airflow/example_dags/example_complex.py
[2023-12-20T22:50:37.889+0000] {processor.py:830} INFO - Processing file /home/airflow/.local/lib/python3.8/site-packages/airflow/example_dags/example_complex.py for tasks to queue
[2023-12-20T22:50:37.892+0000] {logging_mixin.py:188} INFO - [2023-12-20T22:50:37.892+0000] {dagbag.py:538} INFO - Filling up the DagBag from /home/airflow/.local/lib/python3.8/site-packages/airflow/example_dags/example_complex.py
[2023-12-20T22:50:37.904+0000] {processor.py:840} INFO - DAG(s) 'example_complex' retrieved from /home/airflow/.local/lib/python3.8/site-packages/airflow/example_dags/example_complex.py
[2023-12-20T22:50:37.934+0000] {logging_mixin.py:188} INFO - [2023-12-20T22:50:37.934+0000] {dag.py:3033} INFO - Sync 1 DAGs
[2023-12-20T22:50:37.944+0000] {logging_mixin.py:188} INFO - [2023-12-20T22:50:37.944+0000] {dag.py:3820} INFO - Setting next_dagrun for example_complex to None, run_after=None
[2023-12-20T22:50:37.958+0000] {processor.py:183} INFO - Processing /home/airflow/.local/lib/python3.8/site-packages/airflow/example_dags/example_complex.py took 0.077 seconds
[2023-12-20T22:51:08.080+0000] {processor.py:161} INFO - Started process (PID=1429) to work on /home/airflow/.local/lib/python3.8/site-packages/airflow/example_dags/example_complex.py
[2023-12-20T22:51:08.082+0000] {processor.py:830} INFO - Processing file /home/airflow/.local/lib/python3.8/site-packages/airflow/example_dags/example_complex.py for tasks to queue
[2023-12-20T22:51:08.084+0000] {logging_mixin.py:188} INFO - [2023-12-20T22:51:08.084+0000] {dagbag.py:538} INFO - Filling up the DagBag from /home/airflow/.local/lib/python3.8/site-packages/airflow/example_dags/example_complex.py
[2023-12-20T22:51:08.095+0000] {processor.py:840} INFO - DAG(s) 'example_complex' retrieved from /home/airflow/.local/lib/python3.8/site-packages/airflow/example_dags/example_complex.py
[2023-12-20T22:51:08.125+0000] {logging_mixin.py:188} INFO - [2023-12-20T22:51:08.125+0000] {dag.py:3033} INFO - Sync 1 DAGs
[2023-12-20T22:51:08.137+0000] {logging_mixin.py:188} INFO - [2023-12-20T22:51:08.137+0000] {dag.py:3820} INFO - Setting next_dagrun for example_complex to None, run_after=None
[2023-12-20T22:51:08.151+0000] {processor.py:183} INFO - Processing /home/airflow/.local/lib/python3.8/site-packages/airflow/example_dags/example_complex.py took 0.077 seconds
[2023-12-20T22:51:38.474+0000] {processor.py:161} INFO - Started process (PID=1482) to work on /home/airflow/.local/lib/python3.8/site-packages/airflow/example_dags/example_complex.py
[2023-12-20T22:51:38.476+0000] {processor.py:830} INFO - Processing file /home/airflow/.local/lib/python3.8/site-packages/airflow/example_dags/example_complex.py for tasks to queue
[2023-12-20T22:51:38.479+0000] {logging_mixin.py:188} INFO - [2023-12-20T22:51:38.479+0000] {dagbag.py:538} INFO - Filling up the DagBag from /home/airflow/.local/lib/python3.8/site-packages/airflow/example_dags/example_complex.py
[2023-12-20T22:51:38.490+0000] {processor.py:840} INFO - DAG(s) 'example_complex' retrieved from /home/airflow/.local/lib/python3.8/site-packages/airflow/example_dags/example_complex.py
[2023-12-20T22:51:38.522+0000] {logging_mixin.py:188} INFO - [2023-12-20T22:51:38.521+0000] {dag.py:3033} INFO - Sync 1 DAGs
[2023-12-20T22:51:38.533+0000] {logging_mixin.py:188} INFO - [2023-12-20T22:51:38.532+0000] {dag.py:3820} INFO - Setting next_dagrun for example_complex to None, run_after=None
[2023-12-20T22:51:38.553+0000] {processor.py:183} INFO - Processing /home/airflow/.local/lib/python3.8/site-packages/airflow/example_dags/example_complex.py took 0.083 seconds
[2023-12-20T22:52:09.335+0000] {processor.py:161} INFO - Started process (PID=1537) to work on /home/airflow/.local/lib/python3.8/site-packages/airflow/example_dags/example_complex.py
[2023-12-20T22:52:09.337+0000] {processor.py:830} INFO - Processing file /home/airflow/.local/lib/python3.8/site-packages/airflow/example_dags/example_complex.py for tasks to queue
[2023-12-20T22:52:09.339+0000] {logging_mixin.py:188} INFO - [2023-12-20T22:52:09.339+0000] {dagbag.py:538} INFO - Filling up the DagBag from /home/airflow/.local/lib/python3.8/site-packages/airflow/example_dags/example_complex.py
[2023-12-20T22:52:09.350+0000] {processor.py:840} INFO - DAG(s) 'example_complex' retrieved from /home/airflow/.local/lib/python3.8/site-packages/airflow/example_dags/example_complex.py
[2023-12-20T22:52:09.380+0000] {logging_mixin.py:188} INFO - [2023-12-20T22:52:09.380+0000] {dag.py:3033} INFO - Sync 1 DAGs
[2023-12-20T22:52:09.391+0000] {logging_mixin.py:188} INFO - [2023-12-20T22:52:09.391+0000] {dag.py:3820} INFO - Setting next_dagrun for example_complex to None, run_after=None
[2023-12-20T22:52:09.406+0000] {processor.py:183} INFO - Processing /home/airflow/.local/lib/python3.8/site-packages/airflow/example_dags/example_complex.py took 0.075 seconds
[2023-12-20T22:52:39.722+0000] {processor.py:161} INFO - Started process (PID=1592) to work on /home/airflow/.local/lib/python3.8/site-packages/airflow/example_dags/example_complex.py
[2023-12-20T22:52:39.723+0000] {processor.py:830} INFO - Processing file /home/airflow/.local/lib/python3.8/site-packages/airflow/example_dags/example_complex.py for tasks to queue
[2023-12-20T22:52:39.726+0000] {logging_mixin.py:188} INFO - [2023-12-20T22:52:39.726+0000] {dagbag.py:538} INFO - Filling up the DagBag from /home/airflow/.local/lib/python3.8/site-packages/airflow/example_dags/example_complex.py
[2023-12-20T22:52:39.737+0000] {processor.py:840} INFO - DAG(s) 'example_complex' retrieved from /home/airflow/.local/lib/python3.8/site-packages/airflow/example_dags/example_complex.py
[2023-12-20T22:52:39.770+0000] {logging_mixin.py:188} INFO - [2023-12-20T22:52:39.770+0000] {dag.py:3033} INFO - Sync 1 DAGs
[2023-12-20T22:52:39.781+0000] {logging_mixin.py:188} INFO - [2023-12-20T22:52:39.780+0000] {dag.py:3820} INFO - Setting next_dagrun for example_complex to None, run_after=None
[2023-12-20T22:52:39.796+0000] {processor.py:183} INFO - Processing /home/airflow/.local/lib/python3.8/site-packages/airflow/example_dags/example_complex.py took 0.078 seconds
[2023-12-20T22:53:10.153+0000] {processor.py:161} INFO - Started process (PID=1648) to work on /home/airflow/.local/lib/python3.8/site-packages/airflow/example_dags/example_complex.py
[2023-12-20T22:53:10.154+0000] {processor.py:830} INFO - Processing file /home/airflow/.local/lib/python3.8/site-packages/airflow/example_dags/example_complex.py for tasks to queue
[2023-12-20T22:53:10.157+0000] {logging_mixin.py:188} INFO - [2023-12-20T22:53:10.156+0000] {dagbag.py:538} INFO - Filling up the DagBag from /home/airflow/.local/lib/python3.8/site-packages/airflow/example_dags/example_complex.py
[2023-12-20T22:53:10.167+0000] {processor.py:840} INFO - DAG(s) 'example_complex' retrieved from /home/airflow/.local/lib/python3.8/site-packages/airflow/example_dags/example_complex.py
[2023-12-20T22:53:10.196+0000] {logging_mixin.py:188} INFO - [2023-12-20T22:53:10.195+0000] {dag.py:3033} INFO - Sync 1 DAGs
[2023-12-20T22:53:10.205+0000] {logging_mixin.py:188} INFO - [2023-12-20T22:53:10.205+0000] {dag.py:3820} INFO - Setting next_dagrun for example_complex to None, run_after=None
[2023-12-20T22:53:10.219+0000] {processor.py:183} INFO - Processing /home/airflow/.local/lib/python3.8/site-packages/airflow/example_dags/example_complex.py took 0.070 seconds
[2023-12-20T22:53:40.728+0000] {processor.py:161} INFO - Started process (PID=1704) to work on /home/airflow/.local/lib/python3.8/site-packages/airflow/example_dags/example_complex.py
[2023-12-20T22:53:40.730+0000] {processor.py:830} INFO - Processing file /home/airflow/.local/lib/python3.8/site-packages/airflow/example_dags/example_complex.py for tasks to queue
[2023-12-20T22:53:40.732+0000] {logging_mixin.py:188} INFO - [2023-12-20T22:53:40.732+0000] {dagbag.py:538} INFO - Filling up the DagBag from /home/airflow/.local/lib/python3.8/site-packages/airflow/example_dags/example_complex.py
[2023-12-20T22:53:40.743+0000] {processor.py:840} INFO - DAG(s) 'example_complex' retrieved from /home/airflow/.local/lib/python3.8/site-packages/airflow/example_dags/example_complex.py
[2023-12-20T22:53:40.775+0000] {logging_mixin.py:188} INFO - [2023-12-20T22:53:40.775+0000] {dag.py:3033} INFO - Sync 1 DAGs
[2023-12-20T22:53:40.787+0000] {logging_mixin.py:188} INFO - [2023-12-20T22:53:40.787+0000] {dag.py:3820} INFO - Setting next_dagrun for example_complex to None, run_after=None
[2023-12-20T22:53:40.940+0000] {processor.py:183} INFO - Processing /home/airflow/.local/lib/python3.8/site-packages/airflow/example_dags/example_complex.py took 0.216 seconds
[2023-12-20T22:54:13.978+0000] {processor.py:161} INFO - Started process (PID=1760) to work on /home/airflow/.local/lib/python3.8/site-packages/airflow/example_dags/example_complex.py
[2023-12-20T22:54:13.984+0000] {processor.py:830} INFO - Processing file /home/airflow/.local/lib/python3.8/site-packages/airflow/example_dags/example_complex.py for tasks to queue
[2023-12-20T22:54:14.003+0000] {logging_mixin.py:188} INFO - [2023-12-20T22:54:14.001+0000] {dagbag.py:538} INFO - Filling up the DagBag from /home/airflow/.local/lib/python3.8/site-packages/airflow/example_dags/example_complex.py
[2023-12-20T22:54:14.199+0000] {processor.py:840} INFO - DAG(s) 'example_complex' retrieved from /home/airflow/.local/lib/python3.8/site-packages/airflow/example_dags/example_complex.py
[2023-12-20T22:54:14.604+0000] {logging_mixin.py:188} INFO - [2023-12-20T22:54:14.603+0000] {dag.py:3033} INFO - Sync 1 DAGs
[2023-12-20T22:54:14.706+0000] {logging_mixin.py:188} INFO - [2023-12-20T22:54:14.706+0000] {dag.py:3820} INFO - Setting next_dagrun for example_complex to None, run_after=None
[2023-12-20T22:54:14.946+0000] {processor.py:183} INFO - Processing /home/airflow/.local/lib/python3.8/site-packages/airflow/example_dags/example_complex.py took 1.011 seconds
[2023-12-20T22:55:30.416+0000] {processor.py:161} INFO - Started process (PID=1831) to work on /home/airflow/.local/lib/python3.8/site-packages/airflow/example_dags/example_complex.py
[2023-12-20T22:55:30.431+0000] {processor.py:830} INFO - Processing file /home/airflow/.local/lib/python3.8/site-packages/airflow/example_dags/example_complex.py for tasks to queue
[2023-12-20T22:55:30.443+0000] {logging_mixin.py:188} INFO - [2023-12-20T22:55:30.442+0000] {dagbag.py:538} INFO - Filling up the DagBag from /home/airflow/.local/lib/python3.8/site-packages/airflow/example_dags/example_complex.py
[2023-12-20T22:55:30.649+0000] {processor.py:840} INFO - DAG(s) 'example_complex' retrieved from /home/airflow/.local/lib/python3.8/site-packages/airflow/example_dags/example_complex.py
[2023-12-20T22:55:32.433+0000] {logging_mixin.py:188} INFO - [2023-12-20T22:55:32.410+0000] {dag.py:3033} INFO - Sync 1 DAGs
[2023-12-20T22:55:37.354+0000] {logging_mixin.py:188} INFO - [2023-12-20T22:55:37.353+0000] {dag.py:3820} INFO - Setting next_dagrun for example_complex to None, run_after=None
[2023-12-20T22:55:37.538+0000] {processor.py:183} INFO - Processing /home/airflow/.local/lib/python3.8/site-packages/airflow/example_dags/example_complex.py took 7.212 seconds
[2023-12-20T22:56:13.250+0000] {processor.py:161} INFO - Started process (PID=1896) to work on /home/airflow/.local/lib/python3.8/site-packages/airflow/example_dags/example_complex.py
[2023-12-20T22:56:13.263+0000] {processor.py:830} INFO - Processing file /home/airflow/.local/lib/python3.8/site-packages/airflow/example_dags/example_complex.py for tasks to queue
[2023-12-20T22:56:13.288+0000] {logging_mixin.py:188} INFO - [2023-12-20T22:56:13.287+0000] {dagbag.py:538} INFO - Filling up the DagBag from /home/airflow/.local/lib/python3.8/site-packages/airflow/example_dags/example_complex.py
[2023-12-20T22:56:13.555+0000] {processor.py:840} INFO - DAG(s) 'example_complex' retrieved from /home/airflow/.local/lib/python3.8/site-packages/airflow/example_dags/example_complex.py
[2023-12-20T22:56:13.974+0000] {logging_mixin.py:188} INFO - [2023-12-20T22:56:13.974+0000] {dag.py:3033} INFO - Sync 1 DAGs
[2023-12-20T22:56:14.139+0000] {logging_mixin.py:188} INFO - [2023-12-20T22:56:14.137+0000] {dag.py:3820} INFO - Setting next_dagrun for example_complex to None, run_after=None
[2023-12-20T22:56:14.305+0000] {processor.py:183} INFO - Processing /home/airflow/.local/lib/python3.8/site-packages/airflow/example_dags/example_complex.py took 1.110 seconds
[2023-12-20T22:56:48.341+0000] {processor.py:161} INFO - Started process (PID=1949) to work on /home/airflow/.local/lib/python3.8/site-packages/airflow/example_dags/example_complex.py
[2023-12-20T22:56:48.356+0000] {processor.py:830} INFO - Processing file /home/airflow/.local/lib/python3.8/site-packages/airflow/example_dags/example_complex.py for tasks to queue
[2023-12-20T22:56:48.414+0000] {logging_mixin.py:188} INFO - [2023-12-20T22:56:48.413+0000] {dagbag.py:538} INFO - Filling up the DagBag from /home/airflow/.local/lib/python3.8/site-packages/airflow/example_dags/example_complex.py
[2023-12-20T22:56:48.518+0000] {processor.py:840} INFO - DAG(s) 'example_complex' retrieved from /home/airflow/.local/lib/python3.8/site-packages/airflow/example_dags/example_complex.py
[2023-12-20T22:56:48.778+0000] {logging_mixin.py:188} INFO - [2023-12-20T22:56:48.778+0000] {dag.py:3033} INFO - Sync 1 DAGs
[2023-12-20T22:56:48.825+0000] {logging_mixin.py:188} INFO - [2023-12-20T22:56:48.824+0000] {dag.py:3820} INFO - Setting next_dagrun for example_complex to None, run_after=None
[2023-12-20T22:56:48.913+0000] {processor.py:183} INFO - Processing /home/airflow/.local/lib/python3.8/site-packages/airflow/example_dags/example_complex.py took 0.605 seconds
[2023-12-20T22:58:09.053+0000] {processor.py:161} INFO - Started process (PID=2010) to work on /home/airflow/.local/lib/python3.8/site-packages/airflow/example_dags/example_complex.py
[2023-12-20T22:58:09.112+0000] {processor.py:830} INFO - Processing file /home/airflow/.local/lib/python3.8/site-packages/airflow/example_dags/example_complex.py for tasks to queue
[2023-12-20T22:58:09.198+0000] {logging_mixin.py:188} INFO - [2023-12-20T22:58:09.185+0000] {dagbag.py:538} INFO - Filling up the DagBag from /home/airflow/.local/lib/python3.8/site-packages/airflow/example_dags/example_complex.py
[2023-12-20T22:58:09.629+0000] {processor.py:840} INFO - DAG(s) 'example_complex' retrieved from /home/airflow/.local/lib/python3.8/site-packages/airflow/example_dags/example_complex.py
[2023-12-20T22:58:10.858+0000] {logging_mixin.py:188} INFO - [2023-12-20T22:58:10.855+0000] {dag.py:3033} INFO - Sync 1 DAGs
[2023-12-20T22:58:11.605+0000] {logging_mixin.py:188} INFO - [2023-12-20T22:58:11.586+0000] {dag.py:3820} INFO - Setting next_dagrun for example_complex to None, run_after=None
[2023-12-20T22:58:12.126+0000] {processor.py:183} INFO - Processing /home/airflow/.local/lib/python3.8/site-packages/airflow/example_dags/example_complex.py took 3.435 seconds
[2023-12-20T23:00:05.358+0000] {processor.py:161} INFO - Started process (PID=2071) to work on /home/airflow/.local/lib/python3.8/site-packages/airflow/example_dags/example_complex.py
[2023-12-20T23:00:05.376+0000] {processor.py:830} INFO - Processing file /home/airflow/.local/lib/python3.8/site-packages/airflow/example_dags/example_complex.py for tasks to queue
[2023-12-20T23:00:05.456+0000] {logging_mixin.py:188} INFO - [2023-12-20T23:00:05.440+0000] {dagbag.py:538} INFO - Filling up the DagBag from /home/airflow/.local/lib/python3.8/site-packages/airflow/example_dags/example_complex.py
[2023-12-20T23:00:05.714+0000] {processor.py:840} INFO - DAG(s) 'example_complex' retrieved from /home/airflow/.local/lib/python3.8/site-packages/airflow/example_dags/example_complex.py
[2023-12-20T23:00:06.088+0000] {logging_mixin.py:188} INFO - [2023-12-20T23:00:06.087+0000] {dag.py:3033} INFO - Sync 1 DAGs
[2023-12-20T23:00:06.266+0000] {logging_mixin.py:188} INFO - [2023-12-20T23:00:06.265+0000] {dag.py:3820} INFO - Setting next_dagrun for example_complex to None, run_after=None
[2023-12-20T23:00:06.462+0000] {processor.py:183} INFO - Processing /home/airflow/.local/lib/python3.8/site-packages/airflow/example_dags/example_complex.py took 1.153 seconds
[2023-12-20T23:01:46.313+0000] {processor.py:161} INFO - Started process (PID=2163) to work on /home/airflow/.local/lib/python3.8/site-packages/airflow/example_dags/example_complex.py
[2023-12-20T23:01:46.325+0000] {processor.py:830} INFO - Processing file /home/airflow/.local/lib/python3.8/site-packages/airflow/example_dags/example_complex.py for tasks to queue
[2023-12-20T23:01:46.346+0000] {logging_mixin.py:188} INFO - [2023-12-20T23:01:46.344+0000] {dagbag.py:538} INFO - Filling up the DagBag from /home/airflow/.local/lib/python3.8/site-packages/airflow/example_dags/example_complex.py
[2023-12-20T23:01:46.447+0000] {processor.py:840} INFO - DAG(s) 'example_complex' retrieved from /home/airflow/.local/lib/python3.8/site-packages/airflow/example_dags/example_complex.py
[2023-12-20T23:01:46.761+0000] {logging_mixin.py:188} INFO - [2023-12-20T23:01:46.760+0000] {dag.py:3033} INFO - Sync 1 DAGs
[2023-12-20T23:01:46.838+0000] {logging_mixin.py:188} INFO - [2023-12-20T23:01:46.837+0000] {dag.py:3820} INFO - Setting next_dagrun for example_complex to None, run_after=None
[2023-12-20T23:01:46.962+0000] {processor.py:183} INFO - Processing /home/airflow/.local/lib/python3.8/site-packages/airflow/example_dags/example_complex.py took 0.683 seconds
[2023-12-20T23:02:58.348+0000] {processor.py:161} INFO - Started process (PID=2238) to work on /home/airflow/.local/lib/python3.8/site-packages/airflow/example_dags/example_complex.py
[2023-12-20T23:02:58.378+0000] {processor.py:830} INFO - Processing file /home/airflow/.local/lib/python3.8/site-packages/airflow/example_dags/example_complex.py for tasks to queue
[2023-12-20T23:02:58.441+0000] {logging_mixin.py:188} INFO - [2023-12-20T23:02:58.438+0000] {dagbag.py:538} INFO - Filling up the DagBag from /home/airflow/.local/lib/python3.8/site-packages/airflow/example_dags/example_complex.py
[2023-12-20T23:02:58.600+0000] {processor.py:840} INFO - DAG(s) 'example_complex' retrieved from /home/airflow/.local/lib/python3.8/site-packages/airflow/example_dags/example_complex.py
[2023-12-20T23:02:59.127+0000] {logging_mixin.py:188} INFO - [2023-12-20T23:02:59.117+0000] {dag.py:3033} INFO - Sync 1 DAGs
[2023-12-20T23:02:59.303+0000] {logging_mixin.py:188} INFO - [2023-12-20T23:02:59.302+0000] {dag.py:3820} INFO - Setting next_dagrun for example_complex to None, run_after=None
[2023-12-20T23:02:59.531+0000] {processor.py:183} INFO - Processing /home/airflow/.local/lib/python3.8/site-packages/airflow/example_dags/example_complex.py took 1.239 seconds
[2023-12-20T23:05:52.832+0000] {processor.py:161} INFO - Started process (PID=2326) to work on /home/airflow/.local/lib/python3.8/site-packages/airflow/example_dags/example_complex.py
[2023-12-20T23:05:52.882+0000] {processor.py:830} INFO - Processing file /home/airflow/.local/lib/python3.8/site-packages/airflow/example_dags/example_complex.py for tasks to queue
[2023-12-20T23:05:52.991+0000] {logging_mixin.py:188} INFO - [2023-12-20T23:05:52.962+0000] {dagbag.py:538} INFO - Filling up the DagBag from /home/airflow/.local/lib/python3.8/site-packages/airflow/example_dags/example_complex.py
[2023-12-20T23:05:53.463+0000] {processor.py:840} INFO - DAG(s) 'example_complex' retrieved from /home/airflow/.local/lib/python3.8/site-packages/airflow/example_dags/example_complex.py
[2023-12-20T23:05:54.007+0000] {logging_mixin.py:188} INFO - [2023-12-20T23:05:53.995+0000] {dag.py:3033} INFO - Sync 1 DAGs
[2023-12-20T23:05:54.147+0000] {logging_mixin.py:188} INFO - [2023-12-20T23:05:54.146+0000] {dag.py:3820} INFO - Setting next_dagrun for example_complex to None, run_after=None
[2023-12-20T23:05:54.354+0000] {processor.py:183} INFO - Processing /home/airflow/.local/lib/python3.8/site-packages/airflow/example_dags/example_complex.py took 1.691 seconds
[2023-12-20T23:07:17.018+0000] {processor.py:161} INFO - Started process (PID=2381) to work on /home/airflow/.local/lib/python3.8/site-packages/airflow/example_dags/example_complex.py
[2023-12-20T23:07:17.180+0000] {processor.py:830} INFO - Processing file /home/airflow/.local/lib/python3.8/site-packages/airflow/example_dags/example_complex.py for tasks to queue
[2023-12-20T23:07:17.285+0000] {logging_mixin.py:188} INFO - [2023-12-20T23:07:17.269+0000] {dagbag.py:538} INFO - Filling up the DagBag from /home/airflow/.local/lib/python3.8/site-packages/airflow/example_dags/example_complex.py
[2023-12-20T23:07:18.365+0000] {processor.py:840} INFO - DAG(s) 'example_complex' retrieved from /home/airflow/.local/lib/python3.8/site-packages/airflow/example_dags/example_complex.py
[2023-12-20T23:07:19.983+0000] {logging_mixin.py:188} INFO - [2023-12-20T23:07:19.963+0000] {dag.py:3033} INFO - Sync 1 DAGs
[2023-12-20T23:07:20.258+0000] {logging_mixin.py:188} INFO - [2023-12-20T23:07:20.257+0000] {dag.py:3820} INFO - Setting next_dagrun for example_complex to None, run_after=None
[2023-12-20T23:07:20.559+0000] {processor.py:183} INFO - Processing /home/airflow/.local/lib/python3.8/site-packages/airflow/example_dags/example_complex.py took 4.334 seconds
[2023-12-20T23:08:57.161+0000] {processor.py:161} INFO - Started process (PID=2464) to work on /home/airflow/.local/lib/python3.8/site-packages/airflow/example_dags/example_complex.py
[2023-12-20T23:08:57.175+0000] {processor.py:830} INFO - Processing file /home/airflow/.local/lib/python3.8/site-packages/airflow/example_dags/example_complex.py for tasks to queue
[2023-12-20T23:08:57.239+0000] {logging_mixin.py:188} INFO - [2023-12-20T23:08:57.237+0000] {dagbag.py:538} INFO - Filling up the DagBag from /home/airflow/.local/lib/python3.8/site-packages/airflow/example_dags/example_complex.py
[2023-12-20T23:08:57.334+0000] {processor.py:840} INFO - DAG(s) 'example_complex' retrieved from /home/airflow/.local/lib/python3.8/site-packages/airflow/example_dags/example_complex.py
[2023-12-20T23:08:57.612+0000] {logging_mixin.py:188} INFO - [2023-12-20T23:08:57.610+0000] {dag.py:3033} INFO - Sync 1 DAGs
[2023-12-20T23:08:57.732+0000] {logging_mixin.py:188} INFO - [2023-12-20T23:08:57.732+0000] {dag.py:3820} INFO - Setting next_dagrun for example_complex to None, run_after=None
[2023-12-20T23:08:57.861+0000] {processor.py:183} INFO - Processing /home/airflow/.local/lib/python3.8/site-packages/airflow/example_dags/example_complex.py took 0.803 seconds
[2023-12-20T23:10:39.348+0000] {processor.py:161} INFO - Started process (PID=2545) to work on /home/airflow/.local/lib/python3.8/site-packages/airflow/example_dags/example_complex.py
[2023-12-20T23:10:39.379+0000] {processor.py:830} INFO - Processing file /home/airflow/.local/lib/python3.8/site-packages/airflow/example_dags/example_complex.py for tasks to queue
[2023-12-20T23:10:39.449+0000] {logging_mixin.py:188} INFO - [2023-12-20T23:10:39.435+0000] {dagbag.py:538} INFO - Filling up the DagBag from /home/airflow/.local/lib/python3.8/site-packages/airflow/example_dags/example_complex.py
[2023-12-20T23:10:42.264+0000] {processor.py:840} INFO - DAG(s) 'example_complex' retrieved from /home/airflow/.local/lib/python3.8/site-packages/airflow/example_dags/example_complex.py
[2023-12-20T23:10:46.562+0000] {logging_mixin.py:188} INFO - [2023-12-20T23:10:46.398+0000] {dag.py:3033} INFO - Sync 1 DAGs
[2023-12-20T23:10:47.372+0000] {logging_mixin.py:188} INFO - [2023-12-20T23:10:47.223+0000] {dag.py:3820} INFO - Setting next_dagrun for example_complex to None, run_after=None
[2023-12-20T23:10:48.501+0000] {processor.py:183} INFO - Processing /home/airflow/.local/lib/python3.8/site-packages/airflow/example_dags/example_complex.py took 9.238 seconds
[2023-12-20T23:12:03.712+0000] {processor.py:161} INFO - Started process (PID=2619) to work on /home/airflow/.local/lib/python3.8/site-packages/airflow/example_dags/example_complex.py
[2023-12-20T23:12:03.738+0000] {processor.py:830} INFO - Processing file /home/airflow/.local/lib/python3.8/site-packages/airflow/example_dags/example_complex.py for tasks to queue
[2023-12-20T23:12:03.823+0000] {logging_mixin.py:188} INFO - [2023-12-20T23:12:03.820+0000] {dagbag.py:538} INFO - Filling up the DagBag from /home/airflow/.local/lib/python3.8/site-packages/airflow/example_dags/example_complex.py
[2023-12-20T23:12:04.195+0000] {processor.py:840} INFO - DAG(s) 'example_complex' retrieved from /home/airflow/.local/lib/python3.8/site-packages/airflow/example_dags/example_complex.py
[2023-12-20T23:12:04.837+0000] {logging_mixin.py:188} INFO - [2023-12-20T23:12:04.827+0000] {dag.py:3033} INFO - Sync 1 DAGs
[2023-12-20T23:12:05.144+0000] {logging_mixin.py:188} INFO - [2023-12-20T23:12:05.143+0000] {dag.py:3820} INFO - Setting next_dagrun for example_complex to None, run_after=None
[2023-12-20T23:12:05.647+0000] {processor.py:183} INFO - Processing /home/airflow/.local/lib/python3.8/site-packages/airflow/example_dags/example_complex.py took 2.013 seconds
[2023-12-20T23:13:00.453+0000] {processor.py:161} INFO - Started process (PID=2685) to work on /home/airflow/.local/lib/python3.8/site-packages/airflow/example_dags/example_complex.py
[2023-12-20T23:13:00.464+0000] {processor.py:830} INFO - Processing file /home/airflow/.local/lib/python3.8/site-packages/airflow/example_dags/example_complex.py for tasks to queue
[2023-12-20T23:13:00.503+0000] {logging_mixin.py:188} INFO - [2023-12-20T23:13:00.496+0000] {dagbag.py:538} INFO - Filling up the DagBag from /home/airflow/.local/lib/python3.8/site-packages/airflow/example_dags/example_complex.py
[2023-12-20T23:13:00.709+0000] {processor.py:840} INFO - DAG(s) 'example_complex' retrieved from /home/airflow/.local/lib/python3.8/site-packages/airflow/example_dags/example_complex.py
[2023-12-20T23:13:01.168+0000] {logging_mixin.py:188} INFO - [2023-12-20T23:13:01.167+0000] {dag.py:3033} INFO - Sync 1 DAGs
[2023-12-20T23:13:01.363+0000] {logging_mixin.py:188} INFO - [2023-12-20T23:13:01.362+0000] {dag.py:3820} INFO - Setting next_dagrun for example_complex to None, run_after=None
[2023-12-20T23:13:01.753+0000] {processor.py:183} INFO - Processing /home/airflow/.local/lib/python3.8/site-packages/airflow/example_dags/example_complex.py took 1.388 seconds
[2023-12-20T23:13:48.294+0000] {processor.py:161} INFO - Started process (PID=2726) to work on /home/airflow/.local/lib/python3.8/site-packages/airflow/example_dags/example_complex.py
[2023-12-20T23:13:48.363+0000] {processor.py:830} INFO - Processing file /home/airflow/.local/lib/python3.8/site-packages/airflow/example_dags/example_complex.py for tasks to queue
[2023-12-20T23:13:48.451+0000] {logging_mixin.py:188} INFO - [2023-12-20T23:13:48.448+0000] {dagbag.py:538} INFO - Filling up the DagBag from /home/airflow/.local/lib/python3.8/site-packages/airflow/example_dags/example_complex.py
[2023-12-20T23:13:49.357+0000] {processor.py:840} INFO - DAG(s) 'example_complex' retrieved from /home/airflow/.local/lib/python3.8/site-packages/airflow/example_dags/example_complex.py
[2023-12-20T23:13:50.220+0000] {logging_mixin.py:188} INFO - [2023-12-20T23:13:50.217+0000] {dag.py:3033} INFO - Sync 1 DAGs
[2023-12-20T23:13:50.545+0000] {logging_mixin.py:188} INFO - [2023-12-20T23:13:50.529+0000] {dag.py:3820} INFO - Setting next_dagrun for example_complex to None, run_after=None
[2023-12-20T23:13:50.759+0000] {processor.py:183} INFO - Processing /home/airflow/.local/lib/python3.8/site-packages/airflow/example_dags/example_complex.py took 2.484 seconds
