[2023-12-20T22:38:13.319+0000] {processor.py:161} INFO - Started process (PID=46) to work on /home/airflow/.local/lib/python3.8/site-packages/airflow/example_dags/example_latest_only_with_trigger.py
[2023-12-20T22:38:13.332+0000] {processor.py:830} INFO - Processing file /home/airflow/.local/lib/python3.8/site-packages/airflow/example_dags/example_latest_only_with_trigger.py for tasks to queue
[2023-12-20T22:38:13.364+0000] {logging_mixin.py:188} INFO - [2023-12-20T22:38:13.362+0000] {dagbag.py:538} INFO - Filling up the DagBag from /home/airflow/.local/lib/python3.8/site-packages/airflow/example_dags/example_latest_only_with_trigger.py
[2023-12-20T22:38:13.484+0000] {processor.py:840} INFO - DAG(s) 'latest_only_with_trigger' retrieved from /home/airflow/.local/lib/python3.8/site-packages/airflow/example_dags/example_latest_only_with_trigger.py
[2023-12-20T22:38:15.154+0000] {logging_mixin.py:188} INFO - [2023-12-20T22:38:15.154+0000] {dag.py:3033} INFO - Sync 1 DAGs
[2023-12-20T22:38:16.567+0000] {logging_mixin.py:188} INFO - [2023-12-20T22:38:16.559+0000] {dag.py:3820} INFO - Setting next_dagrun for latest_only_with_trigger to 2023-12-20T16:00:00+00:00, run_after=2023-12-20T20:00:00+00:00
[2023-12-20T22:38:16.953+0000] {processor.py:183} INFO - Processing /home/airflow/.local/lib/python3.8/site-packages/airflow/example_dags/example_latest_only_with_trigger.py took 3.655 seconds
[2023-12-20T22:38:47.813+0000] {processor.py:161} INFO - Started process (PID=101) to work on /home/airflow/.local/lib/python3.8/site-packages/airflow/example_dags/example_latest_only_with_trigger.py
[2023-12-20T22:38:47.815+0000] {processor.py:830} INFO - Processing file /home/airflow/.local/lib/python3.8/site-packages/airflow/example_dags/example_latest_only_with_trigger.py for tasks to queue
[2023-12-20T22:38:47.818+0000] {logging_mixin.py:188} INFO - [2023-12-20T22:38:47.818+0000] {dagbag.py:538} INFO - Filling up the DagBag from /home/airflow/.local/lib/python3.8/site-packages/airflow/example_dags/example_latest_only_with_trigger.py
[2023-12-20T22:38:47.826+0000] {processor.py:840} INFO - DAG(s) 'latest_only_with_trigger' retrieved from /home/airflow/.local/lib/python3.8/site-packages/airflow/example_dags/example_latest_only_with_trigger.py
[2023-12-20T22:38:47.853+0000] {logging_mixin.py:188} INFO - [2023-12-20T22:38:47.853+0000] {dag.py:3033} INFO - Sync 1 DAGs
[2023-12-20T22:38:47.873+0000] {logging_mixin.py:188} INFO - [2023-12-20T22:38:47.873+0000] {dag.py:3820} INFO - Setting next_dagrun for latest_only_with_trigger to 2023-12-20T16:00:00+00:00, run_after=2023-12-20T20:00:00+00:00
[2023-12-20T22:38:47.888+0000] {processor.py:183} INFO - Processing /home/airflow/.local/lib/python3.8/site-packages/airflow/example_dags/example_latest_only_with_trigger.py took 0.081 seconds
[2023-12-20T22:39:18.325+0000] {processor.py:161} INFO - Started process (PID=156) to work on /home/airflow/.local/lib/python3.8/site-packages/airflow/example_dags/example_latest_only_with_trigger.py
[2023-12-20T22:39:18.327+0000] {processor.py:830} INFO - Processing file /home/airflow/.local/lib/python3.8/site-packages/airflow/example_dags/example_latest_only_with_trigger.py for tasks to queue
[2023-12-20T22:39:18.331+0000] {logging_mixin.py:188} INFO - [2023-12-20T22:39:18.331+0000] {dagbag.py:538} INFO - Filling up the DagBag from /home/airflow/.local/lib/python3.8/site-packages/airflow/example_dags/example_latest_only_with_trigger.py
[2023-12-20T22:39:18.341+0000] {processor.py:840} INFO - DAG(s) 'latest_only_with_trigger' retrieved from /home/airflow/.local/lib/python3.8/site-packages/airflow/example_dags/example_latest_only_with_trigger.py
[2023-12-20T22:39:18.372+0000] {logging_mixin.py:188} INFO - [2023-12-20T22:39:18.372+0000] {dag.py:3033} INFO - Sync 1 DAGs
[2023-12-20T22:39:18.396+0000] {logging_mixin.py:188} INFO - [2023-12-20T22:39:18.396+0000] {dag.py:3820} INFO - Setting next_dagrun for latest_only_with_trigger to 2023-12-20T16:00:00+00:00, run_after=2023-12-20T20:00:00+00:00
[2023-12-20T22:39:18.413+0000] {processor.py:183} INFO - Processing /home/airflow/.local/lib/python3.8/site-packages/airflow/example_dags/example_latest_only_with_trigger.py took 0.096 seconds
[2023-12-20T22:39:49.127+0000] {processor.py:161} INFO - Started process (PID=212) to work on /home/airflow/.local/lib/python3.8/site-packages/airflow/example_dags/example_latest_only_with_trigger.py
[2023-12-20T22:39:49.130+0000] {processor.py:830} INFO - Processing file /home/airflow/.local/lib/python3.8/site-packages/airflow/example_dags/example_latest_only_with_trigger.py for tasks to queue
[2023-12-20T22:39:49.135+0000] {logging_mixin.py:188} INFO - [2023-12-20T22:39:49.134+0000] {dagbag.py:538} INFO - Filling up the DagBag from /home/airflow/.local/lib/python3.8/site-packages/airflow/example_dags/example_latest_only_with_trigger.py
[2023-12-20T22:39:49.146+0000] {processor.py:840} INFO - DAG(s) 'latest_only_with_trigger' retrieved from /home/airflow/.local/lib/python3.8/site-packages/airflow/example_dags/example_latest_only_with_trigger.py
[2023-12-20T22:39:49.186+0000] {logging_mixin.py:188} INFO - [2023-12-20T22:39:49.186+0000] {dag.py:3033} INFO - Sync 1 DAGs
[2023-12-20T22:39:49.216+0000] {logging_mixin.py:188} INFO - [2023-12-20T22:39:49.216+0000] {dag.py:3820} INFO - Setting next_dagrun for latest_only_with_trigger to 2023-12-20T16:00:00+00:00, run_after=2023-12-20T20:00:00+00:00
[2023-12-20T22:39:49.234+0000] {processor.py:183} INFO - Processing /home/airflow/.local/lib/python3.8/site-packages/airflow/example_dags/example_latest_only_with_trigger.py took 0.114 seconds
[2023-12-20T22:40:19.590+0000] {processor.py:161} INFO - Started process (PID=267) to work on /home/airflow/.local/lib/python3.8/site-packages/airflow/example_dags/example_latest_only_with_trigger.py
[2023-12-20T22:40:19.591+0000] {processor.py:830} INFO - Processing file /home/airflow/.local/lib/python3.8/site-packages/airflow/example_dags/example_latest_only_with_trigger.py for tasks to queue
[2023-12-20T22:40:19.594+0000] {logging_mixin.py:188} INFO - [2023-12-20T22:40:19.594+0000] {dagbag.py:538} INFO - Filling up the DagBag from /home/airflow/.local/lib/python3.8/site-packages/airflow/example_dags/example_latest_only_with_trigger.py
[2023-12-20T22:40:19.601+0000] {processor.py:840} INFO - DAG(s) 'latest_only_with_trigger' retrieved from /home/airflow/.local/lib/python3.8/site-packages/airflow/example_dags/example_latest_only_with_trigger.py
[2023-12-20T22:40:19.631+0000] {logging_mixin.py:188} INFO - [2023-12-20T22:40:19.630+0000] {dag.py:3033} INFO - Sync 1 DAGs
[2023-12-20T22:40:19.675+0000] {logging_mixin.py:188} INFO - [2023-12-20T22:40:19.675+0000] {dag.py:3820} INFO - Setting next_dagrun for latest_only_with_trigger to 2023-12-20T16:00:00+00:00, run_after=2023-12-20T20:00:00+00:00
[2023-12-20T22:40:19.703+0000] {processor.py:183} INFO - Processing /home/airflow/.local/lib/python3.8/site-packages/airflow/example_dags/example_latest_only_with_trigger.py took 0.118 seconds
[2023-12-20T22:40:49.871+0000] {processor.py:161} INFO - Started process (PID=322) to work on /home/airflow/.local/lib/python3.8/site-packages/airflow/example_dags/example_latest_only_with_trigger.py
[2023-12-20T22:40:49.872+0000] {processor.py:830} INFO - Processing file /home/airflow/.local/lib/python3.8/site-packages/airflow/example_dags/example_latest_only_with_trigger.py for tasks to queue
[2023-12-20T22:40:49.877+0000] {logging_mixin.py:188} INFO - [2023-12-20T22:40:49.877+0000] {dagbag.py:538} INFO - Filling up the DagBag from /home/airflow/.local/lib/python3.8/site-packages/airflow/example_dags/example_latest_only_with_trigger.py
[2023-12-20T22:40:49.883+0000] {processor.py:840} INFO - DAG(s) 'latest_only_with_trigger' retrieved from /home/airflow/.local/lib/python3.8/site-packages/airflow/example_dags/example_latest_only_with_trigger.py
[2023-12-20T22:40:49.907+0000] {logging_mixin.py:188} INFO - [2023-12-20T22:40:49.906+0000] {dag.py:3033} INFO - Sync 1 DAGs
[2023-12-20T22:40:49.924+0000] {logging_mixin.py:188} INFO - [2023-12-20T22:40:49.923+0000] {dag.py:3820} INFO - Setting next_dagrun for latest_only_with_trigger to 2023-12-20T16:00:00+00:00, run_after=2023-12-20T20:00:00+00:00
[2023-12-20T22:40:49.937+0000] {processor.py:183} INFO - Processing /home/airflow/.local/lib/python3.8/site-packages/airflow/example_dags/example_latest_only_with_trigger.py took 0.071 seconds
[2023-12-20T22:41:20.165+0000] {processor.py:161} INFO - Started process (PID=376) to work on /home/airflow/.local/lib/python3.8/site-packages/airflow/example_dags/example_latest_only_with_trigger.py
[2023-12-20T22:41:20.167+0000] {processor.py:830} INFO - Processing file /home/airflow/.local/lib/python3.8/site-packages/airflow/example_dags/example_latest_only_with_trigger.py for tasks to queue
[2023-12-20T22:41:20.172+0000] {logging_mixin.py:188} INFO - [2023-12-20T22:41:20.171+0000] {dagbag.py:538} INFO - Filling up the DagBag from /home/airflow/.local/lib/python3.8/site-packages/airflow/example_dags/example_latest_only_with_trigger.py
[2023-12-20T22:41:20.187+0000] {processor.py:840} INFO - DAG(s) 'latest_only_with_trigger' retrieved from /home/airflow/.local/lib/python3.8/site-packages/airflow/example_dags/example_latest_only_with_trigger.py
[2023-12-20T22:41:20.242+0000] {logging_mixin.py:188} INFO - [2023-12-20T22:41:20.242+0000] {dag.py:3033} INFO - Sync 1 DAGs
[2023-12-20T22:41:20.309+0000] {logging_mixin.py:188} INFO - [2023-12-20T22:41:20.308+0000] {dag.py:3820} INFO - Setting next_dagrun for latest_only_with_trigger to 2023-12-20T16:00:00+00:00, run_after=2023-12-20T20:00:00+00:00
[2023-12-20T22:41:20.340+0000] {processor.py:183} INFO - Processing /home/airflow/.local/lib/python3.8/site-packages/airflow/example_dags/example_latest_only_with_trigger.py took 0.183 seconds
[2023-12-20T22:41:51.317+0000] {processor.py:161} INFO - Started process (PID=431) to work on /home/airflow/.local/lib/python3.8/site-packages/airflow/example_dags/example_latest_only_with_trigger.py
[2023-12-20T22:41:51.319+0000] {processor.py:830} INFO - Processing file /home/airflow/.local/lib/python3.8/site-packages/airflow/example_dags/example_latest_only_with_trigger.py for tasks to queue
[2023-12-20T22:41:51.325+0000] {logging_mixin.py:188} INFO - [2023-12-20T22:41:51.324+0000] {dagbag.py:538} INFO - Filling up the DagBag from /home/airflow/.local/lib/python3.8/site-packages/airflow/example_dags/example_latest_only_with_trigger.py
[2023-12-20T22:41:51.336+0000] {processor.py:840} INFO - DAG(s) 'latest_only_with_trigger' retrieved from /home/airflow/.local/lib/python3.8/site-packages/airflow/example_dags/example_latest_only_with_trigger.py
[2023-12-20T22:41:51.371+0000] {logging_mixin.py:188} INFO - [2023-12-20T22:41:51.371+0000] {dag.py:3033} INFO - Sync 1 DAGs
[2023-12-20T22:41:51.395+0000] {logging_mixin.py:188} INFO - [2023-12-20T22:41:51.395+0000] {dag.py:3820} INFO - Setting next_dagrun for latest_only_with_trigger to 2023-12-20T16:00:00+00:00, run_after=2023-12-20T20:00:00+00:00
[2023-12-20T22:41:51.412+0000] {processor.py:183} INFO - Processing /home/airflow/.local/lib/python3.8/site-packages/airflow/example_dags/example_latest_only_with_trigger.py took 0.103 seconds
[2023-12-20T22:42:21.699+0000] {processor.py:161} INFO - Started process (PID=486) to work on /home/airflow/.local/lib/python3.8/site-packages/airflow/example_dags/example_latest_only_with_trigger.py
[2023-12-20T22:42:21.702+0000] {processor.py:830} INFO - Processing file /home/airflow/.local/lib/python3.8/site-packages/airflow/example_dags/example_latest_only_with_trigger.py for tasks to queue
[2023-12-20T22:42:21.706+0000] {logging_mixin.py:188} INFO - [2023-12-20T22:42:21.706+0000] {dagbag.py:538} INFO - Filling up the DagBag from /home/airflow/.local/lib/python3.8/site-packages/airflow/example_dags/example_latest_only_with_trigger.py
[2023-12-20T22:42:21.717+0000] {processor.py:840} INFO - DAG(s) 'latest_only_with_trigger' retrieved from /home/airflow/.local/lib/python3.8/site-packages/airflow/example_dags/example_latest_only_with_trigger.py
[2023-12-20T22:42:21.756+0000] {logging_mixin.py:188} INFO - [2023-12-20T22:42:21.756+0000] {dag.py:3033} INFO - Sync 1 DAGs
[2023-12-20T22:42:21.779+0000] {logging_mixin.py:188} INFO - [2023-12-20T22:42:21.779+0000] {dag.py:3820} INFO - Setting next_dagrun for latest_only_with_trigger to 2023-12-20T16:00:00+00:00, run_after=2023-12-20T20:00:00+00:00
[2023-12-20T22:42:21.794+0000] {processor.py:183} INFO - Processing /home/airflow/.local/lib/python3.8/site-packages/airflow/example_dags/example_latest_only_with_trigger.py took 0.102 seconds
[2023-12-20T22:42:52.131+0000] {processor.py:161} INFO - Started process (PID=540) to work on /home/airflow/.local/lib/python3.8/site-packages/airflow/example_dags/example_latest_only_with_trigger.py
[2023-12-20T22:42:52.133+0000] {processor.py:830} INFO - Processing file /home/airflow/.local/lib/python3.8/site-packages/airflow/example_dags/example_latest_only_with_trigger.py for tasks to queue
[2023-12-20T22:42:52.136+0000] {logging_mixin.py:188} INFO - [2023-12-20T22:42:52.135+0000] {dagbag.py:538} INFO - Filling up the DagBag from /home/airflow/.local/lib/python3.8/site-packages/airflow/example_dags/example_latest_only_with_trigger.py
[2023-12-20T22:42:52.143+0000] {processor.py:840} INFO - DAG(s) 'latest_only_with_trigger' retrieved from /home/airflow/.local/lib/python3.8/site-packages/airflow/example_dags/example_latest_only_with_trigger.py
[2023-12-20T22:42:52.170+0000] {logging_mixin.py:188} INFO - [2023-12-20T22:42:52.170+0000] {dag.py:3033} INFO - Sync 1 DAGs
[2023-12-20T22:42:52.190+0000] {logging_mixin.py:188} INFO - [2023-12-20T22:42:52.190+0000] {dag.py:3820} INFO - Setting next_dagrun for latest_only_with_trigger to 2023-12-20T16:00:00+00:00, run_after=2023-12-20T20:00:00+00:00
[2023-12-20T22:42:52.205+0000] {processor.py:183} INFO - Processing /home/airflow/.local/lib/python3.8/site-packages/airflow/example_dags/example_latest_only_with_trigger.py took 0.078 seconds
[2023-12-20T22:43:22.504+0000] {processor.py:161} INFO - Started process (PID=595) to work on /home/airflow/.local/lib/python3.8/site-packages/airflow/example_dags/example_latest_only_with_trigger.py
[2023-12-20T22:43:22.506+0000] {processor.py:830} INFO - Processing file /home/airflow/.local/lib/python3.8/site-packages/airflow/example_dags/example_latest_only_with_trigger.py for tasks to queue
[2023-12-20T22:43:22.511+0000] {logging_mixin.py:188} INFO - [2023-12-20T22:43:22.510+0000] {dagbag.py:538} INFO - Filling up the DagBag from /home/airflow/.local/lib/python3.8/site-packages/airflow/example_dags/example_latest_only_with_trigger.py
[2023-12-20T22:43:22.520+0000] {processor.py:840} INFO - DAG(s) 'latest_only_with_trigger' retrieved from /home/airflow/.local/lib/python3.8/site-packages/airflow/example_dags/example_latest_only_with_trigger.py
[2023-12-20T22:43:22.555+0000] {logging_mixin.py:188} INFO - [2023-12-20T22:43:22.555+0000] {dag.py:3033} INFO - Sync 1 DAGs
[2023-12-20T22:43:22.577+0000] {logging_mixin.py:188} INFO - [2023-12-20T22:43:22.577+0000] {dag.py:3820} INFO - Setting next_dagrun for latest_only_with_trigger to 2023-12-20T16:00:00+00:00, run_after=2023-12-20T20:00:00+00:00
[2023-12-20T22:43:22.591+0000] {processor.py:183} INFO - Processing /home/airflow/.local/lib/python3.8/site-packages/airflow/example_dags/example_latest_only_with_trigger.py took 0.096 seconds
[2023-12-20T22:43:52.923+0000] {processor.py:161} INFO - Started process (PID=650) to work on /home/airflow/.local/lib/python3.8/site-packages/airflow/example_dags/example_latest_only_with_trigger.py
[2023-12-20T22:43:52.925+0000] {processor.py:830} INFO - Processing file /home/airflow/.local/lib/python3.8/site-packages/airflow/example_dags/example_latest_only_with_trigger.py for tasks to queue
[2023-12-20T22:43:52.930+0000] {logging_mixin.py:188} INFO - [2023-12-20T22:43:52.929+0000] {dagbag.py:538} INFO - Filling up the DagBag from /home/airflow/.local/lib/python3.8/site-packages/airflow/example_dags/example_latest_only_with_trigger.py
[2023-12-20T22:43:52.940+0000] {processor.py:840} INFO - DAG(s) 'latest_only_with_trigger' retrieved from /home/airflow/.local/lib/python3.8/site-packages/airflow/example_dags/example_latest_only_with_trigger.py
[2023-12-20T22:43:52.974+0000] {logging_mixin.py:188} INFO - [2023-12-20T22:43:52.974+0000] {dag.py:3033} INFO - Sync 1 DAGs
[2023-12-20T22:43:52.999+0000] {logging_mixin.py:188} INFO - [2023-12-20T22:43:52.999+0000] {dag.py:3820} INFO - Setting next_dagrun for latest_only_with_trigger to 2023-12-20T16:00:00+00:00, run_after=2023-12-20T20:00:00+00:00
[2023-12-20T22:43:53.015+0000] {processor.py:183} INFO - Processing /home/airflow/.local/lib/python3.8/site-packages/airflow/example_dags/example_latest_only_with_trigger.py took 0.100 seconds
[2023-12-20T22:44:23.294+0000] {processor.py:161} INFO - Started process (PID=705) to work on /home/airflow/.local/lib/python3.8/site-packages/airflow/example_dags/example_latest_only_with_trigger.py
[2023-12-20T22:44:23.299+0000] {processor.py:830} INFO - Processing file /home/airflow/.local/lib/python3.8/site-packages/airflow/example_dags/example_latest_only_with_trigger.py for tasks to queue
[2023-12-20T22:44:23.304+0000] {logging_mixin.py:188} INFO - [2023-12-20T22:44:23.303+0000] {dagbag.py:538} INFO - Filling up the DagBag from /home/airflow/.local/lib/python3.8/site-packages/airflow/example_dags/example_latest_only_with_trigger.py
[2023-12-20T22:44:23.315+0000] {processor.py:840} INFO - DAG(s) 'latest_only_with_trigger' retrieved from /home/airflow/.local/lib/python3.8/site-packages/airflow/example_dags/example_latest_only_with_trigger.py
[2023-12-20T22:44:23.347+0000] {logging_mixin.py:188} INFO - [2023-12-20T22:44:23.346+0000] {dag.py:3033} INFO - Sync 1 DAGs
[2023-12-20T22:44:23.368+0000] {logging_mixin.py:188} INFO - [2023-12-20T22:44:23.368+0000] {dag.py:3820} INFO - Setting next_dagrun for latest_only_with_trigger to 2023-12-20T16:00:00+00:00, run_after=2023-12-20T20:00:00+00:00
[2023-12-20T22:44:23.383+0000] {processor.py:183} INFO - Processing /home/airflow/.local/lib/python3.8/site-packages/airflow/example_dags/example_latest_only_with_trigger.py took 0.096 seconds
[2023-12-20T22:44:54.023+0000] {processor.py:161} INFO - Started process (PID=760) to work on /home/airflow/.local/lib/python3.8/site-packages/airflow/example_dags/example_latest_only_with_trigger.py
[2023-12-20T22:44:54.027+0000] {processor.py:830} INFO - Processing file /home/airflow/.local/lib/python3.8/site-packages/airflow/example_dags/example_latest_only_with_trigger.py for tasks to queue
[2023-12-20T22:44:54.033+0000] {logging_mixin.py:188} INFO - [2023-12-20T22:44:54.032+0000] {dagbag.py:538} INFO - Filling up the DagBag from /home/airflow/.local/lib/python3.8/site-packages/airflow/example_dags/example_latest_only_with_trigger.py
[2023-12-20T22:44:54.048+0000] {processor.py:840} INFO - DAG(s) 'latest_only_with_trigger' retrieved from /home/airflow/.local/lib/python3.8/site-packages/airflow/example_dags/example_latest_only_with_trigger.py
[2023-12-20T22:44:54.110+0000] {logging_mixin.py:188} INFO - [2023-12-20T22:44:54.110+0000] {dag.py:3033} INFO - Sync 1 DAGs
[2023-12-20T22:44:54.140+0000] {logging_mixin.py:188} INFO - [2023-12-20T22:44:54.140+0000] {dag.py:3820} INFO - Setting next_dagrun for latest_only_with_trigger to 2023-12-20T16:00:00+00:00, run_after=2023-12-20T20:00:00+00:00
[2023-12-20T22:44:54.160+0000] {processor.py:183} INFO - Processing /home/airflow/.local/lib/python3.8/site-packages/airflow/example_dags/example_latest_only_with_trigger.py took 0.144 seconds
[2023-12-20T22:45:24.456+0000] {processor.py:161} INFO - Started process (PID=816) to work on /home/airflow/.local/lib/python3.8/site-packages/airflow/example_dags/example_latest_only_with_trigger.py
[2023-12-20T22:45:24.458+0000] {processor.py:830} INFO - Processing file /home/airflow/.local/lib/python3.8/site-packages/airflow/example_dags/example_latest_only_with_trigger.py for tasks to queue
[2023-12-20T22:45:24.461+0000] {logging_mixin.py:188} INFO - [2023-12-20T22:45:24.460+0000] {dagbag.py:538} INFO - Filling up the DagBag from /home/airflow/.local/lib/python3.8/site-packages/airflow/example_dags/example_latest_only_with_trigger.py
[2023-12-20T22:45:24.468+0000] {processor.py:840} INFO - DAG(s) 'latest_only_with_trigger' retrieved from /home/airflow/.local/lib/python3.8/site-packages/airflow/example_dags/example_latest_only_with_trigger.py
[2023-12-20T22:45:24.493+0000] {logging_mixin.py:188} INFO - [2023-12-20T22:45:24.493+0000] {dag.py:3033} INFO - Sync 1 DAGs
[2023-12-20T22:45:24.514+0000] {logging_mixin.py:188} INFO - [2023-12-20T22:45:24.514+0000] {dag.py:3820} INFO - Setting next_dagrun for latest_only_with_trigger to 2023-12-20T16:00:00+00:00, run_after=2023-12-20T20:00:00+00:00
[2023-12-20T22:45:24.532+0000] {processor.py:183} INFO - Processing /home/airflow/.local/lib/python3.8/site-packages/airflow/example_dags/example_latest_only_with_trigger.py took 0.080 seconds
[2023-12-20T22:45:55.277+0000] {processor.py:161} INFO - Started process (PID=869) to work on /home/airflow/.local/lib/python3.8/site-packages/airflow/example_dags/example_latest_only_with_trigger.py
[2023-12-20T22:45:55.279+0000] {processor.py:830} INFO - Processing file /home/airflow/.local/lib/python3.8/site-packages/airflow/example_dags/example_latest_only_with_trigger.py for tasks to queue
[2023-12-20T22:45:55.282+0000] {logging_mixin.py:188} INFO - [2023-12-20T22:45:55.282+0000] {dagbag.py:538} INFO - Filling up the DagBag from /home/airflow/.local/lib/python3.8/site-packages/airflow/example_dags/example_latest_only_with_trigger.py
[2023-12-20T22:45:55.289+0000] {processor.py:840} INFO - DAG(s) 'latest_only_with_trigger' retrieved from /home/airflow/.local/lib/python3.8/site-packages/airflow/example_dags/example_latest_only_with_trigger.py
[2023-12-20T22:45:55.314+0000] {logging_mixin.py:188} INFO - [2023-12-20T22:45:55.314+0000] {dag.py:3033} INFO - Sync 1 DAGs
[2023-12-20T22:45:55.332+0000] {logging_mixin.py:188} INFO - [2023-12-20T22:45:55.332+0000] {dag.py:3820} INFO - Setting next_dagrun for latest_only_with_trigger to 2023-12-20T16:00:00+00:00, run_after=2023-12-20T20:00:00+00:00
[2023-12-20T22:45:55.345+0000] {processor.py:183} INFO - Processing /home/airflow/.local/lib/python3.8/site-packages/airflow/example_dags/example_latest_only_with_trigger.py took 0.073 seconds
[2023-12-20T22:46:26.066+0000] {processor.py:161} INFO - Started process (PID=924) to work on /home/airflow/.local/lib/python3.8/site-packages/airflow/example_dags/example_latest_only_with_trigger.py
[2023-12-20T22:46:26.068+0000] {processor.py:830} INFO - Processing file /home/airflow/.local/lib/python3.8/site-packages/airflow/example_dags/example_latest_only_with_trigger.py for tasks to queue
[2023-12-20T22:46:26.072+0000] {logging_mixin.py:188} INFO - [2023-12-20T22:46:26.071+0000] {dagbag.py:538} INFO - Filling up the DagBag from /home/airflow/.local/lib/python3.8/site-packages/airflow/example_dags/example_latest_only_with_trigger.py
[2023-12-20T22:46:26.079+0000] {processor.py:840} INFO - DAG(s) 'latest_only_with_trigger' retrieved from /home/airflow/.local/lib/python3.8/site-packages/airflow/example_dags/example_latest_only_with_trigger.py
[2023-12-20T22:46:26.104+0000] {logging_mixin.py:188} INFO - [2023-12-20T22:46:26.104+0000] {dag.py:3033} INFO - Sync 1 DAGs
[2023-12-20T22:46:26.122+0000] {logging_mixin.py:188} INFO - [2023-12-20T22:46:26.122+0000] {dag.py:3820} INFO - Setting next_dagrun for latest_only_with_trigger to 2023-12-20T16:00:00+00:00, run_after=2023-12-20T20:00:00+00:00
[2023-12-20T22:46:26.138+0000] {processor.py:183} INFO - Processing /home/airflow/.local/lib/python3.8/site-packages/airflow/example_dags/example_latest_only_with_trigger.py took 0.078 seconds
[2023-12-20T22:46:56.978+0000] {processor.py:161} INFO - Started process (PID=979) to work on /home/airflow/.local/lib/python3.8/site-packages/airflow/example_dags/example_latest_only_with_trigger.py
[2023-12-20T22:46:56.980+0000] {processor.py:830} INFO - Processing file /home/airflow/.local/lib/python3.8/site-packages/airflow/example_dags/example_latest_only_with_trigger.py for tasks to queue
[2023-12-20T22:46:56.983+0000] {logging_mixin.py:188} INFO - [2023-12-20T22:46:56.983+0000] {dagbag.py:538} INFO - Filling up the DagBag from /home/airflow/.local/lib/python3.8/site-packages/airflow/example_dags/example_latest_only_with_trigger.py
[2023-12-20T22:46:56.991+0000] {processor.py:840} INFO - DAG(s) 'latest_only_with_trigger' retrieved from /home/airflow/.local/lib/python3.8/site-packages/airflow/example_dags/example_latest_only_with_trigger.py
[2023-12-20T22:46:57.019+0000] {logging_mixin.py:188} INFO - [2023-12-20T22:46:57.018+0000] {dag.py:3033} INFO - Sync 1 DAGs
[2023-12-20T22:46:57.040+0000] {logging_mixin.py:188} INFO - [2023-12-20T22:46:57.040+0000] {dag.py:3820} INFO - Setting next_dagrun for latest_only_with_trigger to 2023-12-20T16:00:00+00:00, run_after=2023-12-20T20:00:00+00:00
[2023-12-20T22:46:57.056+0000] {processor.py:183} INFO - Processing /home/airflow/.local/lib/python3.8/site-packages/airflow/example_dags/example_latest_only_with_trigger.py took 0.085 seconds
[2023-12-20T22:47:27.123+0000] {processor.py:161} INFO - Started process (PID=1034) to work on /home/airflow/.local/lib/python3.8/site-packages/airflow/example_dags/example_latest_only_with_trigger.py
[2023-12-20T22:47:27.125+0000] {processor.py:830} INFO - Processing file /home/airflow/.local/lib/python3.8/site-packages/airflow/example_dags/example_latest_only_with_trigger.py for tasks to queue
[2023-12-20T22:47:27.129+0000] {logging_mixin.py:188} INFO - [2023-12-20T22:47:27.129+0000] {dagbag.py:538} INFO - Filling up the DagBag from /home/airflow/.local/lib/python3.8/site-packages/airflow/example_dags/example_latest_only_with_trigger.py
[2023-12-20T22:47:27.137+0000] {processor.py:840} INFO - DAG(s) 'latest_only_with_trigger' retrieved from /home/airflow/.local/lib/python3.8/site-packages/airflow/example_dags/example_latest_only_with_trigger.py
[2023-12-20T22:47:27.164+0000] {logging_mixin.py:188} INFO - [2023-12-20T22:47:27.163+0000] {dag.py:3033} INFO - Sync 1 DAGs
[2023-12-20T22:47:27.183+0000] {logging_mixin.py:188} INFO - [2023-12-20T22:47:27.183+0000] {dag.py:3820} INFO - Setting next_dagrun for latest_only_with_trigger to 2023-12-20T16:00:00+00:00, run_after=2023-12-20T20:00:00+00:00
[2023-12-20T22:47:27.196+0000] {processor.py:183} INFO - Processing /home/airflow/.local/lib/python3.8/site-packages/airflow/example_dags/example_latest_only_with_trigger.py took 0.078 seconds
[2023-12-20T22:47:57.404+0000] {processor.py:161} INFO - Started process (PID=1088) to work on /home/airflow/.local/lib/python3.8/site-packages/airflow/example_dags/example_latest_only_with_trigger.py
[2023-12-20T22:47:57.405+0000] {processor.py:830} INFO - Processing file /home/airflow/.local/lib/python3.8/site-packages/airflow/example_dags/example_latest_only_with_trigger.py for tasks to queue
[2023-12-20T22:47:57.409+0000] {logging_mixin.py:188} INFO - [2023-12-20T22:47:57.408+0000] {dagbag.py:538} INFO - Filling up the DagBag from /home/airflow/.local/lib/python3.8/site-packages/airflow/example_dags/example_latest_only_with_trigger.py
[2023-12-20T22:47:57.416+0000] {processor.py:840} INFO - DAG(s) 'latest_only_with_trigger' retrieved from /home/airflow/.local/lib/python3.8/site-packages/airflow/example_dags/example_latest_only_with_trigger.py
[2023-12-20T22:47:57.441+0000] {logging_mixin.py:188} INFO - [2023-12-20T22:47:57.441+0000] {dag.py:3033} INFO - Sync 1 DAGs
[2023-12-20T22:47:57.460+0000] {logging_mixin.py:188} INFO - [2023-12-20T22:47:57.460+0000] {dag.py:3820} INFO - Setting next_dagrun for latest_only_with_trigger to 2023-12-20T16:00:00+00:00, run_after=2023-12-20T20:00:00+00:00
[2023-12-20T22:47:57.475+0000] {processor.py:183} INFO - Processing /home/airflow/.local/lib/python3.8/site-packages/airflow/example_dags/example_latest_only_with_trigger.py took 0.077 seconds
[2023-12-20T22:48:28.348+0000] {processor.py:161} INFO - Started process (PID=1143) to work on /home/airflow/.local/lib/python3.8/site-packages/airflow/example_dags/example_latest_only_with_trigger.py
[2023-12-20T22:48:28.350+0000] {processor.py:830} INFO - Processing file /home/airflow/.local/lib/python3.8/site-packages/airflow/example_dags/example_latest_only_with_trigger.py for tasks to queue
[2023-12-20T22:48:28.355+0000] {logging_mixin.py:188} INFO - [2023-12-20T22:48:28.354+0000] {dagbag.py:538} INFO - Filling up the DagBag from /home/airflow/.local/lib/python3.8/site-packages/airflow/example_dags/example_latest_only_with_trigger.py
[2023-12-20T22:48:28.364+0000] {processor.py:840} INFO - DAG(s) 'latest_only_with_trigger' retrieved from /home/airflow/.local/lib/python3.8/site-packages/airflow/example_dags/example_latest_only_with_trigger.py
[2023-12-20T22:48:28.430+0000] {logging_mixin.py:188} INFO - [2023-12-20T22:48:28.430+0000] {dag.py:3033} INFO - Sync 1 DAGs
[2023-12-20T22:48:28.464+0000] {logging_mixin.py:188} INFO - [2023-12-20T22:48:28.464+0000] {dag.py:3820} INFO - Setting next_dagrun for latest_only_with_trigger to 2023-12-20T16:00:00+00:00, run_after=2023-12-20T20:00:00+00:00
[2023-12-20T22:48:28.490+0000] {processor.py:183} INFO - Processing /home/airflow/.local/lib/python3.8/site-packages/airflow/example_dags/example_latest_only_with_trigger.py took 0.147 seconds
[2023-12-20T22:48:58.660+0000] {processor.py:161} INFO - Started process (PID=1197) to work on /home/airflow/.local/lib/python3.8/site-packages/airflow/example_dags/example_latest_only_with_trigger.py
[2023-12-20T22:48:58.661+0000] {processor.py:830} INFO - Processing file /home/airflow/.local/lib/python3.8/site-packages/airflow/example_dags/example_latest_only_with_trigger.py for tasks to queue
[2023-12-20T22:48:58.665+0000] {logging_mixin.py:188} INFO - [2023-12-20T22:48:58.665+0000] {dagbag.py:538} INFO - Filling up the DagBag from /home/airflow/.local/lib/python3.8/site-packages/airflow/example_dags/example_latest_only_with_trigger.py
[2023-12-20T22:48:58.676+0000] {processor.py:840} INFO - DAG(s) 'latest_only_with_trigger' retrieved from /home/airflow/.local/lib/python3.8/site-packages/airflow/example_dags/example_latest_only_with_trigger.py
[2023-12-20T22:48:58.710+0000] {logging_mixin.py:188} INFO - [2023-12-20T22:48:58.710+0000] {dag.py:3033} INFO - Sync 1 DAGs
[2023-12-20T22:48:58.731+0000] {logging_mixin.py:188} INFO - [2023-12-20T22:48:58.730+0000] {dag.py:3820} INFO - Setting next_dagrun for latest_only_with_trigger to 2023-12-20T16:00:00+00:00, run_after=2023-12-20T20:00:00+00:00
[2023-12-20T22:48:58.746+0000] {processor.py:183} INFO - Processing /home/airflow/.local/lib/python3.8/site-packages/airflow/example_dags/example_latest_only_with_trigger.py took 0.092 seconds
[2023-12-20T22:49:28.872+0000] {processor.py:161} INFO - Started process (PID=1251) to work on /home/airflow/.local/lib/python3.8/site-packages/airflow/example_dags/example_latest_only_with_trigger.py
[2023-12-20T22:49:28.878+0000] {processor.py:830} INFO - Processing file /home/airflow/.local/lib/python3.8/site-packages/airflow/example_dags/example_latest_only_with_trigger.py for tasks to queue
[2023-12-20T22:49:28.884+0000] {logging_mixin.py:188} INFO - [2023-12-20T22:49:28.883+0000] {dagbag.py:538} INFO - Filling up the DagBag from /home/airflow/.local/lib/python3.8/site-packages/airflow/example_dags/example_latest_only_with_trigger.py
[2023-12-20T22:49:28.898+0000] {processor.py:840} INFO - DAG(s) 'latest_only_with_trigger' retrieved from /home/airflow/.local/lib/python3.8/site-packages/airflow/example_dags/example_latest_only_with_trigger.py
[2023-12-20T22:49:28.943+0000] {logging_mixin.py:188} INFO - [2023-12-20T22:49:28.943+0000] {dag.py:3033} INFO - Sync 1 DAGs
[2023-12-20T22:49:28.974+0000] {logging_mixin.py:188} INFO - [2023-12-20T22:49:28.974+0000] {dag.py:3820} INFO - Setting next_dagrun for latest_only_with_trigger to 2023-12-20T16:00:00+00:00, run_after=2023-12-20T20:00:00+00:00
[2023-12-20T22:49:28.995+0000] {processor.py:183} INFO - Processing /home/airflow/.local/lib/python3.8/site-packages/airflow/example_dags/example_latest_only_with_trigger.py took 0.132 seconds
[2023-12-20T22:49:59.198+0000] {processor.py:161} INFO - Started process (PID=1306) to work on /home/airflow/.local/lib/python3.8/site-packages/airflow/example_dags/example_latest_only_with_trigger.py
[2023-12-20T22:49:59.199+0000] {processor.py:830} INFO - Processing file /home/airflow/.local/lib/python3.8/site-packages/airflow/example_dags/example_latest_only_with_trigger.py for tasks to queue
[2023-12-20T22:49:59.203+0000] {logging_mixin.py:188} INFO - [2023-12-20T22:49:59.202+0000] {dagbag.py:538} INFO - Filling up the DagBag from /home/airflow/.local/lib/python3.8/site-packages/airflow/example_dags/example_latest_only_with_trigger.py
[2023-12-20T22:49:59.212+0000] {processor.py:840} INFO - DAG(s) 'latest_only_with_trigger' retrieved from /home/airflow/.local/lib/python3.8/site-packages/airflow/example_dags/example_latest_only_with_trigger.py
[2023-12-20T22:49:59.242+0000] {logging_mixin.py:188} INFO - [2023-12-20T22:49:59.242+0000] {dag.py:3033} INFO - Sync 1 DAGs
[2023-12-20T22:49:59.264+0000] {logging_mixin.py:188} INFO - [2023-12-20T22:49:59.264+0000] {dag.py:3820} INFO - Setting next_dagrun for latest_only_with_trigger to 2023-12-20T16:00:00+00:00, run_after=2023-12-20T20:00:00+00:00
[2023-12-20T22:49:59.281+0000] {processor.py:183} INFO - Processing /home/airflow/.local/lib/python3.8/site-packages/airflow/example_dags/example_latest_only_with_trigger.py took 0.089 seconds
[2023-12-20T22:50:29.500+0000] {processor.py:161} INFO - Started process (PID=1361) to work on /home/airflow/.local/lib/python3.8/site-packages/airflow/example_dags/example_latest_only_with_trigger.py
[2023-12-20T22:50:29.502+0000] {processor.py:830} INFO - Processing file /home/airflow/.local/lib/python3.8/site-packages/airflow/example_dags/example_latest_only_with_trigger.py for tasks to queue
[2023-12-20T22:50:29.505+0000] {logging_mixin.py:188} INFO - [2023-12-20T22:50:29.504+0000] {dagbag.py:538} INFO - Filling up the DagBag from /home/airflow/.local/lib/python3.8/site-packages/airflow/example_dags/example_latest_only_with_trigger.py
[2023-12-20T22:50:29.511+0000] {processor.py:840} INFO - DAG(s) 'latest_only_with_trigger' retrieved from /home/airflow/.local/lib/python3.8/site-packages/airflow/example_dags/example_latest_only_with_trigger.py
[2023-12-20T22:50:29.536+0000] {logging_mixin.py:188} INFO - [2023-12-20T22:50:29.536+0000] {dag.py:3033} INFO - Sync 1 DAGs
[2023-12-20T22:50:29.553+0000] {logging_mixin.py:188} INFO - [2023-12-20T22:50:29.553+0000] {dag.py:3820} INFO - Setting next_dagrun for latest_only_with_trigger to 2023-12-20T16:00:00+00:00, run_after=2023-12-20T20:00:00+00:00
[2023-12-20T22:50:29.567+0000] {processor.py:183} INFO - Processing /home/airflow/.local/lib/python3.8/site-packages/airflow/example_dags/example_latest_only_with_trigger.py took 0.072 seconds
[2023-12-20T22:50:59.733+0000] {processor.py:161} INFO - Started process (PID=1416) to work on /home/airflow/.local/lib/python3.8/site-packages/airflow/example_dags/example_latest_only_with_trigger.py
[2023-12-20T22:50:59.735+0000] {processor.py:830} INFO - Processing file /home/airflow/.local/lib/python3.8/site-packages/airflow/example_dags/example_latest_only_with_trigger.py for tasks to queue
[2023-12-20T22:50:59.738+0000] {logging_mixin.py:188} INFO - [2023-12-20T22:50:59.738+0000] {dagbag.py:538} INFO - Filling up the DagBag from /home/airflow/.local/lib/python3.8/site-packages/airflow/example_dags/example_latest_only_with_trigger.py
[2023-12-20T22:50:59.745+0000] {processor.py:840} INFO - DAG(s) 'latest_only_with_trigger' retrieved from /home/airflow/.local/lib/python3.8/site-packages/airflow/example_dags/example_latest_only_with_trigger.py
[2023-12-20T22:50:59.775+0000] {logging_mixin.py:188} INFO - [2023-12-20T22:50:59.775+0000] {dag.py:3033} INFO - Sync 1 DAGs
[2023-12-20T22:50:59.799+0000] {logging_mixin.py:188} INFO - [2023-12-20T22:50:59.798+0000] {dag.py:3820} INFO - Setting next_dagrun for latest_only_with_trigger to 2023-12-20T16:00:00+00:00, run_after=2023-12-20T20:00:00+00:00
[2023-12-20T22:50:59.814+0000] {processor.py:183} INFO - Processing /home/airflow/.local/lib/python3.8/site-packages/airflow/example_dags/example_latest_only_with_trigger.py took 0.086 seconds
[2023-12-20T22:51:30.775+0000] {processor.py:161} INFO - Started process (PID=1471) to work on /home/airflow/.local/lib/python3.8/site-packages/airflow/example_dags/example_latest_only_with_trigger.py
[2023-12-20T22:51:30.776+0000] {processor.py:830} INFO - Processing file /home/airflow/.local/lib/python3.8/site-packages/airflow/example_dags/example_latest_only_with_trigger.py for tasks to queue
[2023-12-20T22:51:30.780+0000] {logging_mixin.py:188} INFO - [2023-12-20T22:51:30.780+0000] {dagbag.py:538} INFO - Filling up the DagBag from /home/airflow/.local/lib/python3.8/site-packages/airflow/example_dags/example_latest_only_with_trigger.py
[2023-12-20T22:51:30.788+0000] {processor.py:840} INFO - DAG(s) 'latest_only_with_trigger' retrieved from /home/airflow/.local/lib/python3.8/site-packages/airflow/example_dags/example_latest_only_with_trigger.py
[2023-12-20T22:51:30.814+0000] {logging_mixin.py:188} INFO - [2023-12-20T22:51:30.814+0000] {dag.py:3033} INFO - Sync 1 DAGs
[2023-12-20T22:51:30.832+0000] {logging_mixin.py:188} INFO - [2023-12-20T22:51:30.832+0000] {dag.py:3820} INFO - Setting next_dagrun for latest_only_with_trigger to 2023-12-20T16:00:00+00:00, run_after=2023-12-20T20:00:00+00:00
[2023-12-20T22:51:30.847+0000] {processor.py:183} INFO - Processing /home/airflow/.local/lib/python3.8/site-packages/airflow/example_dags/example_latest_only_with_trigger.py took 0.078 seconds
[2023-12-20T22:52:01.698+0000] {processor.py:161} INFO - Started process (PID=1526) to work on /home/airflow/.local/lib/python3.8/site-packages/airflow/example_dags/example_latest_only_with_trigger.py
[2023-12-20T22:52:01.701+0000] {processor.py:830} INFO - Processing file /home/airflow/.local/lib/python3.8/site-packages/airflow/example_dags/example_latest_only_with_trigger.py for tasks to queue
[2023-12-20T22:52:01.707+0000] {logging_mixin.py:188} INFO - [2023-12-20T22:52:01.706+0000] {dagbag.py:538} INFO - Filling up the DagBag from /home/airflow/.local/lib/python3.8/site-packages/airflow/example_dags/example_latest_only_with_trigger.py
[2023-12-20T22:52:01.737+0000] {processor.py:840} INFO - DAG(s) 'latest_only_with_trigger' retrieved from /home/airflow/.local/lib/python3.8/site-packages/airflow/example_dags/example_latest_only_with_trigger.py
[2023-12-20T22:52:01.805+0000] {logging_mixin.py:188} INFO - [2023-12-20T22:52:01.804+0000] {dag.py:3033} INFO - Sync 1 DAGs
[2023-12-20T22:52:01.865+0000] {logging_mixin.py:188} INFO - [2023-12-20T22:52:01.864+0000] {dag.py:3820} INFO - Setting next_dagrun for latest_only_with_trigger to 2023-12-20T16:00:00+00:00, run_after=2023-12-20T20:00:00+00:00
[2023-12-20T22:52:01.891+0000] {processor.py:183} INFO - Processing /home/airflow/.local/lib/python3.8/site-packages/airflow/example_dags/example_latest_only_with_trigger.py took 0.201 seconds
[2023-12-20T22:52:32.320+0000] {processor.py:161} INFO - Started process (PID=1581) to work on /home/airflow/.local/lib/python3.8/site-packages/airflow/example_dags/example_latest_only_with_trigger.py
[2023-12-20T22:52:32.325+0000] {processor.py:830} INFO - Processing file /home/airflow/.local/lib/python3.8/site-packages/airflow/example_dags/example_latest_only_with_trigger.py for tasks to queue
[2023-12-20T22:52:32.330+0000] {logging_mixin.py:188} INFO - [2023-12-20T22:52:32.330+0000] {dagbag.py:538} INFO - Filling up the DagBag from /home/airflow/.local/lib/python3.8/site-packages/airflow/example_dags/example_latest_only_with_trigger.py
[2023-12-20T22:52:32.341+0000] {processor.py:840} INFO - DAG(s) 'latest_only_with_trigger' retrieved from /home/airflow/.local/lib/python3.8/site-packages/airflow/example_dags/example_latest_only_with_trigger.py
[2023-12-20T22:52:32.375+0000] {logging_mixin.py:188} INFO - [2023-12-20T22:52:32.375+0000] {dag.py:3033} INFO - Sync 1 DAGs
[2023-12-20T22:52:32.399+0000] {logging_mixin.py:188} INFO - [2023-12-20T22:52:32.398+0000] {dag.py:3820} INFO - Setting next_dagrun for latest_only_with_trigger to 2023-12-20T16:00:00+00:00, run_after=2023-12-20T20:00:00+00:00
[2023-12-20T22:52:32.421+0000] {processor.py:183} INFO - Processing /home/airflow/.local/lib/python3.8/site-packages/airflow/example_dags/example_latest_only_with_trigger.py took 0.119 seconds
[2023-12-20T22:53:02.921+0000] {processor.py:161} INFO - Started process (PID=1636) to work on /home/airflow/.local/lib/python3.8/site-packages/airflow/example_dags/example_latest_only_with_trigger.py
[2023-12-20T22:53:02.923+0000] {processor.py:830} INFO - Processing file /home/airflow/.local/lib/python3.8/site-packages/airflow/example_dags/example_latest_only_with_trigger.py for tasks to queue
[2023-12-20T22:53:02.929+0000] {logging_mixin.py:188} INFO - [2023-12-20T22:53:02.928+0000] {dagbag.py:538} INFO - Filling up the DagBag from /home/airflow/.local/lib/python3.8/site-packages/airflow/example_dags/example_latest_only_with_trigger.py
[2023-12-20T22:53:02.940+0000] {processor.py:840} INFO - DAG(s) 'latest_only_with_trigger' retrieved from /home/airflow/.local/lib/python3.8/site-packages/airflow/example_dags/example_latest_only_with_trigger.py
[2023-12-20T22:53:02.988+0000] {logging_mixin.py:188} INFO - [2023-12-20T22:53:02.988+0000] {dag.py:3033} INFO - Sync 1 DAGs
[2023-12-20T22:53:03.013+0000] {logging_mixin.py:188} INFO - [2023-12-20T22:53:03.013+0000] {dag.py:3820} INFO - Setting next_dagrun for latest_only_with_trigger to 2023-12-20T16:00:00+00:00, run_after=2023-12-20T20:00:00+00:00
[2023-12-20T22:53:03.215+0000] {processor.py:183} INFO - Processing /home/airflow/.local/lib/python3.8/site-packages/airflow/example_dags/example_latest_only_with_trigger.py took 0.301 seconds
[2023-12-20T22:53:33.567+0000] {processor.py:161} INFO - Started process (PID=1692) to work on /home/airflow/.local/lib/python3.8/site-packages/airflow/example_dags/example_latest_only_with_trigger.py
[2023-12-20T22:53:33.570+0000] {processor.py:830} INFO - Processing file /home/airflow/.local/lib/python3.8/site-packages/airflow/example_dags/example_latest_only_with_trigger.py for tasks to queue
[2023-12-20T22:53:33.576+0000] {logging_mixin.py:188} INFO - [2023-12-20T22:53:33.574+0000] {dagbag.py:538} INFO - Filling up the DagBag from /home/airflow/.local/lib/python3.8/site-packages/airflow/example_dags/example_latest_only_with_trigger.py
[2023-12-20T22:53:33.585+0000] {processor.py:840} INFO - DAG(s) 'latest_only_with_trigger' retrieved from /home/airflow/.local/lib/python3.8/site-packages/airflow/example_dags/example_latest_only_with_trigger.py
[2023-12-20T22:53:33.636+0000] {logging_mixin.py:188} INFO - [2023-12-20T22:53:33.635+0000] {dag.py:3033} INFO - Sync 1 DAGs
[2023-12-20T22:53:33.716+0000] {logging_mixin.py:188} INFO - [2023-12-20T22:53:33.715+0000] {dag.py:3820} INFO - Setting next_dagrun for latest_only_with_trigger to 2023-12-20T16:00:00+00:00, run_after=2023-12-20T20:00:00+00:00
[2023-12-20T22:53:33.786+0000] {processor.py:183} INFO - Processing /home/airflow/.local/lib/python3.8/site-packages/airflow/example_dags/example_latest_only_with_trigger.py took 0.234 seconds
[2023-12-20T22:54:04.171+0000] {processor.py:161} INFO - Started process (PID=1748) to work on /home/airflow/.local/lib/python3.8/site-packages/airflow/example_dags/example_latest_only_with_trigger.py
[2023-12-20T22:54:04.178+0000] {processor.py:830} INFO - Processing file /home/airflow/.local/lib/python3.8/site-packages/airflow/example_dags/example_latest_only_with_trigger.py for tasks to queue
[2023-12-20T22:54:04.193+0000] {logging_mixin.py:188} INFO - [2023-12-20T22:54:04.191+0000] {dagbag.py:538} INFO - Filling up the DagBag from /home/airflow/.local/lib/python3.8/site-packages/airflow/example_dags/example_latest_only_with_trigger.py
[2023-12-20T22:54:04.271+0000] {processor.py:840} INFO - DAG(s) 'latest_only_with_trigger' retrieved from /home/airflow/.local/lib/python3.8/site-packages/airflow/example_dags/example_latest_only_with_trigger.py
[2023-12-20T22:54:04.539+0000] {logging_mixin.py:188} INFO - [2023-12-20T22:54:04.538+0000] {dag.py:3033} INFO - Sync 1 DAGs
[2023-12-20T22:54:04.681+0000] {logging_mixin.py:188} INFO - [2023-12-20T22:54:04.680+0000] {dag.py:3820} INFO - Setting next_dagrun for latest_only_with_trigger to 2023-12-20T16:00:00+00:00, run_after=2023-12-20T20:00:00+00:00
[2023-12-20T22:54:05.090+0000] {processor.py:183} INFO - Processing /home/airflow/.local/lib/python3.8/site-packages/airflow/example_dags/example_latest_only_with_trigger.py took 0.936 seconds
[2023-12-20T22:54:54.630+0000] {processor.py:161} INFO - Started process (PID=1797) to work on /home/airflow/.local/lib/python3.8/site-packages/airflow/example_dags/example_latest_only_with_trigger.py
[2023-12-20T22:54:54.656+0000] {processor.py:830} INFO - Processing file /home/airflow/.local/lib/python3.8/site-packages/airflow/example_dags/example_latest_only_with_trigger.py for tasks to queue
[2023-12-20T22:54:54.682+0000] {logging_mixin.py:188} INFO - [2023-12-20T22:54:54.681+0000] {dagbag.py:538} INFO - Filling up the DagBag from /home/airflow/.local/lib/python3.8/site-packages/airflow/example_dags/example_latest_only_with_trigger.py
[2023-12-20T22:54:54.732+0000] {processor.py:840} INFO - DAG(s) 'latest_only_with_trigger' retrieved from /home/airflow/.local/lib/python3.8/site-packages/airflow/example_dags/example_latest_only_with_trigger.py
[2023-12-20T22:54:54.911+0000] {logging_mixin.py:188} INFO - [2023-12-20T22:54:54.910+0000] {dag.py:3033} INFO - Sync 1 DAGs
[2023-12-20T22:54:55.086+0000] {logging_mixin.py:188} INFO - [2023-12-20T22:54:55.085+0000] {dag.py:3820} INFO - Setting next_dagrun for latest_only_with_trigger to 2023-12-20T16:00:00+00:00, run_after=2023-12-20T20:00:00+00:00
[2023-12-20T22:54:55.194+0000] {processor.py:183} INFO - Processing /home/airflow/.local/lib/python3.8/site-packages/airflow/example_dags/example_latest_only_with_trigger.py took 0.606 seconds
[2023-12-20T22:55:58.391+0000] {processor.py:161} INFO - Started process (PID=1865) to work on /home/airflow/.local/lib/python3.8/site-packages/airflow/example_dags/example_latest_only_with_trigger.py
[2023-12-20T22:55:58.399+0000] {processor.py:830} INFO - Processing file /home/airflow/.local/lib/python3.8/site-packages/airflow/example_dags/example_latest_only_with_trigger.py for tasks to queue
[2023-12-20T22:55:58.410+0000] {logging_mixin.py:188} INFO - [2023-12-20T22:55:58.409+0000] {dagbag.py:538} INFO - Filling up the DagBag from /home/airflow/.local/lib/python3.8/site-packages/airflow/example_dags/example_latest_only_with_trigger.py
[2023-12-20T22:55:58.445+0000] {processor.py:840} INFO - DAG(s) 'latest_only_with_trigger' retrieved from /home/airflow/.local/lib/python3.8/site-packages/airflow/example_dags/example_latest_only_with_trigger.py
[2023-12-20T22:55:58.544+0000] {logging_mixin.py:188} INFO - [2023-12-20T22:55:58.544+0000] {dag.py:3033} INFO - Sync 1 DAGs
[2023-12-20T22:55:58.620+0000] {logging_mixin.py:188} INFO - [2023-12-20T22:55:58.620+0000] {dag.py:3820} INFO - Setting next_dagrun for latest_only_with_trigger to 2023-12-20T16:00:00+00:00, run_after=2023-12-20T20:00:00+00:00
[2023-12-20T22:55:58.677+0000] {processor.py:183} INFO - Processing /home/airflow/.local/lib/python3.8/site-packages/airflow/example_dags/example_latest_only_with_trigger.py took 0.311 seconds
[2023-12-20T22:56:40.976+0000] {processor.py:161} INFO - Started process (PID=1929) to work on /home/airflow/.local/lib/python3.8/site-packages/airflow/example_dags/example_latest_only_with_trigger.py
[2023-12-20T22:56:40.982+0000] {processor.py:830} INFO - Processing file /home/airflow/.local/lib/python3.8/site-packages/airflow/example_dags/example_latest_only_with_trigger.py for tasks to queue
[2023-12-20T22:56:40.997+0000] {logging_mixin.py:188} INFO - [2023-12-20T22:56:40.995+0000] {dagbag.py:538} INFO - Filling up the DagBag from /home/airflow/.local/lib/python3.8/site-packages/airflow/example_dags/example_latest_only_with_trigger.py
[2023-12-20T22:56:41.083+0000] {processor.py:840} INFO - DAG(s) 'latest_only_with_trigger' retrieved from /home/airflow/.local/lib/python3.8/site-packages/airflow/example_dags/example_latest_only_with_trigger.py
[2023-12-20T22:56:41.257+0000] {logging_mixin.py:188} INFO - [2023-12-20T22:56:41.255+0000] {dag.py:3033} INFO - Sync 1 DAGs
[2023-12-20T22:56:41.464+0000] {logging_mixin.py:188} INFO - [2023-12-20T22:56:41.463+0000] {dag.py:3820} INFO - Setting next_dagrun for latest_only_with_trigger to 2023-12-20T16:00:00+00:00, run_after=2023-12-20T20:00:00+00:00
[2023-12-20T22:56:41.567+0000] {processor.py:183} INFO - Processing /home/airflow/.local/lib/python3.8/site-packages/airflow/example_dags/example_latest_only_with_trigger.py took 0.613 seconds
[2023-12-20T22:57:29.813+0000] {processor.py:161} INFO - Started process (PID=1991) to work on /home/airflow/.local/lib/python3.8/site-packages/airflow/example_dags/example_latest_only_with_trigger.py
[2023-12-20T22:57:29.834+0000] {processor.py:830} INFO - Processing file /home/airflow/.local/lib/python3.8/site-packages/airflow/example_dags/example_latest_only_with_trigger.py for tasks to queue
[2023-12-20T22:57:29.868+0000] {logging_mixin.py:188} INFO - [2023-12-20T22:57:29.865+0000] {dagbag.py:538} INFO - Filling up the DagBag from /home/airflow/.local/lib/python3.8/site-packages/airflow/example_dags/example_latest_only_with_trigger.py
[2023-12-20T22:57:29.907+0000] {processor.py:840} INFO - DAG(s) 'latest_only_with_trigger' retrieved from /home/airflow/.local/lib/python3.8/site-packages/airflow/example_dags/example_latest_only_with_trigger.py
[2023-12-20T22:57:30.217+0000] {logging_mixin.py:188} INFO - [2023-12-20T22:57:30.215+0000] {dag.py:3033} INFO - Sync 1 DAGs
[2023-12-20T22:57:34.417+0000] {logging_mixin.py:188} INFO - [2023-12-20T22:57:34.409+0000] {dag.py:3820} INFO - Setting next_dagrun for latest_only_with_trigger to 2023-12-20T16:00:00+00:00, run_after=2023-12-20T20:00:00+00:00
[2023-12-20T22:57:34.773+0000] {processor.py:183} INFO - Processing /home/airflow/.local/lib/python3.8/site-packages/airflow/example_dags/example_latest_only_with_trigger.py took 4.979 seconds
[2023-12-20T22:59:52.499+0000] {processor.py:161} INFO - Started process (PID=2058) to work on /home/airflow/.local/lib/python3.8/site-packages/airflow/example_dags/example_latest_only_with_trigger.py
[2023-12-20T22:59:52.521+0000] {processor.py:830} INFO - Processing file /home/airflow/.local/lib/python3.8/site-packages/airflow/example_dags/example_latest_only_with_trigger.py for tasks to queue
[2023-12-20T22:59:52.544+0000] {logging_mixin.py:188} INFO - [2023-12-20T22:59:52.543+0000] {dagbag.py:538} INFO - Filling up the DagBag from /home/airflow/.local/lib/python3.8/site-packages/airflow/example_dags/example_latest_only_with_trigger.py
[2023-12-20T22:59:52.595+0000] {processor.py:840} INFO - DAG(s) 'latest_only_with_trigger' retrieved from /home/airflow/.local/lib/python3.8/site-packages/airflow/example_dags/example_latest_only_with_trigger.py
[2023-12-20T22:59:52.692+0000] {logging_mixin.py:188} INFO - [2023-12-20T22:59:52.692+0000] {dag.py:3033} INFO - Sync 1 DAGs
[2023-12-20T22:59:52.873+0000] {logging_mixin.py:188} INFO - [2023-12-20T22:59:52.866+0000] {dag.py:3820} INFO - Setting next_dagrun for latest_only_with_trigger to 2023-12-20T16:00:00+00:00, run_after=2023-12-20T20:00:00+00:00
[2023-12-20T22:59:53.089+0000] {processor.py:183} INFO - Processing /home/airflow/.local/lib/python3.8/site-packages/airflow/example_dags/example_latest_only_with_trigger.py took 0.619 seconds
[2023-12-20T23:00:57.129+0000] {processor.py:161} INFO - Started process (PID=2110) to work on /home/airflow/.local/lib/python3.8/site-packages/airflow/example_dags/example_latest_only_with_trigger.py
[2023-12-20T23:00:57.143+0000] {processor.py:830} INFO - Processing file /home/airflow/.local/lib/python3.8/site-packages/airflow/example_dags/example_latest_only_with_trigger.py for tasks to queue
[2023-12-20T23:00:57.161+0000] {logging_mixin.py:188} INFO - [2023-12-20T23:00:57.159+0000] {dagbag.py:538} INFO - Filling up the DagBag from /home/airflow/.local/lib/python3.8/site-packages/airflow/example_dags/example_latest_only_with_trigger.py
[2023-12-20T23:00:57.188+0000] {processor.py:840} INFO - DAG(s) 'latest_only_with_trigger' retrieved from /home/airflow/.local/lib/python3.8/site-packages/airflow/example_dags/example_latest_only_with_trigger.py
[2023-12-20T23:01:00.430+0000] {logging_mixin.py:188} INFO - [2023-12-20T23:01:00.428+0000] {dag.py:3033} INFO - Sync 1 DAGs
[2023-12-20T23:01:00.691+0000] {logging_mixin.py:188} INFO - [2023-12-20T23:01:00.691+0000] {dag.py:3820} INFO - Setting next_dagrun for latest_only_with_trigger to 2023-12-20T16:00:00+00:00, run_after=2023-12-20T20:00:00+00:00
[2023-12-20T23:01:00.800+0000] {processor.py:183} INFO - Processing /home/airflow/.local/lib/python3.8/site-packages/airflow/example_dags/example_latest_only_with_trigger.py took 3.725 seconds
[2023-12-20T23:02:18.767+0000] {processor.py:161} INFO - Started process (PID=2188) to work on /home/airflow/.local/lib/python3.8/site-packages/airflow/example_dags/example_latest_only_with_trigger.py
[2023-12-20T23:02:18.776+0000] {processor.py:830} INFO - Processing file /home/airflow/.local/lib/python3.8/site-packages/airflow/example_dags/example_latest_only_with_trigger.py for tasks to queue
[2023-12-20T23:02:18.796+0000] {logging_mixin.py:188} INFO - [2023-12-20T23:02:18.795+0000] {dagbag.py:538} INFO - Filling up the DagBag from /home/airflow/.local/lib/python3.8/site-packages/airflow/example_dags/example_latest_only_with_trigger.py
[2023-12-20T23:02:18.861+0000] {processor.py:840} INFO - DAG(s) 'latest_only_with_trigger' retrieved from /home/airflow/.local/lib/python3.8/site-packages/airflow/example_dags/example_latest_only_with_trigger.py
[2023-12-20T23:02:18.994+0000] {logging_mixin.py:188} INFO - [2023-12-20T23:02:18.994+0000] {dag.py:3033} INFO - Sync 1 DAGs
[2023-12-20T23:02:20.150+0000] {logging_mixin.py:188} INFO - [2023-12-20T23:02:20.149+0000] {dag.py:3820} INFO - Setting next_dagrun for latest_only_with_trigger to 2023-12-20T16:00:00+00:00, run_after=2023-12-20T20:00:00+00:00
[2023-12-20T23:02:20.208+0000] {processor.py:183} INFO - Processing /home/airflow/.local/lib/python3.8/site-packages/airflow/example_dags/example_latest_only_with_trigger.py took 1.496 seconds
[2023-12-20T23:03:08.707+0000] {processor.py:161} INFO - Started process (PID=2250) to work on /home/airflow/.local/lib/python3.8/site-packages/airflow/example_dags/example_latest_only_with_trigger.py
[2023-12-20T23:03:08.733+0000] {processor.py:830} INFO - Processing file /home/airflow/.local/lib/python3.8/site-packages/airflow/example_dags/example_latest_only_with_trigger.py for tasks to queue
[2023-12-20T23:03:08.763+0000] {logging_mixin.py:188} INFO - [2023-12-20T23:03:08.761+0000] {dagbag.py:538} INFO - Filling up the DagBag from /home/airflow/.local/lib/python3.8/site-packages/airflow/example_dags/example_latest_only_with_trigger.py
[2023-12-20T23:03:08.812+0000] {processor.py:840} INFO - DAG(s) 'latest_only_with_trigger' retrieved from /home/airflow/.local/lib/python3.8/site-packages/airflow/example_dags/example_latest_only_with_trigger.py
[2023-12-20T23:03:09.225+0000] {logging_mixin.py:188} INFO - [2023-12-20T23:03:09.224+0000] {dag.py:3033} INFO - Sync 1 DAGs
[2023-12-20T23:03:09.496+0000] {logging_mixin.py:188} INFO - [2023-12-20T23:03:09.495+0000] {dag.py:3820} INFO - Setting next_dagrun for latest_only_with_trigger to 2023-12-20T16:00:00+00:00, run_after=2023-12-20T20:00:00+00:00
[2023-12-20T23:03:09.782+0000] {processor.py:183} INFO - Processing /home/airflow/.local/lib/python3.8/site-packages/airflow/example_dags/example_latest_only_with_trigger.py took 1.124 seconds
[2023-12-20T23:05:19.291+0000] {processor.py:161} INFO - Started process (PID=2303) to work on /home/airflow/.local/lib/python3.8/site-packages/airflow/example_dags/example_latest_only_with_trigger.py
[2023-12-20T23:05:19.527+0000] {processor.py:830} INFO - Processing file /home/airflow/.local/lib/python3.8/site-packages/airflow/example_dags/example_latest_only_with_trigger.py for tasks to queue
[2023-12-20T23:05:19.959+0000] {logging_mixin.py:188} INFO - [2023-12-20T23:05:19.938+0000] {dagbag.py:538} INFO - Filling up the DagBag from /home/airflow/.local/lib/python3.8/site-packages/airflow/example_dags/example_latest_only_with_trigger.py
[2023-12-20T23:05:20.527+0000] {processor.py:840} INFO - DAG(s) 'latest_only_with_trigger' retrieved from /home/airflow/.local/lib/python3.8/site-packages/airflow/example_dags/example_latest_only_with_trigger.py
[2023-12-20T23:05:20.868+0000] {logging_mixin.py:188} INFO - [2023-12-20T23:05:20.868+0000] {dag.py:3033} INFO - Sync 1 DAGs
[2023-12-20T23:05:21.546+0000] {logging_mixin.py:188} INFO - [2023-12-20T23:05:21.545+0000] {dag.py:3820} INFO - Setting next_dagrun for latest_only_with_trigger to 2023-12-20T16:00:00+00:00, run_after=2023-12-20T20:00:00+00:00
[2023-12-20T23:05:21.992+0000] {processor.py:183} INFO - Processing /home/airflow/.local/lib/python3.8/site-packages/airflow/example_dags/example_latest_only_with_trigger.py took 3.244 seconds
[2023-12-20T23:06:44.427+0000] {processor.py:161} INFO - Started process (PID=2360) to work on /home/airflow/.local/lib/python3.8/site-packages/airflow/example_dags/example_latest_only_with_trigger.py
[2023-12-20T23:06:44.436+0000] {processor.py:830} INFO - Processing file /home/airflow/.local/lib/python3.8/site-packages/airflow/example_dags/example_latest_only_with_trigger.py for tasks to queue
[2023-12-20T23:06:44.500+0000] {logging_mixin.py:188} INFO - [2023-12-20T23:06:44.491+0000] {dagbag.py:538} INFO - Filling up the DagBag from /home/airflow/.local/lib/python3.8/site-packages/airflow/example_dags/example_latest_only_with_trigger.py
[2023-12-20T23:06:44.615+0000] {processor.py:840} INFO - DAG(s) 'latest_only_with_trigger' retrieved from /home/airflow/.local/lib/python3.8/site-packages/airflow/example_dags/example_latest_only_with_trigger.py
[2023-12-20T23:06:45.156+0000] {logging_mixin.py:188} INFO - [2023-12-20T23:06:45.154+0000] {dag.py:3033} INFO - Sync 1 DAGs
[2023-12-20T23:06:45.577+0000] {logging_mixin.py:188} INFO - [2023-12-20T23:06:45.576+0000] {dag.py:3820} INFO - Setting next_dagrun for latest_only_with_trigger to 2023-12-20T16:00:00+00:00, run_after=2023-12-20T20:00:00+00:00
[2023-12-20T23:06:45.902+0000] {processor.py:183} INFO - Processing /home/airflow/.local/lib/python3.8/site-packages/airflow/example_dags/example_latest_only_with_trigger.py took 1.509 seconds
[2023-12-20T23:08:23.596+0000] {processor.py:161} INFO - Started process (PID=2422) to work on /home/airflow/.local/lib/python3.8/site-packages/airflow/example_dags/example_latest_only_with_trigger.py
[2023-12-20T23:08:23.621+0000] {processor.py:830} INFO - Processing file /home/airflow/.local/lib/python3.8/site-packages/airflow/example_dags/example_latest_only_with_trigger.py for tasks to queue
[2023-12-20T23:08:23.672+0000] {logging_mixin.py:188} INFO - [2023-12-20T23:08:23.665+0000] {dagbag.py:538} INFO - Filling up the DagBag from /home/airflow/.local/lib/python3.8/site-packages/airflow/example_dags/example_latest_only_with_trigger.py
[2023-12-20T23:08:23.791+0000] {processor.py:840} INFO - DAG(s) 'latest_only_with_trigger' retrieved from /home/airflow/.local/lib/python3.8/site-packages/airflow/example_dags/example_latest_only_with_trigger.py
[2023-12-20T23:08:23.966+0000] {logging_mixin.py:188} INFO - [2023-12-20T23:08:23.965+0000] {dag.py:3033} INFO - Sync 1 DAGs
[2023-12-20T23:08:24.073+0000] {logging_mixin.py:188} INFO - [2023-12-20T23:08:24.072+0000] {dag.py:3820} INFO - Setting next_dagrun for latest_only_with_trigger to 2023-12-20T16:00:00+00:00, run_after=2023-12-20T20:00:00+00:00
[2023-12-20T23:08:24.200+0000] {processor.py:183} INFO - Processing /home/airflow/.local/lib/python3.8/site-packages/airflow/example_dags/example_latest_only_with_trigger.py took 0.647 seconds
[2023-12-20T23:09:12.605+0000] {processor.py:161} INFO - Started process (PID=2485) to work on /home/airflow/.local/lib/python3.8/site-packages/airflow/example_dags/example_latest_only_with_trigger.py
[2023-12-20T23:09:12.692+0000] {processor.py:830} INFO - Processing file /home/airflow/.local/lib/python3.8/site-packages/airflow/example_dags/example_latest_only_with_trigger.py for tasks to queue
[2023-12-20T23:09:12.892+0000] {logging_mixin.py:188} INFO - [2023-12-20T23:09:12.870+0000] {dagbag.py:538} INFO - Filling up the DagBag from /home/airflow/.local/lib/python3.8/site-packages/airflow/example_dags/example_latest_only_with_trigger.py
[2023-12-20T23:09:13.627+0000] {processor.py:840} INFO - DAG(s) 'latest_only_with_trigger' retrieved from /home/airflow/.local/lib/python3.8/site-packages/airflow/example_dags/example_latest_only_with_trigger.py
[2023-12-20T23:09:16.186+0000] {logging_mixin.py:188} INFO - [2023-12-20T23:09:16.052+0000] {dag.py:3033} INFO - Sync 1 DAGs
[2023-12-20T23:09:17.539+0000] {logging_mixin.py:188} INFO - [2023-12-20T23:09:17.538+0000] {dag.py:3820} INFO - Setting next_dagrun for latest_only_with_trigger to 2023-12-20T16:00:00+00:00, run_after=2023-12-20T20:00:00+00:00
[2023-12-20T23:09:17.991+0000] {processor.py:183} INFO - Processing /home/airflow/.local/lib/python3.8/site-packages/airflow/example_dags/example_latest_only_with_trigger.py took 5.900 seconds
[2023-12-20T23:10:11.894+0000] {processor.py:161} INFO - Started process (PID=2534) to work on /home/airflow/.local/lib/python3.8/site-packages/airflow/example_dags/example_latest_only_with_trigger.py
[2023-12-20T23:10:11.922+0000] {processor.py:830} INFO - Processing file /home/airflow/.local/lib/python3.8/site-packages/airflow/example_dags/example_latest_only_with_trigger.py for tasks to queue
[2023-12-20T23:10:12.059+0000] {logging_mixin.py:188} INFO - [2023-12-20T23:10:12.056+0000] {dagbag.py:538} INFO - Filling up the DagBag from /home/airflow/.local/lib/python3.8/site-packages/airflow/example_dags/example_latest_only_with_trigger.py
[2023-12-20T23:10:12.281+0000] {processor.py:840} INFO - DAG(s) 'latest_only_with_trigger' retrieved from /home/airflow/.local/lib/python3.8/site-packages/airflow/example_dags/example_latest_only_with_trigger.py
[2023-12-20T23:10:12.646+0000] {logging_mixin.py:188} INFO - [2023-12-20T23:10:12.645+0000] {dag.py:3033} INFO - Sync 1 DAGs
[2023-12-20T23:10:13.193+0000] {logging_mixin.py:188} INFO - [2023-12-20T23:10:13.192+0000] {dag.py:3820} INFO - Setting next_dagrun for latest_only_with_trigger to 2023-12-20T16:00:00+00:00, run_after=2023-12-20T20:00:00+00:00
[2023-12-20T23:10:13.473+0000] {processor.py:183} INFO - Processing /home/airflow/.local/lib/python3.8/site-packages/airflow/example_dags/example_latest_only_with_trigger.py took 1.669 seconds
[2023-12-20T23:11:30.460+0000] {processor.py:161} INFO - Started process (PID=2579) to work on /home/airflow/.local/lib/python3.8/site-packages/airflow/example_dags/example_latest_only_with_trigger.py
[2023-12-20T23:11:30.490+0000] {processor.py:830} INFO - Processing file /home/airflow/.local/lib/python3.8/site-packages/airflow/example_dags/example_latest_only_with_trigger.py for tasks to queue
[2023-12-20T23:11:30.532+0000] {logging_mixin.py:188} INFO - [2023-12-20T23:11:30.523+0000] {dagbag.py:538} INFO - Filling up the DagBag from /home/airflow/.local/lib/python3.8/site-packages/airflow/example_dags/example_latest_only_with_trigger.py
[2023-12-20T23:11:30.648+0000] {processor.py:840} INFO - DAG(s) 'latest_only_with_trigger' retrieved from /home/airflow/.local/lib/python3.8/site-packages/airflow/example_dags/example_latest_only_with_trigger.py
[2023-12-20T23:11:31.059+0000] {logging_mixin.py:188} INFO - [2023-12-20T23:11:31.049+0000] {dag.py:3033} INFO - Sync 1 DAGs
[2023-12-20T23:11:31.760+0000] {logging_mixin.py:188} INFO - [2023-12-20T23:11:31.736+0000] {dag.py:3820} INFO - Setting next_dagrun for latest_only_with_trigger to 2023-12-20T16:00:00+00:00, run_after=2023-12-20T20:00:00+00:00
[2023-12-20T23:11:32.231+0000] {processor.py:183} INFO - Processing /home/airflow/.local/lib/python3.8/site-packages/airflow/example_dags/example_latest_only_with_trigger.py took 1.823 seconds
[2023-12-20T23:12:26.140+0000] {processor.py:161} INFO - Started process (PID=2641) to work on /home/airflow/.local/lib/python3.8/site-packages/airflow/example_dags/example_latest_only_with_trigger.py
[2023-12-20T23:12:26.147+0000] {processor.py:830} INFO - Processing file /home/airflow/.local/lib/python3.8/site-packages/airflow/example_dags/example_latest_only_with_trigger.py for tasks to queue
[2023-12-20T23:12:26.166+0000] {logging_mixin.py:188} INFO - [2023-12-20T23:12:26.164+0000] {dagbag.py:538} INFO - Filling up the DagBag from /home/airflow/.local/lib/python3.8/site-packages/airflow/example_dags/example_latest_only_with_trigger.py
[2023-12-20T23:12:26.248+0000] {processor.py:840} INFO - DAG(s) 'latest_only_with_trigger' retrieved from /home/airflow/.local/lib/python3.8/site-packages/airflow/example_dags/example_latest_only_with_trigger.py
[2023-12-20T23:12:26.593+0000] {logging_mixin.py:188} INFO - [2023-12-20T23:12:26.592+0000] {dag.py:3033} INFO - Sync 1 DAGs
[2023-12-20T23:12:27.025+0000] {logging_mixin.py:188} INFO - [2023-12-20T23:12:27.024+0000] {dag.py:3820} INFO - Setting next_dagrun for latest_only_with_trigger to 2023-12-20T16:00:00+00:00, run_after=2023-12-20T20:00:00+00:00
[2023-12-20T23:12:27.156+0000] {processor.py:183} INFO - Processing /home/airflow/.local/lib/python3.8/site-packages/airflow/example_dags/example_latest_only_with_trigger.py took 1.058 seconds
[2023-12-20T23:13:17.673+0000] {processor.py:161} INFO - Started process (PID=2701) to work on /home/airflow/.local/lib/python3.8/site-packages/airflow/example_dags/example_latest_only_with_trigger.py
[2023-12-20T23:13:17.745+0000] {processor.py:830} INFO - Processing file /home/airflow/.local/lib/python3.8/site-packages/airflow/example_dags/example_latest_only_with_trigger.py for tasks to queue
[2023-12-20T23:13:17.854+0000] {logging_mixin.py:188} INFO - [2023-12-20T23:13:17.848+0000] {dagbag.py:538} INFO - Filling up the DagBag from /home/airflow/.local/lib/python3.8/site-packages/airflow/example_dags/example_latest_only_with_trigger.py
[2023-12-20T23:13:18.315+0000] {processor.py:840} INFO - DAG(s) 'latest_only_with_trigger' retrieved from /home/airflow/.local/lib/python3.8/site-packages/airflow/example_dags/example_latest_only_with_trigger.py
[2023-12-20T23:13:19.687+0000] {logging_mixin.py:188} INFO - [2023-12-20T23:13:19.666+0000] {dag.py:3033} INFO - Sync 1 DAGs
[2023-12-20T23:13:20.172+0000] {logging_mixin.py:188} INFO - [2023-12-20T23:13:20.171+0000] {dag.py:3820} INFO - Setting next_dagrun for latest_only_with_trigger to 2023-12-20T16:00:00+00:00, run_after=2023-12-20T20:00:00+00:00
[2023-12-20T23:13:20.676+0000] {processor.py:183} INFO - Processing /home/airflow/.local/lib/python3.8/site-packages/airflow/example_dags/example_latest_only_with_trigger.py took 3.065 seconds
[2023-12-20T23:14:26.321+0000] {processor.py:161} INFO - Started process (PID=2760) to work on /home/airflow/.local/lib/python3.8/site-packages/airflow/example_dags/example_latest_only_with_trigger.py
[2023-12-20T23:14:26.327+0000] {processor.py:830} INFO - Processing file /home/airflow/.local/lib/python3.8/site-packages/airflow/example_dags/example_latest_only_with_trigger.py for tasks to queue
[2023-12-20T23:14:26.347+0000] {logging_mixin.py:188} INFO - [2023-12-20T23:14:26.344+0000] {dagbag.py:538} INFO - Filling up the DagBag from /home/airflow/.local/lib/python3.8/site-packages/airflow/example_dags/example_latest_only_with_trigger.py
[2023-12-20T23:14:26.435+0000] {processor.py:840} INFO - DAG(s) 'latest_only_with_trigger' retrieved from /home/airflow/.local/lib/python3.8/site-packages/airflow/example_dags/example_latest_only_with_trigger.py
[2023-12-20T23:14:26.913+0000] {logging_mixin.py:188} INFO - [2023-12-20T23:14:26.912+0000] {dag.py:3033} INFO - Sync 1 DAGs
[2023-12-20T23:14:27.705+0000] {logging_mixin.py:188} INFO - [2023-12-20T23:14:27.701+0000] {dag.py:3820} INFO - Setting next_dagrun for latest_only_with_trigger to 2023-12-20T16:00:00+00:00, run_after=2023-12-20T20:00:00+00:00
[2023-12-20T23:14:28.306+0000] {processor.py:183} INFO - Processing /home/airflow/.local/lib/python3.8/site-packages/airflow/example_dags/example_latest_only_with_trigger.py took 2.089 seconds
