[2023-12-20T22:38:08.274+0000] {processor.py:161} INFO - Started process (PID=31) to work on /home/airflow/.local/lib/python3.8/site-packages/airflow/example_dags/tutorial.py
[2023-12-20T22:38:08.281+0000] {processor.py:830} INFO - Processing file /home/airflow/.local/lib/python3.8/site-packages/airflow/example_dags/tutorial.py for tasks to queue
[2023-12-20T22:38:08.294+0000] {logging_mixin.py:188} INFO - [2023-12-20T22:38:08.293+0000] {dagbag.py:538} INFO - Filling up the DagBag from /home/airflow/.local/lib/python3.8/site-packages/airflow/example_dags/tutorial.py
[2023-12-20T22:38:08.360+0000] {processor.py:840} INFO - DAG(s) 'tutorial' retrieved from /home/airflow/.local/lib/python3.8/site-packages/airflow/example_dags/tutorial.py
[2023-12-20T22:38:08.796+0000] {logging_mixin.py:188} INFO - [2023-12-20T22:38:08.796+0000] {dag.py:3033} INFO - Sync 1 DAGs
[2023-12-20T22:38:08.863+0000] {logging_mixin.py:188} INFO - [2023-12-20T22:38:08.863+0000] {dag.py:3820} INFO - Setting next_dagrun for tutorial to 2023-12-19T00:00:00+00:00, run_after=2023-12-20T00:00:00+00:00
[2023-12-20T22:38:08.917+0000] {processor.py:183} INFO - Processing /home/airflow/.local/lib/python3.8/site-packages/airflow/example_dags/tutorial.py took 0.651 seconds
[2023-12-20T22:38:39.092+0000] {processor.py:161} INFO - Started process (PID=86) to work on /home/airflow/.local/lib/python3.8/site-packages/airflow/example_dags/tutorial.py
[2023-12-20T22:38:39.094+0000] {processor.py:830} INFO - Processing file /home/airflow/.local/lib/python3.8/site-packages/airflow/example_dags/tutorial.py for tasks to queue
[2023-12-20T22:38:39.097+0000] {logging_mixin.py:188} INFO - [2023-12-20T22:38:39.097+0000] {dagbag.py:538} INFO - Filling up the DagBag from /home/airflow/.local/lib/python3.8/site-packages/airflow/example_dags/tutorial.py
[2023-12-20T22:38:39.105+0000] {processor.py:840} INFO - DAG(s) 'tutorial' retrieved from /home/airflow/.local/lib/python3.8/site-packages/airflow/example_dags/tutorial.py
[2023-12-20T22:38:39.135+0000] {logging_mixin.py:188} INFO - [2023-12-20T22:38:39.135+0000] {dag.py:3033} INFO - Sync 1 DAGs
[2023-12-20T22:38:39.157+0000] {logging_mixin.py:188} INFO - [2023-12-20T22:38:39.156+0000] {dag.py:3820} INFO - Setting next_dagrun for tutorial to 2023-12-19T00:00:00+00:00, run_after=2023-12-20T00:00:00+00:00
[2023-12-20T22:38:39.172+0000] {processor.py:183} INFO - Processing /home/airflow/.local/lib/python3.8/site-packages/airflow/example_dags/tutorial.py took 0.085 seconds
[2023-12-20T22:39:09.719+0000] {processor.py:161} INFO - Started process (PID=141) to work on /home/airflow/.local/lib/python3.8/site-packages/airflow/example_dags/tutorial.py
[2023-12-20T22:39:09.720+0000] {processor.py:830} INFO - Processing file /home/airflow/.local/lib/python3.8/site-packages/airflow/example_dags/tutorial.py for tasks to queue
[2023-12-20T22:39:09.724+0000] {logging_mixin.py:188} INFO - [2023-12-20T22:39:09.724+0000] {dagbag.py:538} INFO - Filling up the DagBag from /home/airflow/.local/lib/python3.8/site-packages/airflow/example_dags/tutorial.py
[2023-12-20T22:39:09.732+0000] {processor.py:840} INFO - DAG(s) 'tutorial' retrieved from /home/airflow/.local/lib/python3.8/site-packages/airflow/example_dags/tutorial.py
[2023-12-20T22:39:09.761+0000] {logging_mixin.py:188} INFO - [2023-12-20T22:39:09.761+0000] {dag.py:3033} INFO - Sync 1 DAGs
[2023-12-20T22:39:09.786+0000] {logging_mixin.py:188} INFO - [2023-12-20T22:39:09.786+0000] {dag.py:3820} INFO - Setting next_dagrun for tutorial to 2023-12-19T00:00:00+00:00, run_after=2023-12-20T00:00:00+00:00
[2023-12-20T22:39:09.808+0000] {processor.py:183} INFO - Processing /home/airflow/.local/lib/python3.8/site-packages/airflow/example_dags/tutorial.py took 0.095 seconds
[2023-12-20T22:39:40.613+0000] {processor.py:161} INFO - Started process (PID=196) to work on /home/airflow/.local/lib/python3.8/site-packages/airflow/example_dags/tutorial.py
[2023-12-20T22:39:40.615+0000] {processor.py:830} INFO - Processing file /home/airflow/.local/lib/python3.8/site-packages/airflow/example_dags/tutorial.py for tasks to queue
[2023-12-20T22:39:40.620+0000] {logging_mixin.py:188} INFO - [2023-12-20T22:39:40.620+0000] {dagbag.py:538} INFO - Filling up the DagBag from /home/airflow/.local/lib/python3.8/site-packages/airflow/example_dags/tutorial.py
[2023-12-20T22:39:40.630+0000] {processor.py:840} INFO - DAG(s) 'tutorial' retrieved from /home/airflow/.local/lib/python3.8/site-packages/airflow/example_dags/tutorial.py
[2023-12-20T22:39:40.664+0000] {logging_mixin.py:188} INFO - [2023-12-20T22:39:40.664+0000] {dag.py:3033} INFO - Sync 1 DAGs
[2023-12-20T22:39:40.689+0000] {logging_mixin.py:188} INFO - [2023-12-20T22:39:40.689+0000] {dag.py:3820} INFO - Setting next_dagrun for tutorial to 2023-12-19T00:00:00+00:00, run_after=2023-12-20T00:00:00+00:00
[2023-12-20T22:39:40.706+0000] {processor.py:183} INFO - Processing /home/airflow/.local/lib/python3.8/site-packages/airflow/example_dags/tutorial.py took 0.100 seconds
[2023-12-20T22:40:10.988+0000] {processor.py:161} INFO - Started process (PID=252) to work on /home/airflow/.local/lib/python3.8/site-packages/airflow/example_dags/tutorial.py
[2023-12-20T22:40:10.989+0000] {processor.py:830} INFO - Processing file /home/airflow/.local/lib/python3.8/site-packages/airflow/example_dags/tutorial.py for tasks to queue
[2023-12-20T22:40:10.992+0000] {logging_mixin.py:188} INFO - [2023-12-20T22:40:10.992+0000] {dagbag.py:538} INFO - Filling up the DagBag from /home/airflow/.local/lib/python3.8/site-packages/airflow/example_dags/tutorial.py
[2023-12-20T22:40:11.000+0000] {processor.py:840} INFO - DAG(s) 'tutorial' retrieved from /home/airflow/.local/lib/python3.8/site-packages/airflow/example_dags/tutorial.py
[2023-12-20T22:40:11.023+0000] {logging_mixin.py:188} INFO - [2023-12-20T22:40:11.022+0000] {dag.py:3033} INFO - Sync 1 DAGs
[2023-12-20T22:40:11.042+0000] {logging_mixin.py:188} INFO - [2023-12-20T22:40:11.041+0000] {dag.py:3820} INFO - Setting next_dagrun for tutorial to 2023-12-19T00:00:00+00:00, run_after=2023-12-20T00:00:00+00:00
[2023-12-20T22:40:11.060+0000] {processor.py:183} INFO - Processing /home/airflow/.local/lib/python3.8/site-packages/airflow/example_dags/tutorial.py took 0.077 seconds
[2023-12-20T22:40:41.372+0000] {processor.py:161} INFO - Started process (PID=307) to work on /home/airflow/.local/lib/python3.8/site-packages/airflow/example_dags/tutorial.py
[2023-12-20T22:40:41.374+0000] {processor.py:830} INFO - Processing file /home/airflow/.local/lib/python3.8/site-packages/airflow/example_dags/tutorial.py for tasks to queue
[2023-12-20T22:40:41.376+0000] {logging_mixin.py:188} INFO - [2023-12-20T22:40:41.376+0000] {dagbag.py:538} INFO - Filling up the DagBag from /home/airflow/.local/lib/python3.8/site-packages/airflow/example_dags/tutorial.py
[2023-12-20T22:40:41.383+0000] {processor.py:840} INFO - DAG(s) 'tutorial' retrieved from /home/airflow/.local/lib/python3.8/site-packages/airflow/example_dags/tutorial.py
[2023-12-20T22:40:41.407+0000] {logging_mixin.py:188} INFO - [2023-12-20T22:40:41.406+0000] {dag.py:3033} INFO - Sync 1 DAGs
[2023-12-20T22:40:41.424+0000] {logging_mixin.py:188} INFO - [2023-12-20T22:40:41.424+0000] {dag.py:3820} INFO - Setting next_dagrun for tutorial to 2023-12-19T00:00:00+00:00, run_after=2023-12-20T00:00:00+00:00
[2023-12-20T22:40:41.437+0000] {processor.py:183} INFO - Processing /home/airflow/.local/lib/python3.8/site-packages/airflow/example_dags/tutorial.py took 0.070 seconds
[2023-12-20T22:41:13.033+0000] {processor.py:161} INFO - Started process (PID=362) to work on /home/airflow/.local/lib/python3.8/site-packages/airflow/example_dags/tutorial.py
[2023-12-20T22:41:13.037+0000] {processor.py:830} INFO - Processing file /home/airflow/.local/lib/python3.8/site-packages/airflow/example_dags/tutorial.py for tasks to queue
[2023-12-20T22:41:13.051+0000] {logging_mixin.py:188} INFO - [2023-12-20T22:41:13.050+0000] {dagbag.py:538} INFO - Filling up the DagBag from /home/airflow/.local/lib/python3.8/site-packages/airflow/example_dags/tutorial.py
[2023-12-20T22:41:13.076+0000] {processor.py:840} INFO - DAG(s) 'tutorial' retrieved from /home/airflow/.local/lib/python3.8/site-packages/airflow/example_dags/tutorial.py
[2023-12-20T22:41:13.167+0000] {logging_mixin.py:188} INFO - [2023-12-20T22:41:13.167+0000] {dag.py:3033} INFO - Sync 1 DAGs
[2023-12-20T22:41:13.235+0000] {logging_mixin.py:188} INFO - [2023-12-20T22:41:13.235+0000] {dag.py:3820} INFO - Setting next_dagrun for tutorial to 2023-12-19T00:00:00+00:00, run_after=2023-12-20T00:00:00+00:00
[2023-12-20T22:41:13.272+0000] {processor.py:183} INFO - Processing /home/airflow/.local/lib/python3.8/site-packages/airflow/example_dags/tutorial.py took 0.254 seconds
[2023-12-20T22:41:43.930+0000] {processor.py:161} INFO - Started process (PID=420) to work on /home/airflow/.local/lib/python3.8/site-packages/airflow/example_dags/tutorial.py
[2023-12-20T22:41:43.932+0000] {processor.py:830} INFO - Processing file /home/airflow/.local/lib/python3.8/site-packages/airflow/example_dags/tutorial.py for tasks to queue
[2023-12-20T22:41:43.936+0000] {logging_mixin.py:188} INFO - [2023-12-20T22:41:43.936+0000] {dagbag.py:538} INFO - Filling up the DagBag from /home/airflow/.local/lib/python3.8/site-packages/airflow/example_dags/tutorial.py
[2023-12-20T22:41:43.945+0000] {processor.py:840} INFO - DAG(s) 'tutorial' retrieved from /home/airflow/.local/lib/python3.8/site-packages/airflow/example_dags/tutorial.py
[2023-12-20T22:41:43.981+0000] {logging_mixin.py:188} INFO - [2023-12-20T22:41:43.981+0000] {dag.py:3033} INFO - Sync 1 DAGs
[2023-12-20T22:41:44.024+0000] {logging_mixin.py:188} INFO - [2023-12-20T22:41:44.024+0000] {dag.py:3820} INFO - Setting next_dagrun for tutorial to 2023-12-19T00:00:00+00:00, run_after=2023-12-20T00:00:00+00:00
[2023-12-20T22:41:44.046+0000] {processor.py:183} INFO - Processing /home/airflow/.local/lib/python3.8/site-packages/airflow/example_dags/tutorial.py took 0.121 seconds
[2023-12-20T22:42:14.177+0000] {processor.py:161} INFO - Started process (PID=475) to work on /home/airflow/.local/lib/python3.8/site-packages/airflow/example_dags/tutorial.py
[2023-12-20T22:42:14.179+0000] {processor.py:830} INFO - Processing file /home/airflow/.local/lib/python3.8/site-packages/airflow/example_dags/tutorial.py for tasks to queue
[2023-12-20T22:42:14.191+0000] {logging_mixin.py:188} INFO - [2023-12-20T22:42:14.191+0000] {dagbag.py:538} INFO - Filling up the DagBag from /home/airflow/.local/lib/python3.8/site-packages/airflow/example_dags/tutorial.py
[2023-12-20T22:42:14.203+0000] {processor.py:840} INFO - DAG(s) 'tutorial' retrieved from /home/airflow/.local/lib/python3.8/site-packages/airflow/example_dags/tutorial.py
[2023-12-20T22:42:14.234+0000] {logging_mixin.py:188} INFO - [2023-12-20T22:42:14.234+0000] {dag.py:3033} INFO - Sync 1 DAGs
[2023-12-20T22:42:14.255+0000] {logging_mixin.py:188} INFO - [2023-12-20T22:42:14.255+0000] {dag.py:3820} INFO - Setting next_dagrun for tutorial to 2023-12-19T00:00:00+00:00, run_after=2023-12-20T00:00:00+00:00
[2023-12-20T22:42:14.271+0000] {processor.py:183} INFO - Processing /home/airflow/.local/lib/python3.8/site-packages/airflow/example_dags/tutorial.py took 0.099 seconds
[2023-12-20T22:42:45.059+0000] {processor.py:161} INFO - Started process (PID=529) to work on /home/airflow/.local/lib/python3.8/site-packages/airflow/example_dags/tutorial.py
[2023-12-20T22:42:45.061+0000] {processor.py:830} INFO - Processing file /home/airflow/.local/lib/python3.8/site-packages/airflow/example_dags/tutorial.py for tasks to queue
[2023-12-20T22:42:45.065+0000] {logging_mixin.py:188} INFO - [2023-12-20T22:42:45.065+0000] {dagbag.py:538} INFO - Filling up the DagBag from /home/airflow/.local/lib/python3.8/site-packages/airflow/example_dags/tutorial.py
[2023-12-20T22:42:45.073+0000] {processor.py:840} INFO - DAG(s) 'tutorial' retrieved from /home/airflow/.local/lib/python3.8/site-packages/airflow/example_dags/tutorial.py
[2023-12-20T22:42:45.100+0000] {logging_mixin.py:188} INFO - [2023-12-20T22:42:45.100+0000] {dag.py:3033} INFO - Sync 1 DAGs
[2023-12-20T22:42:45.122+0000] {logging_mixin.py:188} INFO - [2023-12-20T22:42:45.122+0000] {dag.py:3820} INFO - Setting next_dagrun for tutorial to 2023-12-19T00:00:00+00:00, run_after=2023-12-20T00:00:00+00:00
[2023-12-20T22:42:45.137+0000] {processor.py:183} INFO - Processing /home/airflow/.local/lib/python3.8/site-packages/airflow/example_dags/tutorial.py took 0.083 seconds
[2023-12-20T22:43:15.267+0000] {processor.py:161} INFO - Started process (PID=584) to work on /home/airflow/.local/lib/python3.8/site-packages/airflow/example_dags/tutorial.py
[2023-12-20T22:43:15.269+0000] {processor.py:830} INFO - Processing file /home/airflow/.local/lib/python3.8/site-packages/airflow/example_dags/tutorial.py for tasks to queue
[2023-12-20T22:43:15.274+0000] {logging_mixin.py:188} INFO - [2023-12-20T22:43:15.274+0000] {dagbag.py:538} INFO - Filling up the DagBag from /home/airflow/.local/lib/python3.8/site-packages/airflow/example_dags/tutorial.py
[2023-12-20T22:43:15.305+0000] {processor.py:840} INFO - DAG(s) 'tutorial' retrieved from /home/airflow/.local/lib/python3.8/site-packages/airflow/example_dags/tutorial.py
[2023-12-20T22:43:15.341+0000] {logging_mixin.py:188} INFO - [2023-12-20T22:43:15.341+0000] {dag.py:3033} INFO - Sync 1 DAGs
[2023-12-20T22:43:15.551+0000] {logging_mixin.py:188} INFO - [2023-12-20T22:43:15.550+0000] {dag.py:3820} INFO - Setting next_dagrun for tutorial to 2023-12-19T00:00:00+00:00, run_after=2023-12-20T00:00:00+00:00
[2023-12-20T22:43:15.591+0000] {processor.py:183} INFO - Processing /home/airflow/.local/lib/python3.8/site-packages/airflow/example_dags/tutorial.py took 0.330 seconds
[2023-12-20T22:43:45.834+0000] {processor.py:161} INFO - Started process (PID=639) to work on /home/airflow/.local/lib/python3.8/site-packages/airflow/example_dags/tutorial.py
[2023-12-20T22:43:45.836+0000] {processor.py:830} INFO - Processing file /home/airflow/.local/lib/python3.8/site-packages/airflow/example_dags/tutorial.py for tasks to queue
[2023-12-20T22:43:45.839+0000] {logging_mixin.py:188} INFO - [2023-12-20T22:43:45.838+0000] {dagbag.py:538} INFO - Filling up the DagBag from /home/airflow/.local/lib/python3.8/site-packages/airflow/example_dags/tutorial.py
[2023-12-20T22:43:45.845+0000] {processor.py:840} INFO - DAG(s) 'tutorial' retrieved from /home/airflow/.local/lib/python3.8/site-packages/airflow/example_dags/tutorial.py
[2023-12-20T22:43:45.866+0000] {logging_mixin.py:188} INFO - [2023-12-20T22:43:45.866+0000] {dag.py:3033} INFO - Sync 1 DAGs
[2023-12-20T22:43:45.882+0000] {logging_mixin.py:188} INFO - [2023-12-20T22:43:45.882+0000] {dag.py:3820} INFO - Setting next_dagrun for tutorial to 2023-12-19T00:00:00+00:00, run_after=2023-12-20T00:00:00+00:00
[2023-12-20T22:43:45.895+0000] {processor.py:183} INFO - Processing /home/airflow/.local/lib/python3.8/site-packages/airflow/example_dags/tutorial.py took 0.064 seconds
[2023-12-20T22:44:16.530+0000] {processor.py:161} INFO - Started process (PID=694) to work on /home/airflow/.local/lib/python3.8/site-packages/airflow/example_dags/tutorial.py
[2023-12-20T22:44:16.532+0000] {processor.py:830} INFO - Processing file /home/airflow/.local/lib/python3.8/site-packages/airflow/example_dags/tutorial.py for tasks to queue
[2023-12-20T22:44:16.539+0000] {logging_mixin.py:188} INFO - [2023-12-20T22:44:16.539+0000] {dagbag.py:538} INFO - Filling up the DagBag from /home/airflow/.local/lib/python3.8/site-packages/airflow/example_dags/tutorial.py
[2023-12-20T22:44:16.553+0000] {processor.py:840} INFO - DAG(s) 'tutorial' retrieved from /home/airflow/.local/lib/python3.8/site-packages/airflow/example_dags/tutorial.py
[2023-12-20T22:44:16.595+0000] {logging_mixin.py:188} INFO - [2023-12-20T22:44:16.594+0000] {dag.py:3033} INFO - Sync 1 DAGs
[2023-12-20T22:44:16.627+0000] {logging_mixin.py:188} INFO - [2023-12-20T22:44:16.627+0000] {dag.py:3820} INFO - Setting next_dagrun for tutorial to 2023-12-19T00:00:00+00:00, run_after=2023-12-20T00:00:00+00:00
[2023-12-20T22:44:16.648+0000] {processor.py:183} INFO - Processing /home/airflow/.local/lib/python3.8/site-packages/airflow/example_dags/tutorial.py took 0.125 seconds
[2023-12-20T22:44:47.640+0000] {processor.py:161} INFO - Started process (PID=749) to work on /home/airflow/.local/lib/python3.8/site-packages/airflow/example_dags/tutorial.py
[2023-12-20T22:44:47.642+0000] {processor.py:830} INFO - Processing file /home/airflow/.local/lib/python3.8/site-packages/airflow/example_dags/tutorial.py for tasks to queue
[2023-12-20T22:44:47.645+0000] {logging_mixin.py:188} INFO - [2023-12-20T22:44:47.645+0000] {dagbag.py:538} INFO - Filling up the DagBag from /home/airflow/.local/lib/python3.8/site-packages/airflow/example_dags/tutorial.py
[2023-12-20T22:44:47.652+0000] {processor.py:840} INFO - DAG(s) 'tutorial' retrieved from /home/airflow/.local/lib/python3.8/site-packages/airflow/example_dags/tutorial.py
[2023-12-20T22:44:47.673+0000] {logging_mixin.py:188} INFO - [2023-12-20T22:44:47.673+0000] {dag.py:3033} INFO - Sync 1 DAGs
[2023-12-20T22:44:47.692+0000] {logging_mixin.py:188} INFO - [2023-12-20T22:44:47.692+0000] {dag.py:3820} INFO - Setting next_dagrun for tutorial to 2023-12-19T00:00:00+00:00, run_after=2023-12-20T00:00:00+00:00
[2023-12-20T22:44:47.707+0000] {processor.py:183} INFO - Processing /home/airflow/.local/lib/python3.8/site-packages/airflow/example_dags/tutorial.py took 0.071 seconds
[2023-12-20T22:45:18.156+0000] {processor.py:161} INFO - Started process (PID=805) to work on /home/airflow/.local/lib/python3.8/site-packages/airflow/example_dags/tutorial.py
[2023-12-20T22:45:18.158+0000] {processor.py:830} INFO - Processing file /home/airflow/.local/lib/python3.8/site-packages/airflow/example_dags/tutorial.py for tasks to queue
[2023-12-20T22:45:18.167+0000] {logging_mixin.py:188} INFO - [2023-12-20T22:45:18.166+0000] {dagbag.py:538} INFO - Filling up the DagBag from /home/airflow/.local/lib/python3.8/site-packages/airflow/example_dags/tutorial.py
[2023-12-20T22:45:18.186+0000] {processor.py:840} INFO - DAG(s) 'tutorial' retrieved from /home/airflow/.local/lib/python3.8/site-packages/airflow/example_dags/tutorial.py
[2023-12-20T22:45:18.230+0000] {logging_mixin.py:188} INFO - [2023-12-20T22:45:18.230+0000] {dag.py:3033} INFO - Sync 1 DAGs
[2023-12-20T22:45:18.261+0000] {logging_mixin.py:188} INFO - [2023-12-20T22:45:18.261+0000] {dag.py:3820} INFO - Setting next_dagrun for tutorial to 2023-12-19T00:00:00+00:00, run_after=2023-12-20T00:00:00+00:00
[2023-12-20T22:45:18.280+0000] {processor.py:183} INFO - Processing /home/airflow/.local/lib/python3.8/site-packages/airflow/example_dags/tutorial.py took 0.129 seconds
[2023-12-20T22:45:48.554+0000] {processor.py:161} INFO - Started process (PID=860) to work on /home/airflow/.local/lib/python3.8/site-packages/airflow/example_dags/tutorial.py
[2023-12-20T22:45:48.556+0000] {processor.py:830} INFO - Processing file /home/airflow/.local/lib/python3.8/site-packages/airflow/example_dags/tutorial.py for tasks to queue
[2023-12-20T22:45:48.561+0000] {logging_mixin.py:188} INFO - [2023-12-20T22:45:48.561+0000] {dagbag.py:538} INFO - Filling up the DagBag from /home/airflow/.local/lib/python3.8/site-packages/airflow/example_dags/tutorial.py
[2023-12-20T22:45:48.570+0000] {processor.py:840} INFO - DAG(s) 'tutorial' retrieved from /home/airflow/.local/lib/python3.8/site-packages/airflow/example_dags/tutorial.py
[2023-12-20T22:45:48.601+0000] {logging_mixin.py:188} INFO - [2023-12-20T22:45:48.600+0000] {dag.py:3033} INFO - Sync 1 DAGs
[2023-12-20T22:45:48.626+0000] {logging_mixin.py:188} INFO - [2023-12-20T22:45:48.626+0000] {dag.py:3820} INFO - Setting next_dagrun for tutorial to 2023-12-19T00:00:00+00:00, run_after=2023-12-20T00:00:00+00:00
[2023-12-20T22:45:48.643+0000] {processor.py:183} INFO - Processing /home/airflow/.local/lib/python3.8/site-packages/airflow/example_dags/tutorial.py took 0.094 seconds
[2023-12-20T22:46:19.380+0000] {processor.py:161} INFO - Started process (PID=915) to work on /home/airflow/.local/lib/python3.8/site-packages/airflow/example_dags/tutorial.py
[2023-12-20T22:46:19.382+0000] {processor.py:830} INFO - Processing file /home/airflow/.local/lib/python3.8/site-packages/airflow/example_dags/tutorial.py for tasks to queue
[2023-12-20T22:46:19.388+0000] {logging_mixin.py:188} INFO - [2023-12-20T22:46:19.387+0000] {dagbag.py:538} INFO - Filling up the DagBag from /home/airflow/.local/lib/python3.8/site-packages/airflow/example_dags/tutorial.py
[2023-12-20T22:46:19.400+0000] {processor.py:840} INFO - DAG(s) 'tutorial' retrieved from /home/airflow/.local/lib/python3.8/site-packages/airflow/example_dags/tutorial.py
[2023-12-20T22:46:19.457+0000] {logging_mixin.py:188} INFO - [2023-12-20T22:46:19.456+0000] {dag.py:3033} INFO - Sync 1 DAGs
[2023-12-20T22:46:19.490+0000] {logging_mixin.py:188} INFO - [2023-12-20T22:46:19.490+0000] {dag.py:3820} INFO - Setting next_dagrun for tutorial to 2023-12-19T00:00:00+00:00, run_after=2023-12-20T00:00:00+00:00
[2023-12-20T22:46:19.509+0000] {processor.py:183} INFO - Processing /home/airflow/.local/lib/python3.8/site-packages/airflow/example_dags/tutorial.py took 0.135 seconds
[2023-12-20T22:46:50.441+0000] {processor.py:161} INFO - Started process (PID=970) to work on /home/airflow/.local/lib/python3.8/site-packages/airflow/example_dags/tutorial.py
[2023-12-20T22:46:50.442+0000] {processor.py:830} INFO - Processing file /home/airflow/.local/lib/python3.8/site-packages/airflow/example_dags/tutorial.py for tasks to queue
[2023-12-20T22:46:50.447+0000] {logging_mixin.py:188} INFO - [2023-12-20T22:46:50.446+0000] {dagbag.py:538} INFO - Filling up the DagBag from /home/airflow/.local/lib/python3.8/site-packages/airflow/example_dags/tutorial.py
[2023-12-20T22:46:50.456+0000] {processor.py:840} INFO - DAG(s) 'tutorial' retrieved from /home/airflow/.local/lib/python3.8/site-packages/airflow/example_dags/tutorial.py
[2023-12-20T22:46:50.487+0000] {logging_mixin.py:188} INFO - [2023-12-20T22:46:50.486+0000] {dag.py:3033} INFO - Sync 1 DAGs
[2023-12-20T22:46:50.510+0000] {logging_mixin.py:188} INFO - [2023-12-20T22:46:50.510+0000] {dag.py:3820} INFO - Setting next_dagrun for tutorial to 2023-12-19T00:00:00+00:00, run_after=2023-12-20T00:00:00+00:00
[2023-12-20T22:46:50.526+0000] {processor.py:183} INFO - Processing /home/airflow/.local/lib/python3.8/site-packages/airflow/example_dags/tutorial.py took 0.090 seconds
[2023-12-20T22:47:21.231+0000] {processor.py:161} INFO - Started process (PID=1025) to work on /home/airflow/.local/lib/python3.8/site-packages/airflow/example_dags/tutorial.py
[2023-12-20T22:47:21.235+0000] {processor.py:830} INFO - Processing file /home/airflow/.local/lib/python3.8/site-packages/airflow/example_dags/tutorial.py for tasks to queue
[2023-12-20T22:47:21.242+0000] {logging_mixin.py:188} INFO - [2023-12-20T22:47:21.242+0000] {dagbag.py:538} INFO - Filling up the DagBag from /home/airflow/.local/lib/python3.8/site-packages/airflow/example_dags/tutorial.py
[2023-12-20T22:47:21.253+0000] {processor.py:840} INFO - DAG(s) 'tutorial' retrieved from /home/airflow/.local/lib/python3.8/site-packages/airflow/example_dags/tutorial.py
[2023-12-20T22:47:21.288+0000] {logging_mixin.py:188} INFO - [2023-12-20T22:47:21.288+0000] {dag.py:3033} INFO - Sync 1 DAGs
[2023-12-20T22:47:21.312+0000] {logging_mixin.py:188} INFO - [2023-12-20T22:47:21.312+0000] {dag.py:3820} INFO - Setting next_dagrun for tutorial to 2023-12-19T00:00:00+00:00, run_after=2023-12-20T00:00:00+00:00
[2023-12-20T22:47:21.328+0000] {processor.py:183} INFO - Processing /home/airflow/.local/lib/python3.8/site-packages/airflow/example_dags/tutorial.py took 0.109 seconds
[2023-12-20T22:47:51.741+0000] {processor.py:161} INFO - Started process (PID=1079) to work on /home/airflow/.local/lib/python3.8/site-packages/airflow/example_dags/tutorial.py
[2023-12-20T22:47:51.744+0000] {processor.py:830} INFO - Processing file /home/airflow/.local/lib/python3.8/site-packages/airflow/example_dags/tutorial.py for tasks to queue
[2023-12-20T22:47:51.752+0000] {logging_mixin.py:188} INFO - [2023-12-20T22:47:51.752+0000] {dagbag.py:538} INFO - Filling up the DagBag from /home/airflow/.local/lib/python3.8/site-packages/airflow/example_dags/tutorial.py
[2023-12-20T22:47:51.768+0000] {processor.py:840} INFO - DAG(s) 'tutorial' retrieved from /home/airflow/.local/lib/python3.8/site-packages/airflow/example_dags/tutorial.py
[2023-12-20T22:47:51.827+0000] {logging_mixin.py:188} INFO - [2023-12-20T22:47:51.827+0000] {dag.py:3033} INFO - Sync 1 DAGs
[2023-12-20T22:47:51.857+0000] {logging_mixin.py:188} INFO - [2023-12-20T22:47:51.856+0000] {dag.py:3820} INFO - Setting next_dagrun for tutorial to 2023-12-19T00:00:00+00:00, run_after=2023-12-20T00:00:00+00:00
[2023-12-20T22:47:51.876+0000] {processor.py:183} INFO - Processing /home/airflow/.local/lib/python3.8/site-packages/airflow/example_dags/tutorial.py took 0.142 seconds
[2023-12-20T22:48:22.648+0000] {processor.py:161} INFO - Started process (PID=1134) to work on /home/airflow/.local/lib/python3.8/site-packages/airflow/example_dags/tutorial.py
[2023-12-20T22:48:22.649+0000] {processor.py:830} INFO - Processing file /home/airflow/.local/lib/python3.8/site-packages/airflow/example_dags/tutorial.py for tasks to queue
[2023-12-20T22:48:22.654+0000] {logging_mixin.py:188} INFO - [2023-12-20T22:48:22.653+0000] {dagbag.py:538} INFO - Filling up the DagBag from /home/airflow/.local/lib/python3.8/site-packages/airflow/example_dags/tutorial.py
[2023-12-20T22:48:22.667+0000] {processor.py:840} INFO - DAG(s) 'tutorial' retrieved from /home/airflow/.local/lib/python3.8/site-packages/airflow/example_dags/tutorial.py
[2023-12-20T22:48:22.710+0000] {logging_mixin.py:188} INFO - [2023-12-20T22:48:22.710+0000] {dag.py:3033} INFO - Sync 1 DAGs
[2023-12-20T22:48:22.749+0000] {logging_mixin.py:188} INFO - [2023-12-20T22:48:22.748+0000] {dag.py:3820} INFO - Setting next_dagrun for tutorial to 2023-12-19T00:00:00+00:00, run_after=2023-12-20T00:00:00+00:00
[2023-12-20T22:48:22.792+0000] {processor.py:183} INFO - Processing /home/airflow/.local/lib/python3.8/site-packages/airflow/example_dags/tutorial.py took 0.152 seconds
[2023-12-20T22:48:52.946+0000] {processor.py:161} INFO - Started process (PID=1188) to work on /home/airflow/.local/lib/python3.8/site-packages/airflow/example_dags/tutorial.py
[2023-12-20T22:48:52.950+0000] {processor.py:830} INFO - Processing file /home/airflow/.local/lib/python3.8/site-packages/airflow/example_dags/tutorial.py for tasks to queue
[2023-12-20T22:48:52.958+0000] {logging_mixin.py:188} INFO - [2023-12-20T22:48:52.956+0000] {dagbag.py:538} INFO - Filling up the DagBag from /home/airflow/.local/lib/python3.8/site-packages/airflow/example_dags/tutorial.py
[2023-12-20T22:48:52.974+0000] {processor.py:840} INFO - DAG(s) 'tutorial' retrieved from /home/airflow/.local/lib/python3.8/site-packages/airflow/example_dags/tutorial.py
[2023-12-20T22:48:53.009+0000] {logging_mixin.py:188} INFO - [2023-12-20T22:48:53.009+0000] {dag.py:3033} INFO - Sync 1 DAGs
[2023-12-20T22:48:53.039+0000] {logging_mixin.py:188} INFO - [2023-12-20T22:48:53.039+0000] {dag.py:3820} INFO - Setting next_dagrun for tutorial to 2023-12-19T00:00:00+00:00, run_after=2023-12-20T00:00:00+00:00
[2023-12-20T22:48:53.062+0000] {processor.py:183} INFO - Processing /home/airflow/.local/lib/python3.8/site-packages/airflow/example_dags/tutorial.py took 0.123 seconds
[2023-12-20T22:49:23.179+0000] {processor.py:161} INFO - Started process (PID=1242) to work on /home/airflow/.local/lib/python3.8/site-packages/airflow/example_dags/tutorial.py
[2023-12-20T22:49:23.181+0000] {processor.py:830} INFO - Processing file /home/airflow/.local/lib/python3.8/site-packages/airflow/example_dags/tutorial.py for tasks to queue
[2023-12-20T22:49:23.185+0000] {logging_mixin.py:188} INFO - [2023-12-20T22:49:23.185+0000] {dagbag.py:538} INFO - Filling up the DagBag from /home/airflow/.local/lib/python3.8/site-packages/airflow/example_dags/tutorial.py
[2023-12-20T22:49:23.198+0000] {processor.py:840} INFO - DAG(s) 'tutorial' retrieved from /home/airflow/.local/lib/python3.8/site-packages/airflow/example_dags/tutorial.py
[2023-12-20T22:49:23.233+0000] {logging_mixin.py:188} INFO - [2023-12-20T22:49:23.233+0000] {dag.py:3033} INFO - Sync 1 DAGs
[2023-12-20T22:49:23.257+0000] {logging_mixin.py:188} INFO - [2023-12-20T22:49:23.256+0000] {dag.py:3820} INFO - Setting next_dagrun for tutorial to 2023-12-19T00:00:00+00:00, run_after=2023-12-20T00:00:00+00:00
[2023-12-20T22:49:23.275+0000] {processor.py:183} INFO - Processing /home/airflow/.local/lib/python3.8/site-packages/airflow/example_dags/tutorial.py took 0.100 seconds
[2023-12-20T22:49:53.563+0000] {processor.py:161} INFO - Started process (PID=1297) to work on /home/airflow/.local/lib/python3.8/site-packages/airflow/example_dags/tutorial.py
[2023-12-20T22:49:53.564+0000] {processor.py:830} INFO - Processing file /home/airflow/.local/lib/python3.8/site-packages/airflow/example_dags/tutorial.py for tasks to queue
[2023-12-20T22:49:53.569+0000] {logging_mixin.py:188} INFO - [2023-12-20T22:49:53.568+0000] {dagbag.py:538} INFO - Filling up the DagBag from /home/airflow/.local/lib/python3.8/site-packages/airflow/example_dags/tutorial.py
[2023-12-20T22:49:53.580+0000] {processor.py:840} INFO - DAG(s) 'tutorial' retrieved from /home/airflow/.local/lib/python3.8/site-packages/airflow/example_dags/tutorial.py
[2023-12-20T22:49:53.628+0000] {logging_mixin.py:188} INFO - [2023-12-20T22:49:53.627+0000] {dag.py:3033} INFO - Sync 1 DAGs
[2023-12-20T22:49:53.652+0000] {logging_mixin.py:188} INFO - [2023-12-20T22:49:53.652+0000] {dag.py:3820} INFO - Setting next_dagrun for tutorial to 2023-12-19T00:00:00+00:00, run_after=2023-12-20T00:00:00+00:00
[2023-12-20T22:49:53.669+0000] {processor.py:183} INFO - Processing /home/airflow/.local/lib/python3.8/site-packages/airflow/example_dags/tutorial.py took 0.110 seconds
[2023-12-20T22:50:23.804+0000] {processor.py:161} INFO - Started process (PID=1352) to work on /home/airflow/.local/lib/python3.8/site-packages/airflow/example_dags/tutorial.py
[2023-12-20T22:50:23.806+0000] {processor.py:830} INFO - Processing file /home/airflow/.local/lib/python3.8/site-packages/airflow/example_dags/tutorial.py for tasks to queue
[2023-12-20T22:50:23.812+0000] {logging_mixin.py:188} INFO - [2023-12-20T22:50:23.811+0000] {dagbag.py:538} INFO - Filling up the DagBag from /home/airflow/.local/lib/python3.8/site-packages/airflow/example_dags/tutorial.py
[2023-12-20T22:50:23.822+0000] {processor.py:840} INFO - DAG(s) 'tutorial' retrieved from /home/airflow/.local/lib/python3.8/site-packages/airflow/example_dags/tutorial.py
[2023-12-20T22:50:23.858+0000] {logging_mixin.py:188} INFO - [2023-12-20T22:50:23.858+0000] {dag.py:3033} INFO - Sync 1 DAGs
[2023-12-20T22:50:23.902+0000] {logging_mixin.py:188} INFO - [2023-12-20T22:50:23.902+0000] {dag.py:3820} INFO - Setting next_dagrun for tutorial to 2023-12-19T00:00:00+00:00, run_after=2023-12-20T00:00:00+00:00
[2023-12-20T22:50:23.921+0000] {processor.py:183} INFO - Processing /home/airflow/.local/lib/python3.8/site-packages/airflow/example_dags/tutorial.py took 0.124 seconds
[2023-12-20T22:50:53.998+0000] {processor.py:161} INFO - Started process (PID=1407) to work on /home/airflow/.local/lib/python3.8/site-packages/airflow/example_dags/tutorial.py
[2023-12-20T22:50:53.999+0000] {processor.py:830} INFO - Processing file /home/airflow/.local/lib/python3.8/site-packages/airflow/example_dags/tutorial.py for tasks to queue
[2023-12-20T22:50:54.003+0000] {logging_mixin.py:188} INFO - [2023-12-20T22:50:54.002+0000] {dagbag.py:538} INFO - Filling up the DagBag from /home/airflow/.local/lib/python3.8/site-packages/airflow/example_dags/tutorial.py
[2023-12-20T22:50:54.013+0000] {processor.py:840} INFO - DAG(s) 'tutorial' retrieved from /home/airflow/.local/lib/python3.8/site-packages/airflow/example_dags/tutorial.py
[2023-12-20T22:50:54.042+0000] {logging_mixin.py:188} INFO - [2023-12-20T22:50:54.041+0000] {dag.py:3033} INFO - Sync 1 DAGs
[2023-12-20T22:50:54.063+0000] {logging_mixin.py:188} INFO - [2023-12-20T22:50:54.063+0000] {dag.py:3820} INFO - Setting next_dagrun for tutorial to 2023-12-19T00:00:00+00:00, run_after=2023-12-20T00:00:00+00:00
[2023-12-20T22:50:54.079+0000] {processor.py:183} INFO - Processing /home/airflow/.local/lib/python3.8/site-packages/airflow/example_dags/tutorial.py took 0.085 seconds
[2023-12-20T22:51:24.192+0000] {processor.py:161} INFO - Started process (PID=1462) to work on /home/airflow/.local/lib/python3.8/site-packages/airflow/example_dags/tutorial.py
[2023-12-20T22:51:24.194+0000] {processor.py:830} INFO - Processing file /home/airflow/.local/lib/python3.8/site-packages/airflow/example_dags/tutorial.py for tasks to queue
[2023-12-20T22:51:24.198+0000] {logging_mixin.py:188} INFO - [2023-12-20T22:51:24.198+0000] {dagbag.py:538} INFO - Filling up the DagBag from /home/airflow/.local/lib/python3.8/site-packages/airflow/example_dags/tutorial.py
[2023-12-20T22:51:24.207+0000] {processor.py:840} INFO - DAG(s) 'tutorial' retrieved from /home/airflow/.local/lib/python3.8/site-packages/airflow/example_dags/tutorial.py
[2023-12-20T22:51:24.239+0000] {logging_mixin.py:188} INFO - [2023-12-20T22:51:24.239+0000] {dag.py:3033} INFO - Sync 1 DAGs
[2023-12-20T22:51:24.270+0000] {logging_mixin.py:188} INFO - [2023-12-20T22:51:24.270+0000] {dag.py:3820} INFO - Setting next_dagrun for tutorial to 2023-12-19T00:00:00+00:00, run_after=2023-12-20T00:00:00+00:00
[2023-12-20T22:51:24.287+0000] {processor.py:183} INFO - Processing /home/airflow/.local/lib/python3.8/site-packages/airflow/example_dags/tutorial.py took 0.100 seconds
[2023-12-20T22:51:54.888+0000] {processor.py:161} INFO - Started process (PID=1517) to work on /home/airflow/.local/lib/python3.8/site-packages/airflow/example_dags/tutorial.py
[2023-12-20T22:51:54.892+0000] {processor.py:830} INFO - Processing file /home/airflow/.local/lib/python3.8/site-packages/airflow/example_dags/tutorial.py for tasks to queue
[2023-12-20T22:51:54.901+0000] {logging_mixin.py:188} INFO - [2023-12-20T22:51:54.901+0000] {dagbag.py:538} INFO - Filling up the DagBag from /home/airflow/.local/lib/python3.8/site-packages/airflow/example_dags/tutorial.py
[2023-12-20T22:51:54.909+0000] {processor.py:840} INFO - DAG(s) 'tutorial' retrieved from /home/airflow/.local/lib/python3.8/site-packages/airflow/example_dags/tutorial.py
[2023-12-20T22:51:54.946+0000] {logging_mixin.py:188} INFO - [2023-12-20T22:51:54.946+0000] {dag.py:3033} INFO - Sync 1 DAGs
[2023-12-20T22:51:54.988+0000] {logging_mixin.py:188} INFO - [2023-12-20T22:51:54.987+0000] {dag.py:3820} INFO - Setting next_dagrun for tutorial to 2023-12-19T00:00:00+00:00, run_after=2023-12-20T00:00:00+00:00
[2023-12-20T22:51:55.010+0000] {processor.py:183} INFO - Processing /home/airflow/.local/lib/python3.8/site-packages/airflow/example_dags/tutorial.py took 0.131 seconds
[2023-12-20T22:52:25.616+0000] {processor.py:161} INFO - Started process (PID=1572) to work on /home/airflow/.local/lib/python3.8/site-packages/airflow/example_dags/tutorial.py
[2023-12-20T22:52:25.618+0000] {processor.py:830} INFO - Processing file /home/airflow/.local/lib/python3.8/site-packages/airflow/example_dags/tutorial.py for tasks to queue
[2023-12-20T22:52:25.621+0000] {logging_mixin.py:188} INFO - [2023-12-20T22:52:25.621+0000] {dagbag.py:538} INFO - Filling up the DagBag from /home/airflow/.local/lib/python3.8/site-packages/airflow/example_dags/tutorial.py
[2023-12-20T22:52:25.628+0000] {processor.py:840} INFO - DAG(s) 'tutorial' retrieved from /home/airflow/.local/lib/python3.8/site-packages/airflow/example_dags/tutorial.py
[2023-12-20T22:52:25.669+0000] {logging_mixin.py:188} INFO - [2023-12-20T22:52:25.669+0000] {dag.py:3033} INFO - Sync 1 DAGs
[2023-12-20T22:52:25.693+0000] {logging_mixin.py:188} INFO - [2023-12-20T22:52:25.693+0000] {dag.py:3820} INFO - Setting next_dagrun for tutorial to 2023-12-19T00:00:00+00:00, run_after=2023-12-20T00:00:00+00:00
[2023-12-20T22:52:25.708+0000] {processor.py:183} INFO - Processing /home/airflow/.local/lib/python3.8/site-packages/airflow/example_dags/tutorial.py took 0.096 seconds
[2023-12-20T22:52:56.152+0000] {processor.py:161} INFO - Started process (PID=1627) to work on /home/airflow/.local/lib/python3.8/site-packages/airflow/example_dags/tutorial.py
[2023-12-20T22:52:56.154+0000] {processor.py:830} INFO - Processing file /home/airflow/.local/lib/python3.8/site-packages/airflow/example_dags/tutorial.py for tasks to queue
[2023-12-20T22:52:56.160+0000] {logging_mixin.py:188} INFO - [2023-12-20T22:52:56.159+0000] {dagbag.py:538} INFO - Filling up the DagBag from /home/airflow/.local/lib/python3.8/site-packages/airflow/example_dags/tutorial.py
[2023-12-20T22:52:56.169+0000] {processor.py:840} INFO - DAG(s) 'tutorial' retrieved from /home/airflow/.local/lib/python3.8/site-packages/airflow/example_dags/tutorial.py
[2023-12-20T22:52:56.203+0000] {logging_mixin.py:188} INFO - [2023-12-20T22:52:56.202+0000] {dag.py:3033} INFO - Sync 1 DAGs
[2023-12-20T22:52:56.233+0000] {logging_mixin.py:188} INFO - [2023-12-20T22:52:56.233+0000] {dag.py:3820} INFO - Setting next_dagrun for tutorial to 2023-12-19T00:00:00+00:00, run_after=2023-12-20T00:00:00+00:00
[2023-12-20T22:52:56.249+0000] {processor.py:183} INFO - Processing /home/airflow/.local/lib/python3.8/site-packages/airflow/example_dags/tutorial.py took 0.103 seconds
[2023-12-20T22:53:26.585+0000] {processor.py:161} INFO - Started process (PID=1683) to work on /home/airflow/.local/lib/python3.8/site-packages/airflow/example_dags/tutorial.py
[2023-12-20T22:53:26.589+0000] {processor.py:830} INFO - Processing file /home/airflow/.local/lib/python3.8/site-packages/airflow/example_dags/tutorial.py for tasks to queue
[2023-12-20T22:53:26.601+0000] {logging_mixin.py:188} INFO - [2023-12-20T22:53:26.601+0000] {dagbag.py:538} INFO - Filling up the DagBag from /home/airflow/.local/lib/python3.8/site-packages/airflow/example_dags/tutorial.py
[2023-12-20T22:53:26.627+0000] {processor.py:840} INFO - DAG(s) 'tutorial' retrieved from /home/airflow/.local/lib/python3.8/site-packages/airflow/example_dags/tutorial.py
[2023-12-20T22:53:26.721+0000] {logging_mixin.py:188} INFO - [2023-12-20T22:53:26.721+0000] {dag.py:3033} INFO - Sync 1 DAGs
[2023-12-20T22:53:26.817+0000] {logging_mixin.py:188} INFO - [2023-12-20T22:53:26.816+0000] {dag.py:3820} INFO - Setting next_dagrun for tutorial to 2023-12-19T00:00:00+00:00, run_after=2023-12-20T00:00:00+00:00
[2023-12-20T22:53:26.869+0000] {processor.py:183} INFO - Processing /home/airflow/.local/lib/python3.8/site-packages/airflow/example_dags/tutorial.py took 0.337 seconds
[2023-12-20T22:53:57.256+0000] {processor.py:161} INFO - Started process (PID=1739) to work on /home/airflow/.local/lib/python3.8/site-packages/airflow/example_dags/tutorial.py
[2023-12-20T22:53:57.260+0000] {processor.py:830} INFO - Processing file /home/airflow/.local/lib/python3.8/site-packages/airflow/example_dags/tutorial.py for tasks to queue
[2023-12-20T22:53:57.277+0000] {logging_mixin.py:188} INFO - [2023-12-20T22:53:57.275+0000] {dagbag.py:538} INFO - Filling up the DagBag from /home/airflow/.local/lib/python3.8/site-packages/airflow/example_dags/tutorial.py
[2023-12-20T22:53:57.320+0000] {processor.py:840} INFO - DAG(s) 'tutorial' retrieved from /home/airflow/.local/lib/python3.8/site-packages/airflow/example_dags/tutorial.py
[2023-12-20T22:53:57.413+0000] {logging_mixin.py:188} INFO - [2023-12-20T22:53:57.412+0000] {dag.py:3033} INFO - Sync 1 DAGs
[2023-12-20T22:53:57.496+0000] {logging_mixin.py:188} INFO - [2023-12-20T22:53:57.496+0000] {dag.py:3820} INFO - Setting next_dagrun for tutorial to 2023-12-19T00:00:00+00:00, run_after=2023-12-20T00:00:00+00:00
[2023-12-20T22:53:57.702+0000] {processor.py:183} INFO - Processing /home/airflow/.local/lib/python3.8/site-packages/airflow/example_dags/tutorial.py took 0.459 seconds
[2023-12-20T22:54:41.888+0000] {processor.py:161} INFO - Started process (PID=1781) to work on /home/airflow/.local/lib/python3.8/site-packages/airflow/example_dags/tutorial.py
[2023-12-20T22:54:41.912+0000] {processor.py:830} INFO - Processing file /home/airflow/.local/lib/python3.8/site-packages/airflow/example_dags/tutorial.py for tasks to queue
[2023-12-20T22:54:41.967+0000] {logging_mixin.py:188} INFO - [2023-12-20T22:54:41.962+0000] {dagbag.py:538} INFO - Filling up the DagBag from /home/airflow/.local/lib/python3.8/site-packages/airflow/example_dags/tutorial.py
[2023-12-20T22:54:42.110+0000] {processor.py:840} INFO - DAG(s) 'tutorial' retrieved from /home/airflow/.local/lib/python3.8/site-packages/airflow/example_dags/tutorial.py
[2023-12-20T22:54:42.697+0000] {logging_mixin.py:188} INFO - [2023-12-20T22:54:42.688+0000] {dag.py:3033} INFO - Sync 1 DAGs
[2023-12-20T22:54:43.093+0000] {logging_mixin.py:188} INFO - [2023-12-20T22:54:43.093+0000] {dag.py:3820} INFO - Setting next_dagrun for tutorial to 2023-12-19T00:00:00+00:00, run_after=2023-12-20T00:00:00+00:00
[2023-12-20T22:54:43.341+0000] {processor.py:183} INFO - Processing /home/airflow/.local/lib/python3.8/site-packages/airflow/example_dags/tutorial.py took 1.538 seconds
[2023-12-20T22:55:14.517+0000] {processor.py:161} INFO - Started process (PID=1820) to work on /home/airflow/.local/lib/python3.8/site-packages/airflow/example_dags/tutorial.py
[2023-12-20T22:55:14.522+0000] {processor.py:830} INFO - Processing file /home/airflow/.local/lib/python3.8/site-packages/airflow/example_dags/tutorial.py for tasks to queue
[2023-12-20T22:55:14.543+0000] {logging_mixin.py:188} INFO - [2023-12-20T22:55:14.541+0000] {dagbag.py:538} INFO - Filling up the DagBag from /home/airflow/.local/lib/python3.8/site-packages/airflow/example_dags/tutorial.py
[2023-12-20T22:55:14.626+0000] {processor.py:840} INFO - DAG(s) 'tutorial' retrieved from /home/airflow/.local/lib/python3.8/site-packages/airflow/example_dags/tutorial.py
[2023-12-20T22:55:14.803+0000] {logging_mixin.py:188} INFO - [2023-12-20T22:55:14.802+0000] {dag.py:3033} INFO - Sync 1 DAGs
[2023-12-20T22:55:14.890+0000] {logging_mixin.py:188} INFO - [2023-12-20T22:55:14.890+0000] {dag.py:3820} INFO - Setting next_dagrun for tutorial to 2023-12-19T00:00:00+00:00, run_after=2023-12-20T00:00:00+00:00
[2023-12-20T22:55:20.780+0000] {processor.py:183} INFO - Processing /home/airflow/.local/lib/python3.8/site-packages/airflow/example_dags/tutorial.py took 6.298 seconds
[2023-12-20T22:55:54.189+0000] {processor.py:161} INFO - Started process (PID=1851) to work on /home/airflow/.local/lib/python3.8/site-packages/airflow/example_dags/tutorial.py
[2023-12-20T22:55:54.195+0000] {processor.py:830} INFO - Processing file /home/airflow/.local/lib/python3.8/site-packages/airflow/example_dags/tutorial.py for tasks to queue
[2023-12-20T22:55:54.204+0000] {logging_mixin.py:188} INFO - [2023-12-20T22:55:54.202+0000] {dagbag.py:538} INFO - Filling up the DagBag from /home/airflow/.local/lib/python3.8/site-packages/airflow/example_dags/tutorial.py
[2023-12-20T22:55:54.251+0000] {processor.py:840} INFO - DAG(s) 'tutorial' retrieved from /home/airflow/.local/lib/python3.8/site-packages/airflow/example_dags/tutorial.py
[2023-12-20T22:55:54.324+0000] {logging_mixin.py:188} INFO - [2023-12-20T22:55:54.320+0000] {dag.py:3033} INFO - Sync 1 DAGs
[2023-12-20T22:55:54.431+0000] {logging_mixin.py:188} INFO - [2023-12-20T22:55:54.431+0000] {dag.py:3820} INFO - Setting next_dagrun for tutorial to 2023-12-19T00:00:00+00:00, run_after=2023-12-20T00:00:00+00:00
[2023-12-20T22:55:54.479+0000] {processor.py:183} INFO - Processing /home/airflow/.local/lib/python3.8/site-packages/airflow/example_dags/tutorial.py took 0.305 seconds
[2023-12-20T22:56:32.677+0000] {processor.py:161} INFO - Started process (PID=1919) to work on /home/airflow/.local/lib/python3.8/site-packages/airflow/example_dags/tutorial.py
[2023-12-20T22:56:32.739+0000] {processor.py:830} INFO - Processing file /home/airflow/.local/lib/python3.8/site-packages/airflow/example_dags/tutorial.py for tasks to queue
[2023-12-20T22:56:32.781+0000] {logging_mixin.py:188} INFO - [2023-12-20T22:56:32.776+0000] {dagbag.py:538} INFO - Filling up the DagBag from /home/airflow/.local/lib/python3.8/site-packages/airflow/example_dags/tutorial.py
[2023-12-20T22:56:32.955+0000] {processor.py:840} INFO - DAG(s) 'tutorial' retrieved from /home/airflow/.local/lib/python3.8/site-packages/airflow/example_dags/tutorial.py
[2023-12-20T22:56:33.121+0000] {logging_mixin.py:188} INFO - [2023-12-20T22:56:33.120+0000] {dag.py:3033} INFO - Sync 1 DAGs
[2023-12-20T22:56:33.967+0000] {logging_mixin.py:188} INFO - [2023-12-20T22:56:33.967+0000] {dag.py:3820} INFO - Setting next_dagrun for tutorial to 2023-12-19T00:00:00+00:00, run_after=2023-12-20T00:00:00+00:00
[2023-12-20T22:56:34.010+0000] {processor.py:183} INFO - Processing /home/airflow/.local/lib/python3.8/site-packages/airflow/example_dags/tutorial.py took 1.439 seconds
[2023-12-20T22:57:06.994+0000] {processor.py:161} INFO - Started process (PID=1975) to work on /home/airflow/.local/lib/python3.8/site-packages/airflow/example_dags/tutorial.py
[2023-12-20T22:57:07.008+0000] {processor.py:830} INFO - Processing file /home/airflow/.local/lib/python3.8/site-packages/airflow/example_dags/tutorial.py for tasks to queue
[2023-12-20T22:57:07.048+0000] {logging_mixin.py:188} INFO - [2023-12-20T22:57:07.045+0000] {dagbag.py:538} INFO - Filling up the DagBag from /home/airflow/.local/lib/python3.8/site-packages/airflow/example_dags/tutorial.py
[2023-12-20T22:57:07.139+0000] {processor.py:840} INFO - DAG(s) 'tutorial' retrieved from /home/airflow/.local/lib/python3.8/site-packages/airflow/example_dags/tutorial.py
[2023-12-20T22:57:07.340+0000] {logging_mixin.py:188} INFO - [2023-12-20T22:57:07.340+0000] {dag.py:3033} INFO - Sync 1 DAGs
[2023-12-20T22:57:10.229+0000] {logging_mixin.py:188} INFO - [2023-12-20T22:57:10.229+0000] {dag.py:3820} INFO - Setting next_dagrun for tutorial to 2023-12-19T00:00:00+00:00, run_after=2023-12-20T00:00:00+00:00
[2023-12-20T22:57:10.383+0000] {processor.py:183} INFO - Processing /home/airflow/.local/lib/python3.8/site-packages/airflow/example_dags/tutorial.py took 3.415 seconds
[2023-12-20T22:59:47.466+0000] {processor.py:161} INFO - Started process (PID=2049) to work on /home/airflow/.local/lib/python3.8/site-packages/airflow/example_dags/tutorial.py
[2023-12-20T22:59:47.510+0000] {processor.py:830} INFO - Processing file /home/airflow/.local/lib/python3.8/site-packages/airflow/example_dags/tutorial.py for tasks to queue
[2023-12-20T22:59:47.757+0000] {logging_mixin.py:188} INFO - [2023-12-20T22:59:47.740+0000] {dagbag.py:538} INFO - Filling up the DagBag from /home/airflow/.local/lib/python3.8/site-packages/airflow/example_dags/tutorial.py
[2023-12-20T22:59:47.974+0000] {processor.py:840} INFO - DAG(s) 'tutorial' retrieved from /home/airflow/.local/lib/python3.8/site-packages/airflow/example_dags/tutorial.py
[2023-12-20T22:59:48.238+0000] {logging_mixin.py:188} INFO - [2023-12-20T22:59:48.229+0000] {dag.py:3033} INFO - Sync 1 DAGs
[2023-12-20T22:59:48.501+0000] {logging_mixin.py:188} INFO - [2023-12-20T22:59:48.500+0000] {dag.py:3820} INFO - Setting next_dagrun for tutorial to 2023-12-19T00:00:00+00:00, run_after=2023-12-20T00:00:00+00:00
[2023-12-20T22:59:48.598+0000] {processor.py:183} INFO - Processing /home/airflow/.local/lib/python3.8/site-packages/airflow/example_dags/tutorial.py took 1.285 seconds
[2023-12-20T23:00:34.416+0000] {processor.py:161} INFO - Started process (PID=2095) to work on /home/airflow/.local/lib/python3.8/site-packages/airflow/example_dags/tutorial.py
[2023-12-20T23:00:34.436+0000] {processor.py:830} INFO - Processing file /home/airflow/.local/lib/python3.8/site-packages/airflow/example_dags/tutorial.py for tasks to queue
[2023-12-20T23:00:34.457+0000] {logging_mixin.py:188} INFO - [2023-12-20T23:00:34.456+0000] {dagbag.py:538} INFO - Filling up the DagBag from /home/airflow/.local/lib/python3.8/site-packages/airflow/example_dags/tutorial.py
[2023-12-20T23:00:34.517+0000] {processor.py:840} INFO - DAG(s) 'tutorial' retrieved from /home/airflow/.local/lib/python3.8/site-packages/airflow/example_dags/tutorial.py
[2023-12-20T23:00:34.732+0000] {logging_mixin.py:188} INFO - [2023-12-20T23:00:34.730+0000] {dag.py:3033} INFO - Sync 1 DAGs
[2023-12-20T23:00:36.724+0000] {logging_mixin.py:188} INFO - [2023-12-20T23:00:36.723+0000] {dag.py:3820} INFO - Setting next_dagrun for tutorial to 2023-12-19T00:00:00+00:00, run_after=2023-12-20T00:00:00+00:00
[2023-12-20T23:00:36.850+0000] {processor.py:183} INFO - Processing /home/airflow/.local/lib/python3.8/site-packages/airflow/example_dags/tutorial.py took 2.443 seconds
[2023-12-20T23:01:31.765+0000] {processor.py:161} INFO - Started process (PID=2152) to work on /home/airflow/.local/lib/python3.8/site-packages/airflow/example_dags/tutorial.py
[2023-12-20T23:01:31.781+0000] {processor.py:830} INFO - Processing file /home/airflow/.local/lib/python3.8/site-packages/airflow/example_dags/tutorial.py for tasks to queue
[2023-12-20T23:01:31.869+0000] {logging_mixin.py:188} INFO - [2023-12-20T23:01:31.865+0000] {dagbag.py:538} INFO - Filling up the DagBag from /home/airflow/.local/lib/python3.8/site-packages/airflow/example_dags/tutorial.py
[2023-12-20T23:01:31.936+0000] {processor.py:840} INFO - DAG(s) 'tutorial' retrieved from /home/airflow/.local/lib/python3.8/site-packages/airflow/example_dags/tutorial.py
[2023-12-20T23:01:32.102+0000] {logging_mixin.py:188} INFO - [2023-12-20T23:01:32.101+0000] {dag.py:3033} INFO - Sync 1 DAGs
[2023-12-20T23:01:32.307+0000] {logging_mixin.py:188} INFO - [2023-12-20T23:01:32.306+0000] {dag.py:3820} INFO - Setting next_dagrun for tutorial to 2023-12-19T00:00:00+00:00, run_after=2023-12-20T00:00:00+00:00
[2023-12-20T23:01:32.400+0000] {processor.py:183} INFO - Processing /home/airflow/.local/lib/python3.8/site-packages/airflow/example_dags/tutorial.py took 0.666 seconds
[2023-12-20T23:02:10.730+0000] {processor.py:161} INFO - Started process (PID=2182) to work on /home/airflow/.local/lib/python3.8/site-packages/airflow/example_dags/tutorial.py
[2023-12-20T23:02:10.736+0000] {processor.py:830} INFO - Processing file /home/airflow/.local/lib/python3.8/site-packages/airflow/example_dags/tutorial.py for tasks to queue
[2023-12-20T23:02:10.759+0000] {logging_mixin.py:188} INFO - [2023-12-20T23:02:10.757+0000] {dagbag.py:538} INFO - Filling up the DagBag from /home/airflow/.local/lib/python3.8/site-packages/airflow/example_dags/tutorial.py
[2023-12-20T23:02:10.840+0000] {processor.py:840} INFO - DAG(s) 'tutorial' retrieved from /home/airflow/.local/lib/python3.8/site-packages/airflow/example_dags/tutorial.py
[2023-12-20T23:02:11.083+0000] {logging_mixin.py:188} INFO - [2023-12-20T23:02:11.082+0000] {dag.py:3033} INFO - Sync 1 DAGs
[2023-12-20T23:02:12.069+0000] {logging_mixin.py:188} INFO - [2023-12-20T23:02:12.068+0000] {dag.py:3820} INFO - Setting next_dagrun for tutorial to 2023-12-19T00:00:00+00:00, run_after=2023-12-20T00:00:00+00:00
[2023-12-20T23:02:12.113+0000] {processor.py:183} INFO - Processing /home/airflow/.local/lib/python3.8/site-packages/airflow/example_dags/tutorial.py took 1.405 seconds
[2023-12-20T23:02:51.777+0000] {processor.py:161} INFO - Started process (PID=2222) to work on /home/airflow/.local/lib/python3.8/site-packages/airflow/example_dags/tutorial.py
[2023-12-20T23:02:51.792+0000] {processor.py:830} INFO - Processing file /home/airflow/.local/lib/python3.8/site-packages/airflow/example_dags/tutorial.py for tasks to queue
[2023-12-20T23:02:51.819+0000] {logging_mixin.py:188} INFO - [2023-12-20T23:02:51.818+0000] {dagbag.py:538} INFO - Filling up the DagBag from /home/airflow/.local/lib/python3.8/site-packages/airflow/example_dags/tutorial.py
[2023-12-20T23:02:51.916+0000] {processor.py:840} INFO - DAG(s) 'tutorial' retrieved from /home/airflow/.local/lib/python3.8/site-packages/airflow/example_dags/tutorial.py
[2023-12-20T23:02:52.138+0000] {logging_mixin.py:188} INFO - [2023-12-20T23:02:52.133+0000] {dag.py:3033} INFO - Sync 1 DAGs
[2023-12-20T23:02:52.556+0000] {logging_mixin.py:188} INFO - [2023-12-20T23:02:52.528+0000] {dag.py:3820} INFO - Setting next_dagrun for tutorial to 2023-12-19T00:00:00+00:00, run_after=2023-12-20T00:00:00+00:00
[2023-12-20T23:02:52.816+0000] {processor.py:183} INFO - Processing /home/airflow/.local/lib/python3.8/site-packages/airflow/example_dags/tutorial.py took 1.127 seconds
[2023-12-20T23:03:29.711+0000] {processor.py:161} INFO - Started process (PID=2273) to work on /home/airflow/.local/lib/python3.8/site-packages/airflow/example_dags/tutorial.py
[2023-12-20T23:03:29.725+0000] {processor.py:830} INFO - Processing file /home/airflow/.local/lib/python3.8/site-packages/airflow/example_dags/tutorial.py for tasks to queue
[2023-12-20T23:03:29.765+0000] {logging_mixin.py:188} INFO - [2023-12-20T23:03:29.763+0000] {dagbag.py:538} INFO - Filling up the DagBag from /home/airflow/.local/lib/python3.8/site-packages/airflow/example_dags/tutorial.py
[2023-12-20T23:03:29.825+0000] {processor.py:840} INFO - DAG(s) 'tutorial' retrieved from /home/airflow/.local/lib/python3.8/site-packages/airflow/example_dags/tutorial.py
[2023-12-20T23:03:30.093+0000] {logging_mixin.py:188} INFO - [2023-12-20T23:03:30.092+0000] {dag.py:3033} INFO - Sync 1 DAGs
[2023-12-20T23:03:30.310+0000] {logging_mixin.py:188} INFO - [2023-12-20T23:03:30.309+0000] {dag.py:3820} INFO - Setting next_dagrun for tutorial to 2023-12-19T00:00:00+00:00, run_after=2023-12-20T00:00:00+00:00
[2023-12-20T23:03:30.500+0000] {processor.py:183} INFO - Processing /home/airflow/.local/lib/python3.8/site-packages/airflow/example_dags/tutorial.py took 0.826 seconds
[2023-12-20T23:04:45.826+0000] {processor.py:161} INFO - Started process (PID=2301) to work on /home/airflow/.local/lib/python3.8/site-packages/airflow/example_dags/tutorial.py
[2023-12-20T23:04:45.866+0000] {processor.py:830} INFO - Processing file /home/airflow/.local/lib/python3.8/site-packages/airflow/example_dags/tutorial.py for tasks to queue
[2023-12-20T23:04:45.968+0000] {logging_mixin.py:188} INFO - [2023-12-20T23:04:45.956+0000] {dagbag.py:538} INFO - Filling up the DagBag from /home/airflow/.local/lib/python3.8/site-packages/airflow/example_dags/tutorial.py
[2023-12-20T23:04:46.318+0000] {processor.py:840} INFO - DAG(s) 'tutorial' retrieved from /home/airflow/.local/lib/python3.8/site-packages/airflow/example_dags/tutorial.py
[2023-12-20T23:04:47.360+0000] {logging_mixin.py:188} INFO - [2023-12-20T23:04:47.257+0000] {dag.py:3033} INFO - Sync 1 DAGs
[2023-12-20T23:05:13.655+0000] {logging_mixin.py:188} INFO - [2023-12-20T23:05:13.638+0000] {dag.py:3820} INFO - Setting next_dagrun for tutorial to 2023-12-19T00:00:00+00:00, run_after=2023-12-20T00:00:00+00:00
[2023-12-20T23:05:15.020+0000] {processor.py:183} INFO - Processing /home/airflow/.local/lib/python3.8/site-packages/airflow/example_dags/tutorial.py took 28.687 seconds
