[2023-12-20T22:53:09.139+0000] {processor.py:161} INFO - Started process (PID=1646) to work on /opt/airflow/dags/util_dag_bash/bash_dag.py
[2023-12-20T22:53:09.140+0000] {processor.py:830} INFO - Processing file /opt/airflow/dags/util_dag_bash/bash_dag.py for tasks to queue
[2023-12-20T22:53:09.142+0000] {logging_mixin.py:188} INFO - [2023-12-20T22:53:09.142+0000] {dagbag.py:538} INFO - Filling up the DagBag from /opt/airflow/dags/util_dag_bash/bash_dag.py
[2023-12-20T22:53:09.158+0000] {processor.py:840} INFO - DAG(s) 'bash_dag' retrieved from /opt/airflow/dags/util_dag_bash/bash_dag.py
[2023-12-20T22:53:09.246+0000] {logging_mixin.py:188} INFO - [2023-12-20T22:53:09.245+0000] {override.py:1769} INFO - Created Permission View: can delete on DAG:bash_dag
[2023-12-20T22:53:09.252+0000] {logging_mixin.py:188} INFO - [2023-12-20T22:53:09.252+0000] {override.py:1769} INFO - Created Permission View: can edit on DAG:bash_dag
[2023-12-20T22:53:09.256+0000] {logging_mixin.py:188} INFO - [2023-12-20T22:53:09.256+0000] {override.py:1769} INFO - Created Permission View: can read on DAG:bash_dag
[2023-12-20T22:53:09.257+0000] {logging_mixin.py:188} INFO - [2023-12-20T22:53:09.257+0000] {dag.py:3033} INFO - Sync 1 DAGs
[2023-12-20T22:53:09.266+0000] {logging_mixin.py:188} INFO - [2023-12-20T22:53:09.265+0000] {dag.py:3055} INFO - Creating ORM DAG for bash_dag
[2023-12-20T22:53:09.396+0000] {logging_mixin.py:188} INFO - [2023-12-20T22:53:09.396+0000] {dag.py:3820} INFO - Setting next_dagrun for bash_dag to 2020-10-01T00:00:00+00:00, run_after=2020-10-02T00:00:00+00:00
[2023-12-20T22:53:09.407+0000] {processor.py:183} INFO - Processing /opt/airflow/dags/util_dag_bash/bash_dag.py took 0.273 seconds
[2023-12-20T22:53:39.687+0000] {processor.py:161} INFO - Started process (PID=1702) to work on /opt/airflow/dags/util_dag_bash/bash_dag.py
[2023-12-20T22:53:39.688+0000] {processor.py:830} INFO - Processing file /opt/airflow/dags/util_dag_bash/bash_dag.py for tasks to queue
[2023-12-20T22:53:39.692+0000] {logging_mixin.py:188} INFO - [2023-12-20T22:53:39.691+0000] {dagbag.py:538} INFO - Filling up the DagBag from /opt/airflow/dags/util_dag_bash/bash_dag.py
[2023-12-20T22:53:39.707+0000] {processor.py:840} INFO - DAG(s) 'bash_dag' retrieved from /opt/airflow/dags/util_dag_bash/bash_dag.py
[2023-12-20T22:53:39.728+0000] {logging_mixin.py:188} INFO - [2023-12-20T22:53:39.728+0000] {dag.py:3033} INFO - Sync 1 DAGs
[2023-12-20T22:53:39.748+0000] {logging_mixin.py:188} INFO - [2023-12-20T22:53:39.748+0000] {dag.py:3820} INFO - Setting next_dagrun for bash_dag to 2020-10-01T00:00:00+00:00, run_after=2020-10-02T00:00:00+00:00
[2023-12-20T22:53:39.890+0000] {processor.py:183} INFO - Processing /opt/airflow/dags/util_dag_bash/bash_dag.py took 0.208 seconds
[2023-12-20T22:54:11.510+0000] {processor.py:161} INFO - Started process (PID=1758) to work on /opt/airflow/dags/util_dag_bash/bash_dag.py
[2023-12-20T22:54:11.518+0000] {processor.py:830} INFO - Processing file /opt/airflow/dags/util_dag_bash/bash_dag.py for tasks to queue
[2023-12-20T22:54:11.531+0000] {logging_mixin.py:188} INFO - [2023-12-20T22:54:11.530+0000] {dagbag.py:538} INFO - Filling up the DagBag from /opt/airflow/dags/util_dag_bash/bash_dag.py
[2023-12-20T22:54:11.579+0000] {processor.py:840} INFO - DAG(s) 'bash_dag' retrieved from /opt/airflow/dags/util_dag_bash/bash_dag.py
[2023-12-20T22:54:11.834+0000] {logging_mixin.py:188} INFO - [2023-12-20T22:54:11.833+0000] {dag.py:3033} INFO - Sync 1 DAGs
[2023-12-20T22:54:13.737+0000] {processor.py:183} INFO - Processing /opt/airflow/dags/util_dag_bash/bash_dag.py took 2.245 seconds
[2023-12-20T22:55:13.718+0000] {processor.py:161} INFO - Started process (PID=1818) to work on /opt/airflow/dags/util_dag_bash/bash_dag.py
[2023-12-20T22:55:13.721+0000] {processor.py:830} INFO - Processing file /opt/airflow/dags/util_dag_bash/bash_dag.py for tasks to queue
[2023-12-20T22:55:13.727+0000] {logging_mixin.py:188} INFO - [2023-12-20T22:55:13.726+0000] {dagbag.py:538} INFO - Filling up the DagBag from /opt/airflow/dags/util_dag_bash/bash_dag.py
[2023-12-20T22:55:13.824+0000] {processor.py:840} INFO - DAG(s) 'bash_dag' retrieved from /opt/airflow/dags/util_dag_bash/bash_dag.py
[2023-12-20T22:55:14.052+0000] {logging_mixin.py:188} INFO - [2023-12-20T22:55:14.051+0000] {dag.py:3033} INFO - Sync 1 DAGs
[2023-12-20T22:55:14.648+0000] {processor.py:183} INFO - Processing /opt/airflow/dags/util_dag_bash/bash_dag.py took 0.943 seconds
[2023-12-20T22:55:53.676+0000] {processor.py:161} INFO - Started process (PID=1849) to work on /opt/airflow/dags/util_dag_bash/bash_dag.py
[2023-12-20T22:55:53.703+0000] {processor.py:830} INFO - Processing file /opt/airflow/dags/util_dag_bash/bash_dag.py for tasks to queue
[2023-12-20T22:55:53.717+0000] {logging_mixin.py:188} INFO - [2023-12-20T22:55:53.717+0000] {dagbag.py:538} INFO - Filling up the DagBag from /opt/airflow/dags/util_dag_bash/bash_dag.py
[2023-12-20T22:55:53.769+0000] {processor.py:840} INFO - DAG(s) 'bash_dag' retrieved from /opt/airflow/dags/util_dag_bash/bash_dag.py
[2023-12-20T22:55:53.897+0000] {logging_mixin.py:188} INFO - [2023-12-20T22:55:53.896+0000] {dag.py:3033} INFO - Sync 1 DAGs
[2023-12-20T22:55:54.064+0000] {processor.py:183} INFO - Processing /opt/airflow/dags/util_dag_bash/bash_dag.py took 0.443 seconds
[2023-12-20T22:56:27.158+0000] {processor.py:161} INFO - Started process (PID=1917) to work on /opt/airflow/dags/util_dag_bash/bash_dag.py
[2023-12-20T22:56:27.169+0000] {processor.py:830} INFO - Processing file /opt/airflow/dags/util_dag_bash/bash_dag.py for tasks to queue
[2023-12-20T22:56:27.189+0000] {logging_mixin.py:188} INFO - [2023-12-20T22:56:27.181+0000] {dagbag.py:538} INFO - Filling up the DagBag from /opt/airflow/dags/util_dag_bash/bash_dag.py
[2023-12-20T22:56:27.285+0000] {processor.py:840} INFO - DAG(s) 'bash_dag' retrieved from /opt/airflow/dags/util_dag_bash/bash_dag.py
[2023-12-20T22:56:27.568+0000] {logging_mixin.py:188} INFO - [2023-12-20T22:56:27.563+0000] {dag.py:3033} INFO - Sync 1 DAGs
[2023-12-20T22:56:31.186+0000] {processor.py:183} INFO - Processing /opt/airflow/dags/util_dag_bash/bash_dag.py took 4.108 seconds
[2023-12-20T22:57:04.479+0000] {processor.py:161} INFO - Started process (PID=1973) to work on /opt/airflow/dags/util_dag_bash/bash_dag.py
[2023-12-20T22:57:04.483+0000] {processor.py:830} INFO - Processing file /opt/airflow/dags/util_dag_bash/bash_dag.py for tasks to queue
[2023-12-20T22:57:04.498+0000] {logging_mixin.py:188} INFO - [2023-12-20T22:57:04.497+0000] {dagbag.py:538} INFO - Filling up the DagBag from /opt/airflow/dags/util_dag_bash/bash_dag.py
[2023-12-20T22:57:04.582+0000] {processor.py:840} INFO - DAG(s) 'bash_dag' retrieved from /opt/airflow/dags/util_dag_bash/bash_dag.py
[2023-12-20T22:57:04.804+0000] {logging_mixin.py:188} INFO - [2023-12-20T22:57:04.804+0000] {dag.py:3033} INFO - Sync 1 DAGs
[2023-12-20T22:57:06.663+0000] {processor.py:183} INFO - Processing /opt/airflow/dags/util_dag_bash/bash_dag.py took 2.231 seconds
[2023-12-20T22:59:16.209+0000] {processor.py:161} INFO - Started process (PID=2046) to work on /opt/airflow/dags/util_dag_bash/bash_dag.py
[2023-12-20T22:59:16.249+0000] {processor.py:830} INFO - Processing file /opt/airflow/dags/util_dag_bash/bash_dag.py for tasks to queue
[2023-12-20T22:59:16.341+0000] {logging_mixin.py:188} INFO - [2023-12-20T22:59:16.329+0000] {dagbag.py:538} INFO - Filling up the DagBag from /opt/airflow/dags/util_dag_bash/bash_dag.py
[2023-12-20T22:59:16.683+0000] {processor.py:840} INFO - DAG(s) 'bash_dag' retrieved from /opt/airflow/dags/util_dag_bash/bash_dag.py
[2023-12-20T22:59:21.151+0000] {logging_mixin.py:188} INFO - [2023-12-20T22:59:21.137+0000] {dag.py:3033} INFO - Sync 1 DAGs
[2023-12-20T22:59:21.532+0000] {processor.py:183} INFO - Processing /opt/airflow/dags/util_dag_bash/bash_dag.py took 5.385 seconds
[2023-12-20T22:59:59.010+0000] {processor.py:161} INFO - Started process (PID=2069) to work on /opt/airflow/dags/util_dag_bash/bash_dag.py
[2023-12-20T22:59:59.017+0000] {processor.py:830} INFO - Processing file /opt/airflow/dags/util_dag_bash/bash_dag.py for tasks to queue
[2023-12-20T22:59:59.041+0000] {logging_mixin.py:188} INFO - [2023-12-20T22:59:59.040+0000] {dagbag.py:538} INFO - Filling up the DagBag from /opt/airflow/dags/util_dag_bash/bash_dag.py
[2023-12-20T22:59:59.125+0000] {processor.py:840} INFO - DAG(s) 'bash_dag' retrieved from /opt/airflow/dags/util_dag_bash/bash_dag.py
[2023-12-20T22:59:59.343+0000] {logging_mixin.py:188} INFO - [2023-12-20T22:59:59.342+0000] {taskinstance.py:2701} ERROR - {'DAG Id': 'bash_dag', 'Task Id': 'sleep', 'Run Id': 'scheduled__2020-10-05T00:00:00+00:00', 'Hostname': 'c59568205018', 'External Executor Id': 'e32761d6-a377-468f-9627-2870577538d0'}
[2023-12-20T22:59:59.446+0000] {logging_mixin.py:188} INFO - [2023-12-20T22:59:59.445+0000] {taskinstance.py:1138} INFO - Marking task as UP_FOR_RETRY. dag_id=bash_dag, task_id=sleep, execution_date=20201005T000000, start_date=20231220T225900, end_date=20231220T225959
[2023-12-20T22:59:59.487+0000] {processor.py:791} INFO - Executed failure callback for <TaskInstance: bash_dag.sleep scheduled__2020-10-05T00:00:00+00:00 [up_for_retry]> in state up_for_retry
[2023-12-20T22:59:59.563+0000] {logging_mixin.py:188} INFO - [2023-12-20T22:59:59.562+0000] {dag.py:3033} INFO - Sync 1 DAGs
[2023-12-20T23:00:03.533+0000] {processor.py:183} INFO - Processing /opt/airflow/dags/util_dag_bash/bash_dag.py took 4.723 seconds
[2023-12-20T23:01:29.368+0000] {processor.py:161} INFO - Started process (PID=2149) to work on /opt/airflow/dags/util_dag_bash/bash_dag.py
[2023-12-20T23:01:29.379+0000] {processor.py:830} INFO - Processing file /opt/airflow/dags/util_dag_bash/bash_dag.py for tasks to queue
[2023-12-20T23:01:29.399+0000] {logging_mixin.py:188} INFO - [2023-12-20T23:01:29.398+0000] {dagbag.py:538} INFO - Filling up the DagBag from /opt/airflow/dags/util_dag_bash/bash_dag.py
[2023-12-20T23:01:29.529+0000] {processor.py:840} INFO - DAG(s) 'bash_dag' retrieved from /opt/airflow/dags/util_dag_bash/bash_dag.py
[2023-12-20T23:01:29.660+0000] {logging_mixin.py:188} INFO - [2023-12-20T23:01:29.657+0000] {dag.py:3033} INFO - Sync 1 DAGs
[2023-12-20T23:01:30.116+0000] {processor.py:183} INFO - Processing /opt/airflow/dags/util_dag_bash/bash_dag.py took 0.798 seconds
[2023-12-20T23:02:08.217+0000] {processor.py:161} INFO - Started process (PID=2180) to work on /opt/airflow/dags/util_dag_bash/bash_dag.py
[2023-12-20T23:02:08.225+0000] {processor.py:830} INFO - Processing file /opt/airflow/dags/util_dag_bash/bash_dag.py for tasks to queue
[2023-12-20T23:02:08.240+0000] {logging_mixin.py:188} INFO - [2023-12-20T23:02:08.238+0000] {dagbag.py:538} INFO - Filling up the DagBag from /opt/airflow/dags/util_dag_bash/bash_dag.py
[2023-12-20T23:02:08.288+0000] {processor.py:840} INFO - DAG(s) 'bash_dag' retrieved from /opt/airflow/dags/util_dag_bash/bash_dag.py
[2023-12-20T23:02:08.427+0000] {logging_mixin.py:188} INFO - [2023-12-20T23:02:08.425+0000] {dag.py:3033} INFO - Sync 1 DAGs
[2023-12-20T23:02:10.313+0000] {processor.py:183} INFO - Processing /opt/airflow/dags/util_dag_bash/bash_dag.py took 2.139 seconds
[2023-12-20T23:02:48.841+0000] {processor.py:161} INFO - Started process (PID=2220) to work on /opt/airflow/dags/util_dag_bash/bash_dag.py
[2023-12-20T23:02:48.847+0000] {processor.py:830} INFO - Processing file /opt/airflow/dags/util_dag_bash/bash_dag.py for tasks to queue
[2023-12-20T23:02:48.876+0000] {logging_mixin.py:188} INFO - [2023-12-20T23:02:48.872+0000] {dagbag.py:538} INFO - Filling up the DagBag from /opt/airflow/dags/util_dag_bash/bash_dag.py
[2023-12-20T23:02:48.966+0000] {processor.py:840} INFO - DAG(s) 'bash_dag' retrieved from /opt/airflow/dags/util_dag_bash/bash_dag.py
[2023-12-20T23:02:49.215+0000] {logging_mixin.py:188} INFO - [2023-12-20T23:02:49.214+0000] {dag.py:3033} INFO - Sync 1 DAGs
[2023-12-20T23:02:50.049+0000] {processor.py:183} INFO - Processing /opt/airflow/dags/util_dag_bash/bash_dag.py took 1.229 seconds
[2023-12-20T23:03:28.907+0000] {processor.py:161} INFO - Started process (PID=2271) to work on /opt/airflow/dags/util_dag_bash/bash_dag.py
[2023-12-20T23:03:28.920+0000] {processor.py:830} INFO - Processing file /opt/airflow/dags/util_dag_bash/bash_dag.py for tasks to queue
[2023-12-20T23:03:28.946+0000] {logging_mixin.py:188} INFO - [2023-12-20T23:03:28.944+0000] {dagbag.py:538} INFO - Filling up the DagBag from /opt/airflow/dags/util_dag_bash/bash_dag.py
[2023-12-20T23:03:29.130+0000] {processor.py:840} INFO - DAG(s) 'bash_dag' retrieved from /opt/airflow/dags/util_dag_bash/bash_dag.py
[2023-12-20T23:03:29.284+0000] {logging_mixin.py:188} INFO - [2023-12-20T23:03:29.283+0000] {dag.py:3033} INFO - Sync 1 DAGs
[2023-12-20T23:03:29.492+0000] {processor.py:183} INFO - Processing /opt/airflow/dags/util_dag_bash/bash_dag.py took 0.613 seconds
[2023-12-20T23:04:20.432+0000] {processor.py:161} INFO - Started process (PID=2298) to work on /opt/airflow/dags/util_dag_bash/bash_dag.py
[2023-12-20T23:04:20.479+0000] {processor.py:830} INFO - Processing file /opt/airflow/dags/util_dag_bash/bash_dag.py for tasks to queue
[2023-12-20T23:04:20.663+0000] {logging_mixin.py:188} INFO - [2023-12-20T23:04:20.654+0000] {dagbag.py:538} INFO - Filling up the DagBag from /opt/airflow/dags/util_dag_bash/bash_dag.py
[2023-12-20T23:04:21.075+0000] {processor.py:840} INFO - DAG(s) 'bash_dag' retrieved from /opt/airflow/dags/util_dag_bash/bash_dag.py
[2023-12-20T23:04:23.024+0000] {logging_mixin.py:188} INFO - [2023-12-20T23:04:23.012+0000] {dag.py:3033} INFO - Sync 1 DAGs
[2023-12-20T23:04:24.165+0000] {processor.py:183} INFO - Processing /opt/airflow/dags/util_dag_bash/bash_dag.py took 3.890 seconds
[2023-12-20T23:05:54.940+0000] {processor.py:161} INFO - Started process (PID=2327) to work on /opt/airflow/dags/util_dag_bash/bash_dag.py
[2023-12-20T23:05:55.004+0000] {processor.py:830} INFO - Processing file /opt/airflow/dags/util_dag_bash/bash_dag.py for tasks to queue
[2023-12-20T23:05:55.072+0000] {logging_mixin.py:188} INFO - [2023-12-20T23:05:55.066+0000] {dagbag.py:538} INFO - Filling up the DagBag from /opt/airflow/dags/util_dag_bash/bash_dag.py
[2023-12-20T23:05:55.511+0000] {processor.py:840} INFO - DAG(s) 'bash_dag' retrieved from /opt/airflow/dags/util_dag_bash/bash_dag.py
[2023-12-20T23:05:56.089+0000] {logging_mixin.py:188} INFO - [2023-12-20T23:05:56.088+0000] {taskinstance.py:2701} ERROR - {'DAG Id': 'bash_dag', 'Task Id': 'print_hello', 'Run Id': 'scheduled__2020-10-13T00:00:00+00:00', 'Hostname': 'c59568205018', 'External Executor Id': 'b93b8716-21db-453e-8173-ceb0757978b1'}
[2023-12-20T23:05:56.672+0000] {logging_mixin.py:188} INFO - [2023-12-20T23:05:56.670+0000] {taskinstance.py:1138} INFO - Marking task as UP_FOR_RETRY. dag_id=bash_dag, task_id=print_hello, execution_date=20201013T000000, start_date=20231220T230359, end_date=20231220T230556
[2023-12-20T23:05:56.845+0000] {processor.py:791} INFO - Executed failure callback for <TaskInstance: bash_dag.print_hello scheduled__2020-10-13T00:00:00+00:00 [up_for_retry]> in state up_for_retry
[2023-12-20T23:05:57.057+0000] {logging_mixin.py:188} INFO - [2023-12-20T23:05:57.053+0000] {dag.py:3033} INFO - Sync 1 DAGs
[2023-12-20T23:05:59.053+0000] {processor.py:183} INFO - Processing /opt/airflow/dags/util_dag_bash/bash_dag.py took 4.175 seconds
